7.7168	DATA	version A
150.7551	DATA	Keypress: space
161.6452	DATA	Keypress: v
162.7426	DATA	Keypress: v
163.8399	DATA	Keypress: v
164.7520	DATA	Keypress: v
166.0524	DATA	Keypress: v
169.2938	DATA	Keypress: t
169.3269	DATA	earn t
175.0681	DATA	Keypress: t
175.6761	DATA	Keypress: t
176.5030	DATA	Keypress: t
177.1105	DATA	earn t
177.4486	DATA	Keypress: v
178.6812	DATA	Keypress: v
179.1711	DATA	Keypress: v
179.6437	DATA	Keypress: v
180.1669	DATA	Keypress: t
180.5734	DATA	Keypress: t
180.9941	DATA	Keypress: t
181.6696	DATA	Keypress: t
182.1764	DATA	Keypress: t
182.6487	DATA	Keypress: v
183.0203	DATA	Keypress: v
183.3071	DATA	Keypress: v
183.9997	DATA	Keypress: t
184.2017	DATA	earn t
184.3482	DATA	Keypress: t
185.2322	DATA	Keypress: t
185.6881	DATA	Keypress: t
186.0426	DATA	Keypress: t
186.2277	DATA	earn t
186.4477	DATA	Keypress: t
186.8868	DATA	Keypress: t
187.2581	DATA	Keypress: t
187.5452	DATA	Keypress: t
187.8322	DATA	Keypress: t
188.1022	DATA	Keypress: t
188.3727	DATA	Keypress: t
188.6260	DATA	Keypress: t
189.0137	DATA	Keypress: t
189.2668	DATA	earn t
189.4089	DATA	Keypress: v
189.6049	DATA	Keypress: v
190.0271	DATA	Keypress: v
190.2972	DATA	Keypress: v
190.6853	DATA	Keypress: v
190.9898	DATA	Keypress: v
191.2261	DATA	Keypress: v
191.4622	DATA	Keypress: v
191.6819	DATA	Keypress: v
191.9010	DATA	Keypress: v
192.2391	DATA	Keypress: t
192.3060	DATA	earn t
192.4518	DATA	Keypress: t
192.5935	DATA	Keypress: t
192.7793	DATA	Keypress: t
192.9654	DATA	Keypress: t
193.1675	DATA	Keypress: t
193.3533	DATA	Keypress: t
193.5559	DATA	Keypress: t
193.7754	DATA	Keypress: t
193.9948	DATA	Keypress: t
194.1639	DATA	Keypress: t
194.3492	DATA	Keypress: t
194.5351	DATA	Keypress: t
194.7040	DATA	Keypress: t
194.9069	DATA	Keypress: t
195.0924	DATA	Keypress: t
195.2610	DATA	Keypress: t
195.3450	DATA	earn t
195.4895	DATA	Keypress: t
195.6494	DATA	Keypress: t
196.0716	DATA	Keypress: t
196.2742	DATA	Keypress: t
196.4600	DATA	Keypress: t
196.6290	DATA	Keypress: t
196.8143	DATA	Keypress: t
197.0000	DATA	Keypress: t
197.1690	DATA	Keypress: t
197.3545	DATA	Keypress: t
197.5405	DATA	Keypress: t
197.7260	DATA	Keypress: t
197.9121	DATA	Keypress: t
198.0977	DATA	Keypress: t
198.2833	DATA	Keypress: t
198.4689	DATA	Keypress: t
198.6719	DATA	Keypress: t
198.8744	DATA	Keypress: t
199.0769	DATA	Keypress: t
199.3971	DATA	earn t
199.6848	DATA	Keypress: v
200.3096	DATA	Keypress: t
200.7486	DATA	Keypress: t
201.1703	DATA	Keypress: t
201.4232	DATA	earn t
201.5687	DATA	Keypress: t
202.2686	DATA	Keypress: t
202.7914	DATA	Keypress: t
203.1797	DATA	Keypress: t
203.5851	DATA	Keypress: t
203.9058	DATA	Keypress: t
204.2770	DATA	Keypress: t
204.4795	DATA	Keypress: t
204.7161	DATA	Keypress: v
204.9354	DATA	Keypress: v
205.1213	DATA	Keypress: v
205.2901	DATA	Keypress: v
205.5602	DATA	Keypress: t
205.7628	DATA	Keypress: t
205.9320	DATA	Keypress: t
206.1009	DATA	Keypress: t
206.2693	DATA	Keypress: t
206.4551	DATA	Keypress: t
206.9953	DATA	Keypress: t
207.3503	DATA	Keypress: t
207.5014	DATA	earn t
207.7553	DATA	Keypress: t
207.9915	DATA	Keypress: t
208.4475	DATA	Keypress: t
208.7007	DATA	Keypress: t
208.9370	DATA	Keypress: t
209.1732	DATA	Keypress: t
209.4434	DATA	Keypress: t
209.6969	DATA	Keypress: t
209.9165	DATA	Keypress: t
210.1694	DATA	Keypress: t
210.4400	DATA	Keypress: t
210.6761	DATA	Keypress: t
210.9292	DATA	Keypress: t
211.5031	DATA	Keypress: t
211.5533	DATA	earn t
212.3643	DATA	Keypress: t
212.7584	DATA	start rating L
212.7947	DATA	Keypress: t
219.4130	DATA	Keypress: v
226.7078	DATA	Keypress: v
232.5583	DATA	5.0
232.5583	DATA	end rating L
232.7577	DATA	start rating R
239.6063	DATA	Keypress: t
241.0621	DATA	Keypress: t
242.5704	DATA	2.0
242.5705	DATA	end rating R
244.7659	DATA	Keypress: v
244.9853	DATA	Keypress: v
245.1876	DATA	Keypress: v
245.3905	DATA	Keypress: v
245.5764	DATA	Keypress: v
245.7452	DATA	Keypress: v
245.7951	DATA	earn v
246.0659	DATA	Keypress: v
246.2856	DATA	Keypress: v
246.6232	DATA	Keypress: v
246.8255	DATA	Keypress: v
247.0111	DATA	Keypress: v
247.2142	DATA	Keypress: v
247.3997	DATA	Keypress: v
247.5684	DATA	Keypress: v
247.7373	DATA	Keypress: v
247.9060	DATA	Keypress: v
248.0580	DATA	Keypress: v
248.2271	DATA	Keypress: v
248.3792	DATA	Keypress: v
248.5816	DATA	Keypress: v
248.7673	DATA	Keypress: v
248.9698	DATA	Keypress: v
249.1388	DATA	Keypress: v
249.3244	DATA	Keypress: v
249.5103	DATA	Keypress: v
249.6960	DATA	Keypress: v
249.8984	DATA	Keypress: t
250.0671	DATA	Keypress: t
250.2529	DATA	Keypress: t
250.4387	DATA	Keypress: t
250.6076	DATA	Keypress: t
250.7934	DATA	Keypress: t
250.9634	DATA	Keypress: t
251.1475	DATA	Keypress: t
251.3336	DATA	Keypress: t
251.5025	DATA	Keypress: t
251.6881	DATA	Keypress: v
251.8738	DATA	Keypress: v
252.0431	DATA	Keypress: v
252.2284	DATA	Keypress: v
252.4144	DATA	Keypress: v
252.6002	DATA	Keypress: v
252.7854	DATA	Keypress: v
252.9713	DATA	Keypress: v
253.1739	DATA	Keypress: v
253.3258	DATA	Keypress: v
253.5285	DATA	Keypress: t
253.7141	DATA	Keypress: t
253.8829	DATA	Keypress: t
254.0686	DATA	Keypress: t
254.2715	DATA	Keypress: t
254.4572	DATA	Keypress: t
254.6271	DATA	Keypress: t
254.7954	DATA	Keypress: t
254.9805	DATA	Keypress: t
255.1663	DATA	Keypress: t
255.3691	DATA	Keypress: v
255.5715	DATA	Keypress: v
255.7572	DATA	Keypress: v
255.9259	DATA	Keypress: v
256.1286	DATA	Keypress: v
256.2977	DATA	Keypress: v
256.4832	DATA	Keypress: v
256.6521	DATA	Keypress: v
256.8209	DATA	Keypress: v
256.9899	DATA	Keypress: v
257.1925	DATA	Keypress: t
257.3781	DATA	Keypress: t
257.5466	DATA	Keypress: t
257.7326	DATA	Keypress: t
257.9011	DATA	Keypress: t
258.0701	DATA	Keypress: t
258.2391	DATA	Keypress: t
258.4080	DATA	Keypress: t
258.6105	DATA	Keypress: v
258.8299	DATA	Keypress: v
259.0156	DATA	Keypress: v
259.2184	DATA	Keypress: v
259.4379	DATA	Keypress: v
259.6235	DATA	Keypress: v
259.8094	DATA	Keypress: v
260.0120	DATA	Keypress: v
260.2146	DATA	Keypress: v
260.4003	DATA	Keypress: v
260.5875	DATA	Keypress: v
260.8561	DATA	Keypress: t
261.0587	DATA	Keypress: t
261.2785	DATA	Keypress: t
261.4976	DATA	Keypress: t
261.7002	DATA	Keypress: t
261.8860	DATA	Keypress: t
262.0887	DATA	Keypress: t
262.2746	DATA	Keypress: t
262.4939	DATA	Keypress: t
262.7136	DATA	Keypress: t
262.9160	DATA	Keypress: t
263.0167	DATA	earn t
263.1614	DATA	Keypress: t
263.3228	DATA	Keypress: t
263.7096	DATA	Keypress: t
263.9294	DATA	Keypress: t
264.1144	DATA	Keypress: t
264.3002	DATA	Keypress: t
264.4861	DATA	Keypress: t
264.7055	DATA	Keypress: t
264.9248	DATA	Keypress: t
265.1445	DATA	Keypress: t
265.3470	DATA	Keypress: t
265.5497	DATA	Keypress: t
265.7694	DATA	Keypress: t
265.9719	DATA	Keypress: t
266.0558	DATA	earn t
266.1994	DATA	Keypress: t
266.3940	DATA	Keypress: t
266.6134	DATA	Keypress: t
266.8167	DATA	Keypress: t
267.0186	DATA	Keypress: t
267.2383	DATA	Keypress: t
267.4577	DATA	Keypress: t
267.6602	DATA	Keypress: t
267.8798	DATA	Keypress: t
268.0819	DATA	earn t
268.2282	DATA	Keypress: t
268.3187	DATA	Keypress: t
268.5216	DATA	Keypress: t
268.7241	DATA	Keypress: t
268.9440	DATA	Keypress: t
269.1463	DATA	Keypress: t
269.3655	DATA	Keypress: t
269.5850	DATA	Keypress: t
269.7876	DATA	Keypress: t
270.0070	DATA	Keypress: t
270.2109	DATA	Keypress: t
270.4462	DATA	Keypress: t
270.6656	DATA	Keypress: t
270.8685	DATA	Keypress: t
271.0711	DATA	Keypress: t
271.2906	DATA	Keypress: t
271.5266	DATA	Keypress: t
271.7466	DATA	Keypress: t
271.9825	DATA	Keypress: t
272.2188	DATA	Keypress: t
272.4384	DATA	Keypress: t
272.6582	DATA	Keypress: t
272.8772	DATA	Keypress: t
273.0970	DATA	Keypress: t
273.3166	DATA	Keypress: t
273.5359	DATA	Keypress: t
273.7553	DATA	Keypress: t
273.9918	DATA	Keypress: t
274.1785	DATA	Keypress: t
274.3631	DATA	Keypress: t
274.5825	DATA	Keypress: t
274.8026	DATA	Keypress: t
275.0216	DATA	Keypress: t
275.2410	DATA	Keypress: t
275.4776	DATA	Keypress: t
275.7146	DATA	Keypress: v
275.9503	DATA	Keypress: v
276.1528	DATA	Keypress: v
276.3384	DATA	Keypress: v
276.5243	DATA	Keypress: v
276.7438	DATA	Keypress: v
276.9462	DATA	Keypress: v
277.1322	DATA	Keypress: v
277.1991	DATA	earn v
277.3854	DATA	Keypress: t
277.6052	DATA	Keypress: t
277.8922	DATA	Keypress: t
278.0947	DATA	Keypress: v
278.2985	DATA	Keypress: v
278.4995	DATA	Keypress: v
278.7024	DATA	Keypress: v
278.9050	DATA	Keypress: v
279.0907	DATA	Keypress: v
279.2252	DATA	earn v
279.3801	DATA	Keypress: v
279.4960	DATA	Keypress: v
279.6984	DATA	Keypress: v
279.9010	DATA	Keypress: v
280.1206	DATA	Keypress: v
280.3400	DATA	Keypress: v
280.5598	DATA	Keypress: v
280.7623	DATA	Keypress: v
280.9817	DATA	Keypress: v
281.1844	DATA	Keypress: v
281.3869	DATA	Keypress: v
281.5895	DATA	Keypress: v
281.7754	DATA	Keypress: v
282.0119	DATA	Keypress: v
282.2142	DATA	Keypress: v
282.2641	DATA	earn v
282.4169	DATA	Keypress: v
282.6027	DATA	Keypress: v
282.8223	DATA	Keypress: v
283.0587	DATA	Keypress: v
283.2804	DATA	Keypress: v
283.4805	DATA	Keypress: v
283.7001	DATA	Keypress: v
283.9025	DATA	Keypress: v
284.1058	DATA	Keypress: v
284.2904	DATA	earn v
284.4461	DATA	Keypress: v
284.5784	DATA	Keypress: v
284.7976	DATA	Keypress: v
285.0170	DATA	Keypress: v
285.2532	DATA	Keypress: v
285.4896	DATA	Keypress: v
285.7092	DATA	Keypress: v
285.9456	DATA	Keypress: v
286.1651	DATA	Keypress: v
286.3844	DATA	Keypress: v
286.6040	DATA	Keypress: v
286.8404	DATA	Keypress: v
287.0432	DATA	Keypress: v
287.2624	DATA	Keypress: v
287.3294	DATA	earn v
287.4822	DATA	Keypress: v
287.7015	DATA	Keypress: v
287.9042	DATA	Keypress: v
288.1069	DATA	Keypress: v
288.3442	DATA	Keypress: v
288.5456	DATA	Keypress: v
288.7480	DATA	Keypress: v
288.9846	DATA	Keypress: v
289.2040	DATA	Keypress: v
289.4237	DATA	Keypress: v
289.6431	DATA	Keypress: v
289.8623	DATA	Keypress: v
290.0659	DATA	Keypress: v
290.3016	DATA	Keypress: v
290.5041	DATA	Keypress: v
290.7235	DATA	Keypress: v
290.9434	DATA	Keypress: v
291.1294	DATA	Keypress: v
291.3651	DATA	Keypress: v
291.5847	DATA	Keypress: v
291.7871	DATA	Keypress: v
292.0072	DATA	Keypress: v
292.2093	DATA	Keypress: v
292.3946	DATA	earn v
292.5471	DATA	Keypress: v
292.6316	DATA	Keypress: v
293.3406	DATA	Keypress: v
293.5432	DATA	Keypress: v
293.7290	DATA	Keypress: v
293.9146	DATA	Keypress: v
294.1002	DATA	Keypress: v
294.3029	DATA	Keypress: v
294.4206	DATA	earn v
294.5701	DATA	Keypress: v
294.6408	DATA	Keypress: v
294.8264	DATA	Keypress: v
295.0290	DATA	Keypress: v
295.2146	DATA	Keypress: v
295.4173	DATA	Keypress: v
295.6368	DATA	Keypress: v
295.8395	DATA	Keypress: v
296.0419	DATA	Keypress: v
296.2450	DATA	Keypress: v
296.4468	DATA	earn v
296.4474	DATA	Keypress: v
296.6334	DATA	Keypress: v
296.8360	DATA	Keypress: v
297.0383	DATA	Keypress: v
297.2426	DATA	Keypress: v
297.4434	DATA	Keypress: v
297.6630	DATA	Keypress: v
297.8655	DATA	Keypress: v
298.0680	DATA	Keypress: v
298.2706	DATA	Keypress: v
298.4728	DATA	earn v
298.4735	DATA	Keypress: v
298.6594	DATA	Keypress: v
298.8452	DATA	Keypress: v
299.0657	DATA	Keypress: v
299.2838	DATA	Keypress: v
299.5033	DATA	Keypress: v
299.7056	DATA	Keypress: v
299.9425	DATA	Keypress: v
300.1619	DATA	Keypress: v
300.3813	DATA	Keypress: v
300.4989	DATA	earn v
300.6523	DATA	Keypress: v
300.8201	DATA	Keypress: v
301.0230	DATA	Keypress: v
301.2426	DATA	Keypress: v
301.4621	DATA	Keypress: v
301.6646	DATA	Keypress: v
301.8667	DATA	Keypress: v
302.1033	DATA	Keypress: v
302.3058	DATA	Keypress: v
302.5256	DATA	Keypress: v
302.7464	DATA	Keypress: v
302.9813	DATA	Keypress: v
303.2012	DATA	Keypress: v
303.3865	DATA	Keypress: v
303.5893	DATA	Keypress: v
303.8086	DATA	Keypress: v
303.9780	DATA	Keypress: v
304.1634	DATA	Keypress: v
304.3319	DATA	Keypress: v
304.5176	DATA	Keypress: v
304.7037	DATA	Keypress: v
304.8722	DATA	Keypress: v
305.0580	DATA	Keypress: v
305.2609	DATA	Keypress: v
305.4975	DATA	Keypress: t
305.7334	DATA	Keypress: t
305.9532	DATA	Keypress: t
306.1554	DATA	Keypress: t
306.3920	DATA	Keypress: t
306.5945	DATA	Keypress: t
306.8139	DATA	Keypress: t
307.0334	DATA	Keypress: t
307.2698	DATA	Keypress: t
307.5065	DATA	Keypress: t
307.5899	DATA	earn t
307.7301	DATA	Keypress: t
307.9305	DATA	Keypress: t
308.1479	DATA	Keypress: t
308.3845	DATA	Keypress: t
308.5866	DATA	Keypress: t
308.7633	DATA	start rating L
308.8151	DATA	Keypress: t
309.0496	DATA	Keypress: t
311.6171	DATA	Keypress: v
311.9365	DATA	Keypress: v
317.9303	DATA	Keypress: t
318.2345	DATA	Keypress: t
328.5937	DATA	2.0
328.5937	DATA	end rating L
328.7639	DATA	start rating R
331.1843	DATA	Keypress: v
331.8088	DATA	Keypress: v
338.6058	DATA	6.0
338.6058	DATA	end rating R
340.2608	DATA	Keypress: t
340.4634	DATA	Keypress: t
340.6830	DATA	Keypress: t
340.8859	DATA	Keypress: t
341.0883	DATA	Keypress: t
341.2739	DATA	Keypress: t
341.4765	DATA	Keypress: t
341.6791	DATA	Keypress: t
341.8816	DATA	Keypress: t
342.0843	DATA	Keypress: t
342.2873	DATA	Keypress: t
342.5571	DATA	Keypress: v
342.7765	DATA	Keypress: v
342.9791	DATA	Keypress: v
343.1989	DATA	Keypress: v
343.3681	DATA	Keypress: v
343.5702	DATA	Keypress: v
343.6709	DATA	earn v
343.8283	DATA	Keypress: v
343.9585	DATA	Keypress: v
344.1443	DATA	Keypress: v
344.3131	DATA	Keypress: v
344.5158	DATA	Keypress: v
344.7180	DATA	Keypress: v
344.9039	DATA	Keypress: v
345.0895	DATA	Keypress: v
345.2923	DATA	Keypress: v
345.4781	DATA	Keypress: v
345.6638	DATA	Keypress: v
345.8667	DATA	Keypress: v
346.0520	DATA	Keypress: v
346.2378	DATA	Keypress: v
346.4233	DATA	Keypress: v
346.6093	DATA	Keypress: v
346.7101	DATA	earn v
346.8719	DATA	Keypress: v
346.9807	DATA	Keypress: v
347.1665	DATA	Keypress: v
347.5720	DATA	Keypress: v
347.7741	DATA	Keypress: v
347.9601	DATA	Keypress: v
348.1456	DATA	Keypress: v
348.3483	DATA	Keypress: v
348.5342	DATA	Keypress: v
348.7212	DATA	Keypress: v
348.9057	DATA	Keypress: v
349.1079	DATA	Keypress: v
349.2939	DATA	Keypress: v
349.4794	DATA	Keypress: v
349.6820	DATA	Keypress: v
349.8849	DATA	Keypress: v
350.0873	DATA	Keypress: v
350.2899	DATA	Keypress: v
350.4928	DATA	Keypress: v
350.6955	DATA	Keypress: v
350.8979	DATA	Keypress: v
351.0832	DATA	Keypress: v
351.2861	DATA	Keypress: v
351.4720	DATA	Keypress: v
351.6746	DATA	Keypress: v
351.8433	DATA	Keypress: v
352.0796	DATA	Keypress: t
352.2822	DATA	Keypress: t
352.5017	DATA	Keypress: t
352.6878	DATA	Keypress: t
352.9069	DATA	Keypress: t
353.0927	DATA	Keypress: t
353.2965	DATA	Keypress: t
353.4979	DATA	Keypress: t
353.6837	DATA	Keypress: t
353.8865	DATA	Keypress: t
354.1057	DATA	Keypress: t
354.2914	DATA	Keypress: t
354.4772	DATA	Keypress: t
354.7134	DATA	Keypress: v
354.9161	DATA	Keypress: v
355.1190	DATA	Keypress: v
355.3213	DATA	Keypress: v
355.5409	DATA	Keypress: v
355.7451	DATA	Keypress: v
355.9630	DATA	Keypress: v
356.1824	DATA	Keypress: v
356.4016	DATA	Keypress: v
356.9757	DATA	Keypress: v
357.2125	DATA	Keypress: v
357.4316	DATA	Keypress: v
357.6512	DATA	Keypress: v
357.8709	DATA	Keypress: v
358.0901	DATA	Keypress: v
358.3267	DATA	Keypress: v
358.5293	DATA	Keypress: v
358.7655	DATA	Keypress: v
358.8664	DATA	earn v
359.0254	DATA	Keypress: v
359.2215	DATA	Keypress: v
359.4414	DATA	Keypress: v
359.6606	DATA	Keypress: v
359.8966	DATA	Keypress: v
360.1335	DATA	Keypress: v
360.3526	DATA	Keypress: v
360.5894	DATA	Keypress: v
360.8084	DATA	Keypress: v
361.0281	DATA	Keypress: v
361.2476	DATA	Keypress: v
361.4840	DATA	Keypress: v
361.7040	DATA	Keypress: v
361.9228	DATA	Keypress: v
362.1592	DATA	Keypress: v
362.3789	DATA	Keypress: v
362.5983	DATA	Keypress: v
362.8176	DATA	Keypress: v
363.0371	DATA	Keypress: v
363.2733	DATA	Keypress: v
363.4762	DATA	Keypress: v
363.7125	DATA	Keypress: v
363.9315	DATA	earn v
363.9319	DATA	Keypress: v
364.1519	DATA	Keypress: v
364.3882	DATA	Keypress: v
364.6076	DATA	Keypress: v
364.8270	DATA	Keypress: v
365.0633	DATA	Keypress: v
365.2829	DATA	Keypress: v
365.5195	DATA	Keypress: v
365.7390	DATA	Keypress: v
365.9413	DATA	Keypress: v
366.1606	DATA	Keypress: v
366.3806	DATA	Keypress: v
366.5996	DATA	Keypress: v
366.8190	DATA	Keypress: v
367.0388	DATA	Keypress: v
367.2582	DATA	Keypress: v
367.4947	DATA	Keypress: v
367.7141	DATA	Keypress: v
367.9506	DATA	Keypress: v
368.1529	DATA	Keypress: v
368.4062	DATA	Keypress: v
368.6091	DATA	Keypress: v
368.8285	DATA	Keypress: v
368.9967	DATA	earn v
369.1515	DATA	Keypress: v
369.2842	DATA	Keypress: t
369.5207	DATA	Keypress: t
369.7574	DATA	Keypress: t
370.0442	DATA	Keypress: v
370.2477	DATA	Keypress: v
370.4662	DATA	Keypress: v
370.6517	DATA	Keypress: v
370.8544	DATA	Keypress: v
371.0229	DATA	earn v
371.1847	DATA	Keypress: v
371.2766	DATA	Keypress: v
371.4793	DATA	Keypress: v
371.6986	DATA	Keypress: v
371.9186	DATA	Keypress: v
372.1543	DATA	Keypress: v
372.3741	DATA	Keypress: v
372.5934	DATA	Keypress: v
372.8467	DATA	Keypress: v
373.0663	DATA	Keypress: v
373.3028	DATA	Keypress: v
373.5219	DATA	Keypress: v
373.7415	DATA	Keypress: v
373.9441	DATA	Keypress: v
374.1640	DATA	Keypress: v
374.3832	DATA	Keypress: v
374.6027	DATA	Keypress: v
374.8220	DATA	Keypress: v
375.0247	DATA	Keypress: v
375.0749	DATA	earn v
375.2359	DATA	Keypress: v
375.4475	DATA	Keypress: v
375.6665	DATA	Keypress: v
375.8863	DATA	Keypress: v
376.1221	DATA	Keypress: v
376.3419	DATA	Keypress: v
376.5446	DATA	Keypress: v
376.7810	DATA	Keypress: v
376.9831	DATA	Keypress: v
377.1008	DATA	earn v
377.2540	DATA	Keypress: v
377.4222	DATA	Keypress: v
377.6249	DATA	Keypress: v
377.8445	DATA	Keypress: v
378.0643	DATA	Keypress: v
378.2834	DATA	Keypress: v
378.5028	DATA	Keypress: v
378.7054	DATA	Keypress: v
378.9252	DATA	Keypress: v
379.1270	DATA	earn v
379.1275	DATA	Keypress: v
379.3472	DATA	Keypress: v
379.5679	DATA	Keypress: v
379.7865	DATA	Keypress: v
379.9887	DATA	Keypress: v
380.2083	DATA	Keypress: v
380.4278	DATA	Keypress: v
380.6471	DATA	Keypress: v
380.8497	DATA	Keypress: v
381.0693	DATA	Keypress: v
381.3057	DATA	Keypress: v
381.5253	DATA	Keypress: v
381.7280	DATA	Keypress: v
381.9471	DATA	Keypress: v
382.1662	DATA	earn v
382.1669	DATA	Keypress: v
382.3693	DATA	Keypress: v
382.6062	DATA	Keypress: v
382.8084	DATA	Keypress: v
383.0446	DATA	Keypress: v
383.2471	DATA	Keypress: v
383.4836	DATA	Keypress: v
383.6874	DATA	Keypress: v
383.9225	DATA	Keypress: v
384.1250	DATA	Keypress: v
384.3449	DATA	Keypress: v
384.5473	DATA	Keypress: v
384.7500	DATA	Keypress: v
384.9524	DATA	Keypress: v
385.1720	DATA	Keypress: v
385.3744	DATA	Keypress: v
385.5942	DATA	Keypress: v
385.8136	DATA	Keypress: v
386.0332	DATA	Keypress: v
386.2525	DATA	Keypress: v
386.4553	DATA	Keypress: v
386.6746	DATA	Keypress: v
386.8941	DATA	Keypress: v
387.0965	DATA	Keypress: v
387.2313	DATA	earn v
387.3851	DATA	Keypress: t
387.6203	DATA	Keypress: t
387.8903	DATA	Keypress: t
388.1266	DATA	Keypress: t
388.3631	DATA	Keypress: t
388.6165	DATA	Keypress: t
388.8357	DATA	Keypress: t
389.0722	DATA	Keypress: t
389.2919	DATA	Keypress: t
389.5112	DATA	Keypress: t
389.7477	DATA	Keypress: t
389.9500	DATA	Keypress: t
390.1528	DATA	Keypress: t
390.3552	DATA	Keypress: t
390.5588	DATA	Keypress: t
390.7775	DATA	Keypress: t
390.9632	DATA	Keypress: t
391.1829	DATA	Keypress: t
391.2835	DATA	earn t
391.4307	DATA	Keypress: t
391.6050	DATA	Keypress: t
391.8244	DATA	Keypress: t
392.0606	DATA	Keypress: t
392.2806	DATA	Keypress: t
392.4996	DATA	Keypress: t
392.7022	DATA	Keypress: t
392.9215	DATA	Keypress: t
393.1243	DATA	Keypress: t
393.3270	DATA	Keypress: t
393.5465	DATA	Keypress: t
393.7661	DATA	Keypress: t
393.9516	DATA	Keypress: t
394.1714	DATA	Keypress: t
394.3746	DATA	Keypress: t
394.5762	DATA	Keypress: t
394.7956	DATA	Keypress: t
394.9824	DATA	Keypress: t
395.2183	DATA	Keypress: t
395.4375	DATA	Keypress: t
395.6401	DATA	Keypress: t
395.8425	DATA	Keypress: t
396.0621	DATA	Keypress: t
396.2478	DATA	Keypress: t
396.4845	DATA	Keypress: t
396.6867	DATA	Keypress: t
396.9062	DATA	Keypress: t
397.1259	DATA	Keypress: t
397.3451	DATA	Keypress: t
397.3616	DATA	earn t
397.5648	DATA	Keypress: t
397.7842	DATA	Keypress: t
397.9869	DATA	Keypress: t
398.1900	DATA	Keypress: t
398.4088	DATA	Keypress: t
398.6116	DATA	Keypress: t
398.8311	DATA	Keypress: t
399.0337	DATA	Keypress: t
399.2530	DATA	Keypress: v
399.4896	DATA	Keypress: v
399.7094	DATA	Keypress: v
399.9116	DATA	Keypress: v
400.1479	DATA	Keypress: v
400.3344	DATA	Keypress: v
400.4007	DATA	earn v
400.5543	DATA	Keypress: v
400.7731	DATA	Keypress: v
400.9754	DATA	Keypress: v
401.1949	DATA	Keypress: v
401.5735	DATA	start rating L
401.5904	DATA	Keypress: v
401.6410	DATA	Keypress: v
401.8439	DATA	Keypress: v
403.7343	DATA	Keypress: t
404.6460	DATA	Keypress: t
405.8446	DATA	Keypress: t
421.4042	DATA	4.0
421.4042	DATA	end rating L
421.5734	DATA	start rating R
422.7790	DATA	Keypress: v
423.0323	DATA	Keypress: v
431.4164	DATA	6.0
431.4164	DATA	end rating R
432.8860	DATA	Keypress: v
433.0715	DATA	Keypress: v
433.2575	DATA	Keypress: v
433.4430	DATA	Keypress: v
433.6287	DATA	Keypress: v
433.7977	DATA	Keypress: v
433.9663	DATA	Keypress: v
434.1690	DATA	Keypress: v
434.3548	DATA	Keypress: v
434.5407	DATA	Keypress: v
434.7099	DATA	Keypress: v
434.8952	DATA	Keypress: v
435.0808	DATA	Keypress: v
435.2665	DATA	Keypress: v
435.4522	DATA	Keypress: v
435.6215	DATA	Keypress: v
435.8065	DATA	Keypress: v
435.9413	DATA	earn v
436.0962	DATA	Keypress: v
436.1783	DATA	Keypress: v
436.3640	DATA	Keypress: v
436.5335	DATA	Keypress: v
436.7185	DATA	Keypress: v
436.9210	DATA	Keypress: v
437.0900	DATA	Keypress: v
437.2585	DATA	Keypress: v
437.4274	DATA	Keypress: v
437.6135	DATA	Keypress: v
437.7990	DATA	Keypress: v
437.9678	DATA	Keypress: v
438.1708	DATA	Keypress: v
438.3563	DATA	Keypress: v
438.5253	DATA	Keypress: v
438.7107	DATA	Keypress: v
438.8964	DATA	Keypress: v
439.0820	DATA	Keypress: v
439.2678	DATA	Keypress: v
439.4537	DATA	Keypress: v
439.6224	DATA	Keypress: v
439.7914	DATA	Keypress: v
439.9603	DATA	Keypress: v
440.1291	DATA	Keypress: v
440.2978	DATA	Keypress: v
440.4667	DATA	Keypress: v
440.6359	DATA	Keypress: v
440.8044	DATA	Keypress: v
440.9731	DATA	Keypress: v
441.1588	DATA	Keypress: v
441.3445	DATA	Keypress: v
441.5302	DATA	Keypress: v
441.6990	DATA	Keypress: v
441.8854	DATA	Keypress: v
442.0705	DATA	Keypress: v
442.2562	DATA	Keypress: v
442.4589	DATA	Keypress: v
442.6457	DATA	Keypress: v
442.8472	DATA	Keypress: v
443.0330	DATA	Keypress: v
443.2187	DATA	Keypress: v
443.4045	DATA	Keypress: v
443.5902	DATA	Keypress: v
443.7758	DATA	Keypress: v
443.9616	DATA	Keypress: v
444.1645	DATA	Keypress: v
444.3498	DATA	Keypress: v
444.5359	DATA	Keypress: v
444.7217	DATA	Keypress: v
444.9257	DATA	Keypress: v
445.1772	DATA	Keypress: t
445.3967	DATA	Keypress: t
445.5993	DATA	Keypress: t
445.8188	DATA	Keypress: t
446.0215	DATA	Keypress: t
446.2579	DATA	Keypress: t
446.4773	DATA	Keypress: t
446.6968	DATA	Keypress: t
446.8996	DATA	Keypress: t
447.0846	DATA	earn t
447.2281	DATA	Keypress: t
447.3046	DATA	Keypress: t
447.5582	DATA	Keypress: t
447.8111	DATA	Keypress: t
448.0308	DATA	Keypress: t
448.2502	DATA	Keypress: t
448.4694	DATA	Keypress: t
448.6891	DATA	Keypress: t
448.9254	DATA	Keypress: t
449.1107	DATA	earn t
449.1111	DATA	Keypress: t
449.3308	DATA	Keypress: t
449.5502	DATA	Keypress: t
449.7529	DATA	Keypress: t
449.9724	DATA	Keypress: t
450.1915	DATA	Keypress: t
450.3945	DATA	Keypress: t
450.5968	DATA	Keypress: t
450.8335	DATA	Keypress: t
451.0374	DATA	Keypress: t
451.2555	DATA	Keypress: t
451.4917	DATA	Keypress: t
451.7116	DATA	Keypress: t
451.9311	DATA	Keypress: t
452.1504	DATA	Keypress: t
452.3697	DATA	Keypress: t
452.5724	DATA	Keypress: t
452.8090	DATA	Keypress: t
453.0113	DATA	Keypress: t
453.2477	DATA	Keypress: t
453.4502	DATA	Keypress: t
453.6529	DATA	Keypress: t
454.3115	DATA	Keypress: t
454.4803	DATA	Keypress: t
454.6832	DATA	Keypress: t
454.8516	DATA	Keypress: t
455.0372	DATA	Keypress: t
455.2402	DATA	Keypress: t
455.4427	DATA	Keypress: t
455.6453	DATA	Keypress: t
455.8309	DATA	Keypress: t
456.0337	DATA	Keypress: t
456.2364	DATA	Keypress: t
456.4219	DATA	Keypress: t
456.6245	DATA	Keypress: t
456.8275	DATA	Keypress: t
457.0129	DATA	Keypress: t
457.2149	DATA	earn t
457.3588	DATA	Keypress: t
457.4354	DATA	Keypress: t
457.6378	DATA	Keypress: t
457.8237	DATA	Keypress: t
458.0430	DATA	Keypress: t
458.2454	DATA	Keypress: t
458.4479	DATA	Keypress: t
458.6504	DATA	Keypress: t
458.8371	DATA	Keypress: t
459.0390	DATA	Keypress: t
459.2416	DATA	Keypress: t
459.4447	DATA	Keypress: t
459.6640	DATA	Keypress: t
459.8661	DATA	Keypress: t
460.0687	DATA	Keypress: t
460.2884	DATA	Keypress: t
460.4909	DATA	Keypress: t
460.7102	DATA	Keypress: t
460.9130	DATA	Keypress: t
461.1155	DATA	Keypress: t
461.2671	DATA	earn t
461.4087	DATA	Keypress: t
461.5551	DATA	Keypress: t
461.7573	DATA	Keypress: t
462.1287	DATA	Keypress: v
462.3481	DATA	Keypress: v
462.5506	DATA	Keypress: v
462.7708	DATA	Keypress: v
462.9731	DATA	Keypress: v
463.1926	DATA	Keypress: v
463.3952	DATA	Keypress: v
463.6146	DATA	Keypress: v
463.8171	DATA	Keypress: v
464.0366	DATA	Keypress: v
464.2388	DATA	Keypress: v
464.4587	DATA	Keypress: v
464.6611	DATA	Keypress: v
464.8807	DATA	Keypress: v
465.0837	DATA	Keypress: v
465.3196	DATA	Keypress: v
465.5054	DATA	Keypress: v
465.7246	DATA	Keypress: v
465.9444	DATA	Keypress: v
466.1650	DATA	Keypress: v
466.3835	DATA	Keypress: v
466.6031	DATA	Keypress: v
466.7885	DATA	Keypress: v
467.0081	DATA	Keypress: v
467.2285	DATA	Keypress: v
467.4472	DATA	Keypress: v
467.6499	DATA	Keypress: v
467.8528	DATA	Keypress: v
468.0718	DATA	Keypress: v
468.2921	DATA	Keypress: v
468.5107	DATA	Keypress: v
468.7301	DATA	Keypress: v
468.9330	DATA	Keypress: v
469.1522	DATA	Keypress: v
469.3550	DATA	Keypress: v
469.5579	DATA	Keypress: v
469.7605	DATA	Keypress: v
469.9794	DATA	Keypress: v
470.1821	DATA	Keypress: v
470.3848	DATA	Keypress: v
470.5878	DATA	Keypress: v
470.8071	DATA	Keypress: v
471.0268	DATA	Keypress: v
471.2291	DATA	Keypress: v
471.4657	DATA	Keypress: v
471.6847	DATA	Keypress: v
471.8876	DATA	Keypress: v
472.1746	DATA	Keypress: t
472.4104	DATA	earn t
472.4110	DATA	Keypress: t
472.6136	DATA	Keypress: t
472.8504	DATA	Keypress: t
473.0863	DATA	Keypress: t
473.3735	DATA	Keypress: t
473.6100	DATA	Keypress: t
473.8121	DATA	Keypress: t
474.0486	DATA	Keypress: t
474.2512	DATA	Keypress: t
474.4706	DATA	Keypress: t
474.6903	DATA	Keypress: t
474.8930	DATA	Keypress: t
475.1124	DATA	Keypress: t
475.3318	DATA	Keypress: t
475.5512	DATA	Keypress: t
475.7881	DATA	Keypress: t
476.0071	DATA	Keypress: t
476.2435	DATA	Keypress: t
476.4625	DATA	earn t
476.6096	DATA	Keypress: t
476.6995	DATA	Keypress: t
476.9194	DATA	Keypress: t
477.1217	DATA	Keypress: t
477.3579	DATA	Keypress: t
477.5941	DATA	Keypress: t
477.8138	DATA	Keypress: t
478.0501	DATA	Keypress: t
478.2525	DATA	Keypress: t
478.4892	DATA	Keypress: t
478.6921	DATA	Keypress: t
478.7087	DATA	Keypress: s
478.9959	DATA	Keypress: t
479.2149	DATA	Keypress: t
479.4514	DATA	Keypress: t
479.6879	DATA	Keypress: t
479.9086	DATA	Keypress: t
480.1437	DATA	Keypress: t
480.3635	DATA	Keypress: t
480.5147	DATA	earn t
480.6608	DATA	Keypress: t
480.8193	DATA	Keypress: t
481.0218	DATA	Keypress: t
481.2582	DATA	Keypress: t
481.4778	DATA	Keypress: t
481.7140	DATA	Keypress: t
481.9503	DATA	Keypress: t
482.1867	DATA	Keypress: t
482.4398	DATA	Keypress: t
482.6932	DATA	Keypress: t
482.9296	DATA	Keypress: t
483.1659	DATA	Keypress: t
483.3854	DATA	Keypress: t
483.5537	DATA	earn t
483.6979	DATA	Keypress: t
483.8761	DATA	Keypress: t
484.1285	DATA	Keypress: t
484.3815	DATA	Keypress: t
484.6179	DATA	Keypress: t
484.8713	DATA	Keypress: t
485.1246	DATA	Keypress: t
485.3440	DATA	Keypress: t
485.5975	DATA	Keypress: t
485.8337	DATA	Keypress: t
486.0530	DATA	Keypress: t
486.2897	DATA	Keypress: t
486.5428	DATA	Keypress: v
486.5928	DATA	earn t
486.7960	DATA	Keypress: v
487.0154	DATA	Keypress: v
487.2692	DATA	Keypress: v
487.5052	DATA	Keypress: v
487.7415	DATA	Keypress: v
487.9779	DATA	Keypress: v
488.2142	DATA	Keypress: v
488.4676	DATA	Keypress: v
488.7041	DATA	Keypress: v
488.9234	DATA	Keypress: v
489.1764	DATA	Keypress: v
489.3798	DATA	Keypress: v
489.6326	DATA	Keypress: v
489.8688	DATA	Keypress: v
490.1049	DATA	Keypress: v
490.3585	DATA	Keypress: v
490.5781	DATA	Keypress: v
490.8313	DATA	Keypress: v
491.0508	DATA	Keypress: v
491.3041	DATA	Keypress: v
491.5405	DATA	Keypress: v
491.7766	DATA	Keypress: v
492.0134	DATA	Keypress: v
492.2833	DATA	Keypress: v
492.5025	DATA	Keypress: v
492.7394	DATA	Keypress: v
492.9923	DATA	Keypress: v
493.1962	DATA	Keypress: v
493.4482	DATA	Keypress: v
493.6841	DATA	earn v
493.8356	DATA	Keypress: v
494.1076	DATA	Keypress: t
494.3267	DATA	Keypress: t
494.5627	DATA	Keypress: v
494.8592	DATA	start rating L
494.8761	DATA	Keypress: v
494.9410	DATA	Keypress: v
495.1265	DATA	Keypress: v
495.3459	DATA	Keypress: v
496.1572	DATA	Keypress: t
497.8785	DATA	Keypress: v
514.6877	DATA	7.0
514.6877	DATA	end rating L
514.8577	DATA	start rating R
516.9945	DATA	Keypress: v
524.7000	DATA	5.0
524.7001	DATA	end rating R
526.0511	DATA	Keypress: v
526.2534	DATA	Keypress: v
526.4224	DATA	Keypress: v
526.6253	DATA	Keypress: v
526.7940	DATA	Keypress: v
526.9798	DATA	Keypress: v
527.1654	DATA	Keypress: v
527.3511	DATA	Keypress: v
527.5537	DATA	Keypress: v
527.5545	DATA	Keypress: t
527.7391	DATA	Keypress: v
527.7396	DATA	Keypress: t
527.9084	DATA	Keypress: v
528.0770	DATA	Keypress: v
528.2627	DATA	Keypress: v
528.4318	DATA	Keypress: t
528.6007	DATA	Keypress: t
528.7867	DATA	Keypress: t
528.9548	DATA	Keypress: t
529.1407	DATA	Keypress: t
529.3096	DATA	Keypress: t
529.4956	DATA	Keypress: t
529.6642	DATA	Keypress: t
529.8331	DATA	Keypress: t
530.0019	DATA	Keypress: t
530.1705	DATA	Keypress: t
530.3393	DATA	Keypress: t
530.5084	DATA	Keypress: t
530.6772	DATA	Keypress: t
530.8460	DATA	Keypress: t
531.0149	DATA	Keypress: t
531.1838	DATA	Keypress: t
531.3525	DATA	Keypress: t
531.5216	DATA	Keypress: t
531.6742	DATA	Keypress: t
531.8420	DATA	Keypress: t
532.0109	DATA	Keypress: t
532.1965	DATA	Keypress: t
532.3656	DATA	Keypress: t
532.5343	DATA	Keypress: t
532.7204	DATA	Keypress: t
532.8890	DATA	Keypress: t
533.0581	DATA	Keypress: t
533.2266	DATA	Keypress: t
533.4291	DATA	Keypress: v
533.6319	DATA	Keypress: v
533.8177	DATA	Keypress: v
533.9861	DATA	Keypress: v
534.1890	DATA	Keypress: v
534.3746	DATA	Keypress: v
534.5605	DATA	Keypress: v
534.7463	DATA	Keypress: v
534.9320	DATA	Keypress: v
535.1177	DATA	Keypress: v
535.1847	DATA	earn v
535.3367	DATA	Keypress: v
535.4903	DATA	Keypress: v
535.6748	DATA	Keypress: v
535.8610	DATA	Keypress: v
536.0632	DATA	Keypress: v
536.2658	DATA	Keypress: v
536.4513	DATA	Keypress: v
536.6539	DATA	Keypress: v
536.8567	DATA	Keypress: v
537.0263	DATA	Keypress: v
537.2282	DATA	Keypress: v
537.4306	DATA	Keypress: v
537.6331	DATA	Keypress: v
537.8190	DATA	Keypress: v
538.0047	DATA	Keypress: v
538.2075	DATA	Keypress: v
538.3932	DATA	Keypress: v
538.5956	DATA	Keypress: v
538.7984	DATA	Keypress: v
538.9671	DATA	Keypress: v
539.1702	DATA	Keypress: v
539.3891	DATA	Keypress: v
539.5917	DATA	Keypress: v
539.7784	DATA	Keypress: v
539.9800	DATA	Keypress: v
540.1830	DATA	Keypress: v
540.3857	DATA	Keypress: v
540.5713	DATA	Keypress: v
540.7738	DATA	Keypress: v
540.9767	DATA	Keypress: v
541.1453	DATA	Keypress: v
541.2628	DATA	earn v
541.4148	DATA	Keypress: t
541.6013	DATA	Keypress: t
541.8036	DATA	Keypress: t
542.0232	DATA	Keypress: t
542.2258	DATA	Keypress: t
542.4452	DATA	Keypress: t
542.6311	DATA	Keypress: t
542.8347	DATA	Keypress: t
543.0360	DATA	Keypress: t
543.2556	DATA	Keypress: t
543.4427	DATA	Keypress: t
543.6438	DATA	Keypress: t
543.8635	DATA	Keypress: t
544.0662	DATA	Keypress: t
544.2856	DATA	Keypress: t
544.4883	DATA	Keypress: t
544.6908	DATA	Keypress: t
544.8933	DATA	Keypress: t
545.1128	DATA	Keypress: t
545.3153	DATA	Keypress: t
545.5352	DATA	Keypress: t
545.7378	DATA	Keypress: t
545.9402	DATA	Keypress: t
546.1430	DATA	Keypress: t
546.1598	DATA	Keypress: s
546.3620	DATA	Keypress: t
546.5819	DATA	Keypress: t
546.7843	DATA	Keypress: t
546.9868	DATA	Keypress: t
547.2065	DATA	Keypress: t
547.4101	DATA	Keypress: t
547.6119	DATA	Keypress: t
547.8312	DATA	Keypress: t
548.0506	DATA	Keypress: t
548.2535	DATA	Keypress: t
548.4740	DATA	Keypress: t
548.7089	DATA	Keypress: t
548.9118	DATA	Keypress: t
549.1143	DATA	Keypress: t
549.3169	DATA	Keypress: t
549.5365	DATA	Keypress: t
549.7390	DATA	Keypress: t
549.9755	DATA	Keypress: t
550.1950	DATA	Keypress: t
550.3974	DATA	Keypress: t
550.6171	DATA	Keypress: t
550.8365	DATA	Keypress: t
551.0559	DATA	Keypress: t
551.2586	DATA	Keypress: t
551.4780	DATA	Keypress: t
551.6975	DATA	Keypress: v
551.9169	DATA	Keypress: v
552.1538	DATA	Keypress: v
552.3731	DATA	Keypress: v
552.3899	DATA	Keypress: t
552.4062	DATA	earn t
552.5939	DATA	Keypress: v
552.8289	DATA	Keypress: v
553.0314	DATA	Keypress: v
553.2509	DATA	Keypress: v
553.4873	DATA	Keypress: v
553.7235	DATA	Keypress: v
553.9432	DATA	Keypress: v
554.1625	DATA	Keypress: v
554.3988	DATA	Keypress: v
554.6185	DATA	Keypress: v
554.8549	DATA	Keypress: v
555.0576	DATA	Keypress: v
555.2770	DATA	Keypress: v
555.4453	DATA	earn v
555.5974	DATA	Keypress: v
555.7328	DATA	Keypress: v
555.9525	DATA	Keypress: v
556.1551	DATA	Keypress: v
556.4083	DATA	Keypress: v
556.6277	DATA	Keypress: v
556.8643	DATA	Keypress: v
557.0836	DATA	Keypress: v
557.3032	DATA	Keypress: v
557.5222	DATA	Keypress: v
557.7589	DATA	Keypress: v
557.9784	DATA	Keypress: v
558.1979	DATA	Keypress: v
558.4017	DATA	Keypress: v
558.4845	DATA	earn v
558.6363	DATA	Keypress: v
558.8736	DATA	Keypress: v
559.0761	DATA	Keypress: v
559.2955	DATA	Keypress: v
559.5317	DATA	Keypress: v
559.7683	DATA	Keypress: v
559.9707	DATA	Keypress: v
560.2070	DATA	Keypress: v
560.4096	DATA	Keypress: v
560.6459	DATA	Keypress: v
560.8656	DATA	Keypress: v
561.0684	DATA	Keypress: v
561.2876	DATA	Keypress: v
561.5072	DATA	Keypress: v
561.5235	DATA	earn v
561.7097	DATA	Keypress: v
561.9297	DATA	Keypress: v
562.1317	DATA	Keypress: v
562.3514	DATA	Keypress: v
562.5536	DATA	Keypress: v
562.7734	DATA	Keypress: v
563.0100	DATA	Keypress: v
563.2292	DATA	Keypress: v
563.4488	DATA	Keypress: v
563.5495	DATA	earn v
563.7018	DATA	Keypress: v
563.8881	DATA	Keypress: v
564.0906	DATA	Keypress: v
564.3099	DATA	Keypress: v
564.5292	DATA	Keypress: v
564.7486	DATA	Keypress: v
564.9682	DATA	Keypress: v
565.1708	DATA	Keypress: v
565.3903	DATA	Keypress: v
565.5756	DATA	earn v
565.7297	DATA	Keypress: v
565.7956	DATA	Keypress: v
566.0319	DATA	Keypress: v
566.2347	DATA	Keypress: v
566.4715	DATA	Keypress: v
566.6905	DATA	Keypress: v
566.9101	DATA	Keypress: v
567.1292	DATA	Keypress: v
567.3660	DATA	Keypress: v
567.5689	DATA	Keypress: v
567.8216	DATA	Keypress: v
568.0257	DATA	Keypress: v
568.2437	DATA	Keypress: v
568.4969	DATA	Keypress: v
568.7165	DATA	Keypress: v
568.9361	DATA	Keypress: v
569.1555	DATA	Keypress: v
569.3751	DATA	Keypress: v
569.5944	DATA	Keypress: v
569.8138	DATA	Keypress: v
570.0179	DATA	Keypress: v
570.2360	DATA	Keypress: v
570.4552	DATA	Keypress: v
570.6581	DATA	Keypress: v
570.8776	DATA	Keypress: v
571.0971	DATA	Keypress: v
571.3167	DATA	Keypress: v
571.5362	DATA	Keypress: v
571.7555	DATA	Keypress: v
571.9921	DATA	Keypress: t
572.2282	DATA	Keypress: t
572.4479	DATA	Keypress: t
572.6501	DATA	Keypress: t
572.8532	DATA	Keypress: t
573.0724	DATA	Keypress: t
573.2751	DATA	Keypress: t
573.4947	DATA	Keypress: t
573.7143	DATA	Keypress: t
573.9166	DATA	Keypress: t
574.1367	DATA	Keypress: t
574.3557	DATA	Keypress: t
574.5753	DATA	Keypress: t
574.7780	DATA	Keypress: t
574.9972	DATA	Keypress: t
575.1997	DATA	Keypress: t
575.2007	DATA	Keypress: s
575.4361	DATA	Keypress: t
575.6734	DATA	Keypress: v
575.9090	DATA	Keypress: v
576.1283	DATA	Keypress: v
576.3479	DATA	Keypress: v
576.5846	DATA	Keypress: v
576.7189	DATA	earn v
576.8726	DATA	Keypress: v
577.0239	DATA	Keypress: v
577.2428	DATA	Keypress: v
577.5300	DATA	Keypress: v
577.8000	DATA	Keypress: v
578.0363	DATA	Keypress: v
578.2393	DATA	Keypress: v
578.4418	DATA	Keypress: v
578.6780	DATA	Keypress: v
578.9144	DATA	Keypress: v
579.1336	DATA	Keypress: v
579.3705	DATA	Keypress: v
579.5897	DATA	Keypress: v
579.7581	DATA	earn v
579.9098	DATA	Keypress: v
580.0458	DATA	Keypress: v
580.2991	DATA	Keypress: v
580.5185	DATA	Keypress: v
580.7380	DATA	Keypress: v
580.9741	DATA	Keypress: v
581.2275	DATA	Keypress: v
581.4470	DATA	Keypress: v
581.6663	DATA	Keypress: v
581.9198	DATA	Keypress: v
582.1221	DATA	Keypress: v
582.3587	DATA	Keypress: v
582.5781	DATA	Keypress: v
582.8313	DATA	Keypress: v
583.0509	DATA	Keypress: v
583.2706	DATA	Keypress: v
583.5067	DATA	Keypress: v
583.7432	DATA	Keypress: v
583.9455	DATA	Keypress: v
584.1652	DATA	Keypress: v
584.3687	DATA	Keypress: v
584.8233	DATA	earn v
585.0605	DATA	Keypress: t
585.2291	DATA	Keypress: t
585.5499	DATA	Keypress: t
585.7365	DATA	Keypress: t
586.0108	DATA	start rating L
586.0277	DATA	Keypress: t
586.1316	DATA	Keypress: t
586.3337	DATA	Keypress: t
587.3630	DATA	Keypress: v
587.7525	DATA	Keypress: v
588.0891	DATA	Keypress: v
605.8267	DATA	4.0
605.8268	DATA	end rating L
605.9950	DATA	start rating R
607.2521	DATA	Keypress: v
607.7419	DATA	Keypress: v
615.8389	DATA	6.0
615.8389	DATA	end rating R
617.0557	DATA	Keypress: v
617.2745	DATA	Keypress: v
617.4771	DATA	Keypress: v
617.6635	DATA	Keypress: v
617.8655	DATA	Keypress: v
618.0678	DATA	Keypress: v
618.2537	DATA	Keypress: v
618.4397	DATA	Keypress: v
618.6422	DATA	Keypress: v
618.8279	DATA	Keypress: v
619.0137	DATA	Keypress: v
619.1993	DATA	Keypress: v
619.3849	DATA	Keypress: v
619.5873	DATA	Keypress: v
619.7731	DATA	Keypress: v
619.9598	DATA	Keypress: v
620.1445	DATA	Keypress: v
620.3473	DATA	Keypress: v
620.5160	DATA	Keypress: v
620.6850	DATA	Keypress: v
620.8873	DATA	Keypress: t
620.8877	DATA	Keypress: s
621.0566	DATA	Keypress: t
621.1404	DATA	earn t
621.2868	DATA	Keypress: t
621.4110	DATA	Keypress: t
621.5967	DATA	Keypress: t
621.7827	DATA	Keypress: t
621.9360	DATA	Keypress: t
622.1376	DATA	Keypress: t
622.3227	DATA	Keypress: t
622.5083	DATA	Keypress: t
622.7110	DATA	Keypress: t
622.8965	DATA	Keypress: t
623.0825	DATA	Keypress: t
623.2685	DATA	Keypress: t
623.4709	DATA	Keypress: t
623.6566	DATA	Keypress: t
623.8421	DATA	Keypress: t
624.0449	DATA	Keypress: t
624.2317	DATA	Keypress: t
624.4161	DATA	Keypress: t
624.6193	DATA	Keypress: t
624.8050	DATA	Keypress: t
625.0242	DATA	Keypress: t
625.2100	DATA	Keypress: t
625.4126	DATA	Keypress: t
625.6151	DATA	Keypress: t
625.8011	DATA	Keypress: t
625.9697	DATA	Keypress: t
626.1894	DATA	Keypress: t
626.3749	DATA	Keypress: t
626.5607	DATA	Keypress: t
626.7633	DATA	Keypress: t
626.9662	DATA	Keypress: t
627.1354	DATA	Keypress: t
627.2185	DATA	earn t
627.3607	DATA	Keypress: t
627.5400	DATA	Keypress: t
627.7255	DATA	Keypress: t
627.9115	DATA	Keypress: t
628.0972	DATA	Keypress: t
628.3169	DATA	Keypress: t
628.5192	DATA	Keypress: t
628.7386	DATA	Keypress: t
628.9412	DATA	Keypress: t
629.1438	DATA	Keypress: t
629.2446	DATA	earn t
629.3874	DATA	Keypress: t
629.5322	DATA	Keypress: t
629.9542	DATA	Keypress: t
630.1399	DATA	Keypress: t
630.3433	DATA	Keypress: t
630.5618	DATA	Keypress: t
630.7647	DATA	Keypress: t
630.9842	DATA	Keypress: t
631.1870	DATA	Keypress: t
631.2707	DATA	earn t
631.4124	DATA	Keypress: t
631.6090	DATA	Keypress: t
631.8117	DATA	Keypress: t
632.0311	DATA	Keypress: t
632.2169	DATA	Keypress: t
632.4361	DATA	Keypress: t
632.6557	DATA	Keypress: t
632.8751	DATA	Keypress: t
633.0946	DATA	Keypress: t
633.2802	DATA	Keypress: t
633.5000	DATA	Keypress: t
633.7028	DATA	Keypress: t
633.9051	DATA	Keypress: t
634.1245	DATA	Keypress: t
634.3098	DATA	earn t
634.4548	DATA	Keypress: t
634.5467	DATA	Keypress: t
634.7495	DATA	Keypress: t
634.9518	DATA	Keypress: t
635.3909	DATA	Keypress: t
635.5935	DATA	Keypress: t
635.7961	DATA	Keypress: t
636.0154	DATA	Keypress: t
636.2350	DATA	Keypress: t
636.3358	DATA	earn t
636.4782	DATA	Keypress: t
636.6402	DATA	Keypress: t
636.8603	DATA	Keypress: t
637.0622	DATA	Keypress: t
637.2820	DATA	Keypress: t
637.4845	DATA	Keypress: t
637.7214	DATA	Keypress: t
637.9234	DATA	Keypress: t
638.1600	DATA	Keypress: t
638.3792	DATA	Keypress: t
638.5990	DATA	Keypress: t
638.8355	DATA	Keypress: t
639.0548	DATA	Keypress: t
639.2911	DATA	Keypress: t
639.3750	DATA	earn t
639.5204	DATA	Keypress: t
639.7300	DATA	Keypress: t
639.9496	DATA	Keypress: t
640.1522	DATA	Keypress: t
640.3911	DATA	Keypress: t
640.4225	DATA	Keypress: s
640.6250	DATA	Keypress: t
640.6418	DATA	Keypress: s
640.8784	DATA	Keypress: t
641.1317	DATA	Keypress: t
641.3509	DATA	Keypress: t
641.5872	DATA	Keypress: t
641.8405	DATA	Keypress: v
642.1106	DATA	Keypress: v
642.3470	DATA	Keypress: v
642.4140	DATA	earn t
642.5834	DATA	Keypress: v
642.8202	DATA	Keypress: v
643.0395	DATA	Keypress: v
643.2755	DATA	Keypress: v
643.5119	DATA	Keypress: v
643.7653	DATA	Keypress: v
643.9848	DATA	Keypress: v
644.2212	DATA	Keypress: v
644.4573	DATA	Keypress: v
644.6771	DATA	Keypress: v
644.8962	DATA	Keypress: v
645.1499	DATA	Keypress: v
645.3862	DATA	Keypress: v
645.6225	DATA	Keypress: v
645.8757	DATA	Keypress: v
646.1119	DATA	Keypress: v
646.3656	DATA	Keypress: v
646.5849	DATA	Keypress: v
646.8214	DATA	Keypress: v
647.0579	DATA	Keypress: v
647.2939	DATA	Keypress: v
647.5134	DATA	Keypress: v
647.7329	DATA	Keypress: v
647.9525	DATA	Keypress: v
648.1550	DATA	Keypress: v
648.3748	DATA	Keypress: v
648.5943	DATA	Keypress: v
648.8138	DATA	Keypress: v
649.0160	DATA	Keypress: v
649.2526	DATA	Keypress: v
649.4719	DATA	Keypress: v
649.7256	DATA	Keypress: v
649.9449	DATA	Keypress: v
650.1644	DATA	Keypress: v
650.4005	DATA	Keypress: v
650.6200	DATA	Keypress: v
650.8396	DATA	Keypress: v
651.0760	DATA	Keypress: v
651.2788	DATA	Keypress: v
651.4813	DATA	Keypress: v
651.7344	DATA	Keypress: v
651.9370	DATA	Keypress: v
652.3254	DATA	Keypress: t
652.5280	DATA	Keypress: t
652.5444	DATA	earn t
652.7141	DATA	Keypress: t
652.8993	DATA	Keypress: t
653.0851	DATA	Keypress: t
653.2557	DATA	Keypress: t
653.4398	DATA	Keypress: t
653.6255	DATA	Keypress: t
653.8281	DATA	Keypress: t
654.0307	DATA	Keypress: t
654.2164	DATA	Keypress: t
654.4362	DATA	Keypress: t
654.5704	DATA	earn t
654.7161	DATA	Keypress: t
654.8243	DATA	Keypress: t
655.0272	DATA	Keypress: t
655.2131	DATA	Keypress: t
655.3985	DATA	Keypress: t
655.6178	DATA	Keypress: t
655.8373	DATA	Keypress: t
656.0399	DATA	Keypress: t
656.2255	DATA	Keypress: t
656.4283	DATA	Keypress: t
656.5965	DATA	earn t
656.7418	DATA	Keypress: t
656.8335	DATA	Keypress: t
657.0361	DATA	Keypress: t
657.2218	DATA	Keypress: t
657.4412	DATA	Keypress: t
657.6608	DATA	Keypress: t
657.8802	DATA	Keypress: t
658.0829	DATA	Keypress: t
658.3031	DATA	Keypress: t
658.5389	DATA	Keypress: t
658.6226	DATA	earn t
658.7679	DATA	Keypress: t
658.9440	DATA	Keypress: t
659.1634	DATA	Keypress: t
659.3829	DATA	Keypress: t
659.5857	DATA	Keypress: t
659.8050	DATA	Keypress: t
660.0245	DATA	Keypress: t
660.2438	DATA	Keypress: t
660.4636	DATA	Keypress: t
660.6486	DATA	earn t
660.7914	DATA	Keypress: t
660.8858	DATA	Keypress: t
661.1220	DATA	Keypress: t
661.3245	DATA	Keypress: t
661.5439	DATA	Keypress: t
661.7804	DATA	Keypress: t
661.9663	DATA	Keypress: t
662.1687	DATA	Keypress: t
662.3712	DATA	Keypress: t
662.5906	DATA	Keypress: t
662.6747	DATA	earn t
662.8164	DATA	Keypress: t
662.9961	DATA	Keypress: t
663.2325	DATA	Keypress: t
663.4691	DATA	Keypress: t
663.6903	DATA	Keypress: t
663.9245	DATA	Keypress: t
664.1442	DATA	Keypress: t
664.3974	DATA	Keypress: t
664.6169	DATA	Keypress: t
664.7008	DATA	earn t
664.8701	DATA	Keypress: t
665.1065	DATA	Keypress: t
665.3430	DATA	Keypress: t
665.5793	DATA	Keypress: t
665.7987	DATA	Keypress: t
666.0352	DATA	Keypress: t
666.2545	DATA	Keypress: t
666.4911	DATA	Keypress: t
666.7104	DATA	Keypress: t
666.7268	DATA	earn t
666.9469	DATA	Keypress: t
667.1503	DATA	Keypress: t
667.3859	DATA	Keypress: t
667.6222	DATA	Keypress: t
667.8586	DATA	Keypress: t
668.1118	DATA	Keypress: t
668.3653	DATA	Keypress: t
668.6016	DATA	Keypress: t
668.8213	DATA	Keypress: t
669.0572	DATA	Keypress: t
669.2938	DATA	Keypress: t
669.5133	DATA	Keypress: t
669.7666	DATA	Keypress: t
670.0031	DATA	Keypress: t
670.2222	DATA	Keypress: t
670.4247	DATA	Keypress: t
670.6614	DATA	Keypress: t
670.7790	DATA	earn t
670.9272	DATA	Keypress: t
671.1171	DATA	Keypress: t
671.3537	DATA	Keypress: t
671.5750	DATA	Keypress: t
671.8263	DATA	Keypress: t
672.0460	DATA	Keypress: t
672.2991	DATA	Keypress: t
672.5355	DATA	Keypress: t
672.8058	DATA	Keypress: t
673.0251	DATA	Keypress: t
673.2783	DATA	Keypress: t
673.5483	DATA	Keypress: t
673.8018	DATA	Keypress: t
674.0384	DATA	Keypress: t
674.2915	DATA	Keypress: t
674.5279	DATA	Keypress: t
674.7809	DATA	Keypress: t
675.0343	DATA	Keypress: t
675.2537	DATA	Keypress: t
675.4733	DATA	Keypress: t
675.7098	DATA	Keypress: t
675.9629	DATA	Keypress: t
676.1994	DATA	Keypress: t
676.4358	DATA	Keypress: t
676.6718	DATA	Keypress: t
676.9251	DATA	Keypress: t
677.1786	DATA	Keypress: t
677.4318	DATA	Keypress: t
677.6852	DATA	Keypress: t
677.9047	DATA	Keypress: t
678.1410	DATA	Keypress: t
678.3773	DATA	Keypress: t
678.5797	DATA	Keypress: t
678.8833	DATA	earn t
679.0325	DATA	Keypress: t
679.1371	DATA	Keypress: t
679.3228	DATA	Keypress: t
679.5087	DATA	Keypress: t
679.6943	DATA	Keypress: t
679.8801	DATA	Keypress: t
680.0571	DATA	start rating L
680.0741	DATA	Keypress: t
680.2751	DATA	Keypress: t
680.4781	DATA	Keypress: t
681.2245	DATA	Keypress: v
681.4909	DATA	Keypress: v
681.7778	DATA	Keypress: v
682.0813	DATA	Keypress: v
682.3518	DATA	Keypress: v
682.6387	DATA	Keypress: v
699.8867	DATA	7.0
699.8867	DATA	end rating L
700.0566	DATA	start rating R
702.3589	DATA	Keypress: t
709.8990	DATA	3.0
709.8990	DATA	end rating R
