11.7795	DATA	version E
128.7284	DATA	Keypress: space
129.9283	DATA	Keypress: t
129.9602	DATA	earn t
131.8686	DATA	Keypress: t
133.2364	DATA	Keypress: v
133.7768	DATA	Keypress: v
134.6545	DATA	Keypress: t
135.0597	DATA	Keypress: t
135.4817	DATA	Keypress: t
135.9546	DATA	Keypress: t
136.2917	DATA	earn t
136.4386	DATA	Keypress: t
138.4884	DATA	Keypress: v
138.8418	DATA	Keypress: v
139.2470	DATA	Keypress: v
139.6184	DATA	Keypress: v
140.0066	DATA	Keypress: v
140.4288	DATA	Keypress: v
140.8510	DATA	Keypress: v
141.2730	DATA	Keypress: v
141.6952	DATA	Keypress: v
142.1004	DATA	Keypress: v
142.5224	DATA	Keypress: v
142.9277	DATA	Keypress: v
143.3667	DATA	Keypress: v
143.7550	DATA	Keypress: v
144.4302	DATA	Keypress: t
144.8521	DATA	Keypress: t
145.2577	DATA	Keypress: t
145.6116	DATA	earn t
145.7570	DATA	Keypress: t
147.5037	DATA	Keypress: t
147.8578	DATA	Keypress: t
148.2123	DATA	Keypress: t
148.5681	DATA	Keypress: t
148.9212	DATA	Keypress: t
149.3098	DATA	Keypress: t
149.6812	DATA	Keypress: t
150.1201	DATA	Keypress: t
150.5085	DATA	Keypress: t
150.6767	DATA	earn t
150.9475	DATA	Keypress: t
152.4839	DATA	Keypress: t
152.8555	DATA	Keypress: t
153.2774	DATA	Keypress: t
153.6995	DATA	Keypress: t
153.7158	DATA	earn t
154.1894	DATA	Keypress: t
155.5568	DATA	Keypress: v
155.9281	DATA	Keypress: v
156.2489	DATA	Keypress: v
156.6542	DATA	Keypress: v
157.0932	DATA	Keypress: v
157.5322	DATA	Keypress: v
157.9375	DATA	Keypress: v
158.3592	DATA	Keypress: v
158.7140	DATA	Keypress: v
159.1024	DATA	Keypress: v
159.5077	DATA	Keypress: v
159.8958	DATA	Keypress: v
160.2843	DATA	Keypress: v
160.7062	DATA	Keypress: v
161.0778	DATA	Keypress: v
161.4493	DATA	Keypress: v
161.8207	DATA	Keypress: v
162.3778	DATA	Keypress: t
162.7830	DATA	Keypress: t
163.2052	DATA	Keypress: t
163.6611	DATA	Keypress: t
163.8461	DATA	earn t
164.1171	DATA	Keypress: t
164.9442	DATA	Keypress: t
165.4012	DATA	Keypress: t
165.8221	DATA	Keypress: t
166.2443	DATA	Keypress: t
166.6663	DATA	Keypress: t
167.1053	DATA	Keypress: t
167.5950	DATA	Keypress: t
168.0340	DATA	Keypress: t
168.4392	DATA	Keypress: t
168.8790	DATA	Keypress: t
169.2665	DATA	Keypress: t
169.7223	DATA	Keypress: t
170.1444	DATA	Keypress: t
170.5665	DATA	Keypress: t
170.9374	DATA	earn t
171.0869	DATA	Keypress: t
173.2679	DATA	Keypress: t
173.6231	DATA	Keypress: t
174.0447	DATA	Keypress: t
174.4667	DATA	Keypress: t
174.8718	DATA	Keypress: t
174.9895	DATA	earn t
175.2770	DATA	Keypress: t
176.2226	DATA	Keypress: t
176.5941	DATA	Keypress: t
176.9993	DATA	Keypress: t
177.3876	DATA	Keypress: t
177.8096	DATA	Keypress: t
178.2319	DATA	Keypress: t
178.6540	DATA	Keypress: t
179.0591	DATA	Keypress: t
179.5150	DATA	Keypress: t
179.9539	DATA	Keypress: t
180.3930	DATA	Keypress: t
180.8487	DATA	Keypress: t
181.0677	DATA	earn t
181.3218	DATA	Keypress: t
182.6893	DATA	Keypress: t
183.0938	DATA	earn t
183.2377	DATA	Keypress: t
183.9556	DATA	Keypress: t
184.5294	DATA	Keypress: t
185.0023	DATA	Keypress: t
185.1198	DATA	earn t
185.4244	DATA	Keypress: t
186.4710	DATA	Keypress: t
186.8933	DATA	Keypress: t
187.3323	DATA	Keypress: t
187.7543	DATA	Keypress: t
188.1595	DATA	Keypress: t
188.5984	DATA	Keypress: t
189.0206	DATA	Keypress: t
189.1720	DATA	earn t
189.4935	DATA	Keypress: t
190.3801	DATA	start rating L
190.6487	DATA	Keypress: t
202.6392	DATA	Keypress: v
203.0792	DATA	Keypress: v
204.6625	DATA	Keypress: t
210.1765	DATA	4.0
210.1765	DATA	end rating L
210.3893	DATA	start rating R
218.8107	DATA	Keypress: t
220.0136	DATA	Keypress: t
220.1887	DATA	2.0
220.1887	DATA	end rating R
222.9574	DATA	Keypress: t
223.3627	DATA	Keypress: t
223.7510	DATA	Keypress: t
224.1563	DATA	Keypress: t
224.5616	DATA	Keypress: t
224.9666	DATA	Keypress: t
225.3720	DATA	Keypress: t
225.7772	DATA	Keypress: t
226.1823	DATA	Keypress: t
226.5706	DATA	Keypress: t
226.9928	DATA	Keypress: t
227.3643	DATA	Keypress: t
227.9384	DATA	Keypress: v
228.3266	DATA	Keypress: v
228.7486	DATA	Keypress: v
229.1370	DATA	Keypress: v
229.5085	DATA	Keypress: v
229.9137	DATA	Keypress: v
230.3020	DATA	Keypress: v
230.7073	DATA	Keypress: v
231.1125	DATA	Keypress: v
231.5008	DATA	Keypress: v
231.9398	DATA	Keypress: v
232.0911	DATA	earn v
232.3282	DATA	Keypress: v
233.9151	DATA	Keypress: v
234.2865	DATA	Keypress: v
234.6919	DATA	Keypress: v
235.0968	DATA	Keypress: v
235.5191	DATA	Keypress: v
235.9409	DATA	Keypress: v
236.1432	DATA	earn v
236.3635	DATA	Keypress: v
237.5114	DATA	Keypress: v
237.8828	DATA	Keypress: v
238.2882	DATA	Keypress: v
238.7101	DATA	Keypress: v
239.0985	DATA	Keypress: v
239.5037	DATA	Keypress: v
239.9426	DATA	Keypress: v
240.1953	DATA	earn v
240.4326	DATA	Keypress: v
241.6986	DATA	Keypress: t
242.0531	DATA	Keypress: t
242.4921	DATA	Keypress: t
242.8973	DATA	Keypress: t
243.3195	DATA	Keypress: t
243.7249	DATA	Keypress: t
244.1637	DATA	Keypress: t
244.5689	DATA	Keypress: t
244.9909	DATA	Keypress: t
245.4298	DATA	Keypress: t
245.8520	DATA	Keypress: t
246.2911	DATA	Keypress: t
246.7300	DATA	Keypress: t
247.1521	DATA	Keypress: t
247.5573	DATA	Keypress: t
247.9794	DATA	Keypress: t
248.3847	DATA	Keypress: t
248.8928	DATA	Keypress: v
249.2963	DATA	Keypress: v
249.7355	DATA	Keypress: v
250.1574	DATA	Keypress: v
250.3257	DATA	earn v
250.6134	DATA	Keypress: v
251.3562	DATA	Keypress: v
251.7783	DATA	Keypress: v
252.2342	DATA	Keypress: v
252.3517	DATA	earn v
252.6565	DATA	Keypress: v
253.7537	DATA	Keypress: v
254.1252	DATA	Keypress: v
254.3779	DATA	earn v
254.5979	DATA	Keypress: v
255.7798	DATA	Keypress: v
256.1850	DATA	Keypress: v
256.5734	DATA	Keypress: v
256.9616	DATA	Keypress: v
257.3838	DATA	Keypress: v
257.4169	DATA	earn v
258.4812	DATA	Keypress: v
258.8865	DATA	Keypress: v
259.3253	DATA	Keypress: v
259.7813	DATA	Keypress: v
260.2033	DATA	Keypress: v
260.7268	DATA	Keypress: v
261.2164	DATA	Keypress: v
261.6554	DATA	Keypress: v
262.1112	DATA	Keypress: v
262.4821	DATA	earn v
262.6431	DATA	Keypress: v
263.8334	DATA	Keypress: v
264.2725	DATA	Keypress: v
264.6777	DATA	Keypress: v
265.0844	DATA	Keypress: v
265.5220	DATA	Keypress: v
265.9271	DATA	Keypress: v
266.3321	DATA	Keypress: v
266.5342	DATA	earn v
266.7543	DATA	Keypress: v
267.9024	DATA	Keypress: v
268.3244	DATA	Keypress: v
268.7297	DATA	Keypress: v
269.1687	DATA	Keypress: v
269.5908	DATA	Keypress: v
270.0298	DATA	Keypress: v
270.4352	DATA	Keypress: v
270.5864	DATA	earn v
270.8571	DATA	Keypress: v
271.7520	DATA	Keypress: v
272.1909	DATA	Keypress: v
272.6123	DATA	earn v
272.6129	DATA	Keypress: v
273.6283	DATA	Keypress: v
274.0312	DATA	Keypress: v
274.4701	DATA	Keypress: v
274.9430	DATA	Keypress: v
275.4156	DATA	Keypress: v
275.8379	DATA	Keypress: v
276.2937	DATA	Keypress: v
276.7326	DATA	Keypress: v
277.1885	DATA	Keypress: v
277.6776	DATA	earn v
277.8357	DATA	Keypress: v
277.9484	DATA	Keypress: v
279.5016	DATA	Keypress: t
279.8730	DATA	Keypress: t
280.2783	DATA	Keypress: t
280.6496	DATA	Keypress: t
281.0549	DATA	Keypress: t
281.4612	DATA	Keypress: t
281.9160	DATA	Keypress: t
282.3044	DATA	Keypress: t
282.6758	DATA	Keypress: t
283.0979	DATA	Keypress: t
283.4693	DATA	Keypress: t
283.8744	DATA	Keypress: t
284.2628	DATA	Keypress: t
284.6851	DATA	Keypress: t
284.7687	DATA	earn t
285.1242	DATA	Keypress: t
285.9427	DATA	start rating L
290.1126	DATA	Keypress: t
291.9351	DATA	Keypress: t
305.7726	DATA	2.0
305.7726	DATA	end rating L
305.9483	DATA	start rating R
309.8045	DATA	Keypress: v
310.2374	DATA	Keypress: v
315.7846	DATA	6.0
315.7846	DATA	end rating R
317.5410	DATA	Keypress: t
317.9293	DATA	Keypress: t
318.3343	DATA	Keypress: t
318.5703	DATA	earn t
318.7144	DATA	Keypress: t
320.6830	DATA	Keypress: t
321.0528	DATA	Keypress: t
321.4243	DATA	Keypress: t
321.8125	DATA	Keypress: t
322.1840	DATA	Keypress: t
322.5724	DATA	Keypress: t
322.9777	DATA	Keypress: t
323.3490	DATA	Keypress: t
323.7544	DATA	Keypress: t
324.1424	DATA	Keypress: t
324.5308	DATA	Keypress: t
324.9191	DATA	Keypress: t
325.3411	DATA	Keypress: t
325.7128	DATA	Keypress: t
326.1348	DATA	Keypress: t
326.5401	DATA	Keypress: t
326.9467	DATA	Keypress: t
327.3501	DATA	Keypress: t
327.7557	DATA	Keypress: t
328.1620	DATA	Keypress: t
328.6168	DATA	Keypress: t
328.9713	DATA	Keypress: t
329.4441	DATA	Keypress: v
329.8155	DATA	Keypress: v
330.2039	DATA	Keypress: v
330.5922	DATA	Keypress: v
330.8448	DATA	earn v
331.0066	DATA	Keypress: v
332.4341	DATA	Keypress: v
332.7870	DATA	Keypress: v
333.1585	DATA	Keypress: v
333.4794	DATA	Keypress: v
333.8509	DATA	Keypress: v
333.8840	DATA	earn v
335.2022	DATA	Keypress: v
335.5729	DATA	Keypress: v
335.9626	DATA	Keypress: v
336.2822	DATA	Keypress: v
336.7041	DATA	Keypress: v
337.1431	DATA	Keypress: v
337.5652	DATA	Keypress: v
337.9361	DATA	earn v
338.1081	DATA	Keypress: v
339.1691	DATA	Keypress: v
339.5743	DATA	Keypress: v
339.9798	DATA	Keypress: v
340.3511	DATA	Keypress: v
340.7731	DATA	Keypress: v
340.9752	DATA	earn v
341.1786	DATA	Keypress: v
342.0901	DATA	Keypress: v
342.4615	DATA	Keypress: v
342.8667	DATA	Keypress: v
343.0012	DATA	earn v
343.2551	DATA	Keypress: v
343.9981	DATA	Keypress: v
344.4370	DATA	Keypress: v
344.8256	DATA	Keypress: v
345.2474	DATA	Keypress: v
345.6187	DATA	Keypress: v
346.0578	DATA	Keypress: v
346.4968	DATA	Keypress: v
346.8851	DATA	Keypress: v
347.3239	DATA	Keypress: v
347.7294	DATA	Keypress: v
348.1683	DATA	Keypress: v
348.5904	DATA	Keypress: v
349.0124	DATA	Keypress: v
349.4177	DATA	Keypress: v
349.8736	DATA	Keypress: v
350.3294	DATA	Keypress: v
350.7683	DATA	Keypress: v
351.1905	DATA	Keypress: v
351.6126	DATA	Keypress: v
352.0178	DATA	Keypress: v
352.1184	DATA	earn v
352.4417	DATA	Keypress: t
353.9426	DATA	Keypress: t
354.3646	DATA	Keypress: t
354.7362	DATA	Keypress: t
355.0906	DATA	Keypress: t
355.1576	DATA	earn t
355.5635	DATA	Keypress: t
356.9479	DATA	Keypress: t
357.3363	DATA	Keypress: t
357.7581	DATA	Keypress: t
358.1805	DATA	Keypress: t
358.5857	DATA	Keypress: t
359.0077	DATA	Keypress: t
359.4129	DATA	Keypress: t
359.8519	DATA	Keypress: t
360.2740	DATA	Keypress: t
360.6792	DATA	Keypress: t
361.1351	DATA	Keypress: t
361.5910	DATA	Keypress: t
362.0637	DATA	Keypress: t
362.4859	DATA	Keypress: t
362.8910	DATA	Keypress: t
363.2962	DATA	Keypress: t
363.7521	DATA	Keypress: t
364.1911	DATA	Keypress: t
364.5963	DATA	Keypress: t
365.0353	DATA	Keypress: t
365.5079	DATA	Keypress: t
365.9639	DATA	Keypress: t
366.5042	DATA	Keypress: v
366.8251	DATA	Keypress: v
367.1964	DATA	Keypress: v
367.5509	DATA	Keypress: v
367.9055	DATA	Keypress: v
368.2938	DATA	Keypress: v
368.3270	DATA	earn v
368.6485	DATA	Keypress: v
369.3240	DATA	Keypress: v
369.6952	DATA	Keypress: v
370.1004	DATA	Keypress: v
370.3531	DATA	earn v
370.5214	DATA	Keypress: v
371.3162	DATA	Keypress: v
371.7044	DATA	Keypress: v
372.0590	DATA	Keypress: v
372.3792	DATA	earn v
372.5436	DATA	Keypress: v
373.5616	DATA	Keypress: v
373.9668	DATA	Keypress: v
374.4059	DATA	Keypress: v
374.8110	DATA	Keypress: v
375.4182	DATA	earn v
375.5885	DATA	Keypress: v
376.2646	DATA	Keypress: v
376.7528	DATA	Keypress: v
377.1242	DATA	Keypress: v
377.5127	DATA	Keypress: v
377.9008	DATA	Keypress: v
378.2890	DATA	Keypress: v
378.6944	DATA	Keypress: v
379.0995	DATA	Keypress: v
379.4704	DATA	earn v
379.6303	DATA	Keypress: v
380.4014	DATA	Keypress: v
380.6496	DATA	start rating L
380.8511	DATA	Keypress: v
384.4924	DATA	Keypress: t
384.8307	DATA	Keypress: t
385.2350	DATA	Keypress: t
395.3993	DATA	Keypress: t
400.4319	DATA	Keypress: v
400.4742	DATA	2.0
400.4742	DATA	end rating L
400.6519	DATA	start rating R
403.6892	DATA	Keypress: v
404.4715	DATA	Keypress: v
410.4865	DATA	6.0
410.4865	DATA	end rating R
411.6855	DATA	Keypress: v
411.7017	DATA	earn v
412.1077	DATA	Keypress: t
412.4960	DATA	Keypress: v
412.8504	DATA	Keypress: v
413.2387	DATA	Keypress: v
413.5930	DATA	Keypress: v
413.9816	DATA	Keypress: v
414.3195	DATA	Keypress: v
414.6739	DATA	Keypress: v
415.0453	DATA	Keypress: v
415.3834	DATA	Keypress: v
415.7538	DATA	earn v
415.9149	DATA	Keypress: v
416.6005	DATA	Keypress: v
416.9531	DATA	Keypress: v
417.2739	DATA	Keypress: v
417.6287	DATA	Keypress: v
417.7799	DATA	earn v
418.0000	DATA	Keypress: v
419.1819	DATA	Keypress: v
419.5026	DATA	Keypress: v
419.8234	DATA	Keypress: v
420.1949	DATA	Keypress: v
420.5494	DATA	Keypress: v
420.9039	DATA	Keypress: v
421.2415	DATA	Keypress: v
421.5962	DATA	Keypress: v
421.8320	DATA	earn v
421.9947	DATA	Keypress: v
422.8289	DATA	Keypress: v
423.2171	DATA	Keypress: v
423.5717	DATA	Keypress: v
423.9262	DATA	Keypress: v
424.2809	DATA	Keypress: v
424.6522	DATA	Keypress: v
425.0067	DATA	Keypress: v
425.3113	DATA	Keypress: v
425.6990	DATA	Keypress: v
426.0705	DATA	Keypress: v
426.4588	DATA	Keypress: v
426.8133	DATA	Keypress: v
427.1847	DATA	Keypress: v
427.5226	DATA	Keypress: v
427.9108	DATA	Keypress: v
428.2824	DATA	Keypress: v
428.6537	DATA	Keypress: v
429.0250	DATA	Keypress: v
429.4472	DATA	Keypress: v
429.7849	DATA	Keypress: v
429.9362	DATA	earn v
430.2408	DATA	Keypress: t
431.0174	DATA	Keypress: t
431.3888	DATA	Keypress: t
431.7433	DATA	Keypress: t
431.9623	DATA	earn t
432.1068	DATA	Keypress: t
432.9593	DATA	Keypress: t
433.3136	DATA	Keypress: t
433.6852	DATA	Keypress: t
434.0565	DATA	Keypress: t
434.4449	DATA	Keypress: t
434.8668	DATA	Keypress: t
435.2384	DATA	Keypress: t
435.6775	DATA	Keypress: t
436.0488	DATA	Keypress: t
436.4202	DATA	Keypress: t
436.8254	DATA	Keypress: t
437.0275	DATA	earn t
437.2478	DATA	Keypress: t
438.0749	DATA	Keypress: t
438.4469	DATA	Keypress: t
438.8347	DATA	Keypress: t
439.2231	DATA	Keypress: t
439.6113	DATA	Keypress: t
439.9829	DATA	Keypress: t
440.4048	DATA	Keypress: t
440.7932	DATA	Keypress: t
441.2152	DATA	Keypress: t
441.6373	DATA	Keypress: t
442.0426	DATA	Keypress: t
442.0926	DATA	earn t
442.4312	DATA	Keypress: t
443.2751	DATA	Keypress: t
443.7141	DATA	Keypress: t
444.0855	DATA	Keypress: t
444.1187	DATA	earn t
444.4741	DATA	Keypress: t
445.4869	DATA	Keypress: t
445.8582	DATA	Keypress: t
446.2636	DATA	Keypress: t
446.6519	DATA	Keypress: t
447.0571	DATA	Keypress: t
447.1577	DATA	earn t
447.4464	DATA	Keypress: t
448.1882	DATA	Keypress: t
448.5767	DATA	Keypress: t
448.9650	DATA	Keypress: t
449.1838	DATA	earn t
449.3309	DATA	Keypress: t
450.0796	DATA	Keypress: t
450.5027	DATA	Keypress: t
450.9236	DATA	Keypress: t
451.2627	DATA	Keypress: t
451.7186	DATA	Keypress: t
452.1740	DATA	Keypress: t
452.5443	DATA	Keypress: t
452.9496	DATA	Keypress: t
453.3548	DATA	Keypress: t
453.7429	DATA	Keypress: t
454.1652	DATA	Keypress: t
454.2490	DATA	earn t
454.5706	DATA	Keypress: t
455.5160	DATA	Keypress: t
455.9041	DATA	Keypress: t
456.3095	DATA	Keypress: t
456.6978	DATA	Keypress: t
457.1029	DATA	Keypress: t
457.5080	DATA	Keypress: t
457.9133	DATA	Keypress: t
458.3011	DATA	earn t
458.4431	DATA	Keypress: t
458.7577	DATA	Keypress: t
459.1965	DATA	Keypress: t
459.8044	DATA	Keypress: t
460.3272	DATA	earn t
460.4754	DATA	Keypress: t
461.3584	DATA	Keypress: t
461.7967	DATA	Keypress: t
462.1681	DATA	Keypress: t
462.5902	DATA	Keypress: t
463.0124	DATA	Keypress: t
463.3837	DATA	Keypress: t
463.7890	DATA	Keypress: t
464.2111	DATA	Keypress: t
464.6331	DATA	Keypress: t
465.0386	DATA	Keypress: t
465.3923	DATA	earn t
465.5398	DATA	Keypress: t
466.4567	DATA	Keypress: t
466.8618	DATA	Keypress: t
467.2502	DATA	Keypress: t
467.6554	DATA	Keypress: t
468.0605	DATA	Keypress: t
468.4659	DATA	Keypress: t
468.8542	DATA	Keypress: t
469.2762	DATA	Keypress: t
469.6815	DATA	Keypress: t
470.0699	DATA	Keypress: t
470.4750	DATA	Keypress: t
470.8802	DATA	Keypress: t
471.2852	DATA	Keypress: t
471.4706	DATA	earn t
471.6909	DATA	Keypress: t
472.6475	DATA	start rating L
472.7111	DATA	Keypress: t
477.0328	DATA	Keypress: v
477.4084	DATA	Keypress: v
477.9274	DATA	Keypress: v
492.4744	DATA	6.0
492.4744	DATA	end rating L
492.6531	DATA	start rating R
495.2686	DATA	Keypress: t
495.7102	DATA	Keypress: t
502.4864	DATA	2.0
502.4865	DATA	end rating R
503.4831	DATA	Keypress: v
503.7869	DATA	Keypress: v
504.0908	DATA	Keypress: v
504.3947	DATA	Keypress: v
504.7157	DATA	Keypress: v
505.0209	DATA	Keypress: v
505.3233	DATA	Keypress: v
505.6441	DATA	Keypress: v
505.9649	DATA	Keypress: v
506.2688	DATA	Keypress: v
506.6065	DATA	Keypress: v
506.9104	DATA	Keypress: v
507.2144	DATA	Keypress: v
507.5350	DATA	Keypress: v
507.5513	DATA	earn v
507.8730	DATA	Keypress: v
508.9533	DATA	Keypress: v
509.2403	DATA	Keypress: v
509.5611	DATA	Keypress: v
509.8652	DATA	Keypress: v
510.1688	DATA	Keypress: v
510.4729	DATA	Keypress: v
510.5905	DATA	earn v
510.7939	DATA	Keypress: v
511.5536	DATA	Keypress: v
511.8743	DATA	Keypress: v
512.1951	DATA	Keypress: v
512.5157	DATA	Keypress: v
512.8198	DATA	Keypress: v
513.1404	DATA	Keypress: v
513.4782	DATA	Keypress: v
513.8328	DATA	Keypress: v
514.1704	DATA	Keypress: v
514.5417	DATA	Keypress: v
514.6426	DATA	earn v
514.8967	DATA	Keypress: v
515.7069	DATA	Keypress: v
516.0445	DATA	Keypress: v
516.5511	DATA	Keypress: v
516.6687	DATA	earn v
516.9057	DATA	Keypress: v
517.2452	DATA	Keypress: v
517.7498	DATA	Keypress: v
518.2395	DATA	Keypress: v
518.6947	DATA	earn v
518.8573	DATA	Keypress: t
518.9994	DATA	Keypress: t
519.3372	DATA	Keypress: t
519.6577	DATA	Keypress: t
519.9968	DATA	Keypress: t
520.3499	DATA	Keypress: t
520.7045	DATA	Keypress: t
520.7208	DATA	earn t
521.0593	DATA	Keypress: t
522.5448	DATA	Keypress: t
522.8993	DATA	Keypress: t
523.2370	DATA	Keypress: t
523.5916	DATA	Keypress: t
523.9294	DATA	Keypress: t
524.2671	DATA	Keypress: t
524.6217	DATA	Keypress: t
525.2125	DATA	Keypress: t
525.6009	DATA	Keypress: t
525.9892	DATA	Keypress: t
526.4113	DATA	Keypress: t
526.7996	DATA	Keypress: t
527.2048	DATA	Keypress: t
527.5594	DATA	Keypress: t
527.9645	DATA	Keypress: t
528.3529	DATA	Keypress: t
528.7581	DATA	Keypress: t
529.1465	DATA	Keypress: t
529.5347	DATA	Keypress: t
529.9062	DATA	Keypress: t
530.3114	DATA	Keypress: t
530.6999	DATA	Keypress: t
531.1219	DATA	Keypress: t
531.5102	DATA	Keypress: t
531.8985	DATA	Keypress: t
532.2865	DATA	Keypress: t
532.7596	DATA	Keypress: t
533.2155	DATA	Keypress: t
533.7051	DATA	Keypress: t
534.1271	DATA	Keypress: t
534.4987	DATA	Keypress: t
534.9559	DATA	Keypress: v
535.3261	DATA	Keypress: v
535.6806	DATA	Keypress: v
536.0181	DATA	Keypress: v
536.3396	DATA	Keypress: v
536.7104	DATA	Keypress: v
537.0481	DATA	Keypress: v
537.4027	DATA	Keypress: v
537.7079	DATA	Keypress: v
538.0780	DATA	Keypress: v
538.3988	DATA	Keypress: v
538.7534	DATA	Keypress: v
538.9553	DATA	earn v
539.1192	DATA	Keypress: v
539.9016	DATA	Keypress: v
540.2392	DATA	Keypress: v
540.5767	DATA	Keypress: v
540.9153	DATA	Keypress: v
541.2692	DATA	Keypress: v
541.6237	DATA	Keypress: v
541.9613	DATA	Keypress: v
542.2991	DATA	Keypress: v
542.6197	DATA	Keypress: v
542.9743	DATA	Keypress: v
543.3458	DATA	Keypress: v
543.6836	DATA	Keypress: v
544.0717	DATA	Keypress: v
544.6120	DATA	Keypress: v
545.0335	DATA	earn v
545.0342	DATA	Keypress: v
546.2498	DATA	Keypress: v
546.6044	DATA	Keypress: v
547.1617	DATA	Keypress: v
547.5499	DATA	Keypress: v
547.9397	DATA	Keypress: v
548.4113	DATA	Keypress: v
548.8330	DATA	Keypress: v
549.1709	DATA	Keypress: v
549.5759	DATA	Keypress: v
550.0148	DATA	Keypress: v
550.6397	DATA	Keypress: v
551.1293	DATA	Keypress: v
551.5851	DATA	Keypress: v
552.0579	DATA	Keypress: v
552.5981	DATA	Keypress: v
553.1214	DATA	Keypress: v
553.1378	DATA	earn v
555.0970	DATA	Keypress: v
555.1639	DATA	earn v
555.4686	DATA	Keypress: v
555.8907	DATA	Keypress: v
556.3634	DATA	Keypress: v
556.7179	DATA	Keypress: v
557.1567	DATA	Keypress: v
557.1899	DATA	earn v
558.1194	DATA	Keypress: v
558.4906	DATA	Keypress: v
558.8620	DATA	Keypress: v
559.2160	DATA	earn v
559.3782	DATA	Keypress: v
559.5883	DATA	Keypress: v
560.5166	DATA	Keypress: v
560.8712	DATA	Keypress: v
561.2088	DATA	Keypress: v
561.5805	DATA	Keypress: v
561.9687	DATA	Keypress: v
562.3401	DATA	Keypress: v
562.7454	DATA	Keypress: v
563.0830	DATA	Keypress: v
563.4714	DATA	Keypress: v
563.8935	DATA	Keypress: v
564.2648	DATA	Keypress: v
564.6532	DATA	Keypress: v
565.0592	DATA	Keypress: v
565.4974	DATA	Keypress: v
565.9026	DATA	Keypress: v
566.3416	DATA	Keypress: v
566.8142	DATA	Keypress: v
567.2365	DATA	Keypress: v
567.6756	DATA	Keypress: v
568.0806	DATA	Keypress: v
568.4521	DATA	Keypress: v
568.8743	DATA	Keypress: v
569.3143	DATA	Keypress: v
569.7522	DATA	Keypress: v
570.1741	DATA	Keypress: v
570.3593	DATA	earn t
570.6134	DATA	Keypress: v
571.5301	DATA	start rating L
574.3858	DATA	Keypress: t
591.3633	DATA	3.0
591.3633	DATA	end rating L
591.5440	DATA	start rating R
592.6253	DATA	Keypress: v
593.3793	DATA	Keypress: v
601.3753	DATA	6.0
601.3753	DATA	end rating R
603.2160	DATA	Keypress: v
603.5030	DATA	Keypress: v
603.8069	DATA	Keypress: v
604.1108	DATA	Keypress: v
604.4147	DATA	Keypress: v
604.7187	DATA	Keypress: v
605.0226	DATA	Keypress: v
605.3433	DATA	Keypress: v
605.6473	DATA	Keypress: v
605.9680	DATA	Keypress: v
606.2714	DATA	earn v
606.4297	DATA	Keypress: v
607.5217	DATA	Keypress: v
607.8095	DATA	Keypress: v
608.1292	DATA	Keypress: v
608.4173	DATA	Keypress: v
608.7032	DATA	Keypress: v
609.0409	DATA	Keypress: v
609.3454	DATA	Keypress: v
609.6655	DATA	Keypress: v
609.9864	DATA	Keypress: v
610.2902	DATA	Keypress: v
610.6281	DATA	Keypress: v
610.9826	DATA	Keypress: v
611.3033	DATA	Keypress: v
611.3365	DATA	earn v
611.6580	DATA	Keypress: v
612.7047	DATA	Keypress: v
613.0086	DATA	Keypress: v
613.3294	DATA	Keypress: v
613.6334	DATA	Keypress: v
613.9540	DATA	Keypress: v
614.2751	DATA	Keypress: v
614.6295	DATA	Keypress: v
614.9503	DATA	Keypress: v
615.2880	DATA	Keypress: v
615.3886	DATA	earn v
615.5938	DATA	Keypress: v
616.5035	DATA	Keypress: v
616.8075	DATA	Keypress: v
617.1452	DATA	Keypress: v
617.4827	DATA	Keypress: v
617.8205	DATA	Keypress: v
618.1413	DATA	Keypress: v
618.4958	DATA	Keypress: v
618.8503	DATA	Keypress: v
619.1880	DATA	Keypress: v
619.5596	DATA	Keypress: v
619.9141	DATA	Keypress: v
620.2518	DATA	Keypress: v
620.6400	DATA	Keypress: v
620.9947	DATA	Keypress: v
621.3999	DATA	Keypress: v
621.4669	DATA	earn v
621.8053	DATA	Keypress: v
622.5822	DATA	Keypress: t
622.9363	DATA	Keypress: t
623.2909	DATA	Keypress: t
623.4929	DATA	earn t
623.6462	DATA	Keypress: t
624.6922	DATA	Keypress: t
625.0300	DATA	Keypress: t
625.3687	DATA	Keypress: t
625.7052	DATA	Keypress: t
626.0936	DATA	Keypress: t
626.4651	DATA	Keypress: t
626.5320	DATA	earn t
626.8198	DATA	Keypress: t
627.5120	DATA	Keypress: t
627.8832	DATA	Keypress: t
628.2378	DATA	Keypress: t
628.5418	DATA	Keypress: t
628.8805	DATA	Keypress: t
629.2007	DATA	Keypress: t
629.5379	DATA	Keypress: t
629.5711	DATA	earn t
630.0615	DATA	Keypress: t
630.5003	DATA	Keypress: t
631.0068	DATA	Keypress: t
631.3445	DATA	Keypress: t
631.7160	DATA	Keypress: t
632.0871	DATA	Keypress: t
632.4419	DATA	Keypress: t
632.8133	DATA	Keypress: t
633.1848	DATA	Keypress: t
633.5730	DATA	Keypress: t
633.6233	DATA	earn t
633.9617	DATA	Keypress: t
634.4513	DATA	Keypress: t
634.8392	DATA	Keypress: t
635.2447	DATA	Keypress: t
635.5823	DATA	Keypress: t
635.9706	DATA	Keypress: t
636.3252	DATA	Keypress: t
636.6623	DATA	earn t
636.8058	DATA	Keypress: t
637.1018	DATA	Keypress: t
637.3892	DATA	Keypress: t
637.8786	DATA	Keypress: t
638.4020	DATA	Keypress: t
638.7397	DATA	Keypress: t
639.1449	DATA	Keypress: t
639.5331	DATA	Keypress: t
639.8540	DATA	Keypress: t
640.2423	DATA	Keypress: t
640.6138	DATA	Keypress: t
640.9851	DATA	Keypress: t
641.3737	DATA	Keypress: t
641.7275	DATA	earn t
641.7281	DATA	Keypress: t
642.5218	DATA	Keypress: t
643.0788	DATA	Keypress: t
643.4164	DATA	Keypress: t
643.7535	DATA	earn t
643.8994	DATA	Keypress: t
644.2271	DATA	Keypress: t
645.2738	DATA	Keypress: t
645.6114	DATA	Keypress: t
645.7796	DATA	earn t
645.9493	DATA	Keypress: t
646.7090	DATA	Keypress: t
647.1140	DATA	Keypress: t
647.4516	DATA	Keypress: t
647.8569	DATA	Keypress: t
648.2790	DATA	Keypress: t
648.7011	DATA	Keypress: t
649.0894	DATA	Keypress: t
649.4779	DATA	Keypress: t
649.8493	DATA	Keypress: t
650.2375	DATA	Keypress: t
650.6090	DATA	Keypress: t
650.8447	DATA	earn t
650.9985	DATA	Keypress: t
651.5377	DATA	Keypress: t
651.9090	DATA	Keypress: t
652.2804	DATA	Keypress: t
652.6519	DATA	Keypress: t
653.0403	DATA	Keypress: t
653.3948	DATA	Keypress: t
653.7663	DATA	Keypress: t
654.1209	DATA	Keypress: t
654.4584	DATA	Keypress: t
654.8806	DATA	Keypress: t
654.8968	DATA	earn t
655.2522	DATA	Keypress: t
655.6743	DATA	Keypress: t
656.0623	DATA	Keypress: t
656.4338	DATA	Keypress: t
656.8392	DATA	Keypress: t
657.1937	DATA	Keypress: t
657.5988	DATA	Keypress: t
657.9359	DATA	earn t
658.0819	DATA	Keypress: t
658.7640	DATA	Keypress: t
659.1359	DATA	Keypress: t
659.5406	DATA	Keypress: t
659.9122	DATA	Keypress: t
660.2833	DATA	Keypress: t
660.6564	DATA	Keypress: t
660.9751	DATA	earn t
661.1180	DATA	Keypress: t
662.0562	DATA	Keypress: t
662.4106	DATA	Keypress: t
662.7823	DATA	Keypress: t
663.0011	DATA	earn t
663.1481	DATA	Keypress: t
663.5422	DATA	Keypress: t
663.9135	DATA	Keypress: t
664.1742	DATA	start rating L
667.3153	DATA	Keypress: v
667.6558	DATA	Keypress: v
684.0049	DATA	6.0
684.0050	DATA	end rating L
684.1791	DATA	start rating R
685.1951	DATA	Keypress: t
685.5834	DATA	Keypress: t
694.0171	DATA	2.0
694.0171	DATA	end rating R
