12.2984	DATA	version E
95.0351	DATA	Keypress: space
101.1813	DATA	Keypress: t
106.0099	DATA	Keypress: t
109.8090	DATA	Keypress: t
110.6194	DATA	Keypress: t
111.3454	DATA	Keypress: t
112.3768	DATA	Keypress: t
113.7090	DATA	Keypress: t
114.4858	DATA	Keypress: t
115.1950	DATA	Keypress: t
115.9032	DATA	earn t
116.2250	DATA	Keypress: t
119.6523	DATA	Keypress: v
120.2094	DATA	Keypress: v
120.8510	DATA	Keypress: v
121.4925	DATA	Keypress: v
122.0836	DATA	Keypress: v
123.1301	DATA	Keypress: v
123.7380	DATA	Keypress: v
124.2615	DATA	Keypress: v
124.7847	DATA	Keypress: v
125.3250	DATA	Keypress: v
125.9683	DATA	Keypress: v
128.2797	DATA	Keypress: v
128.8536	DATA	Keypress: v
129.4279	DATA	Keypress: v
130.0359	DATA	Keypress: v
130.6433	DATA	Keypress: v
131.2004	DATA	Keypress: v
131.8252	DATA	Keypress: v
132.3827	DATA	Keypress: v
132.9399	DATA	Keypress: v
133.3612	DATA	earn v
133.5401	DATA	Keypress: v
138.3087	DATA	Keypress: t
138.7479	DATA	Keypress: t
139.3387	DATA	Keypress: t
139.7609	DATA	Keypress: t
140.2168	DATA	Keypress: t
140.6724	DATA	Keypress: t
141.1453	DATA	Keypress: t
141.3641	DATA	earn t
141.6182	DATA	Keypress: t
146.8874	DATA	Keypress: t
147.3753	DATA	Keypress: t
147.8820	DATA	Keypress: t
148.4237	DATA	Keypress: t
148.9117	DATA	Keypress: t
149.4354	DATA	Keypress: t
149.9419	DATA	Keypress: t
149.9580	DATA	earn t
152.5434	DATA	Keypress: t
152.5750	DATA	earn t
153.4877	DATA	Keypress: t
154.0444	DATA	Keypress: t
154.4328	DATA	Keypress: t
154.8889	DATA	Keypress: t
155.3112	DATA	Keypress: t
155.7500	DATA	Keypress: t
156.1550	DATA	Keypress: t
156.5773	DATA	Keypress: t
157.4889	DATA	Keypress: t
157.9108	DATA	Keypress: t
158.3501	DATA	Keypress: t
158.6532	DATA	earn t
158.7933	DATA	Keypress: t
159.8575	DATA	start rating L
167.4753	DATA	Keypress: v
168.4712	DATA	Keypress: v
169.0117	DATA	Keypress: v
179.6585	DATA	7.0
179.6585	DATA	end rating L
179.8427	DATA	start rating R
189.6702	DATA	4.0
189.6702	DATA	end rating R
193.8578	DATA	Keypress: t
194.3308	DATA	Keypress: t
194.7698	DATA	Keypress: t
195.1748	DATA	Keypress: t
195.6477	DATA	Keypress: t
196.0864	DATA	Keypress: t
196.5255	DATA	Keypress: t
196.9662	DATA	Keypress: t
197.4037	DATA	Keypress: t
197.8426	DATA	Keypress: t
198.3322	DATA	Keypress: t
198.7541	DATA	Keypress: t
199.2269	DATA	Keypress: t
199.7167	DATA	Keypress: t
200.1725	DATA	Keypress: t
200.6454	DATA	Keypress: t
201.1856	DATA	Keypress: t
201.6583	DATA	Keypress: t
202.1814	DATA	Keypress: t
202.6882	DATA	Keypress: t
203.3974	DATA	Keypress: t
204.0051	DATA	Keypress: t
204.4780	DATA	Keypress: t
204.9845	DATA	Keypress: t
205.5259	DATA	Keypress: t
206.0480	DATA	Keypress: t
206.6053	DATA	Keypress: t
207.1119	DATA	Keypress: t
207.6354	DATA	Keypress: t
208.2262	DATA	Keypress: t
208.9860	DATA	Keypress: t
209.5260	DATA	Keypress: t
210.2536	DATA	Keypress: t
211.5859	DATA	Keypress: t
211.9576	DATA	Keypress: t
212.3796	DATA	Keypress: t
212.8185	DATA	Keypress: t
213.1577	DATA	Keypress: t
213.5613	DATA	Keypress: t
213.9160	DATA	Keypress: t
214.2874	DATA	Keypress: t
214.6251	DATA	Keypress: t
214.9970	DATA	Keypress: t
215.3679	DATA	Keypress: t
215.7058	DATA	Keypress: t
216.0433	DATA	Keypress: t
216.3809	DATA	Keypress: t
217.0734	DATA	Keypress: t
217.4279	DATA	Keypress: t
218.0526	DATA	Keypress: t
218.4239	DATA	Keypress: t
218.9135	DATA	Keypress: t
219.3694	DATA	Keypress: t
221.2607	DATA	Keypress: v
221.8688	DATA	Keypress: v
222.4930	DATA	Keypress: v
223.1513	DATA	Keypress: v
223.7253	DATA	Keypress: v
224.3333	DATA	Keypress: v
224.9088	DATA	Keypress: v
225.5153	DATA	Keypress: v
226.0893	DATA	Keypress: v
226.6803	DATA	Keypress: v
227.2711	DATA	Keypress: v
227.8286	DATA	Keypress: v
228.4531	DATA	Keypress: v
229.1115	DATA	Keypress: v
229.8037	DATA	Keypress: v
230.4115	DATA	Keypress: v
231.0208	DATA	Keypress: v
231.6287	DATA	Keypress: v
232.2518	DATA	Keypress: v
232.4369	DATA	earn v
236.9456	DATA	Keypress: v
237.5198	DATA	Keypress: v
238.1105	DATA	Keypress: v
238.7690	DATA	Keypress: v
239.3936	DATA	Keypress: v
240.0352	DATA	Keypress: v
240.6438	DATA	Keypress: v
241.2677	DATA	Keypress: v
241.9599	DATA	Keypress: v
242.0270	DATA	earn v
247.4643	DATA	Keypress: t
247.9878	DATA	Keypress: t
248.5614	DATA	Keypress: t
249.1187	DATA	Keypress: t
249.6761	DATA	Keypress: t
250.2331	DATA	Keypress: t
250.7900	DATA	Keypress: t
251.3136	DATA	Keypress: t
251.8202	DATA	Keypress: t
252.3268	DATA	Keypress: t
252.8840	DATA	Keypress: t
253.4244	DATA	Keypress: t
253.9480	DATA	Keypress: t
254.5047	DATA	Keypress: t
254.9957	DATA	Keypress: t
255.5178	DATA	Keypress: t
255.5847	DATA	earn t
256.7513	DATA	start rating L
271.9863	DATA	Keypress: v
272.3618	DATA	Keypress: v
273.2692	DATA	Keypress: v
276.5884	DATA	7.0
276.5884	DATA	end rating L
276.7640	DATA	start rating R
284.8184	DATA	Keypress: v
285.2101	DATA	Keypress: v
285.6161	DATA	Keypress: v
286.6003	DATA	7.0
286.6003	DATA	end rating R
289.9611	DATA	Keypress: t
290.5855	DATA	Keypress: t
291.1764	DATA	Keypress: t
291.7000	DATA	Keypress: t
292.3754	DATA	Keypress: t
293.0169	DATA	Keypress: t
293.6248	DATA	Keypress: t
294.1819	DATA	Keypress: t
294.7390	DATA	Keypress: t
295.2963	DATA	Keypress: t
295.8363	DATA	Keypress: t
296.3769	DATA	Keypress: t
296.9169	DATA	Keypress: t
297.4586	DATA	Keypress: t
298.0314	DATA	Keypress: t
298.5884	DATA	Keypress: t
299.1627	DATA	Keypress: t
299.7536	DATA	Keypress: t
300.3107	DATA	Keypress: t
300.8511	DATA	Keypress: t
301.4264	DATA	Keypress: t
301.9485	DATA	Keypress: t
302.5223	DATA	Keypress: t
303.0797	DATA	Keypress: t
303.6368	DATA	Keypress: t
304.1603	DATA	Keypress: t
304.7004	DATA	Keypress: t
305.2409	DATA	Keypress: t
305.7642	DATA	Keypress: t
306.3214	DATA	Keypress: t
306.8279	DATA	Keypress: t
307.2835	DATA	Keypress: t
307.7735	DATA	Keypress: t
308.2629	DATA	Keypress: t
308.7700	DATA	Keypress: t
309.2760	DATA	Keypress: t
309.7321	DATA	Keypress: t
310.2723	DATA	Keypress: t
311.3191	DATA	Keypress: t
311.6736	DATA	Keypress: t
312.8385	DATA	Keypress: v
313.4127	DATA	Keypress: v
314.0036	DATA	Keypress: v
314.5944	DATA	Keypress: v
315.1348	DATA	Keypress: v
315.6749	DATA	Keypress: v
316.2324	DATA	Keypress: v
316.3159	DATA	earn v
319.7441	DATA	Keypress: v
320.2843	DATA	Keypress: v
320.7909	DATA	Keypress: v
321.3310	DATA	Keypress: v
321.9053	DATA	Keypress: v
322.5299	DATA	Keypress: v
323.5429	DATA	Keypress: v
323.8124	DATA	earn v
326.2275	DATA	Keypress: v
326.2436	DATA	earn v
328.0845	DATA	Keypress: v
328.2697	DATA	earn v
330.1277	DATA	Keypress: v
330.2957	DATA	earn v
330.5499	DATA	Keypress: v
332.3901	DATA	Keypress: v
332.4062	DATA	earn v
332.9306	DATA	Keypress: v
333.5055	DATA	Keypress: v
336.3745	DATA	Keypress: v
336.8979	DATA	Keypress: v
337.4046	DATA	Keypress: v
338.0631	DATA	Keypress: v
338.6034	DATA	Keypress: v
339.2618	DATA	Keypress: v
339.4299	DATA	earn v
341.1361	DATA	Keypress: v
341.4560	DATA	earn v
341.6266	DATA	Keypress: v
344.3101	DATA	Keypress: v
344.3263	DATA	earn v
345.4411	DATA	Keypress: v
346.0324	DATA	Keypress: v
346.5726	DATA	Keypress: v
347.2984	DATA	Keypress: v
348.0078	DATA	Keypress: v
348.7165	DATA	Keypress: v
349.3913	DATA	earn v
349.5775	DATA	Keypress: v
350.5579	DATA	start rating L
357.1148	DATA	Keypress: t
357.5066	DATA	Keypress: t
357.9587	DATA	Keypress: t
370.4121	DATA	1.0
370.4121	DATA	end rating L
370.5849	DATA	start rating R
372.5975	DATA	Keypress: v
372.9356	DATA	Keypress: v
373.3568	DATA	Keypress: v
380.4070	DATA	7.0
380.4070	DATA	end rating R
384.2910	DATA	Keypress: t
384.8144	DATA	Keypress: t
385.3378	DATA	Keypress: t
385.8102	DATA	Keypress: t
386.3172	DATA	Keypress: t
386.3332	DATA	earn t
389.0018	DATA	Keypress: v
389.6432	DATA	Keypress: v
390.1836	DATA	Keypress: v
390.7066	DATA	Keypress: v
391.2978	DATA	Keypress: v
391.9056	DATA	Keypress: v
392.5471	DATA	Keypress: v
393.1210	DATA	Keypress: v
393.6613	DATA	Keypress: v
394.2356	DATA	Keypress: v
394.8432	DATA	Keypress: v
395.5356	DATA	Keypress: v
396.1281	DATA	Keypress: v
396.7004	DATA	Keypress: v
397.2917	DATA	Keypress: v
397.8827	DATA	Keypress: v
398.4564	DATA	Keypress: v
398.9968	DATA	Keypress: v
399.5539	DATA	Keypress: v
400.2310	DATA	Keypress: v
402.0865	DATA	Keypress: t
402.8633	DATA	Keypress: t
403.5217	DATA	Keypress: t
404.2139	DATA	Keypress: t
404.9748	DATA	Keypress: t
405.6324	DATA	Keypress: t
406.2394	DATA	earn t
406.3798	DATA	Keypress: t
409.3129	DATA	Keypress: t
410.0222	DATA	Keypress: t
410.6469	DATA	Keypress: t
411.2714	DATA	Keypress: t
411.8961	DATA	Keypress: t
412.4701	DATA	Keypress: t
413.1119	DATA	Keypress: t
413.7703	DATA	Keypress: t
414.3943	DATA	earn t
414.5412	DATA	Keypress: t
419.3080	DATA	Keypress: t
419.8314	DATA	Keypress: t
420.2875	DATA	Keypress: t
420.8444	DATA	Keypress: t
421.3344	DATA	Keypress: t
421.9084	DATA	Keypress: t
422.4653	DATA	Keypress: t
422.9550	DATA	Keypress: t
423.4784	DATA	Keypress: t
423.9682	DATA	Keypress: t
424.6265	DATA	Keypress: t
425.2342	DATA	Keypress: t
425.8757	DATA	Keypress: t
426.5008	DATA	Keypress: t
427.1758	DATA	Keypress: t
427.8343	DATA	Keypress: t
428.4592	DATA	Keypress: t
429.0498	DATA	Keypress: t
429.5902	DATA	Keypress: t
430.1642	DATA	Keypress: t
430.7214	DATA	Keypress: t
431.2958	DATA	Keypress: t
431.8189	DATA	Keypress: t
432.3257	DATA	Keypress: t
432.8489	DATA	Keypress: t
433.3892	DATA	Keypress: t
433.5068	DATA	earn t
433.8451	DATA	Keypress: t
437.6608	DATA	Keypress: v
438.2180	DATA	Keypress: v
438.7580	DATA	Keypress: v
439.3152	DATA	Keypress: v
439.8894	DATA	Keypress: v
440.4636	DATA	Keypress: v
440.7162	DATA	earn v
441.0221	DATA	Keypress: v
441.8883	DATA	start rating L
453.2343	DATA	Keypress: t
453.5719	DATA	Keypress: t
454.1966	DATA	Keypress: t
457.0673	DATA	Keypress: v
457.4217	DATA	Keypress: v
457.6961	DATA	Keypress: v
457.9844	DATA	Keypress: v
458.3842	DATA	Keypress: v
459.1945	DATA	Keypress: v
461.7198	DATA	7.0
461.7198	DATA	end rating L
461.8984	DATA	start rating R
464.1948	DATA	Keypress: t
464.4832	DATA	Keypress: t
464.9011	DATA	Keypress: t
471.7319	DATA	1.0
471.7319	DATA	end rating R
474.1976	DATA	Keypress: t
474.7547	DATA	Keypress: t
475.2948	DATA	Keypress: t
475.8690	DATA	Keypress: t
476.4261	DATA	Keypress: t
476.9665	DATA	Keypress: t
477.5249	DATA	Keypress: t
478.0805	DATA	Keypress: t
478.6382	DATA	Keypress: t
479.2122	DATA	Keypress: t
479.2790	DATA	earn t
481.8798	DATA	Keypress: v
481.8960	DATA	earn v
485.2904	DATA	Keypress: t
485.7808	DATA	Keypress: t
486.3372	DATA	Keypress: t
486.8607	DATA	Keypress: t
487.4174	DATA	Keypress: t
487.9241	DATA	Keypress: t
488.4475	DATA	Keypress: t
488.9204	DATA	Keypress: t
489.4100	DATA	Keypress: t
489.9333	DATA	Keypress: t
490.4398	DATA	Keypress: t
491.0137	DATA	Keypress: t
491.5542	DATA	Keypress: t
492.0606	DATA	Keypress: t
493.6813	DATA	Keypress: v
493.6979	DATA	earn v
495.9105	DATA	Keypress: v
496.4690	DATA	Keypress: v
496.9395	DATA	earn v
499.4896	DATA	Keypress: t
499.9790	DATA	Keypress: t
500.5363	DATA	Keypress: t
501.0430	DATA	Keypress: t
501.6001	DATA	Keypress: t
502.1241	DATA	Keypress: t
502.6469	DATA	Keypress: t
503.1873	DATA	Keypress: t
503.6438	DATA	Keypress: t
504.1494	DATA	Keypress: t
504.6731	DATA	Keypress: t
505.1626	DATA	Keypress: t
505.7029	DATA	Keypress: t
506.2261	DATA	Keypress: t
506.7159	DATA	Keypress: t
507.2564	DATA	Keypress: t
507.7627	DATA	Keypress: t
508.2861	DATA	Keypress: t
508.7757	DATA	Keypress: t
509.2993	DATA	Keypress: t
510.6159	DATA	Keypress: v
511.1566	DATA	Keypress: v
511.6459	DATA	Keypress: v
512.2200	DATA	Keypress: v
513.3342	DATA	Keypress: v
513.6883	DATA	earn v
513.9929	DATA	Keypress: v
516.8125	DATA	Keypress: v
517.4704	DATA	Keypress: v
517.9946	DATA	Keypress: v
518.5176	DATA	Keypress: v
518.8547	DATA	earn v
519.0749	DATA	Keypress: v
521.2524	DATA	Keypress: t
521.8097	DATA	Keypress: t
522.2825	DATA	Keypress: t
522.8059	DATA	Keypress: t
523.3463	DATA	Keypress: t
523.8867	DATA	Keypress: t
524.4101	DATA	Keypress: t
524.9165	DATA	Keypress: t
525.4735	DATA	Keypress: t
525.9801	DATA	Keypress: t
526.5372	DATA	Keypress: t
527.0775	DATA	Keypress: t
527.6009	DATA	Keypress: t
528.0736	DATA	Keypress: t
528.6308	DATA	Keypress: t
529.1711	DATA	Keypress: t
529.7454	DATA	Keypress: t
530.2687	DATA	Keypress: t
530.9614	DATA	Keypress: t
531.4340	DATA	Keypress: t
532.2614	DATA	Keypress: v
532.9197	DATA	Keypress: v
533.4600	DATA	Keypress: v
534.0003	DATA	Keypress: v
534.5406	DATA	Keypress: v
535.0979	DATA	Keypress: v
535.6889	DATA	Keypress: v
536.2459	DATA	Keypress: v
536.8370	DATA	Keypress: v
537.4276	DATA	Keypress: v
538.0018	DATA	Keypress: v
538.5589	DATA	Keypress: v
539.7239	DATA	Keypress: v
540.2473	DATA	Keypress: v
540.7550	DATA	Keypress: v
541.3111	DATA	Keypress: v
541.9189	DATA	Keypress: v
542.4251	DATA	Keypress: v
543.6917	DATA	Keypress: t
544.1146	DATA	Keypress: t
544.6203	DATA	Keypress: t
545.1435	DATA	Keypress: t
545.6840	DATA	Keypress: t
546.1567	DATA	Keypress: t
546.6126	DATA	Keypress: t
547.1023	DATA	Keypress: t
547.5580	DATA	Keypress: t
548.0816	DATA	Keypress: t
548.5712	DATA	Keypress: t
549.0608	DATA	Keypress: t
549.5503	DATA	Keypress: t
549.9893	DATA	Keypress: t
550.4789	DATA	Keypress: t
551.7115	DATA	Keypress: v
551.8121	DATA	earn v
552.9777	DATA	start rating L
560.9876	DATA	Keypress: t
561.3123	DATA	Keypress: t
561.6795	DATA	Keypress: t
572.8157	DATA	1.0
572.8157	DATA	end rating L
572.9899	DATA	start rating R
576.4869	DATA	Keypress: v
576.7913	DATA	Keypress: v
577.1323	DATA	Keypress: v
582.8278	DATA	7.0
582.8278	DATA	end rating R
585.4791	DATA	Keypress: t
586.1544	DATA	Keypress: t
586.6274	DATA	Keypress: t
587.1170	DATA	Keypress: t
587.6405	DATA	Keypress: t
588.1469	DATA	Keypress: t
588.6535	DATA	Keypress: t
589.1612	DATA	Keypress: t
589.6495	DATA	Keypress: t
590.1393	DATA	Keypress: t
590.6622	DATA	Keypress: t
591.1860	DATA	Keypress: t
591.7431	DATA	Keypress: t
592.2329	DATA	Keypress: t
592.7731	DATA	Keypress: t
593.2797	DATA	Keypress: t
593.7860	DATA	Keypress: t
594.3095	DATA	Keypress: t
594.8329	DATA	Keypress: t
595.3563	DATA	Keypress: t
595.6257	DATA	earn t
597.9059	DATA	Keypress: v
598.4813	DATA	Keypress: v
598.9863	DATA	Keypress: v
599.5097	DATA	Keypress: v
600.1009	DATA	Keypress: v
600.6252	DATA	Keypress: v
601.1982	DATA	Keypress: v
601.6879	DATA	Keypress: v
602.2112	DATA	Keypress: v
602.7683	DATA	Keypress: v
603.3254	DATA	Keypress: v
603.8826	DATA	Keypress: v
604.4061	DATA	Keypress: v
604.9293	DATA	Keypress: v
605.5205	DATA	Keypress: v
606.0607	DATA	Keypress: v
606.5840	DATA	Keypress: v
607.1749	DATA	Keypress: v
607.6652	DATA	Keypress: v
608.1544	DATA	Keypress: v
608.7791	DATA	Keypress: v
609.3868	DATA	Keypress: v
609.9607	DATA	Keypress: v
610.5347	DATA	Keypress: v
611.1426	DATA	Keypress: v
611.6661	DATA	Keypress: v
612.2233	DATA	Keypress: v
612.7637	DATA	Keypress: v
613.2363	DATA	Keypress: v
613.8102	DATA	Keypress: v
616.2585	DATA	Keypress: t
616.2747	DATA	earn t
619.6519	DATA	Keypress: v
620.1765	DATA	Keypress: v
620.7160	DATA	Keypress: v
621.1887	DATA	Keypress: v
621.7119	DATA	Keypress: v
622.1848	DATA	Keypress: v
622.7081	DATA	Keypress: v
623.2316	DATA	Keypress: v
623.7223	DATA	Keypress: v
624.2614	DATA	Keypress: v
624.7849	DATA	Keypress: v
625.2744	DATA	Keypress: v
625.7473	DATA	Keypress: v
626.2200	DATA	Keypress: v
626.6756	DATA	Keypress: v
627.2329	DATA	Keypress: v
627.6887	DATA	Keypress: v
628.1613	DATA	Keypress: v
628.6007	DATA	Keypress: v
629.0400	DATA	Keypress: v
629.6306	DATA	Keypress: v
630.0696	DATA	Keypress: v
630.5086	DATA	Keypress: v
630.9305	DATA	Keypress: v
631.4203	DATA	Keypress: v
632.6528	DATA	Keypress: t
633.3619	DATA	Keypress: t
633.9865	DATA	Keypress: t
634.5607	DATA	Keypress: t
634.8637	DATA	earn t
635.1010	DATA	Keypress: t
638.3085	DATA	Keypress: v
638.8322	DATA	Keypress: v
639.3556	DATA	Keypress: v
639.8621	DATA	Keypress: v
640.3012	DATA	Keypress: v
640.7230	DATA	Keypress: v
641.1960	DATA	Keypress: v
641.7700	DATA	Keypress: v
642.2934	DATA	Keypress: v
642.7660	DATA	Keypress: v
643.2558	DATA	Keypress: v
643.7454	DATA	Keypress: v
644.2182	DATA	Keypress: v
644.6911	DATA	Keypress: v
645.1465	DATA	Keypress: v
645.6363	DATA	Keypress: v
646.0586	DATA	Keypress: v
646.5313	DATA	Keypress: v
647.0206	DATA	Keypress: v
647.4767	DATA	Keypress: v
647.9157	DATA	Keypress: v
648.5575	DATA	Keypress: v
648.9794	DATA	Keypress: v
649.4353	DATA	Keypress: v
649.9602	DATA	Keypress: v
650.3809	DATA	Keypress: v
650.8198	DATA	Keypress: v
651.2757	DATA	Keypress: v
653.2343	DATA	Keypress: t
653.8758	DATA	Keypress: t
654.6189	DATA	Keypress: t
655.3446	DATA	Keypress: t
655.9863	DATA	Keypress: t
656.5772	DATA	Keypress: t
657.1514	DATA	Keypress: t
657.7423	DATA	Keypress: t
658.3333	DATA	Keypress: t
658.9073	DATA	Keypress: t
659.3286	DATA	earn t
659.5321	DATA	Keypress: t
660.5013	DATA	start rating L
674.0078	DATA	Keypress: v
674.3123	DATA	Keypress: v
674.7675	DATA	Keypress: v
680.3323	DATA	7.0
680.3324	DATA	end rating L
680.5046	DATA	start rating R
682.0990	DATA	Keypress: t
682.3826	DATA	Keypress: t
682.7874	DATA	Keypress: t
690.3442	DATA	1.0
690.3443	DATA	end rating R
