16.3316	DATA	version D
96.7233	DATA	Keypress: space
101.1980	DATA	Keypress: t
101.2310	DATA	Keypress: t held
107.9353	DATA	Keypress: v
107.9683	DATA	Keypress: v held
108.4756	DATA	Keypress: t
108.8641	DATA	Keypress: v
108.9814	DATA	Keypress: v held
109.2525	DATA	Keypress: t
109.6239	DATA	Keypress: v
109.9955	DATA	Keypress: t
110.0283	DATA	Keypress: t held
110.3162	DATA	Keypress: v
110.7552	DATA	Keypress: t
111.1096	DATA	Keypress: v
111.1427	DATA	Keypress: v held
111.5319	DATA	Keypress: t
111.8865	DATA	Keypress: v
112.3086	DATA	Keypress: t
112.3416	DATA	Keypress: t held
112.3416	DATA	earn t
112.6971	DATA	Keypress: v
115.4493	DATA	Keypress: t
115.4822	DATA	Keypress: t held
115.9052	DATA	Keypress: v
116.3611	DATA	Keypress: t
116.4954	DATA	Keypress: t held
116.7327	DATA	Keypress: v
117.1210	DATA	Keypress: t
117.4755	DATA	Keypress: v
117.5085	DATA	Keypress: v held
117.8302	DATA	Keypress: t
118.2017	DATA	Keypress: v
118.5571	DATA	Keypress: t
118.5892	DATA	Keypress: t held
118.9277	DATA	Keypress: v
119.2991	DATA	Keypress: t
119.6369	DATA	Keypress: v
119.6699	DATA	Keypress: v held
119.9915	DATA	Keypress: t
120.3460	DATA	Keypress: v
120.7007	DATA	Keypress: t
120.7336	DATA	Keypress: t held
120.7337	DATA	earn t
121.0553	DATA	Keypress: v
130.9839	DATA	Keypress: t
131.0168	DATA	Keypress: t held
131.4229	DATA	Keypress: v
131.8459	DATA	Keypress: t
132.0300	DATA	Keypress: t held
132.0300	DATA	earn t
132.3010	DATA	Keypress: v
132.7231	DATA	Keypress: t
133.1452	DATA	Keypress: v
133.6012	DATA	Keypress: t
134.0230	DATA	Keypress: v
134.0562	DATA	Keypress: v held
134.4462	DATA	Keypress: t
134.8844	DATA	Keypress: v
135.0693	DATA	Keypress: v held
135.3403	DATA	Keypress: t
135.7625	DATA	Keypress: v
136.1846	DATA	Keypress: t
136.2175	DATA	Keypress: t held
136.5899	DATA	Keypress: v
136.9951	DATA	Keypress: t
137.3665	DATA	Keypress: v
137.3995	DATA	Keypress: v held
137.7887	DATA	Keypress: t
138.1602	DATA	Keypress: v
138.5655	DATA	Keypress: t
138.5984	DATA	Keypress: t held
138.9369	DATA	Keypress: v
139.3253	DATA	Keypress: t
139.6799	DATA	Keypress: v
139.7129	DATA	Keypress: v held
140.0860	DATA	Keypress: t
140.4566	DATA	Keypress: v
140.8618	DATA	Keypress: t
140.8948	DATA	Keypress: t held
141.2164	DATA	Keypress: v
141.6217	DATA	Keypress: t
141.9594	DATA	Keypress: v
141.9923	DATA	Keypress: v held
142.3477	DATA	Keypress: t
142.7024	DATA	Keypress: v
143.0738	DATA	Keypress: t
143.1068	DATA	Keypress: t held
143.4453	DATA	Keypress: v
143.8168	DATA	Keypress: t
144.2052	DATA	Keypress: v
144.2381	DATA	Keypress: v held
144.6104	DATA	Keypress: t
145.1676	DATA	Keypress: v
145.2512	DATA	Keypress: v held
145.6237	DATA	Keypress: t
145.9950	DATA	Keypress: t
146.3496	DATA	Keypress: t
146.3825	DATA	Keypress: t held
146.7548	DATA	Keypress: v
147.0925	DATA	Keypress: v
147.3964	DATA	Keypress: v
147.4294	DATA	Keypress: v held
147.4295	DATA	earn v
147.8186	DATA	Keypress: t
149.0851	DATA	Keypress: t
149.4565	DATA	Keypress: t
149.4894	DATA	Keypress: t held
149.7942	DATA	Keypress: t
150.1151	DATA	Keypress: t
150.4358	DATA	Keypress: t
150.5026	DATA	Keypress: t held
150.8918	DATA	Keypress: v
151.2295	DATA	Keypress: v
151.5334	DATA	Keypress: v
151.5664	DATA	Keypress: v held
151.8036	DATA	Keypress: v
152.0906	DATA	Keypress: v
152.5123	DATA	Keypress: t
152.5795	DATA	Keypress: t held
152.8838	DATA	Keypress: t
153.2046	DATA	Keypress: t
153.5086	DATA	Keypress: t
153.5926	DATA	Keypress: t held
153.7957	DATA	Keypress: t
154.2687	DATA	Keypress: v
154.6068	DATA	Keypress: v
154.6395	DATA	Keypress: v held
154.9269	DATA	Keypress: v
155.1972	DATA	Keypress: v
155.6869	DATA	Keypress: t
155.7201	DATA	Keypress: t held
156.0414	DATA	Keypress: t
156.3791	DATA	Keypress: t
156.6663	DATA	Keypress: t
156.7333	DATA	Keypress: t held
163.5399	DATA	start rating L
163.5632	DATA	Keypress: v
163.5639	DATA	Keypress: v
163.5645	DATA	Keypress: v
163.5649	DATA	Keypress: v
163.5652	DATA	Keypress: v
163.5656	DATA	Keypress: v
165.6568	DATA	Keypress: t
166.0312	DATA	Keypress: t
166.6864	DATA	Keypress: t
173.3998	DATA	4.0
173.3998	DATA	end rating L
173.5273	DATA	start rating R
180.2622	DATA	Keypress: t
180.6211	DATA	Keypress: t
183.4126	DATA	2.0
183.4126	DATA	end rating R
185.4224	DATA	Keypress: t
185.4553	DATA	Keypress: t held
185.7771	DATA	Keypress: v
186.1991	DATA	Keypress: t
186.5540	DATA	Keypress: v
186.5867	DATA	Keypress: v held
186.5867	DATA	earn v
186.9421	DATA	Keypress: t
187.2967	DATA	Keypress: v
187.8877	DATA	Keypress: t
188.3774	DATA	Keypress: v
188.7658	DATA	Keypress: t
188.7987	DATA	Keypress: t held
189.1213	DATA	Keypress: v
189.5255	DATA	Keypress: t
189.9139	DATA	Keypress: t
189.9469	DATA	Keypress: t held
190.2685	DATA	Keypress: t
190.6232	DATA	Keypress: v
190.9608	DATA	Keypress: v
190.9938	DATA	Keypress: v held
191.3491	DATA	Keypress: t
191.7546	DATA	Keypress: t
192.3792	DATA	Keypress: v
192.4121	DATA	Keypress: v held
192.8689	DATA	Keypress: t
193.2403	DATA	Keypress: t
193.4252	DATA	Keypress: t held
193.5950	DATA	Keypress: t
193.9327	DATA	Keypress: t
194.2366	DATA	Keypress: t
194.4384	DATA	Keypress: t held
194.7263	DATA	Keypress: v
195.0818	DATA	Keypress: v
195.4017	DATA	Keypress: v
195.4515	DATA	Keypress: v held
195.4515	DATA	earn v
195.6899	DATA	Keypress: v
196.4317	DATA	Keypress: t
196.8367	DATA	Keypress: t
197.1747	DATA	Keypress: t
197.5292	DATA	Keypress: t
197.5622	DATA	Keypress: t held
197.8838	DATA	Keypress: t
198.3904	DATA	Keypress: v
198.5753	DATA	Keypress: v held
198.5754	DATA	earn v
198.7463	DATA	Keypress: v
199.0996	DATA	Keypress: v
199.4542	DATA	Keypress: v
200.2139	DATA	Keypress: t
200.5858	DATA	Keypress: t
200.6185	DATA	Keypress: t held
200.9401	DATA	Keypress: t
201.3115	DATA	Keypress: t
201.6662	DATA	Keypress: t
201.6991	DATA	Keypress: t held
202.0207	DATA	Keypress: t
202.3754	DATA	Keypress: t
203.0339	DATA	Keypress: v
203.0668	DATA	Keypress: v held
203.4052	DATA	Keypress: v
203.7262	DATA	Keypress: v
204.0639	DATA	Keypress: v
204.0968	DATA	Keypress: v held
204.6211	DATA	Keypress: t
205.0095	DATA	Keypress: t
205.1099	DATA	Keypress: t held
205.3809	DATA	Keypress: t
205.7355	DATA	Keypress: t
206.0901	DATA	Keypress: t
206.1231	DATA	Keypress: t held
206.6136	DATA	Keypress: v
207.0019	DATA	Keypress: v
207.1362	DATA	Keypress: v held
207.3565	DATA	Keypress: v
207.6774	DATA	Keypress: v
207.9644	DATA	Keypress: v
208.1493	DATA	Keypress: v held
208.5047	DATA	Keypress: t
208.8595	DATA	Keypress: t
209.1971	DATA	Keypress: t
209.2300	DATA	Keypress: t held
209.7205	DATA	Keypress: v
210.0582	DATA	Keypress: v
210.5479	DATA	Keypress: t
210.5809	DATA	Keypress: t held
210.9194	DATA	Keypress: t
211.2740	DATA	Keypress: t
211.7636	DATA	Keypress: v
211.7966	DATA	Keypress: v held
212.1013	DATA	Keypress: v
212.4053	DATA	Keypress: v
212.9119	DATA	Keypress: t
212.9448	DATA	Keypress: t held
213.2833	DATA	Keypress: t
213.6379	DATA	Keypress: t
213.9418	DATA	Keypress: t
213.9748	DATA	Keypress: t held
214.2795	DATA	Keypress: t
214.7694	DATA	Keypress: v
215.1407	DATA	Keypress: v
215.1737	DATA	Keypress: v held
215.4447	DATA	Keypress: v
215.9681	DATA	Keypress: t
216.3066	DATA	Keypress: t
216.3387	DATA	Keypress: t held
216.3388	DATA	earn t
216.6436	DATA	Keypress: t
216.9643	DATA	Keypress: t
217.3561	DATA	Keypress: t
217.9099	DATA	Keypress: v
218.2814	DATA	Keypress: v
218.3650	DATA	Keypress: v held
218.3650	DATA	earn v
218.7556	DATA	Keypress: t
219.1257	DATA	Keypress: t
219.4803	DATA	Keypress: t
220.0039	DATA	Keypress: v
220.3419	DATA	Keypress: v
220.3912	DATA	Keypress: v held
220.6792	DATA	Keypress: v
221.0337	DATA	Keypress: v
221.4727	DATA	Keypress: t
221.5056	DATA	Keypress: t held
221.8275	DATA	Keypress: t
222.1819	DATA	Keypress: t
222.5196	DATA	Keypress: t
222.5526	DATA	Keypress: t held
223.0769	DATA	Keypress: v
223.4314	DATA	Keypress: v
223.5657	DATA	Keypress: v held
223.8198	DATA	Keypress: v
224.2927	DATA	Keypress: t
224.6472	DATA	Keypress: t
224.6801	DATA	Keypress: t held
225.0187	DATA	Keypress: t
225.3226	DATA	Keypress: t
225.6097	DATA	Keypress: t
225.6933	DATA	Keypress: t held
226.0824	DATA	Keypress: v
226.3873	DATA	Keypress: v
226.7072	DATA	Keypress: v
226.7402	DATA	Keypress: v held
227.0111	DATA	Keypress: v
227.5008	DATA	Keypress: t
227.8722	DATA	Keypress: t
227.9053	DATA	Keypress: t held
228.1763	DATA	Keypress: t
228.4801	DATA	Keypress: t
228.8179	DATA	Keypress: t
228.9184	DATA	Keypress: t held
229.3245	DATA	Keypress: v
229.6622	DATA	Keypress: v
229.9492	DATA	Keypress: v
229.9821	DATA	Keypress: v held
230.5233	DATA	Keypress: t
230.8610	DATA	Keypress: t
230.9953	DATA	Keypress: t held
231.1987	DATA	Keypress: t
231.4857	DATA	Keypress: t
232.0093	DATA	Keypress: v
232.0422	DATA	Keypress: v held
232.3639	DATA	Keypress: v
232.7015	DATA	Keypress: v
233.0392	DATA	Keypress: v
233.0722	DATA	Keypress: v held
233.0722	DATA	earn v
233.6134	DATA	Keypress: t
234.0186	DATA	Keypress: t
234.3562	DATA	Keypress: t
234.7278	DATA	Keypress: t
235.2850	DATA	Keypress: v
235.3179	DATA	Keypress: v held
235.3179	DATA	earn v
235.6227	DATA	Keypress: v
235.9435	DATA	Keypress: v
236.5514	DATA	Keypress: t
236.9060	DATA	Keypress: t
237.2774	DATA	Keypress: t
237.3442	DATA	Keypress: t held
237.6152	DATA	Keypress: t
238.2060	DATA	Keypress: v
238.5270	DATA	Keypress: v
238.5599	DATA	Keypress: v held
238.5600	DATA	earn v
238.8816	DATA	Keypress: v
239.2868	DATA	Keypress: v
239.8778	DATA	Keypress: t
240.2493	DATA	Keypress: t
240.5870	DATA	Keypress: t
240.6200	DATA	Keypress: t held
240.9078	DATA	Keypress: t
241.4988	DATA	Keypress: v
241.6331	DATA	Keypress: v held
241.8366	DATA	Keypress: v
242.1573	DATA	Keypress: v
242.4781	DATA	Keypress: v
243.1029	DATA	Keypress: t
243.1359	DATA	Keypress: t held
249.1315	DATA	start rating L
249.1403	DATA	Keypress: t
249.1412	DATA	Keypress: t
249.1415	DATA	Keypress: t
249.1419	DATA	Keypress: t
249.1423	DATA	Keypress: v
249.1426	DATA	Keypress: v
259.0256	DATA	3.0
259.0256	DATA	end rating L
259.1492	DATA	start rating R
259.2053	DATA	Keypress: t
267.9479	DATA	Keypress: v
269.0215	DATA	4.0
269.0215	DATA	end rating R
269.6138	DATA	Keypress: v
270.0520	DATA	Keypress: t
270.0850	DATA	Keypress: t held
270.3736	DATA	Keypress: t
270.7950	DATA	Keypress: v
271.1158	DATA	Keypress: v
271.1487	DATA	Keypress: v held
271.5041	DATA	Keypress: t
271.8588	DATA	Keypress: t
272.2641	DATA	Keypress: v
272.2969	DATA	Keypress: v held
272.5342	DATA	Keypress: v
272.9563	DATA	Keypress: t
273.2771	DATA	Keypress: t
273.3101	DATA	Keypress: t held
273.3101	DATA	earn t
273.5472	DATA	Keypress: t
274.0708	DATA	Keypress: v
274.3748	DATA	Keypress: v
274.7799	DATA	Keypress: t
275.1345	DATA	Keypress: t
275.4046	DATA	Keypress: t
275.4376	DATA	Keypress: t held
275.7931	DATA	Keypress: v
276.1139	DATA	Keypress: v
276.3498	DATA	Keypress: v
276.4507	DATA	Keypress: v held
276.7889	DATA	Keypress: t
277.1097	DATA	Keypress: t
277.3630	DATA	Keypress: t
277.4638	DATA	Keypress: t held
277.8358	DATA	Keypress: v
278.1566	DATA	Keypress: v
278.7138	DATA	Keypress: t
278.7472	DATA	Keypress: t held
279.0515	DATA	Keypress: t
279.3217	DATA	Keypress: t
279.7607	DATA	Keypress: v
279.7940	DATA	Keypress: v held
280.0646	DATA	Keypress: v
280.3348	DATA	Keypress: v
280.7907	DATA	Keypress: t
280.8240	DATA	Keypress: t held
281.1453	DATA	Keypress: t
281.3986	DATA	Keypress: t
281.8545	DATA	Keypress: v
281.8878	DATA	Keypress: v held
282.4290	DATA	Keypress: v
282.9187	DATA	Keypress: t
282.9516	DATA	Keypress: t held
283.2564	DATA	Keypress: t
283.5265	DATA	Keypress: t
284.0669	DATA	Keypress: v
284.0998	DATA	Keypress: v held
284.0999	DATA	earn v
284.6748	DATA	Keypress: v
285.5029	DATA	Keypress: t
285.8399	DATA	Keypress: t
286.1438	DATA	Keypress: t
286.1767	DATA	Keypress: t held
286.4309	DATA	Keypress: t
286.9374	DATA	Keypress: v
287.2580	DATA	Keypress: v
287.2912	DATA	Keypress: v held
287.5283	DATA	Keypress: v
287.8154	DATA	Keypress: v
288.1869	DATA	Keypress: v
288.3043	DATA	Keypress: v held
288.6935	DATA	Keypress: t
289.0153	DATA	Keypress: t
289.3350	DATA	Keypress: t
289.3681	DATA	Keypress: t held
289.6391	DATA	Keypress: t
289.9261	DATA	Keypress: t
290.3991	DATA	Keypress: v
290.4319	DATA	Keypress: v held
290.4319	DATA	earn v
291.0744	DATA	Keypress: v
291.3107	DATA	Keypress: v
291.8511	DATA	Keypress: t
292.2057	DATA	Keypress: t
292.5096	DATA	Keypress: t
292.5425	DATA	Keypress: t held
292.5425	DATA	earn t
292.7968	DATA	Keypress: t
293.3539	DATA	Keypress: v
293.7086	DATA	Keypress: v
294.2995	DATA	Keypress: v
294.8736	DATA	Keypress: t
294.9065	DATA	Keypress: t held
295.2112	DATA	Keypress: t
295.5152	DATA	Keypress: t
295.7854	DATA	Keypress: t
296.0893	DATA	Keypress: t
296.1222	DATA	Keypress: t held
296.4439	DATA	Keypress: t
297.0011	DATA	Keypress: v
297.9636	DATA	Keypress: v
297.9965	DATA	Keypress: v held
298.3012	DATA	Keypress: v
299.1793	DATA	Keypress: t
299.2123	DATA	Keypress: t held
299.5171	DATA	Keypress: t
299.8379	DATA	Keypress: t
300.3782	DATA	Keypress: t
300.4111	DATA	Keypress: t held
300.6822	DATA	Keypress: t
301.2562	DATA	Keypress: v
301.6446	DATA	Keypress: v
301.6775	DATA	Keypress: v held
301.9654	DATA	Keypress: v
302.2863	DATA	Keypress: v
303.4513	DATA	Keypress: t
303.4842	DATA	Keypress: t held
303.8228	DATA	Keypress: t
304.1267	DATA	Keypress: t
304.4476	DATA	Keypress: t
304.4974	DATA	Keypress: t held
304.7515	DATA	Keypress: t
305.6127	DATA	Keypress: v
305.6456	DATA	Keypress: v held
306.2205	DATA	Keypress: v
307.0648	DATA	Keypress: t
307.0977	DATA	Keypress: t held
307.4025	DATA	Keypress: t
307.7070	DATA	Keypress: t
308.3144	DATA	Keypress: v
308.3473	DATA	Keypress: v held
308.3473	DATA	earn v
308.6352	DATA	Keypress: v
309.6321	DATA	Keypress: t
309.9860	DATA	Keypress: t
310.3575	DATA	Keypress: t
310.3904	DATA	Keypress: t held
310.6783	DATA	Keypress: t
310.9991	DATA	Keypress: t
311.3199	DATA	Keypress: t
311.4035	DATA	Keypress: t held
311.8434	DATA	Keypress: v
312.7892	DATA	Keypress: v
312.8219	DATA	Keypress: v held
313.1773	DATA	Keypress: v
313.7852	DATA	Keypress: t
313.8350	DATA	Keypress: t held
313.8351	DATA	earn t
314.1398	DATA	Keypress: t
314.4437	DATA	Keypress: t
314.7815	DATA	Keypress: t
315.1191	DATA	Keypress: t
315.6594	DATA	Keypress: v
316.6557	DATA	Keypress: v
316.6887	DATA	Keypress: v held
316.6887	DATA	earn v
316.9594	DATA	Keypress: v
317.9727	DATA	Keypress: t
318.3442	DATA	Keypress: t
318.6314	DATA	Keypress: t
318.7149	DATA	Keypress: t held
319.2393	DATA	Keypress: t
319.5937	DATA	Keypress: t
319.7280	DATA	Keypress: t held
319.9653	DATA	Keypress: t
320.3029	DATA	Keypress: t
320.6239	DATA	Keypress: t
320.7412	DATA	Keypress: t held
321.1641	DATA	Keypress: v
322.4813	DATA	Keypress: v
322.5141	DATA	Keypress: v held
322.8020	DATA	Keypress: v
324.1360	DATA	Keypress: t
324.1689	DATA	Keypress: t held
324.4905	DATA	Keypress: t
324.8282	DATA	Keypress: t
325.1153	DATA	Keypress: t
325.1820	DATA	Keypress: t held
325.6557	DATA	Keypress: t
327.0571	DATA	Keypress: v
327.0901	DATA	Keypress: v held
327.8170	DATA	Keypress: v
328.4586	DATA	Keypress: v
328.4915	DATA	Keypress: v held
328.8301	DATA	Keypress: v
334.8652	DATA	start rating L
334.8740	DATA	Keypress: v
334.8745	DATA	Keypress: v
334.8751	DATA	Keypress: v
334.8759	DATA	Keypress: v
334.8763	DATA	Keypress: t
334.8770	DATA	Keypress: t
334.8778	DATA	Keypress: t
334.8785	DATA	Keypress: t
334.8789	DATA	Keypress: t
344.7697	DATA	2.0
344.7697	DATA	end rating L
344.9059	DATA	start rating R
349.8461	DATA	Keypress: v
351.7713	DATA	Keypress: v
354.7658	DATA	6.0
354.7658	DATA	end rating R
357.1976	DATA	Keypress: v
357.2305	DATA	Keypress: v held
357.7717	DATA	Keypress: t
358.3626	DATA	Keypress: v
358.3956	DATA	Keypress: v held
358.8524	DATA	Keypress: t
359.2913	DATA	Keypress: v
359.4087	DATA	Keypress: v held
359.7472	DATA	Keypress: t
360.1862	DATA	Keypress: v
360.6253	DATA	Keypress: t
360.6582	DATA	Keypress: t held
360.6583	DATA	earn t
361.6385	DATA	Keypress: v
362.2463	DATA	Keypress: t
362.9892	DATA	Keypress: v
363.0222	DATA	Keypress: v held
363.4958	DATA	Keypress: t
364.1374	DATA	Keypress: v
364.1704	DATA	Keypress: v held
364.5934	DATA	Keypress: t
365.0663	DATA	Keypress: v
365.1835	DATA	Keypress: v held
365.5052	DATA	Keypress: t
365.9611	DATA	Keypress: v
366.4507	DATA	Keypress: t
366.4837	DATA	Keypress: t held
366.4837	DATA	earn t
366.9068	DATA	Keypress: v
367.4468	DATA	Keypress: t
367.9367	DATA	Keypress: v
368.4263	DATA	Keypress: t
368.5099	DATA	Keypress: t held
368.9668	DATA	Keypress: v
369.4901	DATA	Keypress: t
369.5230	DATA	Keypress: t held
369.9966	DATA	Keypress: v
370.4863	DATA	Keypress: t
370.5362	DATA	Keypress: t held
371.0098	DATA	Keypress: v
371.4995	DATA	Keypress: t
371.5493	DATA	Keypress: t held
372.0905	DATA	Keypress: v
372.5295	DATA	Keypress: t
372.5624	DATA	Keypress: t held
372.5625	DATA	earn t
373.0023	DATA	Keypress: v
373.5257	DATA	Keypress: t
374.0154	DATA	Keypress: v
374.5388	DATA	Keypress: t
374.5887	DATA	Keypress: t held
375.0792	DATA	Keypress: v
375.5689	DATA	Keypress: t
375.6018	DATA	Keypress: t held
376.0416	DATA	Keypress: v
376.5314	DATA	Keypress: t
376.6150	DATA	Keypress: t held
376.6150	DATA	earn t
377.0043	DATA	Keypress: v
377.5107	DATA	Keypress: t
378.0848	DATA	Keypress: v
378.5914	DATA	Keypress: t
378.6412	DATA	Keypress: t held
379.1326	DATA	Keypress: v
379.6383	DATA	Keypress: t
379.6712	DATA	Keypress: t held
379.6712	DATA	earn t
380.1616	DATA	Keypress: v
380.7021	DATA	Keypress: t
381.2930	DATA	Keypress: v
381.7996	DATA	Keypress: t
381.8325	DATA	Keypress: t held
382.3230	DATA	Keypress: v
382.8297	DATA	Keypress: t
382.8625	DATA	Keypress: t held
383.3699	DATA	Keypress: v
383.8765	DATA	Keypress: t
383.9094	DATA	Keypress: t held
384.3830	DATA	Keypress: v
384.9065	DATA	Keypress: t
384.9394	DATA	Keypress: t held
385.3961	DATA	Keypress: v
385.9365	DATA	Keypress: t
385.9694	DATA	Keypress: t held
385.9695	DATA	earn t
386.4261	DATA	Keypress: v
386.9867	DATA	Keypress: t
387.5237	DATA	Keypress: v
387.9973	DATA	Keypress: t
388.0295	DATA	Keypress: t held
388.4862	DATA	Keypress: v
389.0096	DATA	Keypress: t
389.0426	DATA	Keypress: t held
389.0426	DATA	earn t
389.4993	DATA	Keypress: v
390.0228	DATA	Keypress: t
390.4955	DATA	Keypress: v
391.0530	DATA	Keypress: t
391.0857	DATA	Keypress: t held
391.5425	DATA	Keypress: v
392.0997	DATA	Keypress: t
392.1326	DATA	Keypress: t held
392.5556	DATA	Keypress: v
393.0959	DATA	Keypress: t
393.1458	DATA	Keypress: t held
393.6025	DATA	Keypress: v
394.1091	DATA	Keypress: t
394.1588	DATA	Keypress: t held
394.5819	DATA	Keypress: v
395.1221	DATA	Keypress: t
395.1720	DATA	Keypress: t held
395.6120	DATA	Keypress: v
396.1184	DATA	Keypress: t
396.1851	DATA	Keypress: t held
396.6248	DATA	Keypress: v
397.1483	DATA	Keypress: t
397.1982	DATA	Keypress: t held
397.1982	DATA	earn t
397.6058	DATA	Keypress: v
398.1446	DATA	Keypress: t
398.6512	DATA	Keypress: v
399.1578	DATA	Keypress: t
399.2245	DATA	Keypress: t held
399.2245	DATA	earn t
399.6306	DATA	Keypress: v
400.1877	DATA	Keypress: t
400.6772	DATA	Keypress: v
401.2005	DATA	Keypress: t
401.2507	DATA	Keypress: t held
401.6902	DATA	Keypress: v
402.1967	DATA	Keypress: t
402.2638	DATA	Keypress: t held
402.7033	DATA	Keypress: v
403.2605	DATA	Keypress: t
403.2938	DATA	Keypress: t held
403.7671	DATA	Keypress: v
404.3415	DATA	Keypress: t
404.3745	DATA	Keypress: t held
404.3745	DATA	earn t
404.8140	DATA	Keypress: v
405.3543	DATA	Keypress: t
405.8778	DATA	Keypress: v
406.4184	DATA	Keypress: t
406.4515	DATA	Keypress: t held
406.8744	DATA	Keypress: v
407.3641	DATA	Keypress: t
407.4645	DATA	Keypress: t held
407.8537	DATA	Keypress: v
408.3603	DATA	Keypress: t
408.4777	DATA	Keypress: t held
408.8331	DATA	Keypress: v
409.2721	DATA	Keypress: v
409.4908	DATA	Keypress: v held
409.7956	DATA	Keypress: t
410.2515	DATA	Keypress: t
410.7749	DATA	Keypress: v
410.8079	DATA	Keypress: v held
411.2646	DATA	Keypress: t
411.7881	DATA	Keypress: v
411.8210	DATA	Keypress: v held
412.2271	DATA	Keypress: t
412.7167	DATA	Keypress: v
412.8341	DATA	Keypress: v held
413.2066	DATA	Keypress: t
413.6793	DATA	Keypress: v
413.8472	DATA	Keypress: v held
414.1857	DATA	Keypress: t
414.6755	DATA	Keypress: v
420.0979	DATA	start rating L
420.1073	DATA	Keypress: t
420.1077	DATA	Keypress: v
420.1081	DATA	Keypress: v
429.9731	DATA	6.0
429.9731	DATA	end rating L
430.0978	DATA	start rating R
436.7865	DATA	Keypress: t
439.9695	DATA	3.0
439.9696	DATA	end rating R
443.3469	DATA	Keypress: v
443.3798	DATA	Keypress: v held
443.8196	DATA	Keypress: t
444.2587	DATA	Keypress: v
444.3929	DATA	Keypress: v held
444.6978	DATA	Keypress: t
445.1198	DATA	Keypress: v
445.5588	DATA	Keypress: t
445.5918	DATA	Keypress: t held
445.9810	DATA	Keypress: v
446.4200	DATA	Keypress: t
446.6049	DATA	Keypress: t held
446.8759	DATA	Keypress: v
447.3148	DATA	Keypress: t
447.7210	DATA	Keypress: v
447.7531	DATA	Keypress: v held
448.1761	DATA	Keypress: t
448.6151	DATA	Keypress: v
448.7663	DATA	Keypress: v held
449.0710	DATA	Keypress: t
449.5100	DATA	Keypress: v
449.9490	DATA	Keypress: t
449.9820	DATA	Keypress: t held
449.9821	DATA	earn t
450.4049	DATA	Keypress: v
450.9453	DATA	Keypress: t
451.3674	DATA	Keypress: v
451.8233	DATA	Keypress: t
452.0082	DATA	Keypress: t held
452.2623	DATA	Keypress: v
452.7183	DATA	Keypress: t
453.1572	DATA	Keypress: v
453.1902	DATA	Keypress: v held
453.6132	DATA	Keypress: t
454.0522	DATA	Keypress: v
454.2033	DATA	Keypress: v held
454.4912	DATA	Keypress: t
454.9302	DATA	Keypress: v
455.4030	DATA	Keypress: t
455.4359	DATA	Keypress: t held
455.8589	DATA	Keypress: v
456.3655	DATA	Keypress: t
456.4491	DATA	Keypress: t held
456.8214	DATA	Keypress: v
457.2773	DATA	Keypress: t
457.4622	DATA	Keypress: t held
457.7163	DATA	Keypress: v
458.1892	DATA	Keypress: t
458.6113	DATA	Keypress: v
458.6442	DATA	Keypress: v held
458.6442	DATA	earn v
459.0672	DATA	Keypress: t
459.5230	DATA	Keypress: v
460.0128	DATA	Keypress: t
460.4517	DATA	Keypress: v
460.6705	DATA	Keypress: v held
460.9077	DATA	Keypress: t
461.3636	DATA	Keypress: v
461.8195	DATA	Keypress: t
461.8524	DATA	Keypress: t held
462.2754	DATA	Keypress: v
462.7989	DATA	Keypress: t
462.8655	DATA	Keypress: t held
463.3054	DATA	Keypress: v
463.9808	DATA	Keypress: v
464.0137	DATA	Keypress: v held
464.4366	DATA	Keypress: t
464.9771	DATA	Keypress: v
465.0269	DATA	Keypress: v held
465.5343	DATA	Keypress: t
465.9902	DATA	Keypress: v
466.0400	DATA	Keypress: v held
466.4460	DATA	Keypress: t
466.8682	DATA	Keypress: v
467.0531	DATA	Keypress: v held
467.3748	DATA	Keypress: t
467.8307	DATA	Keypress: v
468.3541	DATA	Keypress: t
468.3870	DATA	Keypress: t held
468.8607	DATA	Keypress: v
469.3841	DATA	Keypress: t
469.4171	DATA	Keypress: t held
469.8401	DATA	Keypress: v
470.3297	DATA	Keypress: t
470.4302	DATA	Keypress: t held
470.7857	DATA	Keypress: v
471.2585	DATA	Keypress: t
471.4433	DATA	Keypress: t held
471.6983	DATA	Keypress: v
472.2209	DATA	Keypress: t
472.6768	DATA	Keypress: v
472.7097	DATA	Keypress: v held
473.2341	DATA	Keypress: t
473.7406	DATA	Keypress: v
473.7735	DATA	Keypress: v held
473.7736	DATA	earn v
474.2640	DATA	Keypress: t
474.7200	DATA	Keypress: v
475.2096	DATA	Keypress: t
475.6664	DATA	Keypress: v
475.7998	DATA	Keypress: v held
476.1720	DATA	Keypress: t
476.6280	DATA	Keypress: v
476.8129	DATA	Keypress: v held
477.1176	DATA	Keypress: t
477.5567	DATA	Keypress: v
478.0294	DATA	Keypress: t
478.0624	DATA	Keypress: t held
478.0624	DATA	earn t
478.4684	DATA	Keypress: v
478.9412	DATA	Keypress: t
479.3803	DATA	Keypress: v
479.8700	DATA	Keypress: t
480.0886	DATA	Keypress: t held
480.3259	DATA	Keypress: v
480.7818	DATA	Keypress: t
481.2208	DATA	Keypress: v
481.2537	DATA	Keypress: v held
481.6767	DATA	Keypress: t
482.1326	DATA	Keypress: v
482.2668	DATA	Keypress: v held
482.5885	DATA	Keypress: t
483.0442	DATA	Keypress: v
483.4999	DATA	Keypress: t
483.5332	DATA	Keypress: t held
483.9389	DATA	Keypress: v
484.4623	DATA	Keypress: t
484.5463	DATA	Keypress: t held
484.8676	DATA	Keypress: v
485.3404	DATA	Keypress: t
485.7626	DATA	Keypress: v
485.7958	DATA	Keypress: v held
486.2523	DATA	Keypress: t
486.7082	DATA	Keypress: v
486.8090	DATA	Keypress: v held
487.1641	DATA	Keypress: t
487.5863	DATA	Keypress: v
488.0423	DATA	Keypress: t
488.0754	DATA	Keypress: t held
488.4811	DATA	Keypress: v
488.9543	DATA	Keypress: t
489.0886	DATA	Keypress: t held
489.3933	DATA	Keypress: v
489.8661	DATA	Keypress: t
490.2882	DATA	Keypress: v
490.3212	DATA	Keypress: v held
490.3212	DATA	earn v
490.7611	DATA	Keypress: t
491.2338	DATA	Keypress: v
491.7067	DATA	Keypress: t
492.1456	DATA	Keypress: v
492.6355	DATA	Keypress: t
492.6683	DATA	Keypress: t held
493.1419	DATA	Keypress: v
493.6485	DATA	Keypress: t
493.6814	DATA	Keypress: t held
494.1381	DATA	Keypress: v
494.6279	DATA	Keypress: t
494.6945	DATA	Keypress: t held
495.1006	DATA	Keypress: v
495.5903	DATA	Keypress: t
495.7077	DATA	Keypress: t held
496.0125	DATA	Keypress: v
496.5020	DATA	Keypress: t
496.9749	DATA	Keypress: v
497.0078	DATA	Keypress: v held
497.4139	DATA	Keypress: t
497.9036	DATA	Keypress: v
498.0209	DATA	Keypress: v held
498.3763	DATA	Keypress: t
498.8154	DATA	Keypress: v
499.2713	DATA	Keypress: t
499.3042	DATA	Keypress: t held
499.7610	DATA	Keypress: v
505.9599	DATA	start rating L
505.9702	DATA	Keypress: t
505.9711	DATA	Keypress: v
505.9715	DATA	Keypress: t
505.9719	DATA	Keypress: v
505.9722	DATA	Keypress: t
513.0917	DATA	Keypress: t
515.8523	DATA	4.0
515.8523	DATA	end rating L
515.9827	DATA	start rating R
525.8484	DATA	4.0
525.8484	DATA	end rating R
528.3142	DATA	Keypress: v
528.3471	DATA	Keypress: v held
528.7870	DATA	Keypress: t
529.2260	DATA	Keypress: v
529.3602	DATA	Keypress: v held
529.6819	DATA	Keypress: t
530.0872	DATA	Keypress: v
530.4924	DATA	Keypress: t
530.5253	DATA	Keypress: t held
530.5253	DATA	earn t
530.9145	DATA	Keypress: v
531.3367	DATA	Keypress: t
531.7757	DATA	Keypress: v
532.2316	DATA	Keypress: t
532.6381	DATA	Keypress: v
532.6698	DATA	Keypress: v held
533.0927	DATA	Keypress: t
533.5148	DATA	Keypress: v
533.6829	DATA	Keypress: v held
533.6830	DATA	earn v
533.9539	DATA	Keypress: t
534.3760	DATA	Keypress: v
534.7982	DATA	Keypress: t
535.2203	DATA	Keypress: v
535.6427	DATA	Keypress: t
535.7092	DATA	Keypress: t held
536.0646	DATA	Keypress: v
536.4867	DATA	Keypress: t
536.8919	DATA	Keypress: v
536.9249	DATA	Keypress: v held
537.3309	DATA	Keypress: t
537.7869	DATA	Keypress: v
537.9380	DATA	Keypress: v held
537.9381	DATA	earn v
538.2259	DATA	Keypress: t
538.6481	DATA	Keypress: v
539.0870	DATA	Keypress: t
539.4923	DATA	Keypress: v
539.9313	DATA	Keypress: t
539.9643	DATA	Keypress: t held
540.3703	DATA	Keypress: v
540.7925	DATA	Keypress: t
540.9774	DATA	Keypress: t held
541.2146	DATA	Keypress: v
541.6538	DATA	Keypress: t
542.0926	DATA	Keypress: v
542.1256	DATA	Keypress: v held
542.5485	DATA	Keypress: t
542.9708	DATA	Keypress: v
543.1387	DATA	Keypress: v held
543.4434	DATA	Keypress: t
543.8656	DATA	Keypress: v
544.3046	DATA	Keypress: t
544.3376	DATA	Keypress: t held
544.7268	DATA	Keypress: v
545.1997	DATA	Keypress: t
545.3507	DATA	Keypress: t held
545.6049	DATA	Keypress: v
546.0608	DATA	Keypress: t
546.4998	DATA	Keypress: v
546.5327	DATA	Keypress: v held
546.9219	DATA	Keypress: t
547.3441	DATA	Keypress: v
547.7663	DATA	Keypress: t
547.7991	DATA	Keypress: t held
547.7991	DATA	earn t
548.2075	DATA	Keypress: v
548.6627	DATA	Keypress: t
549.1171	DATA	Keypress: v
549.5560	DATA	Keypress: t
549.9951	DATA	Keypress: v
550.0280	DATA	Keypress: v held
550.4340	DATA	Keypress: t
550.8393	DATA	Keypress: v
551.2952	DATA	Keypress: t
551.3281	DATA	Keypress: t held
551.7005	DATA	Keypress: v
552.1394	DATA	Keypress: t
552.3412	DATA	Keypress: t held
552.5447	DATA	Keypress: v
552.9669	DATA	Keypress: t
553.4396	DATA	Keypress: v
553.4726	DATA	Keypress: v held
553.8956	DATA	Keypress: t
554.3514	DATA	Keypress: v
554.4857	DATA	Keypress: v held
554.8074	DATA	Keypress: t
555.2295	DATA	Keypress: v
555.6517	DATA	Keypress: t
555.6846	DATA	Keypress: t held
556.0737	DATA	Keypress: v
556.5128	DATA	Keypress: t
556.6977	DATA	Keypress: t held
556.6978	DATA	earn t
556.9518	DATA	Keypress: v
557.3753	DATA	Keypress: t
557.8130	DATA	Keypress: v
558.2689	DATA	Keypress: t
558.7080	DATA	Keypress: v
558.7408	DATA	Keypress: v held
559.1300	DATA	Keypress: t
559.5521	DATA	Keypress: v
560.0250	DATA	Keypress: t
560.0579	DATA	Keypress: t held
560.4977	DATA	Keypress: v
560.9368	DATA	Keypress: t
561.0710	DATA	Keypress: t held
561.3597	DATA	Keypress: v
561.7979	DATA	Keypress: t
562.2538	DATA	Keypress: v
562.2867	DATA	Keypress: v held
562.6591	DATA	Keypress: t
563.1319	DATA	Keypress: v
563.2999	DATA	Keypress: v held
563.2999	DATA	earn v
563.6216	DATA	Keypress: t
564.0438	DATA	Keypress: v
564.5164	DATA	Keypress: t
564.9555	DATA	Keypress: v
565.3941	DATA	Keypress: t
565.4274	DATA	Keypress: t held
565.8331	DATA	Keypress: v
566.3059	DATA	Keypress: t
566.4405	DATA	Keypress: t held
566.7286	DATA	Keypress: v
567.2517	DATA	Keypress: t
567.7075	DATA	Keypress: v
567.7407	DATA	Keypress: v held
568.1802	DATA	Keypress: t
568.6192	DATA	Keypress: v
568.7538	DATA	Keypress: v held
569.0751	DATA	Keypress: t
569.5479	DATA	Keypress: v
570.0038	DATA	Keypress: t
570.0371	DATA	Keypress: t held
570.4259	DATA	Keypress: v
570.8818	DATA	Keypress: t
571.0502	DATA	Keypress: t held
571.3551	DATA	Keypress: v
571.7941	DATA	Keypress: t
572.2162	DATA	Keypress: v
572.2491	DATA	Keypress: v held
572.6721	DATA	Keypress: t
573.0941	DATA	Keypress: v
573.2623	DATA	Keypress: v held
573.5670	DATA	Keypress: t
573.9892	DATA	Keypress: v
574.4619	DATA	Keypress: t
574.4949	DATA	Keypress: t held
574.8841	DATA	Keypress: v
575.3569	DATA	Keypress: t
575.5080	DATA	Keypress: t held
575.5080	DATA	earn t
575.7959	DATA	Keypress: v
576.3025	DATA	Keypress: t
576.7246	DATA	Keypress: v
577.1805	DATA	Keypress: t
577.6027	DATA	Keypress: v
577.6356	DATA	Keypress: v held
578.0585	DATA	Keypress: t
578.4807	DATA	Keypress: v
578.6487	DATA	Keypress: v held
578.9535	DATA	Keypress: t
579.3925	DATA	Keypress: v
579.8486	DATA	Keypress: t
579.8813	DATA	Keypress: t held
580.2536	DATA	Keypress: v
580.7433	DATA	Keypress: t
580.8945	DATA	Keypress: t held
581.1824	DATA	Keypress: v
581.6383	DATA	Keypress: t
582.0773	DATA	Keypress: v
582.1102	DATA	Keypress: v held
582.5163	DATA	Keypress: t
582.9384	DATA	Keypress: v
583.3943	DATA	Keypress: t
583.4272	DATA	Keypress: t held
583.8165	DATA	Keypress: v
584.2555	DATA	Keypress: t
584.4404	DATA	Keypress: t held
584.6776	DATA	Keypress: v
585.1167	DATA	Keypress: t
585.5556	DATA	Keypress: v
585.5886	DATA	Keypress: v held
591.3215	DATA	start rating L
591.3308	DATA	Keypress: t
591.3317	DATA	Keypress: v
591.3321	DATA	Keypress: t
591.3324	DATA	Keypress: v
595.7157	DATA	Keypress: t
601.2080	DATA	4.0
601.2080	DATA	end rating L
601.3457	DATA	start rating R
611.2043	DATA	4.0
611.2044	DATA	end rating R
