39.8509	DATA	version F
141.1058	DATA	Keypress: space
144.2467	DATA	Keypress: t
144.2796	DATA	Keypress: t held
148.7888	DATA	Keypress: v
148.8217	DATA	Keypress: v held
154.6481	DATA	Keypress: t
154.6809	DATA	Keypress: t held
154.6810	DATA	earn t
159.4941	DATA	Keypress: t
159.5271	DATA	Keypress: t held
161.0983	DATA	Keypress: v
161.1311	DATA	Keypress: v held
162.6856	DATA	Keypress: v
162.7184	DATA	Keypress: v held
164.4248	DATA	Keypress: t
164.4576	DATA	Keypress: t held
165.7416	DATA	Keypress: t
165.7745	DATA	Keypress: t held
167.1940	DATA	Keypress: v
167.2266	DATA	Keypress: v held
168.4435	DATA	Keypress: v
168.4763	DATA	Keypress: v held
169.7615	DATA	Keypress: v
169.7934	DATA	Keypress: v held
170.8750	DATA	Keypress: t
170.9078	DATA	Keypress: t held
172.1243	DATA	Keypress: t
172.1574	DATA	Keypress: t held
172.1574	DATA	earn t
174.4209	DATA	Keypress: t
174.4538	DATA	Keypress: t held
175.8055	DATA	Keypress: t
175.8384	DATA	Keypress: t held
177.4265	DATA	Keypress: t
177.4594	DATA	Keypress: t held
178.7602	DATA	Keypress: t
178.7933	DATA	Keypress: t held
179.7398	DATA	Keypress: v
179.8064	DATA	Keypress: v held
181.0231	DATA	Keypress: v
181.0560	DATA	Keypress: v held
182.2050	DATA	Keypress: t
182.2379	DATA	Keypress: t held
182.2380	DATA	earn t
184.3327	DATA	Keypress: t
184.3655	DATA	Keypress: t held
184.3655	DATA	earn t
185.9705	DATA	Keypress: t
187.6420	DATA	Keypress: t
187.6750	DATA	Keypress: t held
188.8749	DATA	Keypress: t
188.9077	DATA	Keypress: t held
189.9893	DATA	Keypress: t
190.0221	DATA	Keypress: t held
190.8168	DATA	Keypress: t
191.0352	DATA	Keypress: t held
191.0353	DATA	earn t
192.0831	DATA	Keypress: t
193.2988	DATA	Keypress: t
193.3316	DATA	Keypress: t held
194.6327	DATA	Keypress: t
194.6655	DATA	Keypress: t held
195.7473	DATA	Keypress: t
195.7800	DATA	Keypress: t held
197.2163	DATA	Keypress: t
197.2491	DATA	Keypress: t held
198.2125	DATA	Keypress: t
198.2621	DATA	Keypress: t held
199.2594	DATA	Keypress: v
199.2922	DATA	Keypress: v held
200.4591	DATA	Keypress: t
200.4910	DATA	Keypress: t held
205.3649	DATA	Keypress: v
206.0061	DATA	Keypress: v
206.3402	DATA	Keypress: v
206.7323	DATA	Keypress: v
207.1177	DATA	Keypress: v
207.6273	DATA	Keypress: t
207.8768	DATA	Keypress: t
208.1169	DATA	Keypress: t
208.4542	DATA	Keypress: v
221.4903	DATA	Keypress: v
222.2681	DATA	Keypress: v
224.0365	DATA	Keypress: v
230.0474	DATA	Keypress: t
230.4063	DATA	Keypress: t
231.0474	DATA	Keypress: v
231.2633	DATA	Keypress: v
232.8372	DATA	start rating L
232.8375	DATA	7
232.8376	DATA	end rating L
232.8377    DATA    start rating R
253.5012	DATA	1
253.8061	DATA	end rating R
254.4165	DATA	Keypress: t
295.8776	DATA	Keypress: v
295.9105	DATA	Keypress: v held
297.9040	DATA	Keypress: v
297.9367	DATA	Keypress: v held
298.9677	DATA	Keypress: v
299.0005	DATA	Keypress: v held
300.3861	DATA	Keypress: t
300.4188	DATA	Keypress: t held
301.1290	DATA	Keypress: t
301.9902	DATA	Keypress: t
302.0230	DATA	Keypress: t held
303.0032	DATA	Keypress: v
303.0359	DATA	Keypress: v held
303.9657	DATA	Keypress: v
304.0492	DATA	Keypress: v held
304.0493	DATA	earn v
305.8231	DATA	Keypress: v
306.7518	DATA	Keypress: v
306.7846	DATA	Keypress: v held
307.5791	DATA	Keypress: v
307.7977	DATA	Keypress: v held
308.5415	DATA	Keypress: v
309.4872	DATA	Keypress: t
309.5200	DATA	Keypress: t held
310.2302	DATA	Keypress: t
311.1251	DATA	Keypress: t
311.1579	DATA	Keypress: t held
312.3915	DATA	Keypress: v
312.4244	DATA	Keypress: v held
313.1007	DATA	Keypress: v
313.9113	DATA	Keypress: v
313.9440	DATA	Keypress: v held
314.7724	DATA	Keypress: v
314.9572	DATA	Keypress: v held
315.7179	DATA	Keypress: t
316.4609	DATA	Keypress: t
316.4937	DATA	Keypress: t held
317.3053	DATA	Keypress: t
317.5068	DATA	Keypress: t held
318.1833	DATA	Keypress: t
319.2470	DATA	Keypress: v
319.2798	DATA	Keypress: v held
319.8381	DATA	Keypress: v
320.5977	DATA	Keypress: v
320.6306	DATA	Keypress: v held
320.6307	DATA	earn v
322.1848	DATA	Keypress: v
323.1147	DATA	Keypress: v
323.1465	DATA	Keypress: v held
323.1466	DATA	earn v
323.7216	DATA	Keypress: v
324.8023	DATA	Keypress: v
325.5790	DATA	Keypress: v
325.6118	DATA	Keypress: v held
326.0687	DATA	Keypress: v
327.0479	DATA	Keypress: v
327.0809	DATA	Keypress: v held
327.9429	DATA	Keypress: v
328.0938	DATA	Keypress: v held
330.5951	DATA	Keypress: v
330.6268	DATA	Keypress: v held
330.6268	DATA	earn v
333.4814	DATA	Keypress: v
333.5141	DATA	Keypress: v held
333.5141	DATA	earn v
335.0855	DATA	Keypress: v
336.2337	DATA	Keypress: t
336.2665	DATA	Keypress: t held
336.9089	DATA	Keypress: t
337.5505	DATA	Keypress: t
337.5836	DATA	Keypress: t held
338.3952	DATA	Keypress: t
338.5967	DATA	Keypress: t held
339.6115	DATA	Keypress: v
339.6436	DATA	Keypress: v held
340.4379	DATA	Keypress: v
340.5394	DATA	Keypress: v
340.6567	DATA	Keypress: v held
341.2993	DATA	Keypress: v
342.0930	DATA	Keypress: v
342.1258	DATA	Keypress: v held
343.1060	DATA	Keypress: v
343.1389	DATA	Keypress: v held
344.1023	DATA	Keypress: v
344.1520	DATA	Keypress: v held
345.1324	DATA	Keypress: v
345.1651	DATA	Keypress: v held
346.0777	DATA	Keypress: t
346.1782	DATA	Keypress: t held
347.0911	DATA	Keypress: t
347.1912	DATA	Keypress: t held
347.7156	DATA	Keypress: t
348.5263	DATA	Keypress: t
348.5591	DATA	Keypress: t held
349.2015	DATA	Keypress: t
350.3160	DATA	Keypress: v
350.3489	DATA	Keypress: v held
351.1435	DATA	Keypress: v
351.3621	DATA	Keypress: v held
352.0382	DATA	Keypress: v
352.7485	DATA	Keypress: v
352.7804	DATA	Keypress: v held
373.8862	DATA	Keypress: t
374.2899	DATA	Keypress: t
382.4962	DATA	start rating L
382.4965	DATA	4
382.4966	DATA	end rating L
388.0500	DATA	start rating R
388.0507	DATA	4
388.0508	DATA	end rating R
390.9926	DATA	Keypress: v
391.0259	DATA	Keypress: v held
392.0737	DATA	Keypress: v
392.1065	DATA	Keypress: v held
392.6816	DATA	Keypress: v
393.5259	DATA	Keypress: v
393.5586	DATA	Keypress: v held
394.2182	DATA	Keypress: t
394.8429	DATA	Keypress: t
394.8758	DATA	Keypress: t held
395.4846	DATA	Keypress: t
395.9067	DATA	Keypress: t
395.9395	DATA	Keypress: t held
396.9032	DATA	Keypress: t
396.9525	DATA	Keypress: t held
397.4431	DATA	Keypress: t
398.4058	DATA	Keypress: v
398.4385	DATA	Keypress: v held
399.2163	DATA	Keypress: v
399.7903	DATA	Keypress: v
399.8231	DATA	Keypress: v held
400.6515	DATA	Keypress: v
400.8363	DATA	Keypress: v held
401.8166	DATA	Keypress: v
401.8494	DATA	Keypress: v held
402.3569	DATA	Keypress: v
403.6233	DATA	Keypress: t
403.6561	DATA	Keypress: t held
404.2312	DATA	Keypress: t
405.0586	DATA	Keypress: t
405.0914	DATA	Keypress: t held
406.1224	DATA	Keypress: t
406.1552	DATA	Keypress: t held
407.5070	DATA	Keypress: v
407.5398	DATA	Keypress: v held
408.1148	DATA	Keypress: v
409.2124	DATA	Keypress: v
409.2452	DATA	Keypress: v held
409.7021	DATA	Keypress: v
410.5631	DATA	Keypress: t
410.5960	DATA	Keypress: t held
411.2723	DATA	Keypress: t
411.6091	DATA	Keypress: t held
412.1167	DATA	Keypress: t
412.6241	DATA	Keypress: t
412.6560	DATA	Keypress: t held
413.4841	DATA	Keypress: t
413.6692	DATA	Keypress: t held
414.0585	DATA	Keypress: t
414.9196	DATA	Keypress: t
414.9525	DATA	Keypress: t held
415.7640	DATA	Keypress: t
415.9656	DATA	Keypress: t held
416.3718	DATA	Keypress: t
417.1654	DATA	Keypress: t
417.1982	DATA	Keypress: t held
418.1954	DATA	Keypress: v
418.2283	DATA	Keypress: v held
419.0055	DATA	Keypress: v
419.4111	DATA	Keypress: v
419.4440	DATA	Keypress: v held
420.6607	DATA	Keypress: v
420.6935	DATA	Keypress: v held
420.6936	DATA	earn v
422.3491	DATA	Keypress: v
423.2611	DATA	Keypress: v
423.2939	DATA	Keypress: v held
423.9204	DATA	Keypress: v
424.7976	DATA	Keypress: v
424.8305	DATA	Keypress: v held
425.4730	DATA	Keypress: v
426.2159	DATA	Keypress: v
426.2488	DATA	Keypress: v held
427.0771	DATA	Keypress: v
427.2619	DATA	Keypress: v held
428.3267	DATA	Keypress: t
428.3595	DATA	Keypress: t held
428.8840	DATA	Keypress: t
429.4917	DATA	Keypress: t
429.5246	DATA	Keypress: t held
430.3698	DATA	Keypress: t
430.5377	DATA	Keypress: t held
430.9271	DATA	Keypress: t
431.4843	DATA	Keypress: t
431.5508	DATA	Keypress: t held
432.6999	DATA	Keypress: v
432.7328	DATA	Keypress: v held
433.3933	DATA	Keypress: v
434.2196	DATA	Keypress: v
434.2525	DATA	Keypress: v held
434.2525	DATA	earn v
436.3472	DATA	Keypress: v
436.3800	DATA	Keypress: v held
437.2084	DATA	Keypress: v
437.9176	DATA	Keypress: v
437.9504	DATA	Keypress: v held
438.6605	DATA	Keypress: v
439.6904	DATA	Keypress: v
439.7233	DATA	Keypress: v held
440.7880	DATA	Keypress: v
440.8207	DATA	Keypress: v held
441.3956	DATA	Keypress: v
442.1054	DATA	Keypress: t
442.1380	DATA	Keypress: t held
442.8986	DATA	Keypress: t
443.1511	DATA	Keypress: t held
443.5741	DATA	Keypress: t
444.4353	DATA	Keypress: t
444.4681	DATA	Keypress: t held
445.2290	DATA	Keypress: v
445.6677	DATA	Keypress: v
445.7008	DATA	Keypress: v held
446.5291	DATA	Keypress: v
446.7139	DATA	Keypress: v held
447.4915	DATA	Keypress: v
447.7270	DATA	Keypress: v held
448.2983	DATA	Keypress: v
464.7099	DATA	Keypress: t
465.2646	DATA	Keypress: t
469.0510	DATA	Keypress: v
470.1802	DATA	Keypress: v
476.5326	DATA	Keypress: t
477.0038	DATA	Keypress: t
477.4411	DATA	Keypress: t
479.7689	DATA	Keypress: t
484.9554	DATA	Keypress: t
485.5654	DATA	Keypress: t
488.2648	DATA	start rating L
488.2652	DATA	1
488.2653	DATA	end rating L
491.1016	DATA	Keypress: v
492.7559	DATA	Keypress: v
493.8701	DATA	Keypress: v
495.6397	DATA	start rating R
495.6403	DATA	7
495.6405	DATA	end rating R
502.0820	DATA	Keypress: v
502.1149	DATA	Keypress: v held
502.8420	DATA	Keypress: v
503.5341	DATA	Keypress: v
503.5670	DATA	Keypress: v held
504.5473	DATA	Keypress: t
504.5801	DATA	Keypress: t held
505.0876	DATA	Keypress: t
505.7462	DATA	Keypress: t
505.7790	DATA	Keypress: t held
507.0970	DATA	Keypress: v
507.1299	DATA	Keypress: v held
507.6879	DATA	Keypress: v
508.5154	DATA	Keypress: v
508.5482	DATA	Keypress: v held
508.9714	DATA	Keypress: v
509.5623	DATA	Keypress: v
509.5952	DATA	Keypress: v held
510.4235	DATA	Keypress: t
510.6082	DATA	Keypress: t held
510.9638	DATA	Keypress: t
511.3690	DATA	Keypress: t
511.8587	DATA	Keypress: t
511.8915	DATA	Keypress: t held
511.8916	DATA	earn t
515.9619	DATA	Keypress: v
515.9947	DATA	Keypress: v held
516.4177	DATA	Keypress: v
517.1607	DATA	Keypress: v
517.1936	DATA	Keypress: v held
517.8531	DATA	Keypress: v
518.7826	DATA	Keypress: v
518.8145	DATA	Keypress: v held
519.3052	DATA	Keypress: v
520.4873	DATA	Keypress: v
520.5200	DATA	Keypress: v held
521.0106	DATA	Keypress: v
522.2430	DATA	Keypress: t
522.2761	DATA	Keypress: t held
522.2761	DATA	earn t
524.0669	DATA	Keypress: t
524.3023	DATA	Keypress: t held
524.7929	DATA	Keypress: t
525.7553	DATA	Keypress: t
525.7882	DATA	Keypress: t held
526.2956	DATA	Keypress: t
527.0722	DATA	Keypress: t
527.1053	DATA	Keypress: t held
527.6801	DATA	Keypress: t
529.1661	DATA	Keypress: t
529.1991	DATA	Keypress: t held
529.8078	DATA	Keypress: t
530.4159	DATA	Keypress: t
530.4486	DATA	Keypress: t held
531.0743	DATA	Keypress: t
531.7327	DATA	Keypress: t
531.7654	DATA	Keypress: t held
532.3069	DATA	Keypress: t
532.8304	DATA	Keypress: t
532.8632	DATA	Keypress: t held
533.3876	DATA	Keypress: t
534.6550	DATA	Keypress: t
534.6868	DATA	Keypress: t held
534.6869	DATA	earn t
535.3800	DATA	Keypress: t
536.4270	DATA	Keypress: t
536.9674	DATA	Keypress: t
537.0001	DATA	Keypress: t held
537.4907	DATA	Keypress: t
538.4870	DATA	Keypress: v
538.5198	DATA	Keypress: v held
539.2131	DATA	Keypress: v
539.8209	DATA	Keypress: v
539.8538	DATA	Keypress: v held
540.4457	DATA	Keypress: v
540.9691	DATA	Keypress: v
541.0020	DATA	Keypress: v held
541.7288	DATA	Keypress: v
543.1980	DATA	Keypress: t
543.2308	DATA	Keypress: t held
544.0084	DATA	Keypress: t
544.2440	DATA	Keypress: t held
544.9036	DATA	Keypress: t
545.5957	DATA	Keypress: t
545.6286	DATA	Keypress: t held
546.4400	DATA	Keypress: t
546.6416	DATA	Keypress: t held
546.9973	DATA	Keypress: t
547.8584	DATA	Keypress: t
547.8912	DATA	Keypress: t held
547.8913	DATA	earn t
549.2091	DATA	Keypress: t
549.9859	DATA	Keypress: t
550.0187	DATA	Keypress: t held
550.8471	DATA	Keypress: t
551.0319	DATA	Keypress: t held
551.4550	DATA	Keypress: t
552.9747	DATA	Keypress: t
553.0075	DATA	Keypress: t held
553.4644	DATA	Keypress: t
554.1904	DATA	Keypress: t
554.2232	DATA	Keypress: t held
555.2032	DATA	Keypress: v
555.2362	DATA	Keypress: v held
556.0263	DATA	Keypress: v
569.2822	DATA	Keypress: v
569.6870	DATA	Keypress: v
570.2610	DATA	Keypress: v
571.6258	DATA	Keypress: v
571.6263	DATA	Keypress: v
573.6190	DATA	start rating L
573.6194	DATA	7
573.6194	DATA	end rating L
578.6468	DATA	Keypress: t
579.2040	DATA	Keypress: t
579.8451	DATA	Keypress: t
581.8419	DATA	start rating R
581.8423	DATA	1
581.8424	DATA	end rating R
587.7078	DATA	Keypress: v
587.7407	DATA	Keypress: v held
588.7210	DATA	Keypress: v
588.7539	DATA	Keypress: v held
589.4640	DATA	Keypress: v
590.1223	DATA	Keypress: v
590.1554	DATA	Keypress: v held
590.1554	DATA	earn v
593.5671	DATA	Keypress: t
593.6000	DATA	Keypress: t held
594.2595	DATA	Keypress: t
594.9687	DATA	Keypress: t
595.0015	DATA	Keypress: t held
595.5255	DATA	Keypress: t
596.4714	DATA	Keypress: t
596.5043	DATA	Keypress: t held
597.0287	DATA	Keypress: t
597.7390	DATA	Keypress: t
597.7706	DATA	Keypress: t held
599.2913	DATA	Keypress: v
599.3241	DATA	Keypress: v held
599.8316	DATA	Keypress: v
601.5877	DATA	Keypress: v
601.6205	DATA	Keypress: v held
602.1449	DATA	Keypress: v
606.4001	DATA	Keypress: v
606.4329	DATA	Keypress: v held
607.3626	DATA	Keypress: v
607.4460	DATA	Keypress: v held
608.0886	DATA	Keypress: v
608.7133	DATA	Keypress: v
608.7461	DATA	Keypress: v held
609.5238	DATA	Keypress: v
610.3007	DATA	Keypress: v
610.3334	DATA	Keypress: v held
610.8409	DATA	Keypress: v
611.4319	DATA	Keypress: v
611.4647	DATA	Keypress: v held
611.8879	DATA	Keypress: v
612.4787	DATA	Keypress: v
612.5116	DATA	Keypress: v held
613.0866	DATA	Keypress: v
613.6441	DATA	Keypress: v
613.6767	DATA	Keypress: v held
614.1674	DATA	Keypress: v
615.3155	DATA	Keypress: t
615.3484	DATA	Keypress: t held
615.9908	DATA	Keypress: t
616.4299	DATA	Keypress: t
616.4628	DATA	Keypress: t held
616.8857	DATA	Keypress: t
617.5275	DATA	Keypress: t
617.5603	DATA	Keypress: t held
618.2535	DATA	Keypress: t
618.5735	DATA	Keypress: t held
619.4524	DATA	Keypress: v
619.5866	DATA	Keypress: v held
620.5332	DATA	Keypress: v
620.5995	DATA	Keypress: v held
621.4280	DATA	Keypress: v
621.6128	DATA	Keypress: v held
621.6129	DATA	earn v
623.4711	DATA	Keypress: v
623.6391	DATA	Keypress: v held
625.0416	DATA	Keypress: v
625.0744	DATA	Keypress: v held
626.4937	DATA	Keypress: v
626.5265	DATA	Keypress: v held
627.4731	DATA	Keypress: v
627.5395	DATA	Keypress: v held
628.1147	DATA	Keypress: v
628.7054	DATA	Keypress: v
628.7384	DATA	Keypress: v held
629.5837	DATA	Keypress: v
629.9046	DATA	Keypress: v
629.9373	DATA	Keypress: v held
629.9374	DATA	earn v
631.9477	DATA	Keypress: t
631.9805	DATA	Keypress: t held
632.6231	DATA	Keypress: t
633.3321	DATA	Keypress: t
633.3651	DATA	Keypress: t held
633.9570	DATA	Keypress: t
634.6662	DATA	Keypress: t
634.6990	DATA	Keypress: t held
635.1899	DATA	Keypress: t
635.9157	DATA	Keypress: t
635.9485	DATA	Keypress: t held
636.5572	DATA	Keypress: t
637.5873	DATA	Keypress: t
637.6202	DATA	Keypress: t held
638.0768	DATA	Keypress: t
640.1877	DATA	Keypress: v
640.2205	DATA	Keypress: v held
640.9305	DATA	Keypress: v
641.7578	DATA	Keypress: v
641.7909	DATA	Keypress: v held
642.2575	DATA	Keypress: v
657.4509	DATA	Keypress: t
659.1060	DATA	start rating L
659.1066	DATA	4
659.1067	DATA	end rating L
667.3817	DATA	Keypress: v
667.8867	DATA	Keypress: v
669.7773	DATA	Keypress: v
671.0315	DATA	start rating R
671.0318	DATA	7
671.0319	DATA	end rating R
674.0430	DATA	Keypress: v
674.0758	DATA	Keypress: v held
674.7859	DATA	Keypress: v
675.2755	DATA	Keypress: v
675.3084	DATA	Keypress: v held
676.3056	DATA	Keypress: v
676.3384	DATA	Keypress: v held
677.0160	DATA	Keypress: v
677.5720	DATA	Keypress: v
677.6048	DATA	Keypress: v held
678.7033	DATA	Keypress: v
678.7362	DATA	Keypress: v held
679.3115	DATA	Keypress: v
680.0373	DATA	Keypress: v
680.0701	DATA	Keypress: v held
680.7971	DATA	Keypress: v
681.4388	DATA	Keypress: v
681.4716	DATA	Keypress: v held
682.3338	DATA	Keypress: t
682.4846	DATA	Keypress: t held
682.9762	DATA	Keypress: t
683.6339	DATA	Keypress: t
683.6667	DATA	Keypress: t held
684.3262	DATA	Keypress: t
684.8496	DATA	Keypress: t
684.8825	DATA	Keypress: t held
685.6937	DATA	Keypress: t
685.8956	DATA	Keypress: t held
685.8956	DATA	earn t
686.3200	DATA	Keypress: t
686.9131	DATA	Keypress: t
688.4124	DATA	Keypress: t
688.4453	DATA	Keypress: t held
688.4454	DATA	earn t
689.3582	DATA	Keypress: t
690.2191	DATA	Keypress: t
690.4715	DATA	Keypress: t held
690.9453	DATA	Keypress: t
691.6375	DATA	Keypress: t
691.6704	DATA	Keypress: t held
692.2285	DATA	Keypress: t
692.8702	DATA	Keypress: t
692.9030	DATA	Keypress: t held
692.9031	DATA	earn t
694.2727	DATA	Keypress: t
695.0324	DATA	Keypress: t
695.0643	DATA	Keypress: t held
695.7238	DATA	Keypress: t
696.4160	DATA	Keypress: t
696.4489	DATA	Keypress: t held
696.8552	DATA	Keypress: t
697.4799	DATA	Keypress: t
697.5127	DATA	Keypress: t held
698.7463	DATA	Keypress: v
698.7791	DATA	Keypress: v held
699.3373	DATA	Keypress: v
699.8945	DATA	Keypress: v
699.9274	DATA	Keypress: v held
700.5192	DATA	Keypress: v
701.0258	DATA	Keypress: v
701.0585	DATA	Keypress: v held
702.2924	DATA	Keypress: t
702.3250	DATA	Keypress: t held
702.9508	DATA	Keypress: t
703.4404	DATA	Keypress: t
703.4732	DATA	Keypress: t held
704.0989	DATA	Keypress: t
704.7235	DATA	Keypress: t
704.7565	DATA	Keypress: t held
705.3991	DATA	Keypress: t
705.9902	DATA	Keypress: t
706.0230	DATA	Keypress: t held
706.9863	DATA	Keypress: t
707.0361	DATA	Keypress: t held
707.0362	DATA	earn t
710.0597	DATA	Keypress: t
710.0923	DATA	Keypress: t held
711.0220	DATA	Keypress: t
711.1054	DATA	Keypress: t held
711.5455	DATA	Keypress: t
712.1027	DATA	Keypress: t
712.1355	DATA	Keypress: t held
712.6937	DATA	Keypress: t
713.3184	DATA	Keypress: t
713.3512	DATA	Keypress: t held
713.8258	DATA	Keypress: t
714.4328	DATA	Keypress: t
714.4656	DATA	Keypress: t held
714.9226	DATA	Keypress: t
715.3783	DATA	Keypress: t
715.4788	DATA	Keypress: t held
715.8850	DATA	Keypress: t
717.3375	DATA	Keypress: v
717.3699	DATA	Keypress: v held
717.3700	DATA	earn v
720.6982	DATA	Keypress: v
720.7300	DATA	Keypress: v held
721.5753	DATA	Keypress: v
721.7432	DATA	Keypress: v held
721.7433	DATA	earn v
722.4029	DATA	Keypress: v
723.8042	DATA	Keypress: v
723.8370	DATA	Keypress: v held
724.6654	DATA	Keypress: v
724.8502	DATA	Keypress: v held
725.3408	DATA	Keypress: v
726.3708	DATA	Keypress: v
726.4036	DATA	Keypress: v held
726.9785	DATA	Keypress: v
727.4682	DATA	Keypress: v
727.5012	DATA	Keypress: v held
727.5012	DATA	earn v
728.9205	DATA	Keypress: v
729.6634	DATA	Keypress: v
729.6963	DATA	Keypress: v held
730.1362	DATA	Keypress: v
730.5921	DATA	Keypress: v
730.7094	DATA	Keypress: v held
731.2611	DATA	Keypress: v
747.3995	DATA	Keypress: t
747.8050	DATA	Keypress: t
748.0787	DATA	Keypress: t
748.3628	DATA	Keypress: t
748.6699	DATA	Keypress: t
749.0922	DATA	Keypress: t
750.4262	DATA	start rating L
750.4266	DATA	1
750.4266	DATA	end rating L
754.3738	DATA	Keypress: v
755.1675	DATA	Keypress: v
755.7449	DATA	Keypress: v
757.4297	DATA	start rating R
757.4300	DATA	7
757.4301	DATA	end rating R
