8.0966	DATA	version E
47.9922	DATA	Keypress: space
49.0894	DATA	Keypress: t
49.1058	DATA	Keypress:t held
49.6130	DATA	Keypress: t
50.0521	DATA	Keypress: t
50.1189	DATA	Keypress:t held
50.1190	DATA	earn t
50.4068	DATA	Keypress: t
51.5549	DATA	Keypress: t
51.7912	DATA	Keypress: t
52.0615	DATA	Keypress: t
52.1620	DATA	Keypress:t held
52.3328	DATA	Keypress: t
52.6198	DATA	Keypress: t
53.1427	DATA	Keypress: t
53.1759	DATA	Keypress:t held
53.6495	DATA	Keypress: t
54.0885	DATA	Keypress: t
54.1890	DATA	Keypress:t held
54.4437	DATA	Keypress: t
54.7805	DATA	Keypress: t
55.2189	DATA	Keypress:t held
55.2197	DATA	Keypress: t
55.6080	DATA	Keypress: t
55.9964	DATA	Keypress: t
56.2320	DATA	Keypress:t held
56.4520	DATA	Keypress: t
57.2460	DATA	Keypress:t held
57.2460	DATA	earn t
58.7499	DATA	Keypress: t
59.1038	DATA	Keypress: t
59.3397	DATA	Keypress:t held
59.4248	DATA	Keypress: t
59.6612	DATA	Keypress: t
59.9652	DATA	Keypress: t
60.2015	DATA	Keypress: t
60.3695	DATA	Keypress:t held
60.4712	DATA	Keypress: t
60.7752	DATA	Keypress: t
61.0457	DATA	Keypress: t
61.3328	DATA	Keypress: t
61.3994	DATA	Keypress:t held
61.6366	DATA	Keypress: t
61.8898	DATA	Keypress: t
62.1938	DATA	Keypress: t
62.4125	DATA	Keypress:t held
62.4469	DATA	Keypress: t
62.7679	DATA	Keypress: t
63.1222	DATA	Keypress: t
63.4426	DATA	Keypress:t held
63.4427	DATA	earn t
65.0640	DATA	Keypress: t
65.3512	DATA	Keypress: t
65.5194	DATA	Keypress:t held
65.5888	DATA	Keypress: t
66.0604	DATA	Keypress: t
66.3979	DATA	Keypress: t
66.5324	DATA	Keypress:t held
66.7020	DATA	Keypress: t
67.0395	DATA	Keypress: t
67.3445	DATA	Keypress: t
67.5464	DATA	Keypress:t held
67.6823	DATA	Keypress: t
68.0199	DATA	Keypress: t
68.3408	DATA	Keypress: t
68.5764	DATA	Keypress:t held
68.6446	DATA	Keypress: t
68.9316	DATA	Keypress: t
69.2357	DATA	Keypress: t
69.5732	DATA	Keypress: t
69.5894	DATA	Keypress:t held
69.9616	DATA	Keypress: t
70.3328	DATA	Keypress: t
70.6025	DATA	Keypress:t held
70.6026	DATA	earn t
70.6993	DATA	Keypress: t
72.1736	DATA	Keypress: t
72.4618	DATA	Keypress: t
72.6793	DATA	Keypress:t held
72.6794	DATA	earn t
72.7828	DATA	Keypress: t
74.2166	DATA	Keypress: t
74.4698	DATA	Keypress: t
74.7397	DATA	Keypress: t
74.7729	DATA	Keypress:t held
74.7730	DATA	earn t
75.0103	DATA	Keypress: t
76.1582	DATA	Keypress: t
76.4284	DATA	Keypress: t
76.8666	DATA	Keypress:t held
76.8845	DATA	Keypress: t
77.1205	DATA	Keypress: t
77.3745	DATA	Keypress: t
77.6619	DATA	Keypress: t
77.8805	DATA	Keypress:t held
77.9321	DATA	Keypress: t
78.2356	DATA	Keypress: t
78.5061	DATA	Keypress: t
78.7425	DATA	Keypress: t
78.8937	DATA	Keypress:t held
78.9957	DATA	Keypress: t
79.3673	DATA	Keypress: t
79.6386	DATA	Keypress: t
79.9068	DATA	Keypress:t held
79.9413	DATA	Keypress: t
80.2465	DATA	Keypress: t
80.5664	DATA	Keypress: t
80.9198	DATA	Keypress:t held
80.9712	DATA	Keypress: t
81.3089	DATA	Keypress: t
81.9329	DATA	Keypress:t held
82.0518	DATA	Keypress: v
82.6765	DATA	Keypress: v
82.9459	DATA	Keypress:v held
83.1493	DATA	Keypress: v
83.9590	DATA	Keypress:v held
84.0610	DATA	Keypress: t
84.3649	DATA	Keypress: t
84.6182	DATA	Keypress: t
84.8383	DATA	Keypress: t
84.9721	DATA	Keypress:t held
85.1416	DATA	Keypress: t
85.3109	DATA	Keypress: t
85.5468	DATA	Keypress: t
85.7664	DATA	Keypress: t
85.9851	DATA	Keypress:t held
85.9858	DATA	Keypress: t
86.4418	DATA	Keypress: t
86.7119	DATA	Keypress: t
86.9982	DATA	Keypress:t held
87.3197	DATA	Keypress: t
87.6237	DATA	Keypress: t
87.9105	DATA	Keypress: t
88.0282	DATA	Keypress:t held
88.5354	DATA	Keypress: t
88.8069	DATA	Keypress: t
89.0248	DATA	Keypress: t
89.0412	DATA	Keypress:t held
89.0413	DATA	earn t
90.5108	DATA	Keypress: t
90.7303	DATA	Keypress: t
90.9668	DATA	Keypress: t
91.1518	DATA	Keypress:t held
91.1693	DATA	Keypress: t
91.6596	DATA	Keypress: t
91.9639	DATA	Keypress: t
92.1658	DATA	Keypress:t held
92.2171	DATA	Keypress: t
92.4716	DATA	Keypress: t
92.7743	DATA	Keypress: t
93.0107	DATA	Keypress: t
93.1789	DATA	Keypress:t held
93.2977	DATA	Keypress: t
93.5356	DATA	Keypress: t
93.8718	DATA	Keypress: t
94.0575	DATA	Keypress: t
94.1918	DATA	Keypress:t held
94.3444	DATA	Keypress: t
94.6314	DATA	Keypress: t
94.9019	DATA	Keypress: t
95.2050	DATA	Keypress:t held
95.2395	DATA	Keypress: t
95.5264	DATA	Keypress: t
95.7967	DATA	Keypress: t
96.2180	DATA	Keypress:t held
96.2694	DATA	Keypress: t
96.5734	DATA	Keypress: t
96.8094	DATA	Keypress: t
97.0631	DATA	Keypress: t
97.2319	DATA	Keypress:t held
97.2833	DATA	Keypress: t
97.4692	DATA	Keypress: t
97.7056	DATA	Keypress: t
97.9080	DATA	Keypress: t
98.1276	DATA	Keypress: t
98.2620	DATA	Keypress:t held
98.4654	DATA	Keypress: t
98.8369	DATA	Keypress: t
99.1573	DATA	Keypress: t
99.2750	DATA	Keypress:t held
99.2750	DATA	earn t
100.7283	DATA	Keypress: t
101.0149	DATA	Keypress: t
101.3017	DATA	Keypress: t
101.3856	DATA	Keypress:t held
101.4538	DATA	Keypress: t
101.7240	DATA	Keypress: t
101.9604	DATA	Keypress: t
102.1293	DATA	Keypress: t
102.3660	DATA	Keypress: t
102.3986	DATA	Keypress:t held
102.5345	DATA	Keypress: t
102.7708	DATA	Keypress: t
102.9397	DATA	Keypress: t
103.1423	DATA	Keypress: t
103.3956	DATA	Keypress: t
103.4286	DATA	Keypress:t held
103.4287	DATA	earn t
103.6490	DATA	Keypress: t
104.7632	DATA	Keypress: t
104.9996	DATA	Keypress: t
105.2693	DATA	Keypress: t
105.4721	DATA	Keypress: t
105.5391	DATA	Keypress:t held
105.7590	DATA	Keypress: t
106.0630	DATA	Keypress: t
106.2658	DATA	Keypress: t
106.5522	DATA	Keypress:t held
106.5523	DATA	earn t
106.5531	DATA	Keypress: t
106.7727	DATA	Keypress: t
107.9720	DATA	Keypress: t
108.3867	DATA	start rating L
108.4041	DATA	Keypress: t
108.4730	DATA	Keypress: t
112.3892	DATA	Keypress: v
112.9293	DATA	Keypress: v
114.1166	DATA	Keypress: v
117.7753	DATA	Keypress: return
117.7756	DATA	RatingScale rateL_scale: (key response) rating=5
117.7757	DATA	RatingScale rateL_scale: rating RT=9.389
117.7762	DATA	5.0
117.7763	DATA	end rating L
117.8996	DATA	start rating R
121.6261	DATA	Keypress: t
121.9976	DATA	Keypress: t
122.3858	DATA	Keypress: t
125.2390	DATA	Keypress: return
125.2394	DATA	RatingScale rateR_scale: (key response) rating=1
125.2394	DATA	RatingScale rateR_scale: rating RT=7.340
125.2400	DATA	1.0
125.2414	DATA	end rating R
126.5122	DATA	Keypress: v
126.5452	DATA	Keypress:v held
126.7487	DATA	Keypress: v
126.9851	DATA	Keypress: v
127.1707	DATA	Keypress: v
127.3900	DATA	Keypress: v
127.5583	DATA	Keypress:v held
127.6096	DATA	Keypress: v
127.8124	DATA	Keypress: v
127.9811	DATA	Keypress: v
128.2175	DATA	Keypress: v
128.3702	DATA	Keypress: v
128.5383	DATA	Keypress: v
128.5714	DATA	Keypress:v held
128.7073	DATA	Keypress: v
128.9097	DATA	Keypress: v
129.0786	DATA	Keypress: v
129.2642	DATA	Keypress: v
129.4671	DATA	Keypress: v
129.5844	DATA	Keypress:v held
129.7371	DATA	Keypress: v
130.0411	DATA	Keypress: v
130.3449	DATA	Keypress: v
130.5975	DATA	Keypress:v held
131.0204	DATA	Keypress: t
131.2902	DATA	Keypress: t
131.4931	DATA	Keypress: t
131.6275	DATA	Keypress:t held
131.8985	DATA	Keypress: t
132.1861	DATA	Keypress: t
132.3723	DATA	Keypress: t
132.5916	DATA	Keypress: t
132.6415	DATA	Keypress:t held
132.7770	DATA	Keypress: t
133.0135	DATA	Keypress: t
133.2669	DATA	Keypress: t
133.4862	DATA	Keypress: t
133.6545	DATA	Keypress:t held
133.7227	DATA	Keypress: t
133.8915	DATA	Keypress: t
134.1111	DATA	Keypress: t
134.3474	DATA	Keypress: t
134.6175	DATA	Keypress: t
134.6676	DATA	Keypress:t held
134.8541	DATA	Keypress: t
135.0904	DATA	Keypress: t
135.2930	DATA	Keypress: t
135.4956	DATA	Keypress: t
135.6806	DATA	Keypress:t held
135.7319	DATA	Keypress: t
135.9515	DATA	Keypress: t
136.6937	DATA	Keypress:t held
136.9308	DATA	Keypress: v
137.1672	DATA	Keypress: v
137.3865	DATA	Keypress: v
137.5893	DATA	Keypress: v
137.7068	DATA	Keypress:v held
137.7917	DATA	Keypress: v
138.0620	DATA	Keypress: v
138.3323	DATA	Keypress: v
138.6025	DATA	Keypress: v
138.7367	DATA	Keypress:v held
138.7368	DATA	earn v
138.8599	DATA	Keypress: v
140.2739	DATA	Keypress: v
140.5610	DATA	Keypress: v
140.8480	DATA	Keypress: v
140.8979	DATA	Keypress:v held
141.1184	DATA	Keypress: v
141.4226	DATA	Keypress: v
141.7099	DATA	Keypress: v
141.9120	DATA	Keypress:v held
141.9802	DATA	Keypress: v
142.2334	DATA	Keypress: v
142.4698	DATA	Keypress: v
142.7229	DATA	Keypress: v
142.9250	DATA	Keypress:v held
143.0099	DATA	Keypress: v
143.2971	DATA	Keypress: v
143.6348	DATA	Keypress: v
143.9050	DATA	Keypress: v
143.9380	DATA	Keypress:v held
144.1242	DATA	Keypress: v
144.3606	DATA	Keypress: v
144.6142	DATA	Keypress: v
144.8167	DATA	Keypress: v
144.9680	DATA	Keypress:v held
145.0362	DATA	Keypress: v
145.2726	DATA	Keypress: v
145.5936	DATA	Keypress: v
145.9811	DATA	Keypress:v held
146.0324	DATA	Keypress: v
146.4038	DATA	Keypress: v
146.7247	DATA	Keypress: v
146.9941	DATA	Keypress:v held
146.9942	DATA	earn v
148.5337	DATA	Keypress: v
148.8362	DATA	Keypress: v
149.0560	DATA	Keypress: v
149.1563	DATA	Keypress:v held
149.1564	DATA	earn v
149.3091	DATA	Keypress: v
150.8450	DATA	Keypress: v
151.0987	DATA	Keypress: v
151.3512	DATA	Keypress:v held
151.3519	DATA	Keypress: v
151.6055	DATA	Keypress: v
151.8755	DATA	Keypress: v
152.1455	DATA	Keypress: v
152.3643	DATA	Keypress:v held
152.3644	DATA	earn v
152.4885	DATA	Keypress: v
152.6521	DATA	Keypress: v
154.0705	DATA	Keypress: v
154.3742	DATA	Keypress: v
154.5255	DATA	Keypress:v held
154.6448	DATA	Keypress: v
154.9145	DATA	Keypress: v
155.1509	DATA	Keypress: v
155.4548	DATA	Keypress: v
155.5391	DATA	Keypress:v held
155.6912	DATA	Keypress: v
155.9446	DATA	Keypress: v
156.1811	DATA	Keypress: v
156.4170	DATA	Keypress: v
156.5515	DATA	Keypress:v held
156.6369	DATA	Keypress: v
156.8732	DATA	Keypress: v
157.1099	DATA	Keypress: v
157.3636	DATA	Keypress: v
157.5496	DATA	Keypress: v
157.5657	DATA	Keypress:v held
157.7690	DATA	Keypress: v
157.9715	DATA	Keypress: v
158.2080	DATA	Keypress: v
158.4106	DATA	Keypress: v
158.5787	DATA	Keypress:v held
158.6471	DATA	Keypress: v
158.8839	DATA	Keypress: v
159.1366	DATA	Keypress: v
159.3742	DATA	Keypress: v
159.5918	DATA	Keypress:v held
159.5918	DATA	earn v
159.5925	DATA	Keypress: v
159.8288	DATA	Keypress: v
161.2978	DATA	Keypress: v
161.5000	DATA	Keypress: v
161.8037	DATA	Keypress:v held
161.8044	DATA	Keypress: v
162.0910	DATA	Keypress: v
162.3784	DATA	Keypress: v
162.6992	DATA	Keypress: v
162.8166	DATA	Keypress:v held
163.0031	DATA	Keypress: v
163.4084	DATA	Keypress: v
163.6787	DATA	Keypress: v
163.8467	DATA	Keypress:v held
163.9148	DATA	Keypress: v
164.1344	DATA	Keypress: v
164.3200	DATA	Keypress: v
164.5226	DATA	Keypress: v
164.7250	DATA	Keypress: v
164.8596	DATA	Keypress:v held
164.9448	DATA	Keypress: v
165.1812	DATA	Keypress: v
165.4514	DATA	Keypress: v
165.7048	DATA	Keypress: v
165.8728	DATA	Keypress:v held
165.9749	DATA	Keypress: v
166.3125	DATA	Keypress: v
166.6164	DATA	Keypress: v
166.8859	DATA	Keypress:v held
166.9203	DATA	Keypress: v
167.1572	DATA	Keypress: v
167.4276	DATA	Keypress: v
167.8999	DATA	Keypress:v held
168.0525	DATA	Keypress: v
168.4069	DATA	Keypress: v
168.6434	DATA	Keypress: v
168.8475	DATA	Keypress: v
168.9129	DATA	Keypress:v held
169.0656	DATA	Keypress: v
169.2513	DATA	Keypress: v
169.4201	DATA	Keypress: v
169.5890	DATA	Keypress: v
169.8590	DATA	Keypress: v
169.9259	DATA	Keypress:v held
169.9260	DATA	earn v
170.1295	DATA	Keypress: v
171.8178	DATA	Keypress: v
172.0880	DATA	Keypress: v
172.1210	DATA	Keypress:v held
172.3241	DATA	Keypress: v
172.5265	DATA	Keypress: v
172.7465	DATA	Keypress: v
172.9491	DATA	Keypress: v
173.1192	DATA	Keypress: v
173.1509	DATA	Keypress:v held
173.3206	DATA	Keypress: v
173.5569	DATA	Keypress: v
173.7257	DATA	Keypress: v
173.9620	DATA	Keypress: v
174.1637	DATA	Keypress:v held
174.1982	DATA	Keypress: v
174.4855	DATA	Keypress: v
174.7892	DATA	Keypress: v
175.1271	DATA	Keypress: v
175.1939	DATA	Keypress:v held
175.1940	DATA	earn v
175.4143	DATA	Keypress: v
176.8496	DATA	Keypress: v
177.2889	DATA	Keypress: v
177.4067	DATA	Keypress:v held
177.5932	DATA	Keypress: v
177.8464	DATA	Keypress: v
178.0659	DATA	Keypress: v
178.3024	DATA	Keypress: v
178.4366	DATA	Keypress:v held
178.5214	DATA	Keypress: v
178.7582	DATA	Keypress: v
178.9946	DATA	Keypress: v
179.2307	DATA	Keypress: v
179.4496	DATA	Keypress:v held
179.4497	DATA	earn v
179.5613	DATA	Keypress: v
179.7205	DATA	Keypress: v
181.0210	DATA	Keypress: v
181.2570	DATA	Keypress: v
181.5101	DATA	Keypress: v
181.6785	DATA	Keypress:v held
181.7128	DATA	Keypress: v
181.9321	DATA	Keypress: v
182.1365	DATA	Keypress: v
182.3713	DATA	Keypress: v
182.6076	DATA	Keypress: v
182.6915	DATA	Keypress:v held
182.8269	DATA	Keypress: v
183.0647	DATA	Keypress: v
183.2659	DATA	Keypress: v
183.5366	DATA	Keypress: v
183.7046	DATA	Keypress:v held
183.9079	DATA	Keypress: v
184.2622	DATA	Keypress: v
184.6340	DATA	Keypress: v
184.7176	DATA	Keypress:v held
184.9378	DATA	Keypress: v
185.2251	DATA	Keypress: v
185.7119	DATA	start rating L
185.7202	DATA	Keypress: v
185.7211	DATA	Keypress: v
187.0938	DATA	Keypress: t
187.4137	DATA	Keypress: t
187.6514	DATA	Keypress: t
187.9377	DATA	Keypress: t
188.4442	DATA	Keypress: t
189.8796	DATA	Keypress: return
189.8800	DATA	RatingScale rateL_scale: (key response) rating=1
189.8801	DATA	RatingScale rateL_scale: rating RT=4.168
189.8806	DATA	1.0
189.8806	DATA	end rating L
189.9883	DATA	start rating R
191.5850	DATA	Keypress: v
192.5303	DATA	Keypress: v
199.9225	DATA	Keypress: return
199.9228	DATA	RatingScale rateR_scale: (key response) rating=6
199.9228	DATA	RatingScale rateR_scale: rating RT=9.934
199.9232	DATA	6.0
199.9241	DATA	end rating R
201.1318	DATA	Keypress: t
201.1481	DATA	Keypress:t held
201.4693	DATA	Keypress: t
201.7397	DATA	Keypress: t
201.9761	DATA	Keypress: t
202.1780	DATA	Keypress:t held
202.2127	DATA	Keypress: t
202.4148	DATA	Keypress: t
202.6177	DATA	Keypress: t
202.8370	DATA	Keypress: t
203.0399	DATA	Keypress: t
203.1909	DATA	Keypress:t held
203.2255	DATA	Keypress: t
203.4282	DATA	Keypress: t
203.6308	DATA	Keypress: t
203.8334	DATA	Keypress: t
204.0360	DATA	Keypress: t
204.2041	DATA	Keypress:t held
204.2217	DATA	Keypress: t
204.4413	DATA	Keypress: t
204.6269	DATA	Keypress: t
204.8126	DATA	Keypress: t
204.9983	DATA	Keypress: t
205.2171	DATA	Keypress:t held
205.2179	DATA	Keypress: t
205.8764	DATA	Keypress: v
206.1126	DATA	Keypress: v
206.2302	DATA	Keypress:v held
206.2986	DATA	Keypress: v
206.5011	DATA	Keypress: v
206.6697	DATA	Keypress: v
206.8557	DATA	Keypress: v
207.0257	DATA	Keypress: v
207.1938	DATA	Keypress: v
207.2602	DATA	Keypress:v held
207.3793	DATA	Keypress: v
207.5648	DATA	Keypress: v
207.7673	DATA	Keypress: v
207.9529	DATA	Keypress: v
208.1557	DATA	Keypress: v
208.2732	DATA	Keypress:v held
208.3415	DATA	Keypress: v
208.5441	DATA	Keypress: v
208.7302	DATA	Keypress: v
208.9325	DATA	Keypress: v
209.1187	DATA	Keypress: v
209.2863	DATA	Keypress:v held
209.3380	DATA	Keypress: v
209.5741	DATA	Keypress: v
209.8272	DATA	Keypress: v
210.0807	DATA	Keypress: v
210.3163	DATA	Keypress:v held
210.3508	DATA	Keypress: v
210.5538	DATA	Keypress: v
210.8236	DATA	Keypress: v
211.0092	DATA	Keypress: v
211.2626	DATA	Keypress: v
211.3293	DATA	Keypress:v held
211.4651	DATA	Keypress: v
211.6677	DATA	Keypress: v
211.8703	DATA	Keypress: v
212.0745	DATA	Keypress: v
212.2939	DATA	Keypress: v
212.3602	DATA	Keypress:v held
212.5636	DATA	Keypress: v
212.8508	DATA	Keypress: v
213.1882	DATA	Keypress: v
213.3733	DATA	Keypress:v held
213.5429	DATA	Keypress: v
213.9143	DATA	Keypress: v
214.3864	DATA	Keypress:v held
214.6741	DATA	Keypress: t
214.9440	DATA	Keypress: t
215.1469	DATA	Keypress: t
215.3833	DATA	Keypress: t
215.4163	DATA	Keypress:t held
215.5859	DATA	Keypress: t
215.7547	DATA	Keypress: t
215.9573	DATA	Keypress: t
216.1600	DATA	Keypress: t
216.3456	DATA	Keypress: t
216.4293	DATA	Keypress:t held
216.5312	DATA	Keypress: t
216.7171	DATA	Keypress: t
216.9197	DATA	Keypress: t
217.1561	DATA	Keypress: t
217.3757	DATA	Keypress: t
217.4424	DATA	Keypress:t held
217.6288	DATA	Keypress: t
217.9834	DATA	Keypress: t
218.2872	DATA	Keypress: t
218.4555	DATA	Keypress:t held
218.5238	DATA	Keypress: t
218.7601	DATA	Keypress: t
218.9290	DATA	Keypress: t
219.1316	DATA	Keypress: t
219.2668	DATA	Keypress: t
219.4521	DATA	Keypress: t
219.4686	DATA	Keypress:t held
219.6381	DATA	Keypress: t
219.8071	DATA	Keypress: t
219.9927	DATA	Keypress: t
220.1615	DATA	Keypress: t
220.3303	DATA	Keypress: t
220.4317	DATA	Keypress: t
220.4985	DATA	Keypress:t held
220.6680	DATA	Keypress: t
220.8371	DATA	Keypress: t
221.0224	DATA	Keypress: t
221.4786	DATA	Keypress: t
221.5116	DATA	Keypress:t held
221.7824	DATA	Keypress: t
221.9851	DATA	Keypress: t
222.1884	DATA	Keypress: t
222.4083	DATA	Keypress: t
222.5256	DATA	Keypress:t held
222.5936	DATA	Keypress: t
222.7964	DATA	Keypress: t
223.0496	DATA	Keypress: t
223.5555	DATA	Keypress:t held
223.7927	DATA	Keypress: v
224.0966	DATA	Keypress: v
224.4678	DATA	Keypress: v
224.5686	DATA	Keypress:v held
224.7045	DATA	Keypress: v
224.8902	DATA	Keypress: v
225.0588	DATA	Keypress: v
225.2617	DATA	Keypress: v
225.4304	DATA	Keypress: v
225.5985	DATA	Keypress:v held
225.5993	DATA	Keypress: v
226.3083	DATA	Keypress: v
226.6115	DATA	Keypress:v held
226.6967	DATA	Keypress: v
227.0007	DATA	Keypress: v
227.3046	DATA	Keypress: v
227.5071	DATA	Keypress: v
227.6247	DATA	Keypress:v held
227.7098	DATA	Keypress: v
227.9122	DATA	Keypress: v
228.0811	DATA	Keypress: v
228.2500	DATA	Keypress: v
228.4358	DATA	Keypress: v
228.6049	DATA	Keypress: v
228.6377	DATA	Keypress:v held
228.8242	DATA	Keypress: v
228.9930	DATA	Keypress: v
229.2294	DATA	Keypress: v
229.5837	DATA	Keypress: v
229.6508	DATA	Keypress:v held
229.9049	DATA	Keypress: v
230.2762	DATA	Keypress: v
230.5478	DATA	Keypress: v
230.6808	DATA	Keypress:v held
230.8165	DATA	Keypress: v
231.0191	DATA	Keypress: v
231.1880	DATA	Keypress: v
231.3570	DATA	Keypress: v
231.5257	DATA	Keypress: v
231.6938	DATA	Keypress:v held
231.7113	DATA	Keypress: v
231.8802	DATA	Keypress: v
232.1850	DATA	Keypress: v
232.3878	DATA	Keypress: v
232.7078	DATA	Keypress:v held
232.7078	DATA	earn v
232.8143	DATA	Keypress: v
234.2445	DATA	Keypress: v
234.4981	DATA	Keypress: v
234.7007	DATA	Keypress: v
234.9035	DATA	Keypress: v
234.9197	DATA	Keypress:v held
235.1567	DATA	Keypress: v
235.3932	DATA	Keypress: v
235.6295	DATA	Keypress: v
235.8489	DATA	Keypress: v
235.9327	DATA	Keypress:v held
236.0347	DATA	Keypress: v
236.2375	DATA	Keypress: v
236.4569	DATA	Keypress: v
236.6595	DATA	Keypress: v
236.8621	DATA	Keypress: v
236.9627	DATA	Keypress:v held
237.0647	DATA	Keypress: v
237.3019	DATA	Keypress: v
237.4878	DATA	Keypress: v
237.7240	DATA	Keypress: v
237.8937	DATA	Keypress: v
237.9767	DATA	Keypress:v held
238.1123	DATA	Keypress: v
238.3149	DATA	Keypress: v
238.5853	DATA	Keypress: v
238.8218	DATA	Keypress: v
238.9897	DATA	Keypress:v held
239.0918	DATA	Keypress: v
239.2607	DATA	Keypress: v
239.4631	DATA	Keypress: v
239.6658	DATA	Keypress: v
239.8685	DATA	Keypress: v
240.0028	DATA	Keypress:v held
240.2567	DATA	Keypress: v
240.5607	DATA	Keypress: v
240.8479	DATA	Keypress: v
241.0159	DATA	Keypress:v held
241.1346	DATA	Keypress: v
241.4893	DATA	Keypress: v
241.7260	DATA	Keypress: v
241.9959	DATA	Keypress: v
242.0290	DATA	Keypress:v held
242.1985	DATA	Keypress: v
242.3847	DATA	Keypress: v
242.6035	DATA	Keypress: v
242.8064	DATA	Keypress: v
243.0420	DATA	Keypress:v held
243.0421	DATA	earn v
243.2118	DATA	Keypress: v
244.9843	DATA	Keypress: v
245.1870	DATA	Keypress: v
245.2876	DATA	Keypress:v held
245.2877	DATA	earn v
245.3965	DATA	Keypress: v
245.5751	DATA	Keypress: v
246.9095	DATA	Keypress: v
247.1461	DATA	Keypress: v
247.3492	DATA	Keypress: v
247.5181	DATA	Keypress: v
247.5680	DATA	Keypress:v held
247.7038	DATA	Keypress: v
247.8554	DATA	Keypress: v
248.0584	DATA	Keypress: v
248.2441	DATA	Keypress: v
248.4298	DATA	Keypress: v
248.5979	DATA	Keypress:v held
248.5987	DATA	Keypress: v
248.7675	DATA	Keypress: v
248.9365	DATA	Keypress: v
249.1386	DATA	Keypress: v
249.4935	DATA	Keypress: v
249.6110	DATA	Keypress:v held
249.6961	DATA	Keypress: v
249.8988	DATA	Keypress: v
250.0844	DATA	Keypress: v
250.2700	DATA	Keypress: v
250.4390	DATA	Keypress: v
250.6410	DATA	Keypress:v held
250.6418	DATA	Keypress: v
250.8105	DATA	Keypress: v
251.0469	DATA	Keypress: v
251.2661	DATA	Keypress: v
251.4521	DATA	Keypress: v
251.6540	DATA	Keypress:v held
251.6548	DATA	Keypress: v
251.8740	DATA	Keypress: v
252.6670	DATA	Keypress:v held
252.7031	DATA	Keypress: t
252.9378	DATA	Keypress: t
253.1406	DATA	Keypress: t
253.3092	DATA	Keypress: t
253.4951	DATA	Keypress: t
253.6639	DATA	Keypress: t
253.6970	DATA	Keypress:t held
253.8667	DATA	Keypress: t
254.5926	DATA	Keypress: t
254.7101	DATA	Keypress:t held
254.8965	DATA	Keypress: t
255.1496	DATA	Keypress: t
255.6057	DATA	Keypress: t
255.7400	DATA	Keypress:t held
255.7752	DATA	Keypress: t
255.9604	DATA	Keypress: t
256.5509	DATA	Keypress: t
256.7531	DATA	Keypress:t held
256.7532	DATA	earn t
258.5445	DATA	Keypress: t
258.7303	DATA	Keypress: t
258.9666	DATA	Keypress: t
258.9996	DATA	Keypress:t held
258.9997	DATA	earn t
259.1525	DATA	Keypress: t
259.3214	DATA	Keypress: t
260.6922	DATA	start rating L
260.9484	DATA	Keypress: t
262.1850	DATA	Keypress: v
262.4683	DATA	Keypress: v
262.7757	DATA	Keypress: v
263.5864	DATA	Keypress: v
265.6630	DATA	Keypress: return
265.6633	DATA	RatingScale rateL_scale: (key response) rating=7
265.6634	DATA	RatingScale rateL_scale: rating RT=4.971
265.6639	DATA	7.0
265.6639	DATA	end rating L
265.7885	DATA	start rating R
267.6563	DATA	Keypress: t
268.3494	DATA	Keypress: t
269.8853	DATA	Keypress: return
269.8856	DATA	RatingScale rateR_scale: (key response) rating=2
269.8857	DATA	RatingScale rateR_scale: rating RT=4.097
269.8862	DATA	2.0
269.8872	DATA	end rating R
271.2087	DATA	Keypress: v
271.2249	DATA	Keypress:v held
271.2250	DATA	earn v
271.4790	DATA	Keypress: v
272.7790	DATA	Keypress: v
273.0164	DATA	Keypress: v
273.2180	DATA	Keypress: v
273.4206	DATA	Keypress: v
273.5211	DATA	Keypress:v held
273.5212	DATA	earn v
273.6584	DATA	Keypress: v
273.8087	DATA	Keypress: v
275.1611	DATA	Keypress: v
275.3961	DATA	Keypress: v
275.5649	DATA	Keypress: v
275.7338	DATA	Keypress: v
275.8681	DATA	Keypress:v held
275.9194	DATA	Keypress: v
276.0881	DATA	Keypress: v
276.2568	DATA	Keypress: v
276.4260	DATA	Keypress: v
276.6451	DATA	Keypress: v
276.8811	DATA	Keypress:v held
276.9325	DATA	Keypress: v
277.1525	DATA	Keypress: v
277.3220	DATA	Keypress: v
277.5244	DATA	Keypress: v
277.7103	DATA	Keypress: v
277.8952	DATA	Keypress:v held
277.9128	DATA	Keypress: v
278.0816	DATA	Keypress: v
278.2674	DATA	Keypress: v
278.4361	DATA	Keypress: v
278.6051	DATA	Keypress: v
278.7739	DATA	Keypress: v
278.9083	DATA	Keypress:v held
278.9765	DATA	Keypress: v
279.1792	DATA	Keypress: v
279.3483	DATA	Keypress: v
279.5506	DATA	Keypress: v
279.7362	DATA	Keypress: v
279.9054	DATA	Keypress: v
279.9213	DATA	Keypress:v held
280.0908	DATA	Keypress: v
280.2934	DATA	Keypress: v
280.4622	DATA	Keypress: v
280.6648	DATA	Keypress: v
280.9344	DATA	Keypress:v held
281.2559	DATA	Keypress: v
281.4585	DATA	Keypress: v
281.6105	DATA	Keypress: v
281.7961	DATA	Keypress: v
281.9643	DATA	Keypress:v held
281.9652	DATA	Keypress: v
282.6403	DATA	Keypress: v
282.8429	DATA	Keypress: v
282.9774	DATA	Keypress:v held
283.0623	DATA	Keypress: v
283.2493	DATA	Keypress: v
283.4508	DATA	Keypress: v
283.6535	DATA	Keypress: v
283.8730	DATA	Keypress: v
284.0073	DATA	Keypress:v held
284.1432	DATA	Keypress: v
284.3457	DATA	Keypress: v
284.9537	DATA	Keypress: v
285.0203	DATA	Keypress:v held
285.6796	DATA	Keypress: v
285.9835	DATA	Keypress: v
286.0335	DATA	Keypress:v held
286.8953	DATA	Keypress: t
287.0634	DATA	Keypress:t held
287.3005	DATA	Keypress: t
287.5705	DATA	Keypress: t
287.8070	DATA	Keypress: t
287.9934	DATA	Keypress: t
288.0764	DATA	Keypress:t held
288.1784	DATA	Keypress: t
288.3978	DATA	Keypress: t
288.6007	DATA	Keypress: t
288.8031	DATA	Keypress: t
289.0058	DATA	Keypress: t
289.1065	DATA	Keypress:t held
289.1751	DATA	Keypress: t
289.3453	DATA	Keypress: t
289.5292	DATA	Keypress: t
289.6981	DATA	Keypress: t
290.1195	DATA	Keypress:t held
290.1196	DATA	earn t
291.6734	DATA	Keypress: t
291.8762	DATA	Keypress: t
292.0790	DATA	Keypress: t
292.2501	DATA	Keypress: t
292.3829	DATA	Keypress:t held
292.4512	DATA	Keypress: t
292.6369	DATA	Keypress: t
292.8058	DATA	Keypress: t
292.9745	DATA	Keypress: t
293.1600	DATA	Keypress: t
293.3303	DATA	Keypress: t
293.3959	DATA	Keypress:t held
293.3959	DATA	earn t
293.5488	DATA	Keypress: t
293.7852	DATA	Keypress: t
295.0173	DATA	Keypress: t
295.2878	DATA	Keypress: t
295.5580	DATA	Keypress: t
295.6922	DATA	Keypress:t held
295.6922	DATA	earn t
295.8138	DATA	Keypress: t
296.0304	DATA	Keypress: t
297.3149	DATA	Keypress: t
297.5509	DATA	Keypress: t
297.9395	DATA	Keypress: t
297.9894	DATA	Keypress:t held
298.1253	DATA	Keypress: t
298.3953	DATA	Keypress: t
298.5982	DATA	Keypress: t
298.8510	DATA	Keypress: t
299.0195	DATA	Keypress:t held
299.0202	DATA	Keypress: t
299.2564	DATA	Keypress: t
299.4423	DATA	Keypress: t
299.6448	DATA	Keypress: t
299.8473	DATA	Keypress: t
300.0325	DATA	Keypress:t held
300.0331	DATA	Keypress: t
300.2187	DATA	Keypress: t
300.4046	DATA	Keypress: t
300.6075	DATA	Keypress: t
300.9450	DATA	Keypress: t
301.0456	DATA	Keypress:t held
301.0457	DATA	earn t
301.2491	DATA	Keypress: t
302.8528	DATA	Keypress: t
303.1227	DATA	Keypress: t
303.3591	DATA	Keypress: t
303.4094	DATA	Keypress:t held
303.5281	DATA	Keypress: t
303.7476	DATA	Keypress: t
303.9503	DATA	Keypress: t
304.1530	DATA	Keypress: t
304.3218	DATA	Keypress: t
304.4225	DATA	Keypress:t held
304.4225	DATA	earn t
304.5144	DATA	Keypress: t
306.1793	DATA	Keypress: t
306.4325	DATA	Keypress: t
306.6351	DATA	Keypress: t
306.7869	DATA	Keypress: t
306.8200	DATA	Keypress:t held
307.0065	DATA	Keypress: t
307.2098	DATA	Keypress: t
307.3789	DATA	Keypress: t
307.5479	DATA	Keypress: t
307.7335	DATA	Keypress: t
307.8341	DATA	Keypress:t held
307.8341	DATA	earn t
307.9698	DATA	Keypress: t
308.1217	DATA	Keypress: t
309.5233	DATA	Keypress: t
309.7256	DATA	Keypress: t
309.9283	DATA	Keypress: t
310.0634	DATA	Keypress: t
310.2316	DATA	Keypress:t held
310.2658	DATA	Keypress: t
310.4346	DATA	Keypress: t
310.5869	DATA	Keypress: t
310.9246	DATA	Keypress: t
311.2447	DATA	Keypress:t held
311.2448	DATA	earn t
311.3354	DATA	Keypress: t
311.4816	DATA	Keypress: t
312.8831	DATA	Keypress: t
313.1029	DATA	Keypress: t
313.3051	DATA	Keypress: t
313.5412	DATA	Keypress: t
313.6085	DATA	Keypress:t held
313.7443	DATA	Keypress: t
313.9638	DATA	Keypress: t
314.1665	DATA	Keypress: t
314.3689	DATA	Keypress: t
314.5724	DATA	Keypress: t
314.6385	DATA	Keypress:t held
314.6385	DATA	earn t
314.7914	DATA	Keypress: t
316.2770	DATA	Keypress: t
316.5133	DATA	Keypress: t
316.7161	DATA	Keypress: t
316.8846	DATA	Keypress: t
317.0023	DATA	Keypress:t held
317.1046	DATA	Keypress: t
317.2741	DATA	Keypress: t
317.4768	DATA	Keypress: t
317.6962	DATA	Keypress: t
317.8816	DATA	Keypress: t
318.0163	DATA	Keypress:t held
318.0845	DATA	Keypress: t
318.2704	DATA	Keypress: t
318.4898	DATA	Keypress: t
318.7093	DATA	Keypress: t
318.9457	DATA	Keypress: t
319.0462	DATA	Keypress:t held
319.1481	DATA	Keypress: t
319.3508	DATA	Keypress: t
319.5706	DATA	Keypress: t
319.7899	DATA	Keypress: t
319.9587	DATA	Keypress: t
320.0593	DATA	Keypress:t held
320.1614	DATA	Keypress: t
320.3472	DATA	Keypress: t
320.5328	DATA	Keypress: t
320.8028	DATA	Keypress: t
321.0724	DATA	Keypress:t held
321.1066	DATA	Keypress: t
321.3094	DATA	Keypress: t
321.5118	DATA	Keypress: t
321.7147	DATA	Keypress: t
321.9005	DATA	Keypress: t
322.0854	DATA	Keypress:t held
322.0862	DATA	Keypress: t
322.2550	DATA	Keypress: t
322.8795	DATA	Keypress: t
323.0984	DATA	Keypress:t held
323.1499	DATA	Keypress: t
323.3356	DATA	Keypress: t
323.5382	DATA	Keypress: t
323.7577	DATA	Keypress: t
323.9602	DATA	Keypress: t
324.1284	DATA	Keypress:t held
324.1967	DATA	Keypress: t
324.4669	DATA	Keypress: t
325.1415	DATA	Keypress:t held
325.2265	DATA	Keypress: v
325.6487	DATA	Keypress: v
325.9189	DATA	Keypress: v
326.1546	DATA	Keypress:v held
326.1553	DATA	Keypress: v
326.3578	DATA	Keypress: v
326.5603	DATA	Keypress: v
326.7628	DATA	Keypress: v
326.9489	DATA	Keypress: v
327.1350	DATA	Keypress: v
327.1682	DATA	Keypress:v held
327.3042	DATA	Keypress: v
327.4733	DATA	Keypress: v
327.6420	DATA	Keypress: v
327.8614	DATA	Keypress: v
328.1816	DATA	Keypress:v held
328.3847	DATA	Keypress: v
328.6222	DATA	Keypress: v
328.8244	DATA	Keypress: v
329.1947	DATA	Keypress:v held
329.5501	DATA	Keypress: t
330.4945	DATA	start rating L
330.5028	DATA	Keypress: t
330.5037	DATA	Keypress: t
331.7548	DATA	Keypress: v
331.9925	DATA	Keypress: v
332.3021	DATA	Keypress: v
332.6166	DATA	Keypress: v
333.0005	DATA	Keypress: v
334.2706	DATA	Keypress: return
334.2710	DATA	RatingScale rateL_scale: (key response) rating=7
334.2710	DATA	RatingScale rateL_scale: rating RT=3.776
334.2715	DATA	7.0
334.2715	DATA	end rating L
334.3842	DATA	start rating R
336.0946	DATA	Keypress: t
336.4481	DATA	Keypress: t
337.0192	DATA	Keypress: t
338.1555	DATA	Keypress: return
338.1559	DATA	RatingScale rateR_scale: (key response) rating=1
338.1559	DATA	RatingScale rateR_scale: rating RT=3.772
338.1564	DATA	1.0
338.1574	DATA	end rating R
339.4452	DATA	Keypress: t
339.4782	DATA	Keypress:t held
339.6812	DATA	Keypress: t
339.9010	DATA	Keypress: t
340.0871	DATA	Keypress: t
340.2725	DATA	Keypress: t
340.4582	DATA	Keypress: t
340.4912	DATA	Keypress:t held
340.6609	DATA	Keypress: t
340.8296	DATA	Keypress: t
341.0323	DATA	Keypress: t
341.1843	DATA	Keypress: t
341.3529	DATA	Keypress: t
341.5044	DATA	Keypress:t held
341.5220	DATA	Keypress: t
341.6907	DATA	Keypress: t
341.8596	DATA	Keypress: t
342.0285	DATA	Keypress: t
342.1974	DATA	Keypress: t
342.3662	DATA	Keypress: t
342.5029	DATA	Keypress: t
342.5343	DATA	Keypress:t held
342.6701	DATA	Keypress: t
342.8388	DATA	Keypress: t
342.9909	DATA	Keypress: t
343.1598	DATA	Keypress: t
343.3284	DATA	Keypress: t
343.4974	DATA	Keypress: t
343.5474	DATA	Keypress:t held
343.6662	DATA	Keypress: t
343.8689	DATA	Keypress: t
344.1727	DATA	Keypress: t
344.3756	DATA	Keypress: t
344.5772	DATA	Keypress:t held
344.5780	DATA	Keypress: t
344.7639	DATA	Keypress: t
344.9326	DATA	Keypress: t
345.1188	DATA	Keypress: t
345.3208	DATA	Keypress: t
345.5238	DATA	Keypress: t
345.5904	DATA	Keypress:t held
345.7262	DATA	Keypress: t
345.9287	DATA	Keypress: t
346.0976	DATA	Keypress: t
346.3003	DATA	Keypress: t
346.5029	DATA	Keypress: t
346.6035	DATA	Keypress:t held
346.7054	DATA	Keypress: t
346.8912	DATA	Keypress: t
347.0936	DATA	Keypress: t
347.2796	DATA	Keypress: t
347.4822	DATA	Keypress: t
347.6165	DATA	Keypress:t held
347.6848	DATA	Keypress: t
347.9381	DATA	Keypress: t
348.1575	DATA	Keypress: t
348.3771	DATA	Keypress: t
348.5796	DATA	Keypress: t
348.6296	DATA	Keypress:t held
348.7993	DATA	Keypress: t
349.2720	DATA	Keypress: t
349.5420	DATA	Keypress: t
349.6425	DATA	Keypress:t held
349.7446	DATA	Keypress: t
350.1161	DATA	Keypress: t
350.6726	DATA	Keypress:t held
350.6727	DATA	earn t
352.6666	DATA	Keypress: t
353.0205	DATA	Keypress:t held
353.0205	DATA	earn t
353.1117	DATA	Keypress: t
353.3084	DATA	Keypress: t
354.7603	DATA	Keypress: t
354.9796	DATA	Keypress: t
355.1653	DATA	Keypress: t
355.3509	DATA	Keypress: t
355.4518	DATA	Keypress:t held
355.5371	DATA	Keypress: t
355.7396	DATA	Keypress: t
355.9085	DATA	Keypress: t
356.1110	DATA	Keypress: t
356.2967	DATA	Keypress: t
356.4649	DATA	Keypress:t held
356.4993	DATA	Keypress: t
356.7017	DATA	Keypress: t
356.8877	DATA	Keypress: t
357.0737	DATA	Keypress: t
357.2767	DATA	Keypress: t
357.4457	DATA	Keypress: t
357.4789	DATA	Keypress:t held
357.6483	DATA	Keypress: t
357.8341	DATA	Keypress: t
358.0198	DATA	Keypress: t
358.1888	DATA	Keypress: t
358.3911	DATA	Keypress: t
358.4919	DATA	Keypress:t held
358.5433	DATA	Keypress: t
358.7120	DATA	Keypress: t
359.0500	DATA	Keypress: t
359.2525	DATA	Keypress: t
359.4889	DATA	Keypress: t
359.5220	DATA	Keypress:t held
359.6917	DATA	Keypress: t
359.8939	DATA	Keypress: t
360.0625	DATA	Keypress: t
360.2485	DATA	Keypress: t
360.4343	DATA	Keypress: t
360.5350	DATA	Keypress:t held
360.6032	DATA	Keypress: t
360.8059	DATA	Keypress: t
361.0086	DATA	Keypress: t
361.2448	DATA	Keypress: t
361.5481	DATA	Keypress:t held
362.0046	DATA	Keypress: v
362.2579	DATA	Keypress: v
362.4943	DATA	Keypress: v
362.5610	DATA	Keypress:v held
362.6972	DATA	Keypress: v
362.9165	DATA	Keypress: v
363.1020	DATA	Keypress: v
363.3047	DATA	Keypress: v
363.4736	DATA	Keypress: v
363.5742	DATA	Keypress:v held
363.7612	DATA	Keypress: v
364.0139	DATA	Keypress: v
364.2841	DATA	Keypress: v
364.5872	DATA	Keypress:v held
364.9592	DATA	Keypress: v
365.3478	DATA	Keypress: v
365.6003	DATA	Keypress:v held
365.8880	DATA	Keypress: t
366.1244	DATA	Keypress: t
366.3101	DATA	Keypress: t
366.5296	DATA	Keypress: t
366.6134	DATA	Keypress:t held
366.7150	DATA	Keypress: t
366.9179	DATA	Keypress: t
367.1035	DATA	Keypress: t
367.3233	DATA	Keypress: t
367.5258	DATA	Keypress: t
367.6264	DATA	Keypress:t held
367.7285	DATA	Keypress: t
367.8971	DATA	Keypress: t
368.0830	DATA	Keypress: t
368.2687	DATA	Keypress: t
368.4714	DATA	Keypress: t
368.6395	DATA	Keypress:t held
368.6402	DATA	Keypress: t
368.8595	DATA	Keypress: t
369.0285	DATA	Keypress: t
369.4013	DATA	Keypress: t
369.6694	DATA	Keypress:t held
369.8052	DATA	Keypress: t
370.0416	DATA	Keypress: t
370.2611	DATA	Keypress: t
370.4635	DATA	Keypress: t
370.6325	DATA	Keypress: t
370.6994	DATA	Keypress:t held
370.6994	DATA	earn t
370.8524	DATA	Keypress: t
372.6259	DATA	Keypress: t
372.8623	DATA	Keypress: t
373.0304	DATA	Keypress:t held
373.0817	DATA	Keypress: t
373.2844	DATA	Keypress: t
373.4533	DATA	Keypress: t
373.6555	DATA	Keypress: t
373.8419	DATA	Keypress: t
374.0434	DATA	Keypress:t held
374.0442	DATA	Keypress: t
374.2130	DATA	Keypress: t
374.4156	DATA	Keypress: t
374.6183	DATA	Keypress: t
374.7869	DATA	Keypress: t
374.9728	DATA	Keypress: t
375.0565	DATA	Keypress:t held
375.1755	DATA	Keypress: t
375.3612	DATA	Keypress: t
376.0365	DATA	Keypress: t
376.0695	DATA	Keypress:t held
376.2900	DATA	Keypress: t
376.5261	DATA	Keypress: t
376.7117	DATA	Keypress: t
376.8808	DATA	Keypress: t
377.0827	DATA	Keypress:t held
377.1004	DATA	Keypress: t
377.2867	DATA	Keypress: t
377.4557	DATA	Keypress: t
377.6584	DATA	Keypress: t
377.8271	DATA	Keypress: t
378.0467	DATA	Keypress: t
378.0967	DATA	Keypress:t held
378.2661	DATA	Keypress: t
378.4516	DATA	Keypress: t
378.6545	DATA	Keypress: t
378.8910	DATA	Keypress: t
379.0935	DATA	Keypress: t
379.1266	DATA	Keypress:t held
379.1266	DATA	earn t
379.3301	DATA	Keypress: t
379.5327	DATA	Keypress: t
380.8495	DATA	Keypress: t
381.1192	DATA	Keypress: t
381.4232	DATA	Keypress: t
381.4735	DATA	Keypress:t held
381.8458	DATA	Keypress: t
382.4199	DATA	Keypress: t
382.4866	DATA	Keypress:t held
382.6897	DATA	Keypress: t
382.8925	DATA	Keypress: t
383.0782	DATA	Keypress: t
383.2640	DATA	Keypress: t
383.4996	DATA	Keypress:t held
383.6185	DATA	Keypress: t
383.8042	DATA	Keypress: t
383.9730	DATA	Keypress: t
384.1589	DATA	Keypress: t
384.3615	DATA	Keypress: t
384.5296	DATA	Keypress:t held
384.5641	DATA	Keypress: t
384.9523	DATA	Keypress: t
385.1389	DATA	Keypress: t
385.3239	DATA	Keypress: t
385.5264	DATA	Keypress: t
385.5426	DATA	Keypress:t held
385.7291	DATA	Keypress: t
385.9317	DATA	Keypress: t
386.1344	DATA	Keypress: t
386.3033	DATA	Keypress: t
386.5557	DATA	Keypress:t held
386.5565	DATA	Keypress: t
386.7589	DATA	Keypress: t
386.9784	DATA	Keypress: t
387.1477	DATA	Keypress: t
387.3847	DATA	Keypress: t
387.5866	DATA	Keypress:t held
387.5874	DATA	Keypress: t
387.7563	DATA	Keypress: t
387.9418	DATA	Keypress: t
388.1614	DATA	Keypress: t
388.3978	DATA	Keypress: t
388.5997	DATA	Keypress:t held
388.6845	DATA	Keypress: t
388.8874	DATA	Keypress: t
389.0900	DATA	Keypress: t
389.4277	DATA	Keypress: t
389.6296	DATA	Keypress:t held
389.7823	DATA	Keypress: t
390.0187	DATA	Keypress: t
390.2044	DATA	Keypress: t
390.3733	DATA	Keypress: t
390.5421	DATA	Keypress: t
390.6427	DATA	Keypress:t held
390.6940	DATA	Keypress: t
390.8631	DATA	Keypress: t
391.6557	DATA	Keypress:t held
391.8929	DATA	Keypress: t
392.1121	DATA	Keypress: t
392.3149	DATA	Keypress: t
392.4845	DATA	Keypress: t
392.6857	DATA	Keypress:t held
392.7206	DATA	Keypress: t
392.9060	DATA	Keypress: t
393.0919	DATA	Keypress: t
393.2772	DATA	Keypress: t
393.6318	DATA	Keypress: t
393.6988	DATA	Keypress:t held
393.8175	DATA	Keypress: t
394.0032	DATA	Keypress: t
394.1722	DATA	Keypress: t
394.3748	DATA	Keypress: t
394.7287	DATA	Keypress:t held
394.9151	DATA	Keypress: t
395.1684	DATA	Keypress: t
395.4217	DATA	Keypress: t
395.6242	DATA	Keypress: t
395.7418	DATA	Keypress:t held
395.9114	DATA	Keypress: t
396.1136	DATA	Keypress: t
396.3167	DATA	Keypress: t
396.5190	DATA	Keypress: t
396.7045	DATA	Keypress: t
396.7548	DATA	Keypress:t held
396.9413	DATA	Keypress: t
397.2114	DATA	Keypress: t
397.7679	DATA	Keypress:t held
397.8362	DATA	Keypress: t
398.1398	DATA	Keypress: t
398.7704	DATA	start rating L
401.5112	DATA	Keypress: t
403.9428	DATA	Keypress: t
405.4789	DATA	Keypress: return
405.4793	DATA	RatingScale rateL_scale: (key response) rating=2
405.4793	DATA	RatingScale rateL_scale: rating RT=6.709
405.4798	DATA	2.0
405.4798	DATA	end rating L
405.5992	DATA	start rating R
407.8728	DATA	Keypress: t
408.1970	DATA	Keypress: t
409.1101	DATA	Keypress: t
410.2238	DATA	Keypress: return
410.2241	DATA	RatingScale rateR_scale: (key response) rating=1
410.2242	DATA	RatingScale rateR_scale: rating RT=4.625
410.2247	DATA	1.0
410.2257	DATA	end rating R
411.5473	DATA	Keypress: v
411.5634	DATA	Keypress:v held
411.7667	DATA	Keypress: v
411.9692	DATA	Keypress: v
412.1722	DATA	Keypress: v
412.3585	DATA	Keypress: v
412.5275	DATA	Keypress: v
412.5943	DATA	Keypress:v held
412.6963	DATA	Keypress: v
412.8653	DATA	Keypress: v
413.0509	DATA	Keypress: v
413.2365	DATA	Keypress: v
413.4054	DATA	Keypress: v
413.5573	DATA	Keypress: v
413.6074	DATA	Keypress:v held
413.7263	DATA	Keypress: v
413.8783	DATA	Keypress: v
414.0471	DATA	Keypress: v
414.1821	DATA	Keypress: v
414.3848	DATA	Keypress: v
414.5536	DATA	Keypress: v
414.6204	DATA	Keypress:v held
414.7227	DATA	Keypress: v
414.8406	DATA	Keypress: v
415.0095	DATA	Keypress: v
415.1613	DATA	Keypress: v
415.3131	DATA	Keypress: v
415.6334	DATA	Keypress:v held
416.1070	DATA	Keypress: v
416.3434	DATA	Keypress: v
416.5290	DATA	Keypress: v
416.6466	DATA	Keypress:v held
416.6466	DATA	earn v
416.7615	DATA	Keypress: v
416.9023	DATA	Keypress: v
418.3525	DATA	Keypress: v
418.5722	DATA	Keypress: v
418.7746	DATA	Keypress: v
418.9942	DATA	Keypress: v
419.0610	DATA	Keypress:v held
419.1631	DATA	Keypress: v
419.3657	DATA	Keypress: v
419.5682	DATA	Keypress: v
419.7372	DATA	Keypress: v
419.9065	DATA	Keypress: v
420.0750	DATA	Keypress:v held
420.0757	DATA	Keypress: v
420.2610	DATA	Keypress: v
420.4134	DATA	Keypress: v
420.5989	DATA	Keypress: v
420.7511	DATA	Keypress: v
420.9704	DATA	Keypress: v
421.1050	DATA	Keypress:v held
421.1057	DATA	Keypress: v
421.3083	DATA	Keypress: v
421.4604	DATA	Keypress: v
421.6291	DATA	Keypress: v
421.8316	DATA	Keypress: v
422.0512	DATA	Keypress: v
422.1180	DATA	Keypress:v held
422.2197	DATA	Keypress: v
422.4058	DATA	Keypress: v
422.5749	DATA	Keypress: v
422.9461	DATA	Keypress: v
423.1311	DATA	Keypress:v held
423.1992	DATA	Keypress: v
423.4018	DATA	Keypress: v
423.5706	DATA	Keypress: v
423.7395	DATA	Keypress: v
423.9253	DATA	Keypress: v
424.0942	DATA	Keypress: v
424.1611	DATA	Keypress:v held
424.2633	DATA	Keypress: v
424.4657	DATA	Keypress: v
424.6346	DATA	Keypress: v
424.8374	DATA	Keypress: v
425.0227	DATA	Keypress: v
425.1741	DATA	Keypress:v held
425.2254	DATA	Keypress: v
425.4451	DATA	Keypress: v
425.6814	DATA	Keypress: v
426.1372	DATA	Keypress: v
426.2041	DATA	Keypress:v held
426.3736	DATA	Keypress: v
426.5593	DATA	Keypress: v
426.7620	DATA	Keypress: v
426.9306	DATA	Keypress: v
427.1349	DATA	Keypress: v
427.2176	DATA	Keypress:v held
427.2177	DATA	earn v
427.3357	DATA	Keypress: v
427.5398	DATA	Keypress: v
429.1435	DATA	Keypress: v
429.3968	DATA	Keypress: v
429.5995	DATA	Keypress: v
429.6326	DATA	Keypress:v held
429.8021	DATA	Keypress: v
430.0047	DATA	Keypress: v
430.2242	DATA	Keypress: v
430.4434	DATA	Keypress: v
430.6455	DATA	Keypress:v held
430.6630	DATA	Keypress: v
430.8320	DATA	Keypress: v
431.0347	DATA	Keypress: v
431.2373	DATA	Keypress: v
431.4401	DATA	Keypress: v
431.5755	DATA	Keypress: v
431.6587	DATA	Keypress:v held
431.7944	DATA	Keypress: v
431.9801	DATA	Keypress: v
432.1827	DATA	Keypress: v
432.3854	DATA	Keypress: v
432.5543	DATA	Keypress: v
432.6886	DATA	Keypress:v held
432.7905	DATA	Keypress: v
433.0777	DATA	Keypress: v
433.3647	DATA	Keypress: v
433.7017	DATA	Keypress:v held
433.7017	DATA	earn v
433.8122	DATA	Keypress: v
433.9218	DATA	Keypress: v
435.7454	DATA	Keypress: v
436.0158	DATA	Keypress: v
436.1160	DATA	Keypress:v held
436.2516	DATA	Keypress: v
436.4377	DATA	Keypress: v
436.6065	DATA	Keypress: v
436.7922	DATA	Keypress: v
436.9443	DATA	Keypress: v
437.1295	DATA	Keypress:v held
437.1302	DATA	Keypress: v
437.2832	DATA	Keypress: v
437.4855	DATA	Keypress: v
437.6544	DATA	Keypress: v
437.8230	DATA	Keypress: v
438.0090	DATA	Keypress: v
438.1432	DATA	Keypress:v held
438.1946	DATA	Keypress: v
438.3802	DATA	Keypress: v
438.5659	DATA	Keypress: v
438.7350	DATA	Keypress: v
438.9373	DATA	Keypress: v
439.1401	DATA	Keypress: v
439.1732	DATA	Keypress:v held
439.3259	DATA	Keypress: v
439.4947	DATA	Keypress: v
439.8831	DATA	Keypress: v
440.0685	DATA	Keypress: v
440.1861	DATA	Keypress:v held
440.4740	DATA	Keypress: v
440.7447	DATA	Keypress: v
440.9299	DATA	Keypress: v
441.1325	DATA	Keypress: v
441.1993	DATA	Keypress:v held
441.1994	DATA	earn v
441.4196	DATA	Keypress: v
443.2261	DATA	Keypress: v
443.4625	DATA	Keypress: v
443.6307	DATA	Keypress:v held
443.6479	DATA	Keypress: v
444.0198	DATA	Keypress: v
444.2556	DATA	Keypress: v
444.4588	DATA	Keypress: v
444.6606	DATA	Keypress:v held
444.6614	DATA	Keypress: v
445.0495	DATA	Keypress: v
445.3196	DATA	Keypress: v
445.5560	DATA	Keypress: v
445.6737	DATA	Keypress:v held
445.7247	DATA	Keypress: v
445.9278	DATA	Keypress: v
446.0969	DATA	Keypress: v
446.2991	DATA	Keypress: v
446.6030	DATA	Keypress: v
446.6867	DATA	Keypress:v held
446.9237	DATA	Keypress: v
447.1448	DATA	Keypress: v
447.3300	DATA	Keypress: v
447.5664	DATA	Keypress: v
447.7008	DATA	Keypress:v held
447.7354	DATA	Keypress: v
447.9380	DATA	Keypress: v
448.1065	DATA	Keypress: v
448.5286	DATA	Keypress: v
448.7138	DATA	Keypress:v held
448.7138	DATA	earn v
450.1007	DATA	Keypress: v
450.4030	DATA	Keypress: v
450.6225	DATA	Keypress: v
450.8080	DATA	Keypress: v
451.0281	DATA	Keypress: v
451.1282	DATA	Keypress:v held
451.2301	DATA	Keypress: v
451.4337	DATA	Keypress: v
451.8548	DATA	Keypress: v
452.1413	DATA	Keypress:v held
452.1759	DATA	Keypress: v
452.3951	DATA	Keypress: v
453.1544	DATA	Keypress:v held
453.4588	DATA	Keypress: v
453.7124	DATA	Keypress: v
453.9487	DATA	Keypress: v
454.1513	DATA	Keypress: v
454.1843	DATA	Keypress:v held
454.3538	DATA	Keypress: v
454.5903	DATA	Keypress: v
454.7930	DATA	Keypress: v
454.9786	DATA	Keypress: v
455.1974	DATA	Keypress:v held
455.1980	DATA	Keypress: v
455.3839	DATA	Keypress: v
455.6034	DATA	Keypress: v
455.8395	DATA	Keypress: v
456.0423	DATA	Keypress: v
456.2105	DATA	Keypress:v held
456.2449	DATA	Keypress: v
456.4476	DATA	Keypress: v
456.6669	DATA	Keypress: v
456.8697	DATA	Keypress: v
457.0722	DATA	Keypress: v
457.2242	DATA	Keypress:v held
457.2927	DATA	Keypress: v
457.5291	DATA	Keypress: v
458.0018	DATA	Keypress: v
458.2214	DATA	Keypress: v
458.2375	DATA	Keypress:v held
458.4241	DATA	Keypress: v
458.6097	DATA	Keypress: v
458.8628	DATA	Keypress: v
459.0993	DATA	Keypress: v
459.2675	DATA	Keypress:v held
459.3695	DATA	Keypress: v
459.6059	DATA	Keypress: v
459.7747	DATA	Keypress: v
459.9788	DATA	Keypress: v
460.1460	DATA	Keypress: v
460.2806	DATA	Keypress:v held
460.3824	DATA	Keypress: v
460.8719	DATA	Keypress: v
461.1592	DATA	Keypress: v
461.2936	DATA	Keypress:v held
461.3956	DATA	Keypress: v
461.6151	DATA	Keypress: v
461.8346	DATA	Keypress: v
462.1045	DATA	Keypress: v
462.3067	DATA	Keypress:v held
462.3067	DATA	earn v
462.4197	DATA	Keypress: v
462.6282	DATA	Keypress: v
464.2830	DATA	Keypress: v
464.5024	DATA	Keypress: v
464.7215	DATA	Keypress: v
464.7887	DATA	Keypress:v held
465.0761	DATA	Keypress: v
465.3129	DATA	Keypress: v
465.5323	DATA	Keypress: v
465.7685	DATA	Keypress: v
465.8017	DATA	Keypress:v held
465.9713	DATA	Keypress: v
466.1740	DATA	Keypress: v
466.4103	DATA	Keypress: v
466.5961	DATA	Keypress: v
466.7818	DATA	Keypress: v
466.8148	DATA	Keypress:v held
466.9675	DATA	Keypress: v
467.1707	DATA	Keypress: v
467.3568	DATA	Keypress: v
467.5763	DATA	Keypress: v
467.7789	DATA	Keypress: v
467.8457	DATA	Keypress:v held
467.9817	DATA	Keypress: v
468.1504	DATA	Keypress: v
468.3529	DATA	Keypress: v
468.7582	DATA	Keypress: v
468.8589	DATA	Keypress:v held
468.9774	DATA	Keypress: v
469.1970	DATA	Keypress: v
469.3997	DATA	Keypress: v
469.6363	DATA	Keypress: v
469.8388	DATA	Keypress: v
469.8718	DATA	Keypress:v held
470.0412	DATA	Keypress: v
470.2521	DATA	Keypress: v
470.9117	DATA	start rating L
470.9201	DATA	Keypress: v
470.9211	DATA	Keypress: v
470.9979	DATA	Keypress: v
472.1448	DATA	Keypress: t
472.4837	DATA	Keypress: t
472.7495	DATA	Keypress: t
473.0233	DATA	Keypress: t
473.3434	DATA	Keypress: t
474.1555	DATA	Keypress: t
475.8899	DATA	Keypress: return
475.8902	DATA	RatingScale rateL_scale: (key response) rating=1
475.8903	DATA	RatingScale rateL_scale: rating RT=4.978
475.8908	DATA	1.0
475.8908	DATA	end rating L
476.0058	DATA	start rating R
477.4476	DATA	Keypress: t
479.3521	DATA	Keypress: return
479.3524	DATA	RatingScale rateR_scale: (key response) rating=3
479.3525	DATA	RatingScale rateR_scale: rating RT=3.347
479.3529	DATA	3.0
479.3537	DATA	end rating R
