167.8540	DATA	version E
268.3776	DATA	Keypress: space
270.1845	DATA	Keypress: t
270.2174	DATA	Keypress:t held
270.7248	DATA	Keypress: t
271.1973	DATA	Keypress: t
271.2306	DATA	Keypress:t held
271.2306	DATA	earn t
271.6368	DATA	Keypress: t
272.1614	DATA	Keypress: t
273.5785	DATA	Keypress: t
273.5947	DATA	Keypress:t held
273.5947	DATA	earn t
273.9837	DATA	Keypress: t
274.4397	DATA	Keypress: t
275.9086	DATA	Keypress: t
275.9248	DATA	Keypress:t held
276.1788	DATA	Keypress: t
276.4662	DATA	Keypress: t
276.7699	DATA	Keypress: t
276.9381	DATA	Keypress:t held
276.9381	DATA	earn t
277.0584	DATA	Keypress: t
278.5935	DATA	Keypress: t
278.8298	DATA	Keypress: t
279.0150	DATA	Keypress:t held
279.0662	DATA	Keypress: t
279.2859	DATA	Keypress: t
279.5225	DATA	Keypress: t
279.7757	DATA	Keypress: t
280.0451	DATA	Keypress:t held
280.0458	DATA	Keypress: t
280.2825	DATA	Keypress: t
280.8564	DATA	Keypress: v
281.0583	DATA	Keypress:v held
281.2109	DATA	Keypress: v
281.7004	DATA	Keypress: v
281.9541	DATA	Keypress: v
282.0715	DATA	Keypress:v held
282.2069	DATA	Keypress: v
282.4267	DATA	Keypress: v
282.6800	DATA	Keypress: v
282.9163	DATA	Keypress: v
283.0846	DATA	Keypress:v held
283.1528	DATA	Keypress: v
283.4910	DATA	Keypress: t
283.7944	DATA	Keypress: t
284.0478	DATA	Keypress: t
284.0977	DATA	Keypress:t held
284.2840	DATA	Keypress: t
284.5206	DATA	Keypress: t
284.7400	DATA	Keypress: t
284.9765	DATA	Keypress: t
285.1109	DATA	Keypress:t held
285.3143	DATA	Keypress: t
285.5168	DATA	Keypress: t
285.7700	DATA	Keypress: t
286.0063	DATA	Keypress: t
286.1239	DATA	Keypress:t held
286.2599	DATA	Keypress: t
286.5468	DATA	Keypress: t
286.7495	DATA	Keypress: t
286.9859	DATA	Keypress: t
287.1372	DATA	Keypress:t held
287.2221	DATA	Keypress: t
287.4755	DATA	Keypress: t
287.9153	DATA	Keypress: t
288.1503	DATA	Keypress:t held
288.1848	DATA	Keypress: t
288.4213	DATA	Keypress: t
288.6743	DATA	Keypress: t
289.0629	DATA	Keypress: t
289.1635	DATA	Keypress:t held
289.4175	DATA	Keypress: t
289.7889	DATA	Keypress: t
290.1267	DATA	Keypress: t
290.1936	DATA	Keypress:t held
290.4308	DATA	Keypress: t
290.7177	DATA	Keypress: t
290.9880	DATA	Keypress: t
291.2068	DATA	Keypress:t held
291.3256	DATA	Keypress: t
291.5959	DATA	Keypress: t
291.8997	DATA	Keypress: t
292.2199	DATA	Keypress:t held
292.2199	DATA	earn t
292.3080	DATA	Keypress: t
292.5246	DATA	Keypress: t
293.8921	DATA	Keypress: t
294.1794	DATA	Keypress: t
294.3136	DATA	Keypress:t held
294.4156	DATA	Keypress: t
294.6859	DATA	Keypress: t
294.9391	DATA	Keypress: t
295.2094	DATA	Keypress: t
295.3438	DATA	Keypress:t held
295.3438	DATA	earn t
295.4628	DATA	Keypress: t
295.6992	DATA	Keypress: t
296.9318	DATA	Keypress: t
297.2188	DATA	Keypress: t
297.4207	DATA	Keypress:t held
297.4890	DATA	Keypress: t
297.6765	DATA	Keypress: t
297.9788	DATA	Keypress: t
298.4507	DATA	Keypress:t held
298.4854	DATA	Keypress: t
298.7216	DATA	Keypress: t
298.9580	DATA	Keypress: t
299.2114	DATA	Keypress: t
299.4639	DATA	Keypress:t held
299.4647	DATA	Keypress: t
299.7012	DATA	Keypress: t
299.9375	DATA	Keypress: t
300.3091	DATA	Keypress: v
300.4771	DATA	Keypress:v held
300.5960	DATA	Keypress: v
300.7819	DATA	Keypress: v
301.0013	DATA	Keypress: v
301.2206	DATA	Keypress: v
301.4234	DATA	Keypress: v
301.4903	DATA	Keypress:v held
301.6599	DATA	Keypress: v
301.7966	DATA	Keypress: v
302.0651	DATA	Keypress: v
302.4871	DATA	Keypress: t
302.5034	DATA	Keypress:t held
302.7404	DATA	Keypress: t
303.3317	DATA	Keypress: t
303.5335	DATA	Keypress:t held
303.6017	DATA	Keypress: t
303.8547	DATA	Keypress: t
304.0744	DATA	Keypress: t
304.3785	DATA	Keypress: t
304.5466	DATA	Keypress:t held
304.6318	DATA	Keypress: t
304.9020	DATA	Keypress: t
305.3072	DATA	Keypress: v
305.5598	DATA	Keypress:v held
305.5942	DATA	Keypress: v
306.0162	DATA	Keypress: t
306.4894	DATA	Keypress: t
306.5898	DATA	Keypress:t held
306.7594	DATA	Keypress: t
306.9286	DATA	Keypress: t
307.1308	DATA	Keypress: t
307.3170	DATA	Keypress: t
307.5361	DATA	Keypress: t
307.6029	DATA	Keypress:t held
308.1777	DATA	Keypress: t
308.4140	DATA	Keypress: t
308.6159	DATA	Keypress:t held
308.6160	DATA	earn t
310.4570	DATA	Keypress: t
310.6930	DATA	Keypress:t held
310.6930	DATA	earn t
310.8963	DATA	Keypress: t
311.0483	DATA	Keypress: t
311.2169	DATA	Keypress: t
312.1629	DATA	Keypress: t
312.3486	DATA	Keypress: t
312.6864	DATA	Keypress: t
312.7868	DATA	Keypress:t held
312.7868	DATA	earn t
312.8830	DATA	Keypress: t
313.1593	DATA	Keypress: t
314.1048	DATA	Keypress: t
314.2905	DATA	Keypress: t
314.6292	DATA	Keypress: t
314.8976	DATA	Keypress:t held
314.8977	DATA	earn t
314.9948	DATA	Keypress: t
315.0843	DATA	Keypress: t
315.2532	DATA	Keypress: t
315.9890	DATA	Keypress: t
316.1648	DATA	Keypress: t
316.3166	DATA	Keypress: t
316.4701	DATA	Keypress: t
316.6378	DATA	Keypress: t
316.7726	DATA	Keypress: t
316.9415	DATA	Keypress: t
316.9916	DATA	Keypress:t held
317.1274	DATA	Keypress: t
317.2622	DATA	Keypress: t
317.5155	DATA	Keypress: t
317.6677	DATA	Keypress: t
317.8026	DATA	Keypress: t
317.9377	DATA	Keypress: t
318.0047	DATA	Keypress:t held
318.0047	DATA	earn t
319.0019	DATA	Keypress: t
319.2548	DATA	Keypress: t
319.4236	DATA	Keypress: t
319.5928	DATA	Keypress: t
319.7615	DATA	Keypress: t
320.0986	DATA	Keypress:t held
320.0993	DATA	Keypress: t
320.3021	DATA	Keypress: t
320.4204	DATA	Keypress: t
320.5889	DATA	Keypress: t
320.7238	DATA	Keypress: t
320.8589	DATA	Keypress: t
321.0449	DATA	Keypress: t
321.1117	DATA	Keypress:t held
321.2137	DATA	Keypress: t
321.3994	DATA	Keypress: t
321.5683	DATA	Keypress: t
321.7372	DATA	Keypress: t
321.9059	DATA	Keypress: t
322.0580	DATA	Keypress: t
322.1249	DATA	Keypress:t held
322.3618	DATA	Keypress: t
322.9020	DATA	Keypress: v
323.0881	DATA	Keypress: v
323.1549	DATA	Keypress:v held
323.2233	DATA	Keypress: v
323.3920	DATA	Keypress: v
323.5270	DATA	Keypress: v
323.6465	DATA	Keypress: v
324.1681	DATA	Keypress:v held
324.7091	DATA	Keypress: t
324.8780	DATA	Keypress: t
325.0148	DATA	Keypress: t
325.1812	DATA	Keypress:t held
325.2157	DATA	Keypress: t
325.3845	DATA	Keypress: t
325.5532	DATA	Keypress: t
325.7560	DATA	Keypress: t
325.9249	DATA	Keypress: t
326.0935	DATA	Keypress: t
326.1944	DATA	Keypress:t held
326.4483	DATA	Keypress: t
326.7523	DATA	Keypress: t
326.8877	DATA	Keypress: t
327.2075	DATA	Keypress:t held
327.2420	DATA	Keypress: t
327.3940	DATA	Keypress: t
327.5457	DATA	Keypress: t
328.2375	DATA	Keypress:t held
328.3059	DATA	Keypress: v
328.4644	DATA	Keypress: v
328.7307	DATA	start rating L
328.7526	DATA	Keypress: v
328.8195	DATA	Keypress: v
328.9579	DATA	Keypress: v
340.4363	DATA	Keypress: v
340.7774	DATA	Keypress: t
340.9813	DATA	Keypress: t
341.1491	DATA	Keypress: t
341.3201	DATA	Keypress: t
341.7912	DATA	Keypress: v
342.4495	DATA	Keypress: v
342.6531	DATA	Keypress: v
342.7871	DATA	Keypress: v
342.9562	DATA	Keypress: v
343.8642	DATA	Keypress: t
344.0364	DATA	Keypress: t
344.2062	DATA	Keypress: t
347.6169	DATA	Keypress: t
347.7853	DATA	Keypress: t
347.9545	DATA	Keypress: t
349.0350	DATA	Keypress: v
349.2040	DATA	Keypress: v
349.3722	DATA	Keypress: v
353.3246	DATA	Keypress: v
353.6954	DATA	Keypress: v
356.4310	DATA	Keypress: x
359.1163	DATA	Keypress: return
359.1168	DATA	RatingScale rateL_scale: (key response) rating=6
359.1169	DATA	RatingScale rateL_scale: rating RT=30.386
359.1174	DATA	6.0
359.1174	DATA	end rating L
359.2403	DATA	start rating R
365.8664	DATA	Keypress: t
366.1909	DATA	Keypress: t
369.0956	DATA	Keypress: x
370.3110	DATA	Keypress: return
370.3114	DATA	RatingScale rateR_scale: (key response) rating=2
370.3115	DATA	RatingScale rateR_scale: rating RT=11.071
370.3120	DATA	2.0
370.3133	DATA	end rating R
372.8004	DATA	Keypress: t
372.8165	DATA	Keypress:t held
372.9862	DATA	Keypress: t
373.1393	DATA	Keypress: t
373.3070	DATA	Keypress: t
373.4759	DATA	Keypress: t
373.6449	DATA	Keypress: t
373.7630	DATA	Keypress: t
373.8298	DATA	Keypress:t held
373.8298	DATA	earn t
373.9301	DATA	Keypress: t
374.0164	DATA	Keypress: t
374.1342	DATA	Keypress: t
375.3503	DATA	Keypress: t
375.5192	DATA	Keypress: t
375.6204	DATA	Keypress: t
375.9073	DATA	Keypress: t
375.9573	DATA	Keypress:t held
376.0595	DATA	Keypress: t
376.1959	DATA	Keypress: t
376.3475	DATA	Keypress: t
376.5321	DATA	Keypress: t
376.7010	DATA	Keypress: t
376.8361	DATA	Keypress: t
376.9705	DATA	Keypress:t held
376.9712	DATA	Keypress: t
377.1403	DATA	Keypress: t
377.3428	DATA	Keypress: t
377.4776	DATA	Keypress: t
377.6129	DATA	Keypress: t
377.7649	DATA	Keypress: t
377.9837	DATA	Keypress:t held
378.3218	DATA	Keypress: v
378.4915	DATA	Keypress: v
378.6936	DATA	Keypress: v
378.8623	DATA	Keypress: v
378.9969	DATA	Keypress:v held
378.9970	DATA	earn v
379.1233	DATA	Keypress: v
379.1835	DATA	Keypress: v
379.3355	DATA	Keypress: v
380.7198	DATA	Keypress: v
380.8719	DATA	Keypress: v
381.0237	DATA	Keypress: v
381.1414	DATA	Keypress:v held
381.1590	DATA	Keypress: v
381.2941	DATA	Keypress: v
381.4458	DATA	Keypress: v
381.5979	DATA	Keypress: v
381.7669	DATA	Keypress: v
381.9020	DATA	Keypress: v
382.0708	DATA	Keypress: v
382.1714	DATA	Keypress:v held
382.2060	DATA	Keypress: v
382.3240	DATA	Keypress: v
382.4762	DATA	Keypress: v
382.6111	DATA	Keypress: v
382.9488	DATA	Keypress: t
383.1345	DATA	Keypress: t
383.2015	DATA	Keypress:t held
383.5568	DATA	Keypress: v
383.7256	DATA	Keypress: v
383.9281	DATA	Keypress: v
384.0632	DATA	Keypress: v
384.2146	DATA	Keypress:v held
384.2322	DATA	Keypress: v
384.3842	DATA	Keypress: v
384.5698	DATA	Keypress: v
384.7219	DATA	Keypress: v
384.8570	DATA	Keypress: v
385.0259	DATA	Keypress: v
385.1947	DATA	Keypress: v
385.2278	DATA	Keypress:v held
385.2279	DATA	earn v
385.3501	DATA	Keypress: v
385.4820	DATA	Keypress: v
385.6170	DATA	Keypress: v
386.7144	DATA	Keypress: v
387.0185	DATA	Keypress: v
387.1885	DATA	Keypress: v
387.3391	DATA	Keypress: v
387.3723	DATA	Keypress:v held
387.4743	DATA	Keypress: v
387.6263	DATA	Keypress: v
387.7782	DATA	Keypress: v
387.9807	DATA	Keypress: v
388.1329	DATA	Keypress: v
388.2849	DATA	Keypress: v
388.3855	DATA	Keypress:v held
388.3855	DATA	earn v
388.4976	DATA	Keypress: v
388.5890	DATA	Keypress: v
388.7245	DATA	Keypress: v
389.8721	DATA	Keypress: v
390.0073	DATA	Keypress: v
390.3956	DATA	Keypress: v
390.5300	DATA	Keypress:v held
390.5307	DATA	Keypress: v
390.6492	DATA	Keypress: v
391.0035	DATA	Keypress: v
391.1218	DATA	Keypress: v
391.2567	DATA	Keypress: v
391.3919	DATA	Keypress: v
391.5269	DATA	Keypress: v
391.5431	DATA	Keypress:v held
391.5432	DATA	earn v
391.7466	DATA	Keypress: v
391.8816	DATA	Keypress: v
393.1142	DATA	Keypress: v
393.2831	DATA	Keypress: v
393.6547	DATA	Keypress: v
393.6876	DATA	Keypress:v held
393.7896	DATA	Keypress: v
393.9247	DATA	Keypress: v
394.1105	DATA	Keypress: v
394.2794	DATA	Keypress: v
394.4819	DATA	Keypress: v
394.6000	DATA	Keypress: v
394.7008	DATA	Keypress:v held
394.7352	DATA	Keypress: v
394.9041	DATA	Keypress: v
395.0559	DATA	Keypress: v
395.2082	DATA	Keypress: v
395.3770	DATA	Keypress: v
395.5120	DATA	Keypress: v
395.6471	DATA	Keypress: v
395.7140	DATA	Keypress:v held
395.7822	DATA	Keypress: v
395.9016	DATA	Keypress: v
396.0187	DATA	Keypress: v
396.2717	DATA	Keypress: t
396.5082	DATA	Keypress: t
396.6603	DATA	Keypress: t
396.7271	DATA	Keypress:t held
396.7952	DATA	Keypress: t
397.2852	DATA	Keypress: v
397.4539	DATA	Keypress: v
397.6059	DATA	Keypress: v
397.7408	DATA	Keypress:v held
397.7577	DATA	Keypress: v
397.8934	DATA	Keypress: v
398.0449	DATA	Keypress: v
398.1969	DATA	Keypress: v
398.3334	DATA	Keypress: v
398.5008	DATA	Keypress: v
398.6698	DATA	Keypress: v
398.7703	DATA	Keypress:v held
398.8049	DATA	Keypress: v
398.9567	DATA	Keypress: v
399.0916	DATA	Keypress: v
399.2268	DATA	Keypress: v
399.3788	DATA	Keypress: v
399.5308	DATA	Keypress: v
399.6660	DATA	Keypress: v
399.7834	DATA	Keypress:v held
400.2572	DATA	Keypress: t
400.3583	DATA	Keypress: t
400.5610	DATA	Keypress: t
400.6960	DATA	Keypress: t
400.7966	DATA	Keypress:t held
400.8478	DATA	Keypress: t
400.9830	DATA	Keypress: t
401.1182	DATA	Keypress: t
401.2376	DATA	Keypress: t
401.3881	DATA	Keypress: t
401.5908	DATA	Keypress: t
401.7598	DATA	Keypress: t
401.8267	DATA	Keypress:t held
401.8949	DATA	Keypress: t
402.1990	DATA	Keypress: t
402.3183	DATA	Keypress: t
402.4703	DATA	Keypress: t
402.6222	DATA	Keypress: t
402.7738	DATA	Keypress: t
402.8398	DATA	Keypress:t held
402.8398	DATA	earn t
402.9299	DATA	Keypress: t
403.7526	DATA	Keypress: t
403.9809	DATA	Keypress: t
404.0732	DATA	Keypress: t
404.2250	DATA	Keypress: t
404.3771	DATA	Keypress: t
404.4955	DATA	Keypress: t
404.6980	DATA	Keypress: t
404.8329	DATA	Keypress: t
404.9681	DATA	Keypress: t
405.0013	DATA	Keypress:t held
405.2722	DATA	Keypress: t
405.4072	DATA	Keypress: t
405.5424	DATA	Keypress: t
405.7111	DATA	Keypress: t
405.8292	DATA	Keypress: t
405.9642	DATA	Keypress: t
406.0144	DATA	Keypress:t held
406.0824	DATA	Keypress: t
406.2343	DATA	Keypress: t
406.3866	DATA	Keypress: t
406.5216	DATA	Keypress: t
406.6736	DATA	Keypress: t
406.8427	DATA	Keypress: t
406.9776	DATA	Keypress: t
407.0445	DATA	Keypress:t held
407.1466	DATA	Keypress: t
407.3154	DATA	Keypress: t
407.4334	DATA	Keypress: t
407.9230	DATA	Keypress: v
408.0576	DATA	Keypress:v held
408.0922	DATA	Keypress: v
408.2272	DATA	Keypress: v
408.3961	DATA	Keypress: v
408.4973	DATA	Keypress: v
408.5988	DATA	Keypress: v
408.7338	DATA	Keypress: v
408.8523	DATA	Keypress: v
408.9701	DATA	Keypress: v
409.0708	DATA	Keypress:v held
409.1053	DATA	Keypress: v
409.2404	DATA	Keypress: v
409.3923	DATA	Keypress: v
409.5444	DATA	Keypress: v
409.6962	DATA	Keypress: v
409.9327	DATA	Keypress: v
410.1009	DATA	Keypress:v held
410.1016	DATA	Keypress: v
410.2367	DATA	Keypress: v
410.3717	DATA	Keypress: v
410.5406	DATA	Keypress: v
410.6757	DATA	Keypress: v
410.7938	DATA	Keypress: v
410.9625	DATA	Keypress: v
411.0978	DATA	Keypress: v
411.1140	DATA	Keypress:v held
411.2329	DATA	Keypress: v
411.3848	DATA	Keypress: v
411.5199	DATA	Keypress: v
411.6717	DATA	Keypress: v
411.8577	DATA	Keypress: v
411.9928	DATA	Keypress: v
412.0940	DATA	Keypress: v
412.1271	DATA	Keypress:v held
412.2630	DATA	Keypress: v
412.3993	DATA	Keypress: v
412.5838	DATA	Keypress: v
412.7357	DATA	Keypress: v
412.9046	DATA	Keypress: v
413.0734	DATA	Keypress: v
413.1404	DATA	Keypress:v held
413.2254	DATA	Keypress: v
413.4112	DATA	Keypress: v
413.5463	DATA	Keypress: v
413.6813	DATA	Keypress: v
413.8502	DATA	Keypress: v
414.0528	DATA	Keypress: v
414.1535	DATA	Keypress:v held
414.5257	DATA	Keypress: t
414.6951	DATA	Keypress: t
414.8634	DATA	Keypress: t
415.0323	DATA	Keypress: t
415.1666	DATA	Keypress:t held
415.1676	DATA	Keypress: t
415.3362	DATA	Keypress: t
415.5051	DATA	Keypress: t
415.6401	DATA	Keypress: t
415.8258	DATA	Keypress: t
415.9778	DATA	Keypress: t
416.1636	DATA	Keypress: t
416.1798	DATA	Keypress:t held
416.1798	DATA	earn t
416.3496	DATA	Keypress: t
416.5183	DATA	Keypress: t
417.4474	DATA	Keypress: t
417.5832	DATA	Keypress: t
417.8353	DATA	Keypress: t
417.9703	DATA	Keypress: t
418.1053	DATA	Keypress: t
418.2235	DATA	Keypress: t
418.3412	DATA	Keypress:t held
418.3756	DATA	Keypress: t
418.5109	DATA	Keypress: t
418.6121	DATA	Keypress: t
418.7472	DATA	Keypress: t
418.8823	DATA	Keypress: t
419.0003	DATA	Keypress: t
419.1355	DATA	Keypress: t
419.3380	DATA	Keypress: t
419.3544	DATA	Keypress:t held
419.5070	DATA	Keypress: t
419.6587	DATA	Keypress: t
419.7940	DATA	Keypress: t
419.9630	DATA	Keypress: t
420.0981	DATA	Keypress: t
420.1996	DATA	Keypress: t
420.3675	DATA	Keypress:t held
420.3683	DATA	Keypress: t
420.5371	DATA	Keypress: t
420.6895	DATA	Keypress: t
421.0434	DATA	Keypress: t
421.1787	DATA	Keypress: t
421.2970	DATA	Keypress: t
421.3807	DATA	Keypress:t held
421.3808	DATA	earn t
421.5501	DATA	Keypress: t
422.3783	DATA	Keypress: t
422.5364	DATA	Keypress: t
422.6477	DATA	Keypress: t
422.7996	DATA	Keypress: t
422.9349	DATA	Keypress: t
423.0698	DATA	Keypress: t
423.2390	DATA	Keypress: t
423.4079	DATA	Keypress: t
423.5421	DATA	Keypress:t held
423.5764	DATA	Keypress: t
423.7118	DATA	Keypress: t
423.8467	DATA	Keypress: t
424.1844	DATA	Keypress: t
424.3361	DATA	Keypress: t
424.5552	DATA	Keypress:t held
424.6235	DATA	Keypress: t
424.7753	DATA	Keypress: t
424.9273	DATA	Keypress: t
425.0625	DATA	Keypress: t
425.2146	DATA	Keypress: t
425.3500	DATA	Keypress: t
425.4847	DATA	Keypress: t
425.5853	DATA	Keypress:t held
425.6197	DATA	Keypress: t
425.7886	DATA	Keypress: t
425.9235	DATA	Keypress: t
426.0249	DATA	Keypress: t
426.1768	DATA	Keypress: t
426.3291	DATA	Keypress: t
426.4644	DATA	Keypress: t
426.5984	DATA	Keypress:t held
426.5990	DATA	Keypress: t
426.7510	DATA	Keypress: t
426.8862	DATA	Keypress: t
427.0214	DATA	Keypress: t
427.4434	DATA	Keypress: v
427.5952	DATA	Keypress: v
427.6116	DATA	Keypress:v held
427.6116	DATA	earn v
427.7318	DATA	Keypress: v
427.8656	DATA	Keypress: v
427.9842	DATA	Keypress: v
429.0983	DATA	Keypress: v
429.2333	DATA	Keypress: v
429.3682	DATA	Keypress: v
429.4863	DATA	Keypress: v
429.6218	DATA	Keypress: v
429.7567	DATA	Keypress: v
429.7898	DATA	Keypress:v held
429.8919	DATA	Keypress: v
429.9933	DATA	Keypress: v
430.0962	DATA	Keypress: v
430.3379	DATA	Keypress: t
430.7706	DATA	start rating L
430.7790	DATA	Keypress: t
430.7799	DATA	Keypress: t
430.9155	DATA	Keypress: t
431.0843	DATA	Keypress: t
439.6454	DATA	Keypress: v
440.0501	DATA	Keypress: v
441.8420	DATA	Keypress: v
450.2333	DATA	Keypress: return
450.2337	DATA	RatingScale rateL_scale: (key response) rating=4
450.2338	DATA	RatingScale rateL_scale: rating RT=19.463
450.2343	DATA	4.0
450.2343	DATA	end rating L
450.3433	DATA	start rating R
452.8158	DATA	Keypress: v
453.2894	DATA	Keypress: v
455.1804	DATA	Keypress: return
455.1808	DATA	RatingScale rateR_scale: (key response) rating=6
455.1809	DATA	RatingScale rateR_scale: rating RT=4.838
455.1814	DATA	6.0
455.1824	DATA	end rating R
456.7743	DATA	Keypress: t
456.7905	DATA	Keypress:t held
456.9432	DATA	Keypress: t
457.1122	DATA	Keypress: t
457.2473	DATA	Keypress: t
457.3823	DATA	Keypress: t
457.5175	DATA	Keypress: t
457.6524	DATA	Keypress: t
457.7709	DATA	Keypress: t
457.8037	DATA	Keypress:t held
457.9225	DATA	Keypress: t
458.0410	DATA	Keypress: t
458.1422	DATA	Keypress: t
458.5981	DATA	Keypress: v
458.7332	DATA	Keypress: v
458.8338	DATA	Keypress:v held
458.8338	DATA	earn v
458.9478	DATA	Keypress: v
459.0205	DATA	Keypress: v
459.1554	DATA	Keypress: v
459.2906	DATA	Keypress: v
459.4086	DATA	Keypress: v
460.3036	DATA	Keypress: v
460.4388	DATA	Keypress: v
460.5401	DATA	Keypress: v
460.6751	DATA	Keypress: v
460.7764	DATA	Keypress: v
460.9116	DATA	Keypress: v
461.0289	DATA	Keypress:v held
461.0636	DATA	Keypress: v
461.1646	DATA	Keypress: v
461.2830	DATA	Keypress: v
461.4180	DATA	Keypress: v
461.5532	DATA	Keypress: v
461.6881	DATA	Keypress: v
461.8063	DATA	Keypress: v
461.9248	DATA	Keypress: v
462.0260	DATA	Keypress: v
462.0591	DATA	Keypress:v held
462.1610	DATA	Keypress: v
462.2624	DATA	Keypress: v
462.3635	DATA	Keypress: v
462.5662	DATA	Keypress: t
462.7014	DATA	Keypress: t
462.8193	DATA	Keypress: t
462.9546	DATA	Keypress: t
463.0722	DATA	Keypress:t held
463.0898	DATA	Keypress: t
463.2247	DATA	Keypress: t
463.3599	DATA	Keypress: t
463.4950	DATA	Keypress: t
463.6301	DATA	Keypress: t
463.7652	DATA	Keypress: t
463.9003	DATA	Keypress: t
464.0188	DATA	Keypress: t
464.0854	DATA	Keypress:t held
464.1536	DATA	Keypress: t
464.3056	DATA	Keypress: t
464.4407	DATA	Keypress: t
464.5757	DATA	Keypress: t
464.8292	DATA	Keypress: v
464.9639	DATA	Keypress: v
465.0986	DATA	Keypress:v held
465.0986	DATA	earn v
465.2111	DATA	Keypress: v
465.2685	DATA	Keypress: v
465.4033	DATA	Keypress: v
465.5047	DATA	Keypress: v
465.7088	DATA	Keypress: v
465.8761	DATA	Keypress: v
465.9943	DATA	Keypress: v
466.2943	DATA	Keypress: v
466.4162	DATA	Keypress: v
466.5680	DATA	Keypress: v
466.7202	DATA	Keypress: v
466.8552	DATA	Keypress: v
467.0074	DATA	Keypress: v
467.2440	DATA	Keypress: v
467.3106	DATA	Keypress:v held
467.4124	DATA	Keypress: v
467.5476	DATA	Keypress: v
467.6994	DATA	Keypress: v
467.8345	DATA	Keypress: v
467.9696	DATA	Keypress: v
468.2229	DATA	Keypress: v
468.3236	DATA	Keypress:v held
468.3582	DATA	Keypress: v
468.4763	DATA	Keypress: v
468.6117	DATA	Keypress: v
468.7803	DATA	Keypress: v
468.9154	DATA	Keypress: v
469.0510	DATA	Keypress: v
469.1687	DATA	Keypress: v
469.2869	DATA	Keypress: v
469.3369	DATA	Keypress:v held
469.4727	DATA	Keypress: v
469.6076	DATA	Keypress: v
469.7257	DATA	Keypress: v
469.8270	DATA	Keypress: v
469.9962	DATA	Keypress: t
470.1327	DATA	Keypress: t
470.2844	DATA	Keypress: t
470.3501	DATA	Keypress:t held
470.4520	DATA	Keypress: t
470.5872	DATA	Keypress: t
470.7222	DATA	Keypress: t
470.8573	DATA	Keypress: t
470.9754	DATA	Keypress: t
471.1106	DATA	Keypress: t
471.2455	DATA	Keypress: t
471.3632	DATA	Keypress:t held
471.3804	DATA	Keypress: t
471.5164	DATA	Keypress: t
471.6685	DATA	Keypress: t
471.8027	DATA	Keypress: t
472.0563	DATA	Keypress: v
472.1914	DATA	Keypress: v
472.3266	DATA	Keypress: v
472.3933	DATA	Keypress:v held
472.4615	DATA	Keypress: v
472.5797	DATA	Keypress: v
472.7146	DATA	Keypress: v
472.8496	DATA	Keypress: v
472.9680	DATA	Keypress: v
473.0862	DATA	Keypress: v
473.3410	DATA	Keypress: v
473.4064	DATA	Keypress:v held
473.4744	DATA	Keypress: v
473.6098	DATA	Keypress: v
473.7111	DATA	Keypress: v
474.1332	DATA	Keypress: v
474.2526	DATA	Keypress: v
474.3528	DATA	Keypress: v
474.4196	DATA	Keypress:v held
474.5554	DATA	Keypress: t
474.6903	DATA	Keypress: t
474.8253	DATA	Keypress: t
474.9605	DATA	Keypress: t
475.0957	DATA	Keypress: t
475.2308	DATA	Keypress: t
475.3659	DATA	Keypress: t
475.4327	DATA	Keypress:t held
475.4328	DATA	earn t
475.5288	DATA	Keypress: t
475.6209	DATA	Keypress: t
475.7883	DATA	Keypress: t
475.8895	DATA	Keypress: t
476.0078	DATA	Keypress: t
476.1261	DATA	Keypress: t
476.6339	DATA	Keypress: t
476.6349	DATA	Keypress: t
476.7169	DATA	Keypress: t
476.8528	DATA	Keypress: t
476.9869	DATA	Keypress: t
477.1221	DATA	Keypress: t
477.2909	DATA	Keypress: t
477.4260	DATA	Keypress: t
477.5779	DATA	Keypress: t
477.6447	DATA	Keypress:t held
477.7298	DATA	Keypress: t
477.8818	DATA	Keypress: t
478.0171	DATA	Keypress: t
478.1353	DATA	Keypress: t
478.5912	DATA	Keypress: t
478.6579	DATA	Keypress:t held
478.7262	DATA	Keypress: t
478.8613	DATA	Keypress: t
478.9965	DATA	Keypress: t
479.1145	DATA	Keypress: t
479.4014	DATA	Keypress: t
479.5704	DATA	Keypress: t
479.6711	DATA	Keypress:t held
479.7392	DATA	Keypress: t
479.8741	DATA	Keypress: t
480.0095	DATA	Keypress: t
480.1277	DATA	Keypress: t
480.2966	DATA	Keypress: t
480.4317	DATA	Keypress: t
480.5332	DATA	Keypress: t
480.6681	DATA	Keypress: t
480.7011	DATA	Keypress:t held
480.9552	DATA	Keypress: t
481.1410	DATA	Keypress: t
481.2758	DATA	Keypress: t
481.4280	DATA	Keypress: t
481.5799	DATA	Keypress: t
481.7143	DATA	Keypress:t held
481.7500	DATA	Keypress: t
481.9007	DATA	Keypress: t
482.0528	DATA	Keypress: t
482.1879	DATA	Keypress: t
482.3230	DATA	Keypress: t
482.4580	DATA	Keypress: t
482.5762	DATA	Keypress: t
482.6945	DATA	Keypress: t
482.7274	DATA	Keypress:t held
482.8295	DATA	Keypress: t
482.9475	DATA	Keypress: t
483.2517	DATA	Keypress: t
483.3866	DATA	Keypress: t
483.5218	DATA	Keypress: t
483.6569	DATA	Keypress: t
483.7575	DATA	Keypress:t held
483.7576	DATA	earn t
484.1298	DATA	Keypress: v
484.2309	DATA	Keypress: v
484.3663	DATA	Keypress: v
484.5016	DATA	Keypress: v
484.7206	DATA	Keypress: v
485.4131	DATA	Keypress: t
485.5481	DATA	Keypress: t
485.6832	DATA	Keypress: t
485.8522	DATA	Keypress: t
485.9695	DATA	Keypress:t held
485.9696	DATA	earn t
485.9703	DATA	Keypress: t
486.1056	DATA	Keypress: t
486.2571	DATA	Keypress: t
486.3922	DATA	Keypress: t
486.5446	DATA	Keypress: t
486.6625	DATA	Keypress: t
487.5068	DATA	Keypress: t
487.6420	DATA	Keypress: t
487.7601	DATA	Keypress: t
487.9122	DATA	Keypress: t
488.0474	DATA	Keypress: t
488.1817	DATA	Keypress:t held
488.1823	DATA	Keypress: t
488.3175	DATA	Keypress: t
488.4354	DATA	Keypress: t
488.5877	DATA	Keypress: t
488.7225	DATA	Keypress: t
488.8576	DATA	Keypress: t
488.9929	DATA	Keypress: t
489.1454	DATA	Keypress: t
489.1948	DATA	Keypress:t held
489.2632	DATA	Keypress: t
489.4150	DATA	Keypress: t
489.5502	DATA	Keypress: t
489.6864	DATA	Keypress: t
489.9045	DATA	Keypress: t
490.2081	DATA	Keypress:t held
490.3438	DATA	Keypress: v
490.4789	DATA	Keypress: v
490.6477	DATA	Keypress: v
490.7828	DATA	Keypress: v
491.2049	DATA	Keypress: v
491.2212	DATA	Keypress:v held
491.3400	DATA	Keypress: v
491.4751	DATA	Keypress: v
491.6269	DATA	Keypress: v
491.7452	DATA	Keypress: v
491.8972	DATA	Keypress: v
492.0662	DATA	Keypress: v
492.2012	DATA	Keypress: v
492.2343	DATA	Keypress:v held
492.3364	DATA	Keypress: v
492.4714	DATA	Keypress: v
492.6235	DATA	Keypress: v
492.7585	DATA	Keypress: v
492.9101	DATA	Keypress: v
493.0626	DATA	Keypress: v
493.2143	DATA	Keypress: v
493.2474	DATA	Keypress:v held
493.3663	DATA	Keypress: v
493.5028	DATA	Keypress: v
493.6703	DATA	Keypress: v
493.8067	DATA	Keypress: v
494.0081	DATA	Keypress: v
494.1266	DATA	Keypress: v
494.2606	DATA	Keypress:v held
494.2782	DATA	Keypress: v
494.4471	DATA	Keypress: v
494.5825	DATA	Keypress: v
494.7345	DATA	Keypress: v
494.8861	DATA	Keypress: v
495.0887	DATA	Keypress: t
495.2239	DATA	Keypress: t
495.2911	DATA	Keypress:t held
495.2911	DATA	earn t
495.3832	DATA	Keypress: t
495.5111	DATA	Keypress: t
495.6800	DATA	Keypress: t
495.8825	DATA	Keypress: t
496.0012	DATA	Keypress: t
496.1527	DATA	Keypress: t
496.5040	DATA	Keypress: t
496.5048	DATA	Keypress: t
496.6761	DATA	Keypress: t
496.8280	DATA	Keypress: t
496.9799	DATA	Keypress: t
497.1488	DATA	Keypress: t
497.2840	DATA	Keypress: t
497.4190	DATA	Keypress: t
497.5196	DATA	Keypress:t held
497.5714	DATA	Keypress: t
497.7226	DATA	Keypress: t
497.8578	DATA	Keypress: t
498.0099	DATA	Keypress: t
498.1449	DATA	Keypress: t
498.2969	DATA	Keypress: t
498.4321	DATA	Keypress: t
498.5497	DATA	Keypress:t held
498.7867	DATA	Keypress: t
498.9894	DATA	Keypress: t
499.1245	DATA	Keypress: t
499.2762	DATA	Keypress: t
499.3945	DATA	Keypress: t
499.4961	DATA	Keypress: t
499.5628	DATA	Keypress:t held
499.7325	DATA	Keypress: t
499.8842	DATA	Keypress: t
500.0023	DATA	Keypress: t
500.1545	DATA	Keypress: t
500.2897	DATA	Keypress: t
500.4078	DATA	Keypress: t
500.5759	DATA	Keypress:t held
500.5767	DATA	Keypress: t
500.6792	DATA	Keypress: t
500.8468	DATA	Keypress: t
500.9832	DATA	Keypress: t
501.1674	DATA	Keypress: t
501.3364	DATA	Keypress: t
501.4886	DATA	Keypress: t
501.5891	DATA	Keypress:t held
501.6405	DATA	Keypress: t
501.7419	DATA	Keypress: t
502.2653	DATA	Keypress: v
502.4003	DATA	Keypress: v
502.5190	DATA	Keypress: v
502.6027	DATA	Keypress:v held
502.6027	DATA	earn v
502.7166	DATA	Keypress: v
502.7889	DATA	Keypress: v
502.9238	DATA	Keypress: v
503.8694	DATA	Keypress: t
504.0046	DATA	Keypress: t
504.1396	DATA	Keypress: t
504.2579	DATA	Keypress: t
504.3927	DATA	Keypress: t
504.5116	DATA	Keypress: t
504.6633	DATA	Keypress: t
504.8156	DATA	Keypress: t
504.8480	DATA	Keypress:t held
504.9671	DATA	Keypress: t
505.0852	DATA	Keypress: t
505.2203	DATA	Keypress: t
505.4228	DATA	Keypress: v
505.5918	DATA	Keypress: v
505.7269	DATA	Keypress: v
505.8612	DATA	Keypress:v held
505.8620	DATA	Keypress: v
505.9973	DATA	Keypress: v
506.1322	DATA	Keypress: v
506.2503	DATA	Keypress: v
506.4700	DATA	Keypress: t
506.6727	DATA	Keypress: t
506.8076	DATA	Keypress: t
506.8744	DATA	Keypress:t held
506.9593	DATA	Keypress: t
507.1116	DATA	Keypress: t
507.2467	DATA	Keypress: t
507.4156	DATA	Keypress: t
507.5506	DATA	Keypress: t
507.6857	DATA	Keypress: t
507.8374	DATA	Keypress: t
507.8876	DATA	Keypress:t held
507.9727	DATA	Keypress: t
508.1249	DATA	Keypress: t
508.2764	DATA	Keypress: t
508.4622	DATA	Keypress: t
508.6482	DATA	Keypress: t
508.8170	DATA	Keypress: t
508.9176	DATA	Keypress:t held
508.9521	DATA	Keypress: t
509.1210	DATA	Keypress: t
509.4754	DATA	Keypress: t
509.6108	DATA	Keypress: t
509.7964	DATA	Keypress: t
509.9145	DATA	Keypress: t
509.9307	DATA	Keypress:t held
510.0495	DATA	Keypress: t
510.1681	DATA	Keypress: t
510.6069	DATA	Keypress: v
510.7756	DATA	Keypress: v
510.9109	DATA	Keypress: v
510.9439	DATA	Keypress:v held
511.0291	DATA	Keypress: v
511.1810	DATA	Keypress: v
511.3162	DATA	Keypress: v
511.4680	DATA	Keypress: v
511.6031	DATA	Keypress: v
511.7383	DATA	Keypress: v
511.8901	DATA	Keypress: v
511.9570	DATA	Keypress:v held
511.9923	DATA	Keypress: v
512.1943	DATA	Keypress: t
512.3295	DATA	Keypress: t
512.4644	DATA	Keypress: t
512.6162	DATA	Keypress: t
512.7526	DATA	Keypress: t
512.9034	DATA	Keypress: t
512.9702	DATA	Keypress:t held
513.0217	DATA	Keypress: t
513.1564	DATA	Keypress: t
513.3087	DATA	Keypress: t
513.4437	DATA	Keypress: t
513.5789	DATA	Keypress: t
513.7140	DATA	Keypress: t
513.8491	DATA	Keypress: t
513.9834	DATA	Keypress:t held
513.9842	DATA	Keypress: t
514.1206	DATA	Keypress: t
514.2712	DATA	Keypress: t
514.4229	DATA	Keypress: t
514.5751	DATA	Keypress: t
514.7270	DATA	Keypress: t
514.8621	DATA	Keypress: t
514.9465	DATA	Keypress: t
514.9966	DATA	Keypress:t held
515.6878	DATA	start rating L
515.7340	DATA	Keypress: v
515.9531	DATA	Keypress: v
536.0141	DATA	Keypress: t
536.3476	DATA	Keypress: t
536.9943	DATA	Keypress: t
563.6239	DATA	Keypress: v
563.9609	DATA	Keypress: v
567.5939	DATA	Keypress: return
567.5943	DATA	RatingScale rateL_scale: (key response) rating=5
567.5944	DATA	RatingScale rateL_scale: rating RT=51.906
567.5951	DATA	5.0
567.5951	DATA	end rating L
567.7095	DATA	start rating R
570.7488	DATA	Keypress: t
572.2176	DATA	Keypress: return
572.2180	DATA	RatingScale rateR_scale: (key response) rating=3
572.2181	DATA	RatingScale rateR_scale: rating RT=4.508
572.2186	DATA	3.0
572.2196	DATA	end rating R
574.4700	DATA	Keypress: t
574.5028	DATA	Keypress:t held
574.7397	DATA	Keypress: t
574.9932	DATA	Keypress: t
575.2296	DATA	Keypress: t
575.4491	DATA	Keypress: t
575.5160	DATA	Keypress:t held
575.6855	DATA	Keypress: t
575.9220	DATA	Keypress: t
576.1922	DATA	Keypress: t
576.4454	DATA	Keypress: t
576.5291	DATA	Keypress:t held
576.6818	DATA	Keypress: t
576.9517	DATA	Keypress: t
577.2230	DATA	Keypress: t
577.4925	DATA	Keypress: t
577.5592	DATA	Keypress:t held
577.7287	DATA	Keypress: t
578.0157	DATA	Keypress: t
578.2705	DATA	Keypress: t
578.5723	DATA	Keypress:t held
578.5728	DATA	Keypress: t
578.8432	DATA	Keypress: t
579.1809	DATA	Keypress: t
579.4340	DATA	Keypress: t
579.5855	DATA	Keypress:t held
579.6550	DATA	Keypress: t
579.8564	DATA	Keypress: t
580.5986	DATA	Keypress:t held
580.7007	DATA	Keypress: v
580.9032	DATA	Keypress: v
581.1396	DATA	Keypress: v
581.2917	DATA	Keypress: v
581.4786	DATA	Keypress: v
581.6118	DATA	Keypress:v held
581.6631	DATA	Keypress: v
581.8658	DATA	Keypress: v
582.0514	DATA	Keypress: v
582.2711	DATA	Keypress: v
582.4738	DATA	Keypress: v
582.6418	DATA	Keypress:v held
582.6763	DATA	Keypress: v
582.8620	DATA	Keypress: v
583.1828	DATA	Keypress: v
583.5544	DATA	Keypress: v
583.6550	DATA	Keypress:v held
583.7570	DATA	Keypress: v
583.9428	DATA	Keypress: v
584.1118	DATA	Keypress: v
584.5000	DATA	Keypress: v
584.6682	DATA	Keypress:v held
585.0403	DATA	Keypress: v
585.2767	DATA	Keypress: v
585.4632	DATA	Keypress: v
585.6813	DATA	Keypress:v held
585.7158	DATA	Keypress: v
585.8847	DATA	Keypress: v
586.3913	DATA	Keypress: t
586.6612	DATA	Keypress: t
586.6945	DATA	Keypress:t held
586.6945	DATA	earn t
586.9484	DATA	Keypress: t
588.1473	DATA	Keypress: t
588.3514	DATA	Keypress: t
588.5862	DATA	Keypress: t
588.7888	DATA	Keypress: t
588.9572	DATA	Keypress:t held
589.0255	DATA	Keypress: t
589.2280	DATA	Keypress: t
589.4477	DATA	Keypress: t
589.6499	DATA	Keypress: t
589.8697	DATA	Keypress: t
589.9703	DATA	Keypress:t held
590.0894	DATA	Keypress: t
590.5621	DATA	Keypress: v
590.7816	DATA	Keypress: v
590.9504	DATA	Keypress: v
590.9835	DATA	Keypress:v held
591.1532	DATA	Keypress: v
591.5584	DATA	Keypress: v
591.7438	DATA	Keypress: v
591.9803	DATA	Keypress: v
591.9967	DATA	Keypress:v held
592.1329	DATA	Keypress: v
592.3858	DATA	Keypress: v
592.5884	DATA	Keypress: v
592.7924	DATA	Keypress: v
593.0099	DATA	Keypress:v held
593.0100	DATA	earn v
593.1297	DATA	Keypress: v
593.2469	DATA	Keypress: v
594.6319	DATA	Keypress: v
594.8677	DATA	Keypress: v
595.0705	DATA	Keypress: v
595.2557	DATA	Keypress:v held
595.2733	DATA	Keypress: v
595.6448	DATA	Keypress: v
595.8811	DATA	Keypress: v
596.0839	DATA	Keypress: v
596.2857	DATA	Keypress:v held
596.2865	DATA	Keypress: v
596.4567	DATA	Keypress: v
596.6576	DATA	Keypress: v
596.9110	DATA	Keypress: v
597.2825	DATA	Keypress: v
597.3158	DATA	Keypress:v held
597.5190	DATA	Keypress: v
597.8567	DATA	Keypress: v
598.0595	DATA	Keypress: v
598.3289	DATA	Keypress:v held
598.3804	DATA	Keypress: v
598.7178	DATA	Keypress: t
598.9713	DATA	Keypress: t
599.3091	DATA	Keypress: v
599.3421	DATA	Keypress:v held
599.5621	DATA	Keypress: v
599.7818	DATA	Keypress: v
599.9675	DATA	Keypress: v
600.3053	DATA	Keypress: t
600.3552	DATA	Keypress:t held
600.5586	DATA	Keypress: t
600.7950	DATA	Keypress: t
601.1329	DATA	Keypress: t
601.3683	DATA	Keypress:t held
601.3691	DATA	Keypress: t
601.6053	DATA	Keypress: t
601.9094	DATA	Keypress: v
602.1458	DATA	Keypress: v
602.3486	DATA	Keypress: v
602.3816	DATA	Keypress:v held
602.5511	DATA	Keypress: v
602.7876	DATA	Keypress: v
603.1590	DATA	Keypress: v
603.3786	DATA	Keypress: v
603.3947	DATA	Keypress:v held
603.5643	DATA	Keypress: v
603.9864	DATA	Keypress: v
604.2229	DATA	Keypress: v
604.4248	DATA	Keypress:v held
604.4257	DATA	Keypress: v
604.8474	DATA	Keypress: v
605.0671	DATA	Keypress: v
605.3204	DATA	Keypress: v
605.4379	DATA	Keypress:v held
605.5400	DATA	Keypress: v
605.7932	DATA	Keypress: v
606.0298	DATA	Keypress: v
606.2661	DATA	Keypress: v
606.4511	DATA	Keypress:v held
606.6373	DATA	Keypress: v
606.8738	DATA	Keypress: v
607.0767	DATA	Keypress: v
607.4812	DATA	Keypress:v held
607.5494	DATA	Keypress: v
607.7860	DATA	Keypress: v
608.0223	DATA	Keypress: v
608.2254	DATA	Keypress: v
608.4274	DATA	Keypress: v
608.4943	DATA	Keypress:v held
608.4944	DATA	earn v
608.7822	DATA	Keypress: t
609.7611	DATA	Keypress: t
610.0486	DATA	Keypress: t
610.2512	DATA	Keypress: t
610.5044	DATA	Keypress: t
610.7239	DATA	Keypress: t
610.7570	DATA	Keypress:t held
611.0280	DATA	Keypress: t
611.2643	DATA	Keypress: t
611.4332	DATA	Keypress: t
611.6358	DATA	Keypress: t
611.7702	DATA	Keypress:t held
611.8551	DATA	Keypress: t
612.0749	DATA	Keypress: t
612.2437	DATA	Keypress: t
612.4978	DATA	Keypress: t
612.7333	DATA	Keypress: t
612.8002	DATA	Keypress:t held
612.9531	DATA	Keypress: t
613.1555	DATA	Keypress: t
613.3751	DATA	Keypress: t
613.6281	DATA	Keypress: t
613.8134	DATA	Keypress:t held
613.8307	DATA	Keypress: t
614.0843	DATA	Keypress: t
614.3207	DATA	Keypress: t
614.5403	DATA	Keypress: t
614.8265	DATA	Keypress:t held
615.1142	DATA	Keypress: t
615.4352	DATA	Keypress: t
615.6716	DATA	Keypress: t
615.8397	DATA	Keypress:t held
615.8742	DATA	Keypress: t
616.2120	DATA	Keypress: t
616.4987	DATA	Keypress: t
616.7354	DATA	Keypress: t
616.8528	DATA	Keypress:t held
616.9548	DATA	Keypress: t
617.2081	DATA	Keypress: t
617.4784	DATA	Keypress: t
617.7484	DATA	Keypress: t
617.8829	DATA	Keypress:t held
617.9346	DATA	Keypress: t
618.1199	DATA	Keypress: t
618.6434	DATA	Keypress: v
618.8961	DATA	Keypress:v held
618.9306	DATA	Keypress: v
619.4034	DATA	Keypress: v
619.6398	DATA	Keypress: v
619.8426	DATA	Keypress: v
619.9092	DATA	Keypress:v held
620.0617	DATA	Keypress: v
620.2646	DATA	Keypress: v
620.4671	DATA	Keypress: v
620.7036	DATA	Keypress: v
620.8908	DATA	Keypress: v
620.9223	DATA	Keypress:v held
621.1258	DATA	Keypress: v
621.3284	DATA	Keypress: v
621.5140	DATA	Keypress: v
621.8854	DATA	Keypress: v
621.9355	DATA	Keypress:v held
622.1050	DATA	Keypress: v
622.3077	DATA	Keypress: v
622.9157	DATA	Keypress: t
622.9490	DATA	Keypress:t held
623.2363	DATA	Keypress: t
623.4895	DATA	Keypress: t
623.7261	DATA	Keypress: t
623.9618	DATA	Keypress:t held
623.9626	DATA	Keypress: t
624.1990	DATA	Keypress: t
624.4018	DATA	Keypress: t
624.6380	DATA	Keypress: t
624.9750	DATA	Keypress:t held
625.2121	DATA	Keypress: t
625.4654	DATA	Keypress: t
625.6682	DATA	Keypress: t
626.0051	DATA	Keypress:t held
626.0051	DATA	earn t
626.0058	DATA	Keypress: t
626.2596	DATA	Keypress: t
626.4955	DATA	Keypress: t
627.5086	DATA	Keypress: t
627.7450	DATA	Keypress: t
627.9646	DATA	Keypress: t
628.1334	DATA	Keypress: t
628.2678	DATA	Keypress:t held
628.3529	DATA	Keypress: t
628.5232	DATA	Keypress: t
628.7580	DATA	Keypress: t
629.0284	DATA	Keypress: t
629.2311	DATA	Keypress: t
629.2978	DATA	Keypress:t held
629.4335	DATA	Keypress: t
629.6530	DATA	Keypress: t
629.8556	DATA	Keypress: t
630.0755	DATA	Keypress: t
630.2947	DATA	Keypress: t
630.3108	DATA	Keypress:t held
630.5140	DATA	Keypress: t
630.7338	DATA	Keypress: t
630.9365	DATA	Keypress: t
631.1397	DATA	Keypress: t
631.3411	DATA	Keypress:t held
631.3590	DATA	Keypress: t
631.5444	DATA	Keypress: t
631.9829	DATA	Keypress: t
632.2367	DATA	Keypress: t
632.7825	DATA	start rating L
632.7911	DATA	Keypress: t
632.9191	DATA	Keypress: t
637.4483	DATA	Keypress: v
637.8364	DATA	Keypress: v
638.1062	DATA	Keypress: v
638.4285	DATA	Keypress: v
645.8235	DATA	Keypress: t
647.9676	DATA	Keypress: return
647.9680	DATA	RatingScale rateL_scale: (key response) rating=5
647.9681	DATA	RatingScale rateL_scale: rating RT=15.185
647.9685	DATA	5.0
647.9685	DATA	end rating L
648.0770	DATA	start rating R
651.1426	DATA	Keypress: t
655.4658	DATA	Keypress: t
660.3953	DATA	Keypress: return
660.3956	DATA	RatingScale rateR_scale: (key response) rating=2
660.3957	DATA	RatingScale rateR_scale: rating RT=12.319
660.3962	DATA	2.0
660.3972	DATA	end rating R
662.1264	DATA	Keypress: t
662.1580	DATA	Keypress:t held
662.1581	DATA	earn t
662.3783	DATA	Keypress: t
662.5810	DATA	Keypress: t
662.7836	DATA	Keypress: t
663.6953	DATA	Keypress: t
663.8976	DATA	Keypress: t
664.0835	DATA	Keypress: t
664.2863	DATA	Keypress: t
664.4545	DATA	Keypress:t held
664.4554	DATA	Keypress: t
664.6410	DATA	Keypress: t
664.8604	DATA	Keypress: t
665.4346	DATA	Keypress: v
665.4676	DATA	Keypress:v held
665.6541	DATA	Keypress: v
665.8567	DATA	Keypress: v
666.0257	DATA	Keypress: v
666.2282	DATA	Keypress: v
666.3972	DATA	Keypress: v
666.4808	DATA	Keypress:v held
666.5996	DATA	Keypress: v
666.7854	DATA	Keypress: v
666.9880	DATA	Keypress: v
667.1737	DATA	Keypress: v
667.3429	DATA	Keypress: v
667.4939	DATA	Keypress:v held
667.5622	DATA	Keypress: v
667.7309	DATA	Keypress: v
667.9336	DATA	Keypress: v
668.2715	DATA	Keypress: v
668.4740	DATA	Keypress: v
668.5071	DATA	Keypress:v held
668.6598	DATA	Keypress: v
668.8284	DATA	Keypress: v
669.0156	DATA	Keypress: v
669.2170	DATA	Keypress: v
669.4196	DATA	Keypress: v
669.5201	DATA	Keypress:v held
669.5202	DATA	earn v
669.6619	DATA	Keypress: v
670.8040	DATA	Keypress: v
671.1083	DATA	Keypress: v
671.3109	DATA	Keypress: v
671.5135	DATA	Keypress: v
671.7499	DATA	Keypress: v
671.8167	DATA	Keypress:v held
671.9525	DATA	Keypress: v
672.1719	DATA	Keypress: v
672.3758	DATA	Keypress: v
672.6280	DATA	Keypress: v
672.8299	DATA	Keypress:v held
672.8307	DATA	Keypress: v
673.0333	DATA	Keypress: v
673.2698	DATA	Keypress: v
673.4892	DATA	Keypress: v
673.7253	DATA	Keypress: v
673.8430	DATA	Keypress:v held
673.8431	DATA	earn v
673.9634	DATA	Keypress: v
674.1986	DATA	Keypress: v
674.7726	DATA	Keypress: v
675.1376	DATA	Keypress: v
675.6170	DATA	Keypress: v
675.8532	DATA	Keypress: v
676.0559	DATA	Keypress: v
676.1565	DATA	Keypress:v held
676.2585	DATA	Keypress: v
676.4784	DATA	Keypress: v
676.6639	DATA	Keypress: v
676.8663	DATA	Keypress: v
677.0857	DATA	Keypress: v
677.1696	DATA	Keypress:v held
677.2885	DATA	Keypress: v
677.5080	DATA	Keypress: v
677.7106	DATA	Keypress: v
677.9133	DATA	Keypress: v
678.1160	DATA	Keypress: v
678.1828	DATA	Keypress:v held
678.3199	DATA	Keypress: v
678.5380	DATA	Keypress: v
678.7572	DATA	Keypress: v
678.9602	DATA	Keypress: v
679.1798	DATA	Keypress: v
679.2128	DATA	Keypress:v held
679.3824	DATA	Keypress: v
679.5850	DATA	Keypress: v
679.7538	DATA	Keypress: v
679.9734	DATA	Keypress: v
680.1763	DATA	Keypress: v
680.2260	DATA	Keypress:v held
680.3786	DATA	Keypress: v
680.5981	DATA	Keypress: v
680.8007	DATA	Keypress: v
680.9696	DATA	Keypress: v
681.2062	DATA	Keypress: v
681.2392	DATA	Keypress:v held
681.4762	DATA	Keypress: t
681.6957	DATA	Keypress: t
681.8816	DATA	Keypress: t
682.0505	DATA	Keypress: t
682.2362	DATA	Keypress: t
682.2522	DATA	Keypress:t held
682.4387	DATA	Keypress: t
682.6583	DATA	Keypress: t
682.8609	DATA	Keypress: t
683.0636	DATA	Keypress: t
683.2655	DATA	Keypress:t held
683.4517	DATA	Keypress: v
683.6883	DATA	Keypress: v
684.0260	DATA	Keypress: v
684.2786	DATA	Keypress:v held
684.4820	DATA	Keypress: v
684.7183	DATA	Keypress: v
684.9210	DATA	Keypress: v
685.1404	DATA	Keypress: v
685.2918	DATA	Keypress:v held
685.3433	DATA	Keypress: v
685.5963	DATA	Keypress: t
685.8835	DATA	Keypress: t
686.0862	DATA	Keypress: t
686.2887	DATA	Keypress: t
686.3218	DATA	Keypress:t held
686.4914	DATA	Keypress: t
686.7109	DATA	Keypress: t
686.9135	DATA	Keypress: t
687.1331	DATA	Keypress: t
687.3349	DATA	Keypress:t held
687.3530	DATA	Keypress: t
687.5551	DATA	Keypress: t
687.7916	DATA	Keypress: t
687.9943	DATA	Keypress: t
688.2137	DATA	Keypress: t
688.3481	DATA	Keypress:t held
688.4331	DATA	Keypress: t
688.6864	DATA	Keypress: t
688.8891	DATA	Keypress: t
689.3782	DATA	Keypress:t held
689.4803	DATA	Keypress: v
689.6828	DATA	Keypress: v
689.9023	DATA	Keypress: v
690.1218	DATA	Keypress: v
690.3412	DATA	Keypress: v
690.3913	DATA	Keypress:v held
690.5612	DATA	Keypress: v
690.8482	DATA	Keypress: v
691.2364	DATA	Keypress: v
691.4045	DATA	Keypress:v held
691.4054	DATA	Keypress: v
691.6247	DATA	Keypress: v
691.8106	DATA	Keypress: v
692.0468	DATA	Keypress: v
692.2664	DATA	Keypress: v
692.4176	DATA	Keypress:v held
692.4860	DATA	Keypress: v
692.6885	DATA	Keypress: v
693.2287	DATA	Keypress: v
693.4308	DATA	Keypress:v held
693.4485	DATA	Keypress: v
693.6510	DATA	Keypress: v
693.8702	DATA	Keypress: v
694.0731	DATA	Keypress: v
694.2590	DATA	Keypress: v
694.4609	DATA	Keypress:v held
694.4954	DATA	Keypress: v
694.6655	DATA	Keypress: v
694.8835	DATA	Keypress: v
695.0695	DATA	Keypress: v
695.2890	DATA	Keypress: v
695.4740	DATA	Keypress:v held
695.5085	DATA	Keypress: v
695.6941	DATA	Keypress: v
695.9306	DATA	Keypress: v
696.1164	DATA	Keypress: v
696.4874	DATA	Keypress:v held
696.5217	DATA	Keypress: t
696.7411	DATA	Keypress: t
696.9607	DATA	Keypress: t
697.1465	DATA	Keypress: t
697.3829	DATA	Keypress: t
697.5003	DATA	Keypress:t held
697.5858	DATA	Keypress: t
697.7881	DATA	Keypress: t
698.0246	DATA	Keypress: t
698.2272	DATA	Keypress: t
698.4467	DATA	Keypress: t
698.5134	DATA	Keypress:t held
698.5135	DATA	earn t
698.6661	DATA	Keypress: t
698.8687	DATA	Keypress: t
700.5405	DATA	Keypress: t
700.8606	DATA	Keypress:t held
701.3680	DATA	Keypress: t
701.6381	DATA	Keypress: t
701.8406	DATA	Keypress: t
701.8738	DATA	Keypress:t held
702.0603	DATA	Keypress: t
702.4488	DATA	Keypress: t
702.6188	DATA	Keypress: t
702.8539	DATA	Keypress: t
702.8870	DATA	Keypress:t held
703.0566	DATA	Keypress: t
703.4616	DATA	Keypress: t
703.6814	DATA	Keypress: t
703.9000	DATA	Keypress:t held
703.9007	DATA	Keypress: t
704.3230	DATA	Keypress: t
704.5257	DATA	Keypress: t
704.7452	DATA	Keypress: t
704.9132	DATA	Keypress:t held
705.0151	DATA	Keypress: t
705.2854	DATA	Keypress: t
705.5391	DATA	Keypress: t
705.8264	DATA	Keypress: t
705.9264	DATA	Keypress:t held
705.9265	DATA	earn t
706.1469	DATA	Keypress: t
707.5988	DATA	Keypress: t
708.0040	DATA	Keypress: t
708.2567	DATA	Keypress:t held
708.2911	DATA	Keypress: t
708.5951	DATA	Keypress: t
708.8829	DATA	Keypress: t
709.1869	DATA	Keypress: t
709.2868	DATA	Keypress:t held
709.4914	DATA	Keypress: t
709.7951	DATA	Keypress: t
710.0993	DATA	Keypress: t
710.2999	DATA	Keypress:t held
710.4019	DATA	Keypress: t
710.7059	DATA	Keypress: t
710.9423	DATA	Keypress: t
711.2463	DATA	Keypress: t
711.3131	DATA	Keypress:t held
711.5164	DATA	Keypress: t
712.2932	DATA	Keypress: v
712.3262	DATA	Keypress:v held
712.5475	DATA	Keypress: v
712.7827	DATA	Keypress: v
713.0193	DATA	Keypress: v
713.2386	DATA	Keypress: v
713.3394	DATA	Keypress:v held
713.4583	DATA	Keypress: v
713.6609	DATA	Keypress: v
713.8973	DATA	Keypress: v
714.1169	DATA	Keypress: v
714.3694	DATA	Keypress:v held
714.3703	DATA	Keypress: v
714.6066	DATA	Keypress: v
714.8260	DATA	Keypress: v
715.0458	DATA	Keypress: v
715.2820	DATA	Keypress: v
715.3826	DATA	Keypress:v held
715.4677	DATA	Keypress: v
715.7209	DATA	Keypress: v
715.9573	DATA	Keypress: v
716.1939	DATA	Keypress: v
716.3958	DATA	Keypress:v held
716.3967	DATA	Keypress: v
716.6498	DATA	Keypress: v
716.8691	DATA	Keypress: v
717.1058	DATA	Keypress: v
717.3081	DATA	Keypress: v
717.4088	DATA	Keypress:v held
717.5278	DATA	Keypress: v
717.7305	DATA	Keypress: v
717.9668	DATA	Keypress: v
718.1696	DATA	Keypress: v
718.4221	DATA	Keypress:v held
718.8449	DATA	Keypress: t
719.0644	DATA	Keypress: t
719.2164	DATA	Keypress: t
719.4203	DATA	Keypress: t
719.4521	DATA	Keypress:t held
719.5880	DATA	Keypress: t
719.7567	DATA	Keypress: t
719.9425	DATA	Keypress: t
720.1114	DATA	Keypress: t
720.3324	DATA	Keypress: t
720.5007	DATA	Keypress: t
720.9450	DATA	start rating L
720.9542	DATA	Keypress: t
733.4747	DATA	Keypress: v
739.6775	DATA	Keypress: return
739.6778	DATA	RatingScale rateL_scale: (key response) rating=4
739.6779	DATA	RatingScale rateL_scale: rating RT=18.733
739.6784	DATA	4.0
739.6784	DATA	end rating L
739.7934	DATA	start rating R
742.1070	DATA	Keypress: t
742.4753	DATA	Keypress: t
744.1472	DATA	Keypress: return
744.1475	DATA	RatingScale rateR_scale: (key response) rating=2
744.1475	DATA	RatingScale rateR_scale: rating RT=4.354
744.1480	DATA	2.0
744.1488	DATA	end rating R
745.6597	DATA	Keypress: t
745.6760	DATA	Keypress:t held
745.9303	DATA	Keypress: t
746.1665	DATA	Keypress: t
746.3691	DATA	Keypress: t
746.6055	DATA	Keypress: t
746.6896	DATA	Keypress:t held
746.8419	DATA	Keypress: t
747.0444	DATA	Keypress: t
747.2471	DATA	Keypress: t
747.4665	DATA	Keypress: t
747.6859	DATA	Keypress: t
747.7023	DATA	Keypress:t held
747.7024	DATA	earn t
747.8888	DATA	Keypress: t
748.0580	DATA	Keypress: t
748.5307	DATA	Keypress: t
749.0310	DATA	Keypress: t
749.0319	DATA	Keypress: t
749.2061	DATA	Keypress: t
749.4255	DATA	Keypress: t
749.6618	DATA	Keypress: t
749.8645	DATA	Keypress: t
750.0327	DATA	Keypress:t held
750.0672	DATA	Keypress: t
750.2865	DATA	Keypress: t
750.4892	DATA	Keypress: t
750.7086	DATA	Keypress: t
750.9114	DATA	Keypress: t
751.0460	DATA	Keypress:t held
751.1141	DATA	Keypress: t
751.3505	DATA	Keypress: t
751.5532	DATA	Keypress: t
751.7390	DATA	Keypress: t
751.9583	DATA	Keypress: t
752.0590	DATA	Keypress:t held
752.1609	DATA	Keypress: t
752.3637	DATA	Keypress: t
752.5830	DATA	Keypress: t
752.8195	DATA	Keypress: t
753.0222	DATA	Keypress: t
753.0891	DATA	Keypress:t held
753.2586	DATA	Keypress: t
753.4613	DATA	Keypress: t
753.6301	DATA	Keypress: t
753.8833	DATA	Keypress: t
754.0692	DATA	Keypress: t
754.1022	DATA	Keypress:t held
754.2212	DATA	Keypress: t
754.4406	DATA	Keypress: t
754.6094	DATA	Keypress: t
754.7784	DATA	Keypress: t
755.1154	DATA	Keypress:t held
755.4369	DATA	Keypress: v
755.7408	DATA	Keypress: v
756.0278	DATA	Keypress: v
756.1285	DATA	Keypress:v held
756.2474	DATA	Keypress: v
756.4164	DATA	Keypress: v
756.5851	DATA	Keypress: v
756.7879	DATA	Keypress: v
756.9395	DATA	Keypress: v
757.1254	DATA	Keypress: v
757.1416	DATA	Keypress:v held
757.1416	DATA	earn v
757.3621	DATA	Keypress: v
758.8647	DATA	Keypress: v
759.1009	DATA	Keypress: v
759.2870	DATA	Keypress: v
759.5233	DATA	Keypress: v
759.5563	DATA	Keypress:v held
759.6922	DATA	Keypress: v
759.8610	DATA	Keypress: v
759.9963	DATA	Keypress: v
760.1987	DATA	Keypress: v
760.3518	DATA	Keypress: v
760.5365	DATA	Keypress: v
760.5695	DATA	Keypress:v held
760.7221	DATA	Keypress: v
760.8909	DATA	Keypress: v
761.1275	DATA	Keypress: v
761.2797	DATA	Keypress: v
761.5496	DATA	Keypress: v
761.5826	DATA	Keypress:v held
761.7522	DATA	Keypress: v
761.9379	DATA	Keypress: v
762.0729	DATA	Keypress: v
762.2589	DATA	Keypress: v
762.5957	DATA	Keypress:v held
762.5964	DATA	Keypress: v
763.2215	DATA	Keypress: v
763.4242	DATA	Keypress: v
763.6090	DATA	Keypress:v held
763.6097	DATA	Keypress: v
763.7615	DATA	Keypress: v
763.9474	DATA	Keypress: v
764.0991	DATA	Keypress: v
764.2849	DATA	Keypress: v
764.4709	DATA	Keypress: v
764.6059	DATA	Keypress: v
764.6390	DATA	Keypress:v held
764.7750	DATA	Keypress: v
765.1801	DATA	Keypress: t
765.4331	DATA	Keypress: t
765.6022	DATA	Keypress: t
765.6522	DATA	Keypress:t held
765.7710	DATA	Keypress: t
766.1259	DATA	Keypress: t
766.3621	DATA	Keypress: t
766.6002	DATA	Keypress: t
766.6653	DATA	Keypress:t held
766.7686	DATA	Keypress: t
766.9531	DATA	Keypress: t
767.1388	DATA	Keypress: t
767.2908	DATA	Keypress: t
767.4594	DATA	Keypress: t
767.6117	DATA	Keypress: t
767.6785	DATA	Keypress:t held
767.7804	DATA	Keypress: t
767.9832	DATA	Keypress: t
768.1183	DATA	Keypress: t
768.2534	DATA	Keypress: t
768.4391	DATA	Keypress: t
768.6915	DATA	Keypress:t held
768.8778	DATA	Keypress: t
769.0807	DATA	Keypress: t
769.2158	DATA	Keypress: t
769.3690	DATA	Keypress: t
769.5029	DATA	Keypress: t
769.7048	DATA	Keypress:t held
769.7731	DATA	Keypress: t
769.9083	DATA	Keypress: t
770.0939	DATA	Keypress: t
770.2458	DATA	Keypress: t
770.3806	DATA	Keypress: t
770.7179	DATA	Keypress:t held
770.7691	DATA	Keypress: t
771.0732	DATA	Keypress: t
771.3097	DATA	Keypress: t
771.5461	DATA	Keypress: t
771.7480	DATA	Keypress:t held
771.7825	DATA	Keypress: t
772.0018	DATA	Keypress: t
772.1033	DATA	Keypress: t
772.5770	DATA	Keypress: v
772.7612	DATA	Keypress:v held
772.8125	DATA	Keypress: v
773.0490	DATA	Keypress: v
773.2179	DATA	Keypress: v
773.4542	DATA	Keypress: v
773.6411	DATA	Keypress: v
773.7743	DATA	Keypress:v held
773.8426	DATA	Keypress: v
774.0622	DATA	Keypress: v
774.3660	DATA	Keypress: v
774.7038	DATA	Keypress: v
774.8044	DATA	Keypress:v held
774.9400	DATA	Keypress: v
775.1595	DATA	Keypress: v
775.3286	DATA	Keypress: v
775.4812	DATA	Keypress: v
775.6663	DATA	Keypress: v
775.8174	DATA	Keypress:v held
775.8183	DATA	Keypress: v
775.9701	DATA	Keypress: v
776.1391	DATA	Keypress: v
776.3418	DATA	Keypress: v
776.5104	DATA	Keypress: v
776.6796	DATA	Keypress: v
776.8308	DATA	Keypress:v held
776.8309	DATA	earn v
776.9437	DATA	Keypress: v
777.0171	DATA	Keypress: v
777.1539	DATA	Keypress: v
777.3382	DATA	Keypress: v
777.5240	DATA	Keypress: v
777.7096	DATA	Keypress: v
778.1713	DATA	Keypress: v
778.1992	DATA	Keypress: v
778.4188	DATA	Keypress: v
778.6551	DATA	Keypress: v
778.7731	DATA	Keypress: v
778.9422	DATA	Keypress: v
779.1280	DATA	Keypress: v
779.1779	DATA	Keypress:v held
779.1780	DATA	earn v
779.2925	DATA	Keypress: v
779.4827	DATA	Keypress: v
779.6178	DATA	Keypress: v
779.7866	DATA	Keypress: v
780.0738	DATA	Keypress: v
780.5336	DATA	Keypress: v
780.5345	DATA	Keypress: v
780.5632	DATA	Keypress: v
780.6644	DATA	Keypress: v
780.8333	DATA	Keypress: v
780.9685	DATA	Keypress: v
781.1374	DATA	Keypress: v
781.2894	DATA	Keypress: v
781.4245	DATA	Keypress: v
781.5588	DATA	Keypress:v held
781.6608	DATA	Keypress: v
781.7959	DATA	Keypress: v
781.9647	DATA	Keypress: v
782.1337	DATA	Keypress: v
782.2350	DATA	Keypress: v
782.4714	DATA	Keypress: v
782.5719	DATA	Keypress:v held
782.6064	DATA	Keypress: v
782.7583	DATA	Keypress: v
782.9272	DATA	Keypress: v
783.0624	DATA	Keypress: v
783.4845	DATA	Keypress: v
783.5851	DATA	Keypress:v held
783.6361	DATA	Keypress: v
783.7715	DATA	Keypress: v
783.9573	DATA	Keypress: v
784.1262	DATA	Keypress: v
784.2613	DATA	Keypress: v
784.4300	DATA	Keypress: v
784.5982	DATA	Keypress:v held
784.6327	DATA	Keypress: v
784.8016	DATA	Keypress: v
784.9029	DATA	Keypress: v
785.1731	DATA	Keypress: t
785.6114	DATA	Keypress:t held
785.6115	DATA	earn t
785.7144	DATA	Keypress: t
785.8149	DATA	Keypress: t
785.9668	DATA	Keypress: t
786.9635	DATA	Keypress: t
786.9644	DATA	Keypress: t
787.2163	DATA	Keypress: t
787.8748	DATA	Keypress: v
787.9754	DATA	Keypress:v held
788.0437	DATA	Keypress: v
788.2126	DATA	Keypress: v
788.3815	DATA	Keypress: v
788.5167	DATA	Keypress: v
788.7022	DATA	Keypress: v
788.8541	DATA	Keypress: v
788.9886	DATA	Keypress:v held
788.9892	DATA	Keypress: v
789.0908	DATA	Keypress: v
789.2425	DATA	Keypress: v
789.3787	DATA	Keypress: v
789.5465	DATA	Keypress: v
789.6817	DATA	Keypress: v
789.8167	DATA	Keypress: v
789.9518	DATA	Keypress: v
790.0019	DATA	Keypress:v held
790.0532	DATA	Keypress: v
790.1882	DATA	Keypress: v
790.3233	DATA	Keypress: v
790.6779	DATA	Keypress: v
790.8297	DATA	Keypress: v
790.9649	DATA	Keypress: v
791.0149	DATA	Keypress:v held
791.1001	DATA	Keypress: v
791.2352	DATA	Keypress: v
791.8768	DATA	Keypress: v
792.0281	DATA	Keypress:v held
792.0626	DATA	Keypress: v
792.2652	DATA	Keypress: v
792.4172	DATA	Keypress: v
792.5690	DATA	Keypress: v
792.7719	DATA	Keypress: v
792.9406	DATA	Keypress: v
793.0413	DATA	Keypress:v held
793.0757	DATA	Keypress: v
793.3121	DATA	Keypress: t
793.4645	DATA	Keypress: t
793.6329	DATA	Keypress: t
793.7847	DATA	Keypress: t
793.9198	DATA	Keypress: t
794.0545	DATA	Keypress:t held
794.0546	DATA	earn t
794.1538	DATA	Keypress: t
795.4156	DATA	Keypress: t
795.5073	DATA	Keypress: t
795.6762	DATA	Keypress: t
795.7956	DATA	Keypress: t
795.9800	DATA	Keypress: t
796.0984	DATA	Keypress: t
796.1997	DATA	Keypress: t
796.3010	DATA	Keypress: t
796.4354	DATA	Keypress:t held
796.4361	DATA	Keypress: t
796.5712	DATA	Keypress: t
796.7076	DATA	Keypress: t
796.8751	DATA	Keypress: t
797.0114	DATA	Keypress: t
797.1620	DATA	Keypress: t
797.2808	DATA	Keypress: t
797.4485	DATA	Keypress:t held
797.4486	DATA	earn t
797.6352	DATA	Keypress: t
797.7715	DATA	Keypress: t
797.9222	DATA	Keypress: t
799.1547	DATA	Keypress: t
799.3067	DATA	Keypress: t
799.4415	DATA	Keypress: t
799.5937	DATA	Keypress: t
799.7964	DATA	Keypress: t
799.8632	DATA	Keypress:t held
799.9653	DATA	Keypress: t
800.0835	DATA	Keypress: t
800.2356	DATA	Keypress: t
800.3875	DATA	Keypress: t
800.5056	DATA	Keypress: t
800.6236	DATA	Keypress: t
800.8763	DATA	Keypress:t held
800.8771	DATA	Keypress: t
800.9957	DATA	Keypress: t
801.1642	DATA	Keypress: t
801.4174	DATA	Keypress: t
801.5525	DATA	Keypress: t
801.7213	DATA	Keypress: t
801.8564	DATA	Keypress: t
801.8895	DATA	Keypress:t held
801.9913	DATA	Keypress: t
802.1265	DATA	Keypress: t
802.2787	DATA	Keypress: t
802.4306	DATA	Keypress: t
802.5656	DATA	Keypress: t
802.7513	DATA	Keypress: t
802.8864	DATA	Keypress: t
802.9195	DATA	Keypress:t held
803.0217	DATA	Keypress: t
803.1567	DATA	Keypress: t
803.3256	DATA	Keypress: t
803.4606	DATA	Keypress: t
803.5637	DATA	Keypress: t
803.8825	DATA	Keypress: t
803.9327	DATA	Keypress:t held
803.9328	DATA	earn t
804.0518	DATA	Keypress: t
804.1871	DATA	Keypress: t
804.5415	DATA	Keypress: t
804.6766	DATA	Keypress: t
804.8119	DATA	Keypress: t
805.2923	DATA	Keypress: t
805.2928	DATA	Keypress: t
805.2931	DATA	Keypress: t
805.8959	DATA	start rating L
805.9047	DATA	Keypress: t
805.9055	DATA	Keypress: t
809.8541	DATA	Keypress: v
810.2084	DATA	Keypress: v
810.4444	DATA	Keypress: v
810.7149	DATA	Keypress: v
810.9858	DATA	Keypress: v
811.8635	DATA	Keypress: t
813.4811	DATA	Keypress: return
813.4814	DATA	RatingScale rateL_scale: (key response) rating=6
813.4814	DATA	RatingScale rateL_scale: rating RT=7.585
813.4819	DATA	6.0
813.4819	DATA	end rating L
813.6082	DATA	start rating R
816.4568	DATA	Keypress: t
820.1013	DATA	Keypress: return
820.1169	DATA	RatingScale rateR_scale: (key response) rating=3
820.1170	DATA	RatingScale rateR_scale: rating RT=6.509
820.1174	DATA	3.0
820.1183	DATA	end rating R
