81.6121	DATA	version D
531.5550	DATA	Keypress: space
534.7757	DATA	Keypress: t
534.8088	DATA	Keypress:t held
534.8088	DATA	earn t
538.7102	DATA	Keypress: t
538.7263	DATA	Keypress:t held
540.7871	DATA	Keypress: v
540.8033	DATA	Keypress:v held
543.0330	DATA	Keypress: v
543.0660	DATA	Keypress:v held
543.0661	DATA	earn v
546.9505	DATA	Keypress: t
546.9666	DATA	Keypress:t held
548.0819	DATA	Keypress: t
548.1149	DATA	Keypress:t held
549.1117	DATA	Keypress: t
549.1281	DATA	Keypress:t held
550.6486	DATA	Keypress: v
550.6647	DATA	Keypress:v held
551.6955	DATA	Keypress: v
551.7286	DATA	Keypress:v held
552.7086	DATA	Keypress: v
552.7417	DATA	Keypress:v held
553.7556	DATA	Keypress: v
553.7717	DATA	Keypress:v held
555.1402	DATA	Keypress: t
555.1563	DATA	Keypress:t held
556.0182	DATA	Keypress: t
556.1864	DATA	Keypress:t held
556.8799	DATA	Keypress: t
557.1996	DATA	Keypress:t held
557.7744	DATA	Keypress: t
558.2127	DATA	Keypress:t held
558.5850	DATA	Keypress: t
559.2259	DATA	Keypress:t held
559.5477	DATA	Keypress: t
560.2390	DATA	Keypress:t held
560.4424	DATA	Keypress: v
561.2522	DATA	Keypress:v held
561.2529	DATA	Keypress: v
561.9466	DATA	Keypress: v
562.2653	DATA	Keypress:v held
562.8234	DATA	Keypress: v
563.2954	DATA	Keypress:v held
563.6001	DATA	Keypress: v
564.3085	DATA	Keypress:v held
564.4444	DATA	Keypress: v
565.2885	DATA	Keypress: v
565.3217	DATA	Keypress:v held
565.3218	DATA	earn v
567.4671	DATA	Keypress: t
567.4832	DATA	Keypress:t held
567.4833	DATA	earn t
569.1217	DATA	Keypress: t
569.5771	DATA	Keypress:t held
569.8480	DATA	Keypress: t
570.5902	DATA	Keypress:t held
570.7091	DATA	Keypress: t
571.5534	DATA	Keypress: t
571.6202	DATA	Keypress:t held
572.3132	DATA	Keypress: t
572.6334	DATA	Keypress:t held
573.0731	DATA	Keypress: t
573.6466	DATA	Keypress:t held
573.6466	DATA	earn t
573.9173	DATA	Keypress: t
575.2681	DATA	Keypress: t
575.7235	DATA	Keypress:t held
576.1632	DATA	Keypress: t
576.7367	DATA	Keypress:t held
576.7367	DATA	earn t
576.9570	DATA	Keypress: t
578.8310	DATA	Keypress: v
578.8474	DATA	Keypress:v held
579.5572	DATA	Keypress: v
579.8606	DATA	Keypress:v held
580.3004	DATA	Keypress: v
580.8737	DATA	Keypress:v held
581.0433	DATA	Keypress: v
581.7188	DATA	Keypress: v
581.8869	DATA	Keypress:v held
582.4615	DATA	Keypress: v
582.9000	DATA	Keypress:v held
583.2217	DATA	Keypress: v
583.9132	DATA	Keypress:v held
583.9648	DATA	Keypress: v
584.8087	DATA	Keypress: v
584.9433	DATA	Keypress:v held
585.6699	DATA	Keypress: t
585.9564	DATA	Keypress:t held
585.9564	DATA	earn t
586.5822	DATA	Keypress: t
587.4262	DATA	Keypress: t
588.0503	DATA	Keypress:t held
588.1862	DATA	Keypress: t
588.9796	DATA	Keypress: t
589.0634	DATA	Keypress:t held
589.8072	DATA	Keypress: t
590.0766	DATA	Keypress:t held
590.0766	DATA	earn t
591.5126	DATA	Keypress: t
591.9928	DATA	start rating L
599.7970	DATA	Keypress: v
600.1136	DATA	Keypress: v
601.3168	DATA	Keypress: t
601.4857	DATA	Keypress: t
601.7221	DATA	Keypress: t
602.4992	DATA	Keypress: t
603.0393	DATA	Keypress: v
603.2717	DATA	Keypress: v
604.0345	DATA	Keypress: v
604.2383	DATA	Keypress: v
615.3833	DATA	Keypress: t
617.2032	DATA	Keypress: return
617.2035	DATA	RatingScale rateL_scale: (key response) rating=5
617.2035	DATA	RatingScale rateL_scale: rating RT=25.211
617.2040	DATA	5.0
617.2040	DATA	end rating L
617.3280	DATA	start rating R
627.0138	DATA	Keypress: t
627.3208	DATA	Keypress: t
627.5915	DATA	Keypress: t
628.2332	DATA	Keypress: v
628.4353	DATA	Keypress: v
628.6884	DATA	Keypress: v
629.2122	DATA	Keypress: t
629.4149	DATA	Keypress: t
630.1381	DATA	Keypress: v
635.9670	DATA	Keypress: return
635.9673	DATA	RatingScale rateR_scale: (key response) rating=3
635.9674	DATA	RatingScale rateR_scale: rating RT=18.639
635.9680	DATA	3.0
635.9693	DATA	end rating R
638.6580	DATA	Keypress: t
638.6746	DATA	Keypress:t held
638.6746	DATA	earn t
639.3336	DATA	Keypress: t
640.2982	DATA	Keypress: t
640.8699	DATA	Keypress: t
640.9033	DATA	Keypress:t held
641.5117	DATA	Keypress: t
641.9333	DATA	Keypress:t held
642.2042	DATA	Keypress: t
642.8288	DATA	Keypress: t
642.9466	DATA	Keypress:t held
643.4875	DATA	Keypress: t
643.9597	DATA	Keypress:t held
644.1632	DATA	Keypress: t
644.8386	DATA	Keypress: v
644.9730	DATA	Keypress:v held
645.4801	DATA	Keypress: v
645.9861	DATA	Keypress:v held
646.1894	DATA	Keypress: v
646.8142	DATA	Keypress: v
647.0161	DATA	Keypress:v held
647.4897	DATA	Keypress: v
648.0293	DATA	Keypress:v held
648.0293	DATA	earn v
648.1504	DATA	Keypress: v
649.8368	DATA	Keypress: v
650.1738	DATA	Keypress:v held
650.1739	DATA	earn v
650.3774	DATA	Keypress: v
651.8125	DATA	Keypress: v
652.3014	DATA	Keypress:v held
652.3873	DATA	Keypress: v
653.0787	DATA	Keypress: v
653.3315	DATA	Keypress:v held
653.7716	DATA	Keypress: v
654.3445	DATA	Keypress:v held
654.4465	DATA	Keypress: t
655.1559	DATA	Keypress: t
655.3578	DATA	Keypress:t held
655.8314	DATA	Keypress: t
656.3879	DATA	Keypress:t held
656.4900	DATA	Keypress: t
657.1491	DATA	Keypress: t
657.4011	DATA	Keypress:t held
657.4011	DATA	earn t
657.9085	DATA	Keypress: t
658.9721	DATA	Keypress: t
659.5455	DATA	Keypress:t held
659.5629	DATA	Keypress: t
660.3230	DATA	Keypress: t
660.5588	DATA	Keypress:t held
661.0489	DATA	Keypress: t
661.5719	DATA	Keypress:t held
661.7583	DATA	Keypress: t
662.5687	DATA	Keypress: t
662.5851	DATA	Keypress:t held
663.2288	DATA	Keypress: t
663.5982	DATA	Keypress:t held
663.9197	DATA	Keypress: v
664.6114	DATA	Keypress:v held
664.6121	DATA	Keypress: v
665.2537	DATA	Keypress: v
665.6245	DATA	Keypress:v held
665.9292	DATA	Keypress: v
666.5707	DATA	Keypress: v
666.6377	DATA	Keypress:v held
666.6378	DATA	earn v
668.3101	DATA	Keypress: v
668.7822	DATA	Keypress:v held
668.7823	DATA	earn v
668.9688	DATA	Keypress: v
670.2690	DATA	Keypress: v
670.8935	DATA	Keypress: v
670.9436	DATA	Keypress:v held
671.5186	DATA	Keypress: v
671.9568	DATA	Keypress:v held
672.2108	DATA	Keypress: t
672.8693	DATA	Keypress: t
672.9699	DATA	Keypress:t held
672.9700	DATA	earn t
674.4227	DATA	Keypress: t
674.9801	DATA	Keypress: t
675.1482	DATA	Keypress:t held
675.6386	DATA	Keypress: t
676.1613	DATA	Keypress:t held
676.3660	DATA	Keypress: t
677.0064	DATA	Keypress: t
677.1745	DATA	Keypress:t held
677.8001	DATA	Keypress: t
678.1876	DATA	Keypress:t held
678.3234	DATA	Keypress: t
679.1001	DATA	Keypress: t
679.2008	DATA	Keypress:t held
680.3160	DATA	Keypress: t
680.3490	DATA	Keypress:t held
680.9743	DATA	Keypress: t
681.3622	DATA	Keypress:t held
681.6161	DATA	Keypress: t
682.2579	DATA	Keypress: v
682.3755	DATA	Keypress:v held
682.9165	DATA	Keypress: v
683.3886	DATA	Keypress:v held
683.5580	DATA	Keypress: v
684.1491	DATA	Keypress: v
684.4018	DATA	Keypress:v held
684.4019	DATA	earn v
685.9896	DATA	Keypress: v
686.5632	DATA	Keypress:v held
686.5978	DATA	Keypress: v
687.2898	DATA	Keypress: v
687.5763	DATA	Keypress:v held
687.5763	DATA	earn v
687.9318	DATA	Keypress: v
689.5019	DATA	Keypress: v
689.7546	DATA	Keypress:v held
690.0593	DATA	Keypress: v
690.7678	DATA	Keypress:v held
690.7678	DATA	earn v
690.8863	DATA	Keypress: v
692.5246	DATA	Keypress: t
692.9460	DATA	Keypress:t held
693.1495	DATA	Keypress: t
693.8588	DATA	Keypress: t
693.9592	DATA	Keypress:t held
694.5172	DATA	Keypress: t
694.9892	DATA	Keypress:t held
694.9893	DATA	earn t
695.1927	DATA	Keypress: t
696.5740	DATA	start rating L
703.1561	DATA	Keypress: v
709.5388	DATA	Keypress: return
709.5392	DATA	RatingScale rateL_scale: (key response) rating=5
709.5393	DATA	RatingScale rateL_scale: rating RT=12.965
709.5398	DATA	5.0
709.5398	DATA	end rating L
709.6474	DATA	start rating R
722.7265	DATA	Keypress: v
725.4925	DATA	Keypress: v
728.4694	DATA	Keypress: return
728.4698	DATA	RatingScale rateR_scale: (key response) rating=6
728.4698	DATA	RatingScale rateR_scale: rating RT=18.822
728.4703	DATA	6.0
728.4714	DATA	end rating R
730.8558	DATA	Keypress: t
730.8720	DATA	Keypress:t held
731.4976	DATA	Keypress: t
731.9020	DATA	Keypress:t held
732.0714	DATA	Keypress: t
732.6288	DATA	Keypress: t
732.9151	DATA	Keypress:t held
733.2026	DATA	Keypress: t
733.8277	DATA	Keypress: t
733.9283	DATA	Keypress:t held
734.3678	DATA	Keypress: t
734.9253	DATA	Keypress: t
734.9584	DATA	Keypress:t held
735.5334	DATA	Keypress: t
735.9716	DATA	Keypress:t held
736.2256	DATA	Keypress: t
736.8504	DATA	Keypress: t
736.9847	DATA	Keypress:t held
737.4245	DATA	Keypress: t
737.9978	DATA	Keypress:t held
738.0492	DATA	Keypress: t
738.6742	DATA	Keypress: t
739.0110	DATA	Keypress:t held
739.2312	DATA	Keypress: t
739.8389	DATA	Keypress: t
740.0241	DATA	Keypress:t held
740.4641	DATA	Keypress: t
741.0212	DATA	Keypress: t
741.0373	DATA	Keypress:t held
741.6292	DATA	Keypress: t
742.0505	DATA	Keypress:t held
742.1525	DATA	Keypress: t
742.7433	DATA	Keypress: t
743.0636	DATA	Keypress:t held
743.3682	DATA	Keypress: t
744.0284	DATA	Keypress: v
744.0768	DATA	Keypress:v held
744.6346	DATA	Keypress: v
745.0900	DATA	Keypress:v held
745.0900	DATA	earn v
745.2044	DATA	Keypress: v
746.6444	DATA	Keypress: v
747.1845	DATA	Keypress: v
747.2851	DATA	Keypress:v held
747.7083	DATA	Keypress: v
748.2144	DATA	Keypress: v
748.2982	DATA	Keypress:v held
748.7212	DATA	Keypress: v
749.2782	DATA	Keypress: t
749.3114	DATA	Keypress:t held
749.3114	DATA	earn t
751.0006	DATA	Keypress: t
751.5241	DATA	Keypress: t
751.5404	DATA	Keypress:t held
752.2334	DATA	Keypress: t
752.5536	DATA	Keypress:t held
752.5537	DATA	earn t
752.8921	DATA	Keypress: t
754.5975	DATA	Keypress: t
754.7656	DATA	Keypress:t held
755.1716	DATA	Keypress: t
755.7288	DATA	Keypress: t
755.7789	DATA	Keypress:t held
756.3197	DATA	Keypress: t
756.7920	DATA	Keypress:t held
756.8939	DATA	Keypress: t
757.4513	DATA	Keypress: t
757.8051	DATA	Keypress:t held
757.8052	DATA	earn t
758.0931	DATA	Keypress: v
759.4776	DATA	Keypress: v
760.0509	DATA	Keypress:v held
760.0517	DATA	Keypress: v
760.5583	DATA	Keypress: v
761.0641	DATA	Keypress:v held
761.1155	DATA	Keypress: v
761.6388	DATA	Keypress: v
762.0773	DATA	Keypress:v held
762.2470	DATA	Keypress: v
762.8210	DATA	Keypress: v
763.0904	DATA	Keypress:v held
763.3950	DATA	Keypress: t
764.0199	DATA	Keypress: t
764.1037	DATA	Keypress:t held
764.1038	DATA	earn t
765.7591	DATA	Keypress: t
766.3162	DATA	Keypress: t
766.3325	DATA	Keypress:t held
766.3325	DATA	earn t
767.9034	DATA	Keypress: t
768.4099	DATA	Keypress: t
768.5615	DATA	Keypress:t held
768.9675	DATA	Keypress: t
769.5585	DATA	Keypress: t
769.5747	DATA	Keypress:t held
770.1157	DATA	Keypress: t
770.5878	DATA	Keypress:t held
770.5879	DATA	earn t
770.6897	DATA	Keypress: t
772.2946	DATA	Keypress: v
772.8505	DATA	Keypress:v held
772.8506	DATA	earn v
772.9602	DATA	Keypress: v
775.0307	DATA	Keypress: v
775.0962	DATA	Keypress:v held
775.6037	DATA	Keypress: v
776.1095	DATA	Keypress:v held
776.1096	DATA	earn v
776.2304	DATA	Keypress: v
778.2039	DATA	Keypress: v
778.3553	DATA	Keypress:v held
778.8458	DATA	Keypress: v
779.3685	DATA	Keypress:v held
779.5890	DATA	Keypress: v
780.1968	DATA	Keypress: v
780.3987	DATA	Keypress:v held
780.7708	DATA	Keypress: v
781.4118	DATA	Keypress:v held
781.4118	DATA	earn v
781.5193	DATA	Keypress: t
783.5063	DATA	Keypress: t
783.6744	DATA	Keypress:t held
784.1481	DATA	Keypress: t
784.6876	DATA	Keypress:t held
784.8233	DATA	Keypress: t
785.4989	DATA	Keypress: t
785.7013	DATA	Keypress:t held
786.1234	DATA	Keypress: t
786.6639	DATA	Keypress: t
786.7308	DATA	Keypress:t held
787.2721	DATA	Keypress: t
787.7441	DATA	Keypress:t held
787.8628	DATA	Keypress: t
788.5197	DATA	Keypress: v
788.9450	DATA	start rating L
789.1059	DATA	Keypress: v
800.9257	DATA	Keypress: t
803.6623	DATA	Keypress: t
806.3119	DATA	Keypress: return
806.3123	DATA	RatingScale rateL_scale: (key response) rating=3
806.3123	DATA	RatingScale rateL_scale: rating RT=17.367
806.3128	DATA	3.0
806.3128	DATA	end rating L
806.4214	DATA	start rating R
811.5135	DATA	Keypress: t
816.7312	DATA	Keypress: t
818.9442	DATA	Keypress: return
818.9445	DATA	RatingScale rateR_scale: (key response) rating=2
818.9446	DATA	RatingScale rateR_scale: rating RT=12.523
818.9451	DATA	2.0
818.9462	DATA	end rating R
820.6049	DATA	Keypress: v
820.6379	DATA	Keypress:v held
821.2296	DATA	Keypress: v
821.6510	DATA	Keypress:v held
821.7699	DATA	Keypress: v
822.3271	DATA	Keypress: v
822.6643	DATA	Keypress:v held
822.8169	DATA	Keypress: v
823.3570	DATA	Keypress: v
823.6774	DATA	Keypress:v held
823.8807	DATA	Keypress: v
824.3873	DATA	Keypress: v
824.6904	DATA	Keypress:v held
824.9107	DATA	Keypress: v
825.4515	DATA	Keypress: v
825.7206	DATA	Keypress:v held
825.9577	DATA	Keypress: v
826.5156	DATA	Keypress: v
826.7337	DATA	Keypress:v held
826.7338	DATA	earn v
827.0048	DATA	Keypress: v
828.9465	DATA	Keypress: v
829.0471	DATA	Keypress:v held
829.4868	DATA	Keypress: v
829.9595	DATA	Keypress: v
830.0602	DATA	Keypress:v held
830.4832	DATA	Keypress: v
831.0235	DATA	Keypress: v
831.0734	DATA	Keypress:v held
831.5469	DATA	Keypress: t
832.0865	DATA	Keypress:t held
832.0873	DATA	Keypress: t
832.6283	DATA	Keypress: t
833.0997	DATA	Keypress:t held
833.1174	DATA	Keypress: t
833.6913	DATA	Keypress: t
834.1298	DATA	Keypress:t held
834.1981	DATA	Keypress: t
834.7722	DATA	Keypress: t
835.1428	DATA	Keypress:t held
835.4985	DATA	Keypress: t
836.0554	DATA	Keypress: t
836.1561	DATA	Keypress:t held
836.7311	DATA	Keypress: t
837.1861	DATA	Keypress:t held
837.1862	DATA	earn t
837.3221	DATA	Keypress: t
839.1119	DATA	Keypress: t
839.4658	DATA	Keypress:t held
839.4658	DATA	earn t
839.6184	DATA	Keypress: t
841.3237	DATA	Keypress: t
841.7623	DATA	Keypress:t held
841.8473	DATA	Keypress: t
842.4218	DATA	Keypress: t
842.7754	DATA	Keypress:t held
842.7755	DATA	earn t
842.9970	DATA	Keypress: t
844.9883	DATA	Keypress: v
845.0719	DATA	Keypress:v held
845.0719	DATA	earn v
846.7105	DATA	Keypress: v
847.2508	DATA	Keypress: v
847.3853	DATA	Keypress:v held
847.8081	DATA	Keypress: v
848.3316	DATA	Keypress: v
848.3985	DATA	Keypress:v held
848.9057	DATA	Keypress: v
849.4117	DATA	Keypress:v held
849.4125	DATA	Keypress: v
849.9863	DATA	Keypress: v
850.4248	DATA	Keypress:v held
850.5606	DATA	Keypress: v
851.0671	DATA	Keypress: v
851.4379	DATA	Keypress:v held
851.6073	DATA	Keypress: v
852.1477	DATA	Keypress: v
852.4511	DATA	Keypress:v held
852.6544	DATA	Keypress: v
853.1609	DATA	Keypress: v
853.4641	DATA	Keypress:v held
853.7521	DATA	Keypress: v
854.2586	DATA	Keypress: v
854.4774	DATA	Keypress:v held
854.9509	DATA	Keypress: t
855.4906	DATA	Keypress:t held
855.5251	DATA	Keypress: t
856.0485	DATA	Keypress: t
856.5038	DATA	Keypress:t held
856.5038	DATA	earn t
856.6161	DATA	Keypress: t
858.6660	DATA	Keypress: t
858.8002	DATA	Keypress:t held
859.1388	DATA	Keypress: t
859.6621	DATA	Keypress: t
859.8134	DATA	Keypress:t held
860.2193	DATA	Keypress: t
860.7429	DATA	Keypress: t
860.8434	DATA	Keypress:t held
861.3845	DATA	Keypress: t
861.8565	DATA	Keypress:t held
861.9586	DATA	Keypress: t
862.8696	DATA	Keypress:t held
862.8697	DATA	earn t
862.9704	DATA	Keypress: t
864.6097	DATA	Keypress: t
865.1662	DATA	Keypress:t held
865.4708	DATA	Keypress: t
866.0955	DATA	Keypress: t
866.1794	DATA	Keypress:t held
866.7205	DATA	Keypress: t
867.1925	DATA	Keypress:t held
867.2777	DATA	Keypress: t
867.8518	DATA	Keypress: t
868.2056	DATA	Keypress:t held
868.4258	DATA	Keypress: t
869.1014	DATA	Keypress: t
869.2357	DATA	Keypress:t held
869.6752	DATA	Keypress: t
870.2487	DATA	Keypress:t held
870.3677	DATA	Keypress: t
870.9588	DATA	Keypress: t
871.2619	DATA	Keypress:t held
871.5673	DATA	Keypress: t
872.1577	DATA	Keypress: t
872.2921	DATA	Keypress:t held
873.0526	DATA	Keypress: v
873.3053	DATA	Keypress:v held
873.6266	DATA	Keypress: v
874.1503	DATA	Keypress: v
874.3184	DATA	Keypress:v held
874.6905	DATA	Keypress: v
875.2984	DATA	Keypress: v
875.3315	DATA	Keypress:v held
875.3315	DATA	earn v
877.2745	DATA	Keypress: v
877.7125	DATA	Keypress:v held
877.7470	DATA	Keypress: v
878.2536	DATA	Keypress: v
878.7257	DATA	Keypress:v held
878.7262	DATA	Keypress: v
879.5398	DATA	start rating L
879.5485	DATA	Keypress: v
879.7495	DATA	Keypress: t
885.9807	DATA	Keypress: t
891.5696	DATA	Keypress: return
891.5700	DATA	RatingScale rateL_scale: (key response) rating=3
891.5701	DATA	RatingScale rateL_scale: rating RT=12.030
891.5705	DATA	3.0
891.5706	DATA	end rating L
891.6890	DATA	start rating R
896.6697	DATA	Keypress: t
907.8610	DATA	Keypress: t
910.1110	DATA	Keypress: return
910.1113	DATA	RatingScale rateR_scale: (key response) rating=2
910.1114	DATA	RatingScale rateR_scale: rating RT=18.422
910.1119	DATA	2.0
910.1129	DATA	end rating R
911.5697	DATA	Keypress: v
911.5858	DATA	Keypress:v held
912.0086	DATA	Keypress: v
912.5492	DATA	Keypress: v
912.6159	DATA	Keypress:v held
913.0894	DATA	Keypress: v
913.6128	DATA	Keypress: v
913.6290	DATA	Keypress:v held
914.1700	DATA	Keypress: v
914.6422	DATA	Keypress:v held
914.7960	DATA	Keypress: v
915.3183	DATA	Keypress: v
915.6554	DATA	Keypress:v held
915.8587	DATA	Keypress: v
916.3819	DATA	Keypress: v
916.6685	DATA	Keypress:v held
916.9056	DATA	Keypress: v
917.4967	DATA	Keypress: v
917.6986	DATA	Keypress:v held
918.0198	DATA	Keypress: v
918.6125	DATA	Keypress: v
918.7117	DATA	Keypress:v held
919.1176	DATA	Keypress: v
919.7249	DATA	Keypress:v held
919.7425	DATA	Keypress: v
920.2490	DATA	Keypress: v
920.7549	DATA	Keypress:v held
920.7556	DATA	Keypress: t
921.2958	DATA	Keypress: t
921.7681	DATA	Keypress:t held
921.8364	DATA	Keypress: t
922.3257	DATA	Keypress: t
922.7813	DATA	Keypress:t held
922.9170	DATA	Keypress: t
923.4237	DATA	Keypress: t
923.7944	DATA	Keypress:t held
923.9807	DATA	Keypress: t
924.4874	DATA	Keypress: t
924.8075	DATA	Keypress:t held
925.0446	DATA	Keypress: t
925.6527	DATA	Keypress: v
925.8207	DATA	Keypress:v held
926.2771	DATA	Keypress: v
926.7501	DATA	Keypress: v
926.8339	DATA	Keypress:v held
927.3412	DATA	Keypress: v
927.8470	DATA	Keypress:v held
927.8478	DATA	Keypress: v
928.4219	DATA	Keypress: v
928.8602	DATA	Keypress:v held
928.9789	DATA	Keypress: v
929.5870	DATA	Keypress: v
929.8733	DATA	Keypress:v held
929.8734	DATA	earn v
930.1611	DATA	Keypress: v
931.6303	DATA	Keypress: t
932.1875	DATA	Keypress: t
932.2204	DATA	Keypress:t held
932.7108	DATA	Keypress: t
933.2336	DATA	Keypress:t held
933.2849	DATA	Keypress: t
933.7746	DATA	Keypress: t
934.2636	DATA	Keypress:t held
934.2982	DATA	Keypress: t
934.9396	DATA	Keypress: t
935.2768	DATA	Keypress:t held
935.4632	DATA	Keypress: t
936.0381	DATA	Keypress: v
936.2900	DATA	Keypress:v held
936.5777	DATA	Keypress: v
937.0505	DATA	Keypress: v
937.3200	DATA	Keypress:v held
937.3201	DATA	earn v
937.5912	DATA	Keypress: v
939.5667	DATA	Keypress: v
939.6672	DATA	Keypress:v held
939.6673	DATA	earn v
941.5254	DATA	Keypress: t
942.0316	DATA	Keypress: t
942.0480	DATA	Keypress:t held
942.5386	DATA	Keypress: t
943.0612	DATA	Keypress:t held
943.0624	DATA	Keypress: t
943.5855	DATA	Keypress: t
944.0744	DATA	Keypress:t held
944.1427	DATA	Keypress: t
944.7168	DATA	Keypress: t
945.0876	DATA	Keypress:t held
945.2403	DATA	Keypress: t
945.7808	DATA	Keypress: t
946.1176	DATA	Keypress:t held
946.3714	DATA	Keypress: t
946.8782	DATA	Keypress: t
947.1307	DATA	Keypress:t held
947.4354	DATA	Keypress: t
947.9758	DATA	Keypress: t
948.1439	DATA	Keypress:t held
948.5161	DATA	Keypress: t
949.0565	DATA	Keypress: t
949.1571	DATA	Keypress:t held
949.1572	DATA	earn t
951.0828	DATA	Keypress: t
951.5043	DATA	Keypress:t held
951.5387	DATA	Keypress: t
952.0282	DATA	Keypress: t
952.5344	DATA	Keypress:t held
952.5351	DATA	Keypress: t
953.0585	DATA	Keypress: t
953.5475	DATA	Keypress:t held
953.6157	DATA	Keypress: v
954.1729	DATA	Keypress: v
954.5775	DATA	Keypress:v held
954.6458	DATA	Keypress: v
955.2537	DATA	Keypress: v
955.5907	DATA	Keypress:v held
955.7263	DATA	Keypress: v
956.2499	DATA	Keypress: v
956.6039	DATA	Keypress:v held
956.7903	DATA	Keypress: v
957.2799	DATA	Keypress: v
957.6339	DATA	Keypress:v held
957.8035	DATA	Keypress: v
958.2594	DATA	Keypress: v
958.6470	DATA	Keypress:v held
958.8503	DATA	Keypress: v
959.3738	DATA	Keypress: v
959.6606	DATA	Keypress:v held
960.2350	DATA	Keypress: t
960.6903	DATA	Keypress:t held
960.7923	DATA	Keypress: t
961.2988	DATA	Keypress: t
961.7035	DATA	Keypress:t held
961.8055	DATA	Keypress: t
962.3965	DATA	Keypress: v
962.7335	DATA	Keypress:v held
962.9030	DATA	Keypress: v
963.3589	DATA	Keypress: v
963.7466	DATA	Keypress:v held
963.7467	DATA	earn v
963.9332	DATA	Keypress: v
965.7401	DATA	Keypress: v
966.1106	DATA	Keypress:v held
966.2130	DATA	Keypress: v
966.6855	DATA	Keypress: v
967.1238	DATA	Keypress:v held
967.2257	DATA	Keypress: v
967.7324	DATA	Keypress: v
968.1372	DATA	Keypress:v held
968.2727	DATA	Keypress: v
968.8300	DATA	Keypress: t
969.1501	DATA	Keypress:t held
969.4211	DATA	Keypress: t
969.9279	DATA	Keypress: t
970.7199	DATA	start rating L
970.7285	DATA	Keypress: t
973.8554	DATA	Keypress: v
974.6328	DATA	Keypress: v
975.0878	DATA	Keypress: v
979.1411	DATA	Keypress: return
979.1414	DATA	RatingScale rateL_scale: (key response) rating=6
979.1415	DATA	RatingScale rateL_scale: rating RT=8.421
979.1420	DATA	6.0
979.1420	DATA	end rating L
979.2633	DATA	start rating R
982.9061	DATA	Keypress: v
983.9036	DATA	Keypress: v
986.3475	DATA	Keypress: return
986.3480	DATA	RatingScale rateR_scale: (key response) rating=6
986.3482	DATA	RatingScale rateR_scale: rating RT=7.085
986.3490	DATA	6.0
986.3507	DATA	end rating R
993.6693	DATA	Keypress: t
993.6855	DATA	Keypress:t held
994.1757	DATA	Keypress: t
994.6825	DATA	Keypress: t
994.7155	DATA	Keypress:t held
994.7156	DATA	earn t
996.8101	DATA	Keypress: t
997.1302	DATA	Keypress:t held
997.2828	DATA	Keypress: t
997.9078	DATA	Keypress: t
998.1434	DATA	Keypress:t held
998.7520	DATA	Keypress: t
999.1565	DATA	Keypress:t held
999.3261	DATA	Keypress: t
1000.1697	DATA	Keypress:t held
1001.1835	DATA	Keypress: t
1001.2166	DATA	Keypress:t held
1001.9601	DATA	Keypress: t
1002.2297	DATA	Keypress:t held
1002.4163	DATA	Keypress: t
1002.9059	DATA	Keypress: t
1003.2430	DATA	Keypress:t held
1003.2431	DATA	earn t
1003.3958	DATA	Keypress: t
1005.3883	DATA	Keypress: t
1005.6239	DATA	Keypress:t held
1005.8286	DATA	Keypress: t
1006.3508	DATA	Keypress: t
1006.6371	DATA	Keypress:t held
1006.8573	DATA	Keypress: t
1007.3648	DATA	Keypress: t
1007.6502	DATA	Keypress:t held
1007.8536	DATA	Keypress: t
1008.3939	DATA	Keypress: t
1008.6634	DATA	Keypress:t held
1008.8668	DATA	Keypress: t
1009.6765	DATA	Keypress:t held
1009.8129	DATA	Keypress: t
1010.4033	DATA	Keypress: t
1010.6897	DATA	Keypress:t held
1010.8592	DATA	Keypress: t
1011.3826	DATA	Keypress: t
1011.7028	DATA	Keypress:t held
1011.8553	DATA	Keypress: t
1012.4464	DATA	Keypress: t
1012.7160	DATA	Keypress:t held
1012.9194	DATA	Keypress: t
1013.4935	DATA	Keypress: t
1013.7292	DATA	Keypress:t held
1014.0506	DATA	Keypress: t
1014.5742	DATA	Keypress: t
1014.7423	DATA	Keypress:t held
1015.0975	DATA	Keypress: t
1015.6211	DATA	Keypress: t
1015.7555	DATA	Keypress:t held
1015.7555	DATA	earn t
1016.1448	DATA	Keypress: t
1017.7315	DATA	Keypress: v
1018.1701	DATA	Keypress:v held
1018.2382	DATA	Keypress: v
1018.7616	DATA	Keypress: v
1019.1833	DATA	Keypress:v held
1019.1833	DATA	earn v
1019.3278	DATA	Keypress: v
1021.4131	DATA	Keypress: v
1021.5811	DATA	Keypress:v held
1021.5811	DATA	earn v
1021.9029	DATA	Keypress: v
1023.7938	DATA	Keypress: v
1023.9789	DATA	Keypress:v held
1023.9790	DATA	earn v
1024.2330	DATA	Keypress: v
1026.1242	DATA	Keypress: v
1026.4106	DATA	Keypress:v held
1026.5971	DATA	Keypress: v
1027.0868	DATA	Keypress: v
1027.4237	DATA	Keypress:v held
1027.5933	DATA	Keypress: v
1028.1167	DATA	Keypress: v
1028.4369	DATA	Keypress:v held
1028.6399	DATA	Keypress: t
1029.1805	DATA	Keypress: t
1029.4500	DATA	Keypress:t held
1029.7209	DATA	Keypress: t
1030.1767	DATA	Keypress: t
1030.4632	DATA	Keypress:t held
1030.7340	DATA	Keypress: t
1031.1913	DATA	Keypress: t
1031.4767	DATA	Keypress:t held
1031.6966	DATA	Keypress: t
1032.2199	DATA	Keypress: t
1032.5064	DATA	Keypress:t held
1032.7266	DATA	Keypress: t
1033.2501	DATA	Keypress: t
1033.5195	DATA	Keypress:t held
1033.8242	DATA	Keypress: t
1034.3308	DATA	Keypress: t
1034.5327	DATA	Keypress:t held
1034.8711	DATA	Keypress: t
1035.3775	DATA	Keypress: t
1035.5458	DATA	Keypress:t held
1035.8335	DATA	Keypress: t
1036.4078	DATA	Keypress: t
1036.5590	DATA	Keypress:t held
1036.8972	DATA	Keypress: t
1037.4379	DATA	Keypress: t
1037.5722	DATA	Keypress:t held
1037.9781	DATA	Keypress: t
1038.5016	DATA	Keypress: t
1038.5853	DATA	Keypress:t held
1038.5854	DATA	earn t
1040.3084	DATA	Keypress: t
1040.7980	DATA	Keypress: t
1041.0338	DATA	Keypress:t held
1041.2722	DATA	Keypress: t
1041.7605	DATA	Keypress: t
1042.0469	DATA	Keypress:t held
1042.2840	DATA	Keypress: t
1042.7569	DATA	Keypress: t
1043.0601	DATA	Keypress:t held
1043.2296	DATA	Keypress: t
1043.8376	DATA	Keypress: v
1044.0733	DATA	Keypress:v held
1044.3611	DATA	Keypress: v
1044.8339	DATA	Keypress: v
1045.0864	DATA	Keypress:v held
1045.3233	DATA	Keypress: v
1045.8649	DATA	Keypress: v
1046.0996	DATA	Keypress:v held
1046.3706	DATA	Keypress: v
1047.0339	DATA	start rating L
1047.0430	DATA	Keypress: v
1051.2443	DATA	Keypress: t
1051.6292	DATA	Keypress: t
1052.1910	DATA	Keypress: t
1055.9743	DATA	Keypress: return
1055.9749	DATA	RatingScale rateL_scale: (key response) rating=2
1055.9750	DATA	RatingScale rateL_scale: rating RT=8.941
1055.9757	DATA	2.0
1055.9757	DATA	end rating L
1056.0895	DATA	start rating R
1061.3585	DATA	Keypress: v
1061.9329	DATA	Keypress: v
1064.7695	DATA	Keypress: return
1064.7698	DATA	RatingScale rateR_scale: (key response) rating=6
1064.7699	DATA	RatingScale rateR_scale: rating RT=8.680
1064.7704	DATA	6.0
1064.7714	DATA	end rating R
