74.1855	WARNING	t of last frame was 33.78ms (=1/29)
74.9674	DATA	version E
151.1259	DATA	Keypress: space
154.2138	DATA	Keypress: v
154.2301	DATA	Keypress:v held
154.2301	DATA	earn v
156.5780	DATA	Keypress: v
156.6111	DATA	Keypress:v held
157.4726	DATA	Keypress: v
157.6243	DATA	Keypress:v held
158.5369	DATA	Keypress: v
158.6375	DATA	Keypress:v held
159.1449	DATA	Keypress: v
159.6508	DATA	Keypress:v held
159.6515	DATA	Keypress: v
160.1073	DATA	Keypress: v
160.5466	DATA	Keypress: v
160.6640	DATA	Keypress:v held
160.9517	DATA	Keypress: v
161.3571	DATA	Keypress: v
161.6772	DATA	Keypress:v held
162.9108	DATA	Keypress: t
162.9437	DATA	Keypress:t held
163.3835	DATA	Keypress: t
163.8228	DATA	Keypress: t
163.9569	DATA	Keypress:t held
164.2617	DATA	Keypress: t
164.6837	DATA	Keypress: t
164.9701	DATA	Keypress:t held
165.1059	DATA	Keypress: t
165.5112	DATA	Keypress: t
165.9163	DATA	Keypress: t
165.9834	DATA	Keypress:t held
165.9834	DATA	earn t
166.3053	DATA	Keypress: t
170.0200	DATA	Keypress: t
170.0531	DATA	Keypress:t held
170.4760	DATA	Keypress: t
171.0165	DATA	Keypress: t
171.0662	DATA	Keypress:t held
171.4894	DATA	Keypress: t
171.9791	DATA	Keypress: t
172.0796	DATA	Keypress:t held
172.0796	DATA	earn t
174.1576	DATA	Keypress: v
174.1906	DATA	Keypress:v held
174.6133	DATA	Keypress: v
175.0352	DATA	Keypress: v
175.2038	DATA	Keypress:v held
175.4578	DATA	Keypress: v
175.8798	DATA	Keypress: v
176.2170	DATA	Keypress:v held
177.7037	DATA	Keypress: v
177.7368	DATA	Keypress:v held
178.2440	DATA	Keypress: v
178.7500	DATA	Keypress:v held
178.7508	DATA	Keypress: v
179.2417	DATA	Keypress: v
179.7299	DATA	Keypress: v
179.7632	DATA	Keypress:v held
180.2030	DATA	Keypress: v
180.6757	DATA	Keypress: v
180.7764	DATA	Keypress:v held
181.1316	DATA	Keypress: v
181.6046	DATA	Keypress: v
181.7897	DATA	Keypress:v held
182.0097	DATA	Keypress: v
182.4658	DATA	Keypress: v
182.8029	DATA	Keypress:v held
182.9220	DATA	Keypress: v
183.3947	DATA	Keypress: v
183.8161	DATA	Keypress:v held
183.8674	DATA	Keypress: v
184.3067	DATA	Keypress: v
184.8133	DATA	Keypress: v
184.8462	DATA	Keypress:v held
185.2691	DATA	Keypress: v
185.8594	DATA	Keypress:v held
187.2787	DATA	Keypress: t
187.3117	DATA	Keypress:t held
187.6839	DATA	Keypress: t
188.0889	DATA	Keypress: t
188.3250	DATA	Keypress:t held
188.4776	DATA	Keypress: t
188.8997	DATA	Keypress: t
189.3053	DATA	Keypress: t
189.3382	DATA	Keypress:t held
189.7272	DATA	Keypress: t
190.1496	DATA	Keypress: t
190.3515	DATA	Keypress:t held
190.5377	DATA	Keypress: t
190.9429	DATA	Keypress: t
191.3647	DATA	Keypress:t held
191.3647	DATA	earn t
191.3653	DATA	Keypress: t
193.1048	DATA	Keypress: t
193.4418	DATA	Keypress:t held
193.5605	DATA	Keypress: t
193.9659	DATA	Keypress: t
194.3879	DATA	Keypress: t
194.4550	DATA	Keypress:t held
194.4550	DATA	earn t
194.8103	DATA	Keypress: t
195.8910	DATA	Keypress: t
196.3132	DATA	Keypress: t
196.5321	DATA	Keypress:t held
196.7352	DATA	Keypress: t
197.1576	DATA	Keypress: t
197.5453	DATA	Keypress:t held
197.6642	DATA	Keypress: t
198.1371	DATA	Keypress: t
198.5585	DATA	Keypress:t held
199.6570	DATA	Keypress: v
199.6900	DATA	Keypress:v held
200.0959	DATA	Keypress: v
200.5520	DATA	Keypress: v
200.7201	DATA	Keypress:v held
200.7201	DATA	earn v
200.9742	DATA	Keypress: v
201.7172	DATA	Keypress: v
202.2744	DATA	Keypress: v
202.7977	DATA	Keypress: v
202.8140	DATA	Keypress:v held
203.2540	DATA	Keypress: v
203.7097	DATA	Keypress: v
203.8272	DATA	Keypress:v held
204.1996	DATA	Keypress: v
204.6217	DATA	Keypress: v
204.8404	DATA	Keypress:v held
205.0774	DATA	Keypress: v
205.5335	DATA	Keypress: v
205.8537	DATA	Keypress:v held
206.0063	DATA	Keypress: v
206.4625	DATA	Keypress: v
206.8669	DATA	Keypress:v held
206.8844	DATA	Keypress: v
207.3236	DATA	Keypress: v
207.7795	DATA	Keypress: v
207.8801	DATA	Keypress:v held
208.2185	DATA	Keypress: v
208.6407	DATA	Keypress: v
208.8933	DATA	Keypress:v held
209.1135	DATA	Keypress: v
209.6033	DATA	Keypress: v
209.9065	DATA	Keypress:v held
210.0595	DATA	Keypress: v
210.9198	DATA	Keypress:v held
210.9198	DATA	earn v
212.3078	DATA	start rating L
240.5166	DATA	Keypress: v
240.8217	DATA	Keypress: v
242.5057	DATA	Keypress: t
242.7468	DATA	Keypress: t
243.0170	DATA	Keypress: t
243.2531	DATA	Keypress: t
243.5568	DATA	Keypress: v
243.7928	DATA	Keypress: v
244.0970	DATA	Keypress: v
245.3806	DATA	Keypress: t
250.6830	DATA	Keypress: v
252.1363	DATA	Keypress: return
252.1368	DATA	RatingScale rateL_scale: (key response) rating=5
252.1369	DATA	RatingScale rateL_scale: rating RT=39.829
252.1375	DATA	5.0
252.1375	DATA	end rating L
252.2602	DATA	start rating R
259.2275	DATA	Keypress: return
259.2279	DATA	RatingScale rateR_scale: (key response) rating=4
259.2280	DATA	RatingScale rateR_scale: rating RT=6.968
259.2285	DATA	4.0
259.2298	DATA	end rating R
265.8877	DATA	Keypress: t
265.9209	DATA	Keypress:t held
266.2932	DATA	Keypress: t
266.6982	DATA	Keypress: t
266.9341	DATA	Keypress:t held
267.1037	DATA	Keypress: t
267.5259	DATA	Keypress: t
267.8974	DATA	Keypress: t
267.9473	DATA	Keypress:t held
268.3196	DATA	Keypress: t
268.7080	DATA	Keypress: t
268.9605	DATA	Keypress:t held
269.1132	DATA	Keypress: t
269.5018	DATA	Keypress: t
269.9068	DATA	Keypress: t
269.9737	DATA	Keypress:t held
270.2797	DATA	Keypress: t
270.6837	DATA	Keypress: t
270.9870	DATA	Keypress:t held
271.0720	DATA	Keypress: t
271.4604	DATA	Keypress: t
271.8487	DATA	Keypress: t
272.0002	DATA	Keypress:t held
272.2543	DATA	Keypress: t
272.6426	DATA	Keypress: t
273.0134	DATA	Keypress:t held
273.0143	DATA	Keypress: t
273.3688	DATA	Keypress: t
273.7571	DATA	Keypress: t
274.0266	DATA	Keypress:t held
274.1453	DATA	Keypress: t
274.5171	DATA	Keypress: t
275.0399	DATA	Keypress:t held
276.2059	DATA	Keypress: v
276.2390	DATA	Keypress:v held
276.5604	DATA	Keypress: v
276.9148	DATA	Keypress: v
277.2522	DATA	Keypress:v held
277.2866	DATA	Keypress: v
277.6749	DATA	Keypress: v
278.0632	DATA	Keypress: v
278.2654	DATA	Keypress:v held
278.4518	DATA	Keypress: v
278.8233	DATA	Keypress: v
279.2117	DATA	Keypress: v
279.2786	DATA	Keypress:v held
279.5832	DATA	Keypress: v
279.9547	DATA	Keypress: v
280.2918	DATA	Keypress:v held
280.3092	DATA	Keypress: v
280.6812	DATA	Keypress: v
281.0523	DATA	Keypress: v
281.3051	DATA	Keypress:v held
281.4240	DATA	Keypress: v
281.7784	DATA	Keypress: v
282.1500	DATA	Keypress: v
282.3352	DATA	Keypress:v held
282.3352	DATA	earn v
282.5047	DATA	Keypress: v
282.9454	DATA	Keypress: v
283.4421	DATA	Keypress: v
283.8387	DATA	Keypress: v
284.2777	DATA	Keypress: v
284.4460	DATA	Keypress:v held
284.7506	DATA	Keypress: v
285.4593	DATA	Keypress:v held
287.4019	DATA	Keypress: t
287.4350	DATA	Keypress:t held
287.7903	DATA	Keypress: t
288.1788	DATA	Keypress: t
288.4482	DATA	Keypress:t held
288.5670	DATA	Keypress: t
288.9553	DATA	Keypress: t
289.3439	DATA	Keypress: t
289.4614	DATA	Keypress:t held
289.7322	DATA	Keypress: t
290.1207	DATA	Keypress: t
290.4747	DATA	Keypress:t held
290.5090	DATA	Keypress: t
290.8975	DATA	Keypress: t
291.4879	DATA	Keypress:t held
292.9577	DATA	Keypress: v
292.9908	DATA	Keypress:v held
293.3293	DATA	Keypress: v
293.7344	DATA	Keypress: v
294.0040	DATA	Keypress:v held
294.0041	DATA	earn v
294.1400	DATA	Keypress: v
294.5791	DATA	Keypress: v
295.0012	DATA	Keypress: v
295.4569	DATA	Keypress: v
295.8623	DATA	Keypress: v
296.1486	DATA	Keypress:v held
296.3015	DATA	Keypress: v
296.7069	DATA	Keypress: v
297.1620	DATA	Keypress:v held
297.1620	DATA	earn v
300.3714	DATA	Keypress: t
300.4043	DATA	Keypress:t held
300.7594	DATA	Keypress: t
301.1648	DATA	Keypress: t
301.4175	DATA	Keypress:t held
301.5700	DATA	Keypress: t
301.9417	DATA	Keypress: t
302.3134	DATA	Keypress: t
302.4306	DATA	Keypress:t held
302.6847	DATA	Keypress: t
303.4439	DATA	Keypress:t held
303.4440	DATA	earn t
307.5314	DATA	Keypress: v
307.5643	DATA	Keypress:v held
307.9196	DATA	Keypress: v
308.3585	DATA	Keypress: v
308.5776	DATA	Keypress:v held
308.7471	DATA	Keypress: v
309.1526	DATA	Keypress: v
309.5420	DATA	Keypress: v
309.5908	DATA	Keypress:v held
309.5909	DATA	earn v
311.0606	DATA	Keypress: v
311.7186	DATA	Keypress:v held
313.5937	DATA	Keypress: t
313.6269	DATA	Keypress:t held
313.9665	DATA	Keypress: t
314.3368	DATA	Keypress: t
314.6400	DATA	Keypress:t held
314.7251	DATA	Keypress: t
315.0964	DATA	Keypress: t
315.4682	DATA	Keypress: t
315.6532	DATA	Keypress:t held
315.8228	DATA	Keypress: t
316.2113	DATA	Keypress: t
316.5829	DATA	Keypress: t
316.6665	DATA	Keypress:t held
318.5080	DATA	Keypress: v
318.5410	DATA	Keypress:v held
318.5410	DATA	earn v
318.9131	DATA	Keypress: v
319.3201	DATA	Keypress: v
319.7275	DATA	Keypress: v
320.0423	DATA	start rating L
320.1564	DATA	Keypress: v
322.4180	DATA	Keypress: t
325.0198	DATA	Keypress: t
326.1003	DATA	Keypress: t
331.2983	DATA	Keypress: return
331.2986	DATA	RatingScale rateL_scale: (key response) rating=2
331.2987	DATA	RatingScale rateL_scale: rating RT=11.256
331.2991	DATA	2.0
331.2991	DATA	end rating L
331.4129	DATA	start rating R
332.9060	DATA	Keypress: v
334.2571	DATA	Keypress: return
334.2575	DATA	RatingScale rateR_scale: (key response) rating=5
334.2575	DATA	RatingScale rateR_scale: rating RT=2.845
334.2580	DATA	5.0
334.2590	DATA	end rating R
338.6033	DATA	Keypress: v
338.6196	DATA	Keypress:v held
338.6197	DATA	earn v
340.1401	DATA	Keypress: v
340.6972	DATA	Keypress: v
340.7811	DATA	Keypress:v held
340.7812	DATA	earn v
341.1549	DATA	Keypress: v
341.9772	DATA	Keypress: v
342.3691	DATA	Keypress: v
342.8432	DATA	Keypress: v
342.9933	DATA	Keypress:v held
343.2642	DATA	Keypress: v
343.6864	DATA	Keypress: v
344.0065	DATA	Keypress:v held
344.1085	DATA	Keypress: v
345.0197	DATA	Keypress:v held
345.4598	DATA	Keypress: t
345.9494	DATA	Keypress: t
346.0329	DATA	Keypress:t held
346.3715	DATA	Keypress: t
346.7598	DATA	Keypress: t
347.0462	DATA	Keypress:t held
347.1821	DATA	Keypress: t
347.5705	DATA	Keypress: t
347.9757	DATA	Keypress: t
348.0594	DATA	Keypress:t held
348.3479	DATA	Keypress: t
348.7694	DATA	Keypress: t
349.0726	DATA	Keypress:t held
349.1407	DATA	Keypress: t
350.0857	DATA	Keypress:t held
351.7583	DATA	Keypress: v
351.7915	DATA	Keypress:v held
352.1467	DATA	Keypress: v
352.5013	DATA	Keypress: v
352.8051	DATA	Keypress:v held
352.8898	DATA	Keypress: v
353.2614	DATA	Keypress: v
353.6329	DATA	Keypress: v
353.8179	DATA	Keypress:v held
354.0042	DATA	Keypress: v
354.3591	DATA	Keypress: v
354.7306	DATA	Keypress: v
354.8312	DATA	Keypress:v held
355.1022	DATA	Keypress: v
355.8444	DATA	Keypress:v held
355.8444	DATA	earn v
358.1079	DATA	Keypress: t
358.1410	DATA	Keypress:t held
358.4963	DATA	Keypress: t
358.8847	DATA	Keypress: t
359.1543	DATA	Keypress:t held
359.2562	DATA	Keypress: t
359.6278	DATA	Keypress: t
359.9993	DATA	Keypress: t
360.1675	DATA	Keypress:t held
360.3707	DATA	Keypress: t
360.7425	DATA	Keypress: t
361.1476	DATA	Keypress: t
361.1808	DATA	Keypress:t held
361.5359	DATA	Keypress: t
362.1940	DATA	Keypress:t held
364.4238	DATA	Keypress: v
364.4568	DATA	Keypress:v held
364.8303	DATA	Keypress: v
365.2512	DATA	Keypress: v
365.4700	DATA	Keypress:v held
365.6394	DATA	Keypress: v
366.0448	DATA	Keypress: v
366.4502	DATA	Keypress: v
366.4833	DATA	Keypress:v held
366.8723	DATA	Keypress: v
367.2607	DATA	Keypress: v
367.4965	DATA	Keypress:v held
367.6829	DATA	Keypress: v
368.0714	DATA	Keypress: v
368.4935	DATA	Keypress: v
368.5266	DATA	Keypress:v held
368.9156	DATA	Keypress: v
369.3549	DATA	Keypress: v
369.5398	DATA	Keypress:v held
371.2636	DATA	Keypress: t
371.3130	DATA	Keypress:t held
371.6681	DATA	Keypress: t
372.0566	DATA	Keypress: t
372.3262	DATA	Keypress:t held
372.4448	DATA	Keypress: t
372.8501	DATA	Keypress: t
373.2219	DATA	Keypress: t
373.3394	DATA	Keypress:t held
373.6271	DATA	Keypress: t
373.9984	DATA	Keypress: t
374.3526	DATA	Keypress:t held
374.4040	DATA	Keypress: t
374.7925	DATA	Keypress: t
375.1808	DATA	Keypress: t
375.3659	DATA	Keypress:t held
375.6029	DATA	Keypress: t
376.0251	DATA	Keypress: t
376.3791	DATA	Keypress:t held
377.9670	DATA	Keypress: v
378.0001	DATA	Keypress:v held
378.3892	DATA	Keypress: v
378.7606	DATA	Keypress: v
379.0134	DATA	Keypress:v held
379.1322	DATA	Keypress: v
379.5037	DATA	Keypress: v
379.8753	DATA	Keypress: v
380.0266	DATA	Keypress:v held
380.2638	DATA	Keypress: v
380.6353	DATA	Keypress: v
381.0236	DATA	Keypress: v
381.0567	DATA	Keypress:v held
381.3952	DATA	Keypress: v
381.7836	DATA	Keypress: v
382.0699	DATA	Keypress:v held
383.1007	DATA	Keypress: t
383.1337	DATA	Keypress:t held
383.5228	DATA	Keypress: t
383.9114	DATA	Keypress: t
384.1470	DATA	Keypress:t held
384.2998	DATA	Keypress: t
384.6894	DATA	Keypress: t
385.0932	DATA	Keypress: t
385.1603	DATA	Keypress:t held
385.4481	DATA	Keypress: t
385.8026	DATA	Keypress: t
386.1735	DATA	Keypress:t held
386.2081	DATA	Keypress: t
386.5796	DATA	Keypress: t
386.9678	DATA	Keypress: t
387.1868	DATA	Keypress:t held
389.9906	DATA	Keypress: v
390.0237	DATA	Keypress:v held
390.0238	DATA	earn v
390.3622	DATA	Keypress: v
390.8521	DATA	Keypress: v
391.2572	DATA	Keypress: v
391.6456	DATA	Keypress: v
392.0345	DATA	Keypress: v
392.2023	DATA	Keypress:v held
392.4393	DATA	Keypress: v
392.8276	DATA	Keypress: v
393.2155	DATA	Keypress:v held
393.2331	DATA	Keypress: v
393.5876	DATA	Keypress: v
393.9928	DATA	Keypress: v
394.2288	DATA	Keypress:v held
394.3640	DATA	Keypress: v
394.6676	DATA	start rating L
399.4035	DATA	Keypress: t
403.5274	DATA	Keypress: t
405.5880	DATA	Keypress: return
405.5883	DATA	RatingScale rateL_scale: (key response) rating=2
405.5884	DATA	RatingScale rateL_scale: rating RT=10.921
405.5889	DATA	2.0
405.5889	DATA	end rating L
405.6974	DATA	start rating R
416.8853	DATA	Keypress: return
416.8857	DATA	RatingScale rateR_scale: (key response) rating=4
416.8857	DATA	RatingScale rateR_scale: rating RT=11.188
416.8862	DATA	4.0
416.8872	DATA	end rating R
421.6708	DATA	Keypress: t
421.7039	DATA	Keypress:t held
422.0758	DATA	Keypress: t
422.4645	DATA	Keypress: t
422.7171	DATA	Keypress:t held
422.8697	DATA	Keypress: t
423.2584	DATA	Keypress: t
423.6298	DATA	Keypress: t
423.7303	DATA	Keypress:t held
424.0181	DATA	Keypress: t
424.3897	DATA	Keypress: t
424.7435	DATA	Keypress:t held
424.7779	DATA	Keypress: t
425.1664	DATA	Keypress: t
425.5548	DATA	Keypress: t
425.7567	DATA	Keypress:t held
427.0070	DATA	Keypress: v
427.0401	DATA	Keypress:v held
427.3785	DATA	Keypress: v
427.7501	DATA	Keypress: v
428.0533	DATA	Keypress:v held
428.1217	DATA	Keypress: v
428.5101	DATA	Keypress: v
428.8642	DATA	Keypress: v
429.0666	DATA	Keypress:v held
429.2362	DATA	Keypress: v
429.6074	DATA	Keypress: v
429.9791	DATA	Keypress: v
430.0798	DATA	Keypress:v held
430.3677	DATA	Keypress: v
430.7560	DATA	Keypress: v
431.0930	DATA	Keypress:v held
434.3361	DATA	Keypress: t
434.3692	DATA	Keypress:t held
434.7244	DATA	Keypress: t
435.0971	DATA	Keypress: t
435.3824	DATA	Keypress:t held
435.4675	DATA	Keypress: t
435.8390	DATA	Keypress: t
436.1781	DATA	Keypress: t
436.3956	DATA	Keypress:t held
436.5313	DATA	Keypress: t
437.3756	DATA	Keypress: v
437.4088	DATA	Keypress:v held
437.7137	DATA	Keypress: v
438.0511	DATA	Keypress: v
438.3890	DATA	Keypress: v
438.4221	DATA	Keypress:v held
438.7435	DATA	Keypress: v
439.0812	DATA	Keypress: v
439.4353	DATA	Keypress:v held
439.4528	DATA	Keypress: v
440.4486	DATA	Keypress:v held
441.0403	DATA	Keypress: t
441.4286	DATA	Keypress: t
441.4618	DATA	Keypress:t held
441.4618	DATA	earn t
441.7833	DATA	Keypress: t
442.7289	DATA	Keypress: t
443.1849	DATA	Keypress: t
443.5901	DATA	Keypress: t
443.6570	DATA	Keypress:t held
443.9952	DATA	Keypress: t
444.4008	DATA	Keypress: t
444.6702	DATA	Keypress:t held
444.6703	DATA	earn t
448.3184	DATA	Keypress: v
448.3348	DATA	Keypress:v held
448.6731	DATA	Keypress: v
449.0276	DATA	Keypress: v
449.3480	DATA	Keypress:v held
449.3995	DATA	Keypress: v
449.7708	DATA	Keypress: v
450.1423	DATA	Keypress: v
450.3612	DATA	Keypress:v held
450.5139	DATA	Keypress: v
450.8684	DATA	Keypress: v
451.3744	DATA	Keypress:v held
453.2326	DATA	Keypress: t
453.2489	DATA	Keypress:t held
453.5704	DATA	Keypress: t
453.9249	DATA	Keypress: t
454.2621	DATA	Keypress:t held
454.2622	DATA	earn t
454.2630	DATA	Keypress: t
454.6681	DATA	Keypress: t
455.1410	DATA	Keypress: t
455.5800	DATA	Keypress: t
456.0370	DATA	Keypress: t
456.4912	DATA	Keypress:t held
457.7416	DATA	Keypress: v
457.7746	DATA	Keypress:v held
458.0961	DATA	Keypress: v
458.4675	DATA	Keypress: v
458.7878	DATA	Keypress:v held
458.8391	DATA	Keypress: v
459.2276	DATA	Keypress: v
459.5822	DATA	Keypress: v
459.8011	DATA	Keypress:v held
459.9875	DATA	Keypress: v
460.3421	DATA	Keypress: v
460.8142	DATA	Keypress:v held
463.9557	DATA	Keypress: t
463.9721	DATA	Keypress:t held
464.3106	DATA	Keypress: t
464.6821	DATA	Keypress: t
464.9853	DATA	Keypress:t held
465.0535	DATA	Keypress: t
465.4082	DATA	Keypress: t
465.7966	DATA	Keypress: t
465.9985	DATA	Keypress:t held
466.1681	DATA	Keypress: t
466.5564	DATA	Keypress: t
467.0117	DATA	Keypress:t held
468.3467	DATA	Keypress: v
468.3797	DATA	Keypress:v held
468.7013	DATA	Keypress: v
469.0557	DATA	Keypress: v
469.3929	DATA	Keypress:v held
469.4441	DATA	Keypress: v
469.8156	DATA	Keypress: v
470.1704	DATA	Keypress: v
470.4061	DATA	Keypress:v held
470.5431	DATA	Keypress: v
470.9132	DATA	Keypress: v
471.4194	DATA	Keypress:v held
472.3995	DATA	Keypress: t
472.4326	DATA	Keypress:t held
472.8215	DATA	Keypress: t
473.1933	DATA	Keypress: t
473.4458	DATA	Keypress:t held
473.5985	DATA	Keypress: t
474.0037	DATA	Keypress: t
474.3595	DATA	Keypress: t
474.4590	DATA	Keypress:t held
474.7805	DATA	Keypress: t
475.2028	DATA	Keypress: t
475.4722	DATA	Keypress:t held
475.5909	DATA	Keypress: t
476.4855	DATA	Keypress:t held
477.4069	DATA	start rating L
477.4159	DATA	Keypress: v
485.4261	DATA	Keypress: return
485.4263	DATA	RatingScale rateL_scale: (key response) rating=5
485.4264	DATA	RatingScale rateL_scale: rating RT=8.019
485.4268	DATA	5.0
485.4268	DATA	end rating L
485.5354	DATA	start rating R
486.6975	DATA	Keypress: t
487.0342	DATA	Keypress: t
488.3179	DATA	Keypress: return
488.3183	DATA	RatingScale rateR_scale: (key response) rating=2
488.3184	DATA	RatingScale rateR_scale: rating RT=2.783
488.3190	DATA	2.0
488.3202	DATA	end rating R
496.9713	DATA	Keypress: v
497.0200	DATA	Keypress:v held
497.3586	DATA	Keypress: v
497.7131	DATA	Keypress: v
498.0333	DATA	Keypress:v held
498.1015	DATA	Keypress: v
498.4899	DATA	Keypress: v
498.8783	DATA	Keypress: v
499.0465	DATA	Keypress:v held
499.2330	DATA	Keypress: v
499.6046	DATA	Keypress: v
499.9591	DATA	Keypress: v
500.0597	DATA	Keypress:v held
500.3137	DATA	Keypress: v
501.0729	DATA	Keypress:v held
501.5632	DATA	Keypress: t
501.9179	DATA	Keypress: t
502.0861	DATA	Keypress:t held
502.0862	DATA	earn t
502.2728	DATA	Keypress: t
502.6949	DATA	Keypress: t
503.3292	DATA	Keypress: t
503.5391	DATA	Keypress: t
503.9444	DATA	Keypress: t
504.3162	DATA	Keypress: t
504.3491	DATA	Keypress:t held
504.7212	DATA	Keypress: t
505.0927	DATA	Keypress: t
505.3623	DATA	Keypress:t held
505.3624	DATA	earn t
507.9635	DATA	Keypress: v
507.9966	DATA	Keypress:v held
508.3012	DATA	Keypress: v
508.6390	DATA	Keypress: v
508.9936	DATA	Keypress: v
509.0267	DATA	Keypress:v held
509.3314	DATA	Keypress: v
509.6691	DATA	Keypress: v
510.0067	DATA	Keypress: v
510.0399	DATA	Keypress:v held
510.3446	DATA	Keypress: v
510.6825	DATA	Keypress: v
511.0199	DATA	Keypress: v
511.0531	DATA	Keypress:v held
511.3747	DATA	Keypress: v
512.0663	DATA	Keypress:v held
512.8439	DATA	Keypress: t
513.0796	DATA	Keypress:t held
513.1986	DATA	Keypress: t
513.5364	DATA	Keypress: t
513.8740	DATA	Keypress: t
514.0928	DATA	Keypress:t held
514.2285	DATA	Keypress: t
514.5664	DATA	Keypress: t
514.9039	DATA	Keypress: t
515.1061	DATA	Keypress:t held
515.2589	DATA	Keypress: t
515.5965	DATA	Keypress: t
515.9510	DATA	Keypress: t
516.1192	DATA	Keypress:t held
516.3227	DATA	Keypress: t
517.1324	DATA	Keypress:t held
517.4033	DATA	Keypress: t
518.1457	DATA	Keypress:t held
519.0074	DATA	Keypress: v
519.1589	DATA	Keypress:v held
519.3455	DATA	Keypress: v
519.6832	DATA	Keypress: v
520.0039	DATA	Keypress: v
520.1721	DATA	Keypress:v held
520.1722	DATA	earn v
520.3267	DATA	Keypress: v
520.6796	DATA	Keypress: v
521.0511	DATA	Keypress: v
521.4146	DATA	Keypress: v
521.7603	DATA	Keypress: v
522.1147	DATA	Keypress: v
522.4182	DATA	Keypress:v held
522.4183	DATA	earn v
522.5408	DATA	Keypress: v
523.3479	DATA	Keypress: v
526.5899	DATA	Keypress: t
526.6231	DATA	Keypress:t held
526.6231	DATA	earn t
526.9954	DATA	Keypress: t
527.4514	DATA	Keypress: t
527.8737	DATA	Keypress: t
528.2788	DATA	Keypress: t
528.6502	DATA	Keypress: t
528.8859	DATA	Keypress:t held
528.8859	DATA	earn t
529.0387	DATA	Keypress: t
529.4610	DATA	Keypress: t
530.1422	DATA	Keypress: t
530.3050	DATA	Keypress: t
530.7612	DATA	Keypress: t
531.1486	DATA	Keypress:t held
531.1663	DATA	Keypress: t
531.5548	DATA	Keypress: t
532.1619	DATA	Keypress:t held
533.3278	DATA	Keypress: v
533.3441	DATA	Keypress:v held
533.6656	DATA	Keypress: v
534.0369	DATA	Keypress: v
534.3576	DATA	Keypress:v held
534.3933	DATA	Keypress: v
534.7295	DATA	Keypress: v
535.0840	DATA	Keypress: v
535.3706	DATA	Keypress:v held
535.4219	DATA	Keypress: v
535.7596	DATA	Keypress: v
536.1143	DATA	Keypress: v
536.3838	DATA	Keypress:v held
536.4351	DATA	Keypress: v
536.7896	DATA	Keypress: v
537.1443	DATA	Keypress: v
537.3970	DATA	Keypress:v held
537.4992	DATA	Keypress: v
538.4103	DATA	Keypress:v held
538.4103	DATA	earn v
544.3383	DATA	Keypress: t
544.3714	DATA	Keypress:t held
544.7098	DATA	Keypress: t
545.0826	DATA	Keypress: t
545.3846	DATA	Keypress:t held
545.4529	DATA	Keypress: t
545.8244	DATA	Keypress: t
546.1787	DATA	Keypress: t
546.3978	DATA	Keypress:t held
546.5505	DATA	Keypress: t
546.8882	DATA	Keypress: t
547.2596	DATA	Keypress: t
547.4279	DATA	Keypress:t held
547.4280	DATA	earn t
547.6146	DATA	Keypress: t
548.0873	DATA	Keypress: t
548.7038	DATA	Keypress: t
549.2128	DATA	start rating L
549.3310	DATA	Keypress: t
552.0661	DATA	Keypress: v
552.4713	DATA	Keypress: v
556.1200	DATA	Keypress: return
556.1204	DATA	RatingScale rateL_scale: (key response) rating=5
556.1205	DATA	RatingScale rateL_scale: rating RT=6.908
556.1209	DATA	5.0
556.1209	DATA	end rating L
556.2298	DATA	start rating R
557.3519	DATA	Keypress: t
558.5671	DATA	Keypress: return
558.5675	DATA	RatingScale rateR_scale: (key response) rating=3
558.5676	DATA	RatingScale rateR_scale: rating RT=2.338
558.5681	DATA	3.0
558.5691	DATA	end rating R
563.1672	DATA	Keypress: v
563.2004	DATA	Keypress:v held
563.5218	DATA	Keypress: v
563.8594	DATA	Keypress: v
564.1974	DATA	Keypress: v
564.2305	DATA	Keypress:v held
564.5520	DATA	Keypress: v
564.8896	DATA	Keypress: v
565.2438	DATA	Keypress:v held
565.2445	DATA	Keypress: v
565.5820	DATA	Keypress: v
565.9199	DATA	Keypress: v
566.2570	DATA	Keypress:v held
566.2746	DATA	Keypress: v
566.6291	DATA	Keypress: v
566.9668	DATA	Keypress: v
567.2702	DATA	Keypress:v held
567.3553	DATA	Keypress: v
567.7099	DATA	Keypress: v
568.0814	DATA	Keypress: v
568.2835	DATA	Keypress:v held
569.2127	DATA	Keypress: t
569.2967	DATA	Keypress:t held
569.2967	DATA	earn t
569.5678	DATA	Keypress: t
570.0067	DATA	Keypress: t
570.6047	DATA	Keypress: t
570.9015	DATA	Keypress: t
571.2900	DATA	Keypress: t
571.6101	DATA	Keypress:t held
571.6632	DATA	Keypress: t
572.0497	DATA	Keypress: t
572.4214	DATA	Keypress: t
572.6233	DATA	Keypress:t held
572.8098	DATA	Keypress: t
573.1983	DATA	Keypress: t
573.5698	DATA	Keypress: t
573.6366	DATA	Keypress:t held
573.6366	DATA	earn t
573.9921	DATA	Keypress: t
574.4314	DATA	Keypress: t
574.9400	DATA	Keypress: t
575.9500	DATA	Keypress:t held
579.6828	DATA	Keypress: v
579.7159	DATA	Keypress:v held
580.0723	DATA	Keypress: v
580.4765	DATA	Keypress: v
580.7291	DATA	Keypress:v held
580.8480	DATA	Keypress: v
581.2364	DATA	Keypress: v
581.6080	DATA	Keypress: v
581.7424	DATA	Keypress:v held
581.7424	DATA	earn v
581.9795	DATA	Keypress: v
582.4694	DATA	Keypress: v
583.0824	DATA	Keypress: v
583.3643	DATA	Keypress: v
583.7861	DATA	Keypress: v
584.0896	DATA	Keypress:v held
584.1578	DATA	Keypress: v
584.5463	DATA	Keypress: v
584.9345	DATA	Keypress: v
585.1028	DATA	Keypress:v held
585.3230	DATA	Keypress: v
586.1160	DATA	Keypress:v held
587.0455	DATA	Keypress: t
587.1292	DATA	Keypress:t held
587.4340	DATA	Keypress: t
587.8054	DATA	Keypress: t
588.1425	DATA	Keypress:t held
588.1772	DATA	Keypress: t
588.5654	DATA	Keypress: t
588.9197	DATA	Keypress: t
589.1557	DATA	Keypress:t held
589.2747	DATA	Keypress: t
589.6294	DATA	Keypress: t
590.0007	DATA	Keypress: t
590.1689	DATA	Keypress:t held
590.1690	DATA	earn t
590.3559	DATA	Keypress: t
590.7438	DATA	Keypress: t
591.1324	DATA	Keypress: t
591.6218	DATA	Keypress: t
592.1457	DATA	Keypress: t
592.4994	DATA	Keypress:t held
592.4995	DATA	earn t
592.6186	DATA	Keypress: t
595.8943	DATA	Keypress: v
595.9274	DATA	Keypress:v held
595.9275	DATA	earn v
596.3505	DATA	Keypress: v
596.8401	DATA	Keypress: v
597.3298	DATA	Keypress: v
597.7688	DATA	Keypress: v
598.1741	DATA	Keypress: v
598.2580	DATA	Keypress:v held
598.5457	DATA	Keypress: v
598.9171	DATA	Keypress: v
599.2711	DATA	Keypress:v held
599.3056	DATA	Keypress: v
599.6771	DATA	Keypress: v
600.0485	DATA	Keypress: v
600.2844	DATA	Keypress:v held
600.3876	DATA	Keypress: v
600.7916	DATA	Keypress: v
601.1473	DATA	Keypress: v
601.2976	DATA	Keypress:v held
601.5178	DATA	Keypress: v
602.3108	DATA	Keypress:v held
603.3245	DATA	Keypress: t
603.3578	DATA	Keypress:t held
603.7637	DATA	Keypress: t
604.1352	DATA	Keypress: t
604.3710	DATA	Keypress:t held
604.3711	DATA	earn t
604.5070	DATA	Keypress: t
604.9631	DATA	Keypress: t
605.7065	DATA	Keypress: t
605.7737	DATA	Keypress: t
606.2122	DATA	Keypress: t
606.6007	DATA	Keypress: t
606.7182	DATA	Keypress:t held
606.9891	DATA	Keypress: t
607.3945	DATA	Keypress: t
607.7315	DATA	Keypress:t held
609.3364	DATA	Keypress: v
609.3527	DATA	Keypress:v held
609.7249	DATA	Keypress: v
610.1130	DATA	Keypress: v
610.3660	DATA	Keypress:v held
610.4847	DATA	Keypress: v
610.8731	DATA	Keypress: v
611.2277	DATA	Keypress: v
611.3792	DATA	Keypress:v held
611.5991	DATA	Keypress: v
611.9707	DATA	Keypress: v
612.3424	DATA	Keypress: v
612.3924	DATA	Keypress:v held
612.7138	DATA	Keypress: v
613.1022	DATA	Keypress: v
613.4056	DATA	Keypress:v held
614.8753	DATA	Keypress: t
614.9085	DATA	Keypress:t held
615.2639	DATA	Keypress: t
615.6185	DATA	Keypress: t
615.9217	DATA	Keypress:t held
615.9900	DATA	Keypress: t
616.3446	DATA	Keypress: t
616.7329	DATA	Keypress: t
616.9349	DATA	Keypress:t held
616.9350	DATA	earn t
617.0878	DATA	Keypress: t
619.1583	DATA	start rating L
632.0088	DATA	Keypress: return
632.0092	DATA	RatingScale rateL_scale: (key response) rating=4
632.0092	DATA	RatingScale rateL_scale: rating RT=12.851
632.0097	DATA	4.0
632.0097	DATA	end rating L
632.1257	DATA	start rating R
633.4277	DATA	Keypress: t
634.7453	DATA	Keypress: return
634.7456	DATA	RatingScale rateR_scale: (key response) rating=3
634.7457	DATA	RatingScale rateR_scale: rating RT=2.620
634.7462	DATA	3.0
634.7472	DATA	end rating R
