45.3419	DATA	version E
139.0685	DATA	Keypress: space
140.2840	DATA	Keypress: t
140.3171	DATA	Keypress:t held
140.3171	DATA	earn t
142.8166	DATA	Keypress: v
142.8497	DATA	Keypress:v held
144.2179	DATA	Keypress: v
144.2343	DATA	Keypress:v held
145.0806	DATA	Keypress: v
145.2489	DATA	Keypress:v held
145.6885	DATA	Keypress: v
146.1951	DATA	Keypress: t
146.2619	DATA	Keypress:t held
147.1406	DATA	Keypress: t
147.2750	DATA	Keypress:t held
147.6638	DATA	Keypress: t
148.2881	DATA	Keypress:t held
148.2881	DATA	earn t
148.3800	DATA	Keypress: t
149.7239	DATA	Keypress: v
150.1626	DATA	Keypress: v
150.3481	DATA	Keypress:v held
150.4837	DATA	Keypress: v
150.8548	DATA	Keypress: v
151.2266	DATA	Keypress: v
151.3610	DATA	Keypress:v held
151.5643	DATA	Keypress: v
151.9021	DATA	Keypress: v
152.2229	DATA	Keypress: v
152.3741	DATA	Keypress:v held
152.5434	DATA	Keypress: v
152.8477	DATA	Keypress: v
153.1854	DATA	Keypress: v
153.3871	DATA	Keypress:v held
153.3872	DATA	earn v
156.0400	DATA	Keypress: t
156.0886	DATA	Keypress:t held
156.0886	DATA	earn t
162.4057	DATA	Keypress: t
162.4388	DATA	Keypress:t held
162.4389	DATA	earn t
164.1447	DATA	Keypress: v
164.5155	DATA	Keypress:v held
164.6344	DATA	Keypress: v
165.1072	DATA	Keypress: v
165.5286	DATA	Keypress:v held
165.5286	DATA	earn v
165.6375	DATA	Keypress: v
167.1163	DATA	Keypress: t
167.5554	DATA	Keypress: t
167.6054	DATA	Keypress:t held
167.9775	DATA	Keypress: t
168.4333	DATA	Keypress: t
168.6354	DATA	Keypress:t held
168.9063	DATA	Keypress: t
169.3958	DATA	Keypress: t
169.6484	DATA	Keypress:t held
170.1065	DATA	Keypress: t
170.6468	DATA	Keypress: v
170.6799	DATA	Keypress:v held
171.4234	DATA	Keypress: t
171.6930	DATA	Keypress:t held
171.9638	DATA	Keypress: v
172.5041	DATA	Keypress: t
172.7061	DATA	Keypress:t held
173.1796	DATA	Keypress: t
173.7191	DATA	Keypress:t held
173.8042	DATA	Keypress: t
174.3274	DATA	Keypress: t
174.7321	DATA	Keypress:t held
174.7322	DATA	earn t
174.8515	DATA	Keypress: t
176.5058	DATA	Keypress: v
176.8258	DATA	Keypress:v held
176.9447	DATA	Keypress: v
177.3331	DATA	Keypress: v
177.7382	DATA	Keypress: v
177.8389	DATA	Keypress:v held
177.8389	DATA	earn v
178.1268	DATA	Keypress: v
179.0046	DATA	Keypress: t
179.3762	DATA	Keypress: t
179.6968	DATA	Keypress: t
179.9334	DATA	Keypress:t held
180.0529	DATA	Keypress: t
180.4582	DATA	Keypress: t
180.8802	DATA	Keypress: t
180.9472	DATA	Keypress:t held
180.9473	DATA	earn t
182.6532	DATA	Keypress: v
183.0409	DATA	Keypress:v held
183.7000	DATA	Keypress: t
184.0539	DATA	Keypress:t held
184.1390	DATA	Keypress: t
184.5274	DATA	Keypress: t
184.9495	DATA	Keypress: t
185.0670	DATA	Keypress:t held
185.5911	DATA	Keypress: v
185.9626	DATA	Keypress: v
186.0800	DATA	Keypress:v held
186.3508	DATA	Keypress: v
186.7567	DATA	Keypress: v
187.0931	DATA	Keypress:v held
187.2795	DATA	Keypress: v
187.8365	DATA	Keypress: v
188.1062	DATA	Keypress:v held
188.3601	DATA	Keypress: v
189.1192	DATA	Keypress:v held
189.2213	DATA	Keypress: t
189.6604	DATA	Keypress: t
190.0839	DATA	Keypress: t
190.1339	DATA	Keypress:t held
190.5060	DATA	Keypress: t
190.8942	DATA	Keypress: t
191.1469	DATA	Keypress:t held
191.1470	DATA	earn t
191.3842	DATA	Keypress: t
192.5661	DATA	Keypress: v
193.0218	DATA	Keypress: v
193.2574	DATA	Keypress:v held
193.2575	DATA	earn v
193.4440	DATA	Keypress: v
195.0646	DATA	Keypress: v
195.3680	DATA	Keypress:v held
195.4700	DATA	Keypress: v
195.8752	DATA	Keypress: v
196.3811	DATA	Keypress:v held
196.3984	DATA	Keypress: v
196.9389	DATA	Keypress: v
197.3942	DATA	Keypress:v held
197.4793	DATA	Keypress: v
198.0027	DATA	Keypress: v
198.4072	DATA	Keypress:v held
198.5427	DATA	Keypress: v
199.0326	DATA	Keypress: v
199.4261	DATA	start rating L
211.6067	DATA	Keypress: v
211.9105	DATA	Keypress: v
212.3830	DATA	Keypress: t
212.6195	DATA	Keypress: t
212.8559	DATA	Keypress: t
213.1259	DATA	Keypress: t
213.5312	DATA	Keypress: v
213.7672	DATA	Keypress: v
215.7937	DATA	Keypress: v
217.0434	DATA	Keypress: v
220.6582	DATA	Keypress: return
220.6585	DATA	RatingScale rateL_scale: (key response) rating=6
220.6586	DATA	RatingScale rateL_scale: rating RT=21.232
220.6591	DATA	6.0
220.6592	DATA	end rating L
220.7758	DATA	start rating R
226.0610	DATA	Keypress: t
233.6284	DATA	Keypress: return
233.6288	DATA	RatingScale rateR_scale: (key response) rating=3
233.6288	DATA	RatingScale rateR_scale: rating RT=12.853
233.6294	DATA	3.0
233.6308	DATA	end rating R
237.1286	DATA	Keypress: t
237.1616	DATA	Keypress:t held
237.6351	DATA	Keypress: t
238.0233	DATA	Keypress: t
238.1747	DATA	Keypress:t held
238.4116	DATA	Keypress: t
238.8338	DATA	Keypress: t
239.1877	DATA	Keypress:t held
239.3743	DATA	Keypress: v
239.7117	DATA	Keypress: v
240.0508	DATA	Keypress: v
240.2024	DATA	Keypress:v held
240.3718	DATA	Keypress: v
240.6928	DATA	Keypress: v
241.2154	DATA	Keypress:v held
241.2499	DATA	Keypress: v
241.7058	DATA	Keypress: v
242.2123	DATA	Keypress: v
242.2454	DATA	Keypress:v held
242.6343	DATA	Keypress: v
243.0396	DATA	Keypress: v
243.2753	DATA	Keypress:v held
243.4449	DATA	Keypress: v
243.8499	DATA	Keypress: v
244.2720	DATA	Keypress: v
244.2884	DATA	Keypress:v held
244.6943	DATA	Keypress: v
245.1334	DATA	Keypress: v
245.3015	DATA	Keypress:v held
245.5385	DATA	Keypress: v
245.9604	DATA	Keypress: v
246.3145	DATA	Keypress:v held
246.3827	DATA	Keypress: v
246.8048	DATA	Keypress: v
247.3276	DATA	Keypress:v held
247.3276	DATA	earn v
247.4349	DATA	Keypress: t
247.6153	DATA	Keypress: t
248.6789	DATA	Keypress: t
249.2530	DATA	Keypress: t
249.4550	DATA	Keypress:t held
249.4550	DATA	earn t
249.6583	DATA	Keypress: t
251.1792	DATA	Keypress: t
251.5840	DATA	Keypress:t held
251.6522	DATA	Keypress: t
252.0909	DATA	Keypress: t
252.4625	DATA	Keypress: t
252.5972	DATA	Keypress:t held
252.5972	DATA	earn t
253.0708	DATA	Keypress: t
254.0837	DATA	Keypress: t
254.4888	DATA	Keypress: t
254.7414	DATA	Keypress:t held
256.4641	DATA	Keypress: t
256.4805	DATA	Keypress:t held
256.8864	DATA	Keypress: t
257.3085	DATA	Keypress: t
257.4935	DATA	Keypress:t held
257.7643	DATA	Keypress: t
258.2032	DATA	Keypress: t
258.5066	DATA	Keypress:t held
258.5067	DATA	earn t
258.6779	DATA	Keypress: t
259.6535	DATA	Keypress: v
260.0435	DATA	Keypress: v
260.4319	DATA	Keypress: v
260.6678	DATA	Keypress:v held
260.9388	DATA	Keypress: v
261.4623	DATA	Keypress: v
261.6809	DATA	Keypress:v held
261.6809	DATA	earn v
261.9519	DATA	Keypress: v
263.2012	DATA	Keypress: t
263.6570	DATA	Keypress: t
263.8421	DATA	Keypress:t held
264.0961	DATA	Keypress: t
264.5180	DATA	Keypress: t
264.8551	DATA	Keypress:t held
264.9909	DATA	Keypress: t
265.4974	DATA	Keypress: t
265.8682	DATA	Keypress:t held
266.1742	DATA	Keypress: t
266.7298	DATA	Keypress: t
266.8812	DATA	Keypress:t held
267.2197	DATA	Keypress: t
267.7433	DATA	Keypress: t
267.8943	DATA	Keypress:t held
267.8943	DATA	earn t
269.4654	DATA	Keypress: t
269.8878	DATA	Keypress: t
270.0568	DATA	Keypress:t held
270.3448	DATA	Keypress: t
270.8343	DATA	Keypress: t
271.0870	DATA	Keypress:t held
271.3916	DATA	Keypress: t
272.1001	DATA	Keypress:t held
272.2877	DATA	Keypress: v
272.8943	DATA	Keypress: v
273.1132	DATA	Keypress:v held
273.2658	DATA	Keypress: v
273.6374	DATA	Keypress: v
273.9756	DATA	Keypress: v
274.1262	DATA	Keypress:v held
274.3803	DATA	Keypress: v
274.7855	DATA	Keypress: v
275.1393	DATA	Keypress:v held
275.2244	DATA	Keypress: v
275.6477	DATA	Keypress: v
276.1195	DATA	Keypress: v
276.1524	DATA	Keypress:v held
276.5757	DATA	Keypress: v
277.0648	DATA	Keypress: v
277.1654	DATA	Keypress:v held
277.1655	DATA	earn v
277.4872	DATA	Keypress: v
278.9390	DATA	Keypress: t
279.3266	DATA	Keypress:t held
279.3442	DATA	Keypress: t
279.7834	DATA	Keypress: t
280.2069	DATA	Keypress: t
280.3413	DATA	Keypress:t held
281.5914	DATA	Keypress: v
281.6245	DATA	Keypress:v held
282.0980	DATA	Keypress: v
282.4863	DATA	Keypress: v
282.6376	DATA	Keypress:v held
282.8578	DATA	Keypress: v
283.2123	DATA	Keypress: v
283.5329	DATA	Keypress: v
283.6506	DATA	Keypress:v held
283.8874	DATA	Keypress: v
284.2758	DATA	Keypress: v
284.6637	DATA	Keypress:v held
284.6812	DATA	Keypress: v
285.0864	DATA	Keypress: v
285.6767	DATA	Keypress:v held
285.6768	DATA	earn v
285.9475	DATA	Keypress: t
287.1126	DATA	Keypress: t
287.5178	DATA	Keypress: t
287.8379	DATA	Keypress:t held
287.8554	DATA	Keypress: t
288.2609	DATA	Keypress: t
288.6335	DATA	Keypress: t
288.8510	DATA	Keypress:t held
289.5452	DATA	Keypress: t
289.8646	DATA	Keypress:t held
289.9668	DATA	Keypress: t
290.3391	DATA	Keypress: t
290.7612	DATA	Keypress: t
290.8787	DATA	Keypress:t held
291.2002	DATA	Keypress: t
291.6053	DATA	Keypress: t
291.8917	DATA	Keypress:t held
292.0275	DATA	Keypress: t
292.3988	DATA	Keypress: t
292.8042	DATA	Keypress: t
292.9048	DATA	Keypress:t held
293.2599	DATA	Keypress: t
293.7306	DATA	Keypress: t
294.0743	DATA	start rating L
297.3561	DATA	Keypress: v
301.9492	DATA	Keypress: return
301.9496	DATA	RatingScale rateL_scale: (key response) rating=5
301.9497	DATA	RatingScale rateL_scale: rating RT=7.875
301.9501	DATA	5.0
301.9502	DATA	end rating L
302.0685	DATA	start rating R
303.6060	DATA	Keypress: t
306.3748	DATA	Keypress: return
306.3751	DATA	RatingScale rateR_scale: (key response) rating=3
306.3752	DATA	RatingScale rateR_scale: rating RT=4.307
306.3757	DATA	3.0
306.3767	DATA	end rating R
309.3356	DATA	Keypress: t
309.3687	DATA	Keypress:t held
309.6901	DATA	Keypress: t
310.0796	DATA	Keypress: t
310.3832	DATA	Keypress:t held
310.4517	DATA	Keypress: t
310.7893	DATA	Keypress: t
311.2448	DATA	Keypress: t
311.3964	DATA	Keypress:t held
311.8023	DATA	Keypress: t
312.3256	DATA	Keypress: t
312.4094	DATA	Keypress:t held
312.8323	DATA	Keypress: t
313.3894	DATA	Keypress: t
313.4225	DATA	Keypress:t held
313.9128	DATA	Keypress: t
314.4195	DATA	Keypress: t
314.4525	DATA	Keypress:t held
314.9932	DATA	Keypress: t
315.4655	DATA	Keypress:t held
315.5168	DATA	Keypress: t
316.0234	DATA	Keypress: t
316.4786	DATA	Keypress:t held
316.5300	DATA	Keypress: t
317.0027	DATA	Keypress: t
317.4916	DATA	Keypress:t held
317.5093	DATA	Keypress: t
318.0157	DATA	Keypress: t
318.4884	DATA	Keypress: t
318.5215	DATA	Keypress:t held
319.0288	DATA	Keypress: t
319.5016	DATA	Keypress: t
319.5346	DATA	Keypress:t held
320.0926	DATA	Keypress: t
320.5477	DATA	Keypress:t held
321.0887	DATA	Keypress: v
321.5608	DATA	Keypress:v held
321.7472	DATA	Keypress: v
322.3044	DATA	Keypress: v
322.5738	DATA	Keypress:v held
322.8275	DATA	Keypress: v
323.3851	DATA	Keypress: v
323.5869	DATA	Keypress:v held
323.9251	DATA	Keypress: v
324.4486	DATA	Keypress: v
324.6000	DATA	Keypress:v held
324.9552	DATA	Keypress: v
325.4449	DATA	Keypress: v
325.6130	DATA	Keypress:v held
325.9682	DATA	Keypress: v
326.5101	DATA	Keypress: v
326.6261	DATA	Keypress:v held
326.6261	DATA	earn v
328.4167	DATA	Keypress: t
328.8379	DATA	Keypress:t held
328.9231	DATA	Keypress: t
329.3619	DATA	Keypress: t
329.7841	DATA	Keypress: t
329.8514	DATA	Keypress:t held
330.1910	DATA	Keypress: t
330.5792	DATA	Keypress: t
330.8655	DATA	Keypress:t held
330.9507	DATA	Keypress: t
331.3052	DATA	Keypress: t
331.6768	DATA	Keypress: t
331.8787	DATA	Keypress:t held
332.0313	DATA	Keypress: t
332.4028	DATA	Keypress: t
332.8080	DATA	Keypress: t
332.8918	DATA	Keypress:t held
333.1964	DATA	Keypress: t
333.9048	DATA	Keypress:t held
333.9900	DATA	Keypress: t
334.3782	DATA	Keypress: t
334.7498	DATA	Keypress: t
334.9179	DATA	Keypress:t held
335.1212	DATA	Keypress: t
335.4758	DATA	Keypress: t
335.8315	DATA	Keypress: t
335.9310	DATA	Keypress:t held
335.9310	DATA	earn t
336.2188	DATA	Keypress: t
337.3667	DATA	Keypress: v
337.7889	DATA	Keypress: v
338.1259	DATA	Keypress:v held
338.1260	DATA	earn v
338.2366	DATA	Keypress: v
338.5655	DATA	Keypress: v
339.3236	DATA	Keypress: t
339.6634	DATA	Keypress: t
340.0187	DATA	Keypress: t
340.3393	DATA	Keypress:t held
340.3394	DATA	earn t
341.5377	DATA	Keypress: v
341.8088	DATA	Keypress: v
342.1299	DATA	Keypress: v
342.4842	DATA	Keypress: v
342.5512	DATA	Keypress:v held
342.8556	DATA	Keypress: v
343.1610	DATA	Keypress: v
343.5643	DATA	Keypress:v held
343.8182	DATA	Keypress: t
344.1559	DATA	Keypress: t
344.4767	DATA	Keypress: t
344.5773	DATA	Keypress:t held
344.8144	DATA	Keypress: t
345.1521	DATA	Keypress: t
345.5904	DATA	Keypress:t held
345.7940	DATA	Keypress: t
346.4353	DATA	Keypress: t
346.6035	DATA	Keypress:t held
346.8743	DATA	Keypress: t
347.2120	DATA	Keypress: t
347.5497	DATA	Keypress: t
347.6165	DATA	Keypress:t held
347.8705	DATA	Keypress: t
348.5135	DATA	Keypress: t
348.6295	DATA	Keypress:t held
348.8666	DATA	Keypress: t
349.2381	DATA	Keypress: t
349.5927	DATA	Keypress: t
349.6427	DATA	Keypress:t held
349.9650	DATA	Keypress: t
350.5566	DATA	Keypress: v
350.6573	DATA	Keypress:v held
350.9280	DATA	Keypress: v
351.2153	DATA	Keypress: v
351.5189	DATA	Keypress: v
351.6703	DATA	Keypress:v held
351.7892	DATA	Keypress: v
352.0931	DATA	Keypress: v
352.3970	DATA	Keypress: v
352.6834	DATA	Keypress:v held
352.6835	DATA	earn v
352.8057	DATA	Keypress: v
352.9544	DATA	Keypress: v
355.0985	DATA	Keypress: v
355.1317	DATA	Keypress:v held
355.4531	DATA	Keypress: v
355.7570	DATA	Keypress: v
356.0612	DATA	Keypress: v
356.1446	DATA	Keypress:v held
356.1446	DATA	earn v
356.3817	DATA	Keypress: v
356.8380	DATA	Keypress: v
357.6479	DATA	Keypress: t
358.0194	DATA	Keypress: t
358.3735	DATA	Keypress:t held
358.3742	DATA	Keypress: t
358.7457	DATA	Keypress: t
359.0662	DATA	Keypress: t
359.3865	DATA	Keypress:t held
359.4209	DATA	Keypress: t
359.7758	DATA	Keypress: t
360.1653	DATA	Keypress: t
360.4011	DATA	Keypress:t held
360.5538	DATA	Keypress: t
360.9081	DATA	Keypress: t
361.2460	DATA	Keypress: t
361.4142	DATA	Keypress:t held
361.6514	DATA	Keypress: t
362.1580	DATA	Keypress: t
362.4273	DATA	Keypress:t held
362.5461	DATA	Keypress: t
362.8840	DATA	Keypress: t
363.2552	DATA	Keypress: t
363.4403	DATA	Keypress:t held
364.0151	DATA	Keypress: t
364.3878	DATA	Keypress: t
364.4534	DATA	Keypress:t held
364.7580	DATA	Keypress: t
365.1125	DATA	Keypress: t
365.4665	DATA	Keypress:t held
365.4842	DATA	Keypress: t
365.8555	DATA	Keypress: t
366.2102	DATA	Keypress: t
366.8589	DATA	start rating L
366.8672	DATA	Keypress: t
366.9634	DATA	Keypress: t
369.7660	DATA	Keypress: v
373.6851	DATA	Keypress: return
373.6855	DATA	RatingScale rateL_scale: (key response) rating=3
373.6856	DATA	RatingScale rateL_scale: rating RT=6.827
373.6860	DATA	3.0
373.6861	DATA	end rating L
373.7940	DATA	start rating R
374.5801	DATA	Keypress: v
379.1049	DATA	Keypress: return
379.1053	DATA	RatingScale rateR_scale: (key response) rating=5
379.1054	DATA	RatingScale rateR_scale: rating RT=5.311
379.1058	DATA	5.0
379.1068	DATA	end rating R
380.4113	DATA	Keypress: t
380.4445	DATA	Keypress:t held
380.7153	DATA	Keypress: t
381.0194	DATA	Keypress: t
381.3233	DATA	Keypress: t
381.4576	DATA	Keypress:t held
381.6271	DATA	Keypress: t
381.9308	DATA	Keypress: t
382.2518	DATA	Keypress: t
382.4706	DATA	Keypress:t held
382.5558	DATA	Keypress: t
382.8764	DATA	Keypress: t
383.1816	DATA	Keypress: t
383.4837	DATA	Keypress:t held
383.4844	DATA	Keypress: t
383.7713	DATA	Keypress: t
384.0415	DATA	Keypress: t
384.3285	DATA	Keypress: t
384.4967	DATA	Keypress:t held
384.5989	DATA	Keypress: t
384.8521	DATA	Keypress: t
385.1052	DATA	Keypress: t
385.3585	DATA	Keypress: t
385.5098	DATA	Keypress:t held
385.6118	DATA	Keypress: t
385.8481	DATA	Keypress: t
386.0847	DATA	Keypress: t
386.3378	DATA	Keypress: t
386.5229	DATA	Keypress:t held
386.6080	DATA	Keypress: t
386.8950	DATA	Keypress: t
387.1988	DATA	Keypress: t
387.4858	DATA	Keypress: t
387.5359	DATA	Keypress:t held
387.7742	DATA	Keypress: t
388.1108	DATA	Keypress: t
388.4653	DATA	Keypress: t
388.5490	DATA	Keypress:t held
388.5490	DATA	earn t
388.8200	DATA	Keypress: t
390.3747	DATA	Keypress: v
390.7124	DATA	Keypress: v
390.7962	DATA	Keypress:v held
390.7962	DATA	earn v
391.0336	DATA	Keypress: v
392.4853	DATA	Keypress: v
392.7892	DATA	Keypress: v
393.0587	DATA	Keypress:v held
393.1101	DATA	Keypress: v
393.4140	DATA	Keypress: v
393.7346	DATA	Keypress: v
394.0387	DATA	Keypress: v
394.0718	DATA	Keypress:v held
394.3426	DATA	Keypress: v
394.6466	DATA	Keypress: v
394.9504	DATA	Keypress: v
395.0848	DATA	Keypress:v held
395.2557	DATA	Keypress: v
395.5596	DATA	Keypress: v
395.8623	DATA	Keypress: v
396.0979	DATA	Keypress:v held
396.1675	DATA	Keypress: v
396.4869	DATA	Keypress: v
396.7910	DATA	Keypress: v
397.1109	DATA	Keypress:v held
397.1117	DATA	Keypress: v
397.4325	DATA	Keypress: v
397.7701	DATA	Keypress: v
398.0911	DATA	Keypress: v
398.1240	DATA	Keypress:v held
398.4117	DATA	Keypress: v
398.7325	DATA	Keypress: v
399.0027	DATA	Keypress: v
399.1371	DATA	Keypress:v held
399.3236	DATA	Keypress: v
399.6780	DATA	Keypress: v
400.1355	DATA	Keypress: v
400.1686	DATA	Keypress:v held
400.5745	DATA	Keypress: v
401.0640	DATA	Keypress: v
401.1816	DATA	Keypress:v held
401.5208	DATA	Keypress: v
402.0095	DATA	Keypress: v
402.1947	DATA	Keypress:v held
402.4826	DATA	Keypress: v
402.9722	DATA	Keypress: v
403.2078	DATA	Keypress:v held
403.4280	DATA	Keypress: v
404.0694	DATA	Keypress: t
404.2208	DATA	Keypress:t held
404.5085	DATA	Keypress: t
404.9644	DATA	Keypress: t
405.2339	DATA	Keypress:t held
405.2340	DATA	earn t
405.3699	DATA	Keypress: t
406.9399	DATA	Keypress: t
407.3115	DATA	Keypress: t
407.4795	DATA	Keypress:t held
407.6659	DATA	Keypress: t
407.9867	DATA	Keypress: t
408.3413	DATA	Keypress: t
408.4926	DATA	Keypress:t held
408.4927	DATA	earn t
408.6455	DATA	Keypress: t
410.2677	DATA	Keypress: t
410.5718	DATA	Keypress: t
410.7567	DATA	Keypress:t held
411.5170	DATA	Keypress: t
411.7697	DATA	Keypress:t held
411.8550	DATA	Keypress: t
412.1757	DATA	Keypress: t
412.4964	DATA	Keypress: t
412.7828	DATA	Keypress:t held
412.7828	DATA	earn t
412.8747	DATA	Keypress: t
413.1719	DATA	Keypress: t
414.6239	DATA	Keypress: v
414.9446	DATA	Keypress: v
415.0453	DATA	Keypress:v held
415.2653	DATA	Keypress: v
415.5356	DATA	Keypress: v
415.8225	DATA	Keypress: v
416.0584	DATA	Keypress:v held
416.0584	DATA	earn v
416.1726	DATA	Keypress: v
417.7138	DATA	Keypress: v
418.0183	DATA	Keypress: v
418.3045	DATA	Keypress: v
418.3209	DATA	Keypress:v held
418.6086	DATA	Keypress: v
418.8956	DATA	Keypress: v
419.1828	DATA	Keypress: v
419.3340	DATA	Keypress:v held
419.4866	DATA	Keypress: v
419.7907	DATA	Keypress: v
420.0620	DATA	Keypress: v
420.3486	DATA	Keypress:v held
420.3486	DATA	earn v
420.3493	DATA	Keypress: v
422.3248	DATA	Keypress: t
422.6617	DATA	Keypress:t held
422.6625	DATA	Keypress: t
422.9327	DATA	Keypress: t
423.2196	DATA	Keypress: t
423.5236	DATA	Keypress: t
423.6748	DATA	Keypress:t held
423.8443	DATA	Keypress: t
424.1482	DATA	Keypress: t
424.4689	DATA	Keypress: t
424.6879	DATA	Keypress:t held
424.7729	DATA	Keypress: t
425.1275	DATA	Keypress: t
425.7009	DATA	Keypress:t held
425.7010	DATA	earn t
425.8070	DATA	Keypress: t
427.7615	DATA	Keypress: v
427.9803	DATA	Keypress:v held
428.0487	DATA	Keypress: v
428.3525	DATA	Keypress: v
428.6733	DATA	Keypress: v
428.9602	DATA	Keypress: v
428.9934	DATA	Keypress:v held
429.2812	DATA	Keypress: v
430.0075	DATA	Keypress:v held
430.0080	DATA	Keypress: v
430.3465	DATA	Keypress: v
430.6671	DATA	Keypress: v
430.9204	DATA	Keypress: v
431.0211	DATA	Keypress:v held
431.0211	DATA	earn v
431.2414	DATA	Keypress: v
432.6259	DATA	Keypress: v
432.9128	DATA	Keypress: v
433.1831	DATA	Keypress: v
433.3174	DATA	Keypress:v held
433.4374	DATA	Keypress: v
433.7232	DATA	Keypress: v
434.0104	DATA	Keypress: v
434.2974	DATA	Keypress: v
434.3304	DATA	Keypress:v held
434.5843	DATA	Keypress: v
434.9051	DATA	Keypress: v
435.1753	DATA	Keypress: v
435.3435	DATA	Keypress:v held
435.4455	DATA	Keypress: v
436.0027	DATA	Keypress: t
436.3403	DATA	Keypress: t
436.3735	DATA	Keypress:t held
436.3736	DATA	earn t
436.6445	DATA	Keypress: t
437.1341	DATA	Keypress: t
437.6519	DATA	Keypress: t
438.6529	DATA	Keypress:t held
438.6530	DATA	earn t
438.8563	DATA	Keypress: t
439.9470	DATA	Keypress: t
440.4540	DATA	start rating L
440.4621	DATA	Keypress: t
442.0234	DATA	Keypress: v
442.2943	DATA	Keypress: v
442.5645	DATA	Keypress: v
448.1327	DATA	Keypress: return
448.1330	DATA	RatingScale rateL_scale: (key response) rating=6
448.1331	DATA	RatingScale rateL_scale: rating RT=7.679
448.1335	DATA	6.0
448.1335	DATA	end rating L
448.2480	DATA	start rating R
449.6052	DATA	Keypress: t
452.0725	DATA	Keypress: return
452.0728	DATA	RatingScale rateR_scale: (key response) rating=3
452.0729	DATA	RatingScale rateR_scale: rating RT=3.825
452.0734	DATA	3.0
452.0744	DATA	end rating R
453.8174	DATA	Keypress: t
453.8504	DATA	Keypress:t held
454.1041	DATA	Keypress: t
454.3069	DATA	Keypress: t
454.5265	DATA	Keypress: t
454.7290	DATA	Keypress: t
454.8633	DATA	Keypress:t held
454.8980	DATA	Keypress: t
455.0836	DATA	Keypress: t
455.2354	DATA	Keypress: t
455.3705	DATA	Keypress: t
455.5225	DATA	Keypress: t
455.6747	DATA	Keypress: t
455.8095	DATA	Keypress: t
455.8765	DATA	Keypress:t held
455.9616	DATA	Keypress: t
456.1134	DATA	Keypress: t
456.2486	DATA	Keypress: t
456.3837	DATA	Keypress: t
456.5354	DATA	Keypress: t
456.6709	DATA	Keypress: t
456.8227	DATA	Keypress: t
456.8895	DATA	Keypress:t held
456.9747	DATA	Keypress: t
457.1110	DATA	Keypress: t
457.2617	DATA	Keypress: t
457.4138	DATA	Keypress: t
457.5654	DATA	Keypress: t
457.7344	DATA	Keypress: t
457.9025	DATA	Keypress:t held
457.9036	DATA	Keypress: t
458.0721	DATA	Keypress: t
458.2240	DATA	Keypress: t
458.3930	DATA	Keypress: t
458.5617	DATA	Keypress: t
458.7306	DATA	Keypress: t
458.8994	DATA	Keypress: t
458.9326	DATA	Keypress:t held
458.9327	DATA	earn t
459.0518	DATA	Keypress: t
459.2037	DATA	Keypress: t
460.2604	DATA	Keypress: v
460.2613	DATA	Keypress: v
460.3362	DATA	Keypress: v
460.5051	DATA	Keypress: v
460.6570	DATA	Keypress: v
460.8089	DATA	Keypress: v
460.9608	DATA	Keypress: v
461.1129	DATA	Keypress: v
461.2641	DATA	Keypress:v held
461.2648	DATA	Keypress: v
461.4337	DATA	Keypress: v
461.5857	DATA	Keypress: v
461.7545	DATA	Keypress: v
461.9064	DATA	Keypress: v
462.0755	DATA	Keypress: v
462.2440	DATA	Keypress: v
462.2773	DATA	Keypress:v held
462.4130	DATA	Keypress: v
462.5649	DATA	Keypress: v
462.7336	DATA	Keypress: v
462.9027	DATA	Keypress: v
463.0546	DATA	Keypress: v
463.2233	DATA	Keypress: v
463.2903	DATA	Keypress:v held
463.2903	DATA	earn v
463.4068	DATA	Keypress: v
463.5445	DATA	Keypress: v
464.6061	DATA	Keypress: v
464.7094	DATA	Keypress: v
464.9119	DATA	Keypress: v
465.0637	DATA	Keypress: v
465.4017	DATA	Keypress: v
465.5703	DATA	Keypress: v
465.6204	DATA	Keypress:v held
465.7561	DATA	Keypress: v
465.9082	DATA	Keypress: v
466.0937	DATA	Keypress: v
466.2627	DATA	Keypress: v
466.4147	DATA	Keypress: v
466.5847	DATA	Keypress: v
466.6334	DATA	Keypress:v held
466.7524	DATA	Keypress: v
467.3940	DATA	Keypress: t
467.5965	DATA	Keypress: t
467.6465	DATA	Keypress:t held
467.7822	DATA	Keypress: t
467.9510	DATA	Keypress: t
468.1369	DATA	Keypress: t
468.3224	DATA	Keypress: t
468.5081	DATA	Keypress: t
468.6595	DATA	Keypress:t held
468.6771	DATA	Keypress: t
468.8626	DATA	Keypress: t
469.0329	DATA	Keypress: t
469.6726	DATA	Keypress:t held
469.7747	DATA	Keypress: t
470.0459	DATA	Keypress: t
470.5541	DATA	Keypress: t
470.6872	DATA	Keypress:t held
470.7893	DATA	Keypress: t
471.0931	DATA	Keypress: t
471.3296	DATA	Keypress: t
471.6333	DATA	Keypress: t
471.7003	DATA	Keypress:t held
471.8697	DATA	Keypress: t
472.2244	DATA	Keypress: t
472.5453	DATA	Keypress: t
472.7134	DATA	Keypress:t held
472.7134	DATA	earn t
474.4362	DATA	Keypress: v
474.6907	DATA	Keypress: v
474.9763	DATA	Keypress: v
475.0434	DATA	Keypress:v held
475.0434	DATA	earn v
475.1963	DATA	Keypress: v
475.4663	DATA	Keypress: v
476.7830	DATA	Keypress: v
477.0194	DATA	Keypress: v
477.2897	DATA	Keypress: v
477.3903	DATA	Keypress:v held
477.5261	DATA	Keypress: v
477.7794	DATA	Keypress: v
478.0495	DATA	Keypress: v
478.2859	DATA	Keypress: v
478.4034	DATA	Keypress:v held
478.5066	DATA	Keypress: v
478.7754	DATA	Keypress: v
479.0288	DATA	Keypress: v
479.3327	DATA	Keypress: v
479.4164	DATA	Keypress:v held
479.6196	DATA	Keypress: v
479.9413	DATA	Keypress: v
480.2462	DATA	Keypress: v
480.4311	DATA	Keypress:v held
480.4311	DATA	earn v
480.5670	DATA	Keypress: v
482.6943	DATA	Keypress: t
482.8118	DATA	Keypress:t held
482.9645	DATA	Keypress: t
483.3191	DATA	Keypress: t
483.6060	DATA	Keypress: t
483.8249	DATA	Keypress:t held
483.9270	DATA	Keypress: t
484.2476	DATA	Keypress: t
484.6022	DATA	Keypress: t
484.8379	DATA	Keypress:t held
484.8554	DATA	Keypress: t
485.1762	DATA	Keypress: t
485.4971	DATA	Keypress: t
485.8180	DATA	Keypress: t
485.8510	DATA	Keypress:t held
486.1557	DATA	Keypress: t
486.4763	DATA	Keypress: t
486.8640	DATA	Keypress:t held
486.9663	DATA	Keypress: t
487.3881	DATA	Keypress: t
487.8771	DATA	Keypress:t held
488.0297	DATA	Keypress: t
488.4688	DATA	Keypress: t
488.8902	DATA	Keypress:t held
488.9752	DATA	Keypress: t
489.6844	DATA	Keypress: v
489.9038	DATA	Keypress:v held
490.0741	DATA	Keypress: v
490.3951	DATA	Keypress: v
490.7161	DATA	Keypress: v
490.9179	DATA	Keypress:v held
491.0211	DATA	Keypress: v
491.3238	DATA	Keypress: v
491.6108	DATA	Keypress: v
491.9309	DATA	Keypress:v held
491.9316	DATA	Keypress: v
492.2524	DATA	Keypress: v
492.5396	DATA	Keypress: v
492.8266	DATA	Keypress: v
492.9440	DATA	Keypress:v held
493.1304	DATA	Keypress: v
493.4512	DATA	Keypress: v
493.7551	DATA	Keypress: v
493.9570	DATA	Keypress:v held
494.0590	DATA	Keypress: v
494.3461	DATA	Keypress: v
494.6667	DATA	Keypress: v
494.9540	DATA	Keypress: v
494.9870	DATA	Keypress:v held
495.2579	DATA	Keypress: v
496.0001	DATA	Keypress:v held
496.8615	DATA	Keypress: t
497.0300	DATA	Keypress:t held
497.2671	DATA	Keypress: t
497.9593	DATA	Keypress: t
498.0431	DATA	Keypress:t held
498.2801	DATA	Keypress: t
498.6347	DATA	Keypress: t
498.9725	DATA	Keypress: t
499.0561	DATA	Keypress:t held
499.3102	DATA	Keypress: t
499.7492	DATA	Keypress: t
500.0692	DATA	Keypress:t held
500.3232	DATA	Keypress: v
500.6776	DATA	Keypress: v
501.0661	DATA	Keypress: v
501.0992	DATA	Keypress:v held
501.4037	DATA	Keypress: v
501.7414	DATA	Keypress: v
502.0791	DATA	Keypress: v
502.1123	DATA	Keypress:v held
502.1123	DATA	earn v
502.4677	DATA	Keypress: v
504.0713	DATA	Keypress: v
504.4427	DATA	Keypress: v
504.4592	DATA	Keypress:v held
504.7807	DATA	Keypress: v
505.0847	DATA	Keypress: v
505.4222	DATA	Keypress: v
505.4722	DATA	Keypress:v held
505.7767	DATA	Keypress: v
506.1481	DATA	Keypress: v
506.4691	DATA	Keypress: v
506.5022	DATA	Keypress:v held
506.7899	DATA	Keypress: v
507.0940	DATA	Keypress: v
507.4315	DATA	Keypress: v
507.5152	DATA	Keypress:v held
507.5152	DATA	earn v
507.7694	DATA	Keypress: v
509.2213	DATA	Keypress: t
509.7784	DATA	Keypress: t
509.8625	DATA	Keypress:t held
510.1005	DATA	Keypress: t
510.6075	DATA	Keypress: t
510.8768	DATA	Keypress:t held
510.9617	DATA	Keypress: t
511.5361	DATA	Keypress: t
511.8898	DATA	Keypress:t held
511.8905	DATA	Keypress: t
512.6581	DATA	start rating L
512.6665	DATA	Keypress: t
512.6674	DATA	Keypress: t
515.0082	DATA	Keypress: v
516.2909	DATA	Keypress: v
518.0093	DATA	Keypress: return
518.0096	DATA	RatingScale rateL_scale: (key response) rating=4
518.0097	DATA	RatingScale rateL_scale: rating RT=5.352
518.0101	DATA	4.0
518.0101	DATA	end rating L
518.1277	DATA	start rating R
519.7510	DATA	Keypress: v
521.2731	DATA	Keypress: return
521.2734	DATA	RatingScale rateR_scale: (key response) rating=5
521.2735	DATA	RatingScale rateR_scale: rating RT=3.146
521.2740	DATA	5.0
521.2750	DATA	end rating R
523.0696	DATA	Keypress: t
523.1027	DATA	Keypress:t held
523.3229	DATA	Keypress: t
523.5592	DATA	Keypress: t
523.7956	DATA	Keypress: t
524.0150	DATA	Keypress: t
524.1158	DATA	Keypress:t held
524.2515	DATA	Keypress: t
524.4541	DATA	Keypress: t
524.6570	DATA	Keypress: t
524.8591	DATA	Keypress: t
525.0619	DATA	Keypress: t
525.1288	DATA	Keypress:t held
525.2488	DATA	Keypress: t
525.4165	DATA	Keypress: t
525.6022	DATA	Keypress: t
525.7879	DATA	Keypress: t
525.9568	DATA	Keypress: t
526.1088	DATA	Keypress: t
526.1418	DATA	Keypress:t held
526.2607	DATA	Keypress: t
526.4128	DATA	Keypress: t
526.5646	DATA	Keypress: t
526.6997	DATA	Keypress: t
526.8515	DATA	Keypress: t
526.9867	DATA	Keypress: t
527.1218	DATA	Keypress: t
527.1549	DATA	Keypress:t held
527.2738	DATA	Keypress: t
527.4090	DATA	Keypress: t
527.5608	DATA	Keypress: t
527.6965	DATA	Keypress: t
527.8478	DATA	Keypress: t
527.9998	DATA	Keypress: t
528.1517	DATA	Keypress: t
528.1849	DATA	Keypress:t held
528.1849	DATA	earn t
528.2834	DATA	Keypress: t
528.4389	DATA	Keypress: t
529.9593	DATA	Keypress: v
530.1455	DATA	Keypress: v
530.3314	DATA	Keypress: v
530.5171	DATA	Keypress: v
530.6009	DATA	Keypress:v held
530.7029	DATA	Keypress: v
530.9055	DATA	Keypress: v
531.0910	DATA	Keypress: v
531.2600	DATA	Keypress: v
531.4626	DATA	Keypress: v
531.6140	DATA	Keypress:v held
531.6483	DATA	Keypress: v
531.8342	DATA	Keypress: v
532.0199	DATA	Keypress: v
532.2054	DATA	Keypress: v
532.4082	DATA	Keypress: v
532.5784	DATA	Keypress: v
532.6271	DATA	Keypress:v held
532.7626	DATA	Keypress: v
532.9485	DATA	Keypress: v
533.1511	DATA	Keypress: v
533.3368	DATA	Keypress: v
533.5395	DATA	Keypress: v
533.6401	DATA	Keypress:v held
534.1643	DATA	Keypress: v
534.5526	DATA	Keypress: v
534.6532	DATA	Keypress:v held
534.9408	DATA	Keypress: v
535.2955	DATA	Keypress: v
535.6662	DATA	Keypress:v held
535.6671	DATA	Keypress: v
536.0384	DATA	Keypress: v
536.3941	DATA	Keypress: v
536.6793	DATA	Keypress:v held
536.7813	DATA	Keypress: v
537.1357	DATA	Keypress: v
537.5073	DATA	Keypress: v
537.6923	DATA	Keypress:v held
537.8787	DATA	Keypress: v
538.2840	DATA	Keypress: v
538.6892	DATA	Keypress: v
538.7223	DATA	Keypress:v held
539.1450	DATA	Keypress: v
539.4996	DATA	Keypress: v
539.7354	DATA	Keypress:v held
539.8716	DATA	Keypress: v
540.2273	DATA	Keypress: v
540.5818	DATA	Keypress: v
540.7500	DATA	Keypress:v held
540.9364	DATA	Keypress: v
541.2742	DATA	Keypress: v
541.5961	DATA	Keypress: v
541.7630	DATA	Keypress:v held
541.9495	DATA	Keypress: v
542.3041	DATA	Keypress: v
542.5912	DATA	Keypress: v
542.7761	DATA	Keypress:v held
542.9289	DATA	Keypress: v
543.2158	DATA	Keypress: v
543.7236	DATA	Keypress: t
543.7892	DATA	Keypress:t held
544.0436	DATA	Keypress: t
544.3476	DATA	Keypress: t
544.6509	DATA	Keypress: t
544.8022	DATA	Keypress:t held
544.9547	DATA	Keypress: t
545.2418	DATA	Keypress: t
545.5460	DATA	Keypress: t
545.8153	DATA	Keypress:t held
545.8154	DATA	earn t
545.9164	DATA	Keypress: t
546.1199	DATA	Keypress: t
547.9434	DATA	Keypress: t
548.1960	DATA	Keypress:t held
548.2135	DATA	Keypress: t
548.4836	DATA	Keypress: t
548.7878	DATA	Keypress: t
549.0747	DATA	Keypress: t
549.2091	DATA	Keypress:t held
549.3450	DATA	Keypress: t
549.6319	DATA	Keypress: t
549.9026	DATA	Keypress: t
550.1903	DATA	Keypress: t
550.2237	DATA	Keypress:t held
550.4613	DATA	Keypress: t
550.7644	DATA	Keypress: t
551.0686	DATA	Keypress: t
551.2367	DATA	Keypress:t held
551.3387	DATA	Keypress: t
551.6089	DATA	Keypress: t
551.8623	DATA	Keypress: t
552.1335	DATA	Keypress: t
552.2667	DATA	Keypress:t held
552.4192	DATA	Keypress: t
552.6726	DATA	Keypress: t
552.9595	DATA	Keypress: t
553.2798	DATA	Keypress:t held
553.2798	DATA	earn t
553.2805	DATA	Keypress: t
555.2557	DATA	Keypress: t
555.5262	DATA	Keypress: t
555.6773	DATA	Keypress:t held
555.7975	DATA	Keypress: t
556.0832	DATA	Keypress: t
556.3534	DATA	Keypress: t
556.6067	DATA	Keypress: t
556.6904	DATA	Keypress:t held
556.6904	DATA	earn t
556.8616	DATA	Keypress: t
557.4342	DATA	Keypress: t
558.0874	DATA	Keypress: t
558.0882	DATA	Keypress: t
558.3795	DATA	Keypress: t
558.6159	DATA	Keypress: t
558.8523	DATA	Keypress: t
559.0880	DATA	Keypress:t held
559.0881	DATA	earn t
559.0887	DATA	Keypress: t
559.3423	DATA	Keypress: t
561.1823	DATA	Keypress: v
561.4526	DATA	Keypress: v
561.4856	DATA	Keypress:v held
561.7393	DATA	Keypress: v
562.0097	DATA	Keypress: v
562.2463	DATA	Keypress: v
562.4986	DATA	Keypress:v held
562.5669	DATA	Keypress: v
562.8538	DATA	Keypress: v
563.1242	DATA	Keypress: v
563.4111	DATA	Keypress: v
563.5117	DATA	Keypress:v held
563.6643	DATA	Keypress: v
563.9345	DATA	Keypress: v
564.2053	DATA	Keypress: v
564.4748	DATA	Keypress: v
564.5248	DATA	Keypress:v held
564.7281	DATA	Keypress: v
565.0152	DATA	Keypress: v
565.2695	DATA	Keypress: v
565.5216	DATA	Keypress: v
565.5547	DATA	Keypress:v held
565.7749	DATA	Keypress: v
566.0450	DATA	Keypress: v
566.3492	DATA	Keypress: v
566.5678	DATA	Keypress:v held
566.6531	DATA	Keypress: v
566.9906	DATA	Keypress: v
567.3281	DATA	Keypress: v
567.5809	DATA	Keypress:v held
567.6658	DATA	Keypress: v
568.0205	DATA	Keypress: v
568.3751	DATA	Keypress: v
568.5939	DATA	Keypress:v held
568.7296	DATA	Keypress: v
569.0673	DATA	Keypress: v
569.4220	DATA	Keypress: v
569.6070	DATA	Keypress:v held
569.7935	DATA	Keypress: v
570.2002	DATA	Keypress: v
570.6216	DATA	Keypress:v held
570.6223	DATA	Keypress: v
570.9939	DATA	Keypress: v
571.3821	DATA	Keypress: v
571.6347	DATA	Keypress:v held
571.7704	DATA	Keypress: v
572.1924	DATA	Keypress: v
572.5641	DATA	Keypress: v
572.6477	DATA	Keypress:v held
572.6478	DATA	earn v
573.0032	DATA	Keypress: v
575.1472	DATA	Keypress: t
575.1805	DATA	Keypress:t held
575.5526	DATA	Keypress: t
576.1935	DATA	Keypress:t held
576.1942	DATA	Keypress: t
576.5151	DATA	Keypress: t
576.8526	DATA	Keypress: t
577.1904	DATA	Keypress: t
577.2234	DATA	Keypress:t held
577.5280	DATA	Keypress: t
577.8321	DATA	Keypress: t
578.1527	DATA	Keypress: t
578.2365	DATA	Keypress:t held
578.4566	DATA	Keypress: t
578.7604	DATA	Keypress: t
579.2495	DATA	Keypress:t held
579.3515	DATA	Keypress: t
579.6725	DATA	Keypress: t
580.0110	DATA	Keypress: t
580.2642	DATA	Keypress:t held
580.3494	DATA	Keypress: t
580.6702	DATA	Keypress: t
580.9908	DATA	Keypress: t
581.2772	DATA	Keypress:t held
581.3363	DATA	Keypress: t
581.9072	DATA	start rating L
584.1421	DATA	Keypress: v
584.3782	DATA	Keypress: v
586.9106	DATA	Keypress: return
586.9109	DATA	RatingScale rateL_scale: (key response) rating=6
586.9110	DATA	RatingScale rateL_scale: rating RT=5.004
586.9115	DATA	6.0
586.9115	DATA	end rating L
587.0219	DATA	start rating R
588.4485	DATA	Keypress: t
591.7919	DATA	Keypress: return
591.7922	DATA	RatingScale rateR_scale: (key response) rating=3
591.7923	DATA	RatingScale rateR_scale: rating RT=4.770
591.7928	DATA	3.0
591.7938	DATA	end rating R
