8.4896	DATA	version A
63.3059	DATA	Keypress: space
66.6471	DATA	Keypress: t
66.6631	DATA	Keypress:t held
67.7997	DATA	Keypress: t
67.8160	DATA	Keypress:t held
68.3347	DATA	Keypress: t
68.7522	DATA	Keypress: t
68.8185	DATA	Keypress:t held
69.1700	DATA	Keypress: t
69.5379	DATA	Keypress: t
69.8222	DATA	Keypress:t held
70.2241	DATA	Keypress: v
70.3244	DATA	Keypress: v
70.7420	DATA	Keypress: v
70.8415	DATA	Keypress:v held
70.9091	DATA	Keypress: v
71.1596	DATA	Keypress: v
71.8440	DATA	Keypress:v held
72.0785	DATA	Keypress: v
72.6633	DATA	Keypress: t
72.8463	DATA	Keypress:t held
73.3483	DATA	Keypress: t
73.8655	DATA	Keypress:t held
73.9999	DATA	Keypress: t
74.6514	DATA	Keypress: t
74.8679	DATA	Keypress:t held
75.5868	DATA	Keypress: v
75.8870	DATA	Keypress:v held
75.9211	DATA	Keypress: v
76.0213	DATA	Keypress: v
76.2219	DATA	Keypress: v
76.4559	DATA	Keypress: v
76.8894	DATA	Keypress:v held
77.4916	DATA	Keypress: v
77.8592	DATA	Keypress: v
77.8918	DATA	Keypress:v held
78.2432	DATA	Keypress: v
78.5441	DATA	Keypress: v
78.8784	DATA	Keypress: v
78.9109	DATA	Keypress:v held
79.2458	DATA	Keypress: v
79.6641	DATA	Keypress: v
79.9150	DATA	Keypress:v held
80.0661	DATA	Keypress: v
80.8178	DATA	Keypress: t
80.9174	DATA	Keypress:t held
80.9174	DATA	earn t
81.3025	DATA	Keypress: t
84.9457	DATA	Keypress: t
84.9618	DATA	Keypress:t held
85.4806	DATA	Keypress: t
85.8816	DATA	Keypress: t
85.9811	DATA	Keypress:t held
85.9812	DATA	earn t
86.1657	DATA	Keypress: t
86.4662	DATA	Keypress: t
88.3709	DATA	Keypress: v
88.3869	DATA	Keypress:v held
88.7886	DATA	Keypress: v
89.1060	DATA	Keypress: v
89.3733	DATA	Keypress: v
89.4060	DATA	Keypress:v held
89.6239	DATA	Keypress: v
89.8910	DATA	Keypress: v
90.4085	DATA	Keypress:v held
90.4427	DATA	Keypress: t
90.7433	DATA	Keypress: t
91.0106	DATA	Keypress: t
91.2779	DATA	Keypress: t
91.4108	DATA	Keypress:t held
91.5451	DATA	Keypress: t
91.8626	DATA	Keypress: t
92.1968	DATA	Keypress: t
92.4300	DATA	Keypress:t held
92.5309	DATA	Keypress: t
92.8484	DATA	Keypress: t
93.1992	DATA	Keypress: t
93.4324	DATA	Keypress:t held
93.5166	DATA	Keypress: t
94.4188	DATA	Keypress: v
94.4515	DATA	Keypress:v held
94.7196	DATA	Keypress: v
95.0703	DATA	Keypress: v
95.3712	DATA	Keypress: v
95.4706	DATA	Keypress:v held
95.6718	DATA	Keypress: v
96.0061	DATA	Keypress: v
96.2565	DATA	Keypress: v
96.4730	DATA	Keypress:v held
96.5573	DATA	Keypress: v
96.8578	DATA	Keypress: v
97.1587	DATA	Keypress: v
97.4260	DATA	Keypress: v
97.4921	DATA	Keypress:v held
97.4922	DATA	earn v
97.6935	DATA	Keypress: v
97.9608	DATA	Keypress: v
100.0504	DATA	Keypress: t
100.0666	DATA	Keypress:t held
100.0666	DATA	earn t
100.3682	DATA	Keypress: t
100.6689	DATA	Keypress: t
102.6568	DATA	Keypress: t
102.6895	DATA	Keypress:t held
102.9742	DATA	Keypress: t
103.2414	DATA	Keypress: t
103.5256	DATA	Keypress: t
103.6920	DATA	Keypress:t held
103.7930	DATA	Keypress: t
104.0936	DATA	Keypress: t
104.3609	DATA	Keypress: t
104.6457	DATA	Keypress: t
104.6953	DATA	Keypress:t held
104.8972	DATA	Keypress: t
105.1811	DATA	Keypress: t
105.7151	DATA	Keypress:t held
106.0500	DATA	Keypress: v
106.3173	DATA	Keypress: v
106.6012	DATA	Keypress: v
106.7175	DATA	Keypress:v held
106.8685	DATA	Keypress: v
107.1526	DATA	Keypress: v
107.4533	DATA	Keypress: v
107.7038	DATA	Keypress: v
107.7366	DATA	Keypress:v held
108.5064	DATA	Keypress: v
108.7389	DATA	Keypress:v held
109.1073	DATA	Keypress: v
109.7087	DATA	Keypress: v
109.7414	DATA	Keypress:v held
110.2600	DATA	Keypress: v
110.7439	DATA	Keypress:v held
111.0452	DATA	Keypress: t
111.3461	DATA	Keypress: t
111.6631	DATA	Keypress: t
111.7463	DATA	Keypress:t held
111.9474	DATA	Keypress: t
112.2316	DATA	Keypress: t
112.5322	DATA	Keypress: t
112.7486	DATA	Keypress:t held
112.7487	DATA	earn t
112.8386	DATA	Keypress: t
113.0505	DATA	Keypress: t
114.3867	DATA	Keypress: v
114.6538	DATA	Keypress: v
114.8203	DATA	Keypress:v held
114.8204	DATA	earn v
114.9549	DATA	Keypress: v
115.2556	DATA	Keypress: v
117.0599	DATA	Keypress: t
117.0758	DATA	Keypress:t held
117.0759	DATA	earn t
117.3941	DATA	Keypress: t
120.6533	DATA	Keypress: v
120.6860	DATA	Keypress:v held
120.9875	DATA	Keypress: v
121.2881	DATA	Keypress: v
121.5555	DATA	Keypress: v
121.6884	DATA	Keypress:v held
121.8228	DATA	Keypress: v
122.1235	DATA	Keypress: v
122.4075	DATA	Keypress: v
122.6749	DATA	Keypress: v
122.7075	DATA	Keypress:v held
122.9588	DATA	Keypress: v
123.2093	DATA	Keypress: v
123.6474	DATA	start rating L
123.6691	DATA	Keypress: v
123.7721	DATA	Keypress: v
138.0237	DATA	Keypress: t
138.2567	DATA	Keypress: t
139.0429	DATA	Keypress: v
139.3281	DATA	Keypress: v
139.6620	DATA	Keypress: t
139.8627	DATA	Keypress: t
140.0628	DATA	Keypress: t
140.2639	DATA	Keypress: t
141.7001	DATA	Keypress: v
141.9003	DATA	Keypress: v
145.8107	DATA	Keypress: v
146.3116	DATA	Keypress: v
147.9157	DATA	Keypress: t
148.1489	DATA	Keypress: t
149.9555	DATA	Keypress: v
150.2553	DATA	Keypress: v
150.8408	DATA	Keypress: t
151.1081	DATA	Keypress: t
151.7430	DATA	Keypress: v
152.3610	DATA	Keypress: t
156.3876	DATA	Keypress: v
156.8215	DATA	Keypress: v
157.2728	DATA	Keypress: v
159.7650	DATA	Keypress: return
159.7655	DATA	RatingScale rateL_scale: (key response) rating=7
159.7655	DATA	RatingScale rateL_scale: rating RT=36.118
159.7661	DATA	7.0
159.7661	DATA	end rating L
159.8742	DATA	start rating R
167.6160	DATA	Keypress: t
167.9839	DATA	Keypress: t
170.4740	DATA	Keypress: return
170.4744	DATA	RatingScale rateR_scale: (key response) rating=2
170.4744	DATA	RatingScale rateR_scale: rating RT=10.600
170.4750	DATA	2.0
170.4763	DATA	end rating R
172.5361	DATA	Keypress: v
172.5687	DATA	Keypress:v held
172.9200	DATA	Keypress: v
173.2043	DATA	Keypress: v
173.4716	DATA	Keypress: v
173.5710	DATA	Keypress:v held
173.7222	DATA	Keypress: v
173.9560	DATA	Keypress: v
174.2568	DATA	Keypress: v
174.5242	DATA	Keypress: v
174.5903	DATA	Keypress:v held
174.7413	DATA	Keypress: v
175.0251	DATA	Keypress: v
175.3259	DATA	Keypress: v
175.5927	DATA	Keypress:v held
175.6101	DATA	Keypress: v
175.8608	DATA	Keypress: v
176.1280	DATA	Keypress: v
176.3786	DATA	Keypress: v
176.5951	DATA	Keypress:v held
176.6459	DATA	Keypress: v
176.8965	DATA	Keypress: v
177.6142	DATA	Keypress:v held
177.6143	DATA	earn v
177.7200	DATA	Keypress: t
177.9161	DATA	Keypress: t
179.8886	DATA	Keypress: v
179.9046	DATA	Keypress:v held
180.1893	DATA	Keypress: v
180.8743	DATA	Keypress: t
180.9070	DATA	Keypress:t held
181.1417	DATA	Keypress: t
181.3921	DATA	Keypress: t
181.6595	DATA	Keypress: t
181.9094	DATA	Keypress:t held
181.9268	DATA	Keypress: t
182.1777	DATA	Keypress: t
182.4456	DATA	Keypress: t
182.7455	DATA	Keypress: t
182.9118	DATA	Keypress:t held
183.0134	DATA	Keypress: t
183.2633	DATA	Keypress: t
183.9141	DATA	Keypress:t held
184.1656	DATA	Keypress: v
184.4329	DATA	Keypress: v
184.6668	DATA	Keypress: v
184.9167	DATA	Keypress:v held
184.9175	DATA	Keypress: v
185.1678	DATA	Keypress: v
185.4353	DATA	Keypress: v
185.6694	DATA	Keypress: v
185.9191	DATA	Keypress:v held
185.9198	DATA	Keypress: v
186.1537	DATA	Keypress: v
186.9215	DATA	Keypress:v held
186.9387	DATA	Keypress: v
187.5404	DATA	Keypress: v
187.9239	DATA	Keypress:v held
188.0916	DATA	Keypress: t
188.9262	DATA	Keypress:t held
188.9605	DATA	Keypress: v
189.5287	DATA	Keypress: v
189.9303	DATA	Keypress:v held
189.9304	DATA	earn v
190.0324	DATA	Keypress: v
190.3152	DATA	Keypress: v
192.4199	DATA	Keypress: t
192.4526	DATA	Keypress:t held
192.7545	DATA	Keypress: t
193.0887	DATA	Keypress: t
193.3890	DATA	Keypress: t
193.4554	DATA	Keypress:t held
193.6898	DATA	Keypress: t
193.9754	DATA	Keypress: t
194.2748	DATA	Keypress: t
194.4746	DATA	Keypress:t held
194.4746	DATA	earn t
194.5668	DATA	Keypress: t
194.8095	DATA	Keypress: t
196.5971	DATA	Keypress: v
196.6131	DATA	Keypress:v held
196.8811	DATA	Keypress: v
197.1484	DATA	Keypress: v
197.3990	DATA	Keypress: v
197.6322	DATA	Keypress:v held
197.6663	DATA	Keypress: v
197.9168	DATA	Keypress: v
198.1674	DATA	Keypress: v
198.4348	DATA	Keypress: v
198.6346	DATA	Keypress:v held
198.6854	DATA	Keypress: v
198.9025	DATA	Keypress: v
199.1365	DATA	Keypress: v
199.6545	DATA	Keypress:v held
199.8397	DATA	Keypress: v
200.3923	DATA	Keypress: v
200.6579	DATA	Keypress:v held
201.0093	DATA	Keypress: v
201.5444	DATA	Keypress: v
201.6601	DATA	Keypress:v held
201.6602	DATA	earn v
202.0285	DATA	Keypress: v
203.6654	DATA	Keypress: t
203.7986	DATA	Keypress:t held
203.7986	DATA	earn t
203.9831	DATA	Keypress: t
204.2506	DATA	Keypress: t
205.6036	DATA	Keypress: v
205.8710	DATA	Keypress: v
205.9371	DATA	Keypress:v held
206.1383	DATA	Keypress: v
206.3887	DATA	Keypress: v
206.6225	DATA	Keypress: v
206.8901	DATA	Keypress: v
206.9394	DATA	Keypress:v held
207.1240	DATA	Keypress: v
207.4081	DATA	Keypress: v
207.6420	DATA	Keypress: v
207.9092	DATA	Keypress: v
207.9419	DATA	Keypress:v held
208.1445	DATA	Keypress: v
208.4603	DATA	Keypress: v
208.7110	DATA	Keypress: v
208.9443	DATA	Keypress:v held
208.9783	DATA	Keypress: v
209.2456	DATA	Keypress: v
209.5803	DATA	Keypress: v
209.8150	DATA	Keypress: v
209.9483	DATA	Keypress:v held
210.0660	DATA	Keypress: v
210.9674	DATA	Keypress:v held
211.0021	DATA	Keypress: v
211.8367	DATA	Keypress: t
211.9698	DATA	Keypress:t held
212.1710	DATA	Keypress: t
212.4718	DATA	Keypress: t
212.7725	DATA	Keypress: t
212.9721	DATA	Keypress:t held
213.0565	DATA	Keypress: t
213.3573	DATA	Keypress: t
213.6412	DATA	Keypress: t
213.9419	DATA	Keypress: t
213.9747	DATA	Keypress:t held
214.2761	DATA	Keypress: t
214.5782	DATA	Keypress: t
214.8775	DATA	Keypress: t
214.9777	DATA	Keypress:t held
214.9777	DATA	earn t
215.1784	DATA	Keypress: t
216.7821	DATA	Keypress: v
217.0827	DATA	Keypress: v
217.0989	DATA	Keypress:v held
217.4003	DATA	Keypress: v
217.7010	DATA	Keypress: v
217.9349	DATA	Keypress: v
218.1012	DATA	Keypress:v held
218.2020	DATA	Keypress: v
218.4694	DATA	Keypress: v
218.7200	DATA	Keypress: v
218.9707	DATA	Keypress: v
219.1037	DATA	Keypress:v held
219.2548	DATA	Keypress: v
219.9246	DATA	Keypress: t
220.1077	DATA	Keypress:t held
220.4092	DATA	Keypress: t
220.8101	DATA	Keypress: t
221.1101	DATA	Keypress:t held
221.4449	DATA	Keypress: v
221.7120	DATA	Keypress: v
221.9962	DATA	Keypress: v
222.1125	DATA	Keypress:v held
222.2636	DATA	Keypress: v
222.5476	DATA	Keypress: v
222.7815	DATA	Keypress: v
223.0486	DATA	Keypress: v
223.1149	DATA	Keypress:v held
223.3159	DATA	Keypress: v
223.6335	DATA	Keypress: v
223.8840	DATA	Keypress: v
224.1173	DATA	Keypress:v held
224.5524	DATA	Keypress: t
224.8697	DATA	Keypress: t
225.1197	DATA	Keypress:t held
225.1369	DATA	Keypress: t
225.4043	DATA	Keypress: t
225.7052	DATA	Keypress: t
226.0059	DATA	Keypress: t
226.1388	DATA	Keypress:t held
226.3066	DATA	Keypress: t
226.5406	DATA	Keypress: t
226.8244	DATA	Keypress: t
227.1253	DATA	Keypress: t
227.1413	DATA	Keypress:t held
227.4093	DATA	Keypress: t
227.7100	DATA	Keypress: t
228.1436	DATA	Keypress:t held
228.5954	DATA	Keypress: v
228.8792	DATA	Keypress: v
229.1464	DATA	Keypress:v held
229.1639	DATA	Keypress: v
229.4308	DATA	Keypress: v
229.6990	DATA	Keypress: v
229.9502	DATA	Keypress: v
230.1500	DATA	Keypress:v held
230.1501	DATA	earn v
230.2610	DATA	Keypress: v
230.4852	DATA	Keypress: v
231.6431	DATA	start rating L
235.8375	DATA	Keypress: v
236.3760	DATA	Keypress: v
238.4475	DATA	Keypress: return
238.4479	DATA	RatingScale rateL_scale: (key response) rating=6
238.4480	DATA	RatingScale rateL_scale: rating RT=6.805
238.4485	DATA	6.0
238.4485	DATA	end rating L
238.5530	DATA	start rating R
241.8241	DATA	Keypress: t
242.3251	DATA	Keypress: t
243.7783	DATA	Keypress: return
243.7787	DATA	RatingScale rateR_scale: (key response) rating=2
243.7787	DATA	RatingScale rateR_scale: rating RT=5.226
243.7792	DATA	2.0
243.7802	DATA	end rating R
245.9069	DATA	Keypress: t
245.9396	DATA	Keypress:t held
246.1742	DATA	Keypress: t
246.4580	DATA	Keypress: t
246.7256	DATA	Keypress: t
246.9420	DATA	Keypress:t held
246.9928	DATA	Keypress: t
247.2603	DATA	Keypress: t
247.4946	DATA	Keypress: t
247.7613	DATA	Keypress: t
247.9612	DATA	Keypress:t held
248.0284	DATA	Keypress: t
248.2471	DATA	Keypress: t
248.4963	DATA	Keypress: t
248.7635	DATA	Keypress: t
248.9636	DATA	Keypress:t held
249.0146	DATA	Keypress: t
249.2984	DATA	Keypress: t
249.5661	DATA	Keypress: t
249.8010	DATA	Keypress: t
249.9676	DATA	Keypress:t held
250.2854	DATA	Keypress: t
250.9700	DATA	Keypress:t held
250.9700	DATA	earn t
251.0609	DATA	Keypress: v
253.1091	DATA	Keypress: t
253.1585	DATA	Keypress:t held
253.4098	DATA	Keypress: t
253.6941	DATA	Keypress: t
253.9445	DATA	Keypress: t
254.1610	DATA	Keypress:t held
254.1950	DATA	Keypress: t
254.7799	DATA	Keypress: v
255.1634	DATA	Keypress:v held
255.2476	DATA	Keypress: v
255.6319	DATA	Keypress: v
255.9159	DATA	Keypress: v
256.1499	DATA	Keypress: v
256.1825	DATA	Keypress:v held
256.1826	DATA	earn v
256.4507	DATA	Keypress: v
257.9876	DATA	Keypress: t
258.2727	DATA	Keypress: t
258.3377	DATA	Keypress:t held
258.5722	DATA	Keypress: t
259.1069	DATA	Keypress: v
259.3568	DATA	Keypress:v held
259.3910	DATA	Keypress: v
259.6590	DATA	Keypress: v
259.8938	DATA	Keypress: v
260.1274	DATA	Keypress: v
260.3607	DATA	Keypress:v held
260.3607	DATA	earn v
260.4633	DATA	Keypress: v
260.6290	DATA	Keypress: v
262.8343	DATA	Keypress: v
262.8668	DATA	Keypress:v held
263.1013	DATA	Keypress: v
263.3687	DATA	Keypress: v
263.6025	DATA	Keypress: v
263.8366	DATA	Keypress: v
263.8692	DATA	Keypress:v held
264.1372	DATA	Keypress: v
264.3711	DATA	Keypress: v
264.6384	DATA	Keypress: v
264.8717	DATA	Keypress:v held
264.9225	DATA	Keypress: v
265.1563	DATA	Keypress: v
265.4068	DATA	Keypress: v
265.8908	DATA	Keypress:v held
266.1922	DATA	Keypress: v
266.7783	DATA	Keypress: t
266.8931	DATA	Keypress:t held
267.1444	DATA	Keypress: t
267.4786	DATA	Keypress: t
267.7628	DATA	Keypress: t
267.8956	DATA	Keypress:t held
268.0300	DATA	Keypress: t
268.8319	DATA	Keypress: v
268.8980	DATA	Keypress:v held
269.0992	DATA	Keypress: v
269.3497	DATA	Keypress: v
269.6178	DATA	Keypress: v
269.8860	DATA	Keypress: v
269.9187	DATA	Keypress:v held
270.1531	DATA	Keypress: v
270.4039	DATA	Keypress: v
270.9211	DATA	Keypress:v held
271.1892	DATA	Keypress: t
271.4899	DATA	Keypress: t
271.7906	DATA	Keypress: t
271.9235	DATA	Keypress:t held
272.1080	DATA	Keypress: t
272.4087	DATA	Keypress: t
272.6762	DATA	Keypress: t
272.9427	DATA	Keypress:t held
272.9768	DATA	Keypress: t
273.2441	DATA	Keypress: t
273.5281	DATA	Keypress: t
273.8120	DATA	Keypress: t
273.9451	DATA	Keypress:t held
274.5807	DATA	Keypress: t
274.9475	DATA	Keypress:t held
275.1153	DATA	Keypress: t
275.5663	DATA	Keypress: t
275.8514	DATA	Keypress: t
275.9503	DATA	Keypress:t held
275.9503	DATA	earn t
276.1513	DATA	Keypress: t
277.8218	DATA	Keypress: v
278.1058	DATA	Keypress: v
278.1385	DATA	Keypress:v held
278.3731	DATA	Keypress: v
278.6569	DATA	Keypress: v
278.9246	DATA	Keypress: v
279.1409	DATA	Keypress:v held
279.1916	DATA	Keypress: v
279.4591	DATA	Keypress: v
279.7274	DATA	Keypress: v
279.9952	DATA	Keypress: v
280.1449	DATA	Keypress:v held
280.2626	DATA	Keypress: v
280.5297	DATA	Keypress: v
280.8472	DATA	Keypress: v
281.1146	DATA	Keypress: v
281.1473	DATA	Keypress:v held
281.3819	DATA	Keypress: v
281.6492	DATA	Keypress: v
281.9171	DATA	Keypress: v
282.1497	DATA	Keypress:v held
282.6015	DATA	Keypress: t
283.0359	DATA	Keypress: t
283.1521	DATA	Keypress:t held
283.4535	DATA	Keypress: t
283.8544	DATA	Keypress: t
284.1546	DATA	Keypress:t held
284.2890	DATA	Keypress: t
284.7232	DATA	Keypress: t
285.1243	DATA	Keypress: t
285.1573	DATA	Keypress:t held
285.8593	DATA	Keypress: t
286.1761	DATA	Keypress:t held
286.6779	DATA	Keypress: v
286.9452	DATA	Keypress: v
287.1785	DATA	Keypress:v held
287.2961	DATA	Keypress: v
287.5635	DATA	Keypress: v
287.7976	DATA	Keypress: v
288.0981	DATA	Keypress: v
288.1809	DATA	Keypress:v held
288.3321	DATA	Keypress: v
288.6157	DATA	Keypress: v
288.9002	DATA	Keypress: v
289.1673	DATA	Keypress: v
289.1833	DATA	Keypress:v held
289.4681	DATA	Keypress: v
289.7364	DATA	Keypress: v
290.0208	DATA	Keypress: v
290.1873	DATA	Keypress:v held
290.3215	DATA	Keypress: v
290.8563	DATA	Keypress: v
291.2065	DATA	Keypress:v held
291.2065	DATA	earn v
291.3744	DATA	Keypress: v
292.9447	DATA	Keypress: t
293.2620	DATA	Keypress: t
293.3783	DATA	Keypress:t held
293.5293	DATA	Keypress: t
293.8305	DATA	Keypress: t
294.1308	DATA	Keypress: t
294.3810	DATA	Keypress:t held
294.4483	DATA	Keypress: t
294.7156	DATA	Keypress: t
294.9831	DATA	Keypress: t
295.2837	DATA	Keypress: t
295.3832	DATA	Keypress:t held
295.5675	DATA	Keypress: t
295.8517	DATA	Keypress: t
296.3856	DATA	Keypress:t held
296.5200	DATA	Keypress: t
297.0378	DATA	Keypress: t
297.3880	DATA	Keypress:t held
297.9567	DATA	Keypress: v
298.2240	DATA	Keypress: v
298.3904	DATA	Keypress:v held
298.5414	DATA	Keypress: v
298.8087	DATA	Keypress: v
299.0928	DATA	Keypress: v
299.3767	DATA	Keypress: v
299.3927	DATA	Keypress:v held
299.6782	DATA	Keypress: v
299.9130	DATA	Keypress: v
300.1635	DATA	Keypress: v
300.3968	DATA	Keypress:v held
300.3968	DATA	earn v
300.3975	DATA	Keypress: v
300.6329	DATA	Keypress: v
302.2518	DATA	Keypress: t
302.5193	DATA	Keypress: t
302.5854	DATA	Keypress:t held
302.8200	DATA	Keypress: t
303.1207	DATA	Keypress: t
303.3878	DATA	Keypress: t
303.5878	DATA	Keypress:t held
303.6887	DATA	Keypress: t
304.2481	DATA	start rating L
304.2561	DATA	Keypress: t
304.2566	DATA	Keypress: t
304.5516	DATA	Keypress: t
307.2909	DATA	Keypress: v
307.6420	DATA	Keypress: v
308.1598	DATA	Keypress: v
310.5007	DATA	Keypress: return
310.5010	DATA	RatingScale rateL_scale: (key response) rating=4
310.5011	DATA	RatingScale rateL_scale: rating RT=6.253
310.5016	DATA	4.0
310.5016	DATA	end rating L
310.6085	DATA	start rating R
314.5604	DATA	Keypress: return
314.5607	DATA	RatingScale rateR_scale: (key response) rating=4
314.5608	DATA	RatingScale rateR_scale: rating RT=3.952
314.5613	DATA	4.0
314.5623	DATA	end rating R
316.3207	DATA	Keypress: t
316.3534	DATA	Keypress:t held
316.6379	DATA	Keypress: t
316.9389	DATA	Keypress: t
317.2062	DATA	Keypress: t
317.3558	DATA	Keypress:t held
317.4737	DATA	Keypress: t
317.7742	DATA	Keypress: t
318.0418	DATA	Keypress: t
318.3422	DATA	Keypress: t
318.3582	DATA	Keypress:t held
318.3583	DATA	earn t
318.6266	DATA	Keypress: t
320.2652	DATA	Keypress: v
320.5490	DATA	Keypress: v
320.5985	DATA	Keypress:v held
320.8164	DATA	Keypress: v
321.0517	DATA	Keypress: v
321.3177	DATA	Keypress: v
321.5516	DATA	Keypress: v
321.6177	DATA	Keypress:v held
321.8021	DATA	Keypress: v
322.0360	DATA	Keypress: v
322.3032	DATA	Keypress: v
322.5705	DATA	Keypress: v
322.6201	DATA	Keypress:v held
322.8547	DATA	Keypress: v
323.1555	DATA	Keypress: v
323.4227	DATA	Keypress: v
323.6225	DATA	Keypress:v held
323.6915	DATA	Keypress: v
323.9739	DATA	Keypress: v
324.2580	DATA	Keypress: v
324.5755	DATA	Keypress: v
324.6416	DATA	Keypress:v held
324.8434	DATA	Keypress: v
325.1435	DATA	Keypress: v
325.4107	DATA	Keypress: v
325.6440	DATA	Keypress:v held
325.7113	DATA	Keypress: v
325.9794	DATA	Keypress: v
326.2462	DATA	Keypress: v
326.6464	DATA	Keypress:v held
327.0479	DATA	Keypress: t
327.3655	DATA	Keypress: t
327.6489	DATA	Keypress:t held
327.6497	DATA	Keypress: t
327.9503	DATA	Keypress: t
328.2176	DATA	Keypress: t
328.5014	DATA	Keypress: t
328.6513	DATA	Keypress:t held
328.8023	DATA	Keypress: t
329.0863	DATA	Keypress: t
329.4204	DATA	Keypress: t
329.6714	DATA	Keypress:t held
329.7389	DATA	Keypress: t
330.0403	DATA	Keypress: t
330.3576	DATA	Keypress: t
330.6744	DATA	Keypress:t held
330.6744	DATA	earn t
330.6751	DATA	Keypress: t
331.0596	DATA	Keypress: t
332.4794	DATA	Keypress: v
332.7969	DATA	Keypress: v
332.9298	DATA	Keypress:v held
333.0975	DATA	Keypress: v
333.3816	DATA	Keypress: v
333.6656	DATA	Keypress: v
333.9323	DATA	Keypress:v held
333.9331	DATA	Keypress: v
334.2337	DATA	Keypress: v
334.5343	DATA	Keypress: v
334.8017	DATA	Keypress: v
334.9346	DATA	Keypress:v held
335.0691	DATA	Keypress: v
335.3862	DATA	Keypress: v
335.6704	DATA	Keypress: v
335.9370	DATA	Keypress:v held
335.9544	DATA	Keypress: v
336.2218	DATA	Keypress: v
336.5561	DATA	Keypress: v
336.9394	DATA	Keypress:v held
336.9411	DATA	Keypress: v
337.4078	DATA	Keypress: v
337.9419	DATA	Keypress:v held
338.0763	DATA	Keypress: t
338.4104	DATA	Keypress: t
338.6942	DATA	Keypress: t
338.9442	DATA	Keypress:t held
338.9614	DATA	Keypress: t
339.2791	DATA	Keypress: t
339.6305	DATA	Keypress: t
339.9323	DATA	Keypress: t
339.9650	DATA	Keypress:t held
340.1996	DATA	Keypress: t
340.4836	DATA	Keypress: t
340.7509	DATA	Keypress: t
340.9674	DATA	Keypress:t held
341.0687	DATA	Keypress: t
341.3690	DATA	Keypress: t
341.6697	DATA	Keypress: t
341.9699	DATA	Keypress:t held
342.4215	DATA	Keypress: v
342.6890	DATA	Keypress: v
342.9889	DATA	Keypress:v held
342.9897	DATA	Keypress: v
343.4239	DATA	Keypress: v
343.8251	DATA	Keypress: v
343.9912	DATA	Keypress:v held
344.1257	DATA	Keypress: v
344.4264	DATA	Keypress: v
344.6943	DATA	Keypress: v
344.9937	DATA	Keypress:v held
345.0278	DATA	Keypress: v
345.3119	DATA	Keypress: v
345.5624	DATA	Keypress: v
345.8462	DATA	Keypress: v
345.9962	DATA	Keypress:v held
345.9962	DATA	earn v
346.1808	DATA	Keypress: v
346.4815	DATA	Keypress: v
347.6173	DATA	Keypress: t
347.9349	DATA	Keypress: t
348.2349	DATA	Keypress:t held
348.2357	DATA	Keypress: t
348.4693	DATA	Keypress: t
348.7534	DATA	Keypress: t
349.0540	DATA	Keypress: t
349.2372	DATA	Keypress:t held
349.3214	DATA	Keypress: t
349.6562	DATA	Keypress: t
349.9578	DATA	Keypress: t
350.2083	DATA	Keypress: t
350.2412	DATA	Keypress:t held
350.2413	DATA	earn t
350.4925	DATA	Keypress: t
351.8962	DATA	Keypress: v
352.1799	DATA	Keypress: v
352.4306	DATA	Keypress: v
352.4800	DATA	Keypress:v held
352.6645	DATA	Keypress: v
352.9152	DATA	Keypress: v
353.1490	DATA	Keypress: v
353.4824	DATA	Keypress:v held
353.5165	DATA	Keypress: v
354.1512	DATA	Keypress: v
354.4849	DATA	Keypress:v held
354.6860	DATA	Keypress: t
354.9533	DATA	Keypress: t
355.2039	DATA	Keypress: t
355.4713	DATA	Keypress: t
355.4872	DATA	Keypress:t held
355.7385	DATA	Keypress: t
356.0726	DATA	Keypress: t
356.3567	DATA	Keypress: t
356.4896	DATA	Keypress:t held
356.6242	DATA	Keypress: t
356.8913	DATA	Keypress: t
357.1922	DATA	Keypress: t
357.4919	DATA	Keypress:t held
357.4926	DATA	Keypress: t
357.7598	DATA	Keypress: t
358.4944	DATA	Keypress:t held
358.6288	DATA	Keypress: v
358.9127	DATA	Keypress: v
359.1969	DATA	Keypress: v
359.4642	DATA	Keypress: v
359.4968	DATA	Keypress:v held
359.7155	DATA	Keypress: v
359.9837	DATA	Keypress: v
360.3011	DATA	Keypress: v
360.5008	DATA	Keypress:v held
360.5350	DATA	Keypress: v
360.8020	DATA	Keypress: v
361.0695	DATA	Keypress: v
361.3369	DATA	Keypress: v
361.5033	DATA	Keypress:v held
361.6042	DATA	Keypress: v
361.8546	DATA	Keypress: v
362.5057	DATA	Keypress:v held
362.6739	DATA	Keypress: v
363.2748	DATA	Keypress: v
363.5081	DATA	Keypress:v held
363.7928	DATA	Keypress: v
364.3776	DATA	Keypress: v
364.5105	DATA	Keypress:v held
365.1461	DATA	Keypress: t
365.4469	DATA	Keypress: t
365.5129	DATA	Keypress:t held
365.7475	DATA	Keypress: t
366.0815	DATA	Keypress: t
366.4325	DATA	Keypress: t
366.5320	DATA	Keypress:t held
366.5321	DATA	earn t
368.2201	DATA	Keypress: v
368.5041	DATA	Keypress: v
368.7541	DATA	Keypress:v held
368.8048	DATA	Keypress: v
369.0889	DATA	Keypress: v
369.4397	DATA	Keypress: v
369.7743	DATA	Keypress:v held
370.0428	DATA	Keypress: t
370.3433	DATA	Keypress: t
370.6272	DATA	Keypress: t
370.7770	DATA	Keypress:t held
370.8947	DATA	Keypress: t
371.1789	DATA	Keypress: t
371.5464	DATA	Keypress: t
371.7796	DATA	Keypress:t held
371.7970	DATA	Keypress: t
372.1144	DATA	Keypress: t
372.3651	DATA	Keypress: t
372.6656	DATA	Keypress: t
372.7825	DATA	Keypress:t held
372.9163	DATA	Keypress: t
373.2505	DATA	Keypress: t
373.4511	DATA	Keypress: t
373.7347	DATA	Keypress: t
373.7843	DATA	Keypress:t held
373.7843	DATA	earn t
374.0039	DATA	Keypress: t
375.4942	DATA	start rating L
381.8507	DATA	Keypress: v
382.3176	DATA	Keypress: v
383.8042	DATA	Keypress: return
383.8045	DATA	RatingScale rateL_scale: (key response) rating=6
383.8046	DATA	RatingScale rateL_scale: rating RT=8.310
383.8051	DATA	6.0
383.8051	DATA	end rating L
383.9137	DATA	start rating R
387.4125	DATA	Keypress: v
389.0339	DATA	Keypress: return
389.0342	DATA	RatingScale rateR_scale: (key response) rating=5
389.0343	DATA	RatingScale rateR_scale: rating RT=5.121
389.0348	DATA	5.0
389.0359	DATA	end rating R
391.4642	DATA	Keypress: t
391.4968	DATA	Keypress:t held
391.7647	DATA	Keypress: t
392.0489	DATA	Keypress: t
392.3496	DATA	Keypress: t
392.4993	DATA	Keypress:t held
392.6167	DATA	Keypress: t
392.9343	DATA	Keypress: t
393.2016	DATA	Keypress: t
393.4856	DATA	Keypress: t
393.5017	DATA	Keypress:t held
393.7362	DATA	Keypress: t
394.0201	DATA	Keypress: t
394.2876	DATA	Keypress: t
394.5041	DATA	Keypress:t held
394.5716	DATA	Keypress: t
394.8225	DATA	Keypress: t
395.0895	DATA	Keypress: t
395.3569	DATA	Keypress: t
395.5065	DATA	Keypress:t held
395.5908	DATA	Keypress: t
395.8748	DATA	Keypress: t
396.1420	DATA	Keypress: t
396.4094	DATA	Keypress: t
396.5089	DATA	Keypress:t held
396.7101	DATA	Keypress: t
396.9607	DATA	Keypress: t
397.2281	DATA	Keypress: t
397.5112	DATA	Keypress:t held
397.5121	DATA	Keypress: t
397.8128	DATA	Keypress: t
398.0302	DATA	Keypress: t
398.2972	DATA	Keypress: t
398.5137	DATA	Keypress:t held
398.5980	DATA	Keypress: t
398.8485	DATA	Keypress: t
399.1324	DATA	Keypress: t
399.3998	DATA	Keypress: t
399.5162	DATA	Keypress:t held
400.1032	DATA	Keypress: v
400.3703	DATA	Keypress: v
400.5201	DATA	Keypress:v held
400.5201	DATA	earn v
400.6548	DATA	Keypress: v
400.9218	DATA	Keypress: v
402.9099	DATA	Keypress: t
402.9426	DATA	Keypress:t held
403.2440	DATA	Keypress: t
403.5281	DATA	Keypress: t
403.8121	DATA	Keypress: t
403.9450	DATA	Keypress:t held
404.1462	DATA	Keypress: t
404.4302	DATA	Keypress: t
404.7978	DATA	Keypress: t
404.9642	DATA	Keypress:t held
405.0986	DATA	Keypress: t
405.3998	DATA	Keypress: t
405.6997	DATA	Keypress: t
405.9666	DATA	Keypress:t held
405.9673	DATA	Keypress: t
406.2513	DATA	Keypress: t
406.5186	DATA	Keypress: t
406.9690	DATA	Keypress:t held
407.1367	DATA	Keypress: v
407.3872	DATA	Keypress: v
407.6561	DATA	Keypress: v
407.9387	DATA	Keypress: v
407.9714	DATA	Keypress:v held
408.0723	DATA	Keypress: v
408.3397	DATA	Keypress: v
408.5903	DATA	Keypress: v
408.9077	DATA	Keypress: v
408.9739	DATA	Keypress:v held
409.4924	DATA	Keypress: v
409.9778	DATA	Keypress:v held
410.1789	DATA	Keypress: t
410.6134	DATA	Keypress: t
410.9475	DATA	Keypress: t
410.9801	DATA	Keypress:t held
411.2482	DATA	Keypress: t
411.4989	DATA	Keypress: t
411.7996	DATA	Keypress: t
411.9826	DATA	Keypress:t held
411.9826	DATA	earn t
412.1005	DATA	Keypress: t
412.3677	DATA	Keypress: t
413.7542	DATA	Keypress: v
414.0715	DATA	Keypress: v
414.2381	DATA	Keypress:v held
414.3724	DATA	Keypress: v
414.6580	DATA	Keypress: v
414.9572	DATA	Keypress: v
415.2246	DATA	Keypress: v
415.2572	DATA	Keypress:v held
415.4749	DATA	Keypress: v
415.7255	DATA	Keypress: v
415.9927	DATA	Keypress: v
416.2763	DATA	Keypress:v held
416.2770	DATA	Keypress: v
416.5276	DATA	Keypress: v
416.7949	DATA	Keypress: v
417.2293	DATA	Keypress: v
417.2787	DATA	Keypress:v held
417.5300	DATA	Keypress: v
417.7973	DATA	Keypress: v
418.0480	DATA	Keypress: v
418.2811	DATA	Keypress:v held
418.9167	DATA	Keypress: t
419.2175	DATA	Keypress: t
419.2834	DATA	Keypress:t held
419.8705	DATA	Keypress: t
420.2875	DATA	Keypress:t held
420.3550	DATA	Keypress: t
420.9062	DATA	Keypress: t
421.2899	DATA	Keypress:t held
421.5245	DATA	Keypress: t
421.8922	DATA	Keypress: t
422.2094	DATA	Keypress: t
422.2923	DATA	Keypress:t held
422.4935	DATA	Keypress: t
422.7775	DATA	Keypress: t
423.0950	DATA	Keypress: t
423.2947	DATA	Keypress:t held
423.3957	DATA	Keypress: t
423.6629	DATA	Keypress: t
423.9135	DATA	Keypress: t
424.1807	DATA	Keypress: t
424.2971	DATA	Keypress:t held
424.2972	DATA	earn t
424.4829	DATA	Keypress: t
426.2359	DATA	Keypress: v
426.5533	DATA	Keypress: v
426.5860	DATA	Keypress:v held
426.8874	DATA	Keypress: v
427.1713	DATA	Keypress: v
427.4720	DATA	Keypress: v
427.5884	DATA	Keypress:v held
427.7562	DATA	Keypress: v
428.0235	DATA	Keypress: v
428.3242	DATA	Keypress: v
428.5581	DATA	Keypress: v
428.5908	DATA	Keypress:v held
428.8421	DATA	Keypress: v
429.0762	DATA	Keypress: v
429.4101	DATA	Keypress: v
429.5935	DATA	Keypress:v held
429.8963	DATA	Keypress: v
430.1970	DATA	Keypress: v
430.5144	DATA	Keypress: v
430.5972	DATA	Keypress:v held
430.7817	DATA	Keypress: v
431.0323	DATA	Keypress: v
431.3165	DATA	Keypress: v
431.6164	DATA	Keypress:v held
431.9177	DATA	Keypress: t
432.2185	DATA	Keypress: t
432.5525	DATA	Keypress: t
432.6188	DATA	Keypress:t held
432.9369	DATA	Keypress: t
433.2377	DATA	Keypress: t
433.5384	DATA	Keypress: t
433.6212	DATA	Keypress:t held
433.6212	DATA	earn t
435.3595	DATA	Keypress: v
435.6445	DATA	Keypress: v
435.8933	DATA	Keypress:v held
435.9608	DATA	Keypress: v
436.2621	DATA	Keypress: v
436.5622	DATA	Keypress: v
436.8630	DATA	Keypress: v
436.8957	DATA	Keypress:v held
436.8958	DATA	earn v
437.1139	DATA	Keypress: v
437.3978	DATA	Keypress: v
438.5003	DATA	Keypress: t
438.8175	DATA	Keypress: t
439.1186	DATA	Keypress: t
439.1845	DATA	Keypress:t held
439.4022	DATA	Keypress: t
439.7040	DATA	Keypress: t
440.0055	DATA	Keypress: t
440.2053	DATA	Keypress:t held
440.3062	DATA	Keypress: t
440.5735	DATA	Keypress: t
440.8742	DATA	Keypress: t
441.1582	DATA	Keypress: t
441.2077	DATA	Keypress:t held
441.4924	DATA	Keypress: t
441.7931	DATA	Keypress: t
442.2101	DATA	Keypress:t held
442.2273	DATA	Keypress: t
442.8792	DATA	Keypress: v
443.2292	DATA	Keypress:v held
443.3970	DATA	Keypress: v
443.9147	DATA	Keypress: v
444.2316	DATA	Keypress:v held
444.4161	DATA	Keypress: v
444.8170	DATA	Keypress: v
445.1178	DATA	Keypress: v
445.2507	DATA	Keypress:v held
445.2508	DATA	earn v
445.4353	DATA	Keypress: v
446.9223	DATA	Keypress: t
447.2228	DATA	Keypress: t
447.5235	DATA	Keypress: t
447.5729	DATA	Keypress:t held
447.8243	DATA	Keypress: t
448.1418	DATA	Keypress: t
448.4425	DATA	Keypress: t
448.5754	DATA	Keypress:t held
448.7264	DATA	Keypress: t
449.0272	DATA	Keypress: t
449.5656	DATA	start rating L
449.5745	DATA	Keypress: t
449.6387	DATA	Keypress: t
449.9238	DATA	Keypress: t
453.0154	DATA	Keypress: v
453.3330	DATA	Keypress: v
453.6336	DATA	Keypress: v
453.9010	DATA	Keypress: v
454.2016	DATA	Keypress: v
454.7357	DATA	Keypress: v
456.1724	DATA	Keypress: return
456.1728	DATA	RatingScale rateL_scale: (key response) rating=7
456.1729	DATA	RatingScale rateL_scale: rating RT=6.607
456.1734	DATA	7.0
456.1734	DATA	end rating L
456.2726	DATA	start rating R
458.8965	DATA	Keypress: v
459.2971	DATA	Keypress: v
459.7685	DATA	Keypress: v
461.1194	DATA	Keypress: return
461.1198	DATA	RatingScale rateR_scale: (key response) rating=7
461.1199	DATA	RatingScale rateR_scale: rating RT=4.847
461.1205	DATA	7.0
461.1219	DATA	end rating R
463.1810	DATA	Keypress: t
463.2138	DATA	Keypress:t held
463.2138	DATA	earn t
463.4987	DATA	Keypress: t
463.7823	DATA	Keypress: t
465.3362	DATA	Keypress: v
465.5193	DATA	Keypress:v held
465.6368	DATA	Keypress: v
465.9043	DATA	Keypress: v
466.1549	DATA	Keypress: v
466.4224	DATA	Keypress: v
466.5217	DATA	Keypress:v held
466.6575	DATA	Keypress: v
466.9234	DATA	Keypress: v
467.1406	DATA	Keypress: v
467.3576	DATA	Keypress: v
467.5241	DATA	Keypress:v held
468.1263	DATA	Keypress: t
468.3938	DATA	Keypress: t
468.5266	DATA	Keypress:t held
468.5266	DATA	earn t
468.6777	DATA	Keypress: t
470.5001	DATA	Keypress: v
470.8008	DATA	Keypress: v
470.8336	DATA	Keypress:v held
471.0516	DATA	Keypress: v
471.3022	DATA	Keypress: v
471.5696	DATA	Keypress: v
471.8034	DATA	Keypress: v
471.8361	DATA	Keypress:v held
471.8362	DATA	earn v
472.0708	DATA	Keypress: v
472.2881	DATA	Keypress: v
473.5075	DATA	Keypress: t
473.7915	DATA	Keypress: t
474.0420	DATA	Keypress: t
474.1583	DATA	Keypress:t held
474.2927	DATA	Keypress: t
474.5600	DATA	Keypress: t
474.8274	DATA	Keypress: t
475.0947	DATA	Keypress: t
475.1607	DATA	Keypress:t held
475.3285	DATA	Keypress: t
475.6459	DATA	Keypress: t
475.9313	DATA	Keypress: t
476.1632	DATA	Keypress:t held
476.2140	DATA	Keypress: t
476.5147	DATA	Keypress: t
476.7820	DATA	Keypress: t
477.1656	DATA	Keypress:t held
477.5839	DATA	Keypress: v
477.8845	DATA	Keypress: v
478.1847	DATA	Keypress:v held
478.2191	DATA	Keypress: v
478.5195	DATA	Keypress: v
478.8869	DATA	Keypress: v
479.1871	DATA	Keypress:v held
479.2881	DATA	Keypress: v
479.7075	DATA	Keypress: v
480.2078	DATA	Keypress:v held
480.2086	DATA	Keypress: v
480.6596	DATA	Keypress: v
481.2102	DATA	Keypress:v held
481.4126	DATA	Keypress: t
481.7789	DATA	Keypress: t
482.0965	DATA	Keypress: t
482.2126	DATA	Keypress:t held
482.4305	DATA	Keypress: t
482.7323	DATA	Keypress: t
483.0320	DATA	Keypress: t
483.2151	DATA	Keypress:t held
483.3494	DATA	Keypress: t
483.6168	DATA	Keypress: t
483.8840	DATA	Keypress: t
484.1680	DATA	Keypress: t
484.2174	DATA	Keypress:t held
484.2174	DATA	earn t
484.4355	DATA	Keypress: t
485.9054	DATA	Keypress: v
486.2063	DATA	Keypress: v
486.5236	DATA	Keypress: v
486.6232	DATA	Keypress:v held
486.7910	DATA	Keypress: v
487.0583	DATA	Keypress: v
487.3255	DATA	Keypress: v
487.5761	DATA	Keypress: v
487.6255	DATA	Keypress:v held
487.8435	DATA	Keypress: v
488.1777	DATA	Keypress: v
488.4450	DATA	Keypress: v
488.6448	DATA	Keypress:v held
488.7289	DATA	Keypress: v
488.9962	DATA	Keypress: v
489.2469	DATA	Keypress: v
489.4975	DATA	Keypress: v
489.6477	DATA	Keypress:v held
489.7656	DATA	Keypress: v
490.0505	DATA	Keypress: v
490.3178	DATA	Keypress: v
490.5348	DATA	Keypress: v
490.6511	DATA	Keypress:v held
491.3367	DATA	Keypress: v
491.6536	DATA	Keypress:v held
491.8549	DATA	Keypress: v
492.1720	DATA	Keypress: v
492.5063	DATA	Keypress: v
492.6559	DATA	Keypress:v held
492.6560	DATA	earn v
492.7904	DATA	Keypress: v
494.0935	DATA	Keypress: t
494.3942	DATA	Keypress: t
494.7115	DATA	Keypress: t
495.0284	DATA	Keypress:t held
495.0291	DATA	Keypress: t
495.2964	DATA	Keypress: t
495.5971	DATA	Keypress: t
495.8644	DATA	Keypress: t
496.0308	DATA	Keypress:t held
496.1651	DATA	Keypress: t
496.4659	DATA	Keypress: t
496.7165	DATA	Keypress: t
497.0499	DATA	Keypress:t held
497.0507	DATA	Keypress: t
497.3183	DATA	Keypress: t
497.6187	DATA	Keypress: t
497.8858	DATA	Keypress: t
498.0527	DATA	Keypress:t held
498.1866	DATA	Keypress: t
498.5208	DATA	Keypress: t
498.7881	DATA	Keypress: t
499.0547	DATA	Keypress:t held
499.0721	DATA	Keypress: t
499.3729	DATA	Keypress: t
499.6572	DATA	Keypress: t
499.9592	DATA	Keypress: t
500.0587	DATA	Keypress:t held
500.2599	DATA	Keypress: t
500.5103	DATA	Keypress: t
500.7946	DATA	Keypress: t
501.0611	DATA	Keypress:t held
501.5296	DATA	Keypress: v
501.8303	DATA	Keypress: v
502.0636	DATA	Keypress:v held
502.0977	DATA	Keypress: v
502.3815	DATA	Keypress: v
502.6490	DATA	Keypress: v
502.9163	DATA	Keypress: v
503.0663	DATA	Keypress:v held
503.2170	DATA	Keypress: v
503.4509	DATA	Keypress: v
503.7182	DATA	Keypress: v
504.0189	DATA	Keypress: v
504.0682	DATA	Keypress:v held
504.2861	DATA	Keypress: v
504.6204	DATA	Keypress: v
504.9211	DATA	Keypress: v
505.0875	DATA	Keypress:v held
505.2218	DATA	Keypress: v
505.4892	DATA	Keypress: v
505.7565	DATA	Keypress: v
505.9736	DATA	Keypress: v
506.0898	DATA	Keypress:v held
506.6922	DATA	Keypress: t
507.0596	DATA	Keypress: t
507.0923	DATA	Keypress:t held
507.3436	DATA	Keypress: t
507.6777	DATA	Keypress: t
507.9783	DATA	Keypress: t
508.0953	DATA	Keypress:t held
508.2959	DATA	Keypress: t
508.6301	DATA	Keypress: t
508.9308	DATA	Keypress: t
509.0971	DATA	Keypress:t held
509.0972	DATA	earn t
509.2482	DATA	Keypress: t
511.0875	DATA	Keypress: v
511.4048	DATA	Keypress: v
511.4377	DATA	Keypress:v held
511.7058	DATA	Keypress: v
512.0065	DATA	Keypress: v
512.3070	DATA	Keypress: v
512.4401	DATA	Keypress:v held
512.5912	DATA	Keypress: v
512.9086	DATA	Keypress: v
513.2093	DATA	Keypress: v
513.4425	DATA	Keypress:v held
513.5100	DATA	Keypress: v
513.7610	DATA	Keypress: v
514.3953	DATA	Keypress: v
514.4449	DATA	Keypress:v held
515.0972	DATA	Keypress: t
515.4640	DATA	Keypress:t held
515.4647	DATA	Keypress: t
515.7488	DATA	Keypress: t
516.0662	DATA	Keypress: t
516.4669	DATA	Keypress:t held
516.8347	DATA	Keypress: v
517.1521	DATA	Keypress: v
517.4527	DATA	Keypress: v
517.4687	DATA	Keypress:v held
517.7537	DATA	Keypress: v
518.0710	DATA	Keypress: v
518.3715	DATA	Keypress: v
518.4713	DATA	Keypress:v held
518.6725	DATA	Keypress: v
518.9563	DATA	Keypress: v
519.2572	DATA	Keypress: v
519.4737	DATA	Keypress:v held
519.9605	DATA	Keypress: t
520.2779	DATA	Keypress: t
520.4777	DATA	Keypress:t held
520.5786	DATA	Keypress: t
520.8458	DATA	Keypress: t
521.1298	DATA	Keypress: t
521.6914	DATA	start rating L
521.7001	DATA	Keypress: t
521.7418	DATA	Keypress: t
525.8645	DATA	Keypress: v
526.2021	DATA	Keypress: v
526.7043	DATA	Keypress: v
527.3720	DATA	Keypress: v
527.8392	DATA	Keypress: v
529.1598	DATA	Keypress: return
529.1601	DATA	RatingScale rateL_scale: (key response) rating=7
529.1602	DATA	RatingScale rateL_scale: rating RT=7.469
529.1607	DATA	7.0
529.1607	DATA	end rating L
529.2598	DATA	start rating R
533.7053	DATA	Keypress: v
534.2067	DATA	Keypress: v
534.6738	DATA	Keypress: v
535.9437	DATA	Keypress: return
535.9440	DATA	RatingScale rateR_scale: (key response) rating=7
535.9441	DATA	RatingScale rateR_scale: rating RT=6.684
535.9446	DATA	7.0
535.9456	DATA	end rating R
