84.0093	DATA	version C
98.0577	DATA	Keypress: t
98.5644	DATA	Keypress: t
98.9020	DATA	Keypress: t
99.1385	DATA	Keypress: t
99.7465	DATA	Keypress: v
99.9828	DATA	Keypress: v
100.2193	DATA	Keypress: v
100.6584	DATA	Keypress: t
101.0298	DATA	Keypress: v
101.3001	DATA	Keypress: t
101.5703	DATA	Keypress: v
192.8268	DATA	Keypress: space
193.8563	DATA	Keypress:v held
197.3020	DATA	Keypress: v
197.3349	DATA	Keypress:v held
198.8214	DATA	Keypress: v
198.8379	DATA	Keypress:v held
200.1559	DATA	Keypress: v
200.1890	DATA	Keypress:v held
203.6008	DATA	Keypress: t
203.6338	DATA	Keypress:t held
204.4789	DATA	Keypress: t
204.6470	DATA	Keypress:t held
205.1205	DATA	Keypress: t
205.6601	DATA	Keypress:t held
205.7299	DATA	Keypress: t
206.2014	DATA	Keypress: t
206.6735	DATA	Keypress:t held
207.1135	DATA	Keypress: v
207.5523	DATA	Keypress: v
207.6867	DATA	Keypress:v held
207.9576	DATA	Keypress: v
208.3291	DATA	Keypress: v
208.6999	DATA	Keypress:v held
208.7174	DATA	Keypress: v
209.1060	DATA	Keypress: v
209.4943	DATA	Keypress: v
209.7130	DATA	Keypress:v held
209.8487	DATA	Keypress: v
210.1702	DATA	Keypress: v
210.4906	DATA	Keypress: v
210.7263	DATA	Keypress:v held
210.8283	DATA	Keypress: v
211.1154	DATA	Keypress: v
211.4362	DATA	Keypress: v
211.7395	DATA	Keypress:v held
211.7396	DATA	earn v
211.8523	DATA	Keypress: v
216.4349	DATA	Keypress: v
216.4679	DATA	Keypress:v held
216.8063	DATA	Keypress: v
217.4811	DATA	Keypress:v held
217.5156	DATA	Keypress: t
217.8871	DATA	Keypress: t
218.1573	DATA	Keypress: t
218.4442	DATA	Keypress: t
218.4943	DATA	Keypress:t held
218.7483	DATA	Keypress: t
219.0351	DATA	Keypress: t
219.3395	DATA	Keypress: t
219.5075	DATA	Keypress:t held
219.5076	DATA	earn t
219.6605	DATA	Keypress: t
223.4429	DATA	Keypress: v
223.4760	DATA	Keypress:v held
223.7298	DATA	Keypress: v
224.0508	DATA	Keypress: v
224.3210	DATA	Keypress: v
224.4892	DATA	Keypress:v held
224.5912	DATA	Keypress: v
224.8443	DATA	Keypress: v
225.0975	DATA	Keypress: v
225.4018	DATA	Keypress: v
225.5024	DATA	Keypress:v held
225.6719	DATA	Keypress: v
225.9252	DATA	Keypress: v
226.2124	DATA	Keypress: v
226.4995	DATA	Keypress: v
226.5326	DATA	Keypress:v held
226.7697	DATA	Keypress: v
227.0735	DATA	Keypress: v
227.3438	DATA	Keypress: v
227.5457	DATA	Keypress:v held
227.6307	DATA	Keypress: v
227.9177	DATA	Keypress: v
228.1894	DATA	Keypress: v
228.3906	DATA	Keypress: v
228.5589	DATA	Keypress:v held
228.6452	DATA	Keypress: v
228.9479	DATA	Keypress: v
229.2183	DATA	Keypress: v
229.5722	DATA	Keypress:v held
229.8262	DATA	Keypress: t
230.2146	DATA	Keypress: t
230.5691	DATA	Keypress: t
230.6022	DATA	Keypress:t held
230.8731	DATA	Keypress: t
231.1096	DATA	Keypress: t
231.2278	DATA	Keypress: t
231.5655	DATA	Keypress: t
231.6155	DATA	Keypress:t held
231.8187	DATA	Keypress: t
232.1227	DATA	Keypress: t
232.4267	DATA	Keypress: t
232.6287	DATA	Keypress:t held
232.7307	DATA	Keypress: t
233.0008	DATA	Keypress: t
233.3049	DATA	Keypress: t
233.5751	DATA	Keypress: t
233.6419	DATA	Keypress:t held
233.8452	DATA	Keypress: t
234.1497	DATA	Keypress: t
234.4529	DATA	Keypress: t
234.6550	DATA	Keypress:t held
234.7569	DATA	Keypress: t
235.0270	DATA	Keypress: t
235.2636	DATA	Keypress: t
235.5506	DATA	Keypress: t
235.6682	DATA	Keypress:t held
235.8377	DATA	Keypress: t
236.1079	DATA	Keypress: t
236.3781	DATA	Keypress: t
236.6650	DATA	Keypress: t
236.6982	DATA	Keypress:t held
236.9691	DATA	Keypress: t
237.2396	DATA	Keypress: t
237.5096	DATA	Keypress: t
237.7115	DATA	Keypress:t held
237.7797	DATA	Keypress: t
238.0667	DATA	Keypress: t
238.3876	DATA	Keypress: t
238.6748	DATA	Keypress: t
238.7247	DATA	Keypress:t held
238.9448	DATA	Keypress: t
239.2154	DATA	Keypress: t
239.7379	DATA	Keypress:t held
239.9581	DATA	Keypress: v
240.1946	DATA	Keypress: v
240.4817	DATA	Keypress: v
240.7187	DATA	Keypress: v
240.7512	DATA	Keypress:v held
240.9882	DATA	Keypress: v
241.2247	DATA	Keypress: v
241.4780	DATA	Keypress: v
241.7482	DATA	Keypress: v
241.7812	DATA	Keypress:v held
241.7813	DATA	earn v
242.0354	DATA	Keypress: v
243.9434	DATA	Keypress: t
243.9765	DATA	Keypress:t held
244.2644	DATA	Keypress: t
244.5346	DATA	Keypress: t
244.8216	DATA	Keypress: t
244.9898	DATA	Keypress:t held
244.9898	DATA	earn t
245.0982	DATA	Keypress: t
245.3792	DATA	Keypress: t
247.0675	DATA	Keypress: v
247.1006	DATA	Keypress:v held
247.3884	DATA	Keypress: v
247.6921	DATA	Keypress: v
247.9624	DATA	Keypress: v
248.1138	DATA	Keypress:v held
248.1989	DATA	Keypress: v
248.3678	DATA	Keypress: v
248.6549	DATA	Keypress: v
248.8913	DATA	Keypress: v
249.1270	DATA	Keypress:v held
249.1616	DATA	Keypress: v
249.4318	DATA	Keypress: v
249.7187	DATA	Keypress: v
249.9720	DATA	Keypress: v
250.1402	DATA	Keypress:v held
250.2255	DATA	Keypress: v
250.5124	DATA	Keypress: v
250.7827	DATA	Keypress: v
251.0359	DATA	Keypress: v
251.1534	DATA	Keypress:v held
251.2893	DATA	Keypress: v
251.5255	DATA	Keypress: v
251.7959	DATA	Keypress: v
252.0323	DATA	Keypress: v
252.1668	DATA	Keypress:v held
252.1668	DATA	earn v
252.3027	DATA	Keypress: v
252.5222	DATA	Keypress: v
253.5612	DATA	start rating L
254.0015	DATA	Keypress: t
272.4760	DATA	Keypress: t
272.6787	DATA	Keypress: t
273.1178	DATA	Keypress: v
273.5227	DATA	Keypress: v
273.6919	DATA	Keypress: v
273.8935	DATA	Keypress: v
274.0971	DATA	Keypress: v
274.2995	DATA	Keypress: v
274.7728	DATA	Keypress: t
274.9415	DATA	Keypress: t
275.1440	DATA	Keypress: t
275.3466	DATA	Keypress: t
275.5495	DATA	Keypress: t
275.7857	DATA	Keypress: t
276.7318	DATA	Keypress: v
276.9677	DATA	Keypress: v
277.8139	DATA	Keypress: v
280.0413	DATA	Keypress: t
281.8651	DATA	Keypress: t
293.1120	DATA	Keypress: v
293.5170	DATA	Keypress: v
294.0912	DATA	Keypress: v
306.2155	DATA	Keypress: t
306.4858	DATA	Keypress: t
306.7898	DATA	Keypress: t
307.3306	DATA	Keypress: v
307.5666	DATA	Keypress: v
307.7362	DATA	Keypress: v
308.1750	DATA	Keypress: t
308.3448	DATA	Keypress: t
369.1667	DATA	Keypress: return
369.1670	DATA	RatingScale rateL_scale: (key response) rating=3
369.1670	DATA	RatingScale rateL_scale: rating RT=115.606
369.1675	DATA	3.0
369.1675	DATA	end rating L
369.2791	DATA	start rating R
373.0041	DATA	Keypress: v
373.5780	DATA	Keypress: v
374.2525	DATA	Keypress: t
382.1904	DATA	Keypress: t
444.4354	DATA	Keypress: return
444.4358	DATA	RatingScale rateR_scale: (key response) rating=4
444.4359	DATA	RatingScale rateR_scale: rating RT=75.157
444.4364	DATA	4.0
444.4378	DATA	end rating R
446.8732	DATA	Keypress: v
446.8894	DATA	Keypress:v held
446.8895	DATA	earn v
447.2618	DATA	Keypress: v
451.0274	DATA	Keypress: v
451.0605	DATA	Keypress:v held
451.3652	DATA	Keypress: v
451.6354	DATA	Keypress: v
451.8716	DATA	Keypress: v
452.0737	DATA	Keypress:v held
452.0737	DATA	earn v
452.1867	DATA	Keypress: v
452.3786	DATA	Keypress: v
454.6242	DATA	Keypress: v
454.6406	DATA	Keypress:v held
455.3350	DATA	Keypress: v
455.6376	DATA	Keypress: v
455.6707	DATA	Keypress:v held
455.8068	DATA	Keypress: v
456.0428	DATA	Keypress: v
456.1948	DATA	Keypress: v
456.4482	DATA	Keypress: v
456.6508	DATA	Keypress: v
456.6839	DATA	Keypress:v held
456.7858	DATA	Keypress: v
457.0730	DATA	Keypress: v
457.2251	DATA	Keypress: v
457.3939	DATA	Keypress: v
457.5458	DATA	Keypress: v
457.6971	DATA	Keypress:v held
457.6977	DATA	Keypress: v
457.9342	DATA	Keypress: v
458.0861	DATA	Keypress: v
458.2213	DATA	Keypress: v
458.5083	DATA	Keypress: v
458.6612	DATA	Keypress: v
458.7272	DATA	Keypress:v held
458.7954	DATA	Keypress: v
459.0656	DATA	Keypress: v
459.2682	DATA	Keypress: v
459.5382	DATA	Keypress: v
459.7404	DATA	Keypress:v held
460.7203	DATA	Keypress: t
460.7536	DATA	Keypress:t held
461.0753	DATA	Keypress: t
461.3795	DATA	Keypress: t
461.6998	DATA	Keypress: t
461.7668	DATA	Keypress:t held
462.0209	DATA	Keypress: t
462.3080	DATA	Keypress: t
462.5612	DATA	Keypress: t
462.7800	DATA	Keypress:t held
462.8820	DATA	Keypress: t
463.2029	DATA	Keypress: t
463.4732	DATA	Keypress: t
463.7095	DATA	Keypress: t
463.7933	DATA	Keypress:t held
464.0810	DATA	Keypress: t
464.3849	DATA	Keypress: t
464.6552	DATA	Keypress: t
464.8065	DATA	Keypress:t held
464.9929	DATA	Keypress: t
465.2294	DATA	Keypress: t
465.8197	DATA	Keypress:t held
466.7321	DATA	Keypress: v
466.8329	DATA	Keypress:v held
467.0531	DATA	Keypress: v
467.5934	DATA	Keypress: v
467.8461	DATA	Keypress:v held
467.9650	DATA	Keypress: v
468.8431	DATA	Keypress: v
468.8762	DATA	Keypress:v held
469.0287	DATA	Keypress: v
469.8562	DATA	Keypress: v
469.8894	DATA	Keypress:v held
469.8895	DATA	earn v
470.0077	DATA	Keypress: v
472.2037	DATA	Keypress: t
472.2368	DATA	Keypress:t held
472.5921	DATA	Keypress: t
472.9130	DATA	Keypress: t
473.2500	DATA	Keypress:t held
473.2676	DATA	Keypress: t
473.5715	DATA	Keypress: t
473.9767	DATA	Keypress: t
474.2630	DATA	Keypress:t held
474.2637	DATA	Keypress: t
474.6686	DATA	Keypress: t
474.9898	DATA	Keypress: t
475.2763	DATA	Keypress:t held
475.2937	DATA	Keypress: t
475.6495	DATA	Keypress: t
475.8848	DATA	Keypress: t
476.0705	DATA	Keypress: t
476.2895	DATA	Keypress:t held
476.3407	DATA	Keypress: t
477.3027	DATA	Keypress:t held
477.4892	DATA	Keypress: t
478.3160	DATA	Keypress:t held
478.6037	DATA	Keypress: v
479.3292	DATA	Keypress:v held
479.3292	DATA	earn v
479.4559	DATA	Keypress: v
479.6846	DATA	Keypress: v
480.5625	DATA	Keypress: v
481.4569	DATA	Keypress:v held
483.6359	DATA	Keypress: t
483.6691	DATA	Keypress:t held
484.0425	DATA	Keypress: t
484.3622	DATA	Keypress: t
484.6323	DATA	Keypress: t
484.6822	DATA	Keypress:t held
485.0713	DATA	Keypress: t
485.4431	DATA	Keypress: t
485.6954	DATA	Keypress:t held
485.8649	DATA	Keypress: t
486.1871	DATA	Keypress: t
486.5238	DATA	Keypress: t
486.7087	DATA	Keypress:t held
486.8782	DATA	Keypress: t
487.2160	DATA	Keypress: t
487.5711	DATA	Keypress: t
487.7219	DATA	Keypress:t held
487.8913	DATA	Keypress: t
488.2293	DATA	Keypress: t
488.5838	DATA	Keypress: t
488.7351	DATA	Keypress:t held
488.7352	DATA	earn t
488.9554	DATA	Keypress: t
491.7248	DATA	Keypress: v
491.7579	DATA	Keypress:v held
492.0286	DATA	Keypress: v
492.2821	DATA	Keypress: v
492.7042	DATA	Keypress: v
492.7711	DATA	Keypress:v held
493.0419	DATA	Keypress: v
493.3460	DATA	Keypress: v
493.6499	DATA	Keypress: v
493.7843	DATA	Keypress:v held
493.8525	DATA	Keypress: v
494.1058	DATA	Keypress: v
494.4437	DATA	Keypress: v
494.7138	DATA	Keypress: v
494.7975	DATA	Keypress:v held
494.9331	DATA	Keypress: v
495.1867	DATA	Keypress: v
495.4062	DATA	Keypress: v
495.5919	DATA	Keypress: v
495.7440	DATA	Keypress: v
495.8107	DATA	Keypress:v held
495.9127	DATA	Keypress: v
496.0646	DATA	Keypress: v
496.3350	DATA	Keypress: v
496.6389	DATA	Keypress: v
496.8239	DATA	Keypress:v held
497.0442	DATA	Keypress: v
497.2129	DATA	Keypress: v
497.3818	DATA	Keypress: v
497.7197	DATA	Keypress: v
497.8372	DATA	Keypress:v held
497.9728	DATA	Keypress: v
498.1416	DATA	Keypress: v
498.5653	DATA	Keypress: v
498.8504	DATA	Keypress:v held
498.8505	DATA	earn v
498.8511	DATA	Keypress: v
499.0877	DATA	Keypress: v
504.8263	DATA	start rating L
505.2788	DATA	Keypress: t
530.5082	DATA	Keypress: t
531.0820	DATA	Keypress: t
533.9832	DATA	Keypress: return
533.9836	DATA	RatingScale rateL_scale: (key response) rating=1
533.9837	DATA	RatingScale rateL_scale: rating RT=29.157
533.9841	DATA	1.0
533.9841	DATA	end rating L
534.0851	DATA	start rating R
537.1613	DATA	Keypress: v
537.4312	DATA	Keypress: v
537.4993	DATA	Keypress: v
539.0190	DATA	Keypress: t
544.3222	DATA	Keypress: return
544.3227	DATA	RatingScale rateR_scale: (key response) rating=6
544.3228	DATA	RatingScale rateR_scale: rating RT=10.238
544.3233	DATA	6.0
544.3243	DATA	end rating R
547.9243	DATA	Keypress: v
547.9574	DATA	Keypress:v held
548.4310	DATA	Keypress: v
548.8023	DATA	Keypress: v
548.9706	DATA	Keypress:v held
549.1401	DATA	Keypress: v
549.4609	DATA	Keypress: v
549.7651	DATA	Keypress: v
550.0007	DATA	Keypress:v held
550.0858	DATA	Keypress: v
550.3900	DATA	Keypress: v
550.6938	DATA	Keypress: v
551.0139	DATA	Keypress:v held
551.0147	DATA	Keypress: v
551.2680	DATA	Keypress: v
551.5728	DATA	Keypress: v
552.0272	DATA	Keypress:v held
552.9735	DATA	Keypress: t
553.0404	DATA	Keypress:t held
553.3282	DATA	Keypress: t
553.6488	DATA	Keypress: t
553.9190	DATA	Keypress: t
554.0534	DATA	Keypress:t held
554.1894	DATA	Keypress: t
554.3584	DATA	Keypress: t
554.6792	DATA	Keypress: t
555.0506	DATA	Keypress: t
555.0837	DATA	Keypress:t held
555.4053	DATA	Keypress: t
555.7093	DATA	Keypress: t
556.0468	DATA	Keypress: t
556.0969	DATA	Keypress:t held
556.4014	DATA	Keypress: t
556.7224	DATA	Keypress: t
557.0770	DATA	Keypress: t
557.1101	DATA	Keypress:t held
557.3642	DATA	Keypress: t
557.6343	DATA	Keypress: t
558.1233	DATA	Keypress:t held
558.4788	DATA	Keypress: t
559.1365	DATA	Keypress:t held
559.2556	DATA	Keypress: t
559.6947	DATA	Keypress: t
560.1497	DATA	Keypress:t held
560.6403	DATA	Keypress: v
561.1299	DATA	Keypress: v
561.1630	DATA	Keypress:v held
561.1630	DATA	earn v
561.9237	DATA	Keypress: v
563.3928	DATA	Keypress: v
563.4259	DATA	Keypress:v held
563.6630	DATA	Keypress: v
563.8823	DATA	Keypress: v
564.1698	DATA	Keypress: v
564.4391	DATA	Keypress:v held
564.6931	DATA	Keypress: v
564.9970	DATA	Keypress: v
565.1827	DATA	Keypress: v
565.4361	DATA	Keypress: v
565.4692	DATA	Keypress:v held
565.6386	DATA	Keypress: v
565.8750	DATA	Keypress: v
566.0792	DATA	Keypress: v
566.3312	DATA	Keypress: v
566.4823	DATA	Keypress:v held
566.4823	DATA	earn v
566.5925	DATA	Keypress: v
566.7366	DATA	Keypress: v
568.5771	DATA	Keypress: v
568.6439	DATA	Keypress:v held
568.8471	DATA	Keypress: v
569.0667	DATA	Keypress: v
569.2863	DATA	Keypress: v
569.6242	DATA	Keypress: v
569.6572	DATA	Keypress:v held
569.8098	DATA	Keypress: v
569.9955	DATA	Keypress: v
570.1473	DATA	Keypress: v
570.3502	DATA	Keypress: v
570.5359	DATA	Keypress: v
570.6703	DATA	Keypress:v held
570.6881	DATA	Keypress: v
570.9581	DATA	Keypress: v
571.1436	DATA	Keypress: v
571.2958	DATA	Keypress: v
571.4647	DATA	Keypress: v
571.6167	DATA	Keypress: v
571.6836	DATA	Keypress:v held
571.7518	DATA	Keypress: v
572.0558	DATA	Keypress: v
572.3934	DATA	Keypress: v
572.5790	DATA	Keypress: v
572.6968	DATA	Keypress:v held
572.7312	DATA	Keypress: v
572.8663	DATA	Keypress: v
573.0858	DATA	Keypress: v
573.7100	DATA	Keypress:v held
574.7745	DATA	Keypress: t
574.8076	DATA	Keypress:t held
575.1967	DATA	Keypress: t
575.5683	DATA	Keypress: t
575.8209	DATA	Keypress:t held
575.9228	DATA	Keypress: t
576.3282	DATA	Keypress: t
576.6827	DATA	Keypress: t
576.8341	DATA	Keypress:t held
576.8341	DATA	earn t
577.0207	DATA	Keypress: t
579.5367	DATA	Keypress: v
579.5698	DATA	Keypress:v held
579.8574	DATA	Keypress: v
580.1615	DATA	Keypress: v
580.3979	DATA	Keypress: v
580.5668	DATA	Keypress: v
580.5999	DATA	Keypress:v held
580.6000	DATA	earn v
580.8034	DATA	Keypress: v
583.9779	DATA	Keypress: t
584.0110	DATA	Keypress:t held
584.3496	DATA	Keypress: t
584.6534	DATA	Keypress: t
584.9067	DATA	Keypress: t
585.0242	DATA	Keypress:t held
585.2276	DATA	Keypress: t
585.5653	DATA	Keypress: t
585.8524	DATA	Keypress: t
586.0374	DATA	Keypress:t held
586.0375	DATA	earn t
586.1734	DATA	Keypress: t
586.4436	DATA	Keypress: t
588.5544	DATA	Keypress: v
588.5874	DATA	Keypress:v held
588.8584	DATA	Keypress: v
589.1960	DATA	Keypress: v
589.5844	DATA	Keypress: v
589.6175	DATA	Keypress:v held
589.8208	DATA	Keypress: v
590.0234	DATA	Keypress: v
590.1753	DATA	Keypress: v
590.3952	DATA	Keypress: v
590.5808	DATA	Keypress: v
590.6307	DATA	Keypress:v held
590.8847	DATA	Keypress: v
591.1549	DATA	Keypress: v
591.5433	DATA	Keypress: v
591.6439	DATA	Keypress:v held
591.7628	DATA	Keypress: v
591.9317	DATA	Keypress: v
592.2358	DATA	Keypress: v
592.4046	DATA	Keypress: v
592.6571	DATA	Keypress:v held
592.8098	DATA	Keypress: v
593.0123	DATA	Keypress: v
593.1644	DATA	Keypress: v
593.4009	DATA	Keypress: v
593.5698	DATA	Keypress: v
593.6704	DATA	Keypress:v held
593.6704	DATA	earn v
593.7741	DATA	Keypress: v
594.0259	DATA	Keypress: v
596.2547	DATA	Keypress: t
596.2878	DATA	Keypress:t held
596.5923	DATA	Keypress: t
596.8792	DATA	Keypress: t
597.1834	DATA	Keypress: t
597.3010	DATA	Keypress:t held
597.4536	DATA	Keypress: t
598.2641	DATA	Keypress: t
598.3142	DATA	Keypress:t held
598.6693	DATA	Keypress: t
599.0240	DATA	Keypress: t
599.3274	DATA	Keypress:t held
599.3619	DATA	Keypress: t
599.6826	DATA	Keypress: t
599.9879	DATA	Keypress: t
600.3246	DATA	Keypress: t
600.3575	DATA	Keypress:t held
600.6114	DATA	Keypress: t
600.9998	DATA	Keypress: t
601.3707	DATA	Keypress:t held
601.3713	DATA	Keypress: t
601.7093	DATA	Keypress: t
602.0636	DATA	Keypress: t
602.3839	DATA	Keypress:t held
602.4183	DATA	Keypress: t
602.7392	DATA	Keypress: t
603.0429	DATA	Keypress: t
603.3642	DATA	Keypress: t
603.3972	DATA	Keypress:t held
604.7483	DATA	start rating L
604.8614	DATA	Keypress: v
616.9523	DATA	Keypress: t
617.9316	DATA	Keypress: t
624.0107	DATA	Keypress: t
635.8988	DATA	Keypress: return
635.8992	DATA	RatingScale rateL_scale: (key response) rating=2
635.8993	DATA	RatingScale rateL_scale: rating RT=31.151
635.8998	DATA	2.0
635.8998	DATA	end rating L
636.0019	DATA	start rating R
639.3947	DATA	Keypress: v
639.7320	DATA	Keypress: v
639.9682	DATA	Keypress: v
660.1656	DATA	Keypress: return
660.1660	DATA	RatingScale rateR_scale: (key response) rating=7
660.1660	DATA	RatingScale rateR_scale: rating RT=24.164
660.1665	DATA	7.0
660.1676	DATA	end rating R
662.9074	DATA	Keypress: t
662.9403	DATA	Keypress:t held
662.9404	DATA	earn t
663.2790	DATA	Keypress: t
664.8998	DATA	Keypress: t
665.1525	DATA	Keypress:t held
665.1526	DATA	earn t
665.2636	DATA	Keypress: t
667.0781	DATA	Keypress: t
667.3648	DATA	Keypress:t held
667.3648	DATA	earn t
667.4804	DATA	Keypress: t
669.2905	DATA	Keypress: t
669.6275	DATA	Keypress:t held
669.6452	DATA	Keypress: t
670.2362	DATA	Keypress: t
670.5402	DATA	Keypress: t
670.6409	DATA	Keypress:t held
670.6409	DATA	earn t
670.9290	DATA	Keypress: t
672.6172	DATA	Keypress: t
672.8699	DATA	Keypress:t held
672.9550	DATA	Keypress: t
673.6812	DATA	Keypress: t
673.8831	DATA	Keypress:t held
673.8831	DATA	earn t
674.1710	DATA	Keypress: t
675.7583	DATA	Keypress: t
676.0622	DATA	Keypress: t
676.1121	DATA	Keypress:t held
676.1122	DATA	earn t
676.5184	DATA	Keypress: t
680.4529	DATA	Keypress: v
680.4860	DATA	Keypress:v held
680.7905	DATA	Keypress: v
681.1114	DATA	Keypress: v
681.4159	DATA	Keypress: v
681.4992	DATA	Keypress:v held
681.7531	DATA	Keypress: v
682.0739	DATA	Keypress: v
682.3780	DATA	Keypress: v
682.5124	DATA	Keypress:v held
682.6988	DATA	Keypress: v
683.0196	DATA	Keypress: v
683.2730	DATA	Keypress: v
683.5256	DATA	Keypress:v held
683.6107	DATA	Keypress: v
683.9484	DATA	Keypress: v
684.2524	DATA	Keypress: v
684.5226	DATA	Keypress: v
684.5557	DATA	Keypress:v held
684.8096	DATA	Keypress: v
685.0965	DATA	Keypress: v
685.5689	DATA	Keypress:v held
686.7518	DATA	Keypress: t
686.7848	DATA	Keypress:t held
687.1231	DATA	Keypress: t
687.5285	DATA	Keypress: t
687.7979	DATA	Keypress:t held
687.7980	DATA	earn t
687.9137	DATA	Keypress: t
690.2474	DATA	Keypress: v
690.2804	DATA	Keypress:v held
690.6019	DATA	Keypress: v
690.8895	DATA	Keypress: v
691.2268	DATA	Keypress: v
691.2936	DATA	Keypress:v held
691.5308	DATA	Keypress: v
691.8177	DATA	Keypress: v
692.1046	DATA	Keypress: v
692.3068	DATA	Keypress:v held
692.3919	DATA	Keypress: v
692.6959	DATA	Keypress: v
692.9828	DATA	Keypress: v
693.2194	DATA	Keypress: v
693.3201	DATA	Keypress:v held
693.3714	DATA	Keypress: v
693.7935	DATA	Keypress: v
694.1818	DATA	Keypress: v
694.3333	DATA	Keypress:v held
694.5366	DATA	Keypress: v
695.3465	DATA	Keypress:v held
695.7187	DATA	Keypress: t
696.1069	DATA	Keypress: t
696.3597	DATA	Keypress:t held
696.4618	DATA	Keypress: t
696.8161	DATA	Keypress: t
697.1033	DATA	Keypress: t
697.3729	DATA	Keypress:t held
697.4412	DATA	Keypress: t
697.7450	DATA	Keypress: t
698.0320	DATA	Keypress: t
698.3861	DATA	Keypress:t held
698.4036	DATA	Keypress: t
698.6907	DATA	Keypress: t
699.0791	DATA	Keypress: t
699.3993	DATA	Keypress:t held
699.4169	DATA	Keypress: t
700.0923	DATA	Keypress: t
700.4125	DATA	Keypress:t held
700.5151	DATA	Keypress: t
700.9028	DATA	Keypress: t
701.2241	DATA	Keypress: t
701.4258	DATA	Keypress:t held
701.5789	DATA	Keypress: t
701.9331	DATA	Keypress: t
702.3046	DATA	Keypress: t
702.4390	DATA	Keypress:t held
703.0304	DATA	Keypress: t
703.4522	DATA	Keypress:t held
704.4830	DATA	Keypress: v
704.5161	DATA	Keypress:v held
704.8207	DATA	Keypress: v
705.1075	DATA	Keypress: v
705.3947	DATA	Keypress: v
705.5293	DATA	Keypress:v held
705.7001	DATA	Keypress: v
706.0027	DATA	Keypress: v
706.2898	DATA	Keypress: v
706.5425	DATA	Keypress:v held
706.5432	DATA	Keypress: v
706.8301	DATA	Keypress: v
707.1171	DATA	Keypress: v
707.4382	DATA	Keypress: v
707.5557	DATA	Keypress:v held
707.7420	DATA	Keypress: v
708.0291	DATA	Keypress: v
708.3001	DATA	Keypress: v
708.5689	DATA	Keypress:v held
708.5866	DATA	Keypress: v
708.8904	DATA	Keypress: v
709.1605	DATA	Keypress: v
709.4477	DATA	Keypress: v
709.5821	DATA	Keypress:v held
709.6841	DATA	Keypress: v
709.9711	DATA	Keypress: v
710.2413	DATA	Keypress: v
710.5452	DATA	Keypress: v
710.5953	DATA	Keypress:v held
710.5953	DATA	earn v
710.7653	DATA	Keypress: v
712.5718	DATA	Keypress: t
712.8413	DATA	Keypress:t held
712.9939	DATA	Keypress: t
713.3147	DATA	Keypress: t
713.6525	DATA	Keypress: t
713.8545	DATA	Keypress:t held
713.9729	DATA	Keypress: t
714.2603	DATA	Keypress: t
714.6487	DATA	Keypress: t
714.8675	DATA	Keypress:t held
715.0033	DATA	Keypress: t
715.3242	DATA	Keypress: t
715.8807	DATA	Keypress:t held
716.1009	DATA	Keypress: t
716.5062	DATA	Keypress: t
716.8940	DATA	Keypress:t held
716.8947	DATA	Keypress: t
717.2493	DATA	Keypress: t
717.6377	DATA	Keypress: t
717.9072	DATA	Keypress:t held
718.0261	DATA	Keypress: t
718.4145	DATA	Keypress: t
718.7859	DATA	Keypress: t
718.9204	DATA	Keypress:t held
719.2081	DATA	Keypress: t
719.5978	DATA	Keypress: t
719.9336	DATA	Keypress:t held
720.0187	DATA	Keypress: t
720.6510	DATA	start rating L
720.6604	DATA	Keypress: t
720.8740	DATA	Keypress: t
729.9765	DATA	Keypress: v
738.1156	DATA	Keypress: v
740.4792	DATA	Keypress: v
741.1557	DATA	Keypress: v
746.5251	DATA	Keypress: v
751.1182	DATA	Keypress: return
751.1186	DATA	RatingScale rateL_scale: (key response) rating=7
751.1187	DATA	RatingScale rateL_scale: rating RT=30.468
751.1192	DATA	7.0
751.1192	DATA	end rating L
751.2261	DATA	start rating R
765.6922	DATA	Keypress: t
766.0637	DATA	Keypress: t
776.8064	DATA	Keypress: return
776.8373	DATA	RatingScale rateR_scale: (key response) rating=2
776.8374	DATA	RatingScale rateR_scale: rating RT=25.611
776.8378	DATA	2.0
776.8389	DATA	end rating R
779.2413	DATA	Keypress: v
779.2744	DATA	Keypress:v held
779.2745	DATA	earn v
779.6308	DATA	Keypress: v
781.1830	DATA	Keypress: v
781.4872	DATA	Keypress: v
781.5541	DATA	Keypress:v held
781.7908	DATA	Keypress: v
782.0444	DATA	Keypress: v
782.2640	DATA	Keypress: v
782.5005	DATA	Keypress: v
782.5673	DATA	Keypress:v held
782.7199	DATA	Keypress: v
782.9226	DATA	Keypress: v
783.1589	DATA	Keypress: v
783.3785	DATA	Keypress: v
783.5805	DATA	Keypress:v held
783.5981	DATA	Keypress: v
783.7837	DATA	Keypress: v
784.0200	DATA	Keypress: v
784.2072	DATA	Keypress: v
784.3917	DATA	Keypress: v
784.5775	DATA	Keypress: v
784.6106	DATA	Keypress:v held
784.6107	DATA	earn v
784.7466	DATA	Keypress: v
784.9998	DATA	Keypress: v
785.1688	DATA	Keypress: v
786.5870	DATA	Keypress: v
786.8741	DATA	Keypress: v
786.9072	DATA	Keypress:v held
787.1780	DATA	Keypress: v
787.3976	DATA	Keypress: v
787.6171	DATA	Keypress: v
787.7859	DATA	Keypress: v
787.9204	DATA	Keypress:v held
787.9717	DATA	Keypress: v
788.2589	DATA	Keypress: v
788.5291	DATA	Keypress: v
788.7486	DATA	Keypress: v
788.9336	DATA	Keypress:v held
789.0021	DATA	Keypress: v
789.2890	DATA	Keypress: v
789.6098	DATA	Keypress: v
789.9306	DATA	Keypress: v
789.9637	DATA	Keypress:v held
790.2346	DATA	Keypress: v
790.5217	DATA	Keypress: v
790.7922	DATA	Keypress: v
790.9769	DATA	Keypress:v held
791.0960	DATA	Keypress: v
791.4168	DATA	Keypress: v
791.7036	DATA	Keypress: v
791.9901	DATA	Keypress:v held
792.3455	DATA	Keypress: v
792.6998	DATA	Keypress: v
793.0033	DATA	Keypress:v held
793.0209	DATA	Keypress: v
793.2911	DATA	Keypress: v
793.5276	DATA	Keypress: v
793.6968	DATA	Keypress: v
794.0166	DATA	Keypress:v held
795.5203	DATA	Keypress: t
795.5534	DATA	Keypress:t held
795.9086	DATA	Keypress: t
796.2464	DATA	Keypress: t
796.5503	DATA	Keypress: t
796.5835	DATA	Keypress:t held
796.8543	DATA	Keypress: t
797.1582	DATA	Keypress: t
797.5966	DATA	Keypress:t held
798.3236	DATA	Keypress: t
798.6099	DATA	Keypress:t held
799.5900	DATA	Keypress: t
799.6231	DATA	Keypress:t held
800.0795	DATA	Keypress: t
800.4850	DATA	Keypress: t
800.6363	DATA	Keypress:t held
800.8397	DATA	Keypress: t
801.2278	DATA	Keypress: t
801.6495	DATA	Keypress:t held
801.8697	DATA	Keypress: t
802.2412	DATA	Keypress: t
802.6627	DATA	Keypress:t held
803.3389	DATA	Keypress: t
803.6760	DATA	Keypress:t held
803.7609	DATA	Keypress: t
804.0989	DATA	Keypress: t
804.6891	DATA	Keypress:t held
805.5848	DATA	Keypress: v
805.7024	DATA	Keypress:v held
805.9223	DATA	Keypress: v
806.2269	DATA	Keypress: v
806.5136	DATA	Keypress: v
806.7156	DATA	Keypress:v held
806.7838	DATA	Keypress: v
807.0371	DATA	Keypress: v
807.3074	DATA	Keypress: v
807.6113	DATA	Keypress: v
807.7288	DATA	Keypress:v held
807.7288	DATA	earn v
807.8647	DATA	Keypress: v
809.8741	DATA	Keypress: v
810.0084	DATA	Keypress:v held
810.1779	DATA	Keypress: v
810.4482	DATA	Keypress: v
810.7351	DATA	Keypress: v
811.0054	DATA	Keypress: v
811.0386	DATA	Keypress:v held
811.3095	DATA	Keypress: v
811.5798	DATA	Keypress: v
811.8329	DATA	Keypress: v
812.0518	DATA	Keypress:v held
812.1200	DATA	Keypress: v
812.3734	DATA	Keypress: v
812.6605	DATA	Keypress: v
812.9644	DATA	Keypress: v
813.0650	DATA	Keypress:v held
813.1838	DATA	Keypress: v
813.4711	DATA	Keypress: v
813.7412	DATA	Keypress: v
814.0279	DATA	Keypress: v
814.0783	DATA	Keypress:v held
814.3153	DATA	Keypress: v
814.6201	DATA	Keypress: v
814.9233	DATA	Keypress: v
815.0915	DATA	Keypress:v held
815.2102	DATA	Keypress: v
815.4975	DATA	Keypress: v
815.7673	DATA	Keypress: v
816.0379	DATA	Keypress: v
816.1047	DATA	Keypress:v held
816.3250	DATA	Keypress: v
816.6289	DATA	Keypress: v
816.9329	DATA	Keypress: v
817.1179	DATA	Keypress:v held
817.1691	DATA	Keypress: v
818.1311	DATA	Keypress:v held
818.1311	DATA	earn v
818.8932	DATA	Keypress: t
819.4324	DATA	Keypress: t
819.7868	DATA	Keypress: t
820.1244	DATA	Keypress: t
820.4278	DATA	Keypress:t held
820.4791	DATA	Keypress: t
820.8335	DATA	Keypress: t
821.1888	DATA	Keypress: t
821.4410	DATA	Keypress:t held
821.5766	DATA	Keypress: t
821.9143	DATA	Keypress: t
822.2861	DATA	Keypress: t
822.4542	DATA	Keypress:t held
822.6408	DATA	Keypress: t
823.0121	DATA	Keypress: t
823.3837	DATA	Keypress: t
823.4674	DATA	Keypress:t held
823.7552	DATA	Keypress: t
824.1435	DATA	Keypress: t
824.4807	DATA	Keypress:t held
824.4807	DATA	earn t
824.6009	DATA	Keypress: t
826.4402	DATA	Keypress: v
826.7780	DATA	Keypress: v
826.8110	DATA	Keypress:v held
827.0144	DATA	Keypress: v
827.2846	DATA	Keypress: v
827.5379	DATA	Keypress: v
827.7912	DATA	Keypress: v
827.8242	DATA	Keypress:v held
827.8243	DATA	earn v
828.0456	DATA	Keypress: v
829.9358	DATA	Keypress: v
830.1208	DATA	Keypress:v held
830.2062	DATA	Keypress: v
830.4593	DATA	Keypress: v
830.7125	DATA	Keypress: v
830.9657	DATA	Keypress: v
831.1340	DATA	Keypress:v held
831.2191	DATA	Keypress: v
831.4558	DATA	Keypress: v
831.6921	DATA	Keypress: v
831.9284	DATA	Keypress: v
832.1472	DATA	Keypress:v held
832.1479	DATA	Keypress: v
832.4014	DATA	Keypress: v
832.6390	DATA	Keypress: v
832.9248	DATA	Keypress: v
833.1604	DATA	Keypress:v held
833.1780	DATA	Keypress: v
833.4316	DATA	Keypress: v
833.7016	DATA	Keypress: v
833.9886	DATA	Keypress: v
834.1736	DATA	Keypress:v held
834.2924	DATA	Keypress: v
834.5457	DATA	Keypress: v
834.8495	DATA	Keypress: v
835.1537	DATA	Keypress: v
835.1867	DATA	Keypress:v held
835.4406	DATA	Keypress: v
835.7448	DATA	Keypress: v
836.0486	DATA	Keypress: v
836.2000	DATA	Keypress:v held
836.3357	DATA	Keypress: v
836.6231	DATA	Keypress: v
837.3948	DATA	start rating L
865.9499	DATA	Keypress: v
866.3892	DATA	Keypress: v
868.8882	DATA	Keypress: v
886.9908	DATA	Keypress: t
887.2611	DATA	Keypress: t
887.4977	DATA	Keypress: t
887.7340	DATA	Keypress: t
888.4056	DATA	Keypress: v
904.3167	DATA	Keypress: v
904.6168	DATA	Keypress: v
904.8912	DATA	Keypress: v
906.9174	DATA	Keypress: return
906.9177	DATA	RatingScale rateL_scale: (key response) rating=7
906.9178	DATA	RatingScale rateL_scale: rating RT=69.523
906.9183	DATA	7.0
906.9183	DATA	end rating L
907.0211	DATA	start rating R
918.3498	DATA	Keypress: t
919.1266	DATA	Keypress: t
921.5578	DATA	Keypress: return
921.5582	DATA	RatingScale rateR_scale: (key response) rating=2
921.5583	DATA	RatingScale rateR_scale: rating RT=14.537
921.5587	DATA	2.0
921.5598	DATA	end rating R
925.6000	DATA	Keypress: v
925.6331	DATA	Keypress:v held
925.9714	DATA	Keypress: v
926.2764	DATA	Keypress: v
926.6133	DATA	Keypress: v
926.6463	DATA	Keypress:v held
926.9172	DATA	Keypress: v
927.2211	DATA	Keypress: v
927.4913	DATA	Keypress: v
927.6595	DATA	Keypress:v held
927.7615	DATA	Keypress: v
928.0147	DATA	Keypress: v
928.2682	DATA	Keypress: v
928.5381	DATA	Keypress: v
928.6727	DATA	Keypress:v held
928.7914	DATA	Keypress: v
929.0786	DATA	Keypress: v
929.3488	DATA	Keypress: v
929.6189	DATA	Keypress: v
929.6860	DATA	Keypress:v held
929.8723	DATA	Keypress: v
930.1762	DATA	Keypress: v
930.4466	DATA	Keypress: v
930.6991	DATA	Keypress:v held
930.7671	DATA	Keypress: v
931.0544	DATA	Keypress: v
931.3247	DATA	Keypress: v
931.6117	DATA	Keypress: v
931.7123	DATA	Keypress:v held
931.8818	DATA	Keypress: v
932.2027	DATA	Keypress: v
932.5067	DATA	Keypress: v
932.7256	DATA	Keypress:v held
932.7256	DATA	earn v
932.8343	DATA	Keypress: v
933.1335	DATA	Keypress: v
935.0733	DATA	Keypress: v
935.1066	DATA	Keypress:v held
935.4282	DATA	Keypress: v
935.7323	DATA	Keypress: v
936.0020	DATA	Keypress: v
936.1198	DATA	Keypress:v held
936.2723	DATA	Keypress: v
936.5092	DATA	Keypress: v
936.7793	DATA	Keypress: v
936.9986	DATA	Keypress: v
937.1331	DATA	Keypress:v held
937.2689	DATA	Keypress: v
937.5052	DATA	Keypress: v
937.7753	DATA	Keypress: v
938.0287	DATA	Keypress: v
938.1462	DATA	Keypress:v held
938.2822	DATA	Keypress: v
938.5861	DATA	Keypress: v
938.8066	DATA	Keypress: v
939.0587	DATA	Keypress: v
939.1594	DATA	Keypress:v held
939.3122	DATA	Keypress: v
939.5484	DATA	Keypress: v
939.8019	DATA	Keypress: v
940.0550	DATA	Keypress: v
940.1726	DATA	Keypress:v held
940.3085	DATA	Keypress: v
940.5787	DATA	Keypress: v
940.8657	DATA	Keypress: v
941.1359	DATA	Keypress: v
941.1858	DATA	Keypress:v held
941.3906	DATA	Keypress: v
942.1990	DATA	Keypress:v held
942.9091	DATA	Keypress: t
943.2123	DATA	Keypress:t held
943.2807	DATA	Keypress: t
943.6013	DATA	Keypress: t
943.8886	DATA	Keypress: t
944.2255	DATA	Keypress:t held
944.2429	DATA	Keypress: t
944.5471	DATA	Keypress: t
944.8848	DATA	Keypress: t
945.1212	DATA	Keypress: t
945.2387	DATA	Keypress:t held
945.5435	DATA	Keypress: t
945.9318	DATA	Keypress: t
946.2519	DATA	Keypress:t held
948.2959	DATA	Keypress: t
948.3123	DATA	Keypress:t held
948.7688	DATA	Keypress: t
949.1909	DATA	Keypress: t
949.3255	DATA	Keypress:t held
949.5455	DATA	Keypress: t
949.9508	DATA	Keypress: t
950.3387	DATA	Keypress:t held
950.3394	DATA	Keypress: t
950.6937	DATA	Keypress: t
951.3519	DATA	Keypress:t held
951.6902	DATA	Keypress: t
952.0784	DATA	Keypress: t
952.3651	DATA	Keypress:t held
952.5178	DATA	Keypress: t
953.3783	DATA	Keypress:t held
953.3783	DATA	earn t
953.4969	DATA	Keypress: v
954.2067	DATA	Keypress: v
955.6755	DATA	Keypress: v
955.7087	DATA	Keypress:v held
956.1146	DATA	Keypress: v
956.6044	DATA	Keypress: v
956.7219	DATA	Keypress:v held
956.7219	DATA	earn v
958.8670	DATA	Keypress: v
959.0523	DATA	Keypress:v held
959.2048	DATA	Keypress: v
959.5089	DATA	Keypress: v
959.8631	DATA	Keypress: v
960.0654	DATA	Keypress:v held
960.1843	DATA	Keypress: v
960.5053	DATA	Keypress: v
960.8430	DATA	Keypress: v
961.0787	DATA	Keypress:v held
961.1639	DATA	Keypress: v
961.5015	DATA	Keypress: v
961.8393	DATA	Keypress: v
962.0919	DATA	Keypress:v held
962.1432	DATA	Keypress: v
962.4303	DATA	Keypress: v
962.7681	DATA	Keypress: v
963.1051	DATA	Keypress:v held
963.1059	DATA	Keypress: v
964.0007	DATA	Keypress: v
964.1183	DATA	Keypress:v held
964.3387	DATA	Keypress: v
964.7270	DATA	Keypress: v
965.0985	DATA	Keypress: v
965.1314	DATA	Keypress:v held
965.4531	DATA	Keypress: v
965.7908	DATA	Keypress: v
966.1447	DATA	Keypress:v held
966.1791	DATA	Keypress: v
966.9223	DATA	Keypress: v
967.1580	DATA	Keypress:v held
967.2939	DATA	Keypress: v
967.6316	DATA	Keypress: v
967.9860	DATA	Keypress: v
968.1712	DATA	Keypress:v held
968.3239	DATA	Keypress: v
968.6787	DATA	Keypress: v
969.0331	DATA	Keypress: v
969.1844	DATA	Keypress:v held
969.1844	DATA	earn v
969.3882	DATA	Keypress: v
970.8232	DATA	Keypress: v
971.1777	DATA	Keypress: v
971.4988	DATA	Keypress: v
971.5318	DATA	Keypress:v held
971.8703	DATA	Keypress: v
972.1909	DATA	Keypress: v
972.5119	DATA	Keypress: v
972.5450	DATA	Keypress:v held
972.8663	DATA	Keypress: v
973.1704	DATA	Keypress: v
973.4576	DATA	Keypress: v
973.5582	DATA	Keypress:v held
973.7783	DATA	Keypress: v
974.1160	DATA	Keypress: v
974.4203	DATA	Keypress: v
974.5714	DATA	Keypress:v held
974.7409	DATA	Keypress: v
975.0786	DATA	Keypress: v
975.3657	DATA	Keypress: v
975.5846	DATA	Keypress:v held
975.6864	DATA	Keypress: v
976.0241	DATA	Keypress: v
976.3282	DATA	Keypress: v
976.5978	DATA	Keypress:v held
976.6492	DATA	Keypress: v
976.9531	DATA	Keypress: v
977.2909	DATA	Keypress: v
977.5949	DATA	Keypress: v
977.6279	DATA	Keypress:v held
977.8988	DATA	Keypress: v
978.2027	DATA	Keypress: v
978.5574	DATA	Keypress: v
978.6412	DATA	Keypress:v held
978.9457	DATA	Keypress: v
979.3849	DATA	Keypress: v
979.6544	DATA	Keypress:v held
979.6544	DATA	earn v
979.7903	DATA	Keypress: v
982.2017	DATA	start rating L
982.2116	DATA	Keypress: v
982.2125	DATA	Keypress: v
992.9565	DATA	Keypress: t
993.7000	DATA	Keypress: t
994.1385	DATA	Keypress: t
994.6079	DATA	Keypress: t
995.0162	DATA	Keypress: t
1001.6360	DATA	Keypress: return
1001.6363	DATA	RatingScale rateL_scale: (key response) rating=1
1001.6364	DATA	RatingScale rateL_scale: rating RT=19.435
1001.6369	DATA	1.0
1001.6369	DATA	end rating L
1001.7430	DATA	start rating R
1004.2190	DATA	Keypress: v
1004.6930	DATA	Keypress: v
1007.7994	DATA	Keypress: return
1007.7997	DATA	RatingScale rateR_scale: (key response) rating=6
1007.7998	DATA	RatingScale rateR_scale: rating RT=6.057
1007.8003	DATA	6.0
1007.8014	DATA	end rating R
