20.7008	DATA	version A
75.3847	DATA	Keypress: space
76.9889	DATA	Keypress: v
77.0221	DATA	Keypress:v held
77.3435	DATA	Keypress: v
78.0352	DATA	Keypress:v held
78.0359	DATA	Keypress: v
78.7453	DATA	Keypress: v
79.0484	DATA	Keypress:v held
79.4206	DATA	Keypress: t
79.8935	DATA	Keypress: t
80.0616	DATA	Keypress:t held
80.2493	DATA	Keypress: t
80.5858	DATA	Keypress: t
80.8391	DATA	Keypress: t
81.0585	DATA	Keypress: t
81.0749	DATA	Keypress:t held
81.0749	DATA	earn t
81.2615	DATA	Keypress: t
81.5148	DATA	Keypress: t
84.1152	DATA	Keypress: t
84.1483	DATA	Keypress:t held
84.4189	DATA	Keypress: t
84.6893	DATA	Keypress: t
84.8919	DATA	Keypress: t
85.0943	DATA	Keypress: t
85.1613	DATA	Keypress:t held
85.2802	DATA	Keypress: t
85.4662	DATA	Keypress: t
85.6519	DATA	Keypress: t
85.8377	DATA	Keypress: t
86.0064	DATA	Keypress: t
86.1747	DATA	Keypress:t held
86.2091	DATA	Keypress: t
86.3782	DATA	Keypress: t
86.5806	DATA	Keypress: t
86.7665	DATA	Keypress: t
86.9523	DATA	Keypress: t
87.1550	DATA	Keypress: t
87.1880	DATA	Keypress:t held
87.3574	DATA	Keypress: t
87.5430	DATA	Keypress: t
87.7287	DATA	Keypress: t
87.8980	DATA	Keypress: t
88.0837	DATA	Keypress: t
88.2011	DATA	Keypress:t held
88.2012	DATA	earn t
90.4982	DATA	Keypress: t
90.5146	DATA	Keypress:t held
90.5146	DATA	earn t
90.7180	DATA	Keypress: t
90.8869	DATA	Keypress: t
91.6130	DATA	Keypress: t
92.0353	DATA	Keypress: t
92.5748	DATA	Keypress:t held
92.7783	DATA	Keypress: t
92.9808	DATA	Keypress: t
93.1835	DATA	Keypress: t
93.3860	DATA	Keypress: t
93.5718	DATA	Keypress: t
93.6049	DATA	Keypress:t held
93.7746	DATA	Keypress: t
93.9941	DATA	Keypress: t
94.1798	DATA	Keypress: t
94.3486	DATA	Keypress: t
94.5343	DATA	Keypress: t
94.6181	DATA	Keypress:t held
94.9059	DATA	Keypress: t
95.0917	DATA	Keypress: t
95.2606	DATA	Keypress: t
95.4463	DATA	Keypress: t
95.6313	DATA	Keypress:t held
95.6314	DATA	earn t
95.6321	DATA	Keypress: t
95.8012	DATA	Keypress: t
95.9715	DATA	Keypress: t
98.0132	DATA	Keypress: t
98.0462	DATA	Keypress:t held
98.0463	DATA	earn t
98.2159	DATA	Keypress: t
98.4186	DATA	Keypress: t
98.5874	DATA	Keypress: t
99.1614	DATA	Keypress: t
99.8370	DATA	Keypress: t
100.1233	DATA	Keypress:t held
101.2722	DATA	Keypress: v
101.3054	DATA	Keypress:v held
101.5931	DATA	Keypress: v
102.0323	DATA	Keypress: v
102.3186	DATA	Keypress:v held
102.3193	DATA	Keypress: v
102.6401	DATA	Keypress: v
102.8442	DATA	Keypress: v
103.1298	DATA	Keypress: v
103.3168	DATA	Keypress: v
103.3487	DATA	Keypress:v held
104.0924	DATA	Keypress: v
104.3619	DATA	Keypress:v held
104.4470	DATA	Keypress: v
104.6835	DATA	Keypress: v
105.3588	DATA	Keypress: v
105.3751	DATA	Keypress:v held
105.7137	DATA	Keypress: v
106.3882	DATA	Keypress:v held
107.1996	DATA	Keypress: t
107.4015	DATA	Keypress:t held
107.4866	DATA	Keypress: t
107.7062	DATA	Keypress: t
107.9256	DATA	Keypress: t
108.1453	DATA	Keypress: t
108.3493	DATA	Keypress: t
108.4147	DATA	Keypress:t held
108.5674	DATA	Keypress: t
108.7868	DATA	Keypress: t
109.0064	DATA	Keypress: t
109.4279	DATA	Keypress:t held
109.4793	DATA	Keypress: v
109.7325	DATA	Keypress: v
109.9690	DATA	Keypress: v
110.1717	DATA	Keypress: v
110.3743	DATA	Keypress: v
110.4412	DATA	Keypress:v held
110.5598	DATA	Keypress: v
110.7626	DATA	Keypress: v
110.9654	DATA	Keypress: v
111.1511	DATA	Keypress: v
111.3538	DATA	Keypress: v
111.4544	DATA	Keypress:v held
111.5393	DATA	Keypress: v
111.7097	DATA	Keypress: v
111.9113	DATA	Keypress: v
112.1137	DATA	Keypress: v
112.2826	DATA	Keypress: v
112.4676	DATA	Keypress:v held
112.6377	DATA	Keypress: t
112.8736	DATA	Keypress: t
113.3126	DATA	Keypress: t
113.4808	DATA	Keypress:t held
113.4984	DATA	Keypress: t
113.7180	DATA	Keypress: t
113.8869	DATA	Keypress: t
114.0894	DATA	Keypress: t
114.2921	DATA	Keypress: t
114.4779	DATA	Keypress: t
114.5109	DATA	Keypress:t held
114.5110	DATA	earn t
114.6808	DATA	Keypress: t
116.2847	DATA	Keypress: t
116.5380	DATA	Keypress: t
116.5880	DATA	Keypress:t held
116.7576	DATA	Keypress: t
116.9433	DATA	Keypress: t
117.1458	DATA	Keypress: t
117.3825	DATA	Keypress: t
117.5850	DATA	Keypress: t
117.6012	DATA	Keypress:t held
117.6013	DATA	earn t
117.7880	DATA	Keypress: t
117.9751	DATA	Keypress: t
119.4593	DATA	Keypress: v
119.6784	DATA	Keypress:v held
119.8649	DATA	Keypress: v
120.6916	DATA	Keypress:v held
120.7261	DATA	Keypress: t
120.9456	DATA	Keypress: t
121.1482	DATA	Keypress: t
121.4859	DATA	Keypress: t
121.7049	DATA	Keypress:t held
121.8071	DATA	Keypress: t
121.9926	DATA	Keypress: t
122.2290	DATA	Keypress: t
122.3992	DATA	Keypress: t
122.6342	DATA	Keypress: t
122.7181	DATA	Keypress:t held
123.1407	DATA	Keypress: v
123.4108	DATA	Keypress: v
123.6307	DATA	Keypress: v
123.7313	DATA	Keypress:v held
123.7995	DATA	Keypress: v
124.1372	DATA	Keypress: v
124.7445	DATA	Keypress:v held
124.8972	DATA	Keypress: v
125.0998	DATA	Keypress: v
125.3039	DATA	Keypress: v
125.4881	DATA	Keypress: v
125.7577	DATA	Keypress:v held
125.8259	DATA	Keypress: v
126.0117	DATA	Keypress: v
126.1975	DATA	Keypress: v
126.6700	DATA	Keypress: t
126.7708	DATA	Keypress:t held
126.8897	DATA	Keypress: t
127.1428	DATA	Keypress: t
127.3625	DATA	Keypress: t
127.5313	DATA	Keypress: t
127.7002	DATA	Keypress: t
127.7840	DATA	Keypress:t held
127.8692	DATA	Keypress: t
128.0211	DATA	Keypress: t
128.1562	DATA	Keypress: t
128.2744	DATA	Keypress: t
128.3925	DATA	Keypress: t
128.5277	DATA	Keypress: t
128.6458	DATA	Keypress: t
128.7810	DATA	Keypress: t
128.8141	DATA	Keypress:t held
128.9330	DATA	Keypress: t
129.0341	DATA	Keypress: t
129.1694	DATA	Keypress: t
129.3045	DATA	Keypress: t
129.4397	DATA	Keypress: t
129.5576	DATA	Keypress: t
129.7269	DATA	Keypress: t
129.8273	DATA	Keypress:t held
129.8962	DATA	Keypress: t
130.0645	DATA	Keypress: t
130.1993	DATA	Keypress: t
130.8405	DATA	Keypress:t held
130.8750	DATA	Keypress: v
131.1113	DATA	Keypress: v
131.2972	DATA	Keypress: v
131.4660	DATA	Keypress: v
131.6518	DATA	Keypress: v
131.8038	DATA	Keypress: v
131.8538	DATA	Keypress:v held
131.9726	DATA	Keypress: v
132.1077	DATA	Keypress: v
132.2259	DATA	Keypress: v
132.4958	DATA	Keypress: v
132.6142	DATA	Keypress: v
132.7494	DATA	Keypress: v
132.8670	DATA	Keypress:v held
133.3912	DATA	Keypress: t
133.5768	DATA	Keypress: t
133.7964	DATA	Keypress: t
133.8802	DATA	Keypress:t held
133.8802	DATA	earn t
133.9706	DATA	Keypress: t
134.1509	DATA	Keypress: t
134.3200	DATA	Keypress: t
135.7396	DATA	start rating L
135.7616	DATA	Keypress: t
136.0046	DATA	Keypress: t
141.8952	DATA	Keypress: v
142.3351	DATA	Keypress: v
142.6401	DATA	Keypress: v
142.9426	DATA	Keypress: v
147.3000	DATA	Keypress: return
147.3005	DATA	RatingScale rateL_scale: (key response) rating=6
147.3006	DATA	RatingScale rateL_scale: rating RT=11.561
147.3013	DATA	6.0
147.3013	DATA	end rating L
147.4177	DATA	start rating R
152.4670	DATA	Keypress: t
152.6684	DATA	Keypress: t
153.2775	DATA	Keypress: t
154.6583	DATA	Keypress: return
154.6586	DATA	RatingScale rateR_scale: (key response) rating=1
154.6587	DATA	RatingScale rateR_scale: rating RT=7.241
154.6591	DATA	1.0
154.6603	DATA	end rating R
157.8096	DATA	Keypress: t
157.8427	DATA	Keypress:t held
158.0461	DATA	Keypress: t
158.2487	DATA	Keypress: t
158.4173	DATA	Keypress: t
158.6032	DATA	Keypress: t
158.7382	DATA	Keypress: t
158.8559	DATA	Keypress:t held
158.8904	DATA	Keypress: t
159.1606	DATA	Keypress: t
159.8691	DATA	Keypress:t held
160.0387	DATA	Keypress: v
160.6972	DATA	Keypress: v
160.8322	DATA	Keypress: v
160.8824	DATA	Keypress:v held
160.9336	DATA	Keypress: v
161.0519	DATA	Keypress: v
161.1702	DATA	Keypress: v
161.2882	DATA	Keypress: v
161.4234	DATA	Keypress: v
161.5416	DATA	Keypress: v
161.6609	DATA	Keypress: v
161.7950	DATA	Keypress: v
161.8956	DATA	Keypress:v held
161.9132	DATA	Keypress: v
162.0482	DATA	Keypress: v
162.1662	DATA	Keypress: v
162.3014	DATA	Keypress: v
162.7912	DATA	Keypress: t
162.9088	DATA	Keypress:t held
162.9770	DATA	Keypress: t
163.1459	DATA	Keypress: t
163.3147	DATA	Keypress: t
163.4835	DATA	Keypress: t
163.6355	DATA	Keypress: t
163.8046	DATA	Keypress: t
163.9220	DATA	Keypress:t held
163.9567	DATA	Keypress: t
164.3618	DATA	Keypress: t
164.4967	DATA	Keypress: t
164.6319	DATA	Keypress: t
164.7669	DATA	Keypress: t
164.9352	DATA	Keypress:t held
164.9360	DATA	Keypress: t
165.0710	DATA	Keypress: t
165.2059	DATA	Keypress: t
165.3244	DATA	Keypress: t
165.4424	DATA	Keypress: t
165.5607	DATA	Keypress: t
165.6959	DATA	Keypress: t
165.8309	DATA	Keypress: t
165.9484	DATA	Keypress:t held
165.9662	DATA	Keypress: t
166.1010	DATA	Keypress: t
166.2191	DATA	Keypress: t
166.3713	DATA	Keypress: t
166.4895	DATA	Keypress: t
166.6246	DATA	Keypress: t
166.7427	DATA	Keypress: t
166.8780	DATA	Keypress: t
166.9616	DATA	Keypress:t held
167.0130	DATA	Keypress: t
167.1310	DATA	Keypress: t
167.2663	DATA	Keypress: t
167.4014	DATA	Keypress: t
167.5195	DATA	Keypress: t
167.9749	DATA	Keypress:t held
168.2458	DATA	Keypress: v
168.4147	DATA	Keypress: v
168.6003	DATA	Keypress: v
168.7693	DATA	Keypress: v
168.9212	DATA	Keypress: v
168.9881	DATA	Keypress:v held
168.9882	DATA	earn v
169.0969	DATA	Keypress: v
169.1916	DATA	Keypress: v
169.3101	DATA	Keypress: v
169.4620	DATA	Keypress: v
171.2010	DATA	Keypress: v
171.2340	DATA	Keypress:v held
171.3699	DATA	Keypress: v
171.5217	DATA	Keypress: v
171.7585	DATA	Keypress: v
171.8933	DATA	Keypress: v
172.0453	DATA	Keypress: v
172.1635	DATA	Keypress: v
172.2643	DATA	Keypress:v held
172.2643	DATA	earn v
172.3665	DATA	Keypress: v
172.4341	DATA	Keypress: v
172.5690	DATA	Keypress: v
172.7210	DATA	Keypress: v
172.8392	DATA	Keypress: v
172.9911	DATA	Keypress: v
174.1223	DATA	Keypress: v
174.2913	DATA	Keypress: v
174.3919	DATA	Keypress:v held
174.3919	DATA	earn v
174.5011	DATA	Keypress: v
174.5615	DATA	Keypress: v
174.6800	DATA	Keypress: v
174.8150	DATA	Keypress: v
174.9331	DATA	Keypress: v
175.0683	DATA	Keypress: v
175.2033	DATA	Keypress: v
175.3213	DATA	Keypress: v
175.5163	DATA	Keypress: v
175.5744	DATA	Keypress: v
176.4696	DATA	Keypress: v
176.5196	DATA	Keypress:v held
176.6216	DATA	Keypress: v
176.7905	DATA	Keypress: v
176.9256	DATA	Keypress: v
177.0438	DATA	Keypress: v
177.1620	DATA	Keypress: v
177.2971	DATA	Keypress: v
177.4321	DATA	Keypress: v
177.5328	DATA	Keypress:v held
177.5328	DATA	earn v
177.6363	DATA	Keypress: v
177.7033	DATA	Keypress: v
177.8391	DATA	Keypress: v
177.9729	DATA	Keypress: v
178.1078	DATA	Keypress: v
178.2599	DATA	Keypress: v
178.3949	DATA	Keypress: v
178.5300	DATA	Keypress: v
178.6840	DATA	Keypress: v
178.8002	DATA	Keypress: v
179.6944	DATA	Keypress:v held
179.8478	DATA	Keypress: v
179.9989	DATA	Keypress: v
180.1679	DATA	Keypress: v
180.3367	DATA	Keypress: v
180.4551	DATA	Keypress: v
180.5729	DATA	Keypress: v
180.7077	DATA	Keypress:v held
180.7077	DATA	earn v
180.7085	DATA	Keypress: v
180.8436	DATA	Keypress: v
180.9788	DATA	Keypress: v
181.1137	DATA	Keypress: v
181.2488	DATA	Keypress: v
181.4008	DATA	Keypress: v
181.6710	DATA	Keypress: v
181.8457	DATA	Keypress: v
181.9579	DATA	Keypress: v
182.0930	DATA	Keypress: v
182.2281	DATA	Keypress: v
182.8523	DATA	Keypress:v held
182.8699	DATA	Keypress: t
183.0556	DATA	Keypress: t
183.2081	DATA	Keypress: t
183.3595	DATA	Keypress: t
183.4608	DATA	Keypress: t
183.5792	DATA	Keypress: t
183.6976	DATA	Keypress: t
183.8325	DATA	Keypress: t
183.8655	DATA	Keypress:t held
183.9846	DATA	Keypress: t
184.1026	DATA	Keypress: t
184.2374	DATA	Keypress: t
184.3559	DATA	Keypress: t
184.8787	DATA	Keypress:t held
184.8787	DATA	earn t
184.9734	DATA	Keypress: v
185.1328	DATA	Keypress: v
185.3015	DATA	Keypress: v
186.5004	DATA	Keypress: v
186.6358	DATA	Keypress: v
187.0233	DATA	Keypress:v held
187.3446	DATA	Keypress: v
187.4969	DATA	Keypress: v
187.6657	DATA	Keypress: v
188.0365	DATA	Keypress:v held
189.1855	DATA	Keypress: v
189.2186	DATA	Keypress:v held
189.2187	DATA	earn v
189.3546	DATA	Keypress: v
189.5741	DATA	Keypress: v
189.8275	DATA	Keypress: v
190.0976	DATA	Keypress: v
190.3604	DATA	Keypress: v
190.6208	DATA	Keypress: v
190.8573	DATA	Keypress: v
191.0600	DATA	Keypress: v
191.2963	DATA	Keypress: v
191.3632	DATA	Keypress:v held
191.5326	DATA	Keypress: v
191.7524	DATA	Keypress: v
191.9549	DATA	Keypress: v
192.1915	DATA	Keypress: v
192.3764	DATA	Keypress:v held
192.4278	DATA	Keypress: v
192.6303	DATA	Keypress: v
192.8335	DATA	Keypress: v
193.0696	DATA	Keypress: v
193.2890	DATA	Keypress: v
193.3896	DATA	Keypress:v held
193.4916	DATA	Keypress: v
193.7112	DATA	Keypress: v
193.8982	DATA	Keypress: v
194.1165	DATA	Keypress: v
194.4028	DATA	Keypress:v held
194.4880	DATA	Keypress: t
194.7244	DATA	Keypress: t
194.9947	DATA	Keypress: t
195.2479	DATA	Keypress: t
195.4161	DATA	Keypress:t held
195.4844	DATA	Keypress: t
195.7208	DATA	Keypress: t
195.9403	DATA	Keypress: t
196.1767	DATA	Keypress: t
196.3961	DATA	Keypress: t
196.4293	DATA	Keypress:t held
196.4293	DATA	earn t
196.6329	DATA	Keypress: t
196.8357	DATA	Keypress: t
197.0382	DATA	Keypress: t
197.7473	DATA	Keypress: v
198.0005	DATA	Keypress: v
198.2368	DATA	Keypress: v
198.4564	DATA	Keypress: v
198.5739	DATA	Keypress:v held
198.6592	DATA	Keypress: v
198.8955	DATA	Keypress: v
199.0985	DATA	Keypress: v
199.3346	DATA	Keypress: v
199.5539	DATA	Keypress: v
199.5871	DATA	Keypress:v held
199.7737	DATA	Keypress: v
200.0101	DATA	Keypress: v
200.2296	DATA	Keypress: v
200.4660	DATA	Keypress: v
200.6003	DATA	Keypress:v held
200.6855	DATA	Keypress: v
200.9051	DATA	Keypress: v
201.1246	DATA	Keypress: v
201.3103	DATA	Keypress: v
201.6135	DATA	Keypress:v held
201.7832	DATA	Keypress: t
202.0196	DATA	Keypress: t
202.2560	DATA	Keypress: t
202.4590	DATA	Keypress: t
202.6437	DATA	Keypress:t held
202.6952	DATA	Keypress: t
202.9315	DATA	Keypress: t
203.1510	DATA	Keypress: t
203.3710	DATA	Keypress: t
203.5898	DATA	Keypress: t
203.6569	DATA	Keypress:t held
203.8097	DATA	Keypress: t
204.0460	DATA	Keypress: t
204.2824	DATA	Keypress: t
204.5356	DATA	Keypress: t
204.6702	DATA	Keypress:t held
204.7397	DATA	Keypress: t
204.9748	DATA	Keypress: t
205.1943	DATA	Keypress: t
205.4307	DATA	Keypress: t
205.6501	DATA	Keypress: t
205.6834	DATA	Keypress:t held
205.8698	DATA	Keypress: t
206.0725	DATA	Keypress: t
206.2920	DATA	Keypress: t
206.4946	DATA	Keypress: t
206.6966	DATA	Keypress:t held
206.6967	DATA	earn t
206.8836	DATA	Keypress: v
207.1365	DATA	Keypress: v
207.4067	DATA	Keypress: v
207.6431	DATA	Keypress: v
207.8794	DATA	Keypress: v
208.1327	DATA	Keypress: v
208.3521	DATA	Keypress: v
208.5718	DATA	Keypress: v
208.8082	DATA	Keypress: v
208.8581	DATA	Keypress:v held
209.0122	DATA	Keypress: v
209.2303	DATA	Keypress: v
209.4680	DATA	Keypress: v
209.6861	DATA	Keypress: v
209.8713	DATA	Keypress:v held
210.2267	DATA	Keypress: t
210.5136	DATA	Keypress: t
210.7670	DATA	Keypress: t
210.8846	DATA	Keypress:t held
210.9697	DATA	Keypress: t
211.1725	DATA	Keypress: t
211.4087	DATA	Keypress: t
211.6621	DATA	Keypress: t
211.8816	DATA	Keypress: t
211.9147	DATA	Keypress:t held
211.9147	DATA	earn t
212.1012	DATA	Keypress: t
212.3546	DATA	Keypress: t
212.5571	DATA	Keypress: t
212.7600	DATA	Keypress: t
213.5364	DATA	Keypress: v
213.7573	DATA	Keypress: v
213.9926	DATA	Keypress: v
214.0930	DATA	Keypress:v held
214.2133	DATA	Keypress: v
214.4483	DATA	Keypress: v
214.6679	DATA	Keypress: v
215.0614	DATA	start rating L
215.0700	DATA	Keypress: v
215.1343	DATA	Keypress: v
215.3708	DATA	Keypress: v
216.7216	DATA	Keypress: t
222.9365	DATA	Keypress: v
229.5893	DATA	Keypress: return
229.5897	DATA	RatingScale rateL_scale: (key response) rating=7
229.5897	DATA	RatingScale rateL_scale: rating RT=14.528
229.5902	DATA	1.0
229.5902	DATA	end rating L
229.6912	DATA	start rating R
232.9164	DATA	Keypress: v
233.2204	DATA	Keypress: v
233.9300	DATA	Keypress: v
238.2857	DATA	Keypress: return
238.2861	DATA	RatingScale rateR_scale: (key response) rating=7
238.2861	DATA	RatingScale rateR_scale: rating RT=8.595
238.2866	DATA	7.0
238.2877	DATA	end rating R
243.8655	DATA	Keypress: t
243.8985	DATA	Keypress:t held
244.1356	DATA	Keypress: t
244.3551	DATA	Keypress: t
244.5577	DATA	Keypress: t
244.7605	DATA	Keypress: t
244.9117	DATA	Keypress:t held
244.9631	DATA	Keypress: t
245.1488	DATA	Keypress: t
245.3514	DATA	Keypress: t
245.5375	DATA	Keypress: t
245.7066	DATA	Keypress: t
245.8750	DATA	Keypress: t
245.9249	DATA	Keypress:t held
246.0607	DATA	Keypress: t
246.2292	DATA	Keypress: t
246.3982	DATA	Keypress: t
246.6010	DATA	Keypress: t
246.7698	DATA	Keypress: t
246.9380	DATA	Keypress:t held
246.9556	DATA	Keypress: t
247.1413	DATA	Keypress: t
247.3268	DATA	Keypress: t
247.5126	DATA	Keypress: t
247.6985	DATA	Keypress: t
247.8844	DATA	Keypress: t
247.9512	DATA	Keypress:t held
248.0701	DATA	Keypress: t
248.2559	DATA	Keypress: t
248.4260	DATA	Keypress: t
248.6104	DATA	Keypress: t
248.7625	DATA	Keypress: t
248.9482	DATA	Keypress: t
248.9814	DATA	Keypress:t held
249.1171	DATA	Keypress: t
249.2859	DATA	Keypress: t
249.4716	DATA	Keypress: t
249.6236	DATA	Keypress: t
249.7941	DATA	Keypress: t
249.9781	DATA	Keypress: t
250.0114	DATA	Keypress:t held
250.1641	DATA	Keypress: t
250.3497	DATA	Keypress: t
250.5355	DATA	Keypress: t
250.7045	DATA	Keypress: t
250.8747	DATA	Keypress: t
251.0247	DATA	Keypress:t held
251.0591	DATA	Keypress: t
251.2448	DATA	Keypress: t
251.4136	DATA	Keypress: t
251.5992	DATA	Keypress: t
251.7853	DATA	Keypress: t
251.9385	DATA	Keypress: t
252.0379	DATA	Keypress:t held
252.1229	DATA	Keypress: t
252.3084	DATA	Keypress: t
252.4775	DATA	Keypress: t
252.6633	DATA	Keypress: t
252.8320	DATA	Keypress: t
253.0025	DATA	Keypress: t
253.0510	DATA	Keypress:t held
253.1700	DATA	Keypress: t
253.5581	DATA	Keypress: v
253.7441	DATA	Keypress: v
253.9297	DATA	Keypress: v
254.0643	DATA	Keypress:v held
254.0987	DATA	Keypress: v
254.2507	DATA	Keypress: v
254.4366	DATA	Keypress: v
254.6222	DATA	Keypress: v
254.7913	DATA	Keypress: v
254.9599	DATA	Keypress: v
255.0775	DATA	Keypress:v held
255.0775	DATA	earn v
255.1841	DATA	Keypress: v
255.3148	DATA	Keypress: v
255.4837	DATA	Keypress: v
255.6524	DATA	Keypress: v
255.8045	DATA	Keypress: v
255.9734	DATA	Keypress: v
256.2811	DATA	Keypress: v
256.9187	DATA	Keypress: t
257.1385	DATA	Keypress: t
257.2896	DATA	Keypress:t held
257.3579	DATA	Keypress: t
257.5605	DATA	Keypress: t
257.7295	DATA	Keypress: t
257.8984	DATA	Keypress: t
258.0671	DATA	Keypress: t
258.2698	DATA	Keypress: t
258.3029	DATA	Keypress:t held
258.3030	DATA	earn t
258.4559	DATA	Keypress: t
258.6414	DATA	Keypress: t
258.8108	DATA	Keypress: t
259.0470	DATA	Keypress: t
259.7221	DATA	Keypress: v
259.9078	DATA	Keypress: v
260.0935	DATA	Keypress: v
260.2963	DATA	Keypress: v
260.4820	DATA	Keypress: v
260.5150	DATA	Keypress:v held
260.5151	DATA	earn v
260.6524	DATA	Keypress: v
260.8201	DATA	Keypress: v
260.9888	DATA	Keypress: v
261.1240	DATA	Keypress: v
261.2588	DATA	Keypress: v
261.7116	DATA	Keypress: v
261.7125	DATA	Keypress: v
262.0863	DATA	Keypress: t
262.2721	DATA	Keypress: t
262.4577	DATA	Keypress: t
262.6094	DATA	Keypress: t
262.7274	DATA	Keypress:t held
262.9307	DATA	Keypress: t
263.2683	DATA	Keypress: t
263.4373	DATA	Keypress: t
263.6060	DATA	Keypress: t
263.7405	DATA	Keypress:t held
263.7406	DATA	earn t
264.0959	DATA	Keypress: t
264.9439	DATA	Keypress: v
264.9740	DATA	Keypress: v
265.1429	DATA	Keypress: v
265.3117	DATA	Keypress: v
265.4806	DATA	Keypress: v
265.6493	DATA	Keypress: v
265.8012	DATA	Keypress: v
265.9527	DATA	Keypress:v held
265.9702	DATA	Keypress: v
266.1222	DATA	Keypress: v
266.2742	DATA	Keypress: v
266.4092	DATA	Keypress: v
266.9659	DATA	Keypress:v held
267.3212	DATA	Keypress: v
267.5069	DATA	Keypress: v
267.8952	DATA	Keypress: t
267.9791	DATA	Keypress:t held
268.0978	DATA	Keypress: t
268.3175	DATA	Keypress: t
268.4864	DATA	Keypress: t
268.7398	DATA	Keypress: t
268.9088	DATA	Keypress: t
268.9923	DATA	Keypress:t held
269.8543	DATA	Keypress: v
270.0055	DATA	Keypress:v held
270.0736	DATA	Keypress: v
270.2764	DATA	Keypress: v
270.4959	DATA	Keypress: v
270.7322	DATA	Keypress: v
270.9351	DATA	Keypress: v
271.0188	DATA	Keypress:v held
271.1376	DATA	Keypress: v
271.3403	DATA	Keypress: v
271.5260	DATA	Keypress: v
271.6781	DATA	Keypress: v
271.8471	DATA	Keypress: v
272.0320	DATA	Keypress:v held
272.2184	DATA	Keypress: t
272.4210	DATA	Keypress: t
272.6069	DATA	Keypress: t
272.7758	DATA	Keypress: t
273.0452	DATA	Keypress:t held
273.4512	DATA	Keypress: t
273.6030	DATA	Keypress: t
273.7889	DATA	Keypress: t
273.9747	DATA	Keypress: t
274.0584	DATA	Keypress:t held
274.1434	DATA	Keypress: t
274.3291	DATA	Keypress: t
274.4983	DATA	Keypress: t
274.6670	DATA	Keypress: t
274.8528	DATA	Keypress: t
275.0717	DATA	Keypress:t held
275.3762	DATA	Keypress: t
275.5619	DATA	Keypress: t
275.7310	DATA	Keypress: t
276.0848	DATA	Keypress:t held
276.2206	DATA	Keypress: v
276.4063	DATA	Keypress: v
276.5920	DATA	Keypress: v
276.7610	DATA	Keypress: v
276.9130	DATA	Keypress: v
277.0980	DATA	Keypress:v held
277.1325	DATA	Keypress: v
277.3182	DATA	Keypress: v
277.5040	DATA	Keypress: v
277.6729	DATA	Keypress: v
277.8587	DATA	Keypress: v
278.0275	DATA	Keypress: v
278.1113	DATA	Keypress:v held
278.1113	DATA	earn v
278.4498	DATA	Keypress: t
278.7201	DATA	Keypress: t
278.9396	DATA	Keypress: t
279.0915	DATA	Keypress: t
279.3155	DATA	Keypress: t
279.5983	DATA	Keypress: v
279.8176	DATA	Keypress: v
280.0031	DATA	Keypress: v
280.1721	DATA	Keypress: v
280.3234	DATA	Keypress:v held
280.3234	DATA	earn v
280.4270	DATA	Keypress: v
280.5266	DATA	Keypress: v
280.7128	DATA	Keypress: v
280.8816	DATA	Keypress: v
281.0507	DATA	Keypress: v
281.2700	DATA	Keypress: v
281.5270	DATA	Keypress: v
281.6412	DATA	Keypress: v
281.8271	DATA	Keypress: v
282.0129	DATA	Keypress: v
282.1817	DATA	Keypress: v
282.3336	DATA	Keypress: v
282.5028	DATA	Keypress: v
282.5356	DATA	Keypress:v held
282.6550	DATA	Keypress: v
283.2631	DATA	Keypress: t
283.4652	DATA	Keypress: t
283.5488	DATA	Keypress:t held
283.7014	DATA	Keypress: t
283.9211	DATA	Keypress: t
284.1237	DATA	Keypress: t
284.3277	DATA	Keypress: t
284.5620	DATA	Keypress:t held
284.6978	DATA	Keypress: v
284.8835	DATA	Keypress: v
285.0692	DATA	Keypress: v
285.2550	DATA	Keypress: v
285.4408	DATA	Keypress: v
285.5752	DATA	Keypress:v held
285.5753	DATA	earn v
285.6824	DATA	Keypress: v
285.7788	DATA	Keypress: v
285.9815	DATA	Keypress: v
286.1517	DATA	Keypress: v
286.3531	DATA	Keypress: v
286.5218	DATA	Keypress: v
286.7946	DATA	Keypress: v
286.8761	DATA	Keypress: v
287.2140	DATA	Keypress: v
287.7038	DATA	Keypress: t
287.8044	DATA	Keypress:t held
287.9064	DATA	Keypress: t
288.1088	DATA	Keypress: t
288.2961	DATA	Keypress: t
288.4805	DATA	Keypress: t
288.6494	DATA	Keypress: t
288.8176	DATA	Keypress:t held
288.8351	DATA	Keypress: t
289.0209	DATA	Keypress: t
289.2068	DATA	Keypress: t
289.3755	DATA	Keypress: t
289.5445	DATA	Keypress: t
289.8309	DATA	Keypress:t held
289.9159	DATA	Keypress: t
290.0848	DATA	Keypress: t
290.2199	DATA	Keypress: t
290.6588	DATA	Keypress: v
290.8441	DATA	Keypress:v held
290.8616	DATA	Keypress: v
291.0471	DATA	Keypress: v
291.2332	DATA	Keypress: v
291.4188	DATA	Keypress: v
291.5877	DATA	Keypress: v
291.7397	DATA	Keypress: v
291.8573	DATA	Keypress:v held
291.9085	DATA	Keypress: v
292.0942	DATA	Keypress: v
292.2645	DATA	Keypress: v
292.4324	DATA	Keypress: v
292.6177	DATA	Keypress: v
292.7868	DATA	Keypress: v
292.8705	DATA	Keypress:v held
293.1920	DATA	Keypress: t
293.3946	DATA	Keypress: t
293.5972	DATA	Keypress: t
293.7830	DATA	Keypress: t
293.8837	DATA	Keypress:t held
294.4753	DATA	Keypress: t
294.6611	DATA	Keypress: t
294.8969	DATA	Keypress:t held
295.0158	DATA	Keypress: t
295.8939	DATA	Keypress: v
295.9270	DATA	Keypress:v held
296.1304	DATA	Keypress: v
296.3330	DATA	Keypress: v
296.5186	DATA	Keypress: v
296.6876	DATA	Keypress: v
296.8572	DATA	Keypress: v
296.9402	DATA	Keypress:v held
297.0096	DATA	Keypress: v
297.1602	DATA	Keypress: v
297.3123	DATA	Keypress: v
297.7684	DATA	Keypress: v
297.9534	DATA	Keypress:v held
297.9710	DATA	Keypress: v
298.1904	DATA	Keypress: v
298.3370	DATA	Keypress: v
298.7860	DATA	start rating L
298.7946	DATA	Keypress: v
298.7954	DATA	Keypress: v
298.7961	DATA	Keypress: v
298.8599	DATA	Keypress: v
299.1639	DATA	Keypress: v
299.3660	DATA	Keypress: v
301.4269	DATA	Keypress: t
301.5615	DATA	Keypress: t
301.7644	DATA	Keypress: t
302.1019	DATA	Keypress: t
302.4734	DATA	Keypress: t
302.6425	DATA	Keypress: t
302.8449	DATA	Keypress: t
314.0579	DATA	Keypress: return
314.0583	DATA	RatingScale rateL_scale: (key response) rating=1
314.0584	DATA	RatingScale rateL_scale: rating RT=15.272
314.0589	DATA	1.0
314.0589	DATA	end rating L
314.1603	DATA	start rating R
316.9113	DATA	Keypress: v
317.1481	DATA	Keypress: v
317.3844	DATA	Keypress: v
318.2972	DATA	Keypress: return
318.2977	DATA	RatingScale rateR_scale: (key response) rating=7
318.2978	DATA	RatingScale rateR_scale: rating RT=4.137
318.2984	DATA	7.0
318.2997	DATA	end rating R
319.7550	DATA	Keypress: t
319.7881	DATA	Keypress:t held
319.9577	DATA	Keypress: t
320.1096	DATA	Keypress: t
320.2784	DATA	Keypress: t
320.3967	DATA	Keypress: t
320.4980	DATA	Keypress: t
320.6161	DATA	Keypress: t
320.8013	DATA	Keypress:t held
320.8013	DATA	earn t
321.4438	DATA	Keypress: v
321.5972	DATA	Keypress: v
322.0447	DATA	Keypress: v
322.5919	DATA	Keypress: t
322.7777	DATA	Keypress: t
322.9297	DATA	Keypress: t
323.0472	DATA	Keypress:t held
323.0480	DATA	Keypress: t
323.1494	DATA	Keypress: t
323.2674	DATA	Keypress: t
323.4025	DATA	Keypress: t
323.8585	DATA	Keypress: v
323.9936	DATA	Keypress: v
324.0604	DATA	Keypress:v held
324.1118	DATA	Keypress: v
324.2298	DATA	Keypress: v
324.3482	DATA	Keypress: v
324.4664	DATA	Keypress: v
324.6015	DATA	Keypress: v
324.7029	DATA	Keypress: v
325.0737	DATA	Keypress:v held
325.2938	DATA	Keypress: t
325.4627	DATA	Keypress: t
325.5808	DATA	Keypress: t
325.7161	DATA	Keypress: t
325.8175	DATA	Keypress: t
325.9356	DATA	Keypress: t
326.0706	DATA	Keypress: t
326.0869	DATA	Keypress:t held
326.6110	DATA	Keypress: v
326.8981	DATA	Keypress: v
326.9995	DATA	Keypress: v
327.1001	DATA	Keypress:v held
327.1175	DATA	Keypress: v
327.5905	DATA	Keypress: v
327.7426	DATA	Keypress: v
327.8945	DATA	Keypress: v
328.0125	DATA	Keypress: v
328.1133	DATA	Keypress:v held
328.1479	DATA	Keypress: v
328.2491	DATA	Keypress: v
328.3841	DATA	Keypress: v
328.8233	DATA	Keypress: t
328.9923	DATA	Keypress: t
329.1265	DATA	Keypress:t held
329.1610	DATA	Keypress: t
329.3299	DATA	Keypress: t
329.4819	DATA	Keypress: t
329.8363	DATA	Keypress: t
329.9547	DATA	Keypress: t
330.0898	DATA	Keypress: t
330.1397	DATA	Keypress:t held
330.2250	DATA	Keypress: t
330.6469	DATA	Keypress: v
330.7990	DATA	Keypress: v
330.9679	DATA	Keypress: v
331.1031	DATA	Keypress: v
331.1530	DATA	Keypress:v held
331.2382	DATA	Keypress: v
331.3562	DATA	Keypress: v
331.9823	DATA	Keypress: v
332.1500	DATA	Keypress: v
332.1831	DATA	Keypress:v held
332.1832	DATA	earn v
332.3191	DATA	Keypress: v
332.4878	DATA	Keypress: v
333.0957	DATA	Keypress: t
333.4297	DATA	Keypress: t
333.5515	DATA	Keypress: t
333.7372	DATA	Keypress: t
333.9231	DATA	Keypress: t
334.1088	DATA	Keypress: t
334.2777	DATA	Keypress: t
334.4290	DATA	Keypress:t held
334.4290	DATA	earn t
334.5333	DATA	Keypress: t
334.6157	DATA	Keypress: t
334.8015	DATA	Keypress: t
335.0041	DATA	Keypress: t
335.1389	DATA	Keypress: t
335.3080	DATA	Keypress: t
335.7977	DATA	Keypress: v
335.9833	DATA	Keypress: v
336.1691	DATA	Keypress: v
336.3548	DATA	Keypress: v
336.5405	DATA	Keypress: v
336.6919	DATA	Keypress:v held
336.7095	DATA	Keypress: v
337.1828	DATA	Keypress: v
337.3354	DATA	Keypress: v
337.7052	DATA	Keypress:v held
337.7052	DATA	earn v
337.8749	DATA	Keypress: v
338.0604	DATA	Keypress: v
338.2464	DATA	Keypress: v
338.3815	DATA	Keypress: v
338.9536	DATA	Keypress: t
339.0567	DATA	Keypress: t
339.2594	DATA	Keypress: t
339.4449	DATA	Keypress: t
339.6308	DATA	Keypress: t
339.7997	DATA	Keypress: t
339.9516	DATA	Keypress: t
339.9849	DATA	Keypress:t held
339.9849	DATA	earn t
340.1377	DATA	Keypress: t
340.3066	DATA	Keypress: t
340.4585	DATA	Keypress: t
340.6104	DATA	Keypress: t
341.2564	DATA	Keypress: v
341.2858	DATA	Keypress: v
341.4554	DATA	Keypress: v
341.6402	DATA	Keypress: v
341.8264	DATA	Keypress: v
341.9951	DATA	Keypress: v
342.1637	DATA	Keypress: v
342.2646	DATA	Keypress:v held
342.3837	DATA	Keypress: v
342.5692	DATA	Keypress: v
342.7719	DATA	Keypress: v
342.9576	DATA	Keypress: v
343.1265	DATA	Keypress: v
343.2776	DATA	Keypress:v held
343.4980	DATA	Keypress: v
343.6839	DATA	Keypress: v
343.8527	DATA	Keypress: v
344.0216	DATA	Keypress: v
344.2073	DATA	Keypress: v
344.2910	DATA	Keypress:v held
344.3758	DATA	Keypress: v
344.5111	DATA	Keypress: v
344.6463	DATA	Keypress: v
344.8659	DATA	Keypress: v
345.3042	DATA	Keypress:v held
345.3555	DATA	Keypress: t
345.5762	DATA	Keypress: t
345.7778	DATA	Keypress: t
345.9635	DATA	Keypress: t
346.1492	DATA	Keypress: t
346.3174	DATA	Keypress:t held
346.3182	DATA	Keypress: t
346.4698	DATA	Keypress: t
346.6561	DATA	Keypress: t
346.8584	DATA	Keypress: t
347.0274	DATA	Keypress: t
347.3305	DATA	Keypress:t held
347.5509	DATA	Keypress: t
347.7211	DATA	Keypress: t
347.9225	DATA	Keypress: t
348.1083	DATA	Keypress: t
348.2770	DATA	Keypress: t
348.3607	DATA	Keypress:t held
348.7330	DATA	Keypress: v
348.9187	DATA	Keypress: v
349.3739	DATA	Keypress:v held
349.6785	DATA	Keypress: v
349.8814	DATA	Keypress: v
350.0670	DATA	Keypress: v
350.2528	DATA	Keypress: v
350.3871	DATA	Keypress:v held
350.4385	DATA	Keypress: v
350.6241	DATA	Keypress: v
350.7932	DATA	Keypress: v
350.9621	DATA	Keypress: v
351.4003	DATA	Keypress:v held
351.6374	DATA	Keypress: t
351.8415	DATA	Keypress: t
352.0596	DATA	Keypress: t
352.2623	DATA	Keypress: t
352.4136	DATA	Keypress:t held
352.4649	DATA	Keypress: t
352.6506	DATA	Keypress: t
352.8365	DATA	Keypress: t
353.0222	DATA	Keypress: t
353.2080	DATA	Keypress: t
353.3768	DATA	Keypress: t
353.4267	DATA	Keypress:t held
353.5796	DATA	Keypress: t
353.7485	DATA	Keypress: t
353.9343	DATA	Keypress: t
354.1197	DATA	Keypress: t
354.3056	DATA	Keypress: t
354.4400	DATA	Keypress:t held
354.4911	DATA	Keypress: t
354.7954	DATA	Keypress: t
355.3865	DATA	Keypress: v
355.4532	DATA	Keypress:v held
355.5890	DATA	Keypress: v
355.8086	DATA	Keypress: v
356.0282	DATA	Keypress: v
356.2138	DATA	Keypress: v
356.3825	DATA	Keypress: v
356.4664	DATA	Keypress:v held
356.5684	DATA	Keypress: v
356.8555	DATA	Keypress: v
357.3623	DATA	Keypress: v
357.4796	DATA	Keypress:v held
357.4797	DATA	earn v
357.5863	DATA	Keypress: v
358.4597	DATA	Keypress: t
358.7891	DATA	Keypress: t
358.8989	DATA	Keypress: t
359.4904	DATA	Keypress: v
359.7933	DATA	Keypress:v held
360.3511	DATA	Keypress: v
360.5368	DATA	Keypress: v
360.7226	DATA	Keypress: v
360.8065	DATA	Keypress:v held
360.9761	DATA	Keypress: v
361.1449	DATA	Keypress: v
361.3643	DATA	Keypress: v
361.5670	DATA	Keypress: v
361.7697	DATA	Keypress: v
361.8197	DATA	Keypress:v held
361.9554	DATA	Keypress: v
362.1581	DATA	Keypress: v
362.3438	DATA	Keypress: v
362.5462	DATA	Keypress: v
362.7322	DATA	Keypress: v
362.8329	DATA	Keypress:v held
363.5258	DATA	Keypress: v
363.6948	DATA	Keypress: v
363.8461	DATA	Keypress:v held
364.0661	DATA	Keypress: t
364.2521	DATA	Keypress: t
364.4377	DATA	Keypress: t
364.6066	DATA	Keypress: t
364.8593	DATA	Keypress:t held
364.9782	DATA	Keypress: t
365.1469	DATA	Keypress: t
365.3328	DATA	Keypress: t
365.7043	DATA	Keypress: t
365.8725	DATA	Keypress:t held
365.8733	DATA	Keypress: t
366.3632	DATA	Keypress: t
366.5655	DATA	Keypress: t
366.7511	DATA	Keypress: t
366.8856	DATA	Keypress:t held
367.5954	DATA	Keypress: v
367.7982	DATA	Keypress: v
367.8988	DATA	Keypress:v held
367.9837	DATA	Keypress: v
368.1694	DATA	Keypress: v
368.3386	DATA	Keypress: v
368.4918	DATA	Keypress: v
368.9120	DATA	Keypress:v held
369.0815	DATA	Keypress: v
369.3178	DATA	Keypress: v
369.5374	DATA	Keypress: v
369.8415	DATA	Keypress: v
369.9252	DATA	Keypress:v held
370.2130	DATA	Keypress: t
370.4156	DATA	Keypress: t
370.6182	DATA	Keypress: t
370.8040	DATA	Keypress: t
370.9385	DATA	Keypress:t held
370.9730	DATA	Keypress: t
371.1418	DATA	Keypress: t
371.2937	DATA	Keypress: t
371.4625	DATA	Keypress: t
371.6314	DATA	Keypress: t
371.7666	DATA	Keypress: t
371.9516	DATA	Keypress:t held
372.1550	DATA	Keypress: t
372.3240	DATA	Keypress: t
372.5095	DATA	Keypress: t
372.6953	DATA	Keypress: t
372.8811	DATA	Keypress: t
372.9648	DATA	Keypress:t held
373.0500	DATA	Keypress: t
373.2188	DATA	Keypress: t
373.3881	DATA	Keypress: t
373.5566	DATA	Keypress: t
373.7083	DATA	Keypress: t
373.8942	DATA	Keypress: t
373.9781	DATA	Keypress:t held
374.0463	DATA	Keypress: t
374.7387	DATA	Keypress: v
374.9913	DATA	Keypress:v held
375.4310	DATA	Keypress: v
375.7013	DATA	Keypress: v
375.9208	DATA	Keypress: v
376.0045	DATA	Keypress:v held
376.1571	DATA	Keypress: v
376.3766	DATA	Keypress: v
377.0177	DATA	Keypress:v held
377.0353	DATA	Keypress: v
377.2886	DATA	Keypress: v
377.5081	DATA	Keypress: v
377.7613	DATA	Keypress: v
377.9811	DATA	Keypress: v
378.0309	DATA	Keypress:v held
378.0310	DATA	earn v
378.2006	DATA	Keypress: v
378.4371	DATA	Keypress: v
379.3155	DATA	Keypress: t
379.4152	DATA	Keypress: t
379.8489	DATA	start rating L
379.8576	DATA	Keypress: t
379.9001	DATA	Keypress: t
380.1022	DATA	Keypress: t
382.1965	DATA	Keypress: v
382.7705	DATA	Keypress: v
382.9733	DATA	Keypress: v
384.7673	DATA	Keypress: return
384.7678	DATA	RatingScale rateL_scale: (key response) rating=4
384.7679	DATA	RatingScale rateL_scale: rating RT=4.919
384.7686	DATA	4.0
384.7686	DATA	end rating L
384.8750	DATA	start rating R
386.4350	DATA	Keypress: return
386.4354	DATA	RatingScale rateR_scale: (key response) rating=4
386.4354	DATA	RatingScale rateR_scale: rating RT=1.560
386.4359	DATA	4.0
386.4369	DATA	end rating R
387.7078	DATA	Keypress: t
387.7241	DATA	Keypress:t held
387.9107	DATA	Keypress: t
388.0793	DATA	Keypress: t
388.2311	DATA	Keypress: t
388.3832	DATA	Keypress: t
388.5027	DATA	Keypress: t
388.6198	DATA	Keypress: t
388.7373	DATA	Keypress:t held
388.7547	DATA	Keypress: t
388.8733	DATA	Keypress: t
388.9915	DATA	Keypress: t
389.6496	DATA	Keypress: v
389.7674	DATA	Keypress:v held
389.8356	DATA	Keypress: v
389.9875	DATA	Keypress: v
390.1226	DATA	Keypress: v
390.2241	DATA	Keypress: v
390.3589	DATA	Keypress: v
390.4772	DATA	Keypress: v
390.6292	DATA	Keypress: v
390.7475	DATA	Keypress: v
390.7806	DATA	Keypress:v held
390.8488	DATA	Keypress: v
390.9839	DATA	Keypress: v
391.1188	DATA	Keypress: v
391.2371	DATA	Keypress: v
391.7938	DATA	Keypress:v held
391.8452	DATA	Keypress: t
392.0140	DATA	Keypress: t
392.1671	DATA	Keypress: t
392.3349	DATA	Keypress: t
392.4361	DATA	Keypress: t
392.5546	DATA	Keypress: t
392.6895	DATA	Keypress: t
392.8070	DATA	Keypress:t held
392.8248	DATA	Keypress: t
392.9598	DATA	Keypress: t
393.0953	DATA	Keypress: t
393.2299	DATA	Keypress: t
393.3649	DATA	Keypress: t
393.5000	DATA	Keypress: t
393.6182	DATA	Keypress: t
393.7534	DATA	Keypress: t
393.8202	DATA	Keypress:t held
393.8713	DATA	Keypress: t
394.0067	DATA	Keypress: t
394.1417	DATA	Keypress: t
394.2597	DATA	Keypress: t
394.7328	DATA	Keypress: v
394.8335	DATA	Keypress:v held
394.9186	DATA	Keypress: v
395.0703	DATA	Keypress: v
395.2225	DATA	Keypress: v
395.3576	DATA	Keypress: v
395.4757	DATA	Keypress: v
395.6277	DATA	Keypress: v
395.7628	DATA	Keypress: v
395.8636	DATA	Keypress:v held
395.8637	DATA	earn v
395.9738	DATA	Keypress: v
397.1589	DATA	Keypress: t
397.3333	DATA	Keypress: t
397.5203	DATA	Keypress: t
397.6883	DATA	Keypress: t
397.8401	DATA	Keypress: t
397.9922	DATA	Keypress: t
398.1438	DATA	Keypress: t
398.1770	DATA	Keypress:t held
398.4310	DATA	Keypress: t
398.5661	DATA	Keypress: t
399.0896	DATA	Keypress: t
399.1903	DATA	Keypress:t held
399.2585	DATA	Keypress: t
399.4442	DATA	Keypress: t
399.5962	DATA	Keypress: t
399.7820	DATA	Keypress: t
399.9509	DATA	Keypress: t
400.1198	DATA	Keypress: t
400.2035	DATA	Keypress:t held
400.2729	DATA	Keypress: t
400.4574	DATA	Keypress: t
400.6263	DATA	Keypress: t
400.8119	DATA	Keypress: t
400.9809	DATA	Keypress: t
401.1667	DATA	Keypress: t
401.2167	DATA	Keypress:t held
401.3356	DATA	Keypress: t
401.4876	DATA	Keypress: t
401.5888	DATA	Keypress: t
402.2299	DATA	Keypress:t held
402.2475	DATA	Keypress: v
402.4330	DATA	Keypress: v
402.6189	DATA	Keypress: v
402.8048	DATA	Keypress: v
402.9906	DATA	Keypress: v
403.2431	DATA	Keypress:v held
403.5984	DATA	Keypress: v
403.7842	DATA	Keypress: v
403.9699	DATA	Keypress: v
404.1726	DATA	Keypress: v
404.2563	DATA	Keypress:v held
404.2563	DATA	earn v
404.3700	DATA	Keypress: v
404.5102	DATA	Keypress: v
404.6794	DATA	Keypress: v
404.8146	DATA	Keypress: v
404.9495	DATA	Keypress: v
405.7615	DATA	Keypress: v
405.9294	DATA	Keypress: v
406.1315	DATA	Keypress: v
406.3172	DATA	Keypress: v
406.5031	DATA	Keypress: v
406.5697	DATA	Keypress:v held
406.6718	DATA	Keypress: v
406.8408	DATA	Keypress: v
406.9927	DATA	Keypress: v
407.4497	DATA	Keypress: v
407.5830	DATA	Keypress:v held
407.6175	DATA	Keypress: v
407.9722	DATA	Keypress: v
408.1411	DATA	Keypress: v
408.5962	DATA	Keypress:v held
408.9008	DATA	Keypress: t
409.1204	DATA	Keypress: t
409.3061	DATA	Keypress: t
409.5088	DATA	Keypress: t
409.6094	DATA	Keypress:t held
409.6095	DATA	earn t
409.7287	DATA	Keypress: t
409.9314	DATA	Keypress: t
410.1506	DATA	Keypress: t
410.5053	DATA	Keypress: t
410.9664	DATA	Keypress: t
410.9673	DATA	Keypress: t
411.0963	DATA	Keypress: t
411.6704	DATA	Keypress: v
411.8744	DATA	Keypress: v
411.9738	DATA	Keypress:v held
412.0757	DATA	Keypress: v
412.2612	DATA	Keypress: v
412.4809	DATA	Keypress: v
412.6501	DATA	Keypress: v
412.8694	DATA	Keypress: v
412.9868	DATA	Keypress:v held
413.0889	DATA	Keypress: v
413.2915	DATA	Keypress: v
413.4603	DATA	Keypress: v
413.6629	DATA	Keypress: v
413.8488	DATA	Keypress: v
414.0001	DATA	Keypress:v held
414.0002	DATA	earn v
414.1067	DATA	Keypress: v
414.9468	DATA	Keypress: v
415.3244	DATA	Keypress: v
415.3248	DATA	Keypress: v
415.5037	DATA	Keypress: v
416.1454	DATA	Keypress: t
416.3305	DATA	Keypress:t held
416.3481	DATA	Keypress: t
416.5338	DATA	Keypress: t
416.7027	DATA	Keypress: t
416.9054	DATA	Keypress: t
417.0748	DATA	Keypress: t
417.2770	DATA	Keypress: t
417.3437	DATA	Keypress:t held
417.4456	DATA	Keypress: t
417.6314	DATA	Keypress: t
417.8355	DATA	Keypress: t
418.0368	DATA	Keypress: t
418.2392	DATA	Keypress: t
418.3569	DATA	Keypress:t held
418.4250	DATA	Keypress: t
418.6111	DATA	Keypress: t
418.8136	DATA	Keypress: t
418.9993	DATA	Keypress: t
419.2020	DATA	Keypress: t
419.3701	DATA	Keypress:t held
419.3702	DATA	earn t
419.3710	DATA	Keypress: t
419.5737	DATA	Keypress: t
419.7596	DATA	Keypress: t
419.9283	DATA	Keypress: t
420.6993	DATA	Keypress: v
420.8569	DATA	Keypress: v
421.0426	DATA	Keypress: v
421.2283	DATA	Keypress: v
421.4141	DATA	Keypress: v
421.5998	DATA	Keypress: v
421.7006	DATA	Keypress:v held
421.7006	DATA	earn v
421.8066	DATA	Keypress: v
421.9547	DATA	Keypress: v
422.1238	DATA	Keypress: v
423.0363	DATA	Keypress: v
423.0372	DATA	Keypress: v
423.1873	DATA	Keypress: v
423.3398	DATA	Keypress: v
424.0478	DATA	Keypress:v held
424.1329	DATA	Keypress: t
424.3693	DATA	Keypress: t
424.5721	DATA	Keypress: t
424.7747	DATA	Keypress: t
424.9604	DATA	Keypress: t
425.0611	DATA	Keypress:t held
425.1461	DATA	Keypress: t
425.3489	DATA	Keypress: t
425.5345	DATA	Keypress: t
425.7204	DATA	Keypress: t
425.8893	DATA	Keypress: t
426.0743	DATA	Keypress:t held
426.0919	DATA	Keypress: t
426.2776	DATA	Keypress: t
426.4464	DATA	Keypress: t
426.8516	DATA	Keypress: t
427.0544	DATA	Keypress: t
427.0875	DATA	Keypress:t held
427.2569	DATA	Keypress: t
427.4257	DATA	Keypress: t
427.5778	DATA	Keypress: t
427.7299	DATA	Keypress: t
428.1007	DATA	Keypress:t held
428.2208	DATA	Keypress: v
428.4389	DATA	Keypress: v
428.6586	DATA	Keypress: v
428.8445	DATA	Keypress: v
429.0302	DATA	Keypress: v
429.1139	DATA	Keypress:v held
429.2329	DATA	Keypress: v
429.4185	DATA	Keypress: v
429.6040	DATA	Keypress: v
429.7730	DATA	Keypress: v
429.9590	DATA	Keypress: v
430.1271	DATA	Keypress:v held
430.3135	DATA	Keypress: v
430.4655	DATA	Keypress: v
430.8538	DATA	Keypress: v
431.0735	DATA	Keypress: v
431.1403	DATA	Keypress:v held
431.2592	DATA	Keypress: v
431.6307	DATA	Keypress: v
431.8334	DATA	Keypress: v
431.9853	DATA	Keypress: v
432.1535	DATA	Keypress:v held
432.1536	DATA	earn v
432.2625	DATA	Keypress: v
432.3402	DATA	Keypress: v
432.4936	DATA	Keypress: v
433.4812	DATA	Keypress: t
433.4821	DATA	Keypress: t
433.6063	DATA	Keypress: t
433.7753	DATA	Keypress: t
433.9443	DATA	Keypress: t
434.1130	DATA	Keypress: t
434.2819	DATA	Keypress: t
434.4839	DATA	Keypress:t held
434.6870	DATA	Keypress: t
435.1432	DATA	Keypress: t
435.3964	DATA	Keypress: t
435.4971	DATA	Keypress:t held
435.6327	DATA	Keypress: t
435.8525	DATA	Keypress: t
436.0552	DATA	Keypress: t
436.2917	DATA	Keypress: t
436.5103	DATA	Keypress:t held
436.5110	DATA	Keypress: t
436.7476	DATA	Keypress: t
436.9501	DATA	Keypress: t
437.1697	DATA	Keypress: t
437.3555	DATA	Keypress: t
437.5235	DATA	Keypress:t held
437.5242	DATA	Keypress: t
437.6945	DATA	Keypress: t
437.8958	DATA	Keypress: t
438.0815	DATA	Keypress: t
438.2672	DATA	Keypress: t
438.4530	DATA	Keypress: t
438.5367	DATA	Keypress:t held
438.6556	DATA	Keypress: t
438.8584	DATA	Keypress: t
439.0441	DATA	Keypress: t
439.2130	DATA	Keypress: t
439.3816	DATA	Keypress: t
439.5499	DATA	Keypress:t held
439.5675	DATA	Keypress: t
439.7534	DATA	Keypress: t
440.4456	DATA	Keypress: v
440.5632	DATA	Keypress:v held
440.6483	DATA	Keypress: v
440.8509	DATA	Keypress: v
441.0535	DATA	Keypress: v
441.2392	DATA	Keypress: v
441.4250	DATA	Keypress: v
441.5764	DATA	Keypress:v held
441.6108	DATA	Keypress: v
441.8134	DATA	Keypress: v
441.9994	DATA	Keypress: v
442.1851	DATA	Keypress: v
442.3708	DATA	Keypress: v
442.5896	DATA	Keypress:v held
442.5904	DATA	Keypress: v
442.9281	DATA	Keypress: v
443.1139	DATA	Keypress: v
443.2996	DATA	Keypress: v
443.4853	DATA	Keypress: v
443.6028	DATA	Keypress:v held
443.6710	DATA	Keypress: v
443.8569	DATA	Keypress: v
444.0427	DATA	Keypress: v
444.6160	DATA	Keypress:v held
444.6161	DATA	earn v
444.9378	DATA	Keypress: t
445.9681	DATA	Keypress: v
446.1704	DATA	Keypress: v
446.3730	DATA	Keypress: v
446.5602	DATA	Keypress: v
447.0493	DATA	start rating L
447.0584	DATA	Keypress: v
447.0588	DATA	Keypress: v
447.1267	DATA	Keypress: v
447.3293	DATA	Keypress: v
447.5325	DATA	Keypress: v
449.8285	DATA	Keypress: t
450.0303	DATA	Keypress: t
450.2680	DATA	Keypress: t
453.4085	DATA	Keypress: t
456.0089	DATA	Keypress: t
457.6298	DATA	Keypress: t
458.8132	DATA	Keypress: return
458.8138	DATA	RatingScale rateL_scale: (key response) rating=1
458.8139	DATA	RatingScale rateL_scale: rating RT=11.764
458.8146	DATA	1.0
458.8146	DATA	end rating L
458.9172	DATA	start rating R
459.8427	DATA	Keypress: v
460.0449	DATA	Keypress: v
460.7543	DATA	Keypress: v
461.9366	DATA	Keypress: return
461.9370	DATA	RatingScale rateR_scale: (key response) rating=7
461.9370	DATA	RatingScale rateR_scale: rating RT=3.020
461.9375	DATA	7.0
461.9386	DATA	end rating R
463.1416	DATA	Keypress: t
463.1580	DATA	Keypress:t held
463.1580	DATA	earn t
463.2937	DATA	Keypress: t
463.4290	DATA	Keypress: t
463.5473	DATA	Keypress: t
463.6823	DATA	Keypress: t
463.8005	DATA	Keypress: t
463.9358	DATA	Keypress: t
464.0707	DATA	Keypress: t
464.5337	DATA	Keypress: t
464.5346	DATA	Keypress: t
464.5349	DATA	Keypress: t
464.5603	DATA	Keypress: t
464.7120	DATA	Keypress: t
464.8305	DATA	Keypress: t
464.9656	DATA	Keypress: t
465.0838	DATA	Keypress: t
465.5390	DATA	Keypress:t held
465.5734	DATA	Keypress: v
465.7255	DATA	Keypress: v
465.9113	DATA	Keypress: v
466.0630	DATA	Keypress: v
466.2151	DATA	Keypress: v
466.3671	DATA	Keypress: v
466.5190	DATA	Keypress: v
466.5522	DATA	Keypress:v held
466.6709	DATA	Keypress: v
466.8062	DATA	Keypress: v
466.9414	DATA	Keypress: v
467.0933	DATA	Keypress: v
467.2452	DATA	Keypress: v
467.3972	DATA	Keypress: v
467.5491	DATA	Keypress: v
467.5823	DATA	Keypress:v held
467.7012	DATA	Keypress: v
467.8702	DATA	Keypress: v
468.0222	DATA	Keypress: v
468.1909	DATA	Keypress: v
468.3428	DATA	Keypress: v
468.5118	DATA	Keypress: v
468.6124	DATA	Keypress:v held
468.6469	DATA	Keypress: v
468.7989	DATA	Keypress: v
469.1197	DATA	Keypress: v
469.2717	DATA	Keypress: v
469.4066	DATA	Keypress: v
469.5756	DATA	Keypress: v
469.6256	DATA	Keypress:v held
469.8964	DATA	Keypress: v
470.0667	DATA	Keypress: v
470.2347	DATA	Keypress: v
470.3867	DATA	Keypress: v
470.5394	DATA	Keypress: v
470.6388	DATA	Keypress:v held
470.6914	DATA	Keypress: v
470.8422	DATA	Keypress: v
470.9604	DATA	Keypress: v
471.0786	DATA	Keypress: v
471.6189	DATA	Keypress: v
471.6520	DATA	Keypress:v held
471.6521	DATA	earn v
471.8047	DATA	Keypress: v
471.9738	DATA	Keypress: v
472.6325	DATA	Keypress: t
473.0163	DATA	Keypress: t
473.0167	DATA	Keypress: t
473.1393	DATA	Keypress: t
473.3076	DATA	Keypress: t
473.4764	DATA	Keypress: t
473.6453	DATA	Keypress: t
473.8144	DATA	Keypress: t
473.9663	DATA	Keypress: t
474.0162	DATA	Keypress:t held
474.1186	DATA	Keypress: t
474.2700	DATA	Keypress: t
474.4559	DATA	Keypress: t
474.6586	DATA	Keypress: t
474.8105	DATA	Keypress: t
474.9626	DATA	Keypress: t
475.0295	DATA	Keypress:t held
475.2158	DATA	Keypress: t
475.7397	DATA	Keypress: v
475.9252	DATA	Keypress: v
476.0427	DATA	Keypress:v held
476.1109	DATA	Keypress: v
476.2797	DATA	Keypress: v
476.4317	DATA	Keypress: v
476.6004	DATA	Keypress: v
476.7527	DATA	Keypress: v
476.9382	DATA	Keypress: v
477.0559	DATA	Keypress:v held
477.1243	DATA	Keypress: v
477.2929	DATA	Keypress: v
477.4449	DATA	Keypress: v
477.5969	DATA	Keypress: v
477.7321	DATA	Keypress: v
477.8672	DATA	Keypress: v
478.0205	DATA	Keypress: v
478.0690	DATA	Keypress:v held
478.4918	DATA	Keypress: v
478.6609	DATA	Keypress: v
478.8466	DATA	Keypress: v
479.0155	DATA	Keypress: v
479.0823	DATA	Keypress:v held
479.1674	DATA	Keypress: v
479.5218	DATA	Keypress: v
479.6740	DATA	Keypress: v
480.0124	DATA	Keypress: v
480.0955	DATA	Keypress:v held
480.1638	DATA	Keypress: v
480.3326	DATA	Keypress: v
480.5183	DATA	Keypress: v
480.6703	DATA	Keypress: v
480.8055	DATA	Keypress: v
480.9237	DATA	Keypress: v
481.0419	DATA	Keypress: v
481.1088	DATA	Keypress:v held
481.5822	DATA	Keypress: t
481.8188	DATA	Keypress: t
482.0045	DATA	Keypress: t
482.1220	DATA	Keypress:t held
482.1735	DATA	Keypress: t
483.1190	DATA	Keypress: t
483.1521	DATA	Keypress:t held
483.5410	DATA	Keypress: t
483.6768	DATA	Keypress: t
483.8452	DATA	Keypress: t
484.0140	DATA	Keypress: t
484.1653	DATA	Keypress:t held
484.1661	DATA	Keypress: t
484.3349	DATA	Keypress: t
484.4868	DATA	Keypress: t
484.6555	DATA	Keypress: t
484.7909	DATA	Keypress: t
484.9260	DATA	Keypress: t
485.0948	DATA	Keypress: t
485.1785	DATA	Keypress:t held
485.2805	DATA	Keypress: t
485.4324	DATA	Keypress: t
485.6013	DATA	Keypress: t
485.7535	DATA	Keypress: t
485.8885	DATA	Keypress: t
486.1917	DATA	Keypress:t held
486.4293	DATA	Keypress: v
486.6145	DATA	Keypress: v
486.8003	DATA	Keypress: v
486.9690	DATA	Keypress: v
487.1381	DATA	Keypress: v
487.2048	DATA	Keypress:v held
487.2732	DATA	Keypress: v
487.6446	DATA	Keypress: v
487.8136	DATA	Keypress: v
487.9824	DATA	Keypress: v
488.1513	DATA	Keypress: v
488.2181	DATA	Keypress:v held
488.3201	DATA	Keypress: v
488.5059	DATA	Keypress: v
488.6747	DATA	Keypress: v
488.9450	DATA	Keypress: v
489.2314	DATA	Keypress:v held
489.2321	DATA	Keypress: v
489.4009	DATA	Keypress: v
489.5697	DATA	Keypress: v
489.9921	DATA	Keypress: t
490.1102	DATA	Keypress: t
490.2446	DATA	Keypress:t held
490.2957	DATA	Keypress: t
490.4817	DATA	Keypress: t
490.6503	DATA	Keypress: t
490.8192	DATA	Keypress: t
490.9712	DATA	Keypress: t
491.1403	DATA	Keypress: t
491.2577	DATA	Keypress:t held
491.3257	DATA	Keypress: t
491.6469	DATA	Keypress: t
491.8496	DATA	Keypress: t
492.0354	DATA	Keypress: t
492.2381	DATA	Keypress: t
492.2710	DATA	Keypress:t held
492.3730	DATA	Keypress: t
492.5421	DATA	Keypress: t
492.7108	DATA	Keypress: t
493.2842	DATA	Keypress:t held
493.3017	DATA	Keypress: v
493.4874	DATA	Keypress: v
493.6561	DATA	Keypress: v
493.8253	DATA	Keypress: v
493.9942	DATA	Keypress: v
494.1292	DATA	Keypress: v
494.2974	DATA	Keypress:v held
494.7372	DATA	Keypress: v
495.1087	DATA	Keypress: t
495.2947	DATA	Keypress: t
495.3275	DATA	Keypress:t held
495.4802	DATA	Keypress: t
495.6490	DATA	Keypress: t
495.8180	DATA	Keypress: t
495.9530	DATA	Keypress: t
496.0882	DATA	Keypress: t
496.2069	DATA	Keypress: t
496.3408	DATA	Keypress:t held
496.3416	DATA	Keypress: t
496.7806	DATA	Keypress: v
496.9156	DATA	Keypress: v
497.0675	DATA	Keypress: v
497.2366	DATA	Keypress: v
497.3538	DATA	Keypress:v held
497.3716	DATA	Keypress: v
497.4897	DATA	Keypress: v
498.0808	DATA	Keypress: v
498.2497	DATA	Keypress: v
498.3672	DATA	Keypress:v held
498.3672	DATA	earn v
500.4617	DATA	Keypress: t
500.7483	DATA	Keypress:t held
500.9011	DATA	Keypress: t
501.1039	DATA	Keypress: t
501.3401	DATA	Keypress: t
501.5087	DATA	Keypress: t
501.6776	DATA	Keypress: t
501.7615	DATA	Keypress:t held
501.8483	DATA	Keypress: t
502.3361	DATA	Keypress: t
502.5053	DATA	Keypress: t
502.6740	DATA	Keypress: t
502.7747	DATA	Keypress:t held
502.8598	DATA	Keypress: t
503.2142	DATA	Keypress: t
503.3832	DATA	Keypress: t
503.5689	DATA	Keypress: t
503.7380	DATA	Keypress: t
503.7880	DATA	Keypress:t held
503.7880	DATA	earn t
503.8799	DATA	Keypress: t
504.0590	DATA	Keypress: t
504.6669	DATA	Keypress: t
505.2043	DATA	Keypress: t
505.7644	DATA	Keypress: v
505.9669	DATA	Keypress: v
506.1529	DATA	Keypress: v
506.2196	DATA	Keypress:v held
506.3045	DATA	Keypress: v
506.4567	DATA	Keypress: v
506.8113	DATA	Keypress: v
506.9971	DATA	Keypress: v
507.1828	DATA	Keypress: v
507.2328	DATA	Keypress:v held
507.3517	DATA	Keypress: v
507.5207	DATA	Keypress: v
507.6723	DATA	Keypress: v
508.1624	DATA	Keypress: v
508.2460	DATA	Keypress:v held
508.3143	DATA	Keypress: v
508.4663	DATA	Keypress: v
508.6520	DATA	Keypress: v
508.8379	DATA	Keypress: v
509.0067	DATA	Keypress: v
509.1587	DATA	Keypress: v
509.2762	DATA	Keypress:v held
509.3442	DATA	Keypress: v
509.5134	DATA	Keypress: v
509.6651	DATA	Keypress: v
509.8008	DATA	Keypress: v
509.9524	DATA	Keypress: v
510.2225	DATA	Keypress: v
510.2893	DATA	Keypress:v held
510.4083	DATA	Keypress: v
510.5772	DATA	Keypress: v
510.7460	DATA	Keypress: v
510.8980	DATA	Keypress: v
511.0330	DATA	Keypress: v
511.3026	DATA	Keypress:v held
511.3708	DATA	Keypress: v
511.5565	DATA	Keypress: v
511.7423	DATA	Keypress: v
511.9279	DATA	Keypress: v
512.0802	DATA	Keypress: v
512.1814	DATA	Keypress: v
512.3158	DATA	Keypress:v held
512.6540	DATA	Keypress: t
512.8400	DATA	Keypress: t
513.0256	DATA	Keypress: t
513.2113	DATA	Keypress: t
513.3290	DATA	Keypress:t held
513.3802	DATA	Keypress: t
513.5154	DATA	Keypress: t
513.6506	DATA	Keypress: t
513.9208	DATA	Keypress: t
514.0896	DATA	Keypress: t
514.2415	DATA	Keypress: t
514.3422	DATA	Keypress:t held
514.4104	DATA	Keypress: t
514.6131	DATA	Keypress: t
514.7989	DATA	Keypress: t
514.9679	DATA	Keypress: t
515.1366	DATA	Keypress: t
515.3222	DATA	Keypress: t
515.3554	DATA	Keypress:t held
515.4741	DATA	Keypress: t
515.6600	DATA	Keypress: t
515.8459	DATA	Keypress: t
515.9977	DATA	Keypress: t
516.1667	DATA	Keypress: t
516.2849	DATA	Keypress: t
516.3854	DATA	Keypress:t held
516.7748	DATA	Keypress: v
516.9604	DATA	Keypress: v
517.3987	DATA	Keypress:v held
517.3988	DATA	earn v
517.6360	DATA	Keypress: v
517.9401	DATA	Keypress: v
518.1764	DATA	Keypress: v
518.3792	DATA	Keypress: v
518.7887	DATA	Keypress: v
518.8182	DATA	Keypress: v
519.0544	DATA	Keypress: v
519.2746	DATA	Keypress: v
519.4596	DATA	Keypress: v
519.6789	DATA	Keypress: v
519.7968	DATA	Keypress:v held
519.8819	DATA	Keypress: v
520.0674	DATA	Keypress: v
520.2533	DATA	Keypress: v
520.4560	DATA	Keypress: v
520.8100	DATA	Keypress:v held
520.9795	DATA	Keypress: t
521.2495	DATA	Keypress: t
521.4522	DATA	Keypress: t
521.6887	DATA	Keypress: t
521.8232	DATA	Keypress:t held
521.8748	DATA	Keypress: t
522.5613	DATA	start rating L
522.5699	DATA	Keypress: t
522.5708	DATA	Keypress: t
522.5712	DATA	Keypress: t
522.7128	DATA	Keypress: t
522.9150	DATA	Keypress: t
523.9285	DATA	Keypress: v
525.6179	DATA	Keypress: return
525.6184	DATA	RatingScale rateL_scale: (key response) rating=2
525.6185	DATA	RatingScale rateL_scale: rating RT=3.057
525.6191	DATA	2.0
525.6191	DATA	end rating L
525.7216	DATA	start rating R
527.2220	DATA	Keypress: t
527.4239	DATA	Keypress: t
528.8088	DATA	Keypress: return
528.8092	DATA	RatingScale rateR_scale: (key response) rating=2
528.8093	DATA	RatingScale rateR_scale: rating RT=3.088
528.8098	DATA	2.0
528.8108	DATA	end rating R
