9.9266	DATA	version E
124.4096	DATA	Keypress: space
127.7356	DATA	Keypress: t
127.7685	DATA	Keypress:t held
128.3269	DATA	Keypress: t
128.7814	DATA	Keypress:t held
128.7991	DATA	Keypress: t
129.2381	DATA	Keypress: t
129.5420	DATA	Keypress: t
129.7946	DATA	Keypress:t held
129.9640	DATA	Keypress: t
130.3525	DATA	Keypress: t
130.7409	DATA	Keypress: t
130.8076	DATA	Keypress:t held
131.0791	DATA	Keypress: t
131.4837	DATA	Keypress: t
131.8207	DATA	Keypress:t held
131.8718	DATA	Keypress: t
132.2941	DATA	Keypress: t
132.6656	DATA	Keypress: t
132.8337	DATA	Keypress:t held
133.0033	DATA	Keypress: t
133.3578	DATA	Keypress: t
133.6448	DATA	Keypress: t
133.8641	DATA	Keypress:t held
133.8649	DATA	Keypress: t
134.5397	DATA	Keypress: v
134.8767	DATA	Keypress:v held
134.9112	DATA	Keypress: v
135.2488	DATA	Keypress: v
135.6203	DATA	Keypress: v
135.8897	DATA	Keypress:v held
135.9242	DATA	Keypress: v
136.2619	DATA	Keypress: v
136.5657	DATA	Keypress: v
136.9028	DATA	Keypress:v held
136.9035	DATA	Keypress: v
137.2747	DATA	Keypress: v
137.6126	DATA	Keypress: v
137.9158	DATA	Keypress:v held
137.9508	DATA	Keypress: v
138.2881	DATA	Keypress: v
138.6425	DATA	Keypress: v
138.9457	DATA	Keypress:v held
139.0140	DATA	Keypress: v
139.3195	DATA	Keypress: v
139.6389	DATA	Keypress: v
139.9588	DATA	Keypress:v held
140.3141	DATA	Keypress: t
140.5504	DATA	Keypress: t
140.6854	DATA	Keypress: t
140.8543	DATA	Keypress: t
140.9887	DATA	Keypress:t held
140.9888	DATA	earn t
141.0879	DATA	Keypress: t
141.1922	DATA	Keypress: t
141.3270	DATA	Keypress: t
143.1509	DATA	Keypress: v
143.1668	DATA	Keypress:v held
143.3701	DATA	Keypress: v
143.5894	DATA	Keypress: v
143.8949	DATA	Keypress: v
144.0624	DATA	Keypress: v
144.1967	DATA	Keypress:v held
144.2307	DATA	Keypress: v
144.4338	DATA	Keypress: v
144.5857	DATA	Keypress: v
144.7715	DATA	Keypress: v
144.9738	DATA	Keypress: v
145.1272	DATA	Keypress: v
145.2097	DATA	Keypress:v held
145.2098	DATA	earn v
145.3236	DATA	Keypress: v
145.4808	DATA	Keypress: v
146.9667	DATA	Keypress: t
147.1689	DATA	Keypress: t
147.2696	DATA	Keypress:t held
147.3378	DATA	Keypress: t
147.5742	DATA	Keypress: t
147.7431	DATA	Keypress: t
147.9288	DATA	Keypress: t
148.0975	DATA	Keypress: t
148.2826	DATA	Keypress:t held
148.2832	DATA	Keypress: t
148.4690	DATA	Keypress: t
148.6207	DATA	Keypress: t
148.7910	DATA	Keypress: t
148.9924	DATA	Keypress: t
149.1276	DATA	Keypress: t
149.2957	DATA	Keypress:t held
149.3302	DATA	Keypress: t
149.4825	DATA	Keypress: t
149.6847	DATA	Keypress: t
149.8534	DATA	Keypress: t
150.0226	DATA	Keypress: t
150.2250	DATA	Keypress: t
150.3087	DATA	Keypress:t held
150.4274	DATA	Keypress: t
150.6302	DATA	Keypress: t
150.8330	DATA	Keypress: t
151.0354	DATA	Keypress: t
151.2381	DATA	Keypress: t
151.3221	DATA	Keypress:t held
151.3222	DATA	earn t
151.4211	DATA	Keypress: t
151.5758	DATA	Keypress: t
152.9265	DATA	Keypress: v
153.1458	DATA	Keypress: v
153.2977	DATA	Keypress: v
153.4153	DATA	Keypress:v held
153.5004	DATA	Keypress: v
153.6864	DATA	Keypress: v
153.8552	DATA	Keypress: v
154.0577	DATA	Keypress: v
154.2264	DATA	Keypress: v
154.4285	DATA	Keypress:v held
154.4285	DATA	earn v
154.4292	DATA	Keypress: v
154.5978	DATA	Keypress: v
154.7837	DATA	Keypress: v
155.0035	DATA	Keypress: v
156.0164	DATA	Keypress: t
156.2191	DATA	Keypress: t
156.3877	DATA	Keypress: t
156.5221	DATA	Keypress:t held
156.5749	DATA	Keypress: t
156.7590	DATA	Keypress: t
156.9616	DATA	Keypress: t
157.1473	DATA	Keypress: t
157.3502	DATA	Keypress: t
157.5520	DATA	Keypress:t held
157.5527	DATA	Keypress: t
157.7215	DATA	Keypress: t
157.9074	DATA	Keypress: t
158.0761	DATA	Keypress: t
158.2618	DATA	Keypress: t
158.4306	DATA	Keypress: t
158.5651	DATA	Keypress:t held
158.5652	DATA	earn t
158.6593	DATA	Keypress: t
158.7685	DATA	Keypress: t
158.9712	DATA	Keypress: t
159.8321	DATA	Keypress: t
160.0177	DATA	Keypress: t
160.2033	DATA	Keypress: t
160.3723	DATA	Keypress: t
160.5413	DATA	Keypress: t
160.6418	DATA	Keypress:t held
160.7103	DATA	Keypress: t
160.8790	DATA	Keypress: t
161.0815	DATA	Keypress: t
161.2504	DATA	Keypress: t
161.4023	DATA	Keypress: t
161.5205	DATA	Keypress: t
161.6549	DATA	Keypress:t held
161.6893	DATA	Keypress: t
161.8750	DATA	Keypress: t
162.0268	DATA	Keypress: t
162.2465	DATA	Keypress: t
162.4494	DATA	Keypress: t
162.5842	DATA	Keypress: t
162.6848	DATA	Keypress:t held
162.6848	DATA	earn t
162.7810	DATA	Keypress: t
162.9726	DATA	Keypress: t
163.2933	DATA	Keypress: t
163.4958	DATA	Keypress: t
163.6816	DATA	Keypress: t
163.8673	DATA	Keypress: t
164.0704	DATA	Keypress: t
164.2726	DATA	Keypress: t
164.4752	DATA	Keypress: t
164.6440	DATA	Keypress: t
164.7616	DATA	Keypress:t held
164.8141	DATA	Keypress: t
165.0155	DATA	Keypress: t
165.2012	DATA	Keypress: t
165.3868	DATA	Keypress: t
165.6064	DATA	Keypress: t
165.7746	DATA	Keypress:t held
165.7754	DATA	Keypress: t
166.0117	DATA	Keypress: t
166.1805	DATA	Keypress: t
166.3662	DATA	Keypress: t
166.5351	DATA	Keypress: t
166.7208	DATA	Keypress: t
166.7875	DATA	Keypress:t held
166.9234	DATA	Keypress: t
167.1257	DATA	Keypress: t
167.3285	DATA	Keypress: t
167.5651	DATA	Keypress: t
167.7676	DATA	Keypress: t
167.8007	DATA	Keypress:t held
167.9538	DATA	Keypress: t
168.1389	DATA	Keypress: t
168.3246	DATA	Keypress: t
168.5443	DATA	Keypress: t
168.7636	DATA	Keypress: t
168.8137	DATA	Keypress:t held
169.0846	DATA	Keypress: t
169.3210	DATA	Keypress: t
169.5236	DATA	Keypress: t
169.7091	DATA	Keypress: t
169.8268	DATA	Keypress:t held
169.9117	DATA	Keypress: t
170.1481	DATA	Keypress: t
170.3507	DATA	Keypress: t
170.5366	DATA	Keypress: t
170.7392	DATA	Keypress: t
170.8398	DATA	Keypress:t held
170.9419	DATA	Keypress: t
171.1108	DATA	Keypress: t
171.3471	DATA	Keypress: t
171.5327	DATA	Keypress: t
171.7352	DATA	Keypress: t
171.8528	DATA	Keypress:t held
171.9887	DATA	Keypress: t
172.2078	DATA	Keypress: t
172.4614	DATA	Keypress: t
172.6639	DATA	Keypress: t
172.8659	DATA	Keypress:t held
172.9004	DATA	Keypress: t
173.1030	DATA	Keypress: t
173.3225	DATA	Keypress: t
173.5421	DATA	Keypress: t
173.7611	DATA	Keypress: t
173.8789	DATA	Keypress:t held
173.9979	DATA	Keypress: t
174.5901	DATA	Keypress: v
174.8249	DATA	Keypress: v
174.8920	DATA	Keypress:v held
174.8920	DATA	earn v
175.0276	DATA	Keypress: v
175.2151	DATA	Keypress: v
175.7371	DATA	Keypress: t
176.1421	DATA	Keypress: t
176.3616	DATA	Keypress: t
176.5473	DATA	Keypress: t
176.7339	DATA	Keypress: t
176.9693	DATA	Keypress: t
176.9856	DATA	Keypress:t held
177.2223	DATA	Keypress: t
177.4422	DATA	Keypress: t
177.6785	DATA	Keypress: t
177.9320	DATA	Keypress: t
177.9991	DATA	Keypress:t held
178.1344	DATA	Keypress: t
178.3370	DATA	Keypress: t
178.5733	DATA	Keypress: t
178.7759	DATA	Keypress: t
178.9957	DATA	Keypress: t
179.0286	DATA	Keypress:t held
179.1982	DATA	Keypress: t
179.4008	DATA	Keypress: t
179.6202	DATA	Keypress: t
179.8566	DATA	Keypress: t
180.0417	DATA	Keypress:t held
180.0929	DATA	Keypress: t
180.2954	DATA	Keypress: t
180.5151	DATA	Keypress: t
180.7515	DATA	Keypress: t
180.9541	DATA	Keypress: t
181.0547	DATA	Keypress:t held
181.1904	DATA	Keypress: t
181.4102	DATA	Keypress: t
181.6305	DATA	Keypress: t
181.8658	DATA	Keypress: t
182.0677	DATA	Keypress:t held
182.0854	DATA	Keypress: t
182.2879	DATA	Keypress: t
182.5243	DATA	Keypress: t
183.0808	DATA	Keypress:t held
183.1490	DATA	Keypress: v
183.3853	DATA	Keypress: v
183.5880	DATA	Keypress: v
183.8075	DATA	Keypress: v
184.0608	DATA	Keypress: v
184.0938	DATA	Keypress:v held
184.2300	DATA	Keypress: v
184.4660	DATA	Keypress: v
184.8022	DATA	start rating L
184.8252	DATA	Keypress: v
184.8949	DATA	Keypress: v
190.4196	DATA	Keypress: t
190.7914	DATA	Keypress: t
199.6718	DATA	Keypress: v
200.0090	DATA	Keypress: v
200.5501	DATA	Keypress: v
201.2254	DATA	Keypress: t
201.4577	DATA	Keypress: t
201.7318	DATA	Keypress: t
202.4749	DATA	Keypress: t
202.8122	DATA	Keypress: t
203.1156	DATA	Keypress: t
204.6021	DATA	Keypress: v
204.9730	DATA	Keypress: v
205.3448	DATA	Keypress: v
224.3423	DATA	Keypress: v
224.5956	DATA	Keypress: v
227.2444	DATA	Keypress: return
227.2447	DATA	RatingScale rateL_scale: (key response) rating=6
227.2448	DATA	RatingScale rateL_scale: rating RT=42.442
227.2453	DATA	6.0
227.2453	DATA	end rating L
227.4160	DATA	start rating R
229.6411	DATA	Keypress: t
229.8777	DATA	Keypress: t
238.6059	DATA	Keypress: v
243.2291	DATA	Keypress: return
243.2293	DATA	RatingScale rateR_scale: (key response) rating=3
243.2294	DATA	RatingScale rateR_scale: rating RT=15.813
243.2299	DATA	3.0
243.2312	DATA	end rating R
246.8371	DATA	Keypress: t
246.8689	DATA	Keypress:t held
246.8690	DATA	earn t
247.0555	DATA	Keypress: t
247.2410	DATA	Keypress: t
247.4267	DATA	Keypress: t
248.0853	DATA	Keypress: t
248.2879	DATA	Keypress: t
248.4734	DATA	Keypress: t
248.6424	DATA	Keypress: t
248.8114	DATA	Keypress: t
248.9799	DATA	Keypress: t
248.9963	DATA	Keypress:t held
249.1660	DATA	Keypress: t
249.4023	DATA	Keypress: t
249.5711	DATA	Keypress: t
249.7737	DATA	Keypress: t
249.9763	DATA	Keypress: t
250.0094	DATA	Keypress:t held
250.1788	DATA	Keypress: t
250.3648	DATA	Keypress: t
250.5672	DATA	Keypress: t
250.7867	DATA	Keypress: t
250.9570	DATA	Keypress: t
251.0224	DATA	Keypress:t held
251.1583	DATA	Keypress: t
251.3946	DATA	Keypress: t
251.5973	DATA	Keypress: t
251.7662	DATA	Keypress: t
251.9685	DATA	Keypress: t
252.0355	DATA	Keypress:t held
252.1373	DATA	Keypress: t
252.3230	DATA	Keypress: t
252.5257	DATA	Keypress: t
252.9648	DATA	Keypress: v
253.0654	DATA	Keypress:v held
253.1844	DATA	Keypress: v
253.3869	DATA	Keypress: v
253.5569	DATA	Keypress: v
253.7412	DATA	Keypress: v
253.9272	DATA	Keypress: v
254.0784	DATA	Keypress:v held
254.1126	DATA	Keypress: v
254.3324	DATA	Keypress: v
254.5014	DATA	Keypress: v
254.7039	DATA	Keypress: v
254.9064	DATA	Keypress: v
255.0915	DATA	Keypress:v held
255.1088	DATA	Keypress: v
255.3117	DATA	Keypress: v
255.4972	DATA	Keypress: v
255.6999	DATA	Keypress: v
255.8859	DATA	Keypress: v
256.1214	DATA	Keypress:v held
256.1222	DATA	Keypress: v
256.3248	DATA	Keypress: v
256.4936	DATA	Keypress: v
257.1344	DATA	Keypress:v held
257.1351	DATA	Keypress: v
257.3376	DATA	Keypress: v
257.5234	DATA	Keypress: v
257.6927	DATA	Keypress: v
257.8950	DATA	Keypress: v
258.1313	DATA	Keypress: v
258.1644	DATA	Keypress:v held
258.3677	DATA	Keypress: t
258.6041	DATA	Keypress: t
258.8235	DATA	Keypress: t
259.0091	DATA	Keypress: t
259.1774	DATA	Keypress:t held
259.2118	DATA	Keypress: t
259.4145	DATA	Keypress: t
259.6172	DATA	Keypress: t
259.8366	DATA	Keypress: t
260.0224	DATA	Keypress: t
260.1905	DATA	Keypress:t held
260.1905	DATA	earn t
260.2788	DATA	Keypress: t
260.4278	DATA	Keypress: t
260.7147	DATA	Keypress: t
261.4069	DATA	Keypress: v
261.6095	DATA	Keypress: v
261.8121	DATA	Keypress: v
261.9651	DATA	Keypress: v
262.1499	DATA	Keypress: v
262.3179	DATA	Keypress:v held
262.3521	DATA	Keypress: v
262.5549	DATA	Keypress: v
262.8927	DATA	Keypress: t
263.0953	DATA	Keypress: t
263.2643	DATA	Keypress: t
263.3309	DATA	Keypress:t held
263.6366	DATA	Keypress: t
263.8213	DATA	Keypress: t
264.0237	DATA	Keypress: t
264.2434	DATA	Keypress: t
264.3440	DATA	Keypress:t held
264.4126	DATA	Keypress: t
264.6486	DATA	Keypress: t
264.8513	DATA	Keypress: t
265.0535	DATA	Keypress: t
265.2562	DATA	Keypress: t
265.3570	DATA	Keypress:t held
265.4588	DATA	Keypress: t
265.6616	DATA	Keypress: t
265.8811	DATA	Keypress: t
266.0835	DATA	Keypress: t
266.2863	DATA	Keypress: t
266.3870	DATA	Keypress:t held
266.4890	DATA	Keypress: t
266.6915	DATA	Keypress: t
266.8941	DATA	Keypress: t
267.0965	DATA	Keypress: t
267.3170	DATA	Keypress: t
267.4000	DATA	Keypress:t held
267.5188	DATA	Keypress: t
267.7384	DATA	Keypress: t
267.9087	DATA	Keypress: t
268.1100	DATA	Keypress: t
268.3462	DATA	Keypress: t
268.4130	DATA	Keypress:t held
268.4131	DATA	earn t
268.5489	DATA	Keypress: t
268.7514	DATA	Keypress: t
269.3596	DATA	Keypress: v
269.5618	DATA	Keypress: v
269.7645	DATA	Keypress: v
269.9165	DATA	Keypress: v
270.1022	DATA	Keypress: v
270.3048	DATA	Keypress: v
270.5074	DATA	Keypress: v
270.5404	DATA	Keypress:v held
270.6930	DATA	Keypress: v
270.8957	DATA	Keypress: v
271.0984	DATA	Keypress: v
271.3345	DATA	Keypress: v
271.5036	DATA	Keypress: v
271.5703	DATA	Keypress:v held
271.7062	DATA	Keypress: v
271.8929	DATA	Keypress: v
272.0945	DATA	Keypress: v
272.2968	DATA	Keypress: v
272.5166	DATA	Keypress: v
272.5834	DATA	Keypress:v held
272.5834	DATA	earn v
272.7531	DATA	Keypress: v
272.9573	DATA	Keypress: v
273.7043	DATA	Keypress: t
273.9178	DATA	Keypress: t
274.1034	DATA	Keypress: t
274.3401	DATA	Keypress: t
274.5091	DATA	Keypress: t
274.7108	DATA	Keypress:t held
274.7453	DATA	Keypress: t
274.9310	DATA	Keypress: t
275.1334	DATA	Keypress: t
275.3363	DATA	Keypress: t
275.5557	DATA	Keypress: t
275.7239	DATA	Keypress:t held
275.7415	DATA	Keypress: t
275.9441	DATA	Keypress: t
276.1804	DATA	Keypress: t
276.3831	DATA	Keypress: t
276.5856	DATA	Keypress: t
276.7369	DATA	Keypress:t held
276.7370	DATA	earn t
276.8280	DATA	Keypress: t
276.9740	DATA	Keypress: t
277.4467	DATA	Keypress: t
277.6833	DATA	Keypress: t
277.8713	DATA	Keypress: t
278.1052	DATA	Keypress: t
278.2572	DATA	Keypress: t
278.4429	DATA	Keypress: t
278.6455	DATA	Keypress: t
278.8480	DATA	Keypress: t
278.8812	DATA	Keypress:t held
278.8813	DATA	earn t
279.0509	DATA	Keypress: t
279.2534	DATA	Keypress: t
279.4897	DATA	Keypress: t
279.6926	DATA	Keypress: t
280.0247	DATA	Keypress: t
280.1144	DATA	Keypress: t
280.3004	DATA	Keypress: t
280.5028	DATA	Keypress: t
280.7053	DATA	Keypress: t
280.9084	DATA	Keypress: t
281.0423	DATA	Keypress:t held
281.1106	DATA	Keypress: t
281.3470	DATA	Keypress: t
281.5497	DATA	Keypress: t
281.7522	DATA	Keypress: t
281.9728	DATA	Keypress: t
282.0554	DATA	Keypress:t held
282.1742	DATA	Keypress: t
282.3940	DATA	Keypress: t
282.5795	DATA	Keypress: t
282.7990	DATA	Keypress: t
283.0017	DATA	Keypress: t
283.0684	DATA	Keypress:t held
283.2214	DATA	Keypress: t
283.4575	DATA	Keypress: t
283.6432	DATA	Keypress: t
283.8459	DATA	Keypress: t
284.0814	DATA	Keypress:t held
284.0815	DATA	earn t
284.0822	DATA	Keypress: t
284.3187	DATA	Keypress: t
284.8591	DATA	Keypress: t
285.0614	DATA	Keypress: t
285.2643	DATA	Keypress: t
285.4848	DATA	Keypress: t
285.6861	DATA	Keypress: t
285.8889	DATA	Keypress: t
286.0914	DATA	Keypress: t
286.2258	DATA	Keypress:t held
286.2941	DATA	Keypress: t
286.4967	DATA	Keypress: t
286.6992	DATA	Keypress: t
286.9017	DATA	Keypress: t
287.1213	DATA	Keypress: t
287.2388	DATA	Keypress:t held
287.2389	DATA	earn t
287.3411	DATA	Keypress: t
287.5264	DATA	Keypress: t
287.9828	DATA	Keypress: t
288.1852	DATA	Keypress: t
288.5227	DATA	Keypress: t
288.7253	DATA	Keypress: t
288.9278	DATA	Keypress: t
289.1472	DATA	Keypress: t
289.3839	DATA	Keypress: t
289.4169	DATA	Keypress:t held
289.5864	DATA	Keypress: t
289.8228	DATA	Keypress: t
290.0254	DATA	Keypress: t
290.2449	DATA	Keypress: t
290.4299	DATA	Keypress:t held
290.4644	DATA	Keypress: t
290.6681	DATA	Keypress: t
290.8865	DATA	Keypress: t
291.0891	DATA	Keypress: t
291.2917	DATA	Keypress: t
291.4599	DATA	Keypress:t held
291.5281	DATA	Keypress: t
291.7312	DATA	Keypress: t
291.9501	DATA	Keypress: t
292.1697	DATA	Keypress: t
292.3566	DATA	Keypress: t
292.4729	DATA	Keypress:t held
292.5413	DATA	Keypress: t
292.7775	DATA	Keypress: t
292.9801	DATA	Keypress: t
293.1828	DATA	Keypress: t
293.3853	DATA	Keypress: t
293.4860	DATA	Keypress:t held
293.5878	DATA	Keypress: t
293.8075	DATA	Keypress: t
294.0268	DATA	Keypress: t
294.2295	DATA	Keypress: t
294.3984	DATA	Keypress: t
294.4990	DATA	Keypress:t held
294.6348	DATA	Keypress: t
294.8375	DATA	Keypress: t
295.0736	DATA	Keypress: t
295.2591	DATA	Keypress: t
295.4619	DATA	Keypress: t
295.5120	DATA	Keypress:t held
295.6649	DATA	Keypress: t
295.8672	DATA	Keypress: t
296.0700	DATA	Keypress: t
296.4751	DATA	Keypress: v
296.5420	DATA	Keypress:v held
296.7962	DATA	Keypress: v
297.0151	DATA	Keypress: v
297.2179	DATA	Keypress: v
297.3868	DATA	Keypress: v
297.5550	DATA	Keypress:v held
297.5561	DATA	Keypress: v
297.9102	DATA	Keypress: t
298.0792	DATA	Keypress: t
298.2987	DATA	Keypress: t
298.4843	DATA	Keypress: t
298.5681	DATA	Keypress:t held
298.6866	DATA	Keypress: t
298.9064	DATA	Keypress: t
299.1089	DATA	Keypress: t
299.3117	DATA	Keypress: t
299.5480	DATA	Keypress: t
299.5811	DATA	Keypress:t held
299.7507	DATA	Keypress: t
299.9872	DATA	Keypress: t
300.2065	DATA	Keypress: t
300.4261	DATA	Keypress: t
300.5942	DATA	Keypress:t held
300.6455	DATA	Keypress: t
300.8649	DATA	Keypress: t
301.1013	DATA	Keypress: t
301.3377	DATA	Keypress: t
301.5404	DATA	Keypress: t
301.6072	DATA	Keypress:t held
301.7597	DATA	Keypress: t
301.9625	DATA	Keypress: t
302.1988	DATA	Keypress: t
302.4182	DATA	Keypress: t
302.6040	DATA	Keypress: t
302.6202	DATA	Keypress:t held
302.8403	DATA	Keypress: t
303.0093	DATA	Keypress: t
303.2120	DATA	Keypress: t
303.6196	DATA	start rating L
303.6281	DATA	Keypress: t
303.6290	DATA	Keypress: t
303.7957	DATA	Keypress: t
308.3037	DATA	Keypress: v
308.6416	DATA	Keypress: v
308.8777	DATA	Keypress: v
309.1482	DATA	Keypress: v
310.6175	DATA	Keypress: v
318.5161	DATA	Keypress: return
318.5164	DATA	RatingScale rateL_scale: (key response) rating=6
318.5165	DATA	RatingScale rateL_scale: rating RT=14.897
318.5169	DATA	6.0
318.5169	DATA	end rating L
318.6236	DATA	start rating R
323.2811	DATA	Keypress: t
323.7527	DATA	Keypress: t
327.2482	DATA	Keypress: return
327.2485	DATA	RatingScale rateR_scale: (key response) rating=2
327.2486	DATA	RatingScale rateR_scale: rating RT=8.625
327.2491	DATA	2.0
327.2501	DATA	end rating R
335.0218	DATA	Keypress: t
335.0383	DATA	Keypress:t held
335.2747	DATA	Keypress: t
335.4774	DATA	Keypress: t
335.6462	DATA	Keypress: t
335.8320	DATA	Keypress: t
336.0007	DATA	Keypress: t
336.0676	DATA	Keypress:t held
336.0677	DATA	earn t
336.2037	DATA	Keypress: t
336.4061	DATA	Keypress: t
337.2673	DATA	Keypress: t
337.4695	DATA	Keypress: t
337.6385	DATA	Keypress: t
337.8072	DATA	Keypress: t
337.9761	DATA	Keypress: t
338.1451	DATA	Keypress: t
338.2457	DATA	Keypress:t held
338.3477	DATA	Keypress: t
338.4994	DATA	Keypress: t
338.6515	DATA	Keypress: t
338.8374	DATA	Keypress: t
339.0229	DATA	Keypress: t
339.1920	DATA	Keypress: t
339.2587	DATA	Keypress:t held
339.3776	DATA	Keypress: t
339.5802	DATA	Keypress: t
339.7157	DATA	Keypress: t
339.9180	DATA	Keypress: t
340.1036	DATA	Keypress: t
340.2718	DATA	Keypress:t held
340.2718	DATA	earn t
340.3608	DATA	Keypress: t
340.4755	DATA	Keypress: t
341.0494	DATA	Keypress: t
341.2198	DATA	Keypress: t
341.4515	DATA	Keypress: t
341.5727	DATA	Keypress: t
341.7414	DATA	Keypress: t
341.9270	DATA	Keypress: t
342.1295	DATA	Keypress: t
342.2993	DATA	Keypress: t
342.4667	DATA	Keypress:t held
342.5013	DATA	Keypress: t
342.6868	DATA	Keypress: t
342.8896	DATA	Keypress: t
343.0584	DATA	Keypress: t
343.2952	DATA	Keypress: t
343.4637	DATA	Keypress: t
343.4798	DATA	Keypress:t held
343.4798	DATA	earn t
343.6663	DATA	Keypress: t
343.8858	DATA	Keypress: t
344.2742	DATA	Keypress: t
344.4601	DATA	Keypress: t
344.6646	DATA	Keypress: t
344.8650	DATA	Keypress: t
345.0339	DATA	Keypress: t
345.2366	DATA	Keypress: t
345.4558	DATA	Keypress: t
345.6415	DATA	Keypress: t
345.6747	DATA	Keypress:t held
345.8271	DATA	Keypress: t
346.0130	DATA	Keypress: t
346.2157	DATA	Keypress: t
346.3846	DATA	Keypress: t
346.5872	DATA	Keypress: t
346.6877	DATA	Keypress:t held
346.7560	DATA	Keypress: t
346.9250	DATA	Keypress: t
347.1106	DATA	Keypress: t
347.3131	DATA	Keypress: t
347.5158	DATA	Keypress: t
347.7008	DATA	Keypress:t held
347.7183	DATA	Keypress: t
347.9210	DATA	Keypress: t
348.1573	DATA	Keypress: t
348.3937	DATA	Keypress: t
348.5794	DATA	Keypress: t
348.7139	DATA	Keypress:t held
348.7139	DATA	earn t
348.8058	DATA	Keypress: t
348.9846	DATA	Keypress: t
349.5252	DATA	Keypress: t
349.9030	DATA	Keypress: t
349.9642	DATA	Keypress: t
350.1666	DATA	Keypress: t
350.3859	DATA	Keypress: t
350.5886	DATA	Keypress: t
350.9087	DATA	Keypress:t held
350.9261	DATA	Keypress: t
351.1458	DATA	Keypress: t
351.3153	DATA	Keypress: t
351.6522	DATA	Keypress: t
351.8550	DATA	Keypress: t
351.9218	DATA	Keypress:t held
352.0238	DATA	Keypress: t
352.2263	DATA	Keypress: t
352.4122	DATA	Keypress: t
352.6146	DATA	Keypress: t
352.8342	DATA	Keypress: t
352.9349	DATA	Keypress:t held
353.0369	DATA	Keypress: t
353.2733	DATA	Keypress: t
353.4927	DATA	Keypress: t
353.6954	DATA	Keypress: t
353.9315	DATA	Keypress: t
353.9479	DATA	Keypress:t held
354.1681	DATA	Keypress: t
354.3705	DATA	Keypress: t
354.6239	DATA	Keypress: t
354.8273	DATA	Keypress: t
354.9610	DATA	Keypress:t held
355.0630	DATA	Keypress: t
355.2824	DATA	Keypress: t
355.5018	DATA	Keypress: t
355.7215	DATA	Keypress: t
355.9578	DATA	Keypress: t
355.9740	DATA	Keypress:t held
356.1942	DATA	Keypress: t
356.4307	DATA	Keypress: t
356.6332	DATA	Keypress: t
356.8358	DATA	Keypress: t
356.9870	DATA	Keypress:t held
357.0047	DATA	Keypress: t
357.2410	DATA	Keypress: t
357.4605	DATA	Keypress: t
357.6631	DATA	Keypress: t
357.8826	DATA	Keypress: t
358.0171	DATA	Keypress:t held
358.1190	DATA	Keypress: t
358.3216	DATA	Keypress: t
358.4904	DATA	Keypress: t
358.6758	DATA	Keypress: t
358.8450	DATA	Keypress: t
359.0300	DATA	Keypress:t held
359.0643	DATA	Keypress: t
359.2838	DATA	Keypress: t
359.4359	DATA	Keypress: t
359.6385	DATA	Keypress: t
359.8411	DATA	Keypress: t
360.0273	DATA	Keypress: t
360.0600	DATA	Keypress:t held
360.2126	DATA	Keypress: t
360.4319	DATA	Keypress: t
361.0730	DATA	Keypress:t held
361.0738	DATA	Keypress: v
361.2432	DATA	Keypress: v
361.4788	DATA	Keypress: v
361.6818	DATA	Keypress: v
361.8842	DATA	Keypress: v
362.0698	DATA	Keypress: v
362.0861	DATA	Keypress:v held
362.2386	DATA	Keypress: v
362.4413	DATA	Keypress: v
362.6270	DATA	Keypress: v
362.8295	DATA	Keypress: v
363.0323	DATA	Keypress: v
363.0991	DATA	Keypress:v held
363.0992	DATA	earn v
363.2352	DATA	Keypress: v
363.4041	DATA	Keypress: v
363.8431	DATA	Keypress: t
364.0455	DATA	Keypress: t
364.2874	DATA	Keypress: t
364.4510	DATA	Keypress: t
364.6869	DATA	Keypress: t
364.8895	DATA	Keypress: t
365.0584	DATA	Keypress: t
365.2273	DATA	Keypress: t
365.2940	DATA	Keypress:t held
365.4636	DATA	Keypress: t
365.6324	DATA	Keypress: t
366.1222	DATA	Keypress: t
366.3240	DATA	Keypress:t held
366.3248	DATA	Keypress: t
366.5273	DATA	Keypress: t
366.7299	DATA	Keypress: t
367.3370	DATA	Keypress:t held
367.4908	DATA	Keypress: t
367.9116	DATA	Keypress: t
368.1144	DATA	Keypress: t
368.2832	DATA	Keypress: t
368.3501	DATA	Keypress:t held
368.5027	DATA	Keypress: t
368.6716	DATA	Keypress: t
368.8572	DATA	Keypress: t
369.0429	DATA	Keypress: t
369.2287	DATA	Keypress: t
369.3631	DATA	Keypress:t held
369.4142	DATA	Keypress: t
369.6340	DATA	Keypress: t
369.8366	DATA	Keypress: t
370.0392	DATA	Keypress: t
370.2417	DATA	Keypress: t
370.3761	DATA	Keypress:t held
370.4610	DATA	Keypress: t
370.6636	DATA	Keypress: t
370.8664	DATA	Keypress: t
371.0690	DATA	Keypress: t
371.2716	DATA	Keypress: t
371.4061	DATA	Keypress:t held
371.4743	DATA	Keypress: t
371.6430	DATA	Keypress: t
371.8458	DATA	Keypress: t
372.0315	DATA	Keypress: t
372.2349	DATA	Keypress: t
372.4191	DATA	Keypress:t held
372.4536	DATA	Keypress: t
372.6731	DATA	Keypress: t
372.8586	DATA	Keypress: t
373.0951	DATA	Keypress: t
373.2978	DATA	Keypress: t
373.4322	DATA	Keypress:t held
373.4669	DATA	Keypress: t
373.7029	DATA	Keypress: t
373.9054	DATA	Keypress: t
374.1251	DATA	Keypress: t
374.3444	DATA	Keypress: t
374.4452	DATA	Keypress:t held
374.5472	DATA	Keypress: t
374.7836	DATA	Keypress: t
374.9862	DATA	Keypress: t
375.2057	DATA	Keypress: t
375.3914	DATA	Keypress: t
375.4583	DATA	Keypress:t held
375.4583	DATA	earn t
375.5774	DATA	Keypress: t
375.8474	DATA	Keypress: t
377.8394	DATA	Keypress: t
377.8558	DATA	Keypress:t held
378.0929	DATA	Keypress: t
378.2618	DATA	Keypress: t
378.4306	DATA	Keypress: t
378.6331	DATA	Keypress: t
378.8525	DATA	Keypress: t
378.8689	DATA	Keypress:t held
379.0381	DATA	Keypress: t
379.2409	DATA	Keypress: t
379.4267	DATA	Keypress: t
379.6293	DATA	Keypress: t
379.8320	DATA	Keypress: t
379.8988	DATA	Keypress:t held
380.0009	DATA	Keypress: t
380.1698	DATA	Keypress: t
380.3230	DATA	Keypress: t
380.5073	DATA	Keypress: t
380.6931	DATA	Keypress: t
380.8785	DATA	Keypress: t
380.9117	DATA	Keypress:t held
381.0645	DATA	Keypress: t
381.2333	DATA	Keypress: t
381.4022	DATA	Keypress: t
381.5710	DATA	Keypress: t
381.8749	DATA	Keypress: t
381.9253	DATA	Keypress:t held
382.0437	DATA	Keypress: t
382.2126	DATA	Keypress: t
382.3981	DATA	Keypress: t
382.5501	DATA	Keypress: t
382.7361	DATA	Keypress: t
382.9047	DATA	Keypress: t
382.9379	DATA	Keypress:t held
383.1075	DATA	Keypress: t
383.2764	DATA	Keypress: t
383.4115	DATA	Keypress: t
383.6142	DATA	Keypress: t
383.8166	DATA	Keypress: t
383.9510	DATA	Keypress:t held
383.9855	DATA	Keypress: t
384.1712	DATA	Keypress: t
384.3399	DATA	Keypress: t
384.5257	DATA	Keypress: t
384.7284	DATA	Keypress: t
384.9310	DATA	Keypress: t
384.9640	DATA	Keypress:t held
385.0997	DATA	Keypress: t
385.2854	DATA	Keypress: t
385.4543	DATA	Keypress: t
385.6568	DATA	Keypress: t
385.8595	DATA	Keypress: t
385.9771	DATA	Keypress:t held
386.0620	DATA	Keypress: t
386.2142	DATA	Keypress: t
386.3830	DATA	Keypress: t
386.5856	DATA	Keypress: t
386.7882	DATA	Keypress: t
386.9739	DATA	Keypress: t
386.9904	DATA	Keypress:t held
387.1428	DATA	Keypress: t
387.3077	DATA	Keypress: t
387.7296	DATA	start rating L
387.7382	DATA	Keypress: t
387.7387	DATA	Keypress: t
387.9137	DATA	Keypress: t
393.0796	DATA	Keypress: v
393.5484	DATA	Keypress: v
393.8386	DATA	Keypress: v
394.0745	DATA	Keypress: v
394.6500	DATA	Keypress: v
397.4011	DATA	Keypress: return
397.4015	DATA	RatingScale rateL_scale: (key response) rating=6
397.4016	DATA	RatingScale rateL_scale: rating RT=9.672
397.4021	DATA	6.0
397.4021	DATA	end rating L
397.5269	DATA	start rating R
402.2300	DATA	Keypress: t
402.4841	DATA	Keypress: t
402.7546	DATA	Keypress: t
403.8346	DATA	Keypress: v
407.3126	DATA	Keypress: return
407.3130	DATA	RatingScale rateR_scale: (key response) rating=2
407.3130	DATA	RatingScale rateR_scale: rating RT=9.786
407.3135	DATA	2.0
407.3146	DATA	end rating R
408.5012	DATA	Keypress: t
408.5342	DATA	Keypress:t held
408.5343	DATA	earn t
408.7208	DATA	Keypress: t
408.8744	DATA	Keypress: t
409.4636	DATA	Keypress: t
409.7736	DATA	Keypress: t
409.8026	DATA	Keypress: t
409.9703	DATA	Keypress: t
410.1727	DATA	Keypress: t
410.3416	DATA	Keypress: t
410.5272	DATA	Keypress: t
410.6961	DATA	Keypress: t
410.7798	DATA	Keypress:t held
410.7799	DATA	earn t
410.8792	DATA	Keypress: t
411.0504	DATA	Keypress: t
411.3226	DATA	Keypress: t
411.5236	DATA	Keypress: t
411.7262	DATA	Keypress: t
412.0198	DATA	Keypress: t
412.0975	DATA	Keypress: t
412.2662	DATA	Keypress: t
412.4352	DATA	Keypress: t
412.6209	DATA	Keypress: t
412.7896	DATA	Keypress: t
412.9753	DATA	Keypress: t
413.0254	DATA	Keypress:t held
413.0254	DATA	earn t
413.1630	DATA	Keypress: t
413.3640	DATA	Keypress: t
413.6847	DATA	Keypress: t
413.8536	DATA	Keypress: t
414.2577	DATA	Keypress: t
414.2587	DATA	Keypress: t
414.4273	DATA	Keypress: t
414.6131	DATA	Keypress: t
414.7821	DATA	Keypress: t
414.9509	DATA	Keypress: t
415.1536	DATA	Keypress: t
415.2711	DATA	Keypress:t held
415.2712	DATA	earn t
415.3613	DATA	Keypress: t
415.4574	DATA	Keypress: t
415.9150	DATA	Keypress: t
416.0822	DATA	Keypress: t
416.5344	DATA	Keypress: t
416.5353	DATA	Keypress: t
416.6562	DATA	Keypress: t
416.8264	DATA	Keypress: t
417.0276	DATA	Keypress: t
417.1965	DATA	Keypress: t
417.3991	DATA	Keypress: t
417.5503	DATA	Keypress:t held
417.5680	DATA	Keypress: t
417.7543	DATA	Keypress: t
418.1251	DATA	Keypress: t
418.3277	DATA	Keypress: t
418.4982	DATA	Keypress: t
418.5634	DATA	Keypress:t held
418.7158	DATA	Keypress: t
418.9186	DATA	Keypress: t
419.1044	DATA	Keypress: t
419.2902	DATA	Keypress: t
419.4927	DATA	Keypress: t
419.5764	DATA	Keypress:t held
419.7291	DATA	Keypress: t
419.8979	DATA	Keypress: t
420.1006	DATA	Keypress: t
420.2694	DATA	Keypress: t
420.4551	DATA	Keypress: t
420.5894	DATA	Keypress:t held
420.6577	DATA	Keypress: t
420.8602	DATA	Keypress: t
421.0461	DATA	Keypress: t
421.2487	DATA	Keypress: t
421.4513	DATA	Keypress: t
421.6194	DATA	Keypress:t held
421.6202	DATA	Keypress: t
421.7889	DATA	Keypress: t
421.9579	DATA	Keypress: t
422.1437	DATA	Keypress: t
422.3461	DATA	Keypress: t
422.5486	DATA	Keypress: t
422.6324	DATA	Keypress:t held
422.7345	DATA	Keypress: t
422.9370	DATA	Keypress: t
423.1397	DATA	Keypress: t
423.3761	DATA	Keypress: t
423.5787	DATA	Keypress: t
423.6624	DATA	Keypress:t held
423.7812	DATA	Keypress: t
423.9838	DATA	Keypress: t
424.1865	DATA	Keypress: t
424.3723	DATA	Keypress: t
424.5410	DATA	Keypress: t
424.6923	DATA	Keypress:t held
424.7268	DATA	Keypress: t
424.9294	DATA	Keypress: t
425.1320	DATA	Keypress: t
425.3181	DATA	Keypress: t
425.5372	DATA	Keypress: t
425.7054	DATA	Keypress:t held
425.7054	DATA	earn t
425.7975	DATA	Keypress: t
425.9257	DATA	Keypress: t
426.1112	DATA	Keypress: t
426.5167	DATA	Keypress: t
426.6855	DATA	Keypress: t
426.9480	DATA	Keypress: t
427.0737	DATA	Keypress: t
427.2426	DATA	Keypress: t
427.4281	DATA	Keypress: t
427.6308	DATA	Keypress: t
427.8674	DATA	Keypress: t
427.9510	DATA	Keypress:t held
428.0529	DATA	Keypress: t
428.2556	DATA	Keypress: t
428.4244	DATA	Keypress: t
428.7115	DATA	Keypress: t
428.9138	DATA	Keypress: t
428.9640	DATA	Keypress:t held
428.9641	DATA	earn t
429.0999	DATA	Keypress: t
429.2686	DATA	Keypress: t
429.7078	DATA	Keypress: t
429.9442	DATA	Keypress: t
430.2063	DATA	Keypress: t
430.3154	DATA	Keypress: t
430.5178	DATA	Keypress: t
430.6531	DATA	Keypress: t
430.8221	DATA	Keypress: t
430.9908	DATA	Keypress: t
431.1765	DATA	Keypress: t
431.2096	DATA	Keypress:t held
431.3623	DATA	Keypress: t
431.5312	DATA	Keypress: t
431.7337	DATA	Keypress: t
431.9363	DATA	Keypress: t
432.1052	DATA	Keypress: t
432.2226	DATA	Keypress:t held
432.2908	DATA	Keypress: t
432.4934	DATA	Keypress: t
432.6962	DATA	Keypress: t
432.8985	DATA	Keypress: t
433.1013	DATA	Keypress: t
433.2357	DATA	Keypress:t held
433.3039	DATA	Keypress: t
433.5066	DATA	Keypress: t
433.6754	DATA	Keypress: t
433.8611	DATA	Keypress: t
434.0804	DATA	Keypress: t
434.2338	DATA	Keypress: t
434.2487	DATA	Keypress:t held
434.4183	DATA	Keypress: t
434.6374	DATA	Keypress: t
434.8573	DATA	Keypress: t
435.0599	DATA	Keypress: t
435.2618	DATA	Keypress:t held
435.2618	DATA	earn t
435.3533	DATA	Keypress: t
435.4658	DATA	Keypress: t
435.6844	DATA	Keypress: t
436.0740	DATA	Keypress: t
436.5532	DATA	Keypress: t
436.5541	DATA	Keypress: t
436.6807	DATA	Keypress: t
436.8834	DATA	Keypress: t
437.0860	DATA	Keypress: t
437.2885	DATA	Keypress: t
437.4910	DATA	Keypress: t
437.5580	DATA	Keypress:t held
437.6767	DATA	Keypress: t
437.8627	DATA	Keypress: t
438.0652	DATA	Keypress: t
438.2679	DATA	Keypress: t
438.4705	DATA	Keypress: t
438.5710	DATA	Keypress:t held
438.6738	DATA	Keypress: t
438.8757	DATA	Keypress: t
439.0951	DATA	Keypress: t
439.2976	DATA	Keypress: t
439.5172	DATA	Keypress: t
439.5841	DATA	Keypress:t held
439.7030	DATA	Keypress: t
439.8718	DATA	Keypress: t
440.0746	DATA	Keypress: t
440.2606	DATA	Keypress: t
440.4628	DATA	Keypress: t
440.5970	DATA	Keypress:t held
440.6654	DATA	Keypress: t
440.8510	DATA	Keypress: t
441.0368	DATA	Keypress: t
441.2392	DATA	Keypress: t
441.4590	DATA	Keypress: t
441.6271	DATA	Keypress:t held
441.6278	DATA	Keypress: t
441.8304	DATA	Keypress: t
442.0330	DATA	Keypress: t
442.2186	DATA	Keypress: t
442.4211	DATA	Keypress: t
442.6238	DATA	Keypress: t
442.6401	DATA	Keypress:t held
442.8263	DATA	Keypress: t
443.0122	DATA	Keypress: t
443.2487	DATA	Keypress: t
443.4177	DATA	Keypress: t
443.6532	DATA	Keypress:t held
443.6540	DATA	Keypress: t
443.8227	DATA	Keypress: t
444.0253	DATA	Keypress: t
444.2111	DATA	Keypress: t
444.4137	DATA	Keypress: t
444.6662	DATA	Keypress:t held
444.7682	DATA	Keypress: t
444.9371	DATA	Keypress: t
445.1397	DATA	Keypress: t
445.3087	DATA	Keypress: t
445.4943	DATA	Keypress: t
445.6793	DATA	Keypress:t held
445.6970	DATA	Keypress: t
445.8826	DATA	Keypress: t
446.6096	DATA	Keypress: v
446.7092	DATA	Keypress:v held
446.7776	DATA	Keypress: v
446.9801	DATA	Keypress: v
447.1489	DATA	Keypress: v
447.3345	DATA	Keypress: v
447.5034	DATA	Keypress: v
447.7061	DATA	Keypress: v
447.7222	DATA	Keypress:v held
447.8918	DATA	Keypress: v
448.0942	DATA	Keypress: v
448.2800	DATA	Keypress: v
448.4497	DATA	Keypress: v
448.6516	DATA	Keypress: v
448.7354	DATA	Keypress:v held
448.8204	DATA	Keypress: v
449.1919	DATA	Keypress: t
449.3777	DATA	Keypress: t
449.5633	DATA	Keypress: t
449.7483	DATA	Keypress:t held
449.7659	DATA	Keypress: t
449.9348	DATA	Keypress: t
450.1712	DATA	Keypress: t
450.3739	DATA	Keypress: t
450.5762	DATA	Keypress: t
450.7614	DATA	Keypress:t held
450.7614	DATA	earn t
450.8525	DATA	Keypress: t
450.9815	DATA	Keypress: t
452.0450	DATA	Keypress: t
452.1135	DATA	Keypress: t
452.3324	DATA	Keypress: t
452.5180	DATA	Keypress: t
452.7039	DATA	Keypress: t
452.8895	DATA	Keypress: t
453.0576	DATA	Keypress:t held
453.0576	DATA	earn t
453.1543	DATA	Keypress: t
453.2781	DATA	Keypress: t
453.4470	DATA	Keypress: t
453.8352	DATA	Keypress: t
454.0376	DATA	Keypress: t
454.3218	DATA	Keypress: t
454.4258	DATA	Keypress: t
454.6285	DATA	Keypress: t
454.8311	DATA	Keypress: t
455.0015	DATA	Keypress: t
455.2026	DATA	Keypress: t
455.3538	DATA	Keypress:t held
455.3539	DATA	earn t
455.4506	DATA	Keypress: t
455.5743	DATA	Keypress: t
456.0639	DATA	Keypress: t
456.2833	DATA	Keypress: t
456.6435	DATA	Keypress: t
456.8404	DATA	Keypress: t
457.0429	DATA	Keypress: t
457.2290	DATA	Keypress: t
457.4313	DATA	Keypress: t
457.6338	DATA	Keypress: t
457.6501	DATA	Keypress:t held
457.6501	DATA	earn t
457.8536	DATA	Keypress: t
458.0731	DATA	Keypress: t
458.5965	DATA	Keypress: t
458.9416	DATA	Keypress: t
459.0181	DATA	Keypress: t
459.2377	DATA	Keypress: t
459.4238	DATA	Keypress: t
459.6431	DATA	Keypress: t
459.8626	DATA	Keypress: t
459.9631	DATA	Keypress:t held
460.0315	DATA	Keypress: t
460.2341	DATA	Keypress: t
460.4364	DATA	Keypress: t
460.6392	DATA	Keypress: t
460.8418	DATA	Keypress: t
460.9763	DATA	Keypress:t held
461.0444	DATA	Keypress: t
461.2640	DATA	Keypress: t
461.4666	DATA	Keypress: t
461.6861	DATA	Keypress: t
461.8887	DATA	Keypress: t
461.9893	DATA	Keypress:t held
462.0576	DATA	Keypress: t
462.2437	DATA	Keypress: t
462.4457	DATA	Keypress: t
462.6484	DATA	Keypress: t
462.8511	DATA	Keypress: t
463.0023	DATA	Keypress:t held
463.0705	DATA	Keypress: t
463.2733	DATA	Keypress: t
463.4759	DATA	Keypress: t
463.6784	DATA	Keypress: t
464.0154	DATA	Keypress:t held
464.0836	DATA	Keypress: v
464.2862	DATA	Keypress: v
464.4894	DATA	Keypress: v
464.6912	DATA	Keypress: v
464.9110	DATA	Keypress: v
465.0453	DATA	Keypress:v held
465.2824	DATA	Keypress: t
465.4681	DATA	Keypress: t
465.6707	DATA	Keypress: t
465.8577	DATA	Keypress: t
466.0584	DATA	Keypress:t held
466.0761	DATA	Keypress: t
466.2617	DATA	Keypress: t
466.4643	DATA	Keypress: t
466.6669	DATA	Keypress: t
466.8695	DATA	Keypress: t
467.0714	DATA	Keypress:t held
467.0720	DATA	Keypress: t
467.2748	DATA	Keypress: t
467.8139	DATA	start rating L
467.8225	DATA	Keypress: t
467.8234	DATA	Keypress: t
467.8597	DATA	Keypress: t
468.0618	DATA	Keypress: t
473.0428	DATA	Keypress: v
473.2789	DATA	Keypress: v
473.5165	DATA	Keypress: v
474.1905	DATA	Keypress: v
474.4602	DATA	Keypress: v
474.6977	DATA	Keypress: v
475.3563	DATA	Keypress: t
478.6163	DATA	Keypress: return
478.6168	DATA	RatingScale rateL_scale: (key response) rating=6
478.6169	DATA	RatingScale rateL_scale: rating RT=10.803
478.6176	DATA	6.0
478.6176	DATA	end rating L
478.7310	DATA	start rating R
480.0498	DATA	Keypress: t
480.2859	DATA	Keypress: t
484.9808	DATA	Keypress: return
484.9813	DATA	RatingScale rateR_scale: (key response) rating=2
484.9814	DATA	RatingScale rateR_scale: rating RT=6.250
484.9820	DATA	2.0
484.9833	DATA	end rating R
486.3200	DATA	Keypress: t
486.3361	DATA	Keypress:t held
486.5227	DATA	Keypress: t
486.6914	DATA	Keypress: t
486.8603	DATA	Keypress: t
487.0290	DATA	Keypress: t
487.2317	DATA	Keypress: t
487.3492	DATA	Keypress:t held
487.4174	DATA	Keypress: t
487.6032	DATA	Keypress: t
487.8057	DATA	Keypress: t
487.9915	DATA	Keypress: t
488.1770	DATA	Keypress: t
488.3294	DATA	Keypress: t
488.3621	DATA	Keypress:t held
488.3622	DATA	earn t
488.4810	DATA	Keypress: t
488.6840	DATA	Keypress: t
489.2581	DATA	Keypress: t
489.6641	DATA	Keypress: t
489.6649	DATA	Keypress: t
489.8489	DATA	Keypress: t
490.0513	DATA	Keypress: t
490.2540	DATA	Keypress: t
490.3891	DATA	Keypress: t
490.5579	DATA	Keypress: t
490.6754	DATA	Keypress:t held
490.7267	DATA	Keypress: t
490.9128	DATA	Keypress: t
491.0980	DATA	Keypress: t
491.2839	DATA	Keypress: t
491.4866	DATA	Keypress: t
491.6554	DATA	Keypress: t
491.6883	DATA	Keypress:t held
491.8247	DATA	Keypress: t
492.0268	DATA	Keypress: t
492.2296	DATA	Keypress: t
492.3982	DATA	Keypress: t
492.5840	DATA	Keypress: t
492.7015	DATA	Keypress:t held
492.7696	DATA	Keypress: t
492.9048	DATA	Keypress: t
493.1411	DATA	Keypress: t
493.2762	DATA	Keypress: t
493.4451	DATA	Keypress: t
493.6140	DATA	Keypress: t
493.7145	DATA	Keypress:t held
493.8165	DATA	Keypress: t
493.9515	DATA	Keypress: t
494.2048	DATA	Keypress: t
494.3735	DATA	Keypress: t
494.5594	DATA	Keypress: t
494.7275	DATA	Keypress:t held
494.7283	DATA	Keypress: t
494.9309	DATA	Keypress: t
495.1335	DATA	Keypress: t
495.3023	DATA	Keypress: t
495.4888	DATA	Keypress: t
495.6738	DATA	Keypress: t
495.7407	DATA	Keypress:t held
495.9100	DATA	Keypress: t
496.0959	DATA	Keypress: t
496.2816	DATA	Keypress: t
496.4504	DATA	Keypress: t
496.6531	DATA	Keypress: t
496.7705	DATA	Keypress:t held
496.8726	DATA	Keypress: t
497.0415	DATA	Keypress: t
497.2778	DATA	Keypress: t
497.4297	DATA	Keypress: t
497.7835	DATA	Keypress:t held
497.8349	DATA	Keypress: v
498.0037	DATA	Keypress: v
498.2233	DATA	Keypress: v
498.4090	DATA	Keypress: v
498.5780	DATA	Keypress: v
498.7805	DATA	Keypress: v
498.8135	DATA	Keypress:v held
498.9662	DATA	Keypress: v
499.1687	DATA	Keypress: v
499.3544	DATA	Keypress: v
499.5402	DATA	Keypress: v
499.7428	DATA	Keypress: v
499.8266	DATA	Keypress:v held
499.9624	DATA	Keypress: v
500.1650	DATA	Keypress: v
500.3676	DATA	Keypress: v
500.5207	DATA	Keypress: v
500.7222	DATA	Keypress: v
500.8396	DATA	Keypress:v held
500.9077	DATA	Keypress: v
501.1272	DATA	Keypress: v
501.2792	DATA	Keypress: v
501.4820	DATA	Keypress: v
501.6509	DATA	Keypress: v
501.8527	DATA	Keypress:v held
502.0900	DATA	Keypress: t
502.2757	DATA	Keypress: t
502.4781	DATA	Keypress: t
502.6468	DATA	Keypress: t
502.8325	DATA	Keypress: t
502.8657	DATA	Keypress:t held
502.8658	DATA	earn t
503.0014	DATA	Keypress: t
503.1536	DATA	Keypress: t
503.8121	DATA	Keypress: t
504.1763	DATA	Keypress: t
504.2008	DATA	Keypress: t
504.3364	DATA	Keypress: t
504.5380	DATA	Keypress: t
504.7067	DATA	Keypress: t
504.9096	DATA	Keypress: t
505.1126	DATA	Keypress: t
505.1789	DATA	Keypress:t held
505.2809	DATA	Keypress: t
505.4497	DATA	Keypress: t
505.6186	DATA	Keypress: t
505.8042	DATA	Keypress: t
505.9559	DATA	Keypress: t
506.1418	DATA	Keypress: t
506.1919	DATA	Keypress:t held
506.3108	DATA	Keypress: t
506.4796	DATA	Keypress: t
506.6485	DATA	Keypress: t
506.8175	DATA	Keypress: t
507.0199	DATA	Keypress: t
507.2219	DATA	Keypress:t held
507.2563	DATA	Keypress: t
507.4250	DATA	Keypress: t
507.6109	DATA	Keypress: t
507.8135	DATA	Keypress: t
508.0164	DATA	Keypress: t
508.2186	DATA	Keypress: t
508.2348	DATA	Keypress:t held
508.4213	DATA	Keypress: t
508.5902	DATA	Keypress: t
508.7928	DATA	Keypress: t
508.9448	DATA	Keypress: t
509.1304	DATA	Keypress: t
509.2478	DATA	Keypress:t held
509.2479	DATA	earn t
509.3471	DATA	Keypress: t
509.5189	DATA	Keypress: t
510.1606	DATA	Keypress: t
510.5537	DATA	Keypress: t
510.5542	DATA	Keypress: t
510.7342	DATA	Keypress: t
510.9202	DATA	Keypress: t
511.1059	DATA	Keypress: t
511.2913	DATA	Keypress: t
511.5110	DATA	Keypress: t
511.5779	DATA	Keypress:t held
511.6806	DATA	Keypress: t
511.9163	DATA	Keypress: t
512.0852	DATA	Keypress: t
512.2878	DATA	Keypress: t
512.4736	DATA	Keypress: t
512.5910	DATA	Keypress:t held
512.6929	DATA	Keypress: t
512.8956	DATA	Keypress: t
513.0814	DATA	Keypress: t
513.2839	DATA	Keypress: t
513.4865	DATA	Keypress: t
513.6209	DATA	Keypress:t held
513.6891	DATA	Keypress: t
513.8917	DATA	Keypress: t
514.0604	DATA	Keypress: t
514.2462	DATA	Keypress: t
514.4320	DATA	Keypress: t
514.6339	DATA	Keypress:t held
514.6345	DATA	Keypress: t
514.8372	DATA	Keypress: t
515.0568	DATA	Keypress: t
515.2593	DATA	Keypress: t
515.4282	DATA	Keypress: t
515.6139	DATA	Keypress: t
515.6470	DATA	Keypress:t held
515.6470	DATA	earn t
515.7998	DATA	Keypress: t
515.9853	DATA	Keypress: t
516.5258	DATA	Keypress: t
516.9664	DATA	Keypress: t
516.9669	DATA	Keypress: t
517.0660	DATA	Keypress: t
517.2686	DATA	Keypress: t
517.4711	DATA	Keypress: t
517.6406	DATA	Keypress: t
517.8424	DATA	Keypress: t
517.9770	DATA	Keypress:t held
518.0284	DATA	Keypress: t
518.2138	DATA	Keypress: t
518.4336	DATA	Keypress: t
518.7711	DATA	Keypress: t
518.9739	DATA	Keypress: t
518.9903	DATA	Keypress:t held
519.1765	DATA	Keypress: t
519.3622	DATA	Keypress: t
519.5311	DATA	Keypress: t
519.7336	DATA	Keypress: t
519.9192	DATA	Keypress: t
520.0200	DATA	Keypress:t held
520.0884	DATA	Keypress: t
520.3246	DATA	Keypress: t
520.4935	DATA	Keypress: t
520.6792	DATA	Keypress: t
520.8817	DATA	Keypress: t
521.0329	DATA	Keypress:t held
521.0672	DATA	Keypress: t
521.2699	DATA	Keypress: t
521.4724	DATA	Keypress: t
521.6584	DATA	Keypress: t
521.8611	DATA	Keypress: t
522.0630	DATA	Keypress:t held
522.0643	DATA	Keypress: t
522.3001	DATA	Keypress: t
522.4857	DATA	Keypress: t
522.6883	DATA	Keypress: t
522.9078	DATA	Keypress: t
523.0596	DATA	Keypress: t
523.0760	DATA	Keypress:t held
523.2455	DATA	Keypress: t
523.4312	DATA	Keypress: t
523.6002	DATA	Keypress: t
523.8027	DATA	Keypress: t
524.0053	DATA	Keypress: t
524.0890	DATA	Keypress:t held
524.1573	DATA	Keypress: t
524.3261	DATA	Keypress: t
524.5457	DATA	Keypress: t
524.7313	DATA	Keypress: t
524.9171	DATA	Keypress: t
525.1190	DATA	Keypress:t held
525.1197	DATA	Keypress: t
525.2885	DATA	Keypress: t
525.4243	DATA	Keypress: t
525.6262	DATA	Keypress: t
525.7950	DATA	Keypress: t
525.9977	DATA	Keypress: t
526.1320	DATA	Keypress:t held
526.1834	DATA	Keypress: t
526.3690	DATA	Keypress: t
526.5717	DATA	Keypress: t
526.7406	DATA	Keypress: t
526.9432	DATA	Keypress: t
527.1451	DATA	Keypress:t held
527.1458	DATA	Keypress: t
527.3147	DATA	Keypress: t
527.5001	DATA	Keypress: t
527.7029	DATA	Keypress: t
527.9056	DATA	Keypress: t
528.1080	DATA	Keypress: t
528.1581	DATA	Keypress:t held
528.1581	DATA	earn t
528.3109	DATA	Keypress: t
528.5137	DATA	Keypress: t
529.4930	DATA	Keypress: t
529.8810	DATA	Keypress: t
530.1682	DATA	Keypress: t
530.3369	DATA	Keypress: t
530.5050	DATA	Keypress:t held
530.5058	DATA	Keypress: t
530.7083	DATA	Keypress: t
530.8937	DATA	Keypress: t
531.0629	DATA	Keypress: t
531.2486	DATA	Keypress: t
531.4176	DATA	Keypress: t
531.5180	DATA	Keypress:t held
531.6199	DATA	Keypress: t
531.8059	DATA	Keypress: t
531.9746	DATA	Keypress: t
532.1773	DATA	Keypress: t
532.3461	DATA	Keypress: t
532.5311	DATA	Keypress:t held
532.5487	DATA	Keypress: t
532.7006	DATA	Keypress: t
532.9032	DATA	Keypress: t
533.0722	DATA	Keypress: t
533.2578	DATA	Keypress: t
533.4266	DATA	Keypress: t
533.5610	DATA	Keypress:t held
533.5961	DATA	Keypress: t
533.7643	DATA	Keypress: t
533.9670	DATA	Keypress: t
534.1203	DATA	Keypress: t
534.3045	DATA	Keypress: t
534.4904	DATA	Keypress: t
534.5740	DATA	Keypress:t held
534.6592	DATA	Keypress: t
534.8448	DATA	Keypress: t
534.9968	DATA	Keypress: t
535.1659	DATA	Keypress: t
535.3684	DATA	Keypress: t
535.5710	DATA	Keypress: t
535.5873	DATA	Keypress:t held
535.7565	DATA	Keypress: t
535.9424	DATA	Keypress: t
536.1281	DATA	Keypress: t
536.3307	DATA	Keypress: t
536.5331	DATA	Keypress: t
536.6170	DATA	Keypress:t held
536.7191	DATA	Keypress: t
536.9049	DATA	Keypress: t
537.1074	DATA	Keypress: t
537.2762	DATA	Keypress: t
537.4957	DATA	Keypress: t
537.6301	DATA	Keypress:t held
537.7150	DATA	Keypress: t
537.9009	DATA	Keypress: t
538.1036	DATA	Keypress: t
538.2892	DATA	Keypress: t
538.6431	DATA	Keypress:t held
538.6439	DATA	Keypress: t
538.8465	DATA	Keypress: t
539.0489	DATA	Keypress: t
539.2515	DATA	Keypress: t
539.4374	DATA	Keypress: t
539.6231	DATA	Keypress: t
539.6562	DATA	Keypress:t held
539.8256	DATA	Keypress: t
540.0284	DATA	Keypress: t
540.2310	DATA	Keypress: t
540.3999	DATA	Keypress: t
540.5857	DATA	Keypress: t
540.6692	DATA	Keypress:t held
540.6692	DATA	earn t
540.9740	DATA	Keypress: v
541.6326	DATA	Keypress: t
542.0432	DATA	Keypress: t
542.0439	DATA	Keypress: t
542.2064	DATA	Keypress: t
542.4090	DATA	Keypress: t
542.5945	DATA	Keypress: t
542.7973	DATA	Keypress: t
542.9831	DATA	Keypress: t
543.0499	DATA	Keypress:t held
543.1857	DATA	Keypress: t
543.3882	DATA	Keypress: t
543.6079	DATA	Keypress: t
543.8441	DATA	Keypress: t
544.0466	DATA	Keypress: t
544.0630	DATA	Keypress:t held
544.2494	DATA	Keypress: t
544.4686	DATA	Keypress: t
544.6715	DATA	Keypress: t
544.8572	DATA	Keypress: t
545.0816	DATA	Keypress: t
545.5523	DATA	start rating L
545.5636	DATA	Keypress: t
545.5640	DATA	Keypress: t
545.6436	DATA	Keypress: t
548.6838	DATA	Keypress: v
548.9695	DATA	Keypress: v
549.2402	DATA	Keypress: v
549.5104	DATA	Keypress: v
549.7812	DATA	Keypress: v
553.9144	DATA	Keypress: return
553.9146	DATA	RatingScale rateL_scale: (key response) rating=6
553.9147	DATA	RatingScale rateL_scale: rating RT=8.362
553.9151	DATA	6.0
553.9151	DATA	end rating L
554.0227	DATA	start rating R
555.9094	DATA	Keypress: t
556.2477	DATA	Keypress: t
556.5517	DATA	Keypress: t
557.0920	DATA	Keypress: v
560.2159	DATA	Keypress: return
560.2163	DATA	RatingScale rateR_scale: (key response) rating=2
560.2164	DATA	RatingScale rateR_scale: rating RT=6.194
560.2169	DATA	2.0
560.2179	DATA	end rating R
561.9608	DATA	Keypress: t
561.9939	DATA	Keypress:t held
561.9939	DATA	earn t
562.1974	DATA	Keypress: t
562.3662	DATA	Keypress: t
562.5350	DATA	Keypress: t
563.3549	DATA	Keypress: t
563.4128	DATA	Keypress: t
563.6154	DATA	Keypress: t
563.8181	DATA	Keypress: t
563.9869	DATA	Keypress: t
564.1727	DATA	Keypress: t
564.3576	DATA	Keypress:t held
564.3577	DATA	earn t
564.4488	DATA	Keypress: t
564.5438	DATA	Keypress: t
565.1352	DATA	Keypress: t
565.3379	DATA	Keypress: t
565.7288	DATA	Keypress: t
565.7292	DATA	Keypress: t
565.8955	DATA	Keypress: t
566.0805	DATA	Keypress: t
566.2493	DATA	Keypress: t
566.4182	DATA	Keypress: t
566.6039	DATA	Keypress: t
566.7383	DATA	Keypress:t held
566.7383	DATA	earn t
566.9587	DATA	Keypress: t
567.4991	DATA	Keypress: t
567.6847	DATA	Keypress: t
568.1479	DATA	Keypress: t
568.1483	DATA	Keypress: t
568.2585	DATA	Keypress: t
568.4612	DATA	Keypress: t
568.6637	DATA	Keypress: t
568.8328	DATA	Keypress: t
569.0351	DATA	Keypress: t
569.1526	DATA	Keypress:t held
569.4403	DATA	Keypress: t
569.6428	DATA	Keypress: t
569.8625	DATA	Keypress: t
570.0819	DATA	Keypress: t
570.1827	DATA	Keypress:t held
570.3184	DATA	Keypress: t
570.5211	DATA	Keypress: t
570.7237	DATA	Keypress: t
570.9093	DATA	Keypress: t
571.0954	DATA	Keypress: t
571.1957	DATA	Keypress:t held
571.3146	DATA	Keypress: t
571.5172	DATA	Keypress: t
571.7198	DATA	Keypress: t
571.9391	DATA	Keypress: t
572.1757	DATA	Keypress: t
572.2087	DATA	Keypress:t held
572.3783	DATA	Keypress: t
572.5644	DATA	Keypress: t
572.7833	DATA	Keypress: t
573.0030	DATA	Keypress: t
573.1884	DATA	Keypress: t
573.2218	DATA	Keypress:t held
573.4082	DATA	Keypress: t
573.5940	DATA	Keypress: t
573.9654	DATA	Keypress: t
574.1514	DATA	Keypress: t
574.2348	DATA	Keypress:t held
574.3368	DATA	Keypress: t
574.5562	DATA	Keypress: t
574.8094	DATA	Keypress: t
575.0291	DATA	Keypress: t
575.2149	DATA	Keypress: t
575.2479	DATA	Keypress:t held
575.4175	DATA	Keypress: t
575.6200	DATA	Keypress: t
575.8055	DATA	Keypress: t
576.0083	DATA	Keypress: t
576.2109	DATA	Keypress: t
576.2609	DATA	Keypress:t held
576.4302	DATA	Keypress: t
576.6837	DATA	Keypress: t
576.8877	DATA	Keypress: t
577.0721	DATA	Keypress: t
577.2740	DATA	Keypress:t held
577.2740	DATA	earn t
577.2748	DATA	Keypress: t
577.4944	DATA	Keypress: t
578.0344	DATA	Keypress: t
578.2538	DATA	Keypress: t
578.6370	DATA	Keypress: t
578.6590	DATA	Keypress: t
578.9294	DATA	Keypress: t
579.1321	DATA	Keypress: t
579.3346	DATA	Keypress: t
579.5034	DATA	Keypress: t
579.6377	DATA	Keypress:t held
579.6722	DATA	Keypress: t
579.8746	DATA	Keypress: t
580.0774	DATA	Keypress: t
580.2463	DATA	Keypress: t
580.4826	DATA	Keypress: t
580.6508	DATA	Keypress:t held
580.6853	DATA	Keypress: t
580.8877	DATA	Keypress: t
581.1073	DATA	Keypress: t
581.3272	DATA	Keypress: t
581.5630	DATA	Keypress: t
581.6638	DATA	Keypress:t held
581.6639	DATA	earn t
581.7829	DATA	Keypress: t
581.9857	DATA	Keypress: t
582.5596	DATA	Keypress: t
583.0337	DATA	Keypress: t
583.0341	DATA	Keypress: t
583.1671	DATA	Keypress: t
583.3699	DATA	Keypress: t
583.5725	DATA	Keypress: t
583.7752	DATA	Keypress: t
583.9777	DATA	Keypress: t
584.0445	DATA	Keypress:t held
584.1638	DATA	Keypress: t
584.3660	DATA	Keypress: t
584.5855	DATA	Keypress: t
584.8048	DATA	Keypress: t
585.0246	DATA	Keypress: t
585.0575	DATA	Keypress:t held
585.2609	DATA	Keypress: t
585.4635	DATA	Keypress: t
585.6324	DATA	Keypress: t
585.8687	DATA	Keypress: t
586.0556	DATA	Keypress: t
586.0706	DATA	Keypress:t held
586.2400	DATA	Keypress: t
586.4426	DATA	Keypress: t
586.6622	DATA	Keypress: t
586.9324	DATA	Keypress: t
587.1005	DATA	Keypress:t held
587.1013	DATA	Keypress: t
587.4395	DATA	Keypress: v
587.7428	DATA	Keypress: v
587.8778	DATA	Keypress: v
588.0636	DATA	Keypress: v
588.1136	DATA	Keypress:v held
588.2154	DATA	Keypress: v
588.4182	DATA	Keypress: v
588.6039	DATA	Keypress: v
588.7727	DATA	Keypress: v
589.0429	DATA	Keypress: t
589.1271	DATA	Keypress:t held
589.2624	DATA	Keypress: t
589.4481	DATA	Keypress: t
589.6337	DATA	Keypress: t
589.8027	DATA	Keypress: t
589.9882	DATA	Keypress: t
590.1397	DATA	Keypress:t held
590.1741	DATA	Keypress: t
590.3768	DATA	Keypress: t
590.5454	DATA	Keypress: t
590.7144	DATA	Keypress: t
590.9001	DATA	Keypress: t
591.0870	DATA	Keypress: t
591.1527	DATA	Keypress:t held
591.3052	DATA	Keypress: t
591.5248	DATA	Keypress: t
591.7272	DATA	Keypress: t
591.9301	DATA	Keypress: t
592.1657	DATA	Keypress:t held
592.1665	DATA	Keypress: t
592.3691	DATA	Keypress: t
592.5885	DATA	Keypress: t
592.7405	DATA	Keypress: t
592.9430	DATA	Keypress: t
593.1457	DATA	Keypress: t
593.1787	DATA	Keypress:t held
593.3313	DATA	Keypress: t
593.5340	DATA	Keypress: t
594.0744	DATA	Keypress: v
594.1919	DATA	Keypress:v held
594.2937	DATA	Keypress: v
594.4795	DATA	Keypress: v
594.6483	DATA	Keypress: v
594.8340	DATA	Keypress: v
595.0368	DATA	Keypress: v
595.2218	DATA	Keypress:v held
595.2233	DATA	Keypress: v
595.4251	DATA	Keypress: v
595.6277	DATA	Keypress: v
595.8310	DATA	Keypress: v
596.0496	DATA	Keypress: v
596.2349	DATA	Keypress:v held
596.2354	DATA	Keypress: v
596.4549	DATA	Keypress: v
596.6576	DATA	Keypress: v
596.8771	DATA	Keypress: v
597.0631	DATA	Keypress: v
597.2648	DATA	Keypress:v held
597.2655	DATA	Keypress: v
597.5018	DATA	Keypress: v
597.6875	DATA	Keypress: v
597.8732	DATA	Keypress: v
598.0756	DATA	Keypress: v
598.2777	DATA	Keypress:v held
598.2784	DATA	Keypress: v
598.7343	DATA	Keypress: t
598.9370	DATA	Keypress: t
599.1058	DATA	Keypress: t
599.2909	DATA	Keypress:t held
599.2916	DATA	Keypress: t
599.4772	DATA	Keypress: t
599.6474	DATA	Keypress: t
599.8148	DATA	Keypress: t
599.9838	DATA	Keypress: t
600.1526	DATA	Keypress: t
600.3208	DATA	Keypress:t held
600.3553	DATA	Keypress: t
600.5579	DATA	Keypress: t
600.7268	DATA	Keypress: t
600.9123	DATA	Keypress: t
601.0813	DATA	Keypress: t
601.3005	DATA	Keypress: t
601.3338	DATA	Keypress:t held
601.3339	DATA	earn t
601.4865	DATA	Keypress: t
601.6720	DATA	Keypress: t
602.2971	DATA	Keypress: t
602.7206	DATA	Keypress: t
602.7214	DATA	Keypress: t
602.8710	DATA	Keypress: t
603.0734	DATA	Keypress: t
603.2592	DATA	Keypress: t
603.4449	DATA	Keypress: t
603.6306	DATA	Keypress: t
603.7314	DATA	Keypress:t held
603.8334	DATA	Keypress: t
604.0359	DATA	Keypress: t
604.2049	DATA	Keypress: t
604.3736	DATA	Keypress: t
604.5593	DATA	Keypress: t
604.7443	DATA	Keypress:t held
604.7620	DATA	Keypress: t
604.9307	DATA	Keypress: t
605.1166	DATA	Keypress: t
605.3191	DATA	Keypress: t
605.4880	DATA	Keypress: t
605.6907	DATA	Keypress: t
605.7575	DATA	Keypress:t held
605.7575	DATA	earn t
605.8934	DATA	Keypress: t
606.0791	DATA	Keypress: t
606.5519	DATA	Keypress: t
607.1545	DATA	Keypress: t
607.1553	DATA	Keypress: t
607.1560	DATA	Keypress: t
607.3451	DATA	Keypress: t
607.5141	DATA	Keypress: t
607.7335	DATA	Keypress: t
607.9193	DATA	Keypress: t
608.1220	DATA	Keypress: t
608.1550	DATA	Keypress:t held
608.3242	DATA	Keypress: t
608.5272	DATA	Keypress: t
608.7298	DATA	Keypress: t
608.9324	DATA	Keypress: t
609.1350	DATA	Keypress: t
609.1849	DATA	Keypress:t held
609.3373	DATA	Keypress: t
609.5233	DATA	Keypress: t
609.7090	DATA	Keypress: t
609.8948	DATA	Keypress: t
610.0972	DATA	Keypress: t
610.1979	DATA	Keypress:t held
610.3169	DATA	Keypress: t
610.5195	DATA	Keypress: t
610.7221	DATA	Keypress: t
610.9078	DATA	Keypress: t
611.1273	DATA	Keypress: t
611.2110	DATA	Keypress:t held
611.3468	DATA	Keypress: t
611.5324	DATA	Keypress: t
611.7349	DATA	Keypress: t
611.9377	DATA	Keypress: t
612.1403	DATA	Keypress: t
612.2409	DATA	Keypress:t held
612.3092	DATA	Keypress: t
612.5118	DATA	Keypress: t
612.7144	DATA	Keypress: t
612.9338	DATA	Keypress: t
613.1365	DATA	Keypress: t
613.2541	DATA	Keypress:t held
613.3052	DATA	Keypress: t
613.5078	DATA	Keypress: t
613.7274	DATA	Keypress: t
613.9301	DATA	Keypress: t
614.1327	DATA	Keypress: t
614.2670	DATA	Keypress:t held
614.3353	DATA	Keypress: t
614.5377	DATA	Keypress: t
615.0949	DATA	Keypress: v
615.2969	DATA	Keypress:v held
615.2977	DATA	Keypress: v
615.5003	DATA	Keypress: v
615.7029	DATA	Keypress: v
615.8545	DATA	Keypress: v
616.0069	DATA	Keypress: v
616.3100	DATA	Keypress:v held
616.3612	DATA	Keypress: t
616.5638	DATA	Keypress: t
616.7509	DATA	Keypress: t
616.9522	DATA	Keypress: t
617.1381	DATA	Keypress: t
617.3399	DATA	Keypress:t held
617.3407	DATA	Keypress: t
617.5433	DATA	Keypress: t
617.7459	DATA	Keypress: t
617.9485	DATA	Keypress: t
618.1348	DATA	Keypress: t
618.3530	DATA	Keypress:t held
618.3537	DATA	Keypress: t
618.5901	DATA	Keypress: t
618.8096	DATA	Keypress: t
618.9784	DATA	Keypress: t
619.1810	DATA	Keypress: t
619.3661	DATA	Keypress:t held
619.4005	DATA	Keypress: t
619.6030	DATA	Keypress: t
619.8056	DATA	Keypress: t
619.9914	DATA	Keypress: t
620.1938	DATA	Keypress: t
620.8894	DATA	start rating L
620.8982	DATA	Keypress: t
620.8990	DATA	Keypress: t
620.8994	DATA	Keypress: t
624.3374	DATA	Keypress: v
624.6622	DATA	Keypress: v
624.9324	DATA	Keypress: v
625.2033	DATA	Keypress: v
627.5325	DATA	Keypress: return
627.5328	DATA	RatingScale rateL_scale: (key response) rating=5
627.5329	DATA	RatingScale rateL_scale: rating RT=6.643
627.5334	DATA	5.0
627.5334	DATA	end rating L
627.6419	DATA	start rating R
628.8500	DATA	Keypress: t
630.3860	DATA	Keypress: return
630.3863	DATA	RatingScale rateR_scale: (key response) rating=3
630.3864	DATA	RatingScale rateR_scale: rating RT=2.744
630.3869	DATA	3.0
630.3879	DATA	end rating R
