28.6590	DATA	version D
152.4157	DATA	Keypress: space
158.2462	DATA	Keypress: t
158.2789	DATA	Keypress:t held
158.4300	DATA	Keypress: t
159.0147	DATA	Keypress: t
159.2813	DATA	Keypress:t held
159.3822	DATA	Keypress: t
159.6495	DATA	Keypress: t
159.8680	DATA	Keypress: t
160.0840	DATA	Keypress: t
160.2837	DATA	Keypress:t held
160.2838	DATA	earn t
160.3996	DATA	Keypress: t
160.7023	DATA	Keypress: v
161.3403	DATA	Keypress: t
161.7560	DATA	Keypress: t
161.9719	DATA	Keypress: t
162.1890	DATA	Keypress: t
162.3553	DATA	Keypress:t held
162.3727	DATA	Keypress: t
162.5566	DATA	Keypress: t
162.7401	DATA	Keypress: t
162.9073	DATA	Keypress: t
163.1245	DATA	Keypress: v
163.3577	DATA	Keypress:v held
163.6756	DATA	Keypress: v
164.1605	DATA	Keypress: v
164.3274	DATA	Keypress: v
164.3601	DATA	Keypress:v held
164.4777	DATA	Keypress: v
164.6448	DATA	Keypress: v
164.7954	DATA	Keypress: v
164.9790	DATA	Keypress: v
165.1461	DATA	Keypress: v
165.3131	DATA	Keypress: v
165.3626	DATA	Keypress:v held
165.4634	DATA	Keypress: v
165.6305	DATA	Keypress: v
165.7809	DATA	Keypress: v
165.9311	DATA	Keypress: v
166.3649	DATA	Keypress:v held
166.3657	DATA	Keypress: t
166.4994	DATA	Keypress: t
166.6664	DATA	Keypress: t
166.8167	DATA	Keypress: t
166.9671	DATA	Keypress: t
167.1174	DATA	Keypress: t
167.2845	DATA	Keypress: t
167.3673	DATA	Keypress:t held
167.4355	DATA	Keypress: t
167.6193	DATA	Keypress: t
167.7857	DATA	Keypress: t
167.9528	DATA	Keypress: t
168.1198	DATA	Keypress: t
168.3697	DATA	Keypress:t held
168.5877	DATA	Keypress: t
168.8214	DATA	Keypress: v
168.9551	DATA	Keypress: t
169.1055	DATA	Keypress: v
169.1556	DATA	Keypress: t
169.3721	DATA	Keypress:t held
169.3721	DATA	earn t
169.4704	DATA	Keypress: t
169.5901	DATA	Keypress: t
170.2250	DATA	Keypress: t
170.4120	DATA	Keypress: v
170.4922	DATA	Keypress: t
170.6759	DATA	Keypress: v
170.7260	DATA	Keypress: t
170.9599	DATA	Keypress: t
171.1271	DATA	Keypress: v
171.1771	DATA	Keypress: t
171.4270	DATA	Keypress:t held
171.4278	DATA	Keypress: t
171.6616	DATA	Keypress: t
171.9121	DATA	Keypress: v
172.0125	DATA	Keypress: t
172.2296	DATA	Keypress: t
172.4294	DATA	Keypress:t held
172.4301	DATA	Keypress: t
172.7142	DATA	Keypress: t
172.8978	DATA	Keypress: v
172.9814	DATA	Keypress: t
173.1651	DATA	Keypress: t
173.3323	DATA	Keypress: t
173.4485	DATA	Keypress:t held
173.5160	DATA	Keypress: t
173.6996	DATA	Keypress: t
173.8835	DATA	Keypress: t
174.2177	DATA	Keypress: t
174.4509	DATA	Keypress:t held
174.6519	DATA	Keypress: t
174.8024	DATA	Keypress: t
174.9527	DATA	Keypress: t
175.1031	DATA	Keypress: t
175.2534	DATA	Keypress: t
175.4037	DATA	Keypress: t
175.4532	DATA	Keypress:t held
175.8048	DATA	Keypress: v
175.9382	DATA	Keypress: v
176.0888	DATA	Keypress: v
176.2225	DATA	Keypress: v
176.3728	DATA	Keypress: v
176.4556	DATA	Keypress:v held
176.5232	DATA	Keypress: v
176.7737	DATA	Keypress: t
176.9076	DATA	Keypress: t
177.0578	DATA	Keypress: t
177.2583	DATA	Keypress: v
177.4580	DATA	Keypress:v held
177.9932	DATA	Keypress: v
178.1952	DATA	Keypress: t
178.3943	DATA	Keypress: v
178.4771	DATA	Keypress:v held
178.5794	DATA	Keypress: t
178.7953	DATA	Keypress: v
178.9636	DATA	Keypress: t
179.1626	DATA	Keypress: v
179.3299	DATA	Keypress: t
179.4795	DATA	Keypress:t held
179.7309	DATA	Keypress: t
179.8812	DATA	Keypress: t
180.0316	DATA	Keypress: t
180.1819	DATA	Keypress: t
180.3155	DATA	Keypress: t
180.4659	DATA	Keypress: t
180.4982	DATA	Keypress:t held
180.6161	DATA	Keypress: t
180.7667	DATA	Keypress: t
180.9004	DATA	Keypress: t
181.0512	DATA	Keypress: t
181.2010	DATA	Keypress: t
181.3514	DATA	Keypress: t
181.5010	DATA	Keypress:t held
181.5016	DATA	Keypress: t
181.6522	DATA	Keypress: t
181.7872	DATA	Keypress: t
182.0697	DATA	Keypress: v
182.2368	DATA	Keypress: v
182.3872	DATA	Keypress: v
182.5034	DATA	Keypress:v held
182.5542	DATA	Keypress: v
182.6877	DATA	Keypress: v
182.8381	DATA	Keypress: v
182.9886	DATA	Keypress: v
183.4230	DATA	Keypress: t
183.5058	DATA	Keypress:t held
183.5566	DATA	Keypress: t
183.7071	DATA	Keypress: t
184.5082	DATA	Keypress:t held
184.7929	DATA	Keypress: v
185.2942	DATA	Keypress: t
185.5106	DATA	Keypress:t held
185.5449	DATA	Keypress: v
185.7786	DATA	Keypress: t
186.0292	DATA	Keypress: v
186.2464	DATA	Keypress: t
186.5130	DATA	Keypress:t held
186.5137	DATA	Keypress: v
186.9815	DATA	Keypress: t
187.1486	DATA	Keypress: t
187.3156	DATA	Keypress: t
187.4658	DATA	Keypress: t
187.5154	DATA	Keypress:t held
187.6163	DATA	Keypress: t
187.7668	DATA	Keypress: t
187.9170	DATA	Keypress: t
188.0673	DATA	Keypress: t
188.2191	DATA	Keypress: t
188.3848	DATA	Keypress: t
188.5178	DATA	Keypress:t held
188.5178	DATA	earn t
188.5185	DATA	Keypress: t
188.6690	DATA	Keypress: t
188.8361	DATA	Keypress: t
189.5045	DATA	Keypress: v
189.6712	DATA	Keypress: v
189.8383	DATA	Keypress: v
189.9886	DATA	Keypress: v
190.1557	DATA	Keypress: v
190.3061	DATA	Keypress: v
190.4397	DATA	Keypress: v
190.5894	DATA	Keypress:v held
190.5902	DATA	Keypress: v
190.7571	DATA	Keypress: v
190.9075	DATA	Keypress: v
191.0579	DATA	Keypress: v
191.2082	DATA	Keypress: v
191.3754	DATA	Keypress: v
191.5257	DATA	Keypress: v
191.5917	DATA	Keypress:v held
191.6760	DATA	Keypress: v
191.8262	DATA	Keypress: v
191.9934	DATA	Keypress: v
192.1605	DATA	Keypress: v
192.3109	DATA	Keypress: v
192.4612	DATA	Keypress: v
192.5941	DATA	Keypress:v held
192.6283	DATA	Keypress: v
192.7786	DATA	Keypress: v
192.9290	DATA	Keypress: v
193.0960	DATA	Keypress: v
193.2464	DATA	Keypress: v
193.4804	DATA	Keypress: t
193.5965	DATA	Keypress:t held
193.5966	DATA	earn t
193.7017	DATA	Keypress: t
193.7812	DATA	Keypress: t
194.3158	DATA	Keypress: v
194.4829	DATA	Keypress: v
194.6567	DATA	Keypress: v
194.7832	DATA	Keypress: v
194.9169	DATA	Keypress: v
195.0673	DATA	Keypress: v
195.2345	DATA	Keypress: v
195.3848	DATA	Keypress: v
195.5353	DATA	Keypress: v
195.6681	DATA	Keypress:v held
195.6855	DATA	Keypress: v
195.9194	DATA	Keypress: t
196.0364	DATA	Keypress: t
196.2035	DATA	Keypress: t
196.3551	DATA	Keypress: t
196.6706	DATA	Keypress:t held
196.7881	DATA	Keypress: v
196.9554	DATA	Keypress: v
197.0889	DATA	Keypress: v
197.2392	DATA	Keypress: v
197.3897	DATA	Keypress: v
197.5398	DATA	Keypress: v
197.6729	DATA	Keypress:v held
197.6909	DATA	Keypress: v
197.8407	DATA	Keypress: v
197.9909	DATA	Keypress: v
198.4088	DATA	Keypress: t
198.5589	DATA	Keypress: t
198.6753	DATA	Keypress:t held
198.6754	DATA	earn t
198.7847	DATA	Keypress: t
199.4281	DATA	Keypress: v
199.5616	DATA	Keypress: v
199.7304	DATA	Keypress: v
199.8789	DATA	Keypress: v
200.0460	DATA	Keypress: v
200.2130	DATA	Keypress: v
200.3634	DATA	Keypress: v
200.5305	DATA	Keypress: v
200.6806	DATA	Keypress: v
200.7302	DATA	Keypress:v held
200.8313	DATA	Keypress: v
201.4495	DATA	Keypress: t
201.5829	DATA	Keypress: t
201.7326	DATA	Keypress:t held
202.0675	DATA	Keypress: v
202.2344	DATA	Keypress: v
202.3849	DATA	Keypress: v
202.5353	DATA	Keypress: v
202.7350	DATA	Keypress:v held
202.8360	DATA	Keypress: v
202.9710	DATA	Keypress: v
203.2536	DATA	Keypress: t
203.4207	DATA	Keypress: t
203.7374	DATA	Keypress:t held
203.7374	DATA	earn t
203.8420	DATA	Keypress: v
203.9221	DATA	Keypress: v
204.0725	DATA	Keypress: v
204.4750	DATA	Keypress: t
204.6404	DATA	Keypress: t
204.8022	DATA	Keypress: t
204.9243	DATA	Keypress: t
205.2083	DATA	Keypress: v
205.3586	DATA	Keypress: v
205.5091	DATA	Keypress: v
205.6762	DATA	Keypress: v
205.8090	DATA	Keypress:v held
205.8110	DATA	Keypress: v
206.1938	DATA	Keypress: v
206.3444	DATA	Keypress: v
206.4945	DATA	Keypress: v
206.6619	DATA	Keypress: v
206.8114	DATA	Keypress:v held
206.9291	DATA	Keypress: t
207.0961	DATA	Keypress: t
207.3969	DATA	Keypress: v
207.5474	DATA	Keypress: v
207.6988	DATA	Keypress: v
207.8138	DATA	Keypress:v held
207.8645	DATA	Keypress: v
207.9983	DATA	Keypress: v
208.1319	DATA	Keypress: v
208.2823	DATA	Keypress: v
208.4326	DATA	Keypress: v
208.5661	DATA	Keypress: v
208.7167	DATA	Keypress: v
208.8162	DATA	Keypress:v held
208.8503	DATA	Keypress: v
209.1176	DATA	Keypress: t
209.2345	DATA	Keypress: t
209.8186	DATA	Keypress:t held
209.8193	DATA	Keypress: v
210.0030	DATA	Keypress: t
210.1534	DATA	Keypress: t
210.3037	DATA	Keypress: t
210.4375	DATA	Keypress: t
210.6045	DATA	Keypress: t
210.7385	DATA	Keypress: t
210.8210	DATA	Keypress:t held
210.9052	DATA	Keypress: t
211.0557	DATA	Keypress: t
211.2059	DATA	Keypress: t
211.3397	DATA	Keypress: t
211.8074	DATA	Keypress: v
211.8401	DATA	Keypress:v held
211.8401	DATA	earn v
211.9585	DATA	Keypress: v
212.5594	DATA	Keypress: t
212.7933	DATA	Keypress: t
212.9220	DATA	Keypress: t
213.2606	DATA	start rating L
213.2849	DATA	Keypress: t
213.2854	DATA	Keypress: t
213.4224	DATA	Keypress: t
213.5552	DATA	Keypress: t
216.2283	DATA	Keypress: v
216.4622	DATA	Keypress: v
216.6623	DATA	Keypress: v
216.8631	DATA	Keypress: v
217.0301	DATA	Keypress: v
217.2305	DATA	Keypress: v
217.7322	DATA	Keypress: t
217.9323	DATA	Keypress: t
218.0994	DATA	Keypress: t
218.2994	DATA	Keypress: t
218.4667	DATA	Keypress: t
218.6337	DATA	Keypress: t
219.1024	DATA	Keypress: v
219.3023	DATA	Keypress: v
219.4693	DATA	Keypress: v
219.6693	DATA	Keypress: v
219.9040	DATA	Keypress: v
220.1043	DATA	Keypress: v
220.6387	DATA	Keypress: t
220.8057	DATA	Keypress: t
221.0729	DATA	Keypress: t
221.3737	DATA	Keypress: t
221.9424	DATA	Keypress: v
231.2975	DATA	Keypress: v
231.5316	DATA	Keypress: v
231.9991	DATA	Keypress: v
232.5673	DATA	Keypress: t
232.8011	DATA	Keypress: t
233.0689	DATA	Keypress: t
280.8126	DATA	Keypress: return
280.8129	DATA	RatingScale rateL_scale: (key response) rating=4
280.8130	DATA	RatingScale rateL_scale: rating RT=67.552
280.8134	DATA	4.0
280.8134	DATA	end rating L
280.9336	DATA	start rating R
295.9523	DATA	Keypress: v
297.9570	DATA	Keypress: t
406.4157	DATA	Keypress: return
406.4161	DATA	RatingScale rateR_scale: (key response) rating=4
406.4162	DATA	RatingScale rateR_scale: rating RT=125.482
406.4167	DATA	4.0
406.4181	DATA	end rating R
407.9266	DATA	Keypress: v
407.9747	DATA	Keypress:v held
408.1259	DATA	Keypress: v
408.2762	DATA	Keypress: v
408.4265	DATA	Keypress: v
408.7105	DATA	Keypress: v
408.8609	DATA	Keypress: v
408.9771	DATA	Keypress:v held
408.9772	DATA	earn v
409.0914	DATA	Keypress: v
410.8822	DATA	Keypress: v
411.1155	DATA	Keypress:v held
411.1665	DATA	Keypress: v
411.3335	DATA	Keypress: v
411.4672	DATA	Keypress: v
411.5840	DATA	Keypress: v
411.7342	DATA	Keypress: v
411.8680	DATA	Keypress: v
412.0184	DATA	Keypress: v
412.1179	DATA	Keypress:v held
412.1518	DATA	Keypress: v
412.2861	DATA	Keypress: v
412.4357	DATA	Keypress: v
412.5863	DATA	Keypress: v
412.7034	DATA	Keypress: v
412.8383	DATA	Keypress: v
412.9707	DATA	Keypress: v
413.1042	DATA	Keypress: v
413.1370	DATA	Keypress:v held
413.1371	DATA	earn v
413.2607	DATA	Keypress: v
413.3718	DATA	Keypress: v
413.5054	DATA	Keypress: v
414.3907	DATA	Keypress: t
414.5409	DATA	Keypress: t
414.6916	DATA	Keypress: t
414.8251	DATA	Keypress: t
414.9755	DATA	Keypress: t
415.1091	DATA	Keypress: t
415.2420	DATA	Keypress:t held
415.2427	DATA	Keypress: t
415.3931	DATA	Keypress: t
415.5268	DATA	Keypress: t
415.8106	DATA	Keypress: t
415.9444	DATA	Keypress: t
416.0782	DATA	Keypress: t
416.2285	DATA	Keypress: t
416.2612	DATA	Keypress:t held
416.3621	DATA	Keypress: t
416.4958	DATA	Keypress: t
416.6462	DATA	Keypress: t
416.7964	DATA	Keypress: t
416.9301	DATA	Keypress: t
417.0805	DATA	Keypress: t
417.2310	DATA	Keypress: t
417.2635	DATA	Keypress:t held
417.3812	DATA	Keypress: t
417.5150	DATA	Keypress: t
417.6486	DATA	Keypress: t
417.7990	DATA	Keypress: t
417.9325	DATA	Keypress: t
418.0829	DATA	Keypress: t
418.2332	DATA	Keypress: t
418.2660	DATA	Keypress:t held
418.3669	DATA	Keypress: t
418.5005	DATA	Keypress: t
418.7513	DATA	Keypress: v
418.8861	DATA	Keypress: v
419.0520	DATA	Keypress: v
419.1855	DATA	Keypress: v
419.2683	DATA	Keypress:v held
419.3193	DATA	Keypress: v
419.4529	DATA	Keypress: v
419.5865	DATA	Keypress: v
419.7201	DATA	Keypress: v
419.8538	DATA	Keypress: v
420.0039	DATA	Keypress: v
420.1545	DATA	Keypress: v
420.2707	DATA	Keypress:v held
420.2708	DATA	earn v
420.3880	DATA	Keypress: v
420.4220	DATA	Keypress: v
420.5556	DATA	Keypress: v
420.9900	DATA	Keypress: t
421.1569	DATA	Keypress: t
421.3940	DATA	Keypress: t
421.4242	DATA	Keypress: t
421.5911	DATA	Keypress: t
421.7414	DATA	Keypress: t
421.8753	DATA	Keypress: t
422.0088	DATA	Keypress: t
422.1592	DATA	Keypress: t
422.4091	DATA	Keypress:t held
422.4098	DATA	Keypress: v
422.5602	DATA	Keypress: v
422.7273	DATA	Keypress: v
422.8775	DATA	Keypress: v
423.0280	DATA	Keypress: v
423.1616	DATA	Keypress: v
423.3121	DATA	Keypress: v
423.4116	DATA	Keypress:v held
423.4116	DATA	earn v
423.5295	DATA	Keypress: v
423.6296	DATA	Keypress: v
423.7633	DATA	Keypress: v
423.8968	DATA	Keypress: v
424.0640	DATA	Keypress: v
424.5180	DATA	Keypress: t
424.7153	DATA	Keypress: t
424.9827	DATA	Keypress: v
425.1331	DATA	Keypress: v
425.2835	DATA	Keypress: v
425.4506	DATA	Keypress: v
425.5333	DATA	Keypress:v held
425.5840	DATA	Keypress: v
425.7343	DATA	Keypress: v
425.8848	DATA	Keypress: v
426.0184	DATA	Keypress: v
426.1521	DATA	Keypress: v
426.3025	DATA	Keypress: v
426.4528	DATA	Keypress: v
426.5524	DATA	Keypress:v held
426.6032	DATA	Keypress: v
427.0710	DATA	Keypress: v
427.2218	DATA	Keypress: v
427.3885	DATA	Keypress: v
427.5548	DATA	Keypress:v held
427.5548	DATA	earn v
427.6894	DATA	Keypress: v
427.8564	DATA	Keypress: v
427.9900	DATA	Keypress: v
428.2908	DATA	Keypress: t
428.4244	DATA	Keypress: t
428.6757	DATA	Keypress: t
429.0591	DATA	Keypress: t
429.1927	DATA	Keypress: t
429.3430	DATA	Keypress: t
429.4767	DATA	Keypress: t
429.6436	DATA	Keypress: t
429.6765	DATA	Keypress:t held
429.7941	DATA	Keypress: t
429.9445	DATA	Keypress: t
430.0950	DATA	Keypress: t
430.2299	DATA	Keypress: t
430.3956	DATA	Keypress: t
430.5460	DATA	Keypress: t
430.6789	DATA	Keypress:t held
430.7131	DATA	Keypress: t
430.8634	DATA	Keypress: t
431.0137	DATA	Keypress: t
431.1641	DATA	Keypress: t
431.3144	DATA	Keypress: t
431.4816	DATA	Keypress: t
431.6318	DATA	Keypress: t
431.6813	DATA	Keypress:t held
431.7822	DATA	Keypress: t
431.9337	DATA	Keypress: t
432.0829	DATA	Keypress: t
432.2498	DATA	Keypress: t
432.4172	DATA	Keypress: t
432.5507	DATA	Keypress: t
432.6836	DATA	Keypress:t held
432.7023	DATA	Keypress: t
432.8682	DATA	Keypress: t
433.0185	DATA	Keypress: t
433.1689	DATA	Keypress: t
433.3025	DATA	Keypress: t
433.5531	DATA	Keypress: v
433.6861	DATA	Keypress:v held
433.7870	DATA	Keypress: t
434.0209	DATA	Keypress: t
434.3898	DATA	Keypress: v
434.6056	DATA	Keypress: t
434.7052	DATA	Keypress:t held
435.0734	DATA	Keypress: t
435.2739	DATA	Keypress: t
435.6415	DATA	Keypress: t
435.7075	DATA	Keypress:t held
435.7918	DATA	Keypress: t
435.9422	DATA	Keypress: t
436.1091	DATA	Keypress: t
436.2763	DATA	Keypress: t
436.7099	DATA	Keypress:t held
436.9780	DATA	Keypress: t
437.0951	DATA	Keypress: t
437.4457	DATA	Keypress: v
437.6297	DATA	Keypress: v
437.7123	DATA	Keypress:v held
437.7124	DATA	earn v
437.8314	DATA	Keypress: v
438.6655	DATA	Keypress: t
438.8992	DATA	Keypress: v
439.2167	DATA	Keypress: v
439.3670	DATA	Keypress: v
439.5341	DATA	Keypress: v
439.8508	DATA	Keypress:v held
440.2025	DATA	Keypress: v
440.3694	DATA	Keypress: v
440.5197	DATA	Keypress: v
440.6868	DATA	Keypress: v
440.8531	DATA	Keypress:v held
440.8541	DATA	Keypress: v
441.0041	DATA	Keypress: v
441.4553	DATA	Keypress: v
441.6391	DATA	Keypress: v
441.7895	DATA	Keypress: v
441.8554	DATA	Keypress:v held
441.9574	DATA	Keypress: v
442.1069	DATA	Keypress: v
442.2405	DATA	Keypress: v
442.4076	DATA	Keypress: v
442.5413	DATA	Keypress: v
442.6916	DATA	Keypress: v
442.8579	DATA	Keypress:v held
443.0089	DATA	Keypress: t
443.2597	DATA	Keypress: v
443.4266	DATA	Keypress: v
443.5770	DATA	Keypress: v
443.8603	DATA	Keypress:v held
443.9613	DATA	Keypress: v
444.1284	DATA	Keypress: v
444.2787	DATA	Keypress: v
444.4457	DATA	Keypress: v
444.5959	DATA	Keypress: v
444.7632	DATA	Keypress: v
444.8627	DATA	Keypress:v held
444.8628	DATA	earn v
444.9851	DATA	Keypress: v
445.0641	DATA	Keypress: v
445.1978	DATA	Keypress: v
445.7824	DATA	Keypress: t
446.1833	DATA	Keypress: v
446.3338	DATA	Keypress: v
446.5020	DATA	Keypress: v
446.6508	DATA	Keypress: v
446.8014	DATA	Keypress: v
447.0179	DATA	Keypress:v held
447.2358	DATA	Keypress: v
447.4195	DATA	Keypress: v
447.5532	DATA	Keypress: v
447.7202	DATA	Keypress: v
447.8706	DATA	Keypress: v
448.0202	DATA	Keypress:v held
448.0202	DATA	earn v
448.0209	DATA	Keypress: v
448.2551	DATA	Keypress: v
448.3720	DATA	Keypress: v
448.8731	DATA	Keypress: t
449.1513	DATA	Keypress: v
449.2907	DATA	Keypress: v
449.4578	DATA	Keypress: v
449.6248	DATA	Keypress: v
449.7751	DATA	Keypress: v
449.9423	DATA	Keypress: v
450.0925	DATA	Keypress: v
450.1587	DATA	Keypress:v held
450.1587	DATA	earn v
450.2703	DATA	Keypress: v
450.4102	DATA	Keypress: v
450.5607	DATA	Keypress: v
450.8613	DATA	Keypress: t
451.0951	DATA	Keypress: v
451.2990	DATA	Keypress: v
451.4295	DATA	Keypress: v
451.5962	DATA	Keypress: v
451.7465	DATA	Keypress: v
451.9136	DATA	Keypress: v
452.0807	DATA	Keypress: v
452.2310	DATA	Keypress: v
452.3138	DATA	Keypress:v held
452.3981	DATA	Keypress: v
452.5484	DATA	Keypress: v
452.7322	DATA	Keypress: v
452.8826	DATA	Keypress: v
453.0330	DATA	Keypress: v
453.2000	DATA	Keypress: v
453.3162	DATA	Keypress:v held
453.3504	DATA	Keypress: v
453.5006	DATA	Keypress: v
453.6678	DATA	Keypress: v
453.8182	DATA	Keypress: v
453.9685	DATA	Keypress: v
454.1188	DATA	Keypress: v
454.2693	DATA	Keypress: v
454.3186	DATA	Keypress:v held
454.3187	DATA	earn v
454.4532	DATA	Keypress: v
454.5866	DATA	Keypress: v
455.0378	DATA	Keypress: t
455.2719	DATA	Keypress: v
455.4547	DATA	Keypress: v
455.6056	DATA	Keypress: v
455.7895	DATA	Keypress: v
455.9566	DATA	Keypress: v
456.1238	DATA	Keypress: v
456.3074	DATA	Keypress: v
456.4570	DATA	Keypress:v held
456.4576	DATA	Keypress: v
456.6415	DATA	Keypress: v
456.8087	DATA	Keypress: v
456.9590	DATA	Keypress: v
457.1094	DATA	Keypress: v
457.2598	DATA	Keypress: v
457.4267	DATA	Keypress: v
457.4595	DATA	Keypress:v held
457.5938	DATA	Keypress: v
457.7608	DATA	Keypress: v
457.9279	DATA	Keypress: v
458.0783	DATA	Keypress: v
458.2287	DATA	Keypress: v
458.4619	DATA	Keypress:v held
458.5965	DATA	Keypress: v
458.7466	DATA	Keypress: v
458.8969	DATA	Keypress: v
459.0473	DATA	Keypress: v
459.1977	DATA	Keypress: v
459.3480	DATA	Keypress: v
459.4642	DATA	Keypress:v held
459.4984	DATA	Keypress: v
459.6487	DATA	Keypress: v
459.7991	DATA	Keypress: v
459.9492	DATA	Keypress: v
460.1165	DATA	Keypress: v
460.2667	DATA	Keypress: v
460.4172	DATA	Keypress: v
460.4667	DATA	Keypress:v held
460.5677	DATA	Keypress: v
460.7181	DATA	Keypress: v
460.8851	DATA	Keypress: v
461.0519	DATA	Keypress: v
461.2191	DATA	Keypress: v
461.3862	DATA	Keypress: v
461.4689	DATA	Keypress:v held
461.8039	DATA	Keypress: t
461.9542	DATA	Keypress: t
462.1213	DATA	Keypress: t
462.2718	DATA	Keypress: t
462.4218	DATA	Keypress: t
462.4714	DATA	Keypress:t held
462.5722	DATA	Keypress: t
462.7226	DATA	Keypress: t
462.8731	DATA	Keypress: t
463.0234	DATA	Keypress: t
463.1739	DATA	Keypress: t
463.3254	DATA	Keypress: t
463.4738	DATA	Keypress:t held
463.4913	DATA	Keypress: t
463.6417	DATA	Keypress: t
463.7752	DATA	Keypress: t
463.9591	DATA	Keypress: t
464.0930	DATA	Keypress: t
464.2430	DATA	Keypress: t
464.4101	DATA	Keypress: t
464.4762	DATA	Keypress:t held
464.5438	DATA	Keypress: t
464.7108	DATA	Keypress: t
464.8613	DATA	Keypress: t
465.0115	DATA	Keypress: t
465.1786	DATA	Keypress: t
465.3290	DATA	Keypress: t
465.4625	DATA	Keypress: t
465.4953	DATA	Keypress:t held
465.4954	DATA	earn t
465.6131	DATA	Keypress: t
465.7802	DATA	Keypress: t
466.6530	DATA	Keypress: v
466.7090	DATA	Keypress: v
467.0355	DATA	start rating L
467.0450	DATA	Keypress: v
467.0455	DATA	Keypress: v
514.1729	DATA	Keypress: return
514.1733	DATA	RatingScale rateL_scale: (key response) rating=6
514.1734	DATA	RatingScale rateL_scale: rating RT=47.138
514.1739	DATA	6.0
514.1739	DATA	end rating L
514.2929	DATA	start rating R
516.7129	DATA	Keypress: v
516.8790	DATA	Keypress: v
517.0464	DATA	Keypress: v
525.0991	DATA	Keypress: return
525.0996	DATA	RatingScale rateR_scale: (key response) rating=7
525.0996	DATA	RatingScale rateR_scale: rating RT=10.807
525.1001	DATA	7.0
525.1012	DATA	end rating R
526.8424	DATA	Keypress: v
526.8751	DATA	Keypress:v held
526.9927	DATA	Keypress: v
527.1431	DATA	Keypress: v
527.4104	DATA	Keypress: v
527.5608	DATA	Keypress: v
527.6944	DATA	Keypress: v
527.8279	DATA	Keypress: v
527.8775	DATA	Keypress:v held
527.9618	DATA	Keypress: v
528.0954	DATA	Keypress: v
528.2291	DATA	Keypress: v
528.3639	DATA	Keypress: v
528.4962	DATA	Keypress: v
528.6300	DATA	Keypress: v
528.7637	DATA	Keypress: v
528.8799	DATA	Keypress:v held
528.8972	DATA	Keypress: v
529.0978	DATA	Keypress: t
529.2147	DATA	Keypress: t
529.3651	DATA	Keypress: t
529.5000	DATA	Keypress: t
529.6489	DATA	Keypress: t
529.7995	DATA	Keypress: t
529.8990	DATA	Keypress:t held
529.8990	DATA	earn t
530.0004	DATA	Keypress: t
530.0837	DATA	Keypress: t
530.2174	DATA	Keypress: t
530.7352	DATA	Keypress: v
531.0690	DATA	Keypress: v
531.0700	DATA	Keypress: v
531.2193	DATA	Keypress: v
531.3699	DATA	Keypress: v
531.5035	DATA	Keypress: v
531.6706	DATA	Keypress: v
531.8042	DATA	Keypress: v
532.0214	DATA	Keypress: t
532.0711	DATA	Keypress:t held
532.1551	DATA	Keypress: t
532.3221	DATA	Keypress: t
532.4391	DATA	Keypress: t
532.5894	DATA	Keypress: t
532.7398	DATA	Keypress: t
532.8901	DATA	Keypress: t
533.0238	DATA	Keypress: t
533.0732	DATA	Keypress:t held
533.1740	DATA	Keypress: t
533.3078	DATA	Keypress: t
533.4597	DATA	Keypress: t
533.6085	DATA	Keypress: t
533.7589	DATA	Keypress: t
533.8924	DATA	Keypress: t
534.0427	DATA	Keypress: t
534.0756	DATA	Keypress:t held
534.1931	DATA	Keypress: t
534.3436	DATA	Keypress: t
534.4773	DATA	Keypress: t
534.6276	DATA	Keypress: t
534.7778	DATA	Keypress: t
534.9116	DATA	Keypress: t
535.0620	DATA	Keypress: t
535.0947	DATA	Keypress:t held
535.0948	DATA	earn t
535.2293	DATA	Keypress: t
535.3629	DATA	Keypress: t
535.7305	DATA	Keypress: v
535.8975	DATA	Keypress: v
536.2945	DATA	Keypress: t
536.2954	DATA	Keypress: t
536.4153	DATA	Keypress: t
536.5321	DATA	Keypress: t
536.6839	DATA	Keypress: t
536.8329	DATA	Keypress: t
536.9833	DATA	Keypress: t
537.1168	DATA	Keypress: t
537.2673	DATA	Keypress: t
537.3000	DATA	Keypress:t held
537.4176	DATA	Keypress: t
537.5681	DATA	Keypress: t
537.7015	DATA	Keypress: t
537.8354	DATA	Keypress: t
537.9855	DATA	Keypress: t
538.1360	DATA	Keypress: t
538.2697	DATA	Keypress: t
538.3024	DATA	Keypress:t held
538.4034	DATA	Keypress: t
538.5869	DATA	Keypress: t
538.7040	DATA	Keypress: t
538.8377	DATA	Keypress: t
538.9878	DATA	Keypress: t
539.1384	DATA	Keypress: t
539.2887	DATA	Keypress: t
539.3214	DATA	Keypress:t held
539.4224	DATA	Keypress: t
539.5726	DATA	Keypress: t
539.7074	DATA	Keypress: t
539.8567	DATA	Keypress: t
539.9904	DATA	Keypress: t
540.1242	DATA	Keypress: t
540.3238	DATA	Keypress:t held
540.4248	DATA	Keypress: v
540.5752	DATA	Keypress: v
540.7254	DATA	Keypress: v
540.8595	DATA	Keypress: v
541.0096	DATA	Keypress: v
541.1432	DATA	Keypress: v
541.2935	DATA	Keypress: v
541.3262	DATA	Keypress:v held
541.4272	DATA	Keypress: v
541.5608	DATA	Keypress: v
541.7111	DATA	Keypress: v
541.8783	DATA	Keypress: v
542.0120	DATA	Keypress: v
542.1636	DATA	Keypress: v
542.3127	DATA	Keypress: v
542.3453	DATA	Keypress:v held
542.4631	DATA	Keypress: v
542.5966	DATA	Keypress: v
542.7474	DATA	Keypress: v
542.9139	DATA	Keypress: v
543.0644	DATA	Keypress: v
543.1981	DATA	Keypress: v
543.3477	DATA	Keypress:v held
543.3653	DATA	Keypress: v
543.4988	DATA	Keypress: v
543.7159	DATA	Keypress: t
543.8830	DATA	Keypress: t
544.0167	DATA	Keypress: t
544.1671	DATA	Keypress: t
544.3173	DATA	Keypress: t
544.3501	DATA	Keypress:t held
544.4514	DATA	Keypress: t
544.6181	DATA	Keypress: t
544.7686	DATA	Keypress: t
544.9021	DATA	Keypress: t
545.0525	DATA	Keypress: t
545.2029	DATA	Keypress: t
545.3525	DATA	Keypress:t held
545.3526	DATA	earn t
545.3533	DATA	Keypress: t
545.5203	DATA	Keypress: t
545.6542	DATA	Keypress: t
545.7878	DATA	Keypress: t
546.3224	DATA	Keypress: v
546.5896	DATA	Keypress: t
546.8067	DATA	Keypress: t
546.9404	DATA	Keypress: t
547.0905	DATA	Keypress: t
547.2411	DATA	Keypress: t
547.3747	DATA	Keypress: t
547.5411	DATA	Keypress:t held
547.5418	DATA	Keypress: t
547.6921	DATA	Keypress: t
547.8437	DATA	Keypress: t
548.0095	DATA	Keypress: t
548.1599	DATA	Keypress: t
548.3270	DATA	Keypress: t
548.4774	DATA	Keypress: t
548.5435	DATA	Keypress:t held
548.6275	DATA	Keypress: t
548.7794	DATA	Keypress: t
548.9451	DATA	Keypress: t
549.0786	DATA	Keypress: t
549.2292	DATA	Keypress: t
549.3963	DATA	Keypress: t
549.5458	DATA	Keypress:t held
549.5467	DATA	Keypress: t
549.7135	DATA	Keypress: t
549.8473	DATA	Keypress: t
549.9976	DATA	Keypress: t
550.1312	DATA	Keypress: t
550.2984	DATA	Keypress: t
550.4487	DATA	Keypress: t
550.5649	DATA	Keypress:t held
550.5991	DATA	Keypress: t
550.7326	DATA	Keypress: t
551.0167	DATA	Keypress: v
551.1504	DATA	Keypress: v
551.3007	DATA	Keypress: v
551.4514	DATA	Keypress: v
551.5673	DATA	Keypress:v held
551.6015	DATA	Keypress: v
551.7351	DATA	Keypress: v
551.8855	DATA	Keypress: v
552.0359	DATA	Keypress: v
552.1874	DATA	Keypress: v
552.3533	DATA	Keypress: v
552.5036	DATA	Keypress: v
552.5697	DATA	Keypress:v held
552.6540	DATA	Keypress: v
552.7875	DATA	Keypress: v
552.9392	DATA	Keypress: v
553.1050	DATA	Keypress: v
553.2554	DATA	Keypress: v
553.4226	DATA	Keypress: v
553.5561	DATA	Keypress: v
553.5888	DATA	Keypress:v held
553.5889	DATA	earn v
553.7029	DATA	Keypress: v
553.8570	DATA	Keypress: v
554.0241	DATA	Keypress: v
554.3750	DATA	Keypress: t
554.5420	DATA	Keypress: t
554.7760	DATA	Keypress: t
554.8431	DATA	Keypress: t
555.0097	DATA	Keypress: t
555.1766	DATA	Keypress: t
555.3437	DATA	Keypress: t
555.5108	DATA	Keypress: t
555.6777	DATA	Keypress: t
555.7774	DATA	Keypress:t held
555.8115	DATA	Keypress: t
555.9632	DATA	Keypress: t
556.1290	DATA	Keypress: t
556.2794	DATA	Keypress: t
556.4297	DATA	Keypress: t
556.5800	DATA	Keypress: t
556.7797	DATA	Keypress:t held
557.0312	DATA	Keypress: v
557.1982	DATA	Keypress: v
557.3318	DATA	Keypress: v
557.4820	DATA	Keypress: v
557.6325	DATA	Keypress: v
557.7662	DATA	Keypress: v
557.7989	DATA	Keypress:v held
557.9166	DATA	Keypress: v
558.0671	DATA	Keypress: v
558.2173	DATA	Keypress: v
558.3509	DATA	Keypress: v
558.5012	DATA	Keypress: v
558.6685	DATA	Keypress: v
558.8011	DATA	Keypress:v held
558.8012	DATA	earn v
558.9149	DATA	Keypress: v
558.9692	DATA	Keypress: v
559.1028	DATA	Keypress: v
559.2364	DATA	Keypress: v
559.6542	DATA	Keypress: t
559.9929	DATA	Keypress: t
559.9938	DATA	Keypress: t
560.1218	DATA	Keypress: t
560.2720	DATA	Keypress: t
560.4392	DATA	Keypress: t
560.6063	DATA	Keypress: t
560.7565	DATA	Keypress: t
560.9068	DATA	Keypress: t
561.0065	DATA	Keypress:t held
561.0741	DATA	Keypress: t
561.2077	DATA	Keypress: t
561.3582	DATA	Keypress: t
561.4751	DATA	Keypress: t
561.6419	DATA	Keypress: t
561.8091	DATA	Keypress: t
561.9594	DATA	Keypress: t
562.0089	DATA	Keypress:t held
562.1099	DATA	Keypress: t
562.2604	DATA	Keypress: t
562.4106	DATA	Keypress: t
562.5776	DATA	Keypress: t
562.7280	DATA	Keypress: t
562.8783	DATA	Keypress: t
563.0113	DATA	Keypress:t held
563.0287	DATA	Keypress: t
563.1631	DATA	Keypress: t
563.3294	DATA	Keypress: t
563.4796	DATA	Keypress: t
563.6302	DATA	Keypress: t
563.7806	DATA	Keypress: t
563.9310	DATA	Keypress: t
564.0304	DATA	Keypress:t held
564.0305	DATA	earn t
564.1308	DATA	Keypress: t
564.2319	DATA	Keypress: t
564.3487	DATA	Keypress: t
564.8165	DATA	Keypress: v
564.9669	DATA	Keypress: v
565.2226	DATA	Keypress: v
565.2841	DATA	Keypress: v
565.4191	DATA	Keypress: v
565.5846	DATA	Keypress: v
565.7351	DATA	Keypress: v
565.8856	DATA	Keypress: v
566.0359	DATA	Keypress: v
566.2028	DATA	Keypress: v
566.2357	DATA	Keypress:v held
566.3533	DATA	Keypress: v
566.4872	DATA	Keypress: v
566.6207	DATA	Keypress: v
566.7710	DATA	Keypress: v
566.9213	DATA	Keypress: v
567.0716	DATA	Keypress: v
567.2054	DATA	Keypress: v
567.2381	DATA	Keypress:v held
567.3558	DATA	Keypress: v
567.5058	DATA	Keypress: v
567.6564	DATA	Keypress: v
567.7901	DATA	Keypress: v
567.9405	DATA	Keypress: v
568.0750	DATA	Keypress: v
568.2245	DATA	Keypress: v
568.2571	DATA	Keypress:v held
568.3581	DATA	Keypress: v
568.5085	DATA	Keypress: v
568.6588	DATA	Keypress: v
568.7925	DATA	Keypress: v
568.9261	DATA	Keypress: v
569.0598	DATA	Keypress: v
569.2102	DATA	Keypress: v
569.2595	DATA	Keypress:v held
569.3438	DATA	Keypress: v
569.4776	DATA	Keypress: v
569.6109	DATA	Keypress: v
569.7614	DATA	Keypress: v
569.8782	DATA	Keypress: v
570.0120	DATA	Keypress: v
570.1457	DATA	Keypress: v
570.2620	DATA	Keypress:v held
570.2620	DATA	earn v
570.3800	DATA	Keypress: v
570.4132	DATA	Keypress: v
570.5152	DATA	Keypress: v
570.6471	DATA	Keypress: v
571.1984	DATA	Keypress: t
571.4638	DATA	Keypress: t
571.4990	DATA	Keypress: t
571.6491	DATA	Keypress: t
571.7662	DATA	Keypress: t
571.8833	DATA	Keypress: t
572.0168	DATA	Keypress: t
572.1170	DATA	Keypress: t
572.2508	DATA	Keypress: t
572.3677	DATA	Keypress: t
572.4672	DATA	Keypress:t held
572.4673	DATA	earn t
572.5769	DATA	Keypress: t
572.6033	DATA	Keypress: t
572.7521	DATA	Keypress: t
573.4538	DATA	Keypress: v
573.7350	DATA	Keypress: v
573.7354	DATA	Keypress: v
573.8044	DATA	Keypress: v
573.9213	DATA	Keypress: v
574.0384	DATA	Keypress: v
574.1553	DATA	Keypress: v
574.2889	DATA	Keypress: v
574.3892	DATA	Keypress: v
574.5063	DATA	Keypress: v
574.6232	DATA	Keypress: v
574.7394	DATA	Keypress:v held
574.7395	DATA	earn v
574.8572	DATA	Keypress: v
574.8906	DATA	Keypress: v
575.0245	DATA	Keypress: v
575.1243	DATA	Keypress: v
575.9627	DATA	Keypress: t
575.9635	DATA	Keypress: t
576.0932	DATA	Keypress: t
576.1948	DATA	Keypress: t
576.3271	DATA	Keypress: t
576.4442	DATA	Keypress: t
576.5777	DATA	Keypress: t
576.6779	DATA	Keypress: t
576.7951	DATA	Keypress: t
576.9286	DATA	Keypress: t
576.9780	DATA	Keypress:t held
577.0456	DATA	Keypress: t
577.1626	DATA	Keypress: t
577.2795	DATA	Keypress: t
577.3966	DATA	Keypress: t
577.5134	DATA	Keypress: t
577.6303	DATA	Keypress: t
577.7474	DATA	Keypress: t
577.8642	DATA	Keypress: t
577.9804	DATA	Keypress:t held
577.9811	DATA	Keypress: t
578.1148	DATA	Keypress: t
578.2317	DATA	Keypress: t
578.3487	DATA	Keypress: t
578.4822	DATA	Keypress: t
578.5827	DATA	Keypress: t
578.6998	DATA	Keypress: t
578.8164	DATA	Keypress: t
578.9668	DATA	Keypress: t
578.9994	DATA	Keypress:t held
579.2174	DATA	Keypress: v
579.3341	DATA	Keypress: v
579.4513	DATA	Keypress: v
579.6016	DATA	Keypress: v
579.7352	DATA	Keypress: v
579.8520	DATA	Keypress: v
579.9871	DATA	Keypress: v
580.0185	DATA	Keypress:v held
580.1195	DATA	Keypress: v
580.2364	DATA	Keypress: v
580.3535	DATA	Keypress: v
580.4871	DATA	Keypress: v
580.6206	DATA	Keypress: v
580.7377	DATA	Keypress: v
580.8544	DATA	Keypress: v
580.9715	DATA	Keypress: v
581.0210	DATA	Keypress:v held
581.0886	DATA	Keypress: v
581.2056	DATA	Keypress: v
581.3224	DATA	Keypress: v
581.4226	DATA	Keypress: v
581.5729	DATA	Keypress: v
581.6912	DATA	Keypress: v
581.8234	DATA	Keypress: v
581.9570	DATA	Keypress: v
582.0233	DATA	Keypress:v held
582.0909	DATA	Keypress: v
582.2246	DATA	Keypress: v
582.3248	DATA	Keypress: v
582.4416	DATA	Keypress: v
582.5586	DATA	Keypress: v
582.6756	DATA	Keypress: v
582.8093	DATA	Keypress: v
582.9429	DATA	Keypress: v
583.0257	DATA	Keypress:v held
583.0600	DATA	Keypress: v
583.5275	DATA	Keypress: t
583.6613	DATA	Keypress: t
583.8118	DATA	Keypress: t
583.9465	DATA	Keypress: t
584.0281	DATA	Keypress:t held
584.0957	DATA	Keypress: t
584.2293	DATA	Keypress: t
584.3798	DATA	Keypress: t
584.5146	DATA	Keypress: t
584.6637	DATA	Keypress: t
584.7974	DATA	Keypress: t
584.9143	DATA	Keypress: t
585.0305	DATA	Keypress:t held
585.0479	DATA	Keypress: t
585.1628	DATA	Keypress: t
585.5759	DATA	start rating L
585.5859	DATA	Keypress: t
585.5864	DATA	Keypress: t
585.5868	DATA	Keypress: t
585.7274	DATA	Keypress: t
589.7373	DATA	Keypress: v
590.7055	DATA	Keypress: v
590.8395	DATA	Keypress: v
591.0401	DATA	Keypress: v
591.3072	DATA	Keypress: v
591.6079	DATA	Keypress: v
594.0805	DATA	Keypress: return
594.0808	DATA	RatingScale rateL_scale: (key response) rating=7
594.0809	DATA	RatingScale rateL_scale: rating RT=8.505
594.0814	DATA	7.0
594.0814	DATA	end rating L
594.1913	DATA	start rating R
595.5337	DATA	Keypress: v
595.7339	DATA	Keypress: v
595.9681	DATA	Keypress: v
596.1353	DATA	Keypress: v
617.9205	DATA	Keypress: t
620.1260	DATA	Keypress: return
620.1264	DATA	RatingScale rateR_scale: (key response) rating=6
620.1265	DATA	RatingScale rateR_scale: rating RT=25.935
620.1271	DATA	6.0
620.1285	DATA	end rating R
621.8021	DATA	Keypress: v
621.8183	DATA	Keypress:v held
621.9693	DATA	Keypress: v
622.1198	DATA	Keypress: v
622.2533	DATA	Keypress: v
622.4037	DATA	Keypress: v
622.5540	DATA	Keypress: v
622.7043	DATA	Keypress: v
622.8207	DATA	Keypress:v held
622.9717	DATA	Keypress: v
623.1222	DATA	Keypress: v
623.5732	DATA	Keypress: v
623.7068	DATA	Keypress: v
623.8231	DATA	Keypress:v held
623.8739	DATA	Keypress: v
624.0243	DATA	Keypress: v
624.3083	DATA	Keypress: v
624.4587	DATA	Keypress: v
624.6088	DATA	Keypress: v
624.7761	DATA	Keypress: v
624.8253	DATA	Keypress:v held
624.9431	DATA	Keypress: v
625.0600	DATA	Keypress: v
625.1939	DATA	Keypress: v
625.3608	DATA	Keypress: v
625.5111	DATA	Keypress: v
625.8278	DATA	Keypress:v held
625.9623	DATA	Keypress: v
626.0625	DATA	Keypress: v
626.2128	DATA	Keypress: v
626.3630	DATA	Keypress: v
626.5134	DATA	Keypress: v
626.6639	DATA	Keypress: v
626.8302	DATA	Keypress:v held
626.8310	DATA	Keypress: v
626.9980	DATA	Keypress: v
627.1317	DATA	Keypress: v
627.2820	DATA	Keypress: v
627.4324	DATA	Keypress: v
627.5661	DATA	Keypress: v
627.7162	DATA	Keypress: v
627.8325	DATA	Keypress:v held
627.9002	DATA	Keypress: v
628.0337	DATA	Keypress: v
628.2009	DATA	Keypress: v
628.3179	DATA	Keypress: v
628.4850	DATA	Keypress: v
628.6352	DATA	Keypress: v
628.8350	DATA	Keypress:v held
628.9026	DATA	Keypress: t
629.0362	DATA	Keypress: t
629.2032	DATA	Keypress: t
629.3370	DATA	Keypress: t
629.4873	DATA	Keypress: t
629.6209	DATA	Keypress: t
629.7712	DATA	Keypress: t
629.8374	DATA	Keypress:t held
629.9050	DATA	Keypress: t
630.0553	DATA	Keypress: t
630.2224	DATA	Keypress: t
630.3560	DATA	Keypress: t
630.5397	DATA	Keypress: t
630.6903	DATA	Keypress: t
630.8398	DATA	Keypress:t held
630.8419	DATA	Keypress: t
630.9908	DATA	Keypress: t
631.1412	DATA	Keypress: t
631.2751	DATA	Keypress: t
631.4420	DATA	Keypress: t
631.5923	DATA	Keypress: t
631.7427	DATA	Keypress: t
631.8422	DATA	Keypress:t held
631.8763	DATA	Keypress: t
632.0267	DATA	Keypress: t
632.1770	DATA	Keypress: t
632.3442	DATA	Keypress: t
632.4944	DATA	Keypress: t
632.6448	DATA	Keypress: t
632.7950	DATA	Keypress: t
632.8446	DATA	Keypress:t held
632.8447	DATA	earn t
632.9478	DATA	Keypress: t
633.1128	DATA	Keypress: t
633.2464	DATA	Keypress: t
633.8144	DATA	Keypress: v
634.0805	DATA	Keypress: v
634.1317	DATA	Keypress: v
634.2988	DATA	Keypress: v
634.4492	DATA	Keypress: v
634.6175	DATA	Keypress: v
634.7498	DATA	Keypress: v
634.9336	DATA	Keypress: v
635.0833	DATA	Keypress:v held
635.0840	DATA	Keypress: v
635.2343	DATA	Keypress: v
635.3859	DATA	Keypress: v
635.5520	DATA	Keypress: v
635.7021	DATA	Keypress: v
635.8357	DATA	Keypress: v
635.9861	DATA	Keypress: v
636.0857	DATA	Keypress:v held
636.1363	DATA	Keypress: v
636.3871	DATA	Keypress: t
636.5375	DATA	Keypress: t
636.6878	DATA	Keypress: t
636.8383	DATA	Keypress: t
636.9718	DATA	Keypress: t
637.0880	DATA	Keypress:t held
637.0881	DATA	earn t
637.1935	DATA	Keypress: t
637.2574	DATA	Keypress: t
637.4064	DATA	Keypress: t
637.5400	DATA	Keypress: t
637.8742	DATA	Keypress: t
638.0411	DATA	Keypress: t
638.3531	DATA	Keypress: t
638.3536	DATA	Keypress: t
638.5086	DATA	Keypress: t
638.6592	DATA	Keypress: t
638.8264	DATA	Keypress: t
638.9766	DATA	Keypress: t
639.1102	DATA	Keypress: t
639.1938	DATA	Keypress: t
639.3275	DATA	Keypress: t
639.3601	DATA	Keypress:t held
639.4778	DATA	Keypress: t
639.6281	DATA	Keypress: t
639.7619	DATA	Keypress: t
639.9289	DATA	Keypress: t
640.0792	DATA	Keypress: t
640.2296	DATA	Keypress: t
640.3625	DATA	Keypress:t held
640.3633	DATA	Keypress: t
640.5137	DATA	Keypress: t
640.6807	DATA	Keypress: t
640.8143	DATA	Keypress: t
641.0148	DATA	Keypress: t
641.1986	DATA	Keypress: t
641.3489	DATA	Keypress: t
641.3817	DATA	Keypress:t held
641.4825	DATA	Keypress: t
641.6174	DATA	Keypress: t
641.7666	DATA	Keypress: t
641.9003	DATA	Keypress: t
642.0339	DATA	Keypress: t
642.1674	DATA	Keypress: t
642.3346	DATA	Keypress: t
642.3840	DATA	Keypress:t held
642.4849	DATA	Keypress: t
642.6353	DATA	Keypress: t
642.7534	DATA	Keypress: t
642.9361	DATA	Keypress: t
643.0865	DATA	Keypress: t
643.2368	DATA	Keypress: t
643.3864	DATA	Keypress:t held
643.3872	DATA	Keypress: t
643.5206	DATA	Keypress: t
643.8380	DATA	Keypress: v
644.0053	DATA	Keypress: v
644.1722	DATA	Keypress: v
644.3060	DATA	Keypress: v
644.4055	DATA	Keypress:v held
644.4396	DATA	Keypress: v
644.5733	DATA	Keypress: v
644.7068	DATA	Keypress: v
644.8405	DATA	Keypress: v
644.9409	DATA	Keypress: v
645.0578	DATA	Keypress: v
645.2750	DATA	Keypress: v
645.4079	DATA	Keypress:v held
645.4094	DATA	Keypress: v
645.5592	DATA	Keypress: v
645.7093	DATA	Keypress: v
645.8429	DATA	Keypress: v
646.1437	DATA	Keypress: v
646.2774	DATA	Keypress: v
646.4103	DATA	Keypress:v held
646.4278	DATA	Keypress: v
646.5614	DATA	Keypress: v
646.6949	DATA	Keypress: v
646.8954	DATA	Keypress: v
647.0124	DATA	Keypress: v
647.1293	DATA	Keypress: v
647.2464	DATA	Keypress: v
647.3800	DATA	Keypress: v
647.4127	DATA	Keypress:v held
647.5304	DATA	Keypress: v
647.6813	DATA	Keypress: v
647.9815	DATA	Keypress: v
648.0984	DATA	Keypress: v
648.2155	DATA	Keypress: v
648.4151	DATA	Keypress:v held
648.4337	DATA	Keypress: t
648.5997	DATA	Keypress: t
648.7332	DATA	Keypress: t
648.8669	DATA	Keypress: t
648.9840	DATA	Keypress: t
649.1009	DATA	Keypress: t
649.1857	DATA	Keypress: t
649.3347	DATA	Keypress: t
649.4175	DATA	Keypress:t held
649.4682	DATA	Keypress: t
649.6019	DATA	Keypress: t
649.7523	DATA	Keypress: t
649.9194	DATA	Keypress: t
650.0363	DATA	Keypress: t
650.1533	DATA	Keypress: t
650.2869	DATA	Keypress: t
650.4199	DATA	Keypress:t held
650.4373	DATA	Keypress: t
650.5875	DATA	Keypress: t
650.7213	DATA	Keypress: t
650.8549	DATA	Keypress: t
651.0387	DATA	Keypress: t
651.1725	DATA	Keypress: t
651.2893	DATA	Keypress: t
651.4063	DATA	Keypress: t
651.4390	DATA	Keypress:t held
651.5400	DATA	Keypress: t
651.6573	DATA	Keypress: t
651.8072	DATA	Keypress: t
651.9241	DATA	Keypress: t
652.0251	DATA	Keypress: t
652.1580	DATA	Keypress: t
652.2750	DATA	Keypress: t
652.4087	DATA	Keypress: t
652.4414	DATA	Keypress:t held
652.5256	DATA	Keypress: t
652.6423	DATA	Keypress: t
652.7774	DATA	Keypress: t
652.9098	DATA	Keypress: t
653.0435	DATA	Keypress: t
653.1611	DATA	Keypress: t
653.2774	DATA	Keypress: t
653.4438	DATA	Keypress:t held
653.4439	DATA	earn t
653.5950	DATA	Keypress: v
653.7290	DATA	Keypress: v
653.8958	DATA	Keypress: v
654.3135	DATA	Keypress: t
654.7312	DATA	Keypress: t
654.7320	DATA	Keypress: t
654.7809	DATA	Keypress: t
654.9148	DATA	Keypress: t
655.0496	DATA	Keypress: t
655.2486	DATA	Keypress: v
655.3991	DATA	Keypress: v
655.5493	DATA	Keypress: v
655.6832	DATA	Keypress: v
655.7325	DATA	Keypress:v held
655.8335	DATA	Keypress: v
656.0010	DATA	Keypress: t
656.1674	DATA	Keypress: t
656.5519	DATA	Keypress: t
656.7349	DATA	Keypress:t held
656.7350	DATA	earn t
656.8406	DATA	Keypress: v
656.9529	DATA	Keypress: t
657.1702	DATA	Keypress: v
657.4374	DATA	Keypress: t
657.6379	DATA	Keypress: t
657.9827	DATA	Keypress: t
657.9836	DATA	Keypress: t
658.0555	DATA	Keypress: t
658.2058	DATA	Keypress: t
658.4569	DATA	Keypress: v
658.6903	DATA	Keypress: v
658.9242	DATA	Keypress: t
658.9902	DATA	Keypress:t held
658.9902	DATA	earn t
659.1583	DATA	Keypress: v
659.3922	DATA	Keypress: t
659.8934	DATA	Keypress: v
660.2441	DATA	Keypress: v
660.5948	DATA	Keypress: v
660.8789	DATA	Keypress: t
661.1294	DATA	Keypress: v
661.2457	DATA	Keypress:v held
661.3801	DATA	Keypress: t
661.6307	DATA	Keypress: v
661.8646	DATA	Keypress: t
662.0985	DATA	Keypress: v
662.2481	DATA	Keypress:v held
662.3156	DATA	Keypress: t
662.5495	DATA	Keypress: v
662.7498	DATA	Keypress: t
662.9504	DATA	Keypress: v
663.1677	DATA	Keypress: t
663.2672	DATA	Keypress:t held
663.6187	DATA	Keypress: t
663.8693	DATA	Keypress: v
664.0866	DATA	Keypress: t
664.2696	DATA	Keypress:t held
664.2696	DATA	earn t
664.3745	DATA	Keypress: v
664.4893	DATA	Keypress: t
665.1059	DATA	Keypress: v
665.5273	DATA	Keypress: t
665.7070	DATA	Keypress: v
665.9075	DATA	Keypress: t
666.1581	DATA	Keypress: v
666.3417	DATA	Keypress: t
666.5417	DATA	Keypress:t held
666.5591	DATA	Keypress: v
666.7767	DATA	Keypress: t
666.9768	DATA	Keypress: v
667.1938	DATA	Keypress: t
667.3944	DATA	Keypress: v
667.5441	DATA	Keypress:v held
667.5949	DATA	Keypress: t
667.7954	DATA	Keypress: v
667.9958	DATA	Keypress: t
668.2130	DATA	Keypress: v
668.4135	DATA	Keypress: t
668.5465	DATA	Keypress:t held
668.6138	DATA	Keypress: v
668.8145	DATA	Keypress: t
669.0149	DATA	Keypress: v
669.1989	DATA	Keypress: t
669.4159	DATA	Keypress: v
669.5488	DATA	Keypress:v held
669.6162	DATA	Keypress: t
669.8167	DATA	Keypress: v
670.0173	DATA	Keypress: t
670.2345	DATA	Keypress: v
670.5512	DATA	Keypress:v held
670.6521	DATA	Keypress: v
670.7858	DATA	Keypress: v
670.9528	DATA	Keypress: v
671.3537	DATA	Keypress: v
671.4875	DATA	Keypress: v
671.5703	DATA	Keypress:v held
671.6713	DATA	Keypress: v
671.8383	DATA	Keypress: v
671.9887	DATA	Keypress: v
672.1558	DATA	Keypress: v
672.3229	DATA	Keypress: v
672.4898	DATA	Keypress: v
672.5727	DATA	Keypress:v held
672.6570	DATA	Keypress: v
672.8239	DATA	Keypress: v
672.9912	DATA	Keypress: v
673.2751	DATA	Keypress: t
673.4589	DATA	Keypress: t
673.5751	DATA	Keypress:t held
673.5752	DATA	earn t
673.6755	DATA	Keypress: t
673.7765	DATA	Keypress: t
673.9102	DATA	Keypress: t
674.8957	DATA	Keypress: v
675.0294	DATA	Keypress: v
675.6645	DATA	Keypress: v
675.8472	DATA	Keypress:v held
675.8481	DATA	Keypress: v
676.0150	DATA	Keypress: v
676.1821	DATA	Keypress: v
676.3157	DATA	Keypress: v
676.4660	DATA	Keypress: v
676.7334	DATA	Keypress: t
676.8496	DATA	Keypress:t held
676.8496	DATA	earn t
676.9602	DATA	Keypress: t
677.0510	DATA	Keypress: t
677.5856	DATA	Keypress: v
677.7527	DATA	Keypress: v
678.1275	DATA	Keypress: v
678.1280	DATA	Keypress: v
678.4207	DATA	Keypress: v
678.5878	DATA	Keypress: v
678.8383	DATA	Keypress: t
679.0055	DATA	Keypress: t
679.1384	DATA	Keypress:t held
679.1558	DATA	Keypress: t
679.4398	DATA	Keypress: v
679.5736	DATA	Keypress: v
679.7238	DATA	Keypress: v
679.9576	DATA	Keypress: t
680.1248	DATA	Keypress: t
680.1575	DATA	Keypress:t held
680.2492	DATA	Keypress: t
680.7363	DATA	start rating L
680.7463	DATA	Keypress: v
680.7467	DATA	Keypress: v
680.9878	DATA	Keypress: t
696.1408	DATA	Keypress: t
722.8044	DATA	Keypress: v
729.8548	DATA	Keypress: return
729.8551	DATA	RatingScale rateL_scale: (key response) rating=5
729.8552	DATA	RatingScale rateL_scale: rating RT=49.119
729.8557	DATA	5.0
729.8557	DATA	end rating L
729.9699	DATA	start rating R
735.9691	DATA	Keypress: return
735.9694	DATA	RatingScale rateR_scale: (key response) rating=4
735.9695	DATA	RatingScale rateR_scale: rating RT=6.000
735.9700	DATA	4.0
735.9711	DATA	end rating R
737.7121	DATA	Keypress: v
737.7449	DATA	Keypress:v held
738.0296	DATA	Keypress: v
738.1965	DATA	Keypress: v
738.4975	DATA	Keypress: v
738.6313	DATA	Keypress: v
738.7473	DATA	Keypress:v held
738.9485	DATA	Keypress: v
739.0820	DATA	Keypress: v
739.2325	DATA	Keypress: v
739.3674	DATA	Keypress: v
739.5165	DATA	Keypress: v
739.6669	DATA	Keypress: v
739.7495	DATA	Keypress:v held
740.1012	DATA	Keypress: v
740.2349	DATA	Keypress: v
740.6523	DATA	Keypress: v
740.7521	DATA	Keypress:v held
740.7696	DATA	Keypress: v
740.9198	DATA	Keypress: v
741.0536	DATA	Keypress: v
741.1871	DATA	Keypress: v
741.3375	DATA	Keypress: v
741.4712	DATA	Keypress: v
741.6046	DATA	Keypress: v
741.7544	DATA	Keypress:v held
741.7545	DATA	earn v
741.7552	DATA	Keypress: v
741.9058	DATA	Keypress: v
742.0562	DATA	Keypress: v
743.0715	DATA	Keypress: v
743.0724	DATA	Keypress: v
743.0917	DATA	Keypress: v
743.2421	DATA	Keypress: v
743.3924	DATA	Keypress: v
743.5428	DATA	Keypress: v
743.6931	DATA	Keypress: v
743.8436	DATA	Keypress: v
743.9939	DATA	Keypress: v
744.0934	DATA	Keypress:v held
744.1440	DATA	Keypress: v
744.2943	DATA	Keypress: v
744.4449	DATA	Keypress: v
744.5786	DATA	Keypress: v
744.7290	DATA	Keypress: v
744.8793	DATA	Keypress: v
745.0297	DATA	Keypress: v
745.0958	DATA	Keypress:v held
745.1800	DATA	Keypress: v
745.3303	DATA	Keypress: v
745.4806	DATA	Keypress: v
745.6310	DATA	Keypress: v
745.7982	DATA	Keypress: v
745.9485	DATA	Keypress: v
746.0982	DATA	Keypress:v held
746.0991	DATA	Keypress: v
746.2493	DATA	Keypress: v
746.3831	DATA	Keypress: v
746.5498	DATA	Keypress: v
746.7001	DATA	Keypress: v
746.8507	DATA	Keypress: v
747.0011	DATA	Keypress: v
747.1006	DATA	Keypress:v held
747.1006	DATA	earn v
747.2084	DATA	Keypress: v
747.3019	DATA	Keypress: v
747.4523	DATA	Keypress: v
748.0551	DATA	Keypress: v
748.4270	DATA	Keypress: v
748.4275	DATA	Keypress: v
748.5213	DATA	Keypress: v
748.6884	DATA	Keypress: v
748.8234	DATA	Keypress: v
748.9891	DATA	Keypress: v
749.1395	DATA	Keypress: v
749.2898	DATA	Keypress: v
749.4395	DATA	Keypress:v held
749.4402	DATA	Keypress: v
749.6072	DATA	Keypress: v
749.7576	DATA	Keypress: v
749.9080	DATA	Keypress: v
750.0583	DATA	Keypress: v
750.2087	DATA	Keypress: v
750.3590	DATA	Keypress: v
750.4586	DATA	Keypress:v held
750.5094	DATA	Keypress: v
750.6598	DATA	Keypress: v
750.7933	DATA	Keypress: v
750.9438	DATA	Keypress: v
751.0955	DATA	Keypress: v
751.2445	DATA	Keypress: v
751.3946	DATA	Keypress: v
751.4609	DATA	Keypress:v held
751.5618	DATA	Keypress: v
751.6957	DATA	Keypress: v
751.8459	DATA	Keypress: v
752.0130	DATA	Keypress: v
752.1633	DATA	Keypress: v
752.4306	DATA	Keypress: t
752.4634	DATA	Keypress:t held
752.5977	DATA	Keypress: t
752.7481	DATA	Keypress: t
752.8984	DATA	Keypress: t
753.0321	DATA	Keypress: t
753.1991	DATA	Keypress: t
753.3495	DATA	Keypress: t
753.4657	DATA	Keypress:t held
753.4998	DATA	Keypress: t
753.6502	DATA	Keypress: t
753.8007	DATA	Keypress: t
753.9511	DATA	Keypress: t
754.1180	DATA	Keypress: t
754.2683	DATA	Keypress: t
754.4355	DATA	Keypress: t
754.4681	DATA	Keypress:t held
754.5858	DATA	Keypress: t
754.7362	DATA	Keypress: t
754.8871	DATA	Keypress: t
755.0536	DATA	Keypress: t
755.2040	DATA	Keypress: t
755.3543	DATA	Keypress: t
755.4705	DATA	Keypress:t held
755.5046	DATA	Keypress: t
755.6718	DATA	Keypress: t
755.8219	DATA	Keypress: t
755.9724	DATA	Keypress: t
756.1227	DATA	Keypress: t
756.2899	DATA	Keypress: t
756.4236	DATA	Keypress: t
756.4730	DATA	Keypress:t held
756.5906	DATA	Keypress: t
756.7409	DATA	Keypress: t
756.8913	DATA	Keypress: t
757.0412	DATA	Keypress: t
757.1916	DATA	Keypress: t
757.3424	DATA	Keypress: t
757.4753	DATA	Keypress:t held
757.4924	DATA	Keypress: t
757.7430	DATA	Keypress: v
757.8937	DATA	Keypress: v
758.0441	DATA	Keypress: v
758.1777	DATA	Keypress: v
758.3280	DATA	Keypress: v
758.4777	DATA	Keypress:v held
758.4788	DATA	Keypress: v
758.6288	DATA	Keypress: v
758.7957	DATA	Keypress: v
758.9290	DATA	Keypress: v
759.0798	DATA	Keypress: v
759.2315	DATA	Keypress: v
759.3973	DATA	Keypress: v
759.4801	DATA	Keypress:v held
759.4801	DATA	earn v
759.5983	DATA	Keypress: v
759.6982	DATA	Keypress: v
759.8484	DATA	Keypress: v
760.8120	DATA	Keypress: t
760.8125	DATA	Keypress: t
760.9511	DATA	Keypress: t
761.2015	DATA	Keypress: v
761.3685	DATA	Keypress: v
761.5188	DATA	Keypress: v
761.6693	DATA	Keypress: v
761.8355	DATA	Keypress:v held
761.8360	DATA	Keypress: v
761.9869	DATA	Keypress: v
762.1536	DATA	Keypress: v
762.2874	DATA	Keypress: v
762.4387	DATA	Keypress: v
762.6049	DATA	Keypress: v
762.7549	DATA	Keypress: v
762.8380	DATA	Keypress:v held
762.8380	DATA	earn v
763.0387	DATA	Keypress: v
763.0724	DATA	Keypress: v
763.2396	DATA	Keypress: v
763.6910	DATA	Keypress: t
764.5540	DATA	Keypress: t
764.5545	DATA	Keypress: v
764.5549	DATA	Keypress: v
764.5554	DATA	Keypress: v
764.6264	DATA	Keypress: v
764.7934	DATA	Keypress: v
764.9438	DATA	Keypress: v
765.0944	DATA	Keypress: v
765.2776	DATA	Keypress: v
765.4113	DATA	Keypress: v
765.5612	DATA	Keypress:v held
765.5786	DATA	Keypress: v
765.7289	DATA	Keypress: v
765.8959	DATA	Keypress: v
766.1800	DATA	Keypress: t
766.4471	DATA	Keypress: v
766.5636	DATA	Keypress:v held
766.6144	DATA	Keypress: v
766.7645	DATA	Keypress: v
766.9316	DATA	Keypress: v
767.0821	DATA	Keypress: v
767.2322	DATA	Keypress: v
767.3994	DATA	Keypress: v
767.5503	DATA	Keypress: v
767.5826	DATA	Keypress:v held
767.7172	DATA	Keypress: v
767.8670	DATA	Keypress: v
768.1348	DATA	Keypress: t
768.4521	DATA	Keypress: v
768.5851	DATA	Keypress:v held
768.6191	DATA	Keypress: v
768.7698	DATA	Keypress: v
768.9200	DATA	Keypress: v
769.0702	DATA	Keypress: v
769.2207	DATA	Keypress: v
769.3878	DATA	Keypress: v
769.5381	DATA	Keypress: v
769.5875	DATA	Keypress:v held
769.5876	DATA	earn v
769.7081	DATA	Keypress: v
769.9560	DATA	Keypress: t
770.3068	DATA	Keypress: v
770.4571	DATA	Keypress: v
770.9007	DATA	Keypress: v
770.9016	DATA	Keypress: v
770.9415	DATA	Keypress: v
771.1086	DATA	Keypress: v
771.2589	DATA	Keypress: v
771.4093	DATA	Keypress: v
771.5599	DATA	Keypress: v
771.7107	DATA	Keypress: v
771.9097	DATA	Keypress:v held
772.0108	DATA	Keypress: t
772.3115	DATA	Keypress: v
772.4631	DATA	Keypress: v
772.6287	DATA	Keypress: v
772.7625	DATA	Keypress: v
772.9121	DATA	Keypress:v held
772.9296	DATA	Keypress: v
773.0632	DATA	Keypress: v
773.2136	DATA	Keypress: v
773.3807	DATA	Keypress: v
773.5310	DATA	Keypress: v
773.6646	DATA	Keypress: v
773.9145	DATA	Keypress:v held
773.9153	DATA	Keypress: t
774.1504	DATA	Keypress: v
774.3330	DATA	Keypress: v
774.5165	DATA	Keypress: t
774.7004	DATA	Keypress: t
774.8675	DATA	Keypress: t
774.9169	DATA	Keypress:t held
775.0180	DATA	Keypress: t
775.1682	DATA	Keypress: t
775.3186	DATA	Keypress: t
775.4858	DATA	Keypress: t
775.6358	DATA	Keypress: t
775.8031	DATA	Keypress: t
775.9193	DATA	Keypress:t held
775.9534	DATA	Keypress: t
776.1037	DATA	Keypress: t
776.2387	DATA	Keypress: t
776.4045	DATA	Keypress: t
776.5716	DATA	Keypress: t
776.7220	DATA	Keypress: t
776.8723	DATA	Keypress: t
776.9217	DATA	Keypress:t held
777.0395	DATA	Keypress: t
777.2064	DATA	Keypress: t
777.3567	DATA	Keypress: t
777.5071	DATA	Keypress: t
777.6742	DATA	Keypress: t
777.8245	DATA	Keypress: t
777.9408	DATA	Keypress:t held
777.9748	DATA	Keypress: t
778.1587	DATA	Keypress: t
778.3258	DATA	Keypress: t
778.4928	DATA	Keypress: t
778.6431	DATA	Keypress: t
778.8102	DATA	Keypress: t
778.9432	DATA	Keypress:t held
778.9605	DATA	Keypress: t
779.1277	DATA	Keypress: t
779.2946	DATA	Keypress: t
779.4618	DATA	Keypress: t
779.6289	DATA	Keypress: t
779.7957	DATA	Keypress: t
779.9456	DATA	Keypress:t held
779.9797	DATA	Keypress: t
780.1301	DATA	Keypress: t
780.2971	DATA	Keypress: t
780.4642	DATA	Keypress: t
780.6146	DATA	Keypress: t
780.7829	DATA	Keypress: t
780.9480	DATA	Keypress:t held
780.9654	DATA	Keypress: t
781.1324	DATA	Keypress: t
781.3998	DATA	Keypress: v
781.6334	DATA	Keypress: t
781.9176	DATA	Keypress: v
781.9504	DATA	Keypress:v held
782.1181	DATA	Keypress: t
782.3518	DATA	Keypress: v
782.5525	DATA	Keypress: v
782.7030	DATA	Keypress: v
782.8533	DATA	Keypress: v
782.9527	DATA	Keypress:v held
783.0036	DATA	Keypress: v
783.1541	DATA	Keypress: v
783.3043	DATA	Keypress: v
783.4545	DATA	Keypress: v
783.6217	DATA	Keypress: v
783.7721	DATA	Keypress: v
783.9225	DATA	Keypress: v
783.9551	DATA	Keypress:v held
784.0895	DATA	Keypress: v
784.2399	DATA	Keypress: v
784.3903	DATA	Keypress: v
784.5740	DATA	Keypress: v
784.7077	DATA	Keypress: v
784.8747	DATA	Keypress: v
784.9575	DATA	Keypress:v held
785.0251	DATA	Keypress: v
785.1754	DATA	Keypress: v
785.3424	DATA	Keypress: v
785.5095	DATA	Keypress: v
785.6599	DATA	Keypress: v
785.8102	DATA	Keypress: v
785.9599	DATA	Keypress:v held
785.9774	DATA	Keypress: v
786.1444	DATA	Keypress: v
786.3115	DATA	Keypress: v
786.4624	DATA	Keypress: v
786.6289	DATA	Keypress: v
786.7792	DATA	Keypress: v
786.9623	DATA	Keypress:v held
787.0304	DATA	Keypress: t
787.2135	DATA	Keypress: t
787.4643	DATA	Keypress: v
787.6312	DATA	Keypress: v
787.7981	DATA	Keypress: v
787.9489	DATA	Keypress: v
787.9815	DATA	Keypress:v held
788.1158	DATA	Keypress: v
788.2996	DATA	Keypress: v
788.4666	DATA	Keypress: v
788.6170	DATA	Keypress: v
788.7673	DATA	Keypress: v
788.9342	DATA	Keypress: v
788.9839	DATA	Keypress:v held
789.1029	DATA	Keypress: v
789.2687	DATA	Keypress: v
789.4189	DATA	Keypress: v
789.5861	DATA	Keypress: v
789.7531	DATA	Keypress: v
789.9200	DATA	Keypress: v
789.9862	DATA	Keypress:v held
789.9863	DATA	earn v
790.1026	DATA	Keypress: v
790.2377	DATA	Keypress: v
790.4048	DATA	Keypress: v
790.8392	DATA	Keypress: v
791.3236	DATA	Keypress: v
791.3246	DATA	Keypress: v
791.3569	DATA	Keypress: v
791.5072	DATA	Keypress: v
791.6911	DATA	Keypress: v
791.8414	DATA	Keypress: v
792.0084	DATA	Keypress: v
792.3093	DATA	Keypress: t
792.3417	DATA	Keypress:t held
792.4762	DATA	Keypress: t
792.7101	DATA	Keypress: v
792.8939	DATA	Keypress: v
793.0442	DATA	Keypress: v
793.3442	DATA	Keypress:v held
793.3616	DATA	Keypress: v
793.5452	DATA	Keypress: v
793.6958	DATA	Keypress: v
793.8628	DATA	Keypress: v
794.0297	DATA	Keypress: v
794.1968	DATA	Keypress: v
794.3466	DATA	Keypress:v held
794.3641	DATA	Keypress: v
794.5311	DATA	Keypress: v
794.6983	DATA	Keypress: v
794.8485	DATA	Keypress: v
795.0156	DATA	Keypress: v
795.1661	DATA	Keypress: v
795.3490	DATA	Keypress:v held
795.3497	DATA	Keypress: v
795.5181	DATA	Keypress: v
795.6671	DATA	Keypress: v
795.9180	DATA	Keypress: t
796.0787	DATA	Keypress: t
796.5828	DATA	start rating L
796.5928	DATA	Keypress: t
796.5933	DATA	Keypress: t
796.5936	DATA	Keypress: t
804.5835	DATA	Keypress: return
804.5838	DATA	RatingScale rateL_scale: (key response) rating=1
804.5839	DATA	RatingScale rateL_scale: rating RT=8.001
804.5844	DATA	1.0
804.5844	DATA	end rating L
804.6925	DATA	start rating R
806.5041	DATA	Keypress: v
807.2731	DATA	Keypress: v
808.6424	DATA	Keypress: t
809.0439	DATA	Keypress: v
811.4826	DATA	Keypress: return
811.4829	DATA	RatingScale rateR_scale: (key response) rating=6
811.4830	DATA	RatingScale rateR_scale: rating RT=6.790
811.4835	DATA	6.0
811.4846	DATA	end rating R
813.4930	DATA	Keypress: v
813.5257	DATA	Keypress:v held
813.6433	DATA	Keypress: v
813.7938	DATA	Keypress: v
813.9273	DATA	Keypress: v
814.0777	DATA	Keypress: v
814.2281	DATA	Keypress: v
814.3784	DATA	Keypress: v
814.5281	DATA	Keypress:v held
814.5289	DATA	Keypress: v
814.6626	DATA	Keypress: v
814.8126	DATA	Keypress: v
814.9633	DATA	Keypress: v
815.1133	DATA	Keypress: v
815.2638	DATA	Keypress: v
815.4142	DATA	Keypress: v
815.5305	DATA	Keypress:v held
815.5815	DATA	Keypress: v
815.7315	DATA	Keypress: v
815.8818	DATA	Keypress: v
816.0491	DATA	Keypress: v
816.1995	DATA	Keypress: v
816.3498	DATA	Keypress: v
816.5016	DATA	Keypress: v
816.5329	DATA	Keypress:v held
816.6672	DATA	Keypress: v
816.8175	DATA	Keypress: v
816.9679	DATA	Keypress: v
817.1183	DATA	Keypress: v
817.2852	DATA	Keypress: v
817.4357	DATA	Keypress: v
817.5353	DATA	Keypress:v held
817.5860	DATA	Keypress: v
817.7364	DATA	Keypress: v
817.9870	DATA	Keypress: t
818.1375	DATA	Keypress: t
818.2879	DATA	Keypress: t
818.4382	DATA	Keypress: t
818.5377	DATA	Keypress:t held
818.6052	DATA	Keypress: t
818.7555	DATA	Keypress: t
818.8890	DATA	Keypress: t
819.0396	DATA	Keypress: t
819.1901	DATA	Keypress: t
819.3570	DATA	Keypress: t
819.5400	DATA	Keypress:t held
819.5401	DATA	earn t
819.5409	DATA	Keypress: t
819.6746	DATA	Keypress: t
819.8417	DATA	Keypress: t
819.9753	DATA	Keypress: t
820.9308	DATA	Keypress: t
820.9316	DATA	Keypress: t
821.0777	DATA	Keypress: t
821.2282	DATA	Keypress: t
821.3785	DATA	Keypress: t
821.5454	DATA	Keypress: t
821.6958	DATA	Keypress: t
821.8630	DATA	Keypress: t
821.9625	DATA	Keypress:t held
822.0300	DATA	Keypress: t
822.1804	DATA	Keypress: t
822.3474	DATA	Keypress: t
822.5146	DATA	Keypress: t
822.6649	DATA	Keypress: t
822.8154	DATA	Keypress: t
822.9649	DATA	Keypress:t held
822.9649	DATA	earn t
823.0836	DATA	Keypress: t
823.1344	DATA	Keypress: t
823.3169	DATA	Keypress: t
823.4503	DATA	Keypress: t
824.3441	DATA	Keypress: t
824.3450	DATA	Keypress: t
824.3454	DATA	Keypress: t
824.5025	DATA	Keypress: t
824.6534	DATA	Keypress: t
824.8368	DATA	Keypress: t
824.9868	DATA	Keypress: t
825.1376	DATA	Keypress: t
825.3045	DATA	Keypress: t
825.3539	DATA	Keypress:t held
825.3540	DATA	earn t
825.4884	DATA	Keypress: t
825.6221	DATA	Keypress: t
825.7724	DATA	Keypress: t
826.2403	DATA	Keypress: t
826.7353	DATA	Keypress: t
826.7362	DATA	Keypress: t
826.7366	DATA	Keypress: t
826.8582	DATA	Keypress: t
827.0250	DATA	Keypress: t
827.1924	DATA	Keypress: t
827.3594	DATA	Keypress: t
827.5103	DATA	Keypress: t
827.6936	DATA	Keypress: t
827.7429	DATA	Keypress:t held
827.8606	DATA	Keypress: t
828.0277	DATA	Keypress: t
828.1948	DATA	Keypress: t
828.3618	DATA	Keypress: t
828.5289	DATA	Keypress: t
828.7127	DATA	Keypress: t
828.7453	DATA	Keypress:t held
828.8797	DATA	Keypress: t
829.0468	DATA	Keypress: t
829.1973	DATA	Keypress: t
829.3655	DATA	Keypress: t
829.5478	DATA	Keypress: t
829.7151	DATA	Keypress: t
829.7477	DATA	Keypress:t held
829.8654	DATA	Keypress: t
830.0158	DATA	Keypress: t
830.1327	DATA	Keypress: t
830.2661	DATA	Keypress: t
830.4503	DATA	Keypress: t
830.6004	DATA	Keypress: t
830.7500	DATA	Keypress:t held
830.7501	DATA	earn t
830.7508	DATA	Keypress: t
830.9515	DATA	Keypress: t
831.1019	DATA	Keypress: t
831.6365	DATA	Keypress: t
832.1364	DATA	Keypress: t
832.1373	DATA	Keypress: t
832.1377	DATA	Keypress: t
832.2711	DATA	Keypress: t
832.4382	DATA	Keypress: t
832.5887	DATA	Keypress: t
832.7556	DATA	Keypress: t
832.9227	DATA	Keypress: t
833.0730	DATA	Keypress: t
833.1390	DATA	Keypress:t held
833.2401	DATA	Keypress: t
833.4239	DATA	Keypress: t
833.5744	DATA	Keypress: t
833.7413	DATA	Keypress: t
833.9082	DATA	Keypress: t
834.0753	DATA	Keypress: t
834.1416	DATA	Keypress:t held
834.2426	DATA	Keypress: t
834.4096	DATA	Keypress: t
834.5432	DATA	Keypress: t
834.7270	DATA	Keypress: t
834.8775	DATA	Keypress: t
835.0456	DATA	Keypress: t
835.1606	DATA	Keypress:t held
835.2115	DATA	Keypress: t
835.3953	DATA	Keypress: t
835.5290	DATA	Keypress: t
835.6959	DATA	Keypress: t
835.8797	DATA	Keypress: t
836.0133	DATA	Keypress: t
836.1630	DATA	Keypress:t held
836.1804	DATA	Keypress: t
836.3475	DATA	Keypress: t
836.5144	DATA	Keypress: t
836.6648	DATA	Keypress: t
836.8320	DATA	Keypress: t
837.1328	DATA	Keypress: v
837.1654	DATA	Keypress:v held
837.2833	DATA	Keypress: v
837.4501	DATA	Keypress: v
837.5840	DATA	Keypress: v
837.7508	DATA	Keypress: v
837.9180	DATA	Keypress: v
838.0683	DATA	Keypress: v
838.1678	DATA	Keypress:v held
838.2186	DATA	Keypress: v
838.3859	DATA	Keypress: v
838.5361	DATA	Keypress: v
838.7031	DATA	Keypress: v
838.8534	DATA	Keypress: v
839.0206	DATA	Keypress: v
839.1542	DATA	Keypress: v
839.1869	DATA	Keypress:v held
839.5051	DATA	Keypress: v
839.6722	DATA	Keypress: v
839.8225	DATA	Keypress: v
839.9895	DATA	Keypress: v
840.1566	DATA	Keypress: v
840.1893	DATA	Keypress:v held
840.3237	DATA	Keypress: v
840.4908	DATA	Keypress: v
840.6411	DATA	Keypress: v
840.7914	DATA	Keypress: v
840.9418	DATA	Keypress: v
841.0922	DATA	Keypress: v
841.2084	DATA	Keypress:v held
841.2085	DATA	earn v
841.3170	DATA	Keypress: v
841.4265	DATA	Keypress: v
841.5935	DATA	Keypress: v
842.1950	DATA	Keypress: t
842.6026	DATA	Keypress: t
842.6030	DATA	Keypress: t
842.6793	DATA	Keypress: t
842.8465	DATA	Keypress: t
843.0133	DATA	Keypress: t
843.1652	DATA	Keypress: t
843.3643	DATA	Keypress: t
843.5145	DATA	Keypress: t
843.6308	DATA	Keypress:t held
843.6817	DATA	Keypress: t
843.8487	DATA	Keypress: t
844.0156	DATA	Keypress: t
844.1662	DATA	Keypress: t
844.5170	DATA	Keypress: v
844.6333	DATA	Keypress:v held
844.6840	DATA	Keypress: v
844.8344	DATA	Keypress: v
844.9848	DATA	Keypress: v
845.1352	DATA	Keypress: v
845.3021	DATA	Keypress: v
845.4526	DATA	Keypress: v
845.6356	DATA	Keypress:v held
845.8200	DATA	Keypress: v
846.0039	DATA	Keypress: v
846.1542	DATA	Keypress: v
846.4884	DATA	Keypress: v
846.6380	DATA	Keypress:v held
846.6554	DATA	Keypress: v
846.8226	DATA	Keypress: v
846.9573	DATA	Keypress: v
847.1065	DATA	Keypress: v
847.2569	DATA	Keypress: v
847.4072	DATA	Keypress: v
847.5578	DATA	Keypress: v
847.6571	DATA	Keypress:v held
847.7093	DATA	Keypress: v
847.8918	DATA	Keypress: v
848.0421	DATA	Keypress: v
848.3596	DATA	Keypress: v
848.5097	DATA	Keypress: v
848.6595	DATA	Keypress:v held
849.0278	DATA	Keypress: t
849.1446	DATA	Keypress: t
849.3283	DATA	Keypress: t
849.4955	DATA	Keypress: t
849.6459	DATA	Keypress: t
849.6786	DATA	Keypress:t held
849.8131	DATA	Keypress: t
849.9799	DATA	Keypress: t
850.1470	DATA	Keypress: t
850.3142	DATA	Keypress: t
850.4645	DATA	Keypress: t
850.6483	DATA	Keypress: t
850.6810	DATA	Keypress:t held
850.7987	DATA	Keypress: t
850.9657	DATA	Keypress: t
851.3332	DATA	Keypress: v
851.4850	DATA	Keypress: v
851.6674	DATA	Keypress: v
851.7001	DATA	Keypress:v held
851.8177	DATA	Keypress: v
851.9848	DATA	Keypress: v
852.1184	DATA	Keypress: v
852.2857	DATA	Keypress: v
852.4529	DATA	Keypress: v
852.6197	DATA	Keypress: v
852.7025	DATA	Keypress:v held
852.7533	DATA	Keypress: v
852.9204	DATA	Keypress: v
853.0874	DATA	Keypress: v
853.2546	DATA	Keypress: v
853.4052	DATA	Keypress: v
853.5719	DATA	Keypress: v
853.7049	DATA	Keypress:v held
853.7223	DATA	Keypress: v
853.8894	DATA	Keypress: v
854.0397	DATA	Keypress: v
854.2066	DATA	Keypress: v
854.3572	DATA	Keypress: v
854.5242	DATA	Keypress: v
854.6913	DATA	Keypress: v
854.7240	DATA	Keypress:v held
854.8417	DATA	Keypress: v
854.9920	DATA	Keypress: v
855.1424	DATA	Keypress: v
855.5434	DATA	Keypress: t
855.7264	DATA	Keypress:t held
855.7271	DATA	Keypress: t
855.8775	DATA	Keypress: t
856.0278	DATA	Keypress: t
856.1949	DATA	Keypress: t
856.3619	DATA	Keypress: t
856.5123	DATA	Keypress: t
856.6794	DATA	Keypress: t
856.7288	DATA	Keypress:t held
856.8464	DATA	Keypress: t
857.0135	DATA	Keypress: t
857.1972	DATA	Keypress: t
857.3474	DATA	Keypress: t
857.5147	DATA	Keypress: t
857.6650	DATA	Keypress: t
857.7312	DATA	Keypress:t held
857.8321	DATA	Keypress: t
857.9992	DATA	Keypress: t
858.1495	DATA	Keypress: t
858.3168	DATA	Keypress: t
858.4837	DATA	Keypress: t
858.6673	DATA	Keypress: t
858.7336	DATA	Keypress:t held
858.8345	DATA	Keypress: t
859.0017	DATA	Keypress: t
859.1686	DATA	Keypress: t
859.3188	DATA	Keypress: t
859.6363	DATA	Keypress: v
859.7359	DATA	Keypress:v held
859.8035	DATA	Keypress: v
859.9706	DATA	Keypress: v
860.1209	DATA	Keypress: v
860.2880	DATA	Keypress: v
860.4551	DATA	Keypress: v
860.6220	DATA	Keypress: v
860.7383	DATA	Keypress:v held
860.7726	DATA	Keypress: v
860.9409	DATA	Keypress: v
861.1234	DATA	Keypress: v
861.2902	DATA	Keypress: v
861.4408	DATA	Keypress: v
861.6077	DATA	Keypress: v
861.7407	DATA	Keypress:v held
861.7749	DATA	Keypress: v
861.9420	DATA	Keypress: v
862.0930	DATA	Keypress: v
862.2593	DATA	Keypress: v
862.4097	DATA	Keypress: v
862.7431	DATA	Keypress:v held
862.7438	DATA	Keypress: t
862.9611	DATA	Keypress: t
863.1114	DATA	Keypress: t
863.2952	DATA	Keypress: t
863.4623	DATA	Keypress: t
863.6293	DATA	Keypress: t
863.7455	DATA	Keypress:t held
863.7968	DATA	Keypress: t
863.9634	DATA	Keypress: t
864.1304	DATA	Keypress: t
864.2976	DATA	Keypress: t
864.4646	DATA	Keypress: t
864.6315	DATA	Keypress: t
864.7479	DATA	Keypress:t held
864.7987	DATA	Keypress: t
864.9826	DATA	Keypress: t
865.1496	DATA	Keypress: t
865.3005	DATA	Keypress: t
865.4671	DATA	Keypress: t
865.6174	DATA	Keypress: t
865.7503	DATA	Keypress:t held
865.7677	DATA	Keypress: t
865.9348	DATA	Keypress: t
866.1018	DATA	Keypress: t
866.2687	DATA	Keypress: t
866.4365	DATA	Keypress: t
866.7527	DATA	Keypress:t held
867.0040	DATA	Keypress: v
867.1876	DATA	Keypress: v
867.3548	DATA	Keypress: v
867.5052	DATA	Keypress: v
867.6722	DATA	Keypress: v
867.7551	DATA	Keypress:v held
867.8393	DATA	Keypress: v
868.0233	DATA	Keypress: v
868.1733	DATA	Keypress: v
868.3404	DATA	Keypress: v
868.5074	DATA	Keypress: v
868.6747	DATA	Keypress: v
868.7742	DATA	Keypress:v held
868.8250	DATA	Keypress: v
868.9753	DATA	Keypress: v
869.1424	DATA	Keypress: v
869.3096	DATA	Keypress: v
869.4610	DATA	Keypress: v
869.6436	DATA	Keypress: v
869.7766	DATA	Keypress:v held
869.8107	DATA	Keypress: v
869.9609	DATA	Keypress: v
870.4122	DATA	Keypress: v
870.7790	DATA	Keypress:v held
870.7790	DATA	earn v
870.8923	DATA	Keypress: v
871.1975	DATA	Keypress: v
872.8372	DATA	start rating L
872.8482	DATA	Keypress: v
873.0795	DATA	Keypress: v
875.9865	DATA	Keypress: t
876.3886	DATA	Keypress: t
876.7233	DATA	Keypress: t
877.5236	DATA	Keypress: t
879.5968	DATA	Keypress: return
879.5973	DATA	RatingScale rateL_scale: (key response) rating=2
879.5975	DATA	RatingScale rateL_scale: rating RT=6.760
879.5982	DATA	2.0
879.5982	DATA	end rating L
879.7145	DATA	start rating R
881.8002	DATA	Keypress: t
883.7050	DATA	Keypress: v
886.6789	DATA	Keypress: return
886.6792	DATA	RatingScale rateR_scale: (key response) rating=4
886.6793	DATA	RatingScale rateR_scale: rating RT=6.965
886.6798	DATA	4.0
886.6809	DATA	end rating R
