11.6615	DATA	version D
164.1441	DATA	Mouse: Left button up, pos=(166,903)
381.3589	DATA	Keypress: space
386.0216	DATA	Keypress: t
386.0382	DATA	Keypress:t held
386.0382	DATA	earn t
389.7978	DATA	Keypress: t
389.8143	DATA	Keypress:t held
391.0516	DATA	Keypress: t
391.0681	DATA	Keypress:t held
392.9393	DATA	Keypress: t
392.9558	DATA	Keypress:t held
399.9422	DATA	Keypress: t
399.9586	DATA	Keypress:t held
399.9587	DATA	earn t
404.5543	DATA	Keypress: v
404.5708	DATA	Keypress:v held
405.6403	DATA	Keypress: v
405.6568	DATA	Keypress:v held
406.5760	DATA	Keypress: v
406.6597	DATA	Keypress:v held
407.4617	DATA	Keypress: v
407.6623	DATA	Keypress:v held
407.6624	DATA	earn v
412.2588	DATA	Keypress: t
412.2747	DATA	Keypress:t held
413.0936	DATA	Keypress: t
413.2776	DATA	Keypress:t held
413.6791	DATA	Keypress: t
414.2805	DATA	Keypress:t held
414.2808	DATA	Keypress: t
414.8825	DATA	Keypress: t
415.2829	DATA	Keypress:t held
415.4503	DATA	Keypress: t
416.0693	DATA	Keypress: t
416.2858	DATA	Keypress:t held
416.6875	DATA	Keypress: t
417.2881	DATA	Keypress:t held
419.4611	DATA	Keypress: t
419.4776	DATA	Keypress:t held
420.0301	DATA	Keypress: t
420.4808	DATA	Keypress:t held
420.5639	DATA	Keypress: t
421.0654	DATA	Keypress: t
421.4834	DATA	Keypress:t held
421.5673	DATA	Keypress: t
422.0850	DATA	Keypress: t
422.4864	DATA	Keypress:t held
422.4864	DATA	earn t
422.5861	DATA	Keypress: t
425.8448	DATA	Keypress: v
425.8613	DATA	Keypress:v held
426.3797	DATA	Keypress: v
426.8640	DATA	Keypress:v held
426.8813	DATA	Keypress: v
427.3996	DATA	Keypress: v
427.8673	DATA	Keypress:v held
427.8676	DATA	Keypress: v
428.3350	DATA	Keypress: v
428.8196	DATA	Keypress: v
428.8696	DATA	Keypress:v held
428.8696	DATA	earn v
430.8422	DATA	Keypress: v
430.9254	DATA	Keypress:v held
431.3934	DATA	Keypress: v
431.8786	DATA	Keypress: v
431.9279	DATA	Keypress:v held
432.4127	DATA	Keypress: v
432.9306	DATA	Keypress:v held
432.9472	DATA	Keypress: v
433.4658	DATA	Keypress: v
433.9335	DATA	Keypress:v held
434.0170	DATA	Keypress: v
434.5513	DATA	Keypress: v
434.9363	DATA	Keypress:v held
435.1033	DATA	Keypress: v
435.6386	DATA	Keypress: v
435.9387	DATA	Keypress:v held
436.1563	DATA	Keypress: v
436.6911	DATA	Keypress: v
436.9416	DATA	Keypress:v held
437.2259	DATA	Keypress: v
437.6603	DATA	Keypress: v
437.9442	DATA	Keypress:v held
438.1280	DATA	Keypress: v
438.5962	DATA	Keypress: v
438.9467	DATA	Keypress:v held
439.1138	DATA	Keypress: v
439.6490	DATA	Keypress: v
439.9493	DATA	Keypress:v held
440.1840	DATA	Keypress: v
440.6851	DATA	Keypress: v
440.9529	DATA	Keypress:v held
441.1867	DATA	Keypress: v
441.6431	DATA	start rating L
441.7273	DATA	Keypress: v
489.2724	DATA	Keypress: t
491.5110	DATA	Keypress: t
491.9125	DATA	Keypress: t
492.4472	DATA	Keypress: v
492.7148	DATA	Keypress: v
494.5524	DATA	Keypress: t
509.8610	DATA	Keypress: return
509.8612	DATA	RatingScale rateL_scale: (key response) rating=3
509.8613	DATA	RatingScale rateL_scale: rating RT=68.218
509.8616	DATA	3.0
509.8616	DATA	end rating L
509.9482	DATA	start rating R
517.3980	DATA	Keypress: v
542.5003	DATA	Keypress: return
542.5152	DATA	RatingScale rateR_scale: (key response) rating=5
542.5153	DATA	RatingScale rateR_scale: rating RT=32.567
542.5157	DATA	5.0
542.5166	DATA	end rating R
555.3777	DATA	Keypress: t
555.3941	DATA	Keypress:t held
555.8461	DATA	Keypress: t
556.2803	DATA	Keypress: t
556.3974	DATA	Keypress:t held
556.7149	DATA	Keypress: t
557.3996	DATA	Keypress:t held
557.7013	DATA	Keypress: t
558.2026	DATA	Keypress: t
558.4021	DATA	Keypress:t held
558.7202	DATA	Keypress: t
559.1887	DATA	Keypress: t
559.4053	DATA	Keypress:t held
559.6728	DATA	Keypress: t
560.1579	DATA	Keypress: t
560.4085	DATA	Keypress:t held
560.6268	DATA	Keypress: t
561.1267	DATA	Keypress: t
561.4113	DATA	Keypress:t held
561.5944	DATA	Keypress: t
562.0628	DATA	Keypress: t
562.4132	DATA	Keypress:t held
562.4132	DATA	earn t
562.5319	DATA	Keypress: t
564.1018	DATA	Keypress: v
564.5189	DATA	Keypress:v held
564.6027	DATA	Keypress: v
565.0377	DATA	Keypress: v
565.5055	DATA	Keypress: v
565.5220	DATA	Keypress:v held
565.9399	DATA	Keypress: v
566.3747	DATA	Keypress: v
566.5245	DATA	Keypress:v held
566.5245	DATA	earn v
566.8422	DATA	Keypress: v
569.4992	DATA	Keypress: t
569.5157	DATA	Keypress:t held
569.9844	DATA	Keypress: t
570.4019	DATA	Keypress: t
570.5186	DATA	Keypress:t held
570.8533	DATA	Keypress: t
571.3047	DATA	Keypress: t
571.5212	DATA	Keypress:t held
571.7385	DATA	Keypress: t
572.2064	DATA	Keypress: t
572.5239	DATA	Keypress:t held
572.6418	DATA	Keypress: t
573.1091	DATA	Keypress: t
573.5263	DATA	Keypress:t held
573.5601	DATA	Keypress: t
574.0119	DATA	Keypress: t
574.4463	DATA	Keypress: t
574.5289	DATA	Keypress:t held
574.9141	DATA	Keypress: t
575.3823	DATA	Keypress: t
575.5328	DATA	Keypress:t held
575.8336	DATA	Keypress: t
576.2679	DATA	Keypress: t
576.5350	DATA	Keypress:t held
576.7353	DATA	Keypress: t
577.2037	DATA	Keypress: t
577.5376	DATA	Keypress:t held
577.6878	DATA	Keypress: t
578.1226	DATA	Keypress: t
578.5401	DATA	Keypress:t held
578.5401	DATA	earn t
578.6148	DATA	Keypress: t
579.1089	DATA	Keypress: t
580.2449	DATA	Keypress: v
580.6124	DATA	Keypress:v held
580.6965	DATA	Keypress: v
581.1475	DATA	Keypress: v
581.6150	DATA	Keypress:v held
581.6323	DATA	Keypress: v
582.0663	DATA	Keypress: v
582.5510	DATA	Keypress: v
582.6182	DATA	Keypress:v held
583.0026	DATA	Keypress: v
583.4707	DATA	Keypress: v
583.6209	DATA	Keypress:v held
583.9052	DATA	Keypress: v
584.3562	DATA	Keypress: v
584.6232	DATA	Keypress:v held
584.7909	DATA	Keypress: v
585.2422	DATA	Keypress: v
585.6262	DATA	Keypress:v held
585.6935	DATA	Keypress: v
586.1279	DATA	Keypress: v
586.5458	DATA	Keypress: v
586.6285	DATA	Keypress:v held
586.9795	DATA	Keypress: v
587.4143	DATA	Keypress: v
587.6312	DATA	Keypress:v held
587.8490	DATA	Keypress: v
588.3164	DATA	Keypress: v
588.6341	DATA	Keypress:v held
588.6341	DATA	earn v
588.7851	DATA	Keypress: v
592.1769	DATA	Keypress: t
592.1933	DATA	Keypress:t held
592.6624	DATA	Keypress: t
593.0797	DATA	Keypress: t
593.1966	DATA	Keypress:t held
593.4812	DATA	Keypress: t
593.8820	DATA	Keypress: t
594.1987	DATA	Keypress:t held
594.1987	DATA	earn t
594.2991	DATA	Keypress: t
594.7671	DATA	Keypress: t
595.6531	DATA	Keypress: v
596.1549	DATA	Keypress: v
596.2882	DATA	Keypress:v held
596.2883	DATA	earn v
596.5891	DATA	Keypress: v
598.5448	DATA	Keypress: t
598.5613	DATA	Keypress:t held
598.9958	DATA	Keypress: t
599.4137	DATA	Keypress: t
599.5632	DATA	Keypress:t held
599.8649	DATA	Keypress: t
600.2658	DATA	Keypress: t
600.5661	DATA	Keypress:t held
600.6838	DATA	Keypress: t
601.1180	DATA	Keypress: t
601.5357	DATA	Keypress: t
601.5695	DATA	Keypress:t held
601.9369	DATA	Keypress: t
602.3717	DATA	Keypress: t
602.7971	DATA	start rating L
602.8085	DATA	Keypress: t
607.9088	DATA	Keypress: v
608.6110	DATA	Keypress: v
613.2902	DATA	Keypress: v
625.7925	DATA	Keypress: t
626.2257	DATA	Keypress: t
626.5925	DATA	Keypress: t
626.9933	DATA	Keypress: t
630.4033	DATA	Keypress: return
630.4035	DATA	RatingScale rateL_scale: (key response) rating=2
630.4036	DATA	RatingScale rateL_scale: rating RT=27.606
630.4039	DATA	2.0
630.4039	DATA	end rating L
630.4884	DATA	start rating R
643.7560	DATA	Keypress: return
643.7562	DATA	RatingScale rateR_scale: (key response) rating=4
643.7562	DATA	RatingScale rateR_scale: rating RT=13.268
643.7565	DATA	4.0
643.7572	DATA	end rating R
663.2695	DATA	Keypress: t
663.2860	DATA	Keypress:t held
663.7034	DATA	Keypress: t
664.1881	DATA	Keypress: t
664.2881	DATA	Keypress:t held
664.6062	DATA	Keypress: t
665.0234	DATA	Keypress: t
665.2905	DATA	Keypress:t held
665.2906	DATA	earn t
665.4248	DATA	Keypress: t
665.9102	DATA	Keypress: t
666.8295	DATA	Keypress: v
667.2804	DATA	Keypress: v
667.3962	DATA	Keypress:v held
667.6975	DATA	Keypress: v
668.1322	DATA	Keypress: v
668.3997	DATA	Keypress:v held
668.5329	DATA	Keypress: v
668.9342	DATA	Keypress: v
669.3523	DATA	Keypress: v
669.4015	DATA	Keypress:v held
669.7695	DATA	Keypress: v
670.1712	DATA	Keypress: v
670.4050	DATA	Keypress:v held
670.6060	DATA	Keypress: v
671.0065	DATA	Keypress: v
671.4080	DATA	Keypress:v held
671.4082	DATA	Keypress: v
671.8596	DATA	Keypress: v
672.2770	DATA	Keypress: v
672.4102	DATA	Keypress:v held
672.7110	DATA	Keypress: v
673.1290	DATA	Keypress: v
673.4130	DATA	Keypress:v held
673.4130	DATA	earn v
673.5464	DATA	Keypress: v
675.2012	DATA	Keypress: t
675.5524	DATA	Keypress:t held
675.6528	DATA	Keypress: t
676.0537	DATA	Keypress: t
676.4720	DATA	Keypress: t
676.5548	DATA	Keypress:t held
676.9062	DATA	Keypress: t
677.3241	DATA	Keypress: t
677.5571	DATA	Keypress:t held
677.5572	DATA	earn t
677.7587	DATA	Keypress: t
678.7438	DATA	Keypress: v
679.1787	DATA	Keypress: v
679.5632	DATA	Keypress: v
679.6795	DATA	Keypress:v held
679.9642	DATA	Keypress: v
680.3486	DATA	Keypress: v
680.6828	DATA	Keypress:v held
680.7997	DATA	Keypress: v
681.2006	DATA	Keypress: v
681.6019	DATA	Keypress: v
681.6858	DATA	Keypress:v held
682.0201	DATA	Keypress: v
682.4210	DATA	Keypress: v
682.6880	DATA	Keypress:v held
682.8388	DATA	Keypress: v
683.2727	DATA	Keypress: v
683.6907	DATA	Keypress:v held
683.7244	DATA	Keypress: v
684.1081	DATA	Keypress: v
684.5435	DATA	Keypress: v
684.6931	DATA	Keypress:v held
684.9607	DATA	Keypress: v
685.3960	DATA	Keypress: v
685.6964	DATA	Keypress:v held
685.8131	DATA	Keypress: v
686.2642	DATA	Keypress: v
686.6986	DATA	Keypress:v held
686.7161	DATA	Keypress: v
687.1502	DATA	Keypress: v
687.5682	DATA	Keypress: v
687.7016	DATA	Keypress:v held
688.0028	DATA	Keypress: v
688.4206	DATA	Keypress: v
688.7036	DATA	Keypress:v held
688.8552	DATA	Keypress: v
689.2724	DATA	Keypress: v
689.7071	DATA	Keypress:v held
689.7241	DATA	Keypress: v
690.1078	DATA	Keypress: v
690.5432	DATA	Keypress: v
690.7099	DATA	Keypress:v held
690.7099	DATA	earn v
690.9603	DATA	Keypress: v
691.8230	DATA	Keypress: t
692.1972	DATA	Keypress: t
692.6321	DATA	Keypress: t
692.8318	DATA	Keypress:t held
693.0664	DATA	Keypress: t
693.4836	DATA	Keypress: t
693.8349	DATA	Keypress:t held
693.9013	DATA	Keypress: t
694.3529	DATA	Keypress: t
694.7704	DATA	Keypress: t
694.8370	DATA	Keypress:t held
695.1554	DATA	Keypress: t
695.5894	DATA	Keypress: t
695.8398	DATA	Keypress:t held
696.0241	DATA	Keypress: t
696.4584	DATA	Keypress: t
696.8432	DATA	Keypress:t held
696.8936	DATA	Keypress: t
697.3277	DATA	Keypress: t
697.7623	DATA	Keypress: t
697.8451	DATA	Keypress:t held
698.1962	DATA	Keypress: t
698.6479	DATA	Keypress: t
698.8481	DATA	Keypress:t held
699.0987	DATA	Keypress: t
699.4836	DATA	Keypress: t
699.8509	DATA	Keypress:t held
699.9516	DATA	Keypress: t
700.3696	DATA	Keypress: t
700.8204	DATA	Keypress: t
700.8533	DATA	Keypress:t held
701.2386	DATA	Keypress: t
701.6726	DATA	Keypress: t
701.8564	DATA	Keypress:t held
701.8564	DATA	earn t
702.1241	DATA	Keypress: t
703.7965	DATA	Keypress: v
704.0759	DATA	start rating L
704.2696	DATA	Keypress: v
736.7397	DATA	Keypress: v
741.0185	DATA	Keypress: return
741.0187	DATA	RatingScale rateL_scale: (key response) rating=6
741.0188	DATA	RatingScale rateL_scale: rating RT=36.943
741.0191	DATA	6.0
741.0191	DATA	end rating L
741.1034	DATA	start rating R
759.1674	DATA	Keypress: t
767.6574	DATA	Keypress: t
770.0296	DATA	Keypress: v
772.8707	DATA	Keypress: return
772.8710	DATA	RatingScale rateR_scale: (key response) rating=3
772.8710	DATA	RatingScale rateR_scale: rating RT=31.768
772.8713	DATA	3.0
772.8720	DATA	end rating R
779.7338	DATA	Keypress: t
779.7503	DATA	Keypress:t held
780.2017	DATA	Keypress: t
780.6359	DATA	Keypress: t
780.7527	DATA	Keypress:t held
780.7527	DATA	earn t
781.0874	DATA	Keypress: t
782.1067	DATA	Keypress: v
782.5577	DATA	Keypress: v
782.9091	DATA	Keypress:v held
782.9586	DATA	Keypress: v
783.3432	DATA	Keypress: v
783.7276	DATA	Keypress: v
783.9111	DATA	Keypress:v held
784.1123	DATA	Keypress: v
784.4800	DATA	Keypress: v
784.8803	DATA	Keypress: v
784.9140	DATA	Keypress:v held
785.2483	DATA	Keypress: v
785.6666	DATA	Keypress: v
785.9164	DATA	Keypress:v held
786.0675	DATA	Keypress: v
786.4346	DATA	Keypress: v
786.8195	DATA	Keypress: v
786.9193	DATA	Keypress:v held
787.2204	DATA	Keypress: v
787.6044	DATA	Keypress: v
787.9219	DATA	Keypress:v held
787.9888	DATA	Keypress: v
788.4073	DATA	Keypress: v
788.7747	DATA	Keypress: v
788.9254	DATA	Keypress:v held
789.1760	DATA	Keypress: v
789.5596	DATA	Keypress: v
789.9273	DATA	Keypress:v held
789.9783	DATA	Keypress: v
790.3954	DATA	Keypress: v
790.7966	DATA	Keypress: v
790.9306	DATA	Keypress:v held
790.9306	DATA	earn v
791.1980	DATA	Keypress: v
792.2172	DATA	Keypress: t
792.6353	DATA	Keypress: t
793.0193	DATA	Keypress: t
793.0862	DATA	Keypress:t held
793.4373	DATA	Keypress: t
793.8382	DATA	Keypress: t
794.0886	DATA	Keypress:t held
794.0886	DATA	earn t
794.2560	DATA	Keypress: t
795.3593	DATA	Keypress: v
795.8103	DATA	Keypress: v
796.2449	DATA	Keypress:v held
796.2452	DATA	Keypress: v
796.6291	DATA	Keypress: v
797.0470	DATA	Keypress: v
797.2471	DATA	Keypress:v held
797.4479	DATA	Keypress: v
797.8160	DATA	Keypress: v
798.2008	DATA	Keypress: v
798.2500	DATA	Keypress:v held
798.5849	DATA	Keypress: v
798.9528	DATA	Keypress: v
799.2527	DATA	Keypress:v held
799.3197	DATA	Keypress: v
799.7048	DATA	Keypress: v
800.1054	DATA	Keypress: v
800.2560	DATA	Keypress:v held
800.4726	DATA	Keypress: v
800.8741	DATA	Keypress: v
801.2587	DATA	Keypress:v held
801.2590	DATA	Keypress: v
801.6930	DATA	Keypress: v
802.0442	DATA	Keypress: v
802.2612	DATA	Keypress:v held
802.4449	DATA	Keypress: v
802.8123	DATA	Keypress: v
803.2134	DATA	Keypress: v
803.2635	DATA	Keypress:v held
803.2636	DATA	earn v
803.5814	DATA	Keypress: v
804.5172	DATA	Keypress: t
804.9351	DATA	Keypress: t
805.3032	DATA	Keypress: t
805.4192	DATA	Keypress:t held
805.7206	DATA	Keypress: t
806.1217	DATA	Keypress: t
806.4224	DATA	Keypress:t held
806.4897	DATA	Keypress: t
806.8739	DATA	Keypress: t
807.2747	DATA	Keypress: t
807.4249	DATA	Keypress:t held
807.6590	DATA	Keypress: t
808.0440	DATA	Keypress: t
808.4282	DATA	Keypress:t held
808.4612	DATA	Keypress: t
808.8463	DATA	Keypress: t
809.2633	DATA	Keypress: t
809.4306	DATA	Keypress:t held
809.4306	DATA	earn t
809.6485	DATA	Keypress: t
810.7678	DATA	Keypress: v
811.2185	DATA	Keypress: v
811.5859	DATA	Keypress:v held
811.6206	DATA	Keypress: v
812.0211	DATA	Keypress: v
812.3718	DATA	Keypress: v
812.5892	DATA	Keypress:v held
812.7895	DATA	Keypress: v
813.1740	DATA	Keypress: v
813.5588	DATA	Keypress: v
813.5915	DATA	Keypress:v held
813.9763	DATA	Keypress: v
814.3944	DATA	Keypress: v
814.5940	DATA	Keypress:v held
814.8283	DATA	Keypress: v
815.2462	DATA	Keypress: v
815.5966	DATA	Keypress:v held
815.6481	DATA	Keypress: v
816.0493	DATA	Keypress: v
816.4334	DATA	Keypress: v
816.5999	DATA	Keypress:v held
816.8175	DATA	Keypress: v
817.2185	DATA	Keypress: v
817.6023	DATA	Keypress:v held
817.6369	DATA	Keypress: v
818.0542	DATA	Keypress: v
818.4547	DATA	Keypress: v
818.6050	DATA	Keypress:v held
818.8232	DATA	Keypress: v
819.2241	DATA	Keypress: v
819.6081	DATA	Keypress:v held
819.6413	DATA	Keypress: v
820.0433	DATA	Keypress: v
820.4104	DATA	Keypress: v
820.6102	DATA	Keypress:v held
820.8122	DATA	Keypress: v
821.1962	DATA	Keypress: v
821.5967	DATA	Keypress: v
821.6141	DATA	Keypress:v held
821.9980	DATA	Keypress: v
822.3829	DATA	Keypress: v
822.6158	DATA	Keypress:v held
822.6158	DATA	earn v
822.7674	DATA	Keypress: v
823.1681	DATA	Keypress: v
826.7943	DATA	Keypress: t
826.8109	DATA	Keypress:t held
826.8109	DATA	earn t
827.2800	DATA	Keypress: t
828.3986	DATA	Keypress: v
828.8170	DATA	Keypress: v
829.0171	DATA	Keypress:v held
829.1839	DATA	Keypress: v
829.5689	DATA	Keypress: v
829.9536	DATA	Keypress: v
830.0201	DATA	Keypress:v held
830.3539	DATA	Keypress: v
830.7220	DATA	Keypress: v
831.0223	DATA	Keypress:v held
831.1391	DATA	Keypress: v
831.5413	DATA	Keypress: v
832.0250	DATA	Keypress:v held
832.0417	DATA	Keypress: v
832.4596	DATA	Keypress: v
832.8608	DATA	Keypress: v
833.2336	DATA	start rating L
833.2452	DATA	Keypress: v
850.4144	DATA	Keypress: t
850.8993	DATA	Keypress: t
852.9718	DATA	Keypress: t
853.8735	DATA	Keypress: t
859.2391	DATA	Keypress: t
860.1090	DATA	Keypress: v
860.4917	DATA	Keypress: v
860.7761	DATA	Keypress: v
861.0609	DATA	Keypress: v
861.3785	DATA	Keypress: v
861.7618	DATA	Keypress: v
864.4197	DATA	Keypress: return
864.4199	DATA	RatingScale rateL_scale: (key response) rating=7
864.4200	DATA	RatingScale rateL_scale: rating RT=31.186
864.4203	DATA	7.0
864.4203	DATA	end rating L
864.5045	DATA	start rating R
870.5362	DATA	Keypress: t
870.9892	DATA	Keypress: t
871.9251	DATA	Keypress: t
873.6784	DATA	Keypress: return
873.6786	DATA	RatingScale rateR_scale: (key response) rating=1
873.6787	DATA	RatingScale rateR_scale: rating RT=9.174
873.6790	DATA	1.0
873.6797	DATA	end rating R
876.9643	DATA	Keypress: t
876.9807	DATA	Keypress:t held
877.3649	DATA	Keypress: t
877.7660	DATA	Keypress: t
877.9833	DATA	Keypress:t held
878.1009	DATA	Keypress: t
878.5186	DATA	Keypress: t
878.8857	DATA	Keypress: t
878.9853	DATA	Keypress:t held
879.2870	DATA	Keypress: t
879.6881	DATA	Keypress: t
879.9883	DATA	Keypress:t held
879.9883	DATA	earn t
880.0629	DATA	Keypress: t
880.4733	DATA	Keypress: t
881.4596	DATA	Keypress: v
881.8608	DATA	Keypress: v
882.1777	DATA	Keypress:v held
882.2445	DATA	Keypress: v
882.6297	DATA	Keypress: v
883.0137	DATA	Keypress: v
883.1805	DATA	Keypress:v held
883.3978	DATA	Keypress: v
883.7987	DATA	Keypress: v
884.1837	DATA	Keypress:v held
884.1837	DATA	earn v
884.1839	DATA	Keypress: v
884.6012	DATA	Keypress: v
886.1051	DATA	Keypress: t
886.4062	DATA	Keypress:t held
886.5565	DATA	Keypress: t
886.9415	DATA	Keypress: t
887.3586	DATA	Keypress: t
887.4091	DATA	Keypress:t held
887.7936	DATA	Keypress: t
888.2107	DATA	Keypress: t
888.4110	DATA	Keypress:t held
888.6126	DATA	Keypress: t
889.0127	DATA	Keypress: t
889.4136	DATA	Keypress:t held
889.4646	DATA	Keypress: t
889.8820	DATA	Keypress: t
890.3163	DATA	Keypress: t
890.4166	DATA	Keypress:t held
890.4166	DATA	earn t
890.7516	DATA	Keypress: t
891.6374	DATA	Keypress: v
892.0885	DATA	Keypress: v
892.5060	DATA	Keypress: v
892.6229	DATA	Keypress:v held
892.9408	DATA	Keypress: v
893.3413	DATA	Keypress: v
893.6255	DATA	Keypress:v held
893.6255	DATA	earn v
893.7598	DATA	Keypress: v
895.3971	DATA	Keypress: t
895.8311	DATA	Keypress:t held
895.8314	DATA	Keypress: t
896.2332	DATA	Keypress: t
896.6343	DATA	Keypress: t
896.8348	DATA	Keypress:t held
897.0687	DATA	Keypress: t
897.5033	DATA	Keypress: t
897.8370	DATA	Keypress:t held
897.9713	DATA	Keypress: t
898.3890	DATA	Keypress: t
898.8231	DATA	Keypress: t
898.8395	DATA	Keypress:t held
899.2405	DATA	Keypress: t
899.6751	DATA	Keypress: t
899.8427	DATA	Keypress:t held
900.0759	DATA	Keypress: t
900.4942	DATA	Keypress: t
900.8449	DATA	Keypress:t held
900.9125	DATA	Keypress: t
901.3135	DATA	Keypress: t
901.7478	DATA	Keypress: t
901.8480	DATA	Keypress:t held
902.1649	DATA	Keypress: t
902.6001	DATA	Keypress: t
902.8509	DATA	Keypress:t held
902.8510	DATA	earn t
903.0177	DATA	Keypress: t
903.8038	DATA	Keypress: v
904.2380	DATA	Keypress: v
904.6392	DATA	Keypress: v
905.0564	DATA	Keypress:v held
905.0730	DATA	Keypress: v
905.5085	DATA	Keypress: v
905.9090	DATA	Keypress: v
906.0592	DATA	Keypress:v held
906.0593	DATA	earn v
906.3100	DATA	Keypress: v
907.8813	DATA	Keypress: t
908.2649	DATA	Keypress:t held
908.3661	DATA	Keypress: t
908.7499	DATA	Keypress: t
909.2350	DATA	Keypress: t
909.2683	DATA	Keypress:t held
909.6196	DATA	Keypress: t
910.1041	DATA	Keypress: t
910.2705	DATA	Keypress:t held
911.0058	DATA	Keypress: t
911.2739	DATA	Keypress:t held
911.6743	DATA	Keypress: t
912.1595	DATA	Keypress: t
912.2765	DATA	Keypress:t held
912.5767	DATA	Keypress: t
913.0445	DATA	Keypress: t
913.2786	DATA	Keypress:t held
913.4965	DATA	Keypress: t
913.8811	DATA	Keypress: t
914.2816	DATA	Keypress:t held
914.2982	DATA	Keypress: t
914.6833	DATA	Keypress: t
915.1336	DATA	Keypress: t
915.2840	DATA	Keypress:t held
915.5690	DATA	Keypress: t
916.0034	DATA	Keypress: t
916.2875	DATA	Keypress:t held
916.2875	DATA	earn t
916.4377	DATA	Keypress: t
917.5077	DATA	Keypress: v
917.9915	DATA	Keypress: v
918.4265	DATA	Keypress: v
918.5094	DATA	Keypress:v held
918.5094	DATA	earn v
918.8776	DATA	Keypress: v
921.2173	DATA	Keypress: t
921.2338	DATA	Keypress:t held
921.8187	DATA	Keypress: t
922.2364	DATA	Keypress:t held
922.2364	DATA	earn t
922.3111	DATA	Keypress: t
922.8388	DATA	Keypress: t
923.4508	DATA	Keypress: t
923.7573	DATA	Keypress: t
924.4593	DATA	Keypress:t held
924.8272	DATA	Keypress: v
925.2782	DATA	Keypress: v
925.4621	DATA	Keypress:v held
925.6795	DATA	Keypress: v
926.1142	DATA	Keypress: v
926.4648	DATA	Keypress:v held
926.4986	DATA	Keypress: v
926.8996	DATA	Keypress: v
927.2841	DATA	Keypress: v
927.4668	DATA	Keypress:v held
927.7354	DATA	Keypress: v
928.1194	DATA	Keypress: v
928.4697	DATA	Keypress:v held
928.5205	DATA	Keypress: v
928.9714	DATA	Keypress: v
929.4393	DATA	Keypress: v
929.4730	DATA	Keypress:v held
929.8737	DATA	Keypress: v
930.4085	DATA	Keypress: v
930.4751	DATA	Keypress:v held
930.4751	DATA	earn v
930.8435	DATA	Keypress: v
933.6179	DATA	Keypress: t
933.6344	DATA	Keypress:t held
934.0905	DATA	start rating L
934.1024	DATA	Keypress: t
934.5265	DATA	Keypress: t
963.3380	DATA	Keypress: v
963.8559	DATA	Keypress: v
964.2567	DATA	Keypress: v
975.3865	DATA	Keypress: v
981.8714	DATA	Keypress: return
981.8716	DATA	RatingScale rateL_scale: (key response) rating=6
981.8717	DATA	RatingScale rateL_scale: rating RT=47.781
981.8720	DATA	6.0
981.8720	DATA	end rating L
981.9571	DATA	start rating R
989.4078	DATA	Keypress: t
1003.7468	DATA	Keypress: t
1006.1537	DATA	Keypress: return
1006.1539	DATA	RatingScale rateR_scale: (key response) rating=2
1006.1539	DATA	RatingScale rateR_scale: rating RT=24.197
1006.1543	DATA	2.0
1006.1550	DATA	end rating R
1012.7655	DATA	Keypress: t
1012.7822	DATA	Keypress:t held
1013.2163	DATA	Keypress: t
1013.7008	DATA	Keypress: t
1013.7847	DATA	Keypress:t held
1014.1521	DATA	Keypress: t
1014.6037	DATA	Keypress: t
1014.7869	DATA	Keypress:t held
1015.0716	DATA	Keypress: t
1015.5390	DATA	Keypress: t
1015.7899	DATA	Keypress:t held
1015.9907	DATA	Keypress: t
1016.4418	DATA	Keypress: t
1016.7929	DATA	Keypress:t held
1016.9102	DATA	Keypress: t
1017.3617	DATA	Keypress: t
1017.7957	DATA	Keypress:t held
1017.7960	DATA	Keypress: t
1018.2467	DATA	Keypress: t
1018.6987	DATA	Keypress: t
1018.7977	DATA	Keypress:t held
1019.1658	DATA	Keypress: t
1019.6005	DATA	Keypress: t
1019.8010	DATA	Keypress:t held
1020.0850	DATA	Keypress: t
1020.5364	DATA	Keypress: t
1020.8038	DATA	Keypress:t held
1020.8039	DATA	earn t
1021.0211	DATA	Keypress: t
1022.1916	DATA	Keypress: v
1022.6586	DATA	Keypress: v
1023.0435	DATA	Keypress:v held
1023.0436	DATA	earn v
1023.1246	DATA	Keypress: v
1023.6285	DATA	Keypress: v
1024.3465	DATA	Keypress: t
1024.8145	DATA	Keypress: t
1025.2495	DATA	Keypress: t
1025.2990	DATA	Keypress:t held
1025.7174	DATA	Keypress: t
1026.1521	DATA	Keypress: t
1026.3021	DATA	Keypress:t held
1026.6194	DATA	Keypress: t
1027.0706	DATA	Keypress: t
1027.3046	DATA	Keypress:t held
1027.5225	DATA	Keypress: t
1028.0070	DATA	Keypress: t
1028.3078	DATA	Keypress:t held
1028.4742	DATA	Keypress: t
1028.9087	DATA	Keypress: t
1029.3100	DATA	Keypress:t held
1029.3601	DATA	Keypress: t
1029.8784	DATA	Keypress: t
1030.3124	DATA	Keypress:t held
1030.3124	DATA	earn t
1030.3867	DATA	Keypress: t
1032.9200	DATA	Keypress: t
1032.9365	DATA	Keypress:t held
1032.9365	DATA	earn t
1033.4047	DATA	Keypress: t
1034.2901	DATA	Keypress: v
1034.7588	DATA	Keypress: v
1035.2263	DATA	Keypress:v held
1035.2594	DATA	Keypress: v
1035.7279	DATA	Keypress: v
1036.1622	DATA	Keypress: v
1036.2286	DATA	Keypress:v held
1036.5970	DATA	Keypress: v
1037.0144	DATA	Keypress: v
1037.2316	DATA	Keypress:v held
1037.4659	DATA	Keypress: v
1037.9339	DATA	Keypress: v
1038.2339	DATA	Keypress:v held
1038.3677	DATA	Keypress: v
1038.8193	DATA	Keypress: v
1039.2365	DATA	Keypress:v held
1039.2706	DATA	Keypress: v
1039.7221	DATA	Keypress: v
1040.1728	DATA	Keypress: v
1040.2393	DATA	Keypress:v held
1040.6075	DATA	Keypress: v
1041.0757	DATA	Keypress: v
1041.2421	DATA	Keypress:v held
1041.5267	DATA	Keypress: v
1041.9450	DATA	Keypress: v
1042.2451	DATA	Keypress:v held
1042.3788	DATA	Keypress: v
1042.8302	DATA	Keypress: v
1043.2483	DATA	Keypress:v held
1043.2979	DATA	Keypress: v
1043.7500	DATA	Keypress: v
1044.2006	DATA	Keypress: v
1044.2506	DATA	Keypress:v held
1044.6189	DATA	Keypress: v
1045.0532	DATA	Keypress: v
1045.2528	DATA	Keypress:v held
1045.5205	DATA	Keypress: v
1045.9556	DATA	Keypress: v
1046.2566	DATA	Keypress:v held
1046.4064	DATA	Keypress: v
1046.8575	DATA	Keypress: v
1047.2584	DATA	Keypress:v held
1047.3091	DATA	Keypress: v
1047.7766	DATA	Keypress: v
1048.2455	DATA	Keypress: v
1048.2620	DATA	Keypress:v held
1048.6965	DATA	Keypress: v
1049.1475	DATA	Keypress: v
1049.2646	DATA	Keypress:v held
1049.6326	DATA	Keypress: v
1050.0828	DATA	Keypress: v
1050.2664	DATA	Keypress:v held
1050.5346	DATA	Keypress: v
1050.9526	DATA	Keypress: v
1051.2702	DATA	Keypress:v held
1051.4204	DATA	Keypress: v
1051.8551	DATA	Keypress: v
1052.2726	DATA	Keypress:v held
1052.2893	DATA	Keypress: v
1052.7407	DATA	Keypress: v
1053.1747	DATA	Keypress: v
1053.2748	DATA	Keypress:v held
1053.7432	DATA	Keypress: t
1054.2613	DATA	Keypress: t
1054.2774	DATA	Keypress:t held
1054.6619	DATA	Keypress: t
1055.0963	DATA	Keypress: t
1055.2805	DATA	Keypress:t held
1055.5316	DATA	Keypress: t
1055.9660	DATA	Keypress: t
1056.2828	DATA	Keypress:t held
1056.2828	DATA	earn t
1056.4015	DATA	Keypress: t
1056.9189	DATA	Keypress: t
1058.5062	DATA	Keypress: v
1058.5392	DATA	Keypress:v held
1058.9578	DATA	Keypress: v
1059.3584	DATA	Keypress: v
1059.5423	DATA	Keypress:v held
1059.7762	DATA	Keypress: v
1060.2103	DATA	Keypress: v
1060.5443	DATA	Keypress:v held
1060.6448	DATA	Keypress: v
1061.0800	DATA	Keypress: v
1061.5479	DATA	Keypress:v held
1061.5810	DATA	Keypress: v
1061.9822	DATA	Keypress: v
1062.3999	DATA	Keypress: v
1062.5502	DATA	Keypress:v held
1062.5503	DATA	earn v
1062.8514	DATA	Keypress: v
1064.1050	DATA	Keypress: t
1064.5554	DATA	Keypress: t
1064.8227	DATA	Keypress:t held
1064.9737	DATA	Keypress: t
1065.4418	DATA	Keypress: t
1065.8257	DATA	Keypress:t held
1065.8931	DATA	Keypress: t
1066.6154	DATA	start rating L
1066.6273	DATA	Keypress: t
1066.7512	DATA	Keypress: t
1077.8145	DATA	Keypress: v
1085.7024	DATA	Keypress: return
1085.7027	DATA	RatingScale rateL_scale: (key response) rating=3
1085.7027	DATA	RatingScale rateL_scale: rating RT=19.087
1085.7030	DATA	3.0
1085.7030	DATA	end rating L
1085.7891	DATA	start rating R
1095.0951	DATA	Keypress: v
1096.1811	DATA	Keypress: t
1096.6164	DATA	Keypress: t
1097.6357	DATA	Keypress: t
1108.2138	DATA	Keypress: return
1108.2140	DATA	RatingScale rateR_scale: (key response) rating=2
1108.2140	DATA	RatingScale rateR_scale: rating RT=22.425
1108.2143	DATA	2.0
1108.2150	DATA	end rating R
