20.3904	DATA	version A
246.5068	DATA	Keypress: space
247.9765	DATA	Keypress: t
247.9929	DATA	Keypress:t held
249.7647	DATA	Keypress: v
249.7811	DATA	Keypress:v held
254.4441	DATA	Keypress: v
254.4606	DATA	Keypress:v held
256.4162	DATA	Keypress: v
256.4326	DATA	Keypress:v held
257.8534	DATA	Keypress: t
257.8699	DATA	Keypress:t held
259.5415	DATA	Keypress: t
259.5578	DATA	Keypress:t held
261.0622	DATA	Keypress: v
261.0786	DATA	Keypress:v held
262.8672	DATA	Keypress: t
262.8836	DATA	Keypress:t held
262.8836	DATA	earn t
266.7779	DATA	Keypress: t
266.7943	DATA	Keypress:t held
270.4380	DATA	Keypress: t
270.4543	DATA	Keypress:t held
272.1258	DATA	Keypress: v
272.1422	DATA	Keypress:v held
278.3428	DATA	Keypress: v
278.3592	DATA	Keypress:v held
280.8329	DATA	Keypress: t
280.8493	DATA	Keypress:t held
282.5709	DATA	Keypress: t
282.5874	DATA	Keypress:t held
282.5874	DATA	earn t
290.8938	DATA	Keypress: t
290.9101	DATA	Keypress:t held
291.8796	DATA	Keypress: t
291.9129	DATA	Keypress:t held
292.6986	DATA	Keypress: t
292.9156	DATA	Keypress:t held
293.4506	DATA	Keypress: t
293.9183	DATA	Keypress:t held
294.6206	DATA	Keypress: v
294.9211	DATA	Keypress:v held
295.3726	DATA	Keypress: v
295.9238	DATA	Keypress:v held
295.9238	DATA	earn v
300.3362	DATA	Keypress: v
300.3526	DATA	Keypress:v held
301.3724	DATA	Keypress: v
301.3887	DATA	Keypress:v held
302.4754	DATA	Keypress: v
302.4918	DATA	Keypress:v held
303.9293	DATA	Keypress: t
303.9457	DATA	Keypress:t held
304.6813	DATA	Keypress: t
304.9485	DATA	Keypress:t held
305.6172	DATA	Keypress: t
305.9512	DATA	Keypress:t held
306.7275	DATA	start rating L
321.4329	DATA	Keypress: v
321.6492	DATA	Keypress: v
321.8332	DATA	Keypress: v
322.5852	DATA	Keypress: t
322.7689	DATA	Keypress: t
322.9368	DATA	Keypress: t
323.1200	DATA	Keypress: t
323.3037	DATA	Keypress: t
323.4708	DATA	Keypress: t
323.6718	DATA	Keypress: t
324.1896	DATA	Keypress: v
324.3568	DATA	Keypress: v
324.5406	DATA	Keypress: v
326.8472	DATA	Keypress: t
332.6127	DATA	Keypress: v
332.9470	DATA	Keypress: v
333.5319	DATA	Keypress: v
335.9717	DATA	Keypress: return
335.9719	DATA	RatingScale rateL_scale: (key response) rating=6
335.9720	DATA	RatingScale rateL_scale: rating RT=29.244
335.9723	DATA	6.0
335.9723	DATA	end rating L
335.9776	DATA	start rating R
343.9101	DATA	Keypress: return
343.9103	DATA	RatingScale rateR_scale: (key response) rating=4
343.9104	DATA	RatingScale rateR_scale: rating RT=7.933
343.9107	DATA	4.0
343.9116	DATA	end rating R
348.4675	DATA	Keypress: t
348.4840	DATA	Keypress:t held
348.9358	DATA	Keypress: t
349.4034	DATA	Keypress: t
349.4867	DATA	Keypress:t held
349.9049	DATA	Keypress: t
350.3394	DATA	Keypress: t
350.4895	DATA	Keypress:t held
350.8073	DATA	Keypress: t
351.3253	DATA	Keypress: t
351.4922	DATA	Keypress:t held
351.7765	DATA	Keypress: t
352.4949	DATA	Keypress:t held
352.8295	DATA	Keypress: v
353.4977	DATA	Keypress:v held
353.4977	DATA	earn v
353.6319	DATA	Keypress: v
364.8124	DATA	Keypress: v
364.8287	DATA	Keypress:v held
365.7649	DATA	Keypress: v
365.8314	DATA	Keypress:v held
366.7675	DATA	Keypress: v
366.8341	DATA	Keypress:v held
367.6366	DATA	Keypress: v
367.8369	DATA	Keypress:v held
369.4750	DATA	Keypress: v
369.4913	DATA	Keypress:v held
370.5278	DATA	Keypress: t
370.5443	DATA	Keypress:t held
371.4637	DATA	Keypress: t
371.5470	DATA	Keypress:t held
371.5470	DATA	earn t
379.3352	DATA	Keypress: v
379.3516	DATA	Keypress:v held
379.3517	DATA	earn v
382.6443	DATA	Keypress: v
382.6607	DATA	Keypress:v held
383.3462	DATA	Keypress: v
383.6634	DATA	Keypress:v held
384.3321	DATA	Keypress: t
384.6661	DATA	Keypress:t held
385.1010	DATA	Keypress: t
385.6689	DATA	Keypress:t held
386.1037	DATA	Keypress: v
386.6716	DATA	Keypress:v held
386.8056	DATA	Keypress: v
387.6744	DATA	Keypress:v held
388.2762	DATA	Keypress: v
388.6771	DATA	Keypress:v held
388.9113	DATA	Keypress: v
389.6798	DATA	Keypress:v held
390.5324	DATA	Keypress: t
390.6826	DATA	Keypress:t held
391.0506	DATA	Keypress: t
391.6188	DATA	Keypress: t
391.6853	DATA	Keypress:t held
391.6854	DATA	earn t
394.5936	DATA	Keypress: t
394.6100	DATA	Keypress:t held
395.1284	DATA	Keypress: t
395.6127	DATA	Keypress:t held
395.7800	DATA	Keypress: t
396.6154	DATA	Keypress:t held
396.8497	DATA	Keypress: v
397.5516	DATA	Keypress: v
397.6182	DATA	Keypress:v held
398.4707	DATA	Keypress: t
398.6209	DATA	Keypress:t held
399.3232	DATA	Keypress: t
399.6237	DATA	Keypress:t held
400.4093	DATA	Keypress: t
400.6264	DATA	Keypress:t held
402.0640	DATA	Keypress: v
402.0804	DATA	Keypress:v held
402.7492	DATA	Keypress: v
403.0831	DATA	Keypress:v held
403.6684	DATA	Keypress: v
404.1077	DATA	start rating L
410.9433	DATA	Keypress: return
410.9435	DATA	RatingScale rateL_scale: (key response) rating=4
410.9436	DATA	RatingScale rateL_scale: rating RT=6.836
410.9439	DATA	4.0
410.9439	DATA	end rating L
410.9488	DATA	start rating R
413.0491	DATA	Keypress: v
413.4837	DATA	Keypress: v
414.7202	DATA	Keypress: return
414.7204	DATA	RatingScale rateR_scale: (key response) rating=6
414.7205	DATA	RatingScale rateR_scale: rating RT=3.772
414.7208	DATA	6.0
414.7215	DATA	end rating R
420.6146	DATA	Keypress: v
420.6310	DATA	Keypress:v held
421.4000	DATA	Keypress: v
421.6338	DATA	Keypress:v held
422.1187	DATA	Keypress: v
422.6365	DATA	Keypress:v held
422.7873	DATA	Keypress: v
423.5392	DATA	Keypress: v
423.6392	DATA	Keypress:v held
424.2078	DATA	Keypress: v
424.6420	DATA	Keypress:v held
424.9096	DATA	Keypress: v
425.5782	DATA	Keypress: v
425.6447	DATA	Keypress:v held
426.2466	DATA	Keypress: v
426.6474	DATA	Keypress:v held
426.9319	DATA	Keypress: v
427.6502	DATA	Keypress:v held
427.9681	DATA	Keypress: t
428.6530	DATA	Keypress:t held
428.6866	DATA	Keypress: t
429.2715	DATA	Keypress: t
429.6557	DATA	Keypress:t held
429.9402	DATA	Keypress: t
430.5584	DATA	Keypress: t
430.6584	DATA	Keypress:t held
431.1434	DATA	Keypress: t
431.6612	DATA	Keypress:t held
431.7283	DATA	Keypress: t
432.4301	DATA	Keypress: t
432.6639	DATA	Keypress:t held
433.6670	DATA	Keypress: v
433.6833	DATA	Keypress:v held
434.3855	DATA	Keypress: v
434.6861	DATA	Keypress:v held
434.9872	DATA	Keypress: v
435.6056	DATA	Keypress: v
435.6888	DATA	Keypress:v held
436.1904	DATA	Keypress: v
436.6916	DATA	Keypress:v held
437.2934	DATA	Keypress: t
437.6943	DATA	Keypress:t held
437.8621	DATA	Keypress: t
438.4800	DATA	Keypress: t
438.6971	DATA	Keypress:t held
439.1152	DATA	Keypress: t
439.6998	DATA	Keypress:t held
439.7334	DATA	Keypress: t
440.3020	DATA	Keypress: t
440.7025	DATA	Keypress:t held
440.9701	DATA	Keypress: t
441.6220	DATA	Keypress: t
441.7052	DATA	Keypress:t held
442.3406	DATA	Keypress: t
442.7080	DATA	Keypress:t held
442.7080	DATA	earn t
443.0426	DATA	Keypress: t
446.0173	DATA	Keypress: v
446.0338	DATA	Keypress:v held
446.0338	DATA	earn v
448.1566	DATA	Keypress: v
448.1729	DATA	Keypress:v held
448.7582	DATA	Keypress: v
449.1756	DATA	Keypress:v held
449.1756	DATA	earn v
449.3100	DATA	Keypress: v
450.7803	DATA	Keypress: v
451.2814	DATA	Keypress:v held
451.3318	DATA	Keypress: v
451.8332	DATA	Keypress: v
452.2841	DATA	Keypress:v held
452.3679	DATA	Keypress: v
452.8860	DATA	Keypress: v
453.2869	DATA	Keypress:v held
453.4878	DATA	Keypress: v
454.2896	DATA	Keypress:v held
454.3735	DATA	Keypress: t
454.8080	DATA	Keypress: t
455.2593	DATA	Keypress: t
455.2923	DATA	Keypress:t held
455.6269	DATA	Keypress: t
456.0279	DATA	Keypress: t
456.2950	DATA	Keypress:t held
456.8468	DATA	Keypress: v
457.2978	DATA	Keypress:v held
457.5488	DATA	Keypress: v
458.3005	DATA	Keypress:v held
458.3009	DATA	Keypress: v
458.8357	DATA	Keypress: v
459.3033	DATA	Keypress:v held
459.4373	DATA	Keypress: v
459.9720	DATA	Keypress: v
460.3060	DATA	Keypress:v held
460.5236	DATA	Keypress: v
461.3087	DATA	Keypress:v held
462.0445	DATA	Keypress: v
462.3115	DATA	Keypress:v held
462.6962	DATA	Keypress: v
463.2811	DATA	Keypress: v
463.3143	DATA	Keypress:v held
463.3143	DATA	earn v
468.0942	DATA	Keypress: v
468.1107	DATA	Keypress:v held
468.7794	DATA	Keypress: v
469.1135	DATA	Keypress:v held
469.9159	DATA	Keypress: v
470.1162	DATA	Keypress:v held
470.5676	DATA	Keypress: v
471.1189	DATA	Keypress:v held
471.2028	DATA	Keypress: v
471.8214	DATA	Keypress: v
472.1216	DATA	Keypress:v held
472.4562	DATA	Keypress: v
473.1244	DATA	Keypress:v held
473.1915	DATA	Keypress: v
473.9771	DATA	Keypress: v
474.1272	DATA	Keypress:v held
474.5619	DATA	Keypress: v
474.9508	DATA	start rating L
475.1185	DATA	Keypress: v
480.6670	DATA	Keypress: t
481.0848	DATA	Keypress: t
486.0654	DATA	Keypress: return
486.0656	DATA	RatingScale rateL_scale: (key response) rating=3
486.0657	DATA	RatingScale rateL_scale: rating RT=11.115
486.0660	DATA	3.0
486.0660	DATA	end rating L
486.0710	DATA	start rating R
487.4534	DATA	Keypress: v
489.4410	DATA	Keypress: return
489.4413	DATA	RatingScale rateR_scale: (key response) rating=5
489.4413	DATA	RatingScale rateR_scale: rating RT=3.370
489.4416	DATA	5.0
489.4423	DATA	end rating R
491.4247	DATA	Keypress: v
491.4411	DATA	Keypress:v held
492.1265	DATA	Keypress: v
492.4438	DATA	Keypress:v held
492.7114	DATA	Keypress: v
493.3800	DATA	Keypress: v
493.4466	DATA	Keypress:v held
504.3098	DATA	Keypress: v
504.3263	DATA	Keypress:v held
504.3263	DATA	earn v
506.2653	DATA	Keypress: v
506.4487	DATA	Keypress:v held
506.6162	DATA	Keypress: v
507.0005	DATA	Keypress: v
507.3180	DATA	Keypress: v
507.4514	DATA	Keypress:v held
507.6690	DATA	Keypress: v
508.0868	DATA	Keypress: v
508.4542	DATA	Keypress:v held
508.4542	DATA	earn v
510.4265	DATA	Keypress: v
510.5934	DATA	Keypress:v held
510.7608	DATA	Keypress: v
511.0951	DATA	Keypress: v
511.5295	DATA	Keypress: v
511.5961	DATA	Keypress:v held
511.8637	DATA	Keypress: v
512.2483	DATA	Keypress: v
512.5658	DATA	Keypress: v
512.5989	DATA	Keypress:v held
512.5989	DATA	earn v
512.8498	DATA	Keypress: v
514.4375	DATA	Keypress: v
514.7380	DATA	Keypress:v held
514.8052	DATA	Keypress: v
515.1727	DATA	Keypress: v
515.5237	DATA	Keypress: v
515.7408	DATA	Keypress:v held
515.8580	DATA	Keypress: v
516.2090	DATA	Keypress: v
516.5433	DATA	Keypress: v
516.7435	DATA	Keypress:v held
516.7435	DATA	earn v
516.8609	DATA	Keypress: v
517.2118	DATA	Keypress: v
518.6156	DATA	Keypress: v
518.8827	DATA	Keypress:v held
519.0000	DATA	Keypress: v
519.4178	DATA	Keypress: v
519.7520	DATA	Keypress: v
519.8854	DATA	Keypress:v held
520.1530	DATA	Keypress: v
520.7882	DATA	Keypress: v
520.8882	DATA	Keypress:v held
521.1559	DATA	Keypress: v
521.5068	DATA	Keypress: v
521.8411	DATA	Keypress: v
521.8909	DATA	Keypress:v held
522.1920	DATA	Keypress: v
522.6265	DATA	Keypress: v
522.8936	DATA	Keypress:v held
523.0277	DATA	Keypress: v
523.8633	DATA	Keypress: t
523.8964	DATA	Keypress:t held
523.8964	DATA	earn t
526.9886	DATA	Keypress: v
527.0049	DATA	Keypress:v held
527.5400	DATA	Keypress: v
528.0076	DATA	Keypress:v held
528.0077	DATA	earn v
528.0813	DATA	Keypress: v
535.3112	DATA	Keypress: v
535.3276	DATA	Keypress:v held
535.8126	DATA	Keypress: v
536.2304	DATA	Keypress: v
536.3303	DATA	Keypress:v held
536.6982	DATA	Keypress: v
537.1161	DATA	Keypress: v
537.3331	DATA	Keypress:v held
537.5841	DATA	Keypress: v
538.0686	DATA	Keypress: v
538.3358	DATA	Keypress:v held
538.4530	DATA	Keypress: v
538.9043	DATA	Keypress: v
539.3221	DATA	Keypress: v
539.3385	DATA	Keypress:v held
539.7399	DATA	Keypress: v
540.1910	DATA	Keypress: v
540.3412	DATA	Keypress:v held
540.6257	DATA	Keypress: v
541.3440	DATA	Keypress:v held
541.9460	DATA	Keypress: t
542.3467	DATA	Keypress:t held
542.4473	DATA	Keypress: t
542.9153	DATA	Keypress: t
543.3495	DATA	Keypress:t held
543.3999	DATA	Keypress: t
543.8011	DATA	Keypress: t
544.2189	DATA	Keypress: t
544.3523	DATA	Keypress:t held
544.6868	DATA	Keypress: t
545.1380	DATA	Keypress: t
545.3550	DATA	Keypress:t held
545.6393	DATA	Keypress: t
546.1074	DATA	Keypress: t
546.3577	DATA	Keypress:t held
546.5753	DATA	Keypress: t
547.3605	DATA	Keypress:t held
547.5948	DATA	Keypress: v
548.1128	DATA	Keypress: v
548.3632	DATA	Keypress:v held
549.7074	DATA	start rating L
549.7133	DATA	Keypress: v
553.5497	DATA	Keypress: v
560.2010	DATA	Keypress: t
560.5852	DATA	Keypress: t
560.9529	DATA	Keypress: t
561.5713	DATA	Keypress: t
563.4277	DATA	Keypress: return
563.4430	DATA	RatingScale rateL_scale: (key response) rating=2
563.4430	DATA	RatingScale rateL_scale: rating RT=13.736
563.4433	DATA	2.0
563.4433	DATA	end rating L
563.4485	DATA	start rating R
565.6660	DATA	Keypress: v
566.0839	DATA	Keypress: v
567.3885	DATA	Keypress: return
567.4038	DATA	RatingScale rateR_scale: (key response) rating=6
567.4039	DATA	RatingScale rateR_scale: rating RT=3.955
567.4042	DATA	6.0
567.4048	DATA	end rating R
569.7386	DATA	Keypress: v
569.7549	DATA	Keypress:v held
570.2565	DATA	Keypress: v
570.7412	DATA	Keypress: v
570.7577	DATA	Keypress:v held
570.7577	DATA	earn v
572.5796	DATA	Keypress: v
572.9303	DATA	Keypress:v held
573.0309	DATA	Keypress: v
573.4153	DATA	Keypress: v
573.7997	DATA	Keypress: v
573.9331	DATA	Keypress:v held
573.9331	DATA	earn v
574.2008	DATA	Keypress: v
575.9890	DATA	Keypress: v
576.1057	DATA	Keypress:v held
576.3400	DATA	Keypress: v
576.6909	DATA	Keypress: v
576.9917	DATA	Keypress: v
577.1084	DATA	Keypress:v held
577.3259	DATA	Keypress: v
577.6769	DATA	Keypress: v
577.9944	DATA	Keypress: v
578.1111	DATA	Keypress:v held
578.3287	DATA	Keypress: v
578.6295	DATA	Keypress: v
578.9638	DATA	Keypress: v
579.1139	DATA	Keypress:v held
579.2812	DATA	Keypress: v
579.9498	DATA	Keypress: v
580.1165	DATA	Keypress:v held
580.3842	DATA	Keypress: v
581.1193	DATA	Keypress:v held
581.2867	DATA	Keypress: t
581.7380	DATA	Keypress: t
582.1221	DATA	Keypress:t held
582.1892	DATA	Keypress: t
582.5902	DATA	Keypress: t
582.9746	DATA	Keypress: t
583.1249	DATA	Keypress:t held
583.3423	DATA	Keypress: t
583.7435	DATA	Keypress: t
584.1275	DATA	Keypress:t held
584.3785	DATA	Keypress: v
584.7963	DATA	Keypress: v
585.1303	DATA	Keypress:v held
585.1303	DATA	earn v
585.2044	DATA	Keypress: v
587.0859	DATA	Keypress: v
587.3028	DATA	Keypress:v held
587.3028	DATA	earn v
588.5902	DATA	Keypress: v
589.1415	DATA	Keypress: v
589.5089	DATA	Keypress:v held
589.7097	DATA	Keypress: v
590.0941	DATA	Keypress: v
590.5116	DATA	Keypress:v held
591.4980	DATA	Keypress: t
591.5144	DATA	Keypress:t held
591.8824	DATA	Keypress: t
592.2499	DATA	Keypress: t
592.5171	DATA	Keypress:t held
592.5171	DATA	earn t
592.6512	DATA	Keypress: t
600.7069	DATA	Keypress: v
600.7396	DATA	Keypress:v held
602.9125	DATA	Keypress: v
602.9289	DATA	Keypress:v held
603.2969	DATA	Keypress: v
603.7314	DATA	Keypress: v
603.9316	DATA	Keypress:v held
604.0991	DATA	Keypress: v
604.8348	DATA	Keypress: v
604.9344	DATA	Keypress:v held
605.2187	DATA	Keypress: v
605.9371	DATA	Keypress:v held
605.9371	DATA	earn v
605.9374	DATA	Keypress: v
606.2718	DATA	Keypress: v
612.6055	DATA	Keypress: v
612.6221	DATA	Keypress:v held
613.1738	DATA	Keypress: v
613.6084	DATA	Keypress: v
613.6248	DATA	Keypress:v held
614.4273	DATA	Keypress: v
614.6275	DATA	Keypress:v held
619.0231	DATA	Keypress: v
619.0396	DATA	Keypress:v held
619.5079	DATA	Keypress: v
619.9591	DATA	Keypress: v
620.0423	DATA	Keypress:v held
620.8447	DATA	Keypress: v
621.0450	DATA	Keypress:v held
621.2459	DATA	Keypress: v
622.0478	DATA	Keypress:v held
622.0478	DATA	earn v
622.1222	DATA	Keypress: v
627.7134	DATA	start rating L
628.0530	DATA	Keypress: t
633.1837	DATA	Keypress: return
633.1839	DATA	RatingScale rateL_scale: (key response) rating=3
633.1839	DATA	RatingScale rateL_scale: rating RT=5.470
633.1842	DATA	3.0
633.1842	DATA	end rating L
633.1893	DATA	start rating R
635.2394	DATA	Keypress: v
635.5735	DATA	Keypress: v
639.0832	DATA	Keypress: return
639.0835	DATA	RatingScale rateR_scale: (key response) rating=6
639.0835	DATA	RatingScale rateR_scale: rating RT=5.894
639.0838	DATA	6.0
639.0845	DATA	end rating R
641.8689	DATA	Keypress: v
641.8853	DATA	Keypress:v held
642.3368	DATA	Keypress: v
642.7045	DATA	Keypress: v
642.8881	DATA	Keypress:v held
643.0554	DATA	Keypress: v
643.4064	DATA	Keypress: v
643.7072	DATA	Keypress: v
643.8908	DATA	Keypress:v held
644.0248	DATA	Keypress: v
644.3088	DATA	Keypress: v
644.8935	DATA	Keypress:v held
644.8936	DATA	earn v
644.9686	DATA	Keypress: t
646.8660	DATA	Keypress: v
647.1329	DATA	Keypress:v held
647.3338	DATA	Keypress: v
647.7517	DATA	Keypress: v
648.0691	DATA	Keypress: v
648.1357	DATA	Keypress:v held
648.4034	DATA	Keypress: v
648.7210	DATA	Keypress: v
649.0384	DATA	Keypress: v
649.1385	DATA	Keypress:v held
649.3727	DATA	Keypress: v
649.7069	DATA	Keypress: v
650.0077	DATA	Keypress: v
650.1412	DATA	Keypress:v held
650.3755	DATA	Keypress: v
651.1439	DATA	Keypress:v held
651.1439	DATA	earn v
653.5842	DATA	Keypress: v
653.6006	DATA	Keypress:v held
654.0020	DATA	Keypress: v
654.3529	DATA	Keypress: v
654.6034	DATA	Keypress:v held
654.6371	DATA	Keypress: v
654.9546	DATA	Keypress: v
655.2554	DATA	Keypress: v
655.6061	DATA	Keypress:v held
655.6231	DATA	Keypress: v
656.1746	DATA	Keypress: v
656.5423	DATA	Keypress: v
656.6088	DATA	Keypress:v held
656.9099	DATA	Keypress: v
657.2441	DATA	Keypress: v
657.5952	DATA	Keypress: v
657.6116	DATA	Keypress:v held
657.9461	DATA	Keypress: v
658.2136	DATA	Keypress: v
658.5644	DATA	Keypress: v
658.6143	DATA	Keypress:v held
659.1495	DATA	Keypress: t
659.5504	DATA	Keypress: t
659.6171	DATA	Keypress:t held
659.6171	DATA	earn t
661.7901	DATA	Keypress: v
661.8398	DATA	Keypress:v held
662.1744	DATA	Keypress: v
662.5921	DATA	Keypress: v
662.8426	DATA	Keypress:v held
662.9599	DATA	Keypress: v
663.3275	DATA	Keypress: v
663.6617	DATA	Keypress: v
663.8453	DATA	Keypress:v held
664.0460	DATA	Keypress: v
664.4138	DATA	Keypress: v
664.7648	DATA	Keypress: v
664.8480	DATA	Keypress:v held
665.1658	DATA	Keypress: v
665.5168	DATA	Keypress: v
665.8507	DATA	Keypress:v held
665.9347	DATA	Keypress: v
666.8535	DATA	Keypress:v held
669.0765	DATA	Keypress: t
669.0930	DATA	Keypress:t held
669.5111	DATA	Keypress: t
669.9456	DATA	Keypress: t
670.0957	DATA	Keypress:t held
670.0957	DATA	earn t
670.2966	DATA	Keypress: t
672.3856	DATA	Keypress: t
672.4019	DATA	Keypress:t held
672.4020	DATA	earn t
672.8368	DATA	Keypress: t
674.4747	DATA	Keypress: t
674.6247	DATA	Keypress:t held
674.8256	DATA	Keypress: t
675.2266	DATA	Keypress: t
675.5944	DATA	Keypress: t
675.6274	DATA	Keypress:t held
675.9454	DATA	Keypress: t
676.3130	DATA	Keypress: t
676.6302	DATA	Keypress:t held
676.6472	DATA	Keypress: t
677.0985	DATA	Keypress: t
677.6329	DATA	Keypress:t held
677.7503	DATA	Keypress: v
678.4688	DATA	Keypress: v
678.6357	DATA	Keypress:v held
678.9534	DATA	Keypress: v
679.4380	DATA	Keypress: v
679.6384	DATA	Keypress:v held
679.8558	DATA	Keypress: v
680.2404	DATA	Keypress: v
680.6412	DATA	Keypress:v held
681.0592	DATA	Keypress: t
681.4937	DATA	Keypress: t
681.6438	DATA	Keypress:t held
681.9617	DATA	Keypress: t
682.4463	DATA	Keypress: t
682.6466	DATA	Keypress:t held
682.8811	DATA	Keypress: t
683.6494	DATA	Keypress:t held
683.7165	DATA	Keypress: t
684.1845	DATA	Keypress: t
684.5688	DATA	Keypress: t
684.6521	DATA	Keypress:t held
685.0033	DATA	Keypress: t
685.3877	DATA	Keypress: t
685.6549	DATA	Keypress:t held
685.8892	DATA	Keypress: t
686.6576	DATA	Keypress:t held
686.7248	DATA	Keypress: t
687.0923	DATA	Keypress: t
687.5770	DATA	Keypress: t
687.6603	DATA	Keypress:t held
687.9614	DATA	Keypress: t
688.3959	DATA	Keypress: t
688.6631	DATA	Keypress:t held
688.8473	DATA	Keypress: t
689.2650	DATA	Keypress: t
689.6657	DATA	Keypress:t held
689.6658	DATA	earn t
689.7328	DATA	Keypress: t
691.7217	DATA	Keypress: v
691.9052	DATA	Keypress:v held
698.0055	DATA	Keypress: v
698.0220	DATA	Keypress:v held
698.4067	DATA	Keypress: v
699.0247	DATA	Keypress:v held
699.4639	DATA	start rating L
699.6151	DATA	Keypress: v
706.8851	DATA	Keypress: v
710.2610	DATA	Keypress: return
710.2612	DATA	RatingScale rateL_scale: (key response) rating=6
710.2613	DATA	RatingScale rateL_scale: rating RT=10.797
710.2616	DATA	6.0
710.2616	DATA	end rating L
710.2666	DATA	start rating R
714.3722	DATA	Keypress: v
716.2774	DATA	Keypress: t
716.7620	DATA	Keypress: t
716.9792	DATA	Keypress: t
717.6309	DATA	Keypress: v
718.7009	DATA	Keypress: return
718.7012	DATA	RatingScale rateR_scale: (key response) rating=3
718.7012	DATA	RatingScale rateR_scale: rating RT=8.435
718.7015	DATA	3.0
718.7022	DATA	end rating R
