10.1275	DATA	version F
187.9385	DATA	Keypress: t
188.2735	DATA	Keypress: t
188.6620	DATA	Keypress: v
190.6718	DATA	Keypress: t
190.8907	DATA	Keypress: t
191.2116	DATA	Keypress: t
191.5492	DATA	Keypress: t
216.7596	DATA	Keypress: space
218.9209	DATA	Keypress: t
218.9541	DATA	Keypress: t held
219.5798	DATA	Keypress: t
220.3224	DATA	Keypress: t
220.3556	DATA	Keypress: t held
221.5554	DATA	Keypress: v
221.5883	DATA	Keypress: v held
222.1125	DATA	Keypress: v
222.6014	DATA	Keypress: v held
223.2942	DATA	Keypress: v
223.7671	DATA	Keypress: v
223.8002	DATA	Keypress: v held
224.2061	DATA	Keypress: v
224.6959	DATA	Keypress: v
224.8133	DATA	Keypress: v held
225.1518	DATA	Keypress: v
225.6245	DATA	Keypress: v
226.1140	DATA	Keypress: v
226.1473	DATA	Keypress: v held
226.4856	DATA	Keypress: v
226.9583	DATA	Keypress: t
227.1603	DATA	Keypress: t held
227.3299	DATA	Keypress: t
227.7014	DATA	Keypress: t
228.0052	DATA	Keypress: t
228.1735	DATA	Keypress: t held
228.3768	DATA	Keypress: t
228.8159	DATA	Keypress: t
229.3053	DATA	Keypress: t
229.3385	DATA	Keypress: t held
229.7615	DATA	Keypress: t
230.1325	DATA	Keypress: t
230.3693	DATA	Keypress: t
230.4024	DATA	Keypress: t held
230.6225	DATA	Keypress: t
230.8423	DATA	Keypress: t
231.0449	DATA	Keypress: t
231.2643	DATA	Keypress: t
231.6865	DATA	Keypress: t
231.7195	DATA	Keypress: t held
232.0412	DATA	Keypress: t
232.4293	DATA	Keypress: t
232.8513	DATA	Keypress: t
232.8845	DATA	Keypress: t held
233.2737	DATA	Keypress: t
233.7631	DATA	Keypress: t
233.8977	DATA	Keypress: t held
234.2026	DATA	Keypress: t
234.6751	DATA	Keypress: t
235.7727	DATA	Keypress: v
235.8058	DATA	Keypress: v held
236.1104	DATA	Keypress: v
236.4480	DATA	Keypress: v
236.7351	DATA	Keypress: v
236.8189	DATA	Keypress: v held
237.0896	DATA	Keypress: v
237.3939	DATA	Keypress: v
237.7484	DATA	Keypress: v
237.8320	DATA	Keypress: v held
238.0861	DATA	Keypress: v
238.6430	DATA	Keypress: v
239.4370	DATA	Keypress: v
239.4699	DATA	Keypress: v held
239.7914	DATA	Keypress: v
240.8056	DATA	Keypress: t
240.8376	DATA	Keypress: t held
241.3954	DATA	Keypress: t
241.9189	DATA	Keypress: t
241.9520	DATA	Keypress: t held
241.9521	DATA	earn t
242.2566	DATA	Keypress: t
243.9792	DATA	Keypress: t
244.0120	DATA	Keypress: t held
244.5021	DATA	Keypress: t
244.9252	DATA	Keypress: t
245.0252	DATA	Keypress: t held
245.4482	DATA	Keypress: v
245.8367	DATA	Keypress: v
246.1237	DATA	Keypress: t
246.1565	DATA	Keypress: t held
246.3936	DATA	Keypress: t
246.6640	DATA	Keypress: t
246.9674	DATA	Keypress: t
247.2547	DATA	Keypress: t
247.2878	DATA	Keypress: t held
247.5256	DATA	Keypress: t
248.0485	DATA	Keypress: t
248.5718	DATA	Keypress: v
248.6049	DATA	Keypress: v held
249.0617	DATA	Keypress: t
249.6187	DATA	Keypress: v
249.6518	DATA	Keypress: v held
249.9902	DATA	Keypress: v
250.4629	DATA	Keypress: t
250.9189	DATA	Keypress: t
250.9518	DATA	Keypress: t held
251.5096	DATA	Keypress: t
252.0335	DATA	Keypress: t
252.0664	DATA	Keypress: t held
252.7090	DATA	Keypress: v
253.5529	DATA	Keypress: v
253.5860	DATA	Keypress: v held
254.0429	DATA	Keypress: v
254.5997	DATA	Keypress: v
254.6330	DATA	Keypress: v held
255.6130	DATA	Keypress: v
255.6461	DATA	Keypress: v held
256.5586	DATA	Keypress: x
257.7407	DATA	Keypress: t
257.7736	DATA	Keypress: t held
258.3821	DATA	Keypress: t
258.9740	DATA	Keypress: t
259.0061	DATA	Keypress: t held
259.6320	DATA	Keypress: t
260.7125	DATA	Keypress: v
260.7454	DATA	Keypress: v held
261.2702	DATA	Keypress: v
261.9622	DATA	Keypress: v
261.9950	DATA	Keypress: v held
262.5023	DATA	Keypress: v
263.0086	DATA	Keypress: v
263.0419	DATA	Keypress: v held
263.5156	DATA	Keypress: v
263.9544	DATA	Keypress: v
264.0550	DATA	Keypress: v held
264.3595	DATA	Keypress: v
264.7312	DATA	Keypress: v
265.1194	DATA	Keypress: v
265.1525	DATA	Keypress: v held
265.5078	DATA	Keypress: v
265.8627	DATA	Keypress: v
266.2844	DATA	Keypress: v
266.3175	DATA	Keypress: v held
266.6389	DATA	Keypress: v
267.0106	DATA	Keypress: v
267.3830	DATA	Keypress: v
267.4152	DATA	Keypress: v held
267.7534	DATA	Keypress: v
268.1431	DATA	Keypress: v
268.5302	DATA	Keypress: v
268.5634	DATA	Keypress: v held
268.5635	DATA	earn v
270.2358	DATA	Keypress: v
271.0968	DATA	Keypress: v
271.1298	DATA	Keypress: v held
271.1299	DATA	earn v
272.0933	DATA	Keypress: v
272.3799	DATA	Keypress: v
272.6504	DATA	Keypress: v
272.9206	DATA	Keypress: v
273.2077	DATA	Keypress: v
273.2406	DATA	Keypress: v held
273.4778	DATA	Keypress: v
273.7819	DATA	Keypress: v
274.0687	DATA	Keypress: v
274.3219	DATA	Keypress: v
274.3550	DATA	Keypress: v held
274.5921	DATA	Keypress: v
274.8634	DATA	Keypress: v
275.1497	DATA	Keypress: v
275.9768	DATA	Keypress: t
276.0099	DATA	Keypress: t held
276.4832	DATA	Keypress: v
276.9128	DATA	start rating L
276.9314	DATA	Keypress: v
277.0802	DATA	Keypress: v
281.6731	DATA	Keypress: t
282.0155	DATA	Keypress: t
282.9588	DATA	Keypress: t
284.4423	DATA	Keypress: t
285.6918	DATA	Keypress: x
285.6920	DATA	RatingScale rateA_scale: (key response) rating=3
285.6921	DATA	RatingScale rateA_scale: rating RT=8.779
285.6926	DATA	3.0
285.6926	DATA	end rating L
285.6989	DATA	start rating R
288.4948	DATA	Keypress: v
290.7585	DATA	Keypress: x
290.7592	DATA	RatingScale rateB_scale: (key response) rating=5
290.7593	DATA	RatingScale rateB_scale: rating RT=5.060
290.7603	DATA	5.0
290.7603	DATA	end rating R
293.5210	DATA	Keypress: t
293.5538	DATA	Keypress: t held
293.9091	DATA	Keypress: t
294.3819	DATA	Keypress: t
294.5668	DATA	Keypress: t held
294.8549	DATA	Keypress: t
295.6483	DATA	Keypress: t
295.6813	DATA	Keypress: t held
296.1376	DATA	Keypress: t
296.5602	DATA	Keypress: t
296.6945	DATA	Keypress: t held
296.9485	DATA	Keypress: t
297.3372	DATA	Keypress: t
297.7760	DATA	Keypress: t
297.8087	DATA	Keypress: t held
298.4514	DATA	Keypress: v
298.8736	DATA	Keypress: v
298.9065	DATA	Keypress: v held
299.3296	DATA	Keypress: v
299.8360	DATA	Keypress: v
299.9196	DATA	Keypress: v held
301.6087	DATA	Keypress: v
301.6419	DATA	Keypress: v held
301.6419	DATA	earn v
302.0650	DATA	Keypress: v
303.5676	DATA	Keypress: v
303.6682	DATA	Keypress: v held
303.9561	DATA	Keypress: v
304.3106	DATA	Keypress: v
304.6651	DATA	Keypress: v
304.6982	DATA	Keypress: v held
305.1039	DATA	Keypress: v
305.4417	DATA	Keypress: v
305.8133	DATA	Keypress: v
305.8463	DATA	Keypress: v held
306.1850	DATA	Keypress: v
306.5394	DATA	Keypress: v
306.9277	DATA	Keypress: v
306.9608	DATA	Keypress: v held
307.2989	DATA	Keypress: t
307.6877	DATA	Keypress: t
308.0926	DATA	Keypress: t
308.1258	DATA	Keypress: t held
308.4812	DATA	Keypress: t
308.8356	DATA	Keypress: t
309.2239	DATA	Keypress: t
309.2571	DATA	Keypress: t held
309.6630	DATA	Keypress: t
310.0349	DATA	Keypress: t
310.2703	DATA	Keypress: t held
310.4568	DATA	Keypress: t
310.8282	DATA	Keypress: t
311.1320	DATA	Keypress: v
311.2834	DATA	Keypress: v held
311.5374	DATA	Keypress: v
311.8749	DATA	Keypress: v
312.2468	DATA	Keypress: v
312.2965	DATA	Keypress: v held
312.2966	DATA	earn v
312.5856	DATA	Keypress: v
313.0236	DATA	Keypress: v
313.4119	DATA	Keypress: v
313.8003	DATA	Keypress: v
314.1882	DATA	Keypress: v
314.3228	DATA	Keypress: v held
314.5934	DATA	Keypress: v
314.9482	DATA	Keypress: v
315.2354	DATA	Keypress: v
315.3360	DATA	Keypress: v held
315.4884	DATA	Keypress: v
315.7247	DATA	Keypress: v
315.9457	DATA	Keypress: v
316.1811	DATA	Keypress: v
316.4340	DATA	Keypress: v
316.4673	DATA	Keypress: v held
316.6537	DATA	Keypress: v
316.8904	DATA	Keypress: v
317.1432	DATA	Keypress: v
317.3799	DATA	Keypress: v
317.4804	DATA	Keypress: v held
317.4804	DATA	earn v
317.6164	DATA	Keypress: v
318.1227	DATA	Keypress: v
318.3252	DATA	Keypress: v
318.5282	DATA	Keypress: v
318.7642	DATA	Keypress: v
318.9333	DATA	Keypress: v
319.1695	DATA	Keypress: v
319.3723	DATA	Keypress: v
319.5751	DATA	Keypress: v
319.6080	DATA	Keypress: v held
319.7779	DATA	Keypress: v
319.9803	DATA	Keypress: v
320.1830	DATA	Keypress: v
320.3856	DATA	Keypress: v
320.5712	DATA	Keypress: v
320.6211	DATA	Keypress: v held
320.9592	DATA	Keypress: v
321.1455	DATA	Keypress: v
321.3649	DATA	Keypress: v
321.5676	DATA	Keypress: v
321.6342	DATA	Keypress: v held
321.7701	DATA	Keypress: v
321.9555	DATA	Keypress: v
322.1583	DATA	Keypress: v
322.3608	DATA	Keypress: v
322.5636	DATA	Keypress: v
322.6474	DATA	Keypress: v held
322.7492	DATA	Keypress: v
322.9855	DATA	Keypress: v
323.1886	DATA	Keypress: v
323.4249	DATA	Keypress: v
323.6273	DATA	Keypress: v
323.6605	DATA	Keypress: v held
323.6606	DATA	earn v
323.8130	DATA	Keypress: v
324.2017	DATA	Keypress: v
324.3539	DATA	Keypress: v
324.5393	DATA	Keypress: v
324.7079	DATA	Keypress: v
325.1142	DATA	Keypress: v
325.2989	DATA	Keypress: v
325.5017	DATA	Keypress: v
325.6875	DATA	Keypress: v
325.7205	DATA	Keypress: v held
325.8734	DATA	Keypress: v
326.0586	DATA	Keypress: v
326.2614	DATA	Keypress: v
326.4641	DATA	Keypress: v
326.6666	DATA	Keypress: v
326.7336	DATA	Keypress: v held
326.8693	DATA	Keypress: v
327.0892	DATA	Keypress: v
327.2743	DATA	Keypress: v
327.4771	DATA	Keypress: v
327.6970	DATA	Keypress: v
327.7468	DATA	Keypress: v held
327.9161	DATA	Keypress: v
328.1525	DATA	Keypress: v
328.3386	DATA	Keypress: v
328.5411	DATA	Keypress: v
328.7609	DATA	Keypress: v
328.7936	DATA	Keypress: v held
328.7937	DATA	earn v
328.9798	DATA	Keypress: v
329.1826	DATA	Keypress: v
329.3344	DATA	Keypress: v
329.5203	DATA	Keypress: v
329.7228	DATA	Keypress: v
329.9932	DATA	Keypress: v
330.3478	DATA	Keypress: v
330.5336	DATA	Keypress: v
330.7531	DATA	Keypress: v
330.8199	DATA	Keypress: v held
330.9725	DATA	Keypress: v
331.1582	DATA	Keypress: v
331.3269	DATA	Keypress: v
331.5465	DATA	Keypress: v
331.7494	DATA	Keypress: v
331.8329	DATA	Keypress: v held
332.0196	DATA	Keypress: v
332.2729	DATA	Keypress: v
332.4753	DATA	Keypress: v
332.6947	DATA	Keypress: v
332.9143	DATA	Keypress: v
332.9474	DATA	Keypress: v held
332.9474	DATA	earn v
333.1002	DATA	Keypress: v
333.4715	DATA	Keypress: v
333.7250	DATA	Keypress: v
333.9274	DATA	Keypress: v
334.1302	DATA	Keypress: v
334.2827	DATA	Keypress: v
334.4510	DATA	Keypress: v
334.6366	DATA	Keypress: v
334.8390	DATA	Keypress: v
334.9737	DATA	Keypress: v held
335.0420	DATA	Keypress: v
335.2107	DATA	Keypress: v
335.4137	DATA	Keypress: v
335.6332	DATA	Keypress: v
335.8189	DATA	Keypress: v
336.0213	DATA	Keypress: v
336.0544	DATA	Keypress: v held
336.2238	DATA	Keypress: v
336.4109	DATA	Keypress: v
336.6293	DATA	Keypress: v
336.8151	DATA	Keypress: v
337.0174	DATA	Keypress: v
337.0675	DATA	Keypress: v held
337.0675	DATA	earn v
337.3889	DATA	Keypress: v
337.5410	DATA	Keypress: v
337.7771	DATA	Keypress: v
338.0307	DATA	Keypress: v
338.2164	DATA	Keypress: v
338.4361	DATA	Keypress: v
338.6556	DATA	Keypress: v
338.8916	DATA	Keypress: v
339.0942	DATA	Keypress: v
339.1274	DATA	Keypress: v held
339.3152	DATA	Keypress: v
339.5334	DATA	Keypress: v
339.7362	DATA	Keypress: v
339.9554	DATA	Keypress: v
340.1753	DATA	Keypress: v
340.2081	DATA	Keypress: v held
340.3948	DATA	Keypress: v
340.6481	DATA	Keypress: v
340.8504	DATA	Keypress: v
341.0870	DATA	Keypress: v
341.3235	DATA	Keypress: v
341.3564	DATA	Keypress: v held
341.5597	DATA	Keypress: v
341.7961	DATA	Keypress: v
342.2192	DATA	Keypress: v
342.4208	DATA	Keypress: v
342.4538	DATA	Keypress: v held
342.6740	DATA	Keypress: v
342.8938	DATA	Keypress: v
343.1300	DATA	Keypress: v
343.3327	DATA	Keypress: v
343.5520	DATA	Keypress: v
343.5852	DATA	Keypress: v held
343.8056	DATA	Keypress: v
344.0418	DATA	Keypress: v
344.2613	DATA	Keypress: v
344.4975	DATA	Keypress: v
344.5983	DATA	Keypress: v held
344.5983	DATA	earn v
344.7340	DATA	Keypress: v
344.9704	DATA	Keypress: v
345.1898	DATA	Keypress: v
345.3758	DATA	Keypress: v
345.5951	DATA	Keypress: v
345.7810	DATA	Keypress: v
346.0173	DATA	Keypress: v
346.2371	DATA	Keypress: v
346.4396	DATA	Keypress: v
346.6591	DATA	Keypress: v
346.6921	DATA	Keypress: v held
346.6922	DATA	earn v
346.8787	DATA	Keypress: v
347.1487	DATA	Keypress: v
347.4020	DATA	Keypress: v
347.6215	DATA	Keypress: v
347.8412	DATA	Keypress: v
348.0942	DATA	Keypress: v
348.3141	DATA	Keypress: v
348.5165	DATA	Keypress: v
348.7189	DATA	Keypress: v
348.7522	DATA	Keypress: v held
348.9384	DATA	Keypress: v
349.1411	DATA	Keypress: v
349.3607	DATA	Keypress: v
349.5634	DATA	Keypress: v
349.7831	DATA	Keypress: v
349.8159	DATA	Keypress: v held
350.0197	DATA	Keypress: v
350.3231	DATA	Keypress: v
350.5256	DATA	Keypress: v
350.7282	DATA	Keypress: v
350.8818	DATA	start rating L
350.9415	DATA	Keypress: v
351.1435	DATA	Keypress: v
352.6255	DATA	Keypress: t
352.8847	DATA	Keypress: t
353.5413	DATA	Keypress: t
353.7400	DATA	Keypress: t
353.9647	DATA	Keypress: t
354.1321	DATA	Keypress: t
355.6320	DATA	Keypress: x
355.6323	DATA	RatingScale rateA_scale: (key response) rating=1
355.6324	DATA	RatingScale rateA_scale: rating RT=4.751
355.6328	DATA	1.0
355.6328	DATA	end rating L
355.6391	DATA	start rating R
356.6105	DATA	Keypress: v
356.8003	DATA	Keypress: v
356.9988	DATA	Keypress: v
357.7249	DATA	Keypress: x
357.7251	DATA	RatingScale rateB_scale: (key response) rating=7
357.7252	DATA	RatingScale rateB_scale: rating RT=2.086
357.7256	DATA	7.0
357.7256	DATA	end rating R
358.6982	DATA	Keypress: v
358.7314	DATA	Keypress: v held
358.8841	DATA	Keypress: v
359.0869	DATA	Keypress: v
359.3065	DATA	Keypress: v
359.5091	DATA	Keypress: v
359.6946	DATA	Keypress: v
359.7446	DATA	Keypress: v held
359.8805	DATA	Keypress: v
360.0494	DATA	Keypress: v
360.3193	DATA	Keypress: v
360.5051	DATA	Keypress: v
360.6906	DATA	Keypress: v
360.7577	DATA	Keypress: v held
360.7577	DATA	earn v
360.8764	DATA	Keypress: v
361.0790	DATA	Keypress: v
361.3003	DATA	Keypress: v
361.5016	DATA	Keypress: v
361.6871	DATA	Keypress: v
361.8895	DATA	Keypress: v
362.0762	DATA	Keypress: v
362.3118	DATA	Keypress: v
362.5145	DATA	Keypress: v
362.7340	DATA	Keypress: v
362.7838	DATA	Keypress: v held
362.7838	DATA	earn v
362.9365	DATA	Keypress: v
363.1404	DATA	Keypress: v
363.3758	DATA	Keypress: v
363.5785	DATA	Keypress: v
363.7810	DATA	Keypress: v
364.0003	DATA	Keypress: v
364.2204	DATA	Keypress: v
364.4565	DATA	Keypress: v
364.8447	DATA	Keypress: v
364.8776	DATA	Keypress: v held
365.0812	DATA	Keypress: v
365.3003	DATA	Keypress: v
365.5204	DATA	Keypress: v
365.7061	DATA	Keypress: v
365.9087	DATA	Keypress: v
365.9415	DATA	Keypress: v held
366.1446	DATA	Keypress: v
366.3307	DATA	Keypress: v
366.5840	DATA	Keypress: v
366.8201	DATA	Keypress: v
366.9891	DATA	Keypress: v
367.0221	DATA	Keypress: v held
367.3774	DATA	Keypress: v
367.5633	DATA	Keypress: v
367.7493	DATA	Keypress: v
367.9349	DATA	Keypress: v
368.0353	DATA	Keypress: v held
368.0353	DATA	earn v
368.1324	DATA	Keypress: v
368.2894	DATA	Keypress: v
368.5086	DATA	Keypress: v
368.6776	DATA	Keypress: v
368.8804	DATA	Keypress: v
369.0526	DATA	Keypress: v
369.2515	DATA	Keypress: v
369.4541	DATA	Keypress: v
369.6572	DATA	Keypress: v
369.8428	DATA	Keypress: v
370.0285	DATA	Keypress: v
370.0615	DATA	Keypress: v held
370.2140	DATA	Keypress: v
370.4169	DATA	Keypress: v
370.5857	DATA	Keypress: v
370.7714	DATA	Keypress: v
370.9574	DATA	Keypress: v
371.1427	DATA	Keypress: v
371.1759	DATA	Keypress: v held
371.1759	DATA	earn v
371.3282	DATA	Keypress: v
371.5144	DATA	Keypress: v
371.6830	DATA	Keypress: v
371.8856	DATA	Keypress: v
372.0547	DATA	Keypress: v
372.2573	DATA	Keypress: v
372.4431	DATA	Keypress: v
372.6292	DATA	Keypress: v
372.8142	DATA	Keypress: v
373.0171	DATA	Keypress: v
373.2199	DATA	Keypress: v
373.2528	DATA	Keypress: v held
373.4222	DATA	Keypress: v
373.6081	DATA	Keypress: v
373.8109	DATA	Keypress: v
373.9977	DATA	Keypress: v
374.2161	DATA	Keypress: v
374.2659	DATA	Keypress: v held
374.4020	DATA	Keypress: v
374.6043	DATA	Keypress: v
374.8241	DATA	Keypress: v
375.0268	DATA	Keypress: v
375.2289	DATA	Keypress: v
375.2791	DATA	Keypress: v held
375.4316	DATA	Keypress: v
375.6174	DATA	Keypress: v
375.8370	DATA	Keypress: v
376.0566	DATA	Keypress: v
376.2424	DATA	Keypress: v
376.2922	DATA	Keypress: v held
376.4617	DATA	Keypress: v
376.6811	DATA	Keypress: v
376.8842	DATA	Keypress: v
377.1370	DATA	Keypress: v
377.3229	DATA	Keypress: v
377.3559	DATA	Keypress: v held
377.5427	DATA	Keypress: v
377.7282	DATA	Keypress: v
377.9644	DATA	Keypress: v
378.1175	DATA	Keypress: v
378.3701	DATA	Keypress: v
378.4029	DATA	Keypress: v held
378.5388	DATA	Keypress: v
378.7415	DATA	Keypress: v
378.9606	DATA	Keypress: v
379.1972	DATA	Keypress: v
379.3491	DATA	Keypress: v
379.4160	DATA	Keypress: v held
379.5685	DATA	Keypress: v
379.8895	DATA	Keypress: v
380.1092	DATA	Keypress: v
380.3119	DATA	Keypress: v
380.6999	DATA	Keypress: v
380.7331	DATA	Keypress: v held
380.8695	DATA	Keypress: v
381.0881	DATA	Keypress: v
381.3258	DATA	Keypress: v
381.4939	DATA	Keypress: v
381.7134	DATA	Keypress: v
381.7463	DATA	Keypress: v held
381.9156	DATA	Keypress: v
382.1354	DATA	Keypress: v
382.5416	DATA	Keypress: v
382.7599	DATA	Keypress: v
382.7930	DATA	Keypress: v held
382.9975	DATA	Keypress: v
383.8237	DATA	Keypress: v
383.8568	DATA	Keypress: v held
384.0938	DATA	Keypress: v
384.4824	DATA	Keypress: v
384.9046	DATA	Keypress: t
384.9376	DATA	Keypress: t held
385.2422	DATA	Keypress: t
385.6472	DATA	Keypress: v
386.0695	DATA	Keypress: v
386.1026	DATA	Keypress: v held
386.4242	DATA	Keypress: v
386.7959	DATA	Keypress: v
387.1504	DATA	Keypress: v
387.1833	DATA	Keypress: v held
387.4206	DATA	Keypress: v
387.6736	DATA	Keypress: v
387.9439	DATA	Keypress: v
388.1979	DATA	Keypress: v
388.2301	DATA	Keypress: v held
388.4845	DATA	Keypress: v
388.7879	DATA	Keypress: v
389.0754	DATA	Keypress: v
389.2433	DATA	Keypress: v held
389.3115	DATA	Keypress: v
389.6156	DATA	Keypress: v
389.9025	DATA	Keypress: v
390.2066	DATA	Keypress: v
390.2564	DATA	Keypress: v held
390.4768	DATA	Keypress: v
390.7131	DATA	Keypress: v
390.9661	DATA	Keypress: v
391.2025	DATA	Keypress: v
391.2695	DATA	Keypress: v held
391.2696	DATA	earn v
391.4896	DATA	Keypress: v
391.9961	DATA	Keypress: v
392.2498	DATA	Keypress: v
392.4864	DATA	Keypress: v
392.7392	DATA	Keypress: v
393.0604	DATA	Keypress: v
393.2629	DATA	Keypress: v
393.2958	DATA	Keypress: v held
393.5496	DATA	Keypress: v
393.8371	DATA	Keypress: v
394.3265	DATA	Keypress: v
394.3595	DATA	Keypress: v held
394.5293	DATA	Keypress: v
394.7487	DATA	Keypress: v
395.2048	DATA	Keypress: v
395.4579	DATA	Keypress: v
395.4909	DATA	Keypress: v held
395.6945	DATA	Keypress: v
395.9137	DATA	Keypress: v
396.1502	DATA	Keypress: v
396.3524	DATA	Keypress: v
396.5039	DATA	Keypress: v held
396.6398	DATA	Keypress: v
396.8764	DATA	Keypress: v
397.1124	DATA	Keypress: v
397.3995	DATA	Keypress: v
397.5172	DATA	Keypress: v held
397.5172	DATA	earn v
397.7037	DATA	Keypress: v
397.9064	DATA	Keypress: v
398.1102	DATA	Keypress: v
398.3959	DATA	Keypress: v
398.7503	DATA	Keypress: v
398.9361	DATA	Keypress: v
399.2236	DATA	Keypress: v
399.5609	DATA	Keypress: v
399.5941	DATA	Keypress: v held
399.7639	DATA	Keypress: v
400.0848	DATA	Keypress: v
400.3211	DATA	Keypress: v
400.5909	DATA	Keypress: v
400.6241	DATA	Keypress: v held
400.8954	DATA	Keypress: v
401.1146	DATA	Keypress: v
401.3350	DATA	Keypress: v
401.6046	DATA	Keypress: v
401.6371	DATA	Keypress: v held
401.8234	DATA	Keypress: v
402.1109	DATA	Keypress: v
402.3808	DATA	Keypress: v
402.6513	DATA	Keypress: v
402.6841	DATA	Keypress: v held
402.9888	DATA	Keypress: v
403.1746	DATA	Keypress: v
403.4444	DATA	Keypress: v
403.9852	DATA	Keypress: v
404.0180	DATA	Keypress: v held
404.2046	DATA	Keypress: v
404.4072	DATA	Keypress: v
404.7277	DATA	Keypress: v
405.1160	DATA	Keypress: v
405.1493	DATA	Keypress: v held
405.2855	DATA	Keypress: v
405.4712	DATA	Keypress: v
405.7244	DATA	Keypress: v
405.9434	DATA	Keypress: v
406.1633	DATA	Keypress: v
406.1963	DATA	Keypress: v held
406.3323	DATA	Keypress: v
406.5516	DATA	Keypress: v
406.6870	DATA	Keypress: t
406.9232	DATA	Keypress: v
407.1934	DATA	Keypress: t
407.2262	DATA	Keypress: t held
407.3624	DATA	Keypress: v
407.6157	DATA	Keypress: t
407.7842	DATA	Keypress: v
408.0204	DATA	Keypress: t
408.1895	DATA	Keypress: v
408.2394	DATA	Keypress: t held
408.4260	DATA	Keypress: t
408.5780	DATA	Keypress: v
408.8153	DATA	Keypress: t
409.0340	DATA	Keypress: v
409.3544	DATA	Keypress: v
409.3874	DATA	Keypress: v held
409.3874	DATA	earn v
410.9252	DATA	Keypress: v
411.2117	DATA	Keypress: v
411.6004	DATA	Keypress: v
411.6334	DATA	Keypress: v held
412.4785	DATA	Keypress: v
412.6465	DATA	Keypress: v held
412.8665	DATA	Keypress: v
413.2888	DATA	Keypress: v
413.7447	DATA	Keypress: v
413.7779	DATA	Keypress: v held
414.1497	DATA	Keypress: v
414.5720	DATA	Keypress: v
414.9603	DATA	Keypress: v
414.9934	DATA	Keypress: v held
415.3824	DATA	Keypress: v
415.7708	DATA	Keypress: v
416.1085	DATA	Keypress: v
416.1417	DATA	Keypress: v held
416.7503	DATA	Keypress: v
417.0544	DATA	Keypress: v
417.1548	DATA	Keypress: v held
417.2908	DATA	Keypress: v
417.5269	DATA	Keypress: v
417.8557	DATA	start rating L
417.8654	DATA	Keypress: v
418.0395	DATA	Keypress: v
419.5597	DATA	Keypress: t
419.8636	DATA	Keypress: t
420.1033	DATA	Keypress: t
420.3230	DATA	Keypress: t
420.5216	DATA	Keypress: t
421.4217	DATA	Keypress: v
424.0338	DATA	Keypress: t
424.6249	DATA	Keypress: x
424.6253	DATA	RatingScale rateA_scale: (key response) rating=2
424.6253	DATA	RatingScale rateA_scale: rating RT=6.769
424.6258	DATA	2.0
424.6258	DATA	end rating L
424.6321	DATA	start rating R
425.7899	DATA	Keypress: v
426.0608	DATA	Keypress: v
426.3472	DATA	Keypress: v
426.9550	DATA	Keypress: x
426.9552	DATA	RatingScale rateB_scale: (key response) rating=7
426.9553	DATA	RatingScale rateB_scale: rating RT=2.323
426.9557	DATA	7.0
426.9557	DATA	end rating R
428.5022	DATA	Keypress: v
428.5357	DATA	Keypress: v held
428.7557	DATA	Keypress: v
429.0089	DATA	Keypress: v
429.2626	DATA	Keypress: v
429.5497	DATA	Keypress: v
429.5826	DATA	Keypress: v held
429.5826	DATA	earn v
429.7688	DATA	Keypress: v
430.0050	DATA	Keypress: v
430.2755	DATA	Keypress: v
430.5122	DATA	Keypress: v
430.7654	DATA	Keypress: v
431.0351	DATA	Keypress: v
431.2728	DATA	Keypress: v
431.5420	DATA	Keypress: v
431.6086	DATA	Keypress: v held
431.8290	DATA	Keypress: v
432.1670	DATA	Keypress: v
432.7238	DATA	Keypress: v
432.7570	DATA	Keypress: v held
432.7570	DATA	earn v
432.9437	DATA	Keypress: v
433.2134	DATA	Keypress: v
433.6864	DATA	Keypress: v
433.9229	DATA	Keypress: v
434.1929	DATA	Keypress: v
434.4806	DATA	Keypress: v
434.8176	DATA	Keypress: v
434.8507	DATA	Keypress: v held
435.1047	DATA	Keypress: v
435.3918	DATA	Keypress: v
435.6969	DATA	Keypress: v
435.8639	DATA	Keypress: v held
435.9656	DATA	Keypress: v
436.2530	DATA	Keypress: v
436.6075	DATA	Keypress: v
436.9456	DATA	Keypress: v
436.9784	DATA	Keypress: v held
437.2495	DATA	Keypress: v
437.5531	DATA	Keypress: v
437.9246	DATA	Keypress: v
437.9914	DATA	Keypress: v held
438.1950	DATA	Keypress: v
438.5326	DATA	Keypress: v
438.8195	DATA	Keypress: v
439.0899	DATA	Keypress: v
439.1228	DATA	Keypress: v held
439.3770	DATA	Keypress: v
439.9846	DATA	Keypress: v
440.1359	DATA	Keypress: v held
440.4744	DATA	Keypress: v
440.9808	DATA	Keypress: v
441.1490	DATA	Keypress: v held
441.5043	DATA	Keypress: v
441.9098	DATA	Keypress: v
442.2809	DATA	Keypress: v
442.3141	DATA	Keypress: v held
443.1933	DATA	Keypress: v
443.3272	DATA	Keypress: v held
443.4969	DATA	Keypress: v
443.8174	DATA	Keypress: v
444.0880	DATA	Keypress: v
444.9490	DATA	Keypress: v
444.9821	DATA	Keypress: v held
445.2530	DATA	Keypress: v
445.5570	DATA	Keypress: v
445.8439	DATA	Keypress: v
445.9950	DATA	Keypress: v held
446.1647	DATA	Keypress: v
446.4689	DATA	Keypress: v
446.7557	DATA	Keypress: v
447.0766	DATA	Keypress: v
447.1096	DATA	Keypress: v held
447.3803	DATA	Keypress: v
447.6509	DATA	Keypress: v
447.9220	DATA	Keypress: v
448.1226	DATA	Keypress: v held
448.2255	DATA	Keypress: v
448.5284	DATA	Keypress: v
448.8328	DATA	Keypress: v
449.1706	DATA	Keypress: v
449.2033	DATA	Keypress: v held
449.4745	DATA	Keypress: v
449.7784	DATA	Keypress: v
450.0820	DATA	Keypress: v
450.2165	DATA	Keypress: v held
450.3694	DATA	Keypress: v
450.6730	DATA	Keypress: v
450.9603	DATA	Keypress: v
451.2638	DATA	Keypress: v
451.2971	DATA	Keypress: v held
451.2972	DATA	earn v
451.6021	DATA	Keypress: v
451.9060	DATA	Keypress: v
452.2267	DATA	Keypress: v
453.1057	DATA	Keypress: v
454.6750	DATA	Keypress: v
454.7080	DATA	Keypress: v held
454.9453	DATA	Keypress: v
455.2493	DATA	Keypress: v
455.5192	DATA	Keypress: v
455.8064	DATA	Keypress: v
455.8393	DATA	Keypress: v held
456.0931	DATA	Keypress: v
456.6671	DATA	Keypress: v
456.8524	DATA	Keypress: v held
456.9544	DATA	Keypress: v
457.2753	DATA	Keypress: v
457.5626	DATA	Keypress: v
457.8502	DATA	Keypress: v
457.8825	DATA	Keypress: v held
457.8825	DATA	earn v
458.1545	DATA	Keypress: v
458.4909	DATA	Keypress: v
458.7443	DATA	Keypress: v
459.0314	DATA	Keypress: v
459.3355	DATA	Keypress: v
459.5887	DATA	Keypress: v
459.8754	DATA	Keypress: v
459.9086	DATA	Keypress: v held
460.1627	DATA	Keypress: v
460.4495	DATA	Keypress: v
460.7536	DATA	Keypress: v
461.0070	DATA	Keypress: v
461.0400	DATA	Keypress: v held
461.5639	DATA	Keypress: v
461.8682	DATA	Keypress: v
462.1384	DATA	Keypress: v
462.1713	DATA	Keypress: v held
462.3915	DATA	Keypress: v
462.6785	DATA	Keypress: v
462.9657	DATA	Keypress: v
463.2359	DATA	Keypress: v
463.2689	DATA	Keypress: v held
463.4893	DATA	Keypress: v
463.7760	DATA	Keypress: v
464.0634	DATA	Keypress: v
464.3672	DATA	Keypress: v
464.4000	DATA	Keypress: v held
465.2116	DATA	Keypress: v
466.4779	DATA	Keypress: v
466.5109	DATA	Keypress: v held
466.5110	DATA	earn v
466.7311	DATA	Keypress: v
467.0349	DATA	Keypress: v
467.2711	DATA	Keypress: v
467.5414	DATA	Keypress: v
467.7783	DATA	Keypress: v
468.0652	DATA	Keypress: v
468.3016	DATA	Keypress: v
468.5714	DATA	Keypress: v
468.6047	DATA	Keypress: v held
468.8078	DATA	Keypress: v
469.0442	DATA	Keypress: v
469.2810	DATA	Keypress: v
469.5508	DATA	Keypress: v
469.6179	DATA	Keypress: v held
469.7874	DATA	Keypress: v
470.0576	DATA	Keypress: v
470.2941	DATA	Keypress: v
470.5308	DATA	Keypress: v
470.6309	DATA	Keypress: v held
470.8174	DATA	Keypress: v
471.0708	DATA	Keypress: v
471.3237	DATA	Keypress: v
471.5772	DATA	Keypress: v
471.6439	DATA	Keypress: v held
471.6439	DATA	earn v
471.8138	DATA	Keypress: v
472.0840	DATA	Keypress: v
472.3370	DATA	Keypress: v
472.5734	DATA	Keypress: v
472.8265	DATA	Keypress: v
473.0293	DATA	Keypress: v
473.2997	DATA	Keypress: v
473.5020	DATA	Keypress: v
473.7389	DATA	Keypress: v
473.7716	DATA	Keypress: v held
473.9582	DATA	Keypress: v
474.4141	DATA	Keypress: v
474.6506	DATA	Keypress: v
474.8528	DATA	Keypress: v
474.8860	DATA	Keypress: v held
475.1063	DATA	Keypress: v
475.3260	DATA	Keypress: v
475.5624	DATA	Keypress: v
475.8155	DATA	Keypress: v
475.8991	DATA	Keypress: v held
475.8992	DATA	earn v
476.0349	DATA	Keypress: v
476.3049	DATA	Keypress: v
476.4909	DATA	Keypress: v
476.7275	DATA	Keypress: v
476.9639	DATA	Keypress: v
477.2172	DATA	Keypress: v
477.4531	DATA	Keypress: v
477.6898	DATA	Keypress: v
477.9093	DATA	Keypress: v
477.9423	DATA	Keypress: v held
478.1627	DATA	Keypress: v
478.4159	DATA	Keypress: v
478.6689	DATA	Keypress: v
478.9054	DATA	Keypress: v
478.9553	DATA	Keypress: v held
479.1420	DATA	Keypress: v
479.3949	DATA	Keypress: v
479.6316	DATA	Keypress: v
479.8849	DATA	Keypress: v
479.9683	DATA	Keypress: v held
480.0875	DATA	Keypress: v
480.3577	DATA	Keypress: v
480.5937	DATA	Keypress: v
480.8473	DATA	Keypress: v
481.0838	DATA	Keypress: v
481.1167	DATA	Keypress: v held
481.3200	DATA	Keypress: v
481.7932	DATA	Keypress: v
482.0294	DATA	Keypress: v
482.1298	DATA	Keypress: v held
482.1299	DATA	earn v
482.2657	DATA	Keypress: v
482.4854	DATA	Keypress: v
482.7045	DATA	Keypress: v
482.9581	DATA	Keypress: v
483.2112	DATA	Keypress: v
483.4141	DATA	Keypress: v
483.6671	DATA	Keypress: v
483.8864	DATA	Keypress: v
484.1228	DATA	Keypress: v
484.1561	DATA	Keypress: v held
484.8489	DATA	Keypress: v
485.1190	DATA	Keypress: v
485.1692	DATA	Keypress: v held
485.3555	DATA	Keypress: v
485.6092	DATA	Keypress: v
485.8288	DATA	Keypress: v
486.1000	DATA	Keypress: v
486.1823	DATA	Keypress: v held
486.4870	DATA	Keypress: v
486.6897	DATA	Keypress: v
486.8752	DATA	Keypress: v
487.0761	DATA	start rating L
487.1014	DATA	Keypress: v
487.3077	DATA	Keypress: v
488.4185	DATA	Keypress: t
488.6605	DATA	Keypress: t
488.9111	DATA	Keypress: t
489.1318	DATA	Keypress: t
489.3341	DATA	Keypress: t
489.5155	DATA	Keypress: t
490.3260	DATA	Keypress: x
490.3263	DATA	RatingScale rateA_scale: (key response) rating=1
490.3263	DATA	RatingScale rateA_scale: rating RT=3.250
490.3267	DATA	1.0
490.3267	DATA	end rating L
490.3330	DATA	start rating R
491.3728	DATA	Keypress: v
491.7956	DATA	Keypress: v
492.3361	DATA	Keypress: v
492.8455	DATA	Keypress: x
492.8459	DATA	RatingScale rateB_scale: (key response) rating=7
492.8460	DATA	RatingScale rateB_scale: rating RT=2.513
492.8464	DATA	7.0
492.8464	DATA	end rating R
494.0011	DATA	Keypress: v
494.0341	DATA	Keypress: v held
494.2713	DATA	Keypress: v
494.5073	DATA	Keypress: v
494.7273	DATA	Keypress: v
494.9300	DATA	Keypress: v
495.0472	DATA	Keypress: v held
495.1496	DATA	Keypress: v
495.5712	DATA	Keypress: v
495.7911	DATA	Keypress: v
496.0102	DATA	Keypress: v
496.0603	DATA	Keypress: v held
496.1961	DATA	Keypress: v
496.4497	DATA	Keypress: v
496.6691	DATA	Keypress: v
496.8718	DATA	Keypress: v
497.0739	DATA	Keypress: v
497.1071	DATA	Keypress: v held
497.1072	DATA	earn v
497.3107	DATA	Keypress: v
497.5131	DATA	Keypress: v
497.7158	DATA	Keypress: v
497.9519	DATA	Keypress: v
498.1222	DATA	Keypress: v
498.3405	DATA	Keypress: v
498.5768	DATA	Keypress: v
498.7798	DATA	Keypress: v
498.9824	DATA	Keypress: v
499.1335	DATA	Keypress: v held
499.1335	DATA	earn v
499.2256	DATA	Keypress: v
499.3888	DATA	Keypress: v
499.6070	DATA	Keypress: v
499.7929	DATA	Keypress: v
499.9951	DATA	Keypress: v
500.1979	DATA	Keypress: v
500.3836	DATA	Keypress: v
500.6033	DATA	Keypress: v
500.7893	DATA	Keypress: v
501.0424	DATA	Keypress: v
501.1596	DATA	Keypress: v held
501.2289	DATA	Keypress: v
501.4306	DATA	Keypress: v
501.6501	DATA	Keypress: v
501.8694	DATA	Keypress: v
502.0891	DATA	Keypress: v
502.1728	DATA	Keypress: v held
502.3255	DATA	Keypress: v
502.5279	DATA	Keypress: v
502.7309	DATA	Keypress: v
502.9843	DATA	Keypress: v
503.1869	DATA	Keypress: v
503.2197	DATA	Keypress: v held
504.1494	DATA	Keypress: v
504.2328	DATA	Keypress: v held
506.4960	DATA	Keypress: v
506.5293	DATA	Keypress: v held
506.7326	DATA	Keypress: v
506.9858	DATA	Keypress: v
507.2390	DATA	Keypress: v
507.4589	DATA	Keypress: v
507.5424	DATA	Keypress: v held
507.7291	DATA	Keypress: v
507.9651	DATA	Keypress: v
508.2188	DATA	Keypress: v
508.4210	DATA	Keypress: v
508.5554	DATA	Keypress: v held
508.5554	DATA	earn v
508.6506	DATA	Keypress: v
508.8609	DATA	Keypress: v
509.1301	DATA	Keypress: v
509.3328	DATA	Keypress: v
509.5709	DATA	Keypress: v
509.8062	DATA	Keypress: v
510.0250	DATA	Keypress: v
510.2450	DATA	Keypress: v
510.4640	DATA	Keypress: v
510.5817	DATA	Keypress: v held
510.7004	DATA	Keypress: v
510.9202	DATA	Keypress: v
511.1734	DATA	Keypress: v
511.3932	DATA	Keypress: v
511.6290	DATA	Keypress: v
511.6624	DATA	Keypress: v held
511.6625	DATA	earn v
511.8490	DATA	Keypress: v
512.0698	DATA	Keypress: v
512.3216	DATA	Keypress: v
512.5580	DATA	Keypress: v
512.8282	DATA	Keypress: v
513.0645	DATA	Keypress: v
513.3518	DATA	Keypress: v
513.6053	DATA	Keypress: v
513.6887	DATA	Keypress: v held
513.8923	DATA	Keypress: v
514.1793	DATA	Keypress: v
514.4321	DATA	Keypress: v
514.7028	DATA	Keypress: v
514.7356	DATA	Keypress: v held
515.0232	DATA	Keypress: v
516.5259	DATA	Keypress: v
516.5593	DATA	Keypress: v held
517.0329	DATA	Keypress: v
517.4886	DATA	Keypress: v
517.5724	DATA	Keypress: v held
517.9952	DATA	Keypress: v
519.0423	DATA	Keypress: v
519.0751	DATA	Keypress: v held
519.5150	DATA	Keypress: v
520.8321	DATA	Keypress: v
520.8649	DATA	Keypress: v held
521.2377	DATA	Keypress: v
521.6253	DATA	Keypress: v
521.9972	DATA	Keypress: v
522.0301	DATA	Keypress: v held
522.0302	DATA	earn v
522.5375	DATA	Keypress: v
522.8920	DATA	Keypress: v
523.5169	DATA	Keypress: v
523.8546	DATA	Keypress: v
524.0563	DATA	Keypress: v held
524.2934	DATA	Keypress: v
524.6648	DATA	Keypress: v
525.0194	DATA	Keypress: v
525.0695	DATA	Keypress: v held
525.3911	DATA	Keypress: v
525.7796	DATA	Keypress: v
526.1677	DATA	Keypress: v
526.2008	DATA	Keypress: v held
526.5563	DATA	Keypress: v
526.8940	DATA	Keypress: v
527.1807	DATA	Keypress: v
527.2139	DATA	Keypress: v held
527.5523	DATA	Keypress: v
527.9577	DATA	Keypress: v
528.2949	DATA	Keypress: v
528.3282	DATA	Keypress: v held
528.6332	DATA	Keypress: v
528.9199	DATA	Keypress: v
529.2745	DATA	Keypress: v
529.3415	DATA	Keypress: v held
529.6292	DATA	Keypress: v
529.9499	DATA	Keypress: v
530.3554	DATA	Keypress: v
530.3883	DATA	Keypress: v held
530.6762	DATA	Keypress: v
531.0307	DATA	Keypress: v
531.3684	DATA	Keypress: v
531.4014	DATA	Keypress: v held
531.7061	DATA	Keypress: v
532.0778	DATA	Keypress: v
532.3984	DATA	Keypress: v
532.4314	DATA	Keypress: v held
532.7530	DATA	Keypress: v
533.0567	DATA	Keypress: v
533.3439	DATA	Keypress: v
533.4446	DATA	Keypress: v held
533.9521	DATA	Keypress: t
534.2896	DATA	Keypress: t
534.4575	DATA	Keypress: t held
534.5598	DATA	Keypress: t
534.8803	DATA	Keypress: t
535.4713	DATA	Keypress: v
535.5046	DATA	Keypress: v held
535.8768	DATA	Keypress: v
536.1985	DATA	Keypress: v
536.5690	DATA	Keypress: v
536.6022	DATA	Keypress: v held
536.9070	DATA	Keypress: v
537.1770	DATA	Keypress: v
537.5146	DATA	Keypress: v
537.6152	DATA	Keypress: v held
538.2577	DATA	Keypress: v
538.6462	DATA	Keypress: v
538.6791	DATA	Keypress: v held
539.0177	DATA	Keypress: v
539.4059	DATA	Keypress: v
539.8784	DATA	Keypress: v
539.9117	DATA	Keypress: v held
540.2836	DATA	Keypress: v
540.7059	DATA	Keypress: v
541.2126	DATA	Keypress: t
541.2456	DATA	Keypress: t held
541.6346	DATA	Keypress: t
542.0571	DATA	Keypress: t
542.2587	DATA	Keypress: t held
542.4451	DATA	Keypress: t
542.8506	DATA	Keypress: t
543.2220	DATA	Keypress: t
543.2719	DATA	Keypress: t held
543.6102	DATA	Keypress: t
543.9994	DATA	Keypress: t
544.4714	DATA	Keypress: v
544.5045	DATA	Keypress: v held
544.9444	DATA	Keypress: v
545.2649	DATA	Keypress: v
545.6533	DATA	Keypress: v
545.6865	DATA	Keypress: v held
545.9909	DATA	Keypress: v
546.3795	DATA	Keypress: v
546.8185	DATA	Keypress: v
546.8516	DATA	Keypress: v held
547.1912	DATA	Keypress: v
547.6290	DATA	Keypress: v
548.4735	DATA	Keypress: v
548.5064	DATA	Keypress: v held
548.9293	DATA	Keypress: v
549.3342	DATA	Keypress: v
549.7230	DATA	Keypress: v
549.7559	DATA	Keypress: v held
550.1447	DATA	Keypress: v
550.5839	DATA	Keypress: v
551.0062	DATA	Keypress: v
551.0391	DATA	Keypress: v held
551.7659	DATA	Keypress: v
552.1880	DATA	Keypress: v
552.2211	DATA	Keypress: v held
552.2211	DATA	earn v
552.5596	DATA	Keypress: v
552.9881	DATA	start rating L
552.9951	DATA	Keypress: v
553.3124	DATA	Keypress: v
553.7482	DATA	Keypress: v
554.1529	DATA	Keypress: v
556.1324	DATA	Keypress: t
556.4719	DATA	Keypress: t
556.7708	DATA	Keypress: t
557.0911	DATA	Keypress: t
557.5676	DATA	Keypress: t
557.8343	DATA	Keypress: t
559.7418	DATA	Keypress: v
560.8954	DATA	Keypress: x
560.8957	DATA	RatingScale rateA_scale: (key response) rating=2
560.8958	DATA	RatingScale rateA_scale: rating RT=7.908
560.8963	DATA	2.0
560.8963	DATA	end rating L
560.9029	DATA	start rating R
562.3458	DATA	Keypress: v
562.8321	DATA	Keypress: v
563.4401	DATA	Keypress: x
563.4404	DATA	RatingScale rateB_scale: (key response) rating=6
563.4405	DATA	RatingScale rateB_scale: rating RT=2.538
563.4409	DATA	6.0
563.4410	DATA	end rating R
564.7846	DATA	Keypress: v
564.8176	DATA	Keypress: v held
565.1393	DATA	Keypress: v
565.6122	DATA	Keypress: v
566.0340	DATA	Keypress: v
566.0671	DATA	Keypress: v held
566.4562	DATA	Keypress: v
566.9123	DATA	Keypress: v
567.0802	DATA	Keypress: v held
567.4184	DATA	Keypress: v
567.8242	DATA	Keypress: v
568.3133	DATA	Keypress: v
568.3467	DATA	Keypress: v held
568.7188	DATA	Keypress: v
569.2087	DATA	Keypress: v
569.3598	DATA	Keypress: v held
569.6136	DATA	Keypress: v
570.0526	DATA	Keypress: v
570.5592	DATA	Keypress: v
570.5925	DATA	Keypress: v held
570.9476	DATA	Keypress: v
571.3699	DATA	Keypress: v
571.8427	DATA	Keypress: v
571.8758	DATA	Keypress: v held
572.2482	DATA	Keypress: v
572.6365	DATA	Keypress: v
573.0752	DATA	Keypress: v
573.1084	DATA	Keypress: v held
573.4636	DATA	Keypress: v
573.9534	DATA	Keypress: v
574.1215	DATA	Keypress: v held
574.3244	DATA	Keypress: v
574.7641	DATA	Keypress: v
575.1352	DATA	Keypress: v
575.1684	DATA	Keypress: v held
575.6253	DATA	Keypress: v
576.0132	DATA	Keypress: v
576.1816	DATA	Keypress: v held
576.3850	DATA	Keypress: v
576.8242	DATA	Keypress: v
577.2291	DATA	Keypress: v
577.2622	DATA	Keypress: v held
577.6511	DATA	Keypress: v
578.1745	DATA	Keypress: v
578.2753	DATA	Keypress: v held
578.4450	DATA	Keypress: v
578.8670	DATA	Keypress: v
579.2382	DATA	Keypress: v
579.2883	DATA	Keypress: v held
579.6605	DATA	Keypress: v
580.0493	DATA	Keypress: v
580.4374	DATA	Keypress: v
580.4704	DATA	Keypress: v held
580.9101	DATA	Keypress: v
581.2310	DATA	Keypress: v
581.5698	DATA	Keypress: v
581.6017	DATA	Keypress: v held
582.6325	DATA	Keypress: v
582.6655	DATA	Keypress: v held
583.0207	DATA	Keypress: v
583.3924	DATA	Keypress: v
583.7977	DATA	Keypress: v
583.8306	DATA	Keypress: v held
584.1692	DATA	Keypress: v
584.5742	DATA	Keypress: v
584.9628	DATA	Keypress: v
584.9957	DATA	Keypress: v held
585.4016	DATA	Keypress: v
585.7392	DATA	Keypress: v
586.1784	DATA	Keypress: v
586.2114	DATA	Keypress: v held
586.5499	DATA	Keypress: v
587.0225	DATA	Keypress: v
587.4111	DATA	Keypress: v
587.4441	DATA	Keypress: v held
587.8334	DATA	Keypress: v
588.2044	DATA	Keypress: v
588.6100	DATA	Keypress: v
588.6430	DATA	Keypress: v held
589.0154	DATA	Keypress: v
589.3540	DATA	Keypress: v
589.7579	DATA	Keypress: v
589.7912	DATA	Keypress: v held
590.1800	DATA	Keypress: v
590.5519	DATA	Keypress: v
590.9403	DATA	Keypress: v
590.9730	DATA	Keypress: v held
591.3453	DATA	Keypress: v
591.6661	DATA	Keypress: v
592.1060	DATA	Keypress: v
592.1382	DATA	Keypress: v held
592.4599	DATA	Keypress: v
592.9835	DATA	Keypress: v
593.6921	DATA	Keypress: v
593.7255	DATA	Keypress: v held
594.1147	DATA	Keypress: v
594.5199	DATA	Keypress: v
594.9588	DATA	Keypress: v
594.9919	DATA	Keypress: v held
595.3638	DATA	Keypress: v
595.7524	DATA	Keypress: v
596.1073	DATA	Keypress: v
596.1400	DATA	Keypress: v held
596.4450	DATA	Keypress: v
596.7822	DATA	Keypress: v
597.1369	DATA	Keypress: v
597.1700	DATA	Keypress: v held
597.4578	DATA	Keypress: v
597.7956	DATA	Keypress: v
598.1165	DATA	Keypress: v
598.1832	DATA	Keypress: v held
598.4370	DATA	Keypress: v
598.7241	DATA	Keypress: v
599.1970	DATA	Keypress: v
599.2299	DATA	Keypress: v held
599.4504	DATA	Keypress: v
600.6667	DATA	Keypress: v
600.6991	DATA	Keypress: v held
601.0037	DATA	Keypress: v
601.4594	DATA	Keypress: v
602.4054	DATA	Keypress: v
602.4383	DATA	Keypress: v held
603.1317	DATA	Keypress: v
603.4520	DATA	Keypress: v
603.4852	DATA	Keypress: v held
604.2798	DATA	Keypress: v
604.7184	DATA	Keypress: v
604.7516	DATA	Keypress: v held
605.1574	DATA	Keypress: v
605.5964	DATA	Keypress: v
605.7648	DATA	Keypress: v held
606.0017	DATA	Keypress: v
606.4239	DATA	Keypress: v
606.8291	DATA	Keypress: v
606.8623	DATA	Keypress: v held
607.3190	DATA	Keypress: v
607.8085	DATA	Keypress: v
607.8754	DATA	Keypress: v held
608.2995	DATA	Keypress: v
608.7204	DATA	Keypress: v
608.8885	DATA	Keypress: v held
609.1934	DATA	Keypress: v
609.6150	DATA	Keypress: v
610.0203	DATA	Keypress: v
610.0536	DATA	Keypress: v held
610.4763	DATA	Keypress: v
610.7971	DATA	Keypress: v
611.2361	DATA	Keypress: v
611.2694	DATA	Keypress: v held
611.7090	DATA	Keypress: v
612.3170	DATA	Keypress: v
612.3500	DATA	Keypress: v held
612.6378	DATA	Keypress: v
613.0600	DATA	Keypress: v
613.4988	DATA	Keypress: v
613.5319	DATA	Keypress: v held
614.0053	DATA	Keypress: v
614.3261	DATA	Keypress: v
614.5452	DATA	Keypress: v held
614.7991	DATA	Keypress: v
615.2213	DATA	Keypress: v
615.6941	DATA	Keypress: v
615.7271	DATA	Keypress: v held
616.0825	DATA	Keypress: v
616.4876	DATA	Keypress: v
616.8762	DATA	Keypress: v
616.9091	DATA	Keypress: v held
617.3152	DATA	Keypress: v
617.7543	DATA	Keypress: v
617.9223	DATA	Keypress: v held
618.3451	DATA	Keypress: t
618.7164	DATA	Keypress: t
619.1218	DATA	Keypress: t
619.1548	DATA	Keypress: t held
619.5607	DATA	Keypress: t
619.9493	DATA	Keypress: t
620.3724	DATA	Keypress: t
620.4043	DATA	Keypress: t held
620.7598	DATA	Keypress: t
621.1321	DATA	Keypress: t
622.1443	DATA	Keypress: t
622.1773	DATA	Keypress: t held
622.4988	DATA	Keypress: t
622.9210	DATA	Keypress: t
623.3263	DATA	Keypress: t
623.3593	DATA	Keypress: t held
623.5931	DATA	start rating L
623.7078	DATA	Keypress: t
626.0339	DATA	Keypress: v
626.2706	DATA	Keypress: v
627.1321	DATA	Keypress: x
627.1482	DATA	RatingScale rateA_scale: (key response) rating=3
627.1483	DATA	RatingScale rateA_scale: rating RT=3.555
627.1487	DATA	3.0
627.1487	DATA	end rating L
627.1554	DATA	start rating R
627.9091	DATA	Keypress: v
628.1485	DATA	Keypress: v
628.3646	DATA	Keypress: v
629.2926	DATA	Keypress: x
629.2929	DATA	RatingScale rateB_scale: (key response) rating=7
629.2930	DATA	RatingScale rateB_scale: rating RT=2.138
629.2934	DATA	7.0
629.2934	DATA	end rating R
