14.1783	DATA	version B
255.9587	DATA	Keypress: space
258.2557	DATA	Keypress: t
258.2884	DATA	Keypress: t held
258.2884	DATA	earn t
261.0585	DATA	Keypress: t
261.0915	DATA	Keypress: t held
262.1731	DATA	Keypress: v
262.2060	DATA	Keypress: v held
263.2538	DATA	Keypress: t
263.2866	DATA	Keypress: t held
264.3006	DATA	Keypress: t
264.3335	DATA	Keypress: t held
265.2979	DATA	Keypress: v
265.3466	DATA	Keypress: v held
266.2931	DATA	Keypress: v
266.3597	DATA	Keypress: v held
267.8972	DATA	Keypress: t
267.9301	DATA	Keypress: t held
268.5062	DATA	Keypress: t
269.2649	DATA	Keypress: t
269.2978	DATA	Keypress: t held
269.9067	DATA	Keypress: t
271.0041	DATA	Keypress: v
271.0368	DATA	Keypress: v held
271.9835	DATA	Keypress: v
272.0501	DATA	Keypress: v held
272.5913	DATA	Keypress: v
273.2508	DATA	Keypress: v
273.2827	DATA	Keypress: v held
273.7396	DATA	Keypress: v
274.4656	DATA	Keypress: t
274.4984	DATA	Keypress: t held
275.0566	DATA	Keypress: t
275.6817	DATA	Keypress: t
275.7142	DATA	Keypress: t held
276.2892	DATA	Keypress: t
276.9984	DATA	Keypress: t
277.0313	DATA	Keypress: t held
277.6907	DATA	Keypress: t
278.6364	DATA	Keypress: t
278.6692	DATA	Keypress: t held
279.4299	DATA	Keypress: t
279.6823	DATA	Keypress: t held
280.1729	DATA	Keypress: v
281.5069	DATA	Keypress: t
281.5397	DATA	Keypress: t held
281.7939	DATA	Keypress: t
282.3174	DATA	Keypress: t
282.5528	DATA	Keypress: t held
282.5529	DATA	earn t
282.8408	DATA	Keypress: t
283.7863	DATA	Keypress: t
284.3097	DATA	Keypress: t
284.5790	DATA	Keypress: t held
284.7995	DATA	Keypress: t
285.2892	DATA	Keypress: t
285.7791	DATA	Keypress: t
285.8117	DATA	Keypress: t held
286.1501	DATA	Keypress: t
286.4880	DATA	Keypress: t
286.9777	DATA	Keypress: t
287.0106	DATA	Keypress: t held
287.0106	DATA	earn t
287.8898	DATA	Keypress: t
288.3285	DATA	Keypress: t
288.6159	DATA	Keypress: t
288.9027	DATA	Keypress: t
289.0368	DATA	Keypress: t held
289.1559	DATA	Keypress: t
289.4092	DATA	Keypress: t
289.6626	DATA	Keypress: t
289.9327	DATA	Keypress: t
290.0499	DATA	Keypress: t held
290.2028	DATA	Keypress: t
290.5236	DATA	Keypress: t
290.8105	DATA	Keypress: t
291.0809	DATA	Keypress: t
291.1137	DATA	Keypress: t held
291.3511	DATA	Keypress: t
291.6037	DATA	Keypress: t
291.8570	DATA	Keypress: t
292.0933	DATA	Keypress: t
292.1267	DATA	Keypress: t held
293.4779	DATA	Keypress: v
293.5113	DATA	Keypress: v held
293.7313	DATA	Keypress: v
293.9676	DATA	Keypress: v
294.2547	DATA	Keypress: v
294.5247	DATA	Keypress: v
294.5582	DATA	Keypress: v held
294.7782	DATA	Keypress: v
295.0313	DATA	Keypress: v
295.2847	DATA	Keypress: v
295.5380	DATA	Keypress: v
295.5713	DATA	Keypress: v held
295.8082	DATA	Keypress: v
296.0615	DATA	Keypress: v
296.3316	DATA	Keypress: v
296.6017	DATA	Keypress: v
296.6351	DATA	Keypress: v held
296.8551	DATA	Keypress: v
297.1082	DATA	Keypress: v
297.3954	DATA	Keypress: v
297.6493	DATA	Keypress: v
297.6822	DATA	Keypress: v held
297.9194	DATA	Keypress: v
298.1558	DATA	Keypress: v
298.6121	DATA	Keypress: t
298.6953	DATA	Keypress: t held
298.8988	DATA	Keypress: t
299.2364	DATA	Keypress: t
299.5238	DATA	Keypress: t
299.7084	DATA	Keypress: t held
299.7084	DATA	earn t
299.8084	DATA	Keypress: t
300.0133	DATA	Keypress: t
300.2664	DATA	Keypress: t
300.5873	DATA	Keypress: t
301.0095	DATA	Keypress: t
301.2290	DATA	Keypress: t
301.5667	DATA	Keypress: t
301.7346	DATA	Keypress: t held
301.8703	DATA	Keypress: t
302.1070	DATA	Keypress: t
302.3096	DATA	Keypress: t
302.5629	DATA	Keypress: t
302.7478	DATA	Keypress: t held
302.8849	DATA	Keypress: t
303.1708	DATA	Keypress: t
303.3903	DATA	Keypress: t
303.6436	DATA	Keypress: t
303.7609	DATA	Keypress: t held
303.8463	DATA	Keypress: t
304.0995	DATA	Keypress: t
304.3527	DATA	Keypress: t
304.5723	DATA	Keypress: t
304.7740	DATA	Keypress: t held
304.8085	DATA	Keypress: t
305.0620	DATA	Keypress: t
305.3152	DATA	Keypress: t
305.6699	DATA	Keypress: t
305.7870	DATA	Keypress: t held
305.9737	DATA	Keypress: t
306.2440	DATA	Keypress: t
306.6830	DATA	Keypress: t
306.8003	DATA	Keypress: t held
306.9023	DATA	Keypress: t
307.1220	DATA	Keypress: t
307.3093	DATA	Keypress: t
307.6290	DATA	Keypress: t
307.8134	DATA	Keypress: t held
308.0507	DATA	Keypress: t
308.4053	DATA	Keypress: t
308.7768	DATA	Keypress: t
308.8265	DATA	Keypress: t held
309.0807	DATA	Keypress: t
309.2665	DATA	Keypress: t
309.5028	DATA	Keypress: t
309.7572	DATA	Keypress: t
309.8396	DATA	Keypress: t held
310.0262	DATA	Keypress: t
310.2627	DATA	Keypress: t
310.4653	DATA	Keypress: t
310.6848	DATA	Keypress: t
310.8527	DATA	Keypress: t held
310.8706	DATA	Keypress: t
311.7148	DATA	Keypress: v
311.8659	DATA	Keypress: v held
311.9681	DATA	Keypress: v
312.2213	DATA	Keypress: v
312.4747	DATA	Keypress: v
312.6942	DATA	Keypress: v
312.9306	DATA	Keypress: v
312.9634	DATA	Keypress: v held
313.1670	DATA	Keypress: v
313.3697	DATA	Keypress: v
313.5734	DATA	Keypress: v
313.7917	DATA	Keypress: v
314.0112	DATA	Keypress: v
314.0441	DATA	Keypress: v held
314.1970	DATA	Keypress: v
314.3996	DATA	Keypress: v
314.6022	DATA	Keypress: v
314.8217	DATA	Keypress: v
315.0414	DATA	Keypress: v
315.0741	DATA	Keypress: v held
315.2438	DATA	Keypress: v
315.4465	DATA	Keypress: v
315.6322	DATA	Keypress: v
315.8349	DATA	Keypress: v
316.1334	DATA	Keypress: v
316.2328	DATA	Keypress: v
322.6155	DATA	start rating L
322.6158	DATA	7
322.6159	DATA	end rating L
325.0475	DATA	Keypress: t
325.3471	DATA	Keypress: t
325.7731	DATA	Keypress: t
327.1580	DATA	start rating R
327.1583	DATA	1
327.1584	DATA	end rating R
328.9039	DATA	Keypress: t
328.9369	DATA	Keypress: t held
329.1575	DATA	Keypress: t
329.3769	DATA	Keypress: t
329.6132	DATA	Keypress: t
329.8497	DATA	Keypress: t
329.9500	DATA	Keypress: t held
330.0523	DATA	Keypress: t
330.1874	DATA	Keypress: t
330.8291	DATA	Keypress: v
330.9632	DATA	Keypress: v held
331.0824	DATA	Keypress: v
331.3355	DATA	Keypress: v
331.5551	DATA	Keypress: v
331.7582	DATA	Keypress: v
331.9941	DATA	Keypress: v
332.0269	DATA	Keypress: v held
332.1967	DATA	Keypress: v
332.4163	DATA	Keypress: v
332.6527	DATA	Keypress: v
332.9060	DATA	Keypress: v
333.0401	DATA	Keypress: v held
333.1927	DATA	Keypress: v
333.6489	DATA	Keypress: v
334.6460	DATA	Keypress: v
334.6780	DATA	Keypress: v held
334.8984	DATA	Keypress: v
335.1180	DATA	Keypress: v
335.3036	DATA	Keypress: v
335.4893	DATA	Keypress: v
335.6911	DATA	Keypress: v held
335.7765	DATA	Keypress: v
336.4012	DATA	Keypress: t
336.6208	DATA	Keypress: t
336.7042	DATA	Keypress: t held
336.8740	DATA	Keypress: t
337.1105	DATA	Keypress: t
337.3466	DATA	Keypress: t
337.6170	DATA	Keypress: t
337.7173	DATA	Keypress: t held
337.8543	DATA	Keypress: t
338.0895	DATA	Keypress: t
338.3102	DATA	Keypress: t
338.5455	DATA	Keypress: t
338.7652	DATA	Keypress: t
338.7980	DATA	Keypress: t held
338.7981	DATA	earn t
338.9847	DATA	Keypress: t
339.5418	DATA	Keypress: t
339.7612	DATA	Keypress: t
339.9641	DATA	Keypress: t
340.1668	DATA	Keypress: t
340.3862	DATA	Keypress: t
340.6226	DATA	Keypress: t
340.8928	DATA	Keypress: t
340.9255	DATA	Keypress: t held
341.1289	DATA	Keypress: t
341.3992	DATA	Keypress: t
341.6357	DATA	Keypress: t
341.8720	DATA	Keypress: t
341.9387	DATA	Keypress: t held
341.9388	DATA	earn t
342.1084	DATA	Keypress: t
342.6319	DATA	Keypress: t
342.8852	DATA	Keypress: t
343.0879	DATA	Keypress: t
343.9321	DATA	Keypress: v
343.9650	DATA	Keypress: v held
344.1517	DATA	Keypress: v
344.3880	DATA	Keypress: v
344.6074	DATA	Keypress: v
344.8271	DATA	Keypress: v
345.0308	DATA	Keypress: v
345.0625	DATA	Keypress: v held
345.2829	DATA	Keypress: v
345.5531	DATA	Keypress: v
345.8064	DATA	Keypress: v
346.0259	DATA	Keypress: v
346.0756	DATA	Keypress: v held
346.2623	DATA	Keypress: v
346.5156	DATA	Keypress: v
346.7352	DATA	Keypress: v
346.9712	DATA	Keypress: v
347.0887	DATA	Keypress: v held
347.0887	DATA	earn v
347.1885	DATA	Keypress: v
348.0871	DATA	Keypress: v
348.3730	DATA	Keypress: v
348.6093	DATA	Keypress: v
348.8120	DATA	Keypress: v
349.0316	DATA	Keypress: v
349.1149	DATA	Keypress: v held
349.2510	DATA	Keypress: v
349.4716	DATA	Keypress: v
349.6900	DATA	Keypress: v
349.9264	DATA	Keypress: v
350.1459	DATA	Keypress: v
350.1788	DATA	Keypress: v held
350.3823	DATA	Keypress: v
350.5679	DATA	Keypress: v
350.8044	DATA	Keypress: v
350.9902	DATA	Keypress: v
351.2435	DATA	Keypress: v
351.2763	DATA	Keypress: v held
351.4799	DATA	Keypress: v
351.7501	DATA	Keypress: v
351.9865	DATA	Keypress: v
352.2398	DATA	Keypress: v
352.2894	DATA	Keypress: v held
352.2895	DATA	earn v
352.5098	DATA	Keypress: v
353.3541	DATA	Keypress: v
354.1994	DATA	Keypress: t
354.3157	DATA	Keypress: t held
354.4348	DATA	Keypress: t
354.6712	DATA	Keypress: t
354.9074	DATA	Keypress: t
355.1441	DATA	Keypress: t
355.3288	DATA	Keypress: t held
355.3973	DATA	Keypress: t
355.6168	DATA	Keypress: t
355.8363	DATA	Keypress: t
356.0558	DATA	Keypress: t
356.2753	DATA	Keypress: t
356.3419	DATA	Keypress: t held
356.5286	DATA	Keypress: t
356.7818	DATA	Keypress: t
357.0518	DATA	Keypress: t
357.4067	DATA	Keypress: t
357.4395	DATA	Keypress: t held
357.7951	DATA	Keypress: t
358.1664	DATA	Keypress: t
358.4526	DATA	Keypress: t held
358.4527	DATA	earn t
359.5513	DATA	Keypress: v
359.7875	DATA	Keypress: v
360.0070	DATA	Keypress: v
360.2431	DATA	Keypress: v
360.4629	DATA	Keypress: v
360.4957	DATA	Keypress: v held
360.7162	DATA	Keypress: v
360.9694	DATA	Keypress: v
361.2228	DATA	Keypress: v
361.5267	DATA	Keypress: v
361.5595	DATA	Keypress: v held
361.8137	DATA	Keypress: v
362.0501	DATA	Keypress: v
362.3034	DATA	Keypress: v
362.6579	DATA	Keypress: v
362.6908	DATA	Keypress: v held
362.9788	DATA	Keypress: v
363.2322	DATA	Keypress: v
363.4687	DATA	Keypress: v
363.7050	DATA	Keypress: v
363.7378	DATA	Keypress: v held
363.9413	DATA	Keypress: v
364.1777	DATA	Keypress: v
364.4141	DATA	Keypress: v
364.6674	DATA	Keypress: v
364.7510	DATA	Keypress: v held
364.8879	DATA	Keypress: v
365.1398	DATA	Keypress: v
365.3765	DATA	Keypress: v
365.6298	DATA	Keypress: v
365.7640	DATA	Keypress: v held
365.8663	DATA	Keypress: v
366.1026	DATA	Keypress: v
366.3726	DATA	Keypress: v
366.6430	DATA	Keypress: v
366.7771	DATA	Keypress: v held
367.0314	DATA	Keypress: v
367.3521	DATA	Keypress: v
367.6565	DATA	Keypress: v
367.7903	DATA	Keypress: v held
367.9263	DATA	Keypress: v
368.1290	DATA	Keypress: v
368.3653	DATA	Keypress: v
368.5848	DATA	Keypress: v
368.8380	DATA	Keypress: v
368.8709	DATA	Keypress: v held
368.8710	DATA	earn v
369.0745	DATA	Keypress: v
369.3277	DATA	Keypress: v
369.5643	DATA	Keypress: v
370.2395	DATA	Keypress: v
370.4929	DATA	Keypress: v
370.7461	DATA	Keypress: v
370.9994	DATA	Keypress: v
371.0323	DATA	Keypress: v held
371.2358	DATA	Keypress: v
371.4724	DATA	Keypress: v
371.7253	DATA	Keypress: v
371.9617	DATA	Keypress: v
372.0454	DATA	Keypress: v held
372.2151	DATA	Keypress: v
372.4683	DATA	Keypress: v
372.7218	DATA	Keypress: v
372.9749	DATA	Keypress: v
373.0585	DATA	Keypress: v held
373.1944	DATA	Keypress: v
373.4140	DATA	Keypress: v
374.2576	DATA	Keypress: t
374.2910	DATA	Keypress: t held
374.2910	DATA	earn t
374.4940	DATA	Keypress: t
374.7642	DATA	Keypress: t
375.0344	DATA	Keypress: t
375.6085	DATA	Keypress: t
375.8618	DATA	Keypress: t
376.0981	DATA	Keypress: t
376.3852	DATA	Keypress: t
376.4185	DATA	Keypress: t held
376.5709	DATA	Keypress: t
376.8242	DATA	Keypress: t
377.0437	DATA	Keypress: t
377.2801	DATA	Keypress: t
377.4315	DATA	Keypress: t held
377.5164	DATA	Keypress: t
377.7699	DATA	Keypress: t
377.9894	DATA	Keypress: t
378.2764	DATA	Keypress: t
378.4447	DATA	Keypress: t held
378.4958	DATA	Keypress: t
378.7999	DATA	Keypress: t
379.0362	DATA	Keypress: t
379.2895	DATA	Keypress: t
379.4577	DATA	Keypress: t held
379.5596	DATA	Keypress: t
379.7623	DATA	Keypress: t
380.0156	DATA	Keypress: t
380.1681	DATA	Keypress: t
380.4553	DATA	Keypress: t
380.4880	DATA	Keypress: t held
380.6748	DATA	Keypress: t
380.9111	DATA	Keypress: t
381.1643	DATA	Keypress: t
381.3852	DATA	Keypress: t
381.5012	DATA	Keypress: t held
381.5012	DATA	earn t
381.6371	DATA	Keypress: t
381.9073	DATA	Keypress: t
382.1607	DATA	Keypress: t
383.2244	DATA	Keypress: v
383.4608	DATA	Keypress: v
383.5274	DATA	Keypress: v held
383.7141	DATA	Keypress: v
383.9336	DATA	Keypress: v
384.1867	DATA	Keypress: v
384.4401	DATA	Keypress: v
384.5405	DATA	Keypress: v held
384.5406	DATA	earn v
384.6339	DATA	Keypress: v
384.8623	DATA	Keypress: v
385.3520	DATA	Keypress: v
385.5882	DATA	Keypress: v
385.9261	DATA	Keypress: v
386.1795	DATA	Keypress: v
386.3988	DATA	Keypress: v
386.5668	DATA	Keypress: v held
386.6690	DATA	Keypress: v
386.9224	DATA	Keypress: v
387.1418	DATA	Keypress: v
387.3714	DATA	Keypress: v
392.5547	DATA	Keypress: t
395.8137	DATA	start rating L
395.8140	DATA	6
395.8141	DATA	end rating L
403.7668	DATA	start rating R
403.7671	DATA	4
403.7672	DATA	end rating R
404.6351	DATA	Keypress: v
404.8884	DATA	Keypress: v
404.9213	DATA	Keypress: v held
404.9213	DATA	earn v
405.1585	DATA	Keypress: v
405.5808	DATA	Keypress: v
406.1388	DATA	Keypress: v
406.4080	DATA	Keypress: v
406.6443	DATA	Keypress: v
406.8471	DATA	Keypress: v
406.9475	DATA	Keypress: v held
407.0327	DATA	Keypress: v
407.2523	DATA	Keypress: v
407.5056	DATA	Keypress: v
407.7251	DATA	Keypress: v
407.9784	DATA	Keypress: v
408.0113	DATA	Keypress: v held
408.2317	DATA	Keypress: v
408.4849	DATA	Keypress: v
408.7214	DATA	Keypress: v
408.9241	DATA	Keypress: v
409.0244	DATA	Keypress: v held
409.1773	DATA	Keypress: v
409.5147	DATA	Keypress: v
409.8190	DATA	Keypress: v
410.0723	DATA	Keypress: v
410.1050	DATA	Keypress: v held
410.1051	DATA	earn v
410.2917	DATA	Keypress: v
410.7137	DATA	Keypress: v
411.4399	DATA	Keypress: t
411.6932	DATA	Keypress: t
411.9297	DATA	Keypress: t
412.1659	DATA	Keypress: t
412.1988	DATA	Keypress: t held
412.3686	DATA	Keypress: t
412.6220	DATA	Keypress: t
412.8415	DATA	Keypress: t
413.0778	DATA	Keypress: t
413.2120	DATA	Keypress: t held
413.2973	DATA	Keypress: t
413.5337	DATA	Keypress: t
413.7701	DATA	Keypress: t
413.9894	DATA	Keypress: t
414.2269	DATA	Keypress: t
414.2588	DATA	Keypress: t held
414.4624	DATA	Keypress: t
414.6830	DATA	Keypress: t
414.9183	DATA	Keypress: t
415.1377	DATA	Keypress: t
415.2720	DATA	Keypress: t held
415.3742	DATA	Keypress: t
415.5762	DATA	Keypress: t
415.8295	DATA	Keypress: t
416.0491	DATA	Keypress: t
416.2516	DATA	Keypress: t
416.2849	DATA	Keypress: t held
416.4542	DATA	Keypress: t
417.1297	DATA	Keypress: v
417.2985	DATA	Keypress: v
417.3318	DATA	Keypress: v held
417.5518	DATA	Keypress: v
417.7376	DATA	Keypress: v
417.9570	DATA	Keypress: v
418.2104	DATA	Keypress: v
418.3449	DATA	Keypress: v held
418.4300	DATA	Keypress: v
418.6831	DATA	Keypress: v
418.9195	DATA	Keypress: v
419.1559	DATA	Keypress: v
419.4091	DATA	Keypress: v
419.4425	DATA	Keypress: v held
419.6625	DATA	Keypress: v
419.8989	DATA	Keypress: v
420.1352	DATA	Keypress: v
420.3547	DATA	Keypress: v
420.4556	DATA	Keypress: v held
420.5743	DATA	Keypress: v
420.8276	DATA	Keypress: v
421.1145	DATA	Keypress: v
421.3511	DATA	Keypress: v
421.4689	DATA	Keypress: v held
421.6050	DATA	Keypress: v
421.8414	DATA	Keypress: v
422.0945	DATA	Keypress: v
422.3478	DATA	Keypress: v
422.4818	DATA	Keypress: v held
422.4819	DATA	earn v
422.6013	DATA	Keypress: v
422.8375	DATA	Keypress: v
423.0920	DATA	Keypress: v
423.6820	DATA	Keypress: v
423.9349	DATA	Keypress: v
424.1713	DATA	Keypress: v
424.4079	DATA	Keypress: v
424.5083	DATA	Keypress: v held
424.6106	DATA	Keypress: v
424.8301	DATA	Keypress: v
425.0495	DATA	Keypress: v
425.2857	DATA	Keypress: v
425.5055	DATA	Keypress: v
425.5383	DATA	Keypress: v held
425.5383	DATA	earn v
425.7419	DATA	Keypress: v
425.9797	DATA	Keypress: v
426.1809	DATA	Keypress: v
426.4341	DATA	Keypress: v
426.6537	DATA	Keypress: v
426.9069	DATA	Keypress: v
427.1265	DATA	Keypress: v
427.3629	DATA	Keypress: v
427.5484	DATA	Keypress: v
427.5815	DATA	Keypress: v held
427.7848	DATA	Keypress: v
428.0551	DATA	Keypress: v
428.2917	DATA	Keypress: v
429.1189	DATA	Keypress: t
429.1518	DATA	Keypress: t held
429.3046	DATA	Keypress: t
429.5241	DATA	Keypress: t
429.7436	DATA	Keypress: t
429.9801	DATA	Keypress: t
430.1996	DATA	Keypress: t
430.2324	DATA	Keypress: t held
430.4360	DATA	Keypress: t
430.6894	DATA	Keypress: t
430.9425	DATA	Keypress: t
431.1957	DATA	Keypress: t
431.2455	DATA	Keypress: t held
431.4660	DATA	Keypress: t
431.6854	DATA	Keypress: t
431.9050	DATA	Keypress: t
432.1245	DATA	Keypress: t
432.2587	DATA	Keypress: t held
432.3609	DATA	Keypress: t
432.5974	DATA	Keypress: t
433.0026	DATA	Keypress: t
433.3403	DATA	Keypress: t
433.3731	DATA	Keypress: t held
433.6104	DATA	Keypress: t
433.8637	DATA	Keypress: t
434.1001	DATA	Keypress: t
435.0119	DATA	Keypress: v
435.0448	DATA	Keypress: v held
435.2990	DATA	Keypress: v
435.7040	DATA	Keypress: v
435.9247	DATA	Keypress: v
436.0579	DATA	Keypress: v held
436.1432	DATA	Keypress: v
436.3625	DATA	Keypress: v
436.5823	DATA	Keypress: v
436.8019	DATA	Keypress: v
437.0042	DATA	Keypress: v
437.0710	DATA	Keypress: v held
437.2578	DATA	Keypress: v
437.4771	DATA	Keypress: v
437.7136	DATA	Keypress: v
437.9669	DATA	Keypress: v
438.0841	DATA	Keypress: v held
438.2371	DATA	Keypress: v
438.4735	DATA	Keypress: v
438.6929	DATA	Keypress: v
438.9630	DATA	Keypress: v
439.0973	DATA	Keypress: v held
439.1995	DATA	Keypress: v
439.4696	DATA	Keypress: v
439.7903	DATA	Keypress: v
440.1619	DATA	Keypress: v
440.1948	DATA	Keypress: v held
440.4997	DATA	Keypress: v
440.8372	DATA	Keypress: v
441.1918	DATA	Keypress: v
441.2247	DATA	Keypress: v held
441.5632	DATA	Keypress: v
441.8674	DATA	Keypress: v
442.5766	DATA	Keypress: t
442.6095	DATA	Keypress: t held
442.6095	DATA	earn t
442.8636	DATA	Keypress: t
443.2011	DATA	Keypress: t
443.4715	DATA	Keypress: t
443.7755	DATA	Keypress: t
444.0457	DATA	Keypress: t
444.3168	DATA	Keypress: t
444.6198	DATA	Keypress: t
444.6526	DATA	Keypress: t held
444.8730	DATA	Keypress: t
445.1601	DATA	Keypress: t
445.4302	DATA	Keypress: t
445.7173	DATA	Keypress: t
445.7501	DATA	Keypress: t held
445.9874	DATA	Keypress: t
446.2576	DATA	Keypress: t
446.5109	DATA	Keypress: t
446.8317	DATA	Keypress: t
446.8646	DATA	Keypress: t held
447.4057	DATA	Keypress: t
447.7097	DATA	Keypress: t
447.8777	DATA	Keypress: t held
447.9799	DATA	Keypress: t
448.1825	DATA	Keypress: t
448.5202	DATA	Keypress: t
448.8917	DATA	Keypress: t
448.9245	DATA	Keypress: t held
449.1956	DATA	Keypress: t
449.9724	DATA	Keypress: v
450.0052	DATA	Keypress: v held
450.2425	DATA	Keypress: v
450.5464	DATA	Keypress: v
450.8166	DATA	Keypress: v
451.0700	DATA	Keypress: v
451.1027	DATA	Keypress: v held
451.3412	DATA	Keypress: v
451.6440	DATA	Keypress: v
451.9481	DATA	Keypress: v
452.1159	DATA	Keypress: v held
452.2181	DATA	Keypress: v
452.4884	DATA	Keypress: v
452.7754	DATA	Keypress: v
453.0294	DATA	Keypress: v
453.1290	DATA	Keypress: v held
453.2819	DATA	Keypress: v
453.5859	DATA	Keypress: v
453.8223	DATA	Keypress: v
454.0924	DATA	Keypress: v
454.1421	DATA	Keypress: v held
454.1422	DATA	earn v
454.3626	DATA	Keypress: v
454.6834	DATA	Keypress: v
454.9705	DATA	Keypress: v
455.3081	DATA	Keypress: v
455.6120	DATA	Keypress: v
455.8823	DATA	Keypress: v
456.1017	DATA	Keypress: v
456.1684	DATA	Keypress: v held
456.3550	DATA	Keypress: v
456.5912	DATA	Keypress: v
456.8279	DATA	Keypress: v
457.0811	DATA	Keypress: v
457.1815	DATA	Keypress: v held
457.3513	DATA	Keypress: v
457.6217	DATA	Keypress: v
457.9096	DATA	Keypress: v
458.5840	DATA	Keypress: t
458.6168	DATA	Keypress: t held
458.8878	DATA	Keypress: t
459.1581	DATA	Keypress: t
459.4451	DATA	Keypress: t
459.6299	DATA	Keypress: t held
459.6300	DATA	earn t
459.7433	DATA	Keypress: t
459.9517	DATA	Keypress: t
460.2557	DATA	Keypress: t
460.6778	DATA	Keypress: t
460.9310	DATA	Keypress: t
461.1504	DATA	Keypress: t
461.3869	DATA	Keypress: t
461.6066	DATA	Keypress: t
461.6562	DATA	Keypress: t held
461.8091	DATA	Keypress: t
462.0455	DATA	Keypress: t
462.2648	DATA	Keypress: t
462.5182	DATA	Keypress: t
462.6691	DATA	Keypress: t held
462.6691	DATA	earn t
462.7654	DATA	Keypress: t
462.9741	DATA	Keypress: t
463.2105	DATA	Keypress: t
463.4468	DATA	Keypress: t
463.7165	DATA	Keypress: t
463.9659	DATA	Keypress: t
464.1997	DATA	Keypress: t
468.3196	DATA	Keypress: v
469.3666	DATA	Keypress: v
472.9426	DATA	start rating L
472.9429	DATA	3
472.9430	DATA	end rating L
473.6180	DATA	Keypress: v
477.1343	DATA	start rating R
477.1346	DATA	5
477.1347	DATA	end rating R
478.0866	DATA	Keypress: v
478.1532	DATA	Keypress: v held
478.3568	DATA	Keypress: v
478.5932	DATA	Keypress: v
478.7958	DATA	Keypress: v
478.9984	DATA	Keypress: v
479.2010	DATA	Keypress: v
479.2339	DATA	Keypress: v held
479.4036	DATA	Keypress: v
479.6401	DATA	Keypress: v
479.8596	DATA	Keypress: v
480.0631	DATA	Keypress: v
480.2817	DATA	Keypress: v
480.3145	DATA	Keypress: v held
480.4843	DATA	Keypress: v
480.7036	DATA	Keypress: v
480.9064	DATA	Keypress: v
481.1270	DATA	Keypress: v
481.3286	DATA	Keypress: v
481.3614	DATA	Keypress: v held
481.5143	DATA	Keypress: v
482.1556	DATA	Keypress: t
482.3754	DATA	Keypress: t
482.4084	DATA	Keypress: t held
482.4084	DATA	earn t
482.6119	DATA	Keypress: t
482.8483	DATA	Keypress: t
483.2028	DATA	Keypress: t
483.4898	DATA	Keypress: t
483.7436	DATA	Keypress: t
483.9964	DATA	Keypress: t
484.2498	DATA	Keypress: t
484.4345	DATA	Keypress: t held
484.5198	DATA	Keypress: t
484.9420	DATA	Keypress: t
485.1784	DATA	Keypress: t
485.3990	DATA	Keypress: t
485.4477	DATA	Keypress: t held
485.6344	DATA	Keypress: t
485.8877	DATA	Keypress: t
486.1241	DATA	Keypress: t
486.3604	DATA	Keypress: t
486.4607	DATA	Keypress: t held
486.6137	DATA	Keypress: t
486.7994	DATA	Keypress: t
487.0697	DATA	Keypress: t
487.3060	DATA	Keypress: t
487.4739	DATA	Keypress: t held
487.5423	DATA	Keypress: t
487.7787	DATA	Keypress: t
487.9983	DATA	Keypress: t
488.3022	DATA	Keypress: t
488.4870	DATA	Keypress: t held
488.5725	DATA	Keypress: t
488.8426	DATA	Keypress: t
489.0790	DATA	Keypress: t
489.2647	DATA	Keypress: t
489.5011	DATA	Keypress: t
489.5339	DATA	Keypress: t held
489.7374	DATA	Keypress: t
489.9908	DATA	Keypress: t
490.1934	DATA	Keypress: t
490.8514	DATA	Keypress: v
490.8846	DATA	Keypress: v held
491.1728	DATA	Keypress: v
491.4258	DATA	Keypress: v
491.6795	DATA	Keypress: v
491.9664	DATA	Keypress: v
491.9992	DATA	Keypress: v held
491.9992	DATA	earn v
492.2028	DATA	Keypress: v
492.4729	DATA	Keypress: v
493.1990	DATA	Keypress: v
493.4521	DATA	Keypress: v
493.6717	DATA	Keypress: v
493.9082	DATA	Keypress: v
494.0255	DATA	Keypress: v held
494.1118	DATA	Keypress: v
494.3303	DATA	Keypress: v
494.5496	DATA	Keypress: v
494.7523	DATA	Keypress: v
495.0058	DATA	Keypress: v
495.0386	DATA	Keypress: v held
495.2083	DATA	Keypress: v
495.4448	DATA	Keypress: v
495.6811	DATA	Keypress: v
495.9176	DATA	Keypress: v
496.0519	DATA	Keypress: v held
496.1538	DATA	Keypress: v
496.4410	DATA	Keypress: v
496.6605	DATA	Keypress: v
496.8798	DATA	Keypress: v
497.0649	DATA	Keypress: v held
497.1163	DATA	Keypress: v
497.3361	DATA	Keypress: v
497.5383	DATA	Keypress: v
497.7914	DATA	Keypress: v
498.0276	DATA	Keypress: v
498.0778	DATA	Keypress: v held
498.7030	DATA	Keypress: t
498.9733	DATA	Keypress: t
499.0909	DATA	Keypress: t held
499.1928	DATA	Keypress: t
499.4460	DATA	Keypress: t
499.8007	DATA	Keypress: t
500.1049	DATA	Keypress: t
500.1377	DATA	Keypress: t held
500.4760	DATA	Keypress: t
500.7630	DATA	Keypress: t
501.0163	DATA	Keypress: t
501.1509	DATA	Keypress: t held
501.1510	DATA	earn t
501.2818	DATA	Keypress: t
501.5059	DATA	Keypress: t
502.3502	DATA	Keypress: t
502.6036	DATA	Keypress: t
502.8400	DATA	Keypress: t
503.1271	DATA	Keypress: t
503.1772	DATA	Keypress: t held
503.5153	DATA	Keypress: t
503.8192	DATA	Keypress: t
504.0395	DATA	Keypress: t
504.1902	DATA	Keypress: t held
504.2588	DATA	Keypress: t
504.4952	DATA	Keypress: t
504.7317	DATA	Keypress: t
504.9522	DATA	Keypress: t
505.2382	DATA	Keypress: t
505.2711	DATA	Keypress: t held
505.5084	DATA	Keypress: t
505.7448	DATA	Keypress: t
506.4708	DATA	Keypress: v
506.5037	DATA	Keypress: v held
506.7749	DATA	Keypress: v
507.0788	DATA	Keypress: v
507.3320	DATA	Keypress: v
507.5168	DATA	Keypress: v held
507.6191	DATA	Keypress: v
507.9905	DATA	Keypress: v
508.6322	DATA	Keypress: v
508.6651	DATA	Keypress: v held
508.8855	DATA	Keypress: v
509.1048	DATA	Keypress: v
509.3414	DATA	Keypress: v
509.5608	DATA	Keypress: v
509.6782	DATA	Keypress: v held
509.7804	DATA	Keypress: v
510.0168	DATA	Keypress: v
510.2194	DATA	Keypress: v
510.4727	DATA	Keypress: v
511.1648	DATA	Keypress: t
511.1978	DATA	Keypress: t held
511.4012	DATA	Keypress: t
511.6716	DATA	Keypress: t
511.9415	DATA	Keypress: t
512.1949	DATA	Keypress: t
512.2279	DATA	Keypress: t held
512.2279	DATA	earn t
512.4482	DATA	Keypress: t
512.7016	DATA	Keypress: t
513.2452	DATA	Keypress: t
513.4951	DATA	Keypress: t
513.6979	DATA	Keypress: t
514.2719	DATA	Keypress: v
514.3047	DATA	Keypress: v held
514.5083	DATA	Keypress: v
514.7448	DATA	Keypress: v
514.9808	DATA	Keypress: v
515.2176	DATA	Keypress: v
515.3179	DATA	Keypress: v held
515.4369	DATA	Keypress: v
515.6734	DATA	Keypress: v
515.8760	DATA	Keypress: v
516.0956	DATA	Keypress: v
516.7710	DATA	Keypress: t
516.8037	DATA	Keypress: t held
516.9905	DATA	Keypress: t
517.1931	DATA	Keypress: t
517.4801	DATA	Keypress: t
517.8010	DATA	Keypress: t
517.8338	DATA	Keypress: t held
517.8338	DATA	earn t
518.0882	DATA	Keypress: t
518.3075	DATA	Keypress: t
518.8141	DATA	Keypress: t
519.0505	DATA	Keypress: t
519.2531	DATA	Keypress: t
519.9285	DATA	Keypress: v
519.9614	DATA	Keypress: v held
520.1312	DATA	Keypress: v
520.3844	DATA	Keypress: v
520.6208	DATA	Keypress: v
520.8405	DATA	Keypress: v
520.9745	DATA	Keypress: v held
521.0599	DATA	Keypress: v
521.2791	DATA	Keypress: v
521.5494	DATA	Keypress: v
521.7859	DATA	Keypress: v
522.0054	DATA	Keypress: v
522.0383	DATA	Keypress: v held
522.2080	DATA	Keypress: v
522.4107	DATA	Keypress: v
522.6468	DATA	Keypress: v
522.8496	DATA	Keypress: v
523.0523	DATA	Keypress: v
523.0852	DATA	Keypress: v held
523.2900	DATA	Keypress: v
523.5082	DATA	Keypress: v
523.7278	DATA	Keypress: v
523.9136	DATA	Keypress: v
524.1668	DATA	Keypress: v
524.1996	DATA	Keypress: v held
524.3694	DATA	Keypress: v
524.5721	DATA	Keypress: v
525.0955	DATA	Keypress: t
525.2126	DATA	Keypress: t held
525.2980	DATA	Keypress: t
525.5344	DATA	Keypress: t
525.7371	DATA	Keypress: t
525.9734	DATA	Keypress: t
526.2099	DATA	Keypress: t
526.2428	DATA	Keypress: t held
526.2428	DATA	earn t
526.4463	DATA	Keypress: t
526.6659	DATA	Keypress: t
526.8854	DATA	Keypress: t
527.4591	DATA	Keypress: t
527.6958	DATA	Keypress: t
527.9153	DATA	Keypress: t
528.1855	DATA	Keypress: t
528.2690	DATA	Keypress: t held
528.4049	DATA	Keypress: t
528.6416	DATA	Keypress: t
528.8609	DATA	Keypress: t
529.0635	DATA	Keypress: t
529.2662	DATA	Keypress: t
529.2990	DATA	Keypress: t held
529.4857	DATA	Keypress: t
529.7219	DATA	Keypress: t
529.9753	DATA	Keypress: t
530.1780	DATA	Keypress: t
530.3121	DATA	Keypress: t held
530.3122	DATA	earn t
530.4179	DATA	Keypress: t
530.6183	DATA	Keypress: t
531.4781	DATA	Keypress: v
531.7146	DATA	Keypress: v
531.9341	DATA	Keypress: v
532.1198	DATA	Keypress: v
532.3226	DATA	Keypress: v
532.3552	DATA	Keypress: v held
532.5418	DATA	Keypress: v
532.7276	DATA	Keypress: v
532.9134	DATA	Keypress: v
533.0992	DATA	Keypress: v
533.3018	DATA	Keypress: v
533.3682	DATA	Keypress: v held
533.4875	DATA	Keypress: v
533.6733	DATA	Keypress: v
533.9097	DATA	Keypress: v
534.1629	DATA	Keypress: v
534.4162	DATA	Keypress: v
534.4490	DATA	Keypress: v held
534.6694	DATA	Keypress: v
534.8890	DATA	Keypress: v
535.1254	DATA	Keypress: v
535.3278	DATA	Keypress: v
535.4621	DATA	Keypress: v held
535.5138	DATA	Keypress: v
535.6658	DATA	Keypress: v
535.8020	DATA	Keypress: v
535.9357	DATA	Keypress: v
536.1048	DATA	Keypress: v
536.3406	DATA	Keypress: v
536.4753	DATA	Keypress: v held
536.5437	DATA	Keypress: v
536.7633	DATA	Keypress: v
536.9828	DATA	Keypress: v
537.2870	DATA	Keypress: v
537.3984	DATA	Keypress: v
538.9856	DATA	Keypress: t
543.1705	DATA	start rating L
543.1709	DATA	6
543.1710	DATA	end rating L
545.6851	DATA	Keypress: t
546.2420	DATA	Keypress: t
547.2895	DATA	start rating R
547.2898	DATA	2
547.2899	DATA	end rating R
548.6843	DATA	Keypress: v
548.7172	DATA	Keypress: v held
548.9385	DATA	Keypress: v
549.2415	DATA	Keypress: v
549.4610	DATA	Keypress: v
549.6804	DATA	Keypress: v
549.7304	DATA	Keypress: v held
549.9169	DATA	Keypress: v
550.1872	DATA	Keypress: v
550.4404	DATA	Keypress: v
550.6938	DATA	Keypress: v
550.7435	DATA	Keypress: v held
550.9299	DATA	Keypress: v
551.1666	DATA	Keypress: v
551.3860	DATA	Keypress: v
551.6224	DATA	Keypress: v
551.7566	DATA	Keypress: v held
551.8926	DATA	Keypress: v
552.0952	DATA	Keypress: v
552.3484	DATA	Keypress: v
552.5510	DATA	Keypress: v
552.9565	DATA	Keypress: t
552.9892	DATA	Keypress: t held
553.2096	DATA	Keypress: t
553.4460	DATA	Keypress: t
553.6834	DATA	Keypress: t
553.9358	DATA	Keypress: t
554.0023	DATA	Keypress: t held
554.1722	DATA	Keypress: t
554.4085	DATA	Keypress: t
554.6278	DATA	Keypress: t
554.8813	DATA	Keypress: t
555.0155	DATA	Keypress: t held
555.1176	DATA	Keypress: t
555.3541	DATA	Keypress: t
555.6074	DATA	Keypress: t
556.1983	DATA	Keypress: v
556.2312	DATA	Keypress: v held
556.2312	DATA	earn v
556.4010	DATA	Keypress: v
556.6205	DATA	Keypress: v
556.8920	DATA	Keypress: v
557.1792	DATA	Keypress: v
557.5154	DATA	Keypress: v
557.7348	DATA	Keypress: v
557.9713	DATA	Keypress: v
558.2246	DATA	Keypress: v
558.2574	DATA	Keypress: v held
558.4779	DATA	Keypress: v
558.7650	DATA	Keypress: v
559.0351	DATA	Keypress: v
559.3053	DATA	Keypress: v
559.3381	DATA	Keypress: v held
559.5076	DATA	Keypress: v
559.7274	DATA	Keypress: v
560.0146	DATA	Keypress: v
560.4028	DATA	Keypress: t
560.4356	DATA	Keypress: t held
560.6730	DATA	Keypress: t
560.9093	DATA	Keypress: t
561.1120	DATA	Keypress: t
561.3147	DATA	Keypress: t
561.4488	DATA	Keypress: t held
561.5173	DATA	Keypress: t
561.7537	DATA	Keypress: t
561.9563	DATA	Keypress: t
562.1757	DATA	Keypress: t
562.3953	DATA	Keypress: t
562.4619	DATA	Keypress: t held
562.4619	DATA	earn t
562.6149	DATA	Keypress: t
562.8850	DATA	Keypress: t
563.2396	DATA	Keypress: t
563.6955	DATA	Keypress: t
563.9825	DATA	Keypress: t
564.3540	DATA	Keypress: t
564.4881	DATA	Keypress: t held
565.1644	DATA	Keypress: t
565.6206	DATA	Keypress: v
565.6533	DATA	Keypress: v held
565.9416	DATA	Keypress: v
566.2620	DATA	Keypress: v
566.4816	DATA	Keypress: v
566.6674	DATA	Keypress: v
566.7000	DATA	Keypress: v held
566.7001	DATA	earn v
566.8698	DATA	Keypress: v
567.0390	DATA	Keypress: v
567.4444	DATA	Keypress: v
567.6297	DATA	Keypress: v
567.8324	DATA	Keypress: v
568.0360	DATA	Keypress: v
568.2881	DATA	Keypress: v
568.4910	DATA	Keypress: v
568.7271	DATA	Keypress: v
568.7602	DATA	Keypress: v held
568.7603	DATA	earn v
568.9481	DATA	Keypress: v
569.3014	DATA	Keypress: v
569.5885	DATA	Keypress: v
569.9093	DATA	Keypress: v
570.1795	DATA	Keypress: v
570.4664	DATA	Keypress: v
570.7199	DATA	Keypress: v
570.7864	DATA	Keypress: v held
571.0923	DATA	Keypress: t
571.4121	DATA	Keypress: t
571.6654	DATA	Keypress: t
571.7995	DATA	Keypress: t held
571.8511	DATA	Keypress: t
572.0537	DATA	Keypress: t
572.3746	DATA	Keypress: t
572.6110	DATA	Keypress: t
572.8305	DATA	Keypress: t
572.8633	DATA	Keypress: t held
573.0668	DATA	Keypress: t
573.2694	DATA	Keypress: t
573.5228	DATA	Keypress: t
573.7255	DATA	Keypress: t
573.8765	DATA	Keypress: t held
573.8765	DATA	earn t
573.9828	DATA	Keypress: t
574.1645	DATA	Keypress: t
574.4346	DATA	Keypress: t
574.6541	DATA	Keypress: t
574.8567	DATA	Keypress: t
575.0593	DATA	Keypress: t
575.2620	DATA	Keypress: t
575.4984	DATA	Keypress: t
575.7179	DATA	Keypress: t
575.9027	DATA	Keypress: t held
576.1409	DATA	Keypress: v
576.4439	DATA	Keypress: v
576.6635	DATA	Keypress: v
576.8661	DATA	Keypress: v
576.9158	DATA	Keypress: v held
577.3567	DATA	Keypress: v
577.6091	DATA	Keypress: v
577.7781	DATA	Keypress: v
577.9465	DATA	Keypress: v
577.9796	DATA	Keypress: v held
578.1326	DATA	Keypress: v
578.3182	DATA	Keypress: v
578.5210	DATA	Keypress: v
578.7067	DATA	Keypress: v
578.8926	DATA	Keypress: v
578.9927	DATA	Keypress: v held
579.0950	DATA	Keypress: v
579.2807	DATA	Keypress: v
579.4831	DATA	Keypress: v
579.6691	DATA	Keypress: v
579.8548	DATA	Keypress: v
580.0405	DATA	Keypress: v
580.0734	DATA	Keypress: v held
580.2601	DATA	Keypress: v
580.4626	DATA	Keypress: v
580.6990	DATA	Keypress: v
580.9186	DATA	Keypress: v
581.0865	DATA	Keypress: v held
581.3410	DATA	Keypress: t
581.5264	DATA	Keypress: t
581.7798	DATA	Keypress: t
581.9823	DATA	Keypress: t
582.0996	DATA	Keypress: t held
582.1850	DATA	Keypress: t
582.3708	DATA	Keypress: t
582.5734	DATA	Keypress: t
582.7759	DATA	Keypress: t
582.9954	DATA	Keypress: t
583.1126	DATA	Keypress: t held
583.2150	DATA	Keypress: t
583.4176	DATA	Keypress: t
583.6201	DATA	Keypress: t
583.8229	DATA	Keypress: t
584.0256	DATA	Keypress: t
584.1259	DATA	Keypress: t held
584.2620	DATA	Keypress: t
584.4983	DATA	Keypress: t
584.7516	DATA	Keypress: t
585.1390	DATA	Keypress: t held
585.1738	DATA	Keypress: t
585.6128	DATA	Keypress: v
585.7649	DATA	Keypress: v
585.9504	DATA	Keypress: v
586.1868	DATA	Keypress: v
586.2196	DATA	Keypress: v held
586.4061	DATA	Keypress: v
586.5921	DATA	Keypress: v
586.7948	DATA	Keypress: v
587.0142	DATA	Keypress: v
587.2337	DATA	Keypress: v
587.2666	DATA	Keypress: v held
587.4869	DATA	Keypress: v
587.7404	DATA	Keypress: v
587.9767	DATA	Keypress: v
588.1793	DATA	Keypress: v
588.2797	DATA	Keypress: v held
588.3653	DATA	Keypress: v
588.5846	DATA	Keypress: v
588.7872	DATA	Keypress: v
588.9729	DATA	Keypress: v
589.1586	DATA	Keypress: v
589.2928	DATA	Keypress: v held
589.2929	DATA	earn v
589.3901	DATA	Keypress: v
589.5470	DATA	Keypress: v
590.3417	DATA	Keypress: t
590.7797	DATA	Keypress: t
590.9654	DATA	Keypress: t
591.1849	DATA	Keypress: t
591.3190	DATA	Keypress: t held
591.3190	DATA	earn t
591.4246	DATA	Keypress: t
591.5732	DATA	Keypress: t
591.8095	DATA	Keypress: t
592.0123	DATA	Keypress: t
592.2149	DATA	Keypress: t
592.4344	DATA	Keypress: t
592.6538	DATA	Keypress: t
592.8904	DATA	Keypress: t
593.1098	DATA	Keypress: t
593.3122	DATA	Keypress: t
593.3453	DATA	Keypress: t held
593.5488	DATA	Keypress: t
593.7853	DATA	Keypress: t
593.9891	DATA	Keypress: t
594.2412	DATA	Keypress: t
594.3584	DATA	Keypress: t held
594.8997	DATA	Keypress: t
595.1023	DATA	Keypress: t
595.2881	DATA	Keypress: t
595.3715	DATA	Keypress: t held
595.4565	DATA	Keypress: t
596.4190	DATA	Keypress: v
596.4522	DATA	Keypress: v held
596.7740	DATA	Keypress: v
597.0104	DATA	Keypress: v
597.4156	DATA	Keypress: v
597.4653	DATA	Keypress: v held
597.4654	DATA	earn v
598.3781	DATA	Keypress: v
598.5813	DATA	Keypress: v
599.0029	DATA	Keypress: v
599.6781	DATA	Keypress: t
599.7111	DATA	Keypress: t held
599.9651	DATA	Keypress: t
600.2354	DATA	Keypress: t
600.6406	DATA	Keypress: t
600.7243	DATA	Keypress: t held
601.0463	DATA	Keypress: t
601.3331	DATA	Keypress: t
601.8058	DATA	Keypress: v
601.8387	DATA	Keypress: v held
601.8387	DATA	earn v
602.0760	DATA	Keypress: v
602.8550	DATA	Keypress: v
603.1395	DATA	Keypress: t
603.3255	DATA	Keypress: t
603.5111	DATA	Keypress: t
603.7644	DATA	Keypress: v
603.8650	DATA	Keypress: v held
604.0347	DATA	Keypress: v
604.3387	DATA	Keypress: v
604.5425	DATA	Keypress: v
604.8622	DATA	Keypress: v
604.8949	DATA	Keypress: v held
605.2503	DATA	Keypress: t
605.5375	DATA	Keypress: t
605.9081	DATA	Keypress: t held
606.2298	DATA	Keypress: v
606.7194	DATA	Keypress: v
607.2091	DATA	Keypress: t
607.2420	DATA	Keypress: t held
607.4323	DATA	Keypress: t
607.5715	DATA	Keypress: t
610.1234	DATA	Keypress: v
610.8662	DATA	start rating L
610.8665	DATA	4
610.8666	DATA	end rating L
611.4244	DATA	Keypress: v
612.7370	DATA	start rating R
612.7373	DATA	5
612.7373	DATA	end rating R
613.8451	DATA	Keypress: v
613.8779	DATA	Keypress: v held
613.8780	DATA	earn v
614.4532	DATA	Keypress: v
615.5166	DATA	Keypress: t
615.7699	DATA	Keypress: t
615.9042	DATA	Keypress: t held
616.0234	DATA	Keypress: t
616.4454	DATA	Keypress: v
616.8167	DATA	Keypress: v
616.9174	DATA	Keypress: v held
616.9174	DATA	earn v
617.1040	DATA	Keypress: v
617.4753	DATA	Keypress: v
617.7288	DATA	Keypress: v
618.0324	DATA	Keypress: t
618.2185	DATA	Keypress: t
618.4548	DATA	Keypress: t
618.9107	DATA	Keypress: t
618.9436	DATA	Keypress: t held
618.9436	DATA	earn t
619.0963	DATA	Keypress: t
620.1265	DATA	Keypress: v
620.3629	DATA	Keypress: v
620.5652	DATA	Keypress: v
620.7512	DATA	Keypress: v
620.9202	DATA	Keypress: v
620.9698	DATA	Keypress: v held
621.1224	DATA	Keypress: v
621.3422	DATA	Keypress: v
621.6797	DATA	Keypress: v
622.1183	DATA	Keypress: t
622.1516	DATA	Keypress: t held
622.2872	DATA	Keypress: t
622.5235	DATA	Keypress: t
622.7431	DATA	Keypress: t
622.9457	DATA	Keypress: t
623.1146	DATA	Keypress: t
623.1648	DATA	Keypress: t held
623.1648	DATA	earn t
623.2903	DATA	Keypress: t
623.4692	DATA	Keypress: t
624.4653	DATA	Keypress: v
624.6511	DATA	Keypress: v
624.8372	DATA	Keypress: v
625.0229	DATA	Keypress: v
625.2421	DATA	Keypress: v
625.2754	DATA	Keypress: v held
625.4615	DATA	Keypress: v
625.6310	DATA	Keypress: v
626.1876	DATA	Keypress: v
626.2884	DATA	Keypress: v held
626.5929	DATA	Keypress: v
626.7786	DATA	Keypress: v
626.9474	DATA	Keypress: v
627.7080	DATA	Keypress: t
627.7408	DATA	Keypress: t held
627.8937	DATA	Keypress: t
628.0797	DATA	Keypress: t
628.2652	DATA	Keypress: t
628.6704	DATA	Keypress: t
628.7540	DATA	Keypress: t held
629.1095	DATA	Keypress: v
629.6667	DATA	Keypress: v
629.7669	DATA	Keypress: v held
629.8525	DATA	Keypress: v
630.1563	DATA	Keypress: v
630.6461	DATA	Keypress: t
630.7802	DATA	Keypress: t held
630.8991	DATA	Keypress: t
631.1019	DATA	Keypress: t
631.4227	DATA	Keypress: t
631.7933	DATA	Keypress: t held
631.7934	DATA	earn t
632.8749	DATA	Keypress: t
633.0437	DATA	Keypress: t
633.2463	DATA	Keypress: t
633.4152	DATA	Keypress: t
633.6010	DATA	Keypress: t
633.7867	DATA	Keypress: t
633.8196	DATA	Keypress: t held
633.8197	DATA	earn t
633.9893	DATA	Keypress: t
634.1920	DATA	Keypress: t
634.7660	DATA	Keypress: t
634.9854	DATA	Keypress: t
635.1882	DATA	Keypress: t
635.3739	DATA	Keypress: t
635.5597	DATA	Keypress: t
635.7454	DATA	Keypress: t
635.8458	DATA	Keypress: t held
635.9481	DATA	Keypress: t
636.1339	DATA	Keypress: t
636.3364	DATA	Keypress: t
636.6234	DATA	Keypress: t
636.8589	DATA	Keypress: t held
636.8590	DATA	earn t
637.0120	DATA	Keypress: t
637.8392	DATA	Keypress: t
638.0081	DATA	Keypress: t
638.2106	DATA	Keypress: t
638.5990	DATA	Keypress: t
638.8017	DATA	Keypress: t
638.8851	DATA	Keypress: t held
638.9874	DATA	Keypress: t
639.1732	DATA	Keypress: t
639.3586	DATA	Keypress: t
639.5612	DATA	Keypress: t
639.7473	DATA	Keypress: t
639.8983	DATA	Keypress: t held
640.5577	DATA	Keypress: v
640.7773	DATA	Keypress: v
640.9114	DATA	Keypress: v held
640.9799	DATA	Keypress: v
641.2166	DATA	Keypress: v
641.4696	DATA	Keypress: v
641.6383	DATA	Keypress: v
641.9764	DATA	Keypress: t
642.0088	DATA	Keypress: t held
642.2641	DATA	Keypress: t
643.8504	DATA	Keypress: v
643.8833	DATA	Keypress: v held
644.0530	DATA	Keypress: v
644.2557	DATA	Keypress: v
644.3906	DATA	Keypress: v
644.7621	DATA	Keypress: t
644.8964	DATA	Keypress: t held
645.1844	DATA	Keypress: t
645.3700	DATA	Keypress: t
645.5728	DATA	Keypress: t
645.7416	DATA	Keypress: t
645.9095	DATA	Keypress: t held
645.9274	DATA	Keypress: t
646.0968	DATA	Keypress: t
647.5314	DATA	Keypress: t
647.5642	DATA	Keypress: t held
647.8016	DATA	Keypress: t
648.0042	DATA	Keypress: t
648.5108	DATA	Keypress: v
648.5773	DATA	Keypress: v held
648.7303	DATA	Keypress: v
648.9496	DATA	Keypress: v
649.1353	DATA	Keypress: v
649.3551	DATA	Keypress: v
649.5407	DATA	Keypress: v
649.5905	DATA	Keypress: v held
649.7265	DATA	Keypress: v
649.9123	DATA	Keypress: v
650.0811	DATA	Keypress: v
650.2668	DATA	Keypress: v
650.7397	DATA	Keypress: t
650.7725	DATA	Keypress: t held
651.1112	DATA	Keypress: t
651.4994	DATA	Keypress: t
651.8204	DATA	Keypress: t
651.8532	DATA	Keypress: t held
651.8532	DATA	earn t
652.0399	DATA	Keypress: t
652.9517	DATA	Keypress: t
653.1880	DATA	Keypress: t
653.3906	DATA	Keypress: t
653.5595	DATA	Keypress: t
653.7622	DATA	Keypress: t
653.8794	DATA	Keypress: t held
653.9479	DATA	Keypress: t
654.1843	DATA	Keypress: t
654.4207	DATA	Keypress: t
654.6233	DATA	Keypress: t
654.8259	DATA	Keypress: t
654.8925	DATA	Keypress: t held
654.8926	DATA	earn t
655.0089	DATA	Keypress: t
655.2312	DATA	Keypress: t
655.4000	DATA	Keypress: t
655.5858	DATA	Keypress: t
655.7546	DATA	Keypress: t
655.9100	DATA	Keypress: t
656.0924	DATA	Keypress: t
656.3118	DATA	Keypress: t
656.5144	DATA	Keypress: t
656.7002	DATA	Keypress: t
656.8690	DATA	Keypress: t
656.9188	DATA	Keypress: t held
657.0548	DATA	Keypress: t
657.2406	DATA	Keypress: t
657.4094	DATA	Keypress: t
657.5784	DATA	Keypress: t
657.7640	DATA	Keypress: t
657.8991	DATA	Keypress: t
657.9319	DATA	Keypress: t held
659.0473	DATA	Keypress: t
659.0801	DATA	Keypress: t held
659.2330	DATA	Keypress: t
659.4019	DATA	Keypress: t
660.0604	DATA	Keypress: v
660.0932	DATA	Keypress: v held
660.3643	DATA	Keypress: v
660.6007	DATA	Keypress: v
660.8202	DATA	Keypress: v
661.0229	DATA	Keypress: v
661.1063	DATA	Keypress: v held
661.8671	DATA	Keypress: t
662.0528	DATA	Keypress: t
662.1194	DATA	Keypress: t held
662.2216	DATA	Keypress: t
662.5594	DATA	Keypress: v
662.7783	DATA	Keypress: v
663.0315	DATA	Keypress: v
663.1324	DATA	Keypress: v held
663.2511	DATA	Keypress: v
663.4536	DATA	Keypress: v
663.6732	DATA	Keypress: v
663.8590	DATA	Keypress: v
664.0446	DATA	Keypress: v
664.1455	DATA	Keypress: v held
664.6020	DATA	Keypress: v
665.1929	DATA	Keypress: t
665.2262	DATA	Keypress: t held
665.2262	DATA	earn t
665.4292	DATA	Keypress: t
665.6994	DATA	Keypress: t
665.9021	DATA	Keypress: t
666.0709	DATA	Keypress: t
666.3748	DATA	Keypress: t
666.5612	DATA	Keypress: t
666.7464	DATA	Keypress: t
667.1516	DATA	Keypress: v
667.2525	DATA	Keypress: v held
668.1817	DATA	Keypress: t
668.2656	DATA	Keypress: t held
668.4179	DATA	Keypress: t
668.6037	DATA	Keypress: t
668.8240	DATA	Keypress: t
669.0266	DATA	Keypress: t
669.2291	DATA	Keypress: t
669.2789	DATA	Keypress: t held
669.4318	DATA	Keypress: t
669.6186	DATA	Keypress: t
669.8202	DATA	Keypress: t
670.0059	DATA	Keypress: t
670.1747	DATA	Keypress: t
670.2920	DATA	Keypress: t held
670.2921	DATA	earn t
670.3982	DATA	Keypress: t
671.5932	DATA	Keypress: v
671.8982	DATA	Keypress: v
672.1503	DATA	Keypress: v
672.8582	DATA	Keypress: t
673.0382	DATA	Keypress: t
675.1994	DATA	Keypress: v
675.5033	DATA	Keypress: v
675.9768	DATA	Keypress: v
676.3269	DATA	Keypress: v
677.6272	DATA	Keypress: v
678.4922	DATA	start rating L
678.4926	DATA	7
678.4927	DATA	end rating L
679.8265	DATA	Keypress: t
680.1101	DATA	Keypress: t
681.7004	DATA	Keypress: t
683.2715	DATA	start rating R
683.2718	DATA	1
683.2719	DATA	end rating R
