114.5766	DATA	version E
283.6023	DATA	Keypress: t
284.0414	DATA	Keypress: v
284.5479	DATA	Keypress: t
285.0210	DATA	Keypress: v
285.9666	DATA	Keypress: t
291.8452	DATA	Keypress: t
292.2645	DATA	Keypress: t
292.6529	DATA	Keypress: t
294.0884	DATA	Keypress: v
294.3417	DATA	Keypress: v
404.8226	DATA	Keypress: space
406.6298	DATA	Keypress: t
406.6627	DATA	Keypress: t held
406.8325	DATA	Keypress: t
407.0858	DATA	Keypress: t
407.6598	DATA	Keypress: t
407.6927	DATA	Keypress: t held
407.9131	DATA	Keypress: t
408.1327	DATA	Keypress: t
408.3857	DATA	Keypress: t
408.6054	DATA	Keypress: t
408.7058	DATA	Keypress: t held
408.8419	DATA	Keypress: t
409.0613	DATA	Keypress: t
409.3146	DATA	Keypress: t
409.8888	DATA	Keypress: t
409.9215	DATA	Keypress: t held
410.3446	DATA	Keypress: t
410.6485	DATA	Keypress: t
411.1045	DATA	Keypress: v
411.1373	DATA	Keypress: v held
411.4084	DATA	Keypress: v
411.6617	DATA	Keypress: v
411.8979	DATA	Keypress: v
412.1514	DATA	Keypress: v
412.1842	DATA	Keypress: v held
412.4044	DATA	Keypress: v
412.6241	DATA	Keypress: v
412.8435	DATA	Keypress: v
413.0800	DATA	Keypress: v
413.1972	DATA	Keypress: v held
413.3333	DATA	Keypress: v
413.5866	DATA	Keypress: v
413.8230	DATA	Keypress: v
414.1099	DATA	Keypress: v
414.2104	DATA	Keypress: v held
414.3476	DATA	Keypress: v
414.8032	DATA	Keypress: v
415.0218	DATA	Keypress: v
415.2583	DATA	Keypress: v
415.2911	DATA	Keypress: v held
415.2911	DATA	earn v
415.4946	DATA	Keypress: v
415.7156	DATA	Keypress: v
415.9167	DATA	Keypress: v
416.1362	DATA	Keypress: v
417.1663	DATA	Keypress: v
417.3174	DATA	Keypress: v held
417.5377	DATA	Keypress: v
417.7573	DATA	Keypress: v
418.0106	DATA	Keypress: v
418.2301	DATA	Keypress: v
418.3305	DATA	Keypress: v held
418.4158	DATA	Keypress: v
418.8040	DATA	Keypress: v
418.9730	DATA	Keypress: v
419.1420	DATA	Keypress: v
419.3108	DATA	Keypress: v
419.3436	DATA	Keypress: v held
419.4627	DATA	Keypress: v
419.6315	DATA	Keypress: v
419.7667	DATA	Keypress: v
419.9187	DATA	Keypress: v
420.0535	DATA	Keypress: v
420.2057	DATA	Keypress: v
420.3576	DATA	Keypress: v
420.3905	DATA	Keypress: v held
420.5600	DATA	Keypress: v
420.7292	DATA	Keypress: v
420.9149	DATA	Keypress: v
421.1174	DATA	Keypress: v
421.3539	DATA	Keypress: v
421.4036	DATA	Keypress: v held
421.5565	DATA	Keypress: v
421.9278	DATA	Keypress: t
422.1812	DATA	Keypress: t
422.4346	DATA	Keypress: t
422.4674	DATA	Keypress: t held
422.6710	DATA	Keypress: t
422.8905	DATA	Keypress: t
423.0929	DATA	Keypress: t
423.3126	DATA	Keypress: t
423.4805	DATA	Keypress: t held
423.5152	DATA	Keypress: t
423.7178	DATA	Keypress: t
423.9205	DATA	Keypress: t
424.1232	DATA	Keypress: t
424.3089	DATA	Keypress: t
424.5114	DATA	Keypress: t
424.5443	DATA	Keypress: t held
424.7310	DATA	Keypress: t
424.9336	DATA	Keypress: t
425.1531	DATA	Keypress: t
425.3558	DATA	Keypress: t
425.6091	DATA	Keypress: t
425.6418	DATA	Keypress: t held
425.9298	DATA	Keypress: t
426.3857	DATA	Keypress: t
426.7235	DATA	Keypress: t
426.7563	DATA	Keypress: t held
427.0444	DATA	Keypress: t
427.3324	DATA	Keypress: t
427.6015	DATA	Keypress: t
427.7694	DATA	Keypress: t held
427.8715	DATA	Keypress: t
428.1418	DATA	Keypress: t
428.6314	DATA	Keypress: t
428.7826	DATA	Keypress: t held
428.9354	DATA	Keypress: t
429.1211	DATA	Keypress: t
429.3069	DATA	Keypress: t
429.4759	DATA	Keypress: t
429.6277	DATA	Keypress: t
429.7957	DATA	Keypress: t held
429.9487	DATA	Keypress: t
430.1343	DATA	Keypress: t
430.3026	DATA	Keypress: t
430.4888	DATA	Keypress: t
430.6915	DATA	Keypress: t
430.8088	DATA	Keypress: t held
430.8773	DATA	Keypress: t
431.0798	DATA	Keypress: t
431.2992	DATA	Keypress: t
431.5020	DATA	Keypress: t
431.6878	DATA	Keypress: t
431.8219	DATA	Keypress: t held
431.8220	DATA	earn t
431.9257	DATA	Keypress: t
432.0762	DATA	Keypress: t
432.3125	DATA	Keypress: t
432.9708	DATA	Keypress: t
433.4101	DATA	Keypress: t
433.7310	DATA	Keypress: t
433.8482	DATA	Keypress: t held
434.2375	DATA	Keypress: v
434.4908	DATA	Keypress: v
434.7440	DATA	Keypress: v
434.8613	DATA	Keypress: v held
434.9645	DATA	Keypress: v
435.2002	DATA	Keypress: v
435.4532	DATA	Keypress: v
435.6727	DATA	Keypress: v
435.8753	DATA	Keypress: v
435.9080	DATA	Keypress: v held
435.9080	DATA	earn v
436.0780	DATA	Keypress: v
436.2637	DATA	Keypress: v
436.4662	DATA	Keypress: v
437.3105	DATA	Keypress: v
437.5469	DATA	Keypress: v
437.7663	DATA	Keypress: v
437.9861	DATA	Keypress: v
438.0188	DATA	Keypress: v held
438.1718	DATA	Keypress: v
438.3742	DATA	Keypress: v
438.5770	DATA	Keypress: v
438.7963	DATA	Keypress: v
438.9821	DATA	Keypress: v
439.0319	DATA	Keypress: v held
439.2018	DATA	Keypress: v
439.4212	DATA	Keypress: v
439.6577	DATA	Keypress: v
439.8613	DATA	Keypress: v
440.0967	DATA	Keypress: v
440.1295	DATA	Keypress: v held
440.1296	DATA	earn v
440.3327	DATA	Keypress: v
440.5357	DATA	Keypress: v
440.7553	DATA	Keypress: v
441.5151	DATA	Keypress: v
441.7852	DATA	Keypress: v
442.0385	DATA	Keypress: v
442.1558	DATA	Keypress: v held
442.2580	DATA	Keypress: v
442.4775	DATA	Keypress: v
442.6802	DATA	Keypress: v
442.8996	DATA	Keypress: v
443.0695	DATA	Keypress: v
443.1689	DATA	Keypress: v held
443.2881	DATA	Keypress: v
443.4906	DATA	Keypress: v
443.6771	DATA	Keypress: v
443.8790	DATA	Keypress: v
444.0817	DATA	Keypress: v
444.1820	DATA	Keypress: v held
444.2842	DATA	Keypress: v
444.4701	DATA	Keypress: v
444.6895	DATA	Keypress: v
444.8932	DATA	Keypress: v
445.1116	DATA	Keypress: v
445.1951	DATA	Keypress: v held
445.3312	DATA	Keypress: v
445.5502	DATA	Keypress: v
445.7871	DATA	Keypress: v
445.9897	DATA	Keypress: v
446.1923	DATA	Keypress: v
446.2251	DATA	Keypress: v held
446.3949	DATA	Keypress: v
446.5806	DATA	Keypress: v
446.7665	DATA	Keypress: v
446.9521	DATA	Keypress: v
447.1210	DATA	Keypress: v
447.2383	DATA	Keypress: v held
447.3067	DATA	Keypress: v
447.4756	DATA	Keypress: v
447.6456	DATA	Keypress: v
447.8471	DATA	Keypress: v
448.0835	DATA	Keypress: v
448.3030	DATA	Keypress: v
448.3357	DATA	Keypress: v held
448.5563	DATA	Keypress: v
448.8096	DATA	Keypress: v
449.1980	DATA	Keypress: t
449.3489	DATA	Keypress: t held
449.4512	DATA	Keypress: t
449.6538	DATA	Keypress: t
449.8564	DATA	Keypress: t
450.0420	DATA	Keypress: t
450.2277	DATA	Keypress: t
450.3620	DATA	Keypress: t held
450.4305	DATA	Keypress: t
450.6331	DATA	Keypress: t
450.8527	DATA	Keypress: t
451.0889	DATA	Keypress: t
451.3422	DATA	Keypress: t
451.3752	DATA	Keypress: t held
451.3752	DATA	earn t
451.6125	DATA	Keypress: t
451.8658	DATA	Keypress: t
452.3217	DATA	Keypress: t
452.5412	DATA	Keypress: t
452.7608	DATA	Keypress: t
452.9635	DATA	Keypress: t
453.1491	DATA	Keypress: t
453.3855	DATA	Keypress: t
453.4183	DATA	Keypress: t held
453.6387	DATA	Keypress: t
453.9089	DATA	Keypress: t
454.1620	DATA	Keypress: t
454.4155	DATA	Keypress: t
454.4483	DATA	Keypress: t held
454.6700	DATA	Keypress: t
454.9052	DATA	Keypress: t
455.1256	DATA	Keypress: t
455.3610	DATA	Keypress: t
455.4614	DATA	Keypress: t held
455.5817	DATA	Keypress: t
455.7998	DATA	Keypress: t
456.0194	DATA	Keypress: t
456.2224	DATA	Keypress: t
456.4587	DATA	Keypress: t
456.4914	DATA	Keypress: t held
456.6782	DATA	Keypress: t
456.9145	DATA	Keypress: t
457.1182	DATA	Keypress: t
457.3534	DATA	Keypress: t
457.5045	DATA	Keypress: t held
457.5732	DATA	Keypress: t
457.7756	DATA	Keypress: t
457.9952	DATA	Keypress: t
458.2147	DATA	Keypress: t
458.4341	DATA	Keypress: t
458.5177	DATA	Keypress: t held
458.6535	DATA	Keypress: t
458.8733	DATA	Keypress: t
459.0939	DATA	Keypress: t
459.3123	DATA	Keypress: t
459.5148	DATA	Keypress: t
459.5476	DATA	Keypress: t held
459.5477	DATA	earn t
459.7176	DATA	Keypress: t
459.9201	DATA	Keypress: t
460.1228	DATA	Keypress: t
460.6465	DATA	Keypress: t
460.8995	DATA	Keypress: t
461.1190	DATA	Keypress: t
461.3722	DATA	Keypress: t
461.6255	DATA	Keypress: t
461.6584	DATA	Keypress: t held
462.1659	DATA	Keypress: t
462.4529	DATA	Keypress: t
462.7061	DATA	Keypress: t
462.7391	DATA	Keypress: t held
462.7391	DATA	earn t
462.9933	DATA	Keypress: t
463.7195	DATA	Keypress: t
464.0062	DATA	Keypress: t
464.2766	DATA	Keypress: t
464.5296	DATA	Keypress: t
464.7832	DATA	Keypress: t
464.8160	DATA	Keypress: t held
465.0299	DATA	Keypress: t
472.1048	DATA	Keypress: v
472.7458	DATA	Keypress: v
472.9994	DATA	Keypress: v
474.3124	DATA	start rating L
474.3127	DATA	4
474.3128	DATA	end rating L
477.7402	DATA	Keypress: v
478.2166	DATA	Keypress: v
479.2129	DATA	start rating R
479.2133	DATA	6
479.2134	DATA	end rating R
481.1283	DATA	Keypress: v
481.1610	DATA	Keypress: v held
481.3994	DATA	Keypress: v
481.6010	DATA	Keypress: v
481.7867	DATA	Keypress: v
481.9556	DATA	Keypress: v
482.1414	DATA	Keypress: v
482.1742	DATA	Keypress: v held
482.1742	DATA	earn v
482.3273	DATA	Keypress: v
482.4960	DATA	Keypress: v
482.6987	DATA	Keypress: v
484.7755	DATA	Keypress: v
484.8083	DATA	Keypress: v held
484.9444	DATA	Keypress: v
485.1469	DATA	Keypress: v
485.3495	DATA	Keypress: v
485.5355	DATA	Keypress: v
485.7380	DATA	Keypress: v
485.8214	DATA	Keypress: v held
485.9237	DATA	Keypress: v
486.1094	DATA	Keypress: v
486.2952	DATA	Keypress: v
486.4809	DATA	Keypress: v
486.6835	DATA	Keypress: v
486.8862	DATA	Keypress: v
486.9190	DATA	Keypress: v held
486.9191	DATA	earn v
487.0721	DATA	Keypress: v
487.2743	DATA	Keypress: v
487.4600	DATA	Keypress: v
487.6628	DATA	Keypress: v
487.8316	DATA	Keypress: v
488.0172	DATA	Keypress: v
488.6929	DATA	Keypress: v
488.8958	DATA	Keypress: v
488.9450	DATA	Keypress: v held
489.0979	DATA	Keypress: v
489.3008	DATA	Keypress: v
489.4864	DATA	Keypress: v
489.6889	DATA	Keypress: v
489.8917	DATA	Keypress: v
489.9583	DATA	Keypress: v held
490.0944	DATA	Keypress: v
490.2802	DATA	Keypress: v
490.4827	DATA	Keypress: v
490.6854	DATA	Keypress: v
490.8880	DATA	Keypress: v
490.9715	DATA	Keypress: v held
491.0906	DATA	Keypress: v
491.3269	DATA	Keypress: v
491.5296	DATA	Keypress: v
491.7491	DATA	Keypress: v
491.9855	DATA	Keypress: v
492.0182	DATA	Keypress: v held
492.2556	DATA	Keypress: v
492.5089	DATA	Keypress: v
492.7454	DATA	Keypress: v
493.0155	DATA	Keypress: v
493.0484	DATA	Keypress: v held
493.2857	DATA	Keypress: v
493.5220	DATA	Keypress: v
493.7764	DATA	Keypress: v
493.9779	DATA	Keypress: v
494.0615	DATA	Keypress: v held
494.1806	DATA	Keypress: v
494.3664	DATA	Keypress: v
494.5521	DATA	Keypress: v
494.7716	DATA	Keypress: v
494.9574	DATA	Keypress: v
495.0746	DATA	Keypress: v held
495.1934	DATA	Keypress: v
495.4808	DATA	Keypress: v
495.7003	DATA	Keypress: v
495.9366	DATA	Keypress: v
496.0877	DATA	Keypress: v held
496.1391	DATA	Keypress: v
496.3759	DATA	Keypress: v
496.6289	DATA	Keypress: v
496.8653	DATA	Keypress: v
497.2707	DATA	Keypress: v
497.3035	DATA	Keypress: v held
497.5239	DATA	Keypress: v
497.7097	DATA	Keypress: v
497.9126	DATA	Keypress: v
498.0811	DATA	Keypress: v
498.2500	DATA	Keypress: v
498.3165	DATA	Keypress: v held
498.4355	DATA	Keypress: v
498.5877	DATA	Keypress: v
498.7396	DATA	Keypress: v
498.8917	DATA	Keypress: v
499.0436	DATA	Keypress: v
499.1785	DATA	Keypress: v
499.2969	DATA	Keypress: v
499.3297	DATA	Keypress: v held
499.5163	DATA	Keypress: v
499.7022	DATA	Keypress: v
499.8711	DATA	Keypress: v
500.1074	DATA	Keypress: v
500.5463	DATA	Keypress: t
500.5791	DATA	Keypress: t held
500.5791	DATA	earn t
500.7490	DATA	Keypress: t
500.9530	DATA	Keypress: t
501.2050	DATA	Keypress: t
501.6437	DATA	Keypress: t
501.8645	DATA	Keypress: t
502.0829	DATA	Keypress: t
502.2857	DATA	Keypress: t
502.5053	DATA	Keypress: t
502.6054	DATA	Keypress: t held
502.7246	DATA	Keypress: t
502.9444	DATA	Keypress: t
503.1804	DATA	Keypress: t
503.4337	DATA	Keypress: t
503.6872	DATA	Keypress: t
503.7199	DATA	Keypress: t held
503.9401	DATA	Keypress: t
504.1936	DATA	Keypress: t
504.4468	DATA	Keypress: t
504.6833	DATA	Keypress: t
504.7331	DATA	Keypress: t held
504.9195	DATA	Keypress: t
505.1560	DATA	Keypress: t
505.3926	DATA	Keypress: t
505.6289	DATA	Keypress: t
505.7460	DATA	Keypress: t held
505.7461	DATA	earn t
505.8653	DATA	Keypress: t
506.1017	DATA	Keypress: t
506.3550	DATA	Keypress: t
506.8785	DATA	Keypress: t
507.0642	DATA	Keypress: t
507.2668	DATA	Keypress: t
507.4863	DATA	Keypress: t
507.6720	DATA	Keypress: t
507.7725	DATA	Keypress: t held
507.8916	DATA	Keypress: t
508.1111	DATA	Keypress: t
508.3305	DATA	Keypress: t
508.5670	DATA	Keypress: t
508.7864	DATA	Keypress: t
508.8193	DATA	Keypress: t held
509.0060	DATA	Keypress: t
509.2255	DATA	Keypress: t
509.4280	DATA	Keypress: t
509.6307	DATA	Keypress: t
509.8334	DATA	Keypress: t
509.8662	DATA	Keypress: t held
510.0698	DATA	Keypress: t
510.2892	DATA	Keypress: t
510.5257	DATA	Keypress: t
510.7451	DATA	Keypress: t
510.8793	DATA	Keypress: t held
510.9816	DATA	Keypress: t
511.2015	DATA	Keypress: t
511.4374	DATA	Keypress: t
511.6907	DATA	Keypress: t
512.0970	DATA	Keypress: t
512.1288	DATA	Keypress: t held
512.4171	DATA	Keypress: t
512.6532	DATA	Keypress: t
512.8728	DATA	Keypress: t
513.0586	DATA	Keypress: t
513.1419	DATA	Keypress: t held
513.2611	DATA	Keypress: t
513.4637	DATA	Keypress: t
513.6833	DATA	Keypress: t
513.8519	DATA	Keypress: t
514.0885	DATA	Keypress: t
514.1551	DATA	Keypress: t held
514.3417	DATA	Keypress: t
514.6120	DATA	Keypress: t
514.8821	DATA	Keypress: t
515.1354	DATA	Keypress: t
515.1682	DATA	Keypress: t held
515.8615	DATA	Keypress: v
516.1148	DATA	Keypress: v
516.1813	DATA	Keypress: v held
516.7902	DATA	Keypress: v
517.2630	DATA	Keypress: v
517.2958	DATA	Keypress: v held
517.6017	DATA	Keypress: v
517.9381	DATA	Keypress: v
518.2254	DATA	Keypress: v
518.3087	DATA	Keypress: v held
518.4954	DATA	Keypress: v
518.7826	DATA	Keypress: v
519.0360	DATA	Keypress: v
519.2735	DATA	Keypress: v
519.3220	DATA	Keypress: v held
519.5256	DATA	Keypress: v
519.7788	DATA	Keypress: v
520.0491	DATA	Keypress: v
520.3023	DATA	Keypress: v
520.3351	DATA	Keypress: v held
520.5556	DATA	Keypress: v
520.8258	DATA	Keypress: v
521.0790	DATA	Keypress: v
521.3492	DATA	Keypress: v
521.3820	DATA	Keypress: v held
521.6532	DATA	Keypress: v
521.8896	DATA	Keypress: v
522.1428	DATA	Keypress: v
522.4130	DATA	Keypress: v
522.4458	DATA	Keypress: v held
522.6662	DATA	Keypress: v
522.8858	DATA	Keypress: v
523.0884	DATA	Keypress: v
523.3754	DATA	Keypress: v
523.4589	DATA	Keypress: v held
523.6287	DATA	Keypress: v
523.8652	DATA	Keypress: v
524.1015	DATA	Keypress: v
524.3379	DATA	Keypress: v
524.5235	DATA	Keypress: v
524.5565	DATA	Keypress: v held
524.5565	DATA	earn v
524.9289	DATA	Keypress: t
525.5537	DATA	Keypress: v
525.8239	DATA	Keypress: v
526.0433	DATA	Keypress: v
526.2628	DATA	Keypress: v
526.4655	DATA	Keypress: v
526.5827	DATA	Keypress: v held
526.5828	DATA	earn v
526.6965	DATA	Keypress: v
526.8707	DATA	Keypress: v
527.4447	DATA	Keypress: v
527.6813	DATA	Keypress: v
527.8839	DATA	Keypress: v
528.0864	DATA	Keypress: v
528.2903	DATA	Keypress: v
528.5086	DATA	Keypress: v
528.6089	DATA	Keypress: v held
528.6944	DATA	Keypress: v
528.8982	DATA	Keypress: v
529.1163	DATA	Keypress: v
529.3361	DATA	Keypress: v
529.5555	DATA	Keypress: v
529.6221	DATA	Keypress: v held
529.7921	DATA	Keypress: v
530.0115	DATA	Keypress: v
530.2478	DATA	Keypress: v
530.4842	DATA	Keypress: v
530.7208	DATA	Keypress: v
530.7535	DATA	Keypress: v held
530.7535	DATA	earn v
530.9402	DATA	Keypress: v
531.1765	DATA	Keypress: v
531.3623	DATA	Keypress: v
531.8182	DATA	Keypress: v
532.0377	DATA	Keypress: v
532.2403	DATA	Keypress: v
532.4089	DATA	Keypress: v
532.5781	DATA	Keypress: v
532.7638	DATA	Keypress: v
532.7966	DATA	Keypress: v held
532.9327	DATA	Keypress: v
533.1183	DATA	Keypress: v
533.3210	DATA	Keypress: v
533.5069	DATA	Keypress: v
533.7600	DATA	Keypress: v
533.8095	DATA	Keypress: v held
533.9963	DATA	Keypress: v
534.2497	DATA	Keypress: v
534.4861	DATA	Keypress: v
534.7066	DATA	Keypress: v
534.8227	DATA	Keypress: v held
534.9588	DATA	Keypress: v
535.1627	DATA	Keypress: v
535.3809	DATA	Keypress: v
535.6184	DATA	Keypress: v
535.8537	DATA	Keypress: v
535.8866	DATA	Keypress: v held
536.0900	DATA	Keypress: v
536.3265	DATA	Keypress: v
536.5629	DATA	Keypress: v
536.9851	DATA	Keypress: v
537.0180	DATA	Keypress: v held
537.1878	DATA	Keypress: v
537.3734	DATA	Keypress: v
537.5254	DATA	Keypress: v
537.6943	DATA	Keypress: v
537.8294	DATA	Keypress: v
537.9983	DATA	Keypress: v
538.0311	DATA	Keypress: v held
538.1671	DATA	Keypress: v
538.3190	DATA	Keypress: v
538.4540	DATA	Keypress: v
538.6229	DATA	Keypress: v
538.8087	DATA	Keypress: v
538.9787	DATA	Keypress: v
539.0442	DATA	Keypress: v held
539.1631	DATA	Keypress: v
539.3767	DATA	Keypress: v
541.6551	DATA	Keypress: t
541.9087	DATA	Keypress: t
542.1109	DATA	Keypress: t
542.3269	DATA	Keypress: t
543.4956	DATA	start rating L
543.4959	DATA	3
543.4960	DATA	end rating L
544.2349	DATA	Keypress: v
544.4206	DATA	Keypress: v
544.6568	DATA	Keypress: v
545.1335	DATA	start rating R
545.1338	DATA	7
545.1339	DATA	end rating R
546.4915	DATA	Keypress: t
546.5244	DATA	Keypress: t held
546.7448	DATA	Keypress: t
546.9315	DATA	Keypress: t
547.1162	DATA	Keypress: t
547.3019	DATA	Keypress: t
547.4540	DATA	Keypress: t
547.5375	DATA	Keypress: t held
547.6397	DATA	Keypress: t
547.8255	DATA	Keypress: t
548.0115	DATA	Keypress: t
548.3154	DATA	Keypress: t
548.5516	DATA	Keypress: t
548.5842	DATA	Keypress: t held
548.5843	DATA	earn t
548.7540	DATA	Keypress: t
548.9399	DATA	Keypress: t
549.1764	DATA	Keypress: t
549.6660	DATA	Keypress: t
549.8686	DATA	Keypress: t
550.0711	DATA	Keypress: t
550.2737	DATA	Keypress: t
550.4765	DATA	Keypress: t
550.6106	DATA	Keypress: t held
550.6793	DATA	Keypress: t
550.8818	DATA	Keypress: t
551.1013	DATA	Keypress: t
551.3377	DATA	Keypress: t
551.5739	DATA	Keypress: t
551.6237	DATA	Keypress: t held
551.8105	DATA	Keypress: t
552.0299	DATA	Keypress: t
552.2664	DATA	Keypress: t
552.4857	DATA	Keypress: t
552.6369	DATA	Keypress: t held
552.7054	DATA	Keypress: t
552.9249	DATA	Keypress: t
553.1613	DATA	Keypress: t
553.3639	DATA	Keypress: t
553.6003	DATA	Keypress: t
553.6500	DATA	Keypress: t held
553.8199	DATA	Keypress: t
554.0393	DATA	Keypress: t
554.2420	DATA	Keypress: t
554.4614	DATA	Keypress: t
554.6811	DATA	Keypress: t
554.7137	DATA	Keypress: t held
554.9174	DATA	Keypress: t
555.2550	DATA	Keypress: t
555.4916	DATA	Keypress: t
555.6771	DATA	Keypress: t
555.7270	DATA	Keypress: t held
555.8463	DATA	Keypress: t
556.2851	DATA	Keypress: v
556.4709	DATA	Keypress: v
556.6565	DATA	Keypress: v
556.7400	DATA	Keypress: v held
556.8424	DATA	Keypress: v
557.0122	DATA	Keypress: v
557.1969	DATA	Keypress: v
557.3827	DATA	Keypress: v
557.5853	DATA	Keypress: v
557.8216	DATA	Keypress: v
557.8545	DATA	Keypress: v held
558.0243	DATA	Keypress: v
558.2439	DATA	Keypress: v
558.4633	DATA	Keypress: v
558.6838	DATA	Keypress: v
558.9192	DATA	Keypress: v
558.9521	DATA	Keypress: v held
558.9521	DATA	earn v
559.1556	DATA	Keypress: v
559.3920	DATA	Keypress: v
559.8647	DATA	Keypress: v
560.1010	DATA	Keypress: v
560.3039	DATA	Keypress: v
560.5244	DATA	Keypress: v
560.7092	DATA	Keypress: v
560.9117	DATA	Keypress: v
560.9783	DATA	Keypress: v held
560.9783	DATA	earn v
561.1143	DATA	Keypress: v
561.3005	DATA	Keypress: v
561.4855	DATA	Keypress: v
561.9418	DATA	Keypress: v
562.1781	DATA	Keypress: v
562.3807	DATA	Keypress: v
562.5833	DATA	Keypress: v
562.8028	DATA	Keypress: v
562.9885	DATA	Keypress: v
563.0214	DATA	Keypress: v held
563.2078	DATA	Keypress: v
563.4277	DATA	Keypress: v
563.6471	DATA	Keypress: v
563.8667	DATA	Keypress: v
564.0862	DATA	Keypress: v
564.1190	DATA	Keypress: v held
564.3057	DATA	Keypress: v
564.5084	DATA	Keypress: v
564.7447	DATA	Keypress: v
564.9811	DATA	Keypress: v
565.2005	DATA	Keypress: v
565.2334	DATA	Keypress: v held
565.4204	DATA	Keypress: v
565.6393	DATA	Keypress: v
565.8591	DATA	Keypress: v
566.0956	DATA	Keypress: v
566.3319	DATA	Keypress: v
566.3647	DATA	Keypress: v held
566.5345	DATA	Keypress: v
566.7541	DATA	Keypress: v
566.9733	DATA	Keypress: v
567.1930	DATA	Keypress: v
567.3957	DATA	Keypress: v
567.4285	DATA	Keypress: v held
567.6152	DATA	Keypress: v
567.8348	DATA	Keypress: v
568.0711	DATA	Keypress: v
568.3075	DATA	Keypress: v
568.5270	DATA	Keypress: v
568.5596	DATA	Keypress: v held
568.7464	DATA	Keypress: v
568.9829	DATA	Keypress: v
569.2024	DATA	Keypress: v
569.4052	DATA	Keypress: v
569.6245	DATA	Keypress: v
569.6574	DATA	Keypress: v held
569.6574	DATA	earn v
570.1650	DATA	Keypress: v
570.4365	DATA	Keypress: v
570.6741	DATA	Keypress: v
570.8910	DATA	Keypress: v
571.0770	DATA	Keypress: v
571.3130	DATA	Keypress: v
571.5328	DATA	Keypress: v
571.7522	DATA	Keypress: v
571.7850	DATA	Keypress: v held
571.9716	DATA	Keypress: v
572.1744	DATA	Keypress: v
572.3937	DATA	Keypress: v
572.5964	DATA	Keypress: v
572.7989	DATA	Keypress: v
572.8319	DATA	Keypress: v held
573.0355	DATA	Keypress: v
573.2549	DATA	Keypress: v
573.4744	DATA	Keypress: v
573.6939	DATA	Keypress: v
573.9134	DATA	Keypress: v
573.9463	DATA	Keypress: v held
574.1161	DATA	Keypress: v
574.3186	DATA	Keypress: v
574.5382	DATA	Keypress: v
574.8771	DATA	Keypress: v
574.9594	DATA	Keypress: v held
575.0955	DATA	Keypress: v
575.2643	DATA	Keypress: v
575.4162	DATA	Keypress: v
575.6358	DATA	Keypress: v
575.7879	DATA	Keypress: v
575.9407	DATA	Keypress: v
575.9725	DATA	Keypress: v held
576.1085	DATA	Keypress: v
576.2942	DATA	Keypress: v
576.4969	DATA	Keypress: v
576.6656	DATA	Keypress: v
576.8514	DATA	Keypress: v
576.9857	DATA	Keypress: v held
577.3253	DATA	Keypress: t
577.6114	DATA	Keypress: t
577.8646	DATA	Keypress: t
577.9986	DATA	Keypress: t held
578.0853	DATA	Keypress: t
578.3205	DATA	Keypress: t
578.5231	DATA	Keypress: t
578.7427	DATA	Keypress: t
578.9790	DATA	Keypress: t
579.0119	DATA	Keypress: t held
579.2322	DATA	Keypress: t
579.4856	DATA	Keypress: t
579.7390	DATA	Keypress: t
580.0260	DATA	Keypress: t
580.0588	DATA	Keypress: t held
580.0589	DATA	earn t
580.3128	DATA	Keypress: t
580.9376	DATA	Keypress: t
581.1910	DATA	Keypress: t
581.3937	DATA	Keypress: t
581.5963	DATA	Keypress: t
581.7654	DATA	Keypress: t
581.9509	DATA	Keypress: t
582.0850	DATA	Keypress: t held
582.1198	DATA	Keypress: t
582.3223	DATA	Keypress: t
582.5092	DATA	Keypress: t
582.7107	DATA	Keypress: t
582.9132	DATA	Keypress: t
583.0822	DATA	Keypress: t
583.1151	DATA	Keypress: t held
583.2679	DATA	Keypress: t
583.4704	DATA	Keypress: t
583.6733	DATA	Keypress: t
583.8590	DATA	Keypress: t
584.0615	DATA	Keypress: t
584.1282	DATA	Keypress: t held
584.2306	DATA	Keypress: t
584.4499	DATA	Keypress: t
584.6534	DATA	Keypress: t
584.8551	DATA	Keypress: t
585.0747	DATA	Keypress: t
585.1413	DATA	Keypress: t held
585.2614	DATA	Keypress: t
585.4628	DATA	Keypress: t
585.6995	DATA	Keypress: t
585.8852	DATA	Keypress: t
586.1217	DATA	Keypress: t
586.1544	DATA	Keypress: t held
586.3253	DATA	Keypress: t
586.8308	DATA	Keypress: v
587.0840	DATA	Keypress: v
587.1676	DATA	Keypress: v held
587.3036	DATA	Keypress: v
587.5400	DATA	Keypress: v
587.7595	DATA	Keypress: v
587.9959	DATA	Keypress: v
588.1983	DATA	Keypress: v
588.2313	DATA	Keypress: v held
588.2314	DATA	earn v
588.4180	DATA	Keypress: v
588.6545	DATA	Keypress: v
589.5493	DATA	Keypress: v
589.7857	DATA	Keypress: v
590.0392	DATA	Keypress: v
590.2585	DATA	Keypress: v
590.2913	DATA	Keypress: v held
590.4948	DATA	Keypress: v
590.6975	DATA	Keypress: v
590.9182	DATA	Keypress: v
591.1702	DATA	Keypress: v
591.3727	DATA	Keypress: v
591.4058	DATA	Keypress: v held
591.5925	DATA	Keypress: v
591.8289	DATA	Keypress: v
592.0484	DATA	Keypress: v
592.2847	DATA	Keypress: v
592.4189	DATA	Keypress: v held
592.5209	DATA	Keypress: v
592.7236	DATA	Keypress: v
592.9433	DATA	Keypress: v
593.1795	DATA	Keypress: v
593.3991	DATA	Keypress: v
593.4320	DATA	Keypress: v held
593.6187	DATA	Keypress: v
593.8381	DATA	Keypress: v
594.0917	DATA	Keypress: v
594.5473	DATA	Keypress: t
594.5802	DATA	Keypress: t held
594.7669	DATA	Keypress: t
594.9864	DATA	Keypress: t
595.2226	DATA	Keypress: t
595.4254	DATA	Keypress: t
595.5933	DATA	Keypress: t held
595.6461	DATA	Keypress: t
595.8813	DATA	Keypress: t
596.1008	DATA	Keypress: t
596.2867	DATA	Keypress: t
596.5230	DATA	Keypress: t
596.6065	DATA	Keypress: t held
596.7425	DATA	Keypress: t
596.9790	DATA	Keypress: t
597.1987	DATA	Keypress: t
597.4348	DATA	Keypress: t
597.6713	DATA	Keypress: t
597.7041	DATA	Keypress: t held
597.9077	DATA	Keypress: t
598.1441	DATA	Keypress: t
598.3804	DATA	Keypress: t
598.6167	DATA	Keypress: t
598.7172	DATA	Keypress: t held
598.8363	DATA	Keypress: t
599.0556	DATA	Keypress: t
599.2922	DATA	Keypress: t
599.5117	DATA	Keypress: t
599.7481	DATA	Keypress: t
599.7809	DATA	Keypress: t held
599.9844	DATA	Keypress: t
600.2378	DATA	Keypress: t
600.4741	DATA	Keypress: t
600.6937	DATA	Keypress: t
600.7940	DATA	Keypress: t held
600.9133	DATA	Keypress: t
601.1327	DATA	Keypress: t
601.3519	DATA	Keypress: t
601.6064	DATA	Keypress: t
601.9430	DATA	Keypress: t
601.9760	DATA	Keypress: t held
602.1964	DATA	Keypress: t
602.4160	DATA	Keypress: t
602.6017	DATA	Keypress: t
603.0072	DATA	Keypress: v
603.0398	DATA	Keypress: v held
603.0398	DATA	earn v
603.2263	DATA	Keypress: v
603.5135	DATA	Keypress: v
603.7668	DATA	Keypress: v
604.1719	DATA	Keypress: v
604.4084	DATA	Keypress: v
604.6449	DATA	Keypress: v
604.8813	DATA	Keypress: v
605.1189	DATA	Keypress: v
605.1505	DATA	Keypress: v held
605.3643	DATA	Keypress: v
606.7441	DATA	Keypress: t
608.1498	DATA	start rating L
608.1501	DATA	6
608.1502	DATA	end rating L
609.6157	DATA	Keypress: t
610.5817	DATA	start rating R
610.5820	DATA	3
610.5821	DATA	end rating R
611.4666	DATA	Keypress: v
611.6006	DATA	Keypress: v held
611.7199	DATA	Keypress: v
612.0070	DATA	Keypress: v
612.2940	DATA	Keypress: v
612.5134	DATA	Keypress: v
612.6138	DATA	Keypress: v held
612.7668	DATA	Keypress: v
613.0032	DATA	Keypress: v
613.2395	DATA	Keypress: v
613.4760	DATA	Keypress: v
613.7124	DATA	Keypress: v
613.7452	DATA	Keypress: v held
613.7452	DATA	earn v
613.9317	DATA	Keypress: v
614.1851	DATA	Keypress: v
614.9281	DATA	Keypress: v
615.1476	DATA	Keypress: v
615.3512	DATA	Keypress: v
615.5525	DATA	Keypress: v
615.7556	DATA	Keypress: v
615.7883	DATA	Keypress: v held
615.9243	DATA	Keypress: v
616.1270	DATA	Keypress: v
616.2958	DATA	Keypress: v
616.4982	DATA	Keypress: v
616.7011	DATA	Keypress: v
616.8015	DATA	Keypress: v held
616.8015	DATA	earn v
616.9145	DATA	Keypress: v
617.0894	DATA	Keypress: v
617.6297	DATA	Keypress: v
617.8324	DATA	Keypress: v
618.0350	DATA	Keypress: v
618.2376	DATA	Keypress: v
618.4234	DATA	Keypress: v
618.6429	DATA	Keypress: v
618.8116	DATA	Keypress: v
618.8445	DATA	Keypress: v held
618.8446	DATA	earn v
619.0144	DATA	Keypress: v
619.2172	DATA	Keypress: v
619.4027	DATA	Keypress: v
619.6053	DATA	Keypress: v
619.8080	DATA	Keypress: v
620.0106	DATA	Keypress: v
620.2132	DATA	Keypress: v
620.4158	DATA	Keypress: v
620.6185	DATA	Keypress: v
620.8380	DATA	Keypress: v
620.8708	DATA	Keypress: v held
621.0403	DATA	Keypress: v
621.2601	DATA	Keypress: v
621.4637	DATA	Keypress: v
621.6818	DATA	Keypress: v
621.9018	DATA	Keypress: v
621.9346	DATA	Keypress: v held
622.0876	DATA	Keypress: v
622.3236	DATA	Keypress: v
622.5434	DATA	Keypress: v
622.7627	DATA	Keypress: v
622.9824	DATA	Keypress: v
623.0152	DATA	Keypress: v held
623.1853	DATA	Keypress: v
623.4045	DATA	Keypress: v
623.7760	DATA	Keypress: t
623.9787	DATA	Keypress: t
624.0283	DATA	Keypress: t held
624.0284	DATA	earn t
624.1813	DATA	Keypress: t
624.3840	DATA	Keypress: t
624.5697	DATA	Keypress: t
625.3461	DATA	Keypress: t
625.5489	DATA	Keypress: t
625.7348	DATA	Keypress: t
625.9542	DATA	Keypress: t
626.0546	DATA	Keypress: t held
626.1906	DATA	Keypress: t
626.4102	DATA	Keypress: t
626.6634	DATA	Keypress: t
626.9167	DATA	Keypress: t
627.0677	DATA	Keypress: t held
627.1869	DATA	Keypress: t
627.4233	DATA	Keypress: t
627.6596	DATA	Keypress: t
627.9131	DATA	Keypress: t
628.1663	DATA	Keypress: t
628.1991	DATA	Keypress: t held
628.4195	DATA	Keypress: t
628.6726	DATA	Keypress: t
628.9260	DATA	Keypress: t
629.1962	DATA	Keypress: t
629.2290	DATA	Keypress: t held
629.4664	DATA	Keypress: t
629.7368	DATA	Keypress: t
629.9899	DATA	Keypress: t
630.2601	DATA	Keypress: t
630.2929	DATA	Keypress: t held
630.5301	DATA	Keypress: t
630.8004	DATA	Keypress: t
631.2394	DATA	Keypress: t
631.3060	DATA	Keypress: t held
631.4925	DATA	Keypress: t
631.7122	DATA	Keypress: t
631.9149	DATA	Keypress: t
632.1005	DATA	Keypress: t
632.5565	DATA	Keypress: v
632.5892	DATA	Keypress: v held
632.7760	DATA	Keypress: v
632.9955	DATA	Keypress: v
633.2150	DATA	Keypress: v
633.4345	DATA	Keypress: v
633.6539	DATA	Keypress: v
633.6868	DATA	Keypress: v held
633.8733	DATA	Keypress: v
634.0930	DATA	Keypress: v
634.3125	DATA	Keypress: v
634.5658	DATA	Keypress: v
634.7685	DATA	Keypress: v
634.8013	DATA	Keypress: v held
635.0386	DATA	Keypress: v
635.2750	DATA	Keypress: v
635.5620	DATA	Keypress: v
635.7984	DATA	Keypress: v
635.8314	DATA	Keypress: v held
635.8314	DATA	earn v
636.0515	DATA	Keypress: v
636.2881	DATA	Keypress: v
636.7610	DATA	Keypress: v
636.9804	DATA	Keypress: v
637.2010	DATA	Keypress: v
637.4025	DATA	Keypress: v
637.6052	DATA	Keypress: v
637.8078	DATA	Keypress: v
637.8575	DATA	Keypress: v held
638.0271	DATA	Keypress: v
638.2299	DATA	Keypress: v
638.4494	DATA	Keypress: v
638.6689	DATA	Keypress: v
638.8726	DATA	Keypress: v
638.9044	DATA	Keypress: v held
639.1079	DATA	Keypress: v
639.3274	DATA	Keypress: v
639.5638	DATA	Keypress: v
639.8678	DATA	Keypress: v
639.9175	DATA	Keypress: v held
640.1381	DATA	Keypress: v
640.4419	DATA	Keypress: v
640.7459	DATA	Keypress: v
641.0328	DATA	Keypress: v
641.0657	DATA	Keypress: v held
641.3028	DATA	Keypress: v
641.5565	DATA	Keypress: v
641.7770	DATA	Keypress: v
641.9954	DATA	Keypress: v
642.0788	DATA	Keypress: v held
642.2148	DATA	Keypress: v
642.6539	DATA	Keypress: t
642.8903	DATA	Keypress: t
643.0929	DATA	Keypress: t
643.1257	DATA	Keypress: t held
643.1258	DATA	earn t
643.3295	DATA	Keypress: t
643.5996	DATA	Keypress: t
644.0723	DATA	Keypress: t
644.3256	DATA	Keypress: t
644.5957	DATA	Keypress: t
644.8827	DATA	Keypress: t
645.1698	DATA	Keypress: t
645.2026	DATA	Keypress: t held
645.4398	DATA	Keypress: t
645.6595	DATA	Keypress: t
645.9128	DATA	Keypress: t
646.1492	DATA	Keypress: t
646.2158	DATA	Keypress: t held
646.2158	DATA	earn t
646.3700	DATA	Keypress: t
646.6389	DATA	Keypress: t
646.8922	DATA	Keypress: t
647.2129	DATA	Keypress: t
647.4832	DATA	Keypress: t
647.7364	DATA	Keypress: t
647.9896	DATA	Keypress: t
648.2261	DATA	Keypress: t
648.2589	DATA	Keypress: t held
648.4793	DATA	Keypress: t
648.7326	DATA	Keypress: t
648.9690	DATA	Keypress: t
649.2055	DATA	Keypress: t
649.2721	DATA	Keypress: t held
649.4419	DATA	Keypress: t
649.9315	DATA	Keypress: v
650.1858	DATA	Keypress: v
650.2851	DATA	Keypress: v held
650.4212	DATA	Keypress: v
650.6406	DATA	Keypress: v
650.8434	DATA	Keypress: v
651.0628	DATA	Keypress: v
651.2990	DATA	Keypress: v
651.3320	DATA	Keypress: v held
651.3320	DATA	earn v
651.5018	DATA	Keypress: v
651.8736	DATA	Keypress: v
652.1435	DATA	Keypress: v
652.3966	DATA	Keypress: v
652.5993	DATA	Keypress: v
653.0385	DATA	Keypress: v
653.2917	DATA	Keypress: v
653.3583	DATA	Keypress: v held
653.5280	DATA	Keypress: v
653.7476	DATA	Keypress: v
653.9840	DATA	Keypress: v
654.2204	DATA	Keypress: v
654.4579	DATA	Keypress: v
654.4896	DATA	Keypress: v held
654.6932	DATA	Keypress: v
654.9299	DATA	Keypress: v
655.2166	DATA	Keypress: v
655.4023	DATA	Keypress: v
655.5027	DATA	Keypress: v held
655.6556	DATA	Keypress: v
655.8921	DATA	Keypress: v
656.3311	DATA	Keypress: t
656.5843	DATA	Keypress: t
656.6171	DATA	Keypress: t held
656.8546	DATA	Keypress: t
657.0911	DATA	Keypress: t
657.4287	DATA	Keypress: t
657.6650	DATA	Keypress: t
657.6979	DATA	Keypress: t held
657.9352	DATA	Keypress: t
658.1547	DATA	Keypress: t
658.4079	DATA	Keypress: t
658.6612	DATA	Keypress: t
658.7110	DATA	Keypress: t held
658.8978	DATA	Keypress: t
659.1341	DATA	Keypress: t
659.5561	DATA	Keypress: v
659.8264	DATA	Keypress: v
659.8592	DATA	Keypress: v held
660.0796	DATA	Keypress: v
660.3160	DATA	Keypress: v
660.5864	DATA	Keypress: v
660.8564	DATA	Keypress: v
660.8892	DATA	Keypress: v held
661.1096	DATA	Keypress: v
661.3624	DATA	Keypress: v
661.6330	DATA	Keypress: v
661.9032	DATA	Keypress: v
661.9361	DATA	Keypress: v held
662.1565	DATA	Keypress: v
662.5954	DATA	Keypress: t
662.8489	DATA	Keypress: t
662.9492	DATA	Keypress: t held
663.1359	DATA	Keypress: t
663.3892	DATA	Keypress: t
663.6423	DATA	Keypress: t
663.9125	DATA	Keypress: t
663.9623	DATA	Keypress: t held
663.9624	DATA	earn t
664.1490	DATA	Keypress: t
664.4027	DATA	Keypress: t
665.0101	DATA	Keypress: t
665.2466	DATA	Keypress: t
665.4998	DATA	Keypress: t
665.7360	DATA	Keypress: t
665.9896	DATA	Keypress: t
666.0224	DATA	Keypress: t held
666.2598	DATA	Keypress: t
666.5467	DATA	Keypress: t
666.8170	DATA	Keypress: t
667.0702	DATA	Keypress: t
667.1030	DATA	Keypress: t held
667.3404	DATA	Keypress: t
667.6107	DATA	Keypress: t
667.8976	DATA	Keypress: t
668.1509	DATA	Keypress: t
668.1836	DATA	Keypress: t held
668.4211	DATA	Keypress: t
668.6746	DATA	Keypress: t
668.9445	DATA	Keypress: t
669.1978	DATA	Keypress: t
669.2306	DATA	Keypress: t held
669.4511	DATA	Keypress: t
669.7043	DATA	Keypress: t
669.9745	DATA	Keypress: t
670.1950	DATA	Keypress: t
670.2437	DATA	Keypress: t held
670.4473	DATA	Keypress: t
670.7192	DATA	Keypress: t
672.4156	DATA	Keypress: v
672.7366	DATA	Keypress: v
673.2937	DATA	Keypress: v
674.5396	DATA	Keypress: v
675.5865	DATA	start rating L
675.6028	DATA	5
675.6028	DATA	end rating L
676.3518	DATA	Keypress: v
676.9048	DATA	start rating R
676.9054	DATA	5
676.9055	DATA	end rating R
677.8599	DATA	Keypress: v
677.9266	DATA	Keypress: v held
678.1807	DATA	Keypress: v
678.4340	DATA	Keypress: v
678.6366	DATA	Keypress: v
678.8733	DATA	Keypress: v
678.9397	DATA	Keypress: v held
679.2614	DATA	Keypress: v
679.4809	DATA	Keypress: v
679.7003	DATA	Keypress: v
680.7136	DATA	Keypress: v
680.7464	DATA	Keypress: v held
681.9798	DATA	Keypress: v
682.0129	DATA	Keypress: v held
682.3008	DATA	Keypress: v
682.5370	DATA	Keypress: v
682.7737	DATA	Keypress: v
682.9931	DATA	Keypress: v
683.0259	DATA	Keypress: v held
683.2127	DATA	Keypress: v
683.4659	DATA	Keypress: v
683.6854	DATA	Keypress: v
683.9386	DATA	Keypress: v
684.0391	DATA	Keypress: v held
684.1751	DATA	Keypress: v
684.3956	DATA	Keypress: v
684.6141	DATA	Keypress: v
684.8506	DATA	Keypress: v
685.0869	DATA	Keypress: v
685.1197	DATA	Keypress: v held
685.3234	DATA	Keypress: v
685.5766	DATA	Keypress: v
685.7961	DATA	Keypress: v
686.0325	DATA	Keypress: v
686.1329	DATA	Keypress: v held
686.2858	DATA	Keypress: v
686.5052	DATA	Keypress: v
686.7248	DATA	Keypress: v
686.9612	DATA	Keypress: v
687.1806	DATA	Keypress: v
687.2135	DATA	Keypress: v held
687.2136	DATA	earn v
687.4171	DATA	Keypress: v
687.6365	DATA	Keypress: v
687.8730	DATA	Keypress: v
688.0923	DATA	Keypress: v
688.3289	DATA	Keypress: v
688.5316	DATA	Keypress: v
688.7849	DATA	Keypress: v
688.9706	DATA	Keypress: v
689.2238	DATA	Keypress: v
689.2567	DATA	Keypress: v held
689.4771	DATA	Keypress: v
689.6797	DATA	Keypress: v
689.8993	DATA	Keypress: v
690.1356	DATA	Keypress: v
690.3378	DATA	Keypress: v
690.3711	DATA	Keypress: v held
690.3711	DATA	earn v
690.5746	DATA	Keypress: v
690.8124	DATA	Keypress: v
691.0475	DATA	Keypress: v
691.2839	DATA	Keypress: v
691.5033	DATA	Keypress: v
691.7403	DATA	Keypress: v
691.9931	DATA	Keypress: v
692.2294	DATA	Keypress: v
692.4489	DATA	Keypress: v
692.4818	DATA	Keypress: v held
692.4818	DATA	earn v
692.6854	DATA	Keypress: v
692.9218	DATA	Keypress: v
693.1581	DATA	Keypress: v
693.3776	DATA	Keypress: v
693.6140	DATA	Keypress: v
693.8506	DATA	Keypress: v
694.0868	DATA	Keypress: v
694.3063	DATA	Keypress: v
694.5427	DATA	Keypress: v
694.5755	DATA	Keypress: v held
694.5756	DATA	earn v
694.7790	DATA	Keypress: v
694.9987	DATA	Keypress: v
695.2350	DATA	Keypress: v
695.4714	DATA	Keypress: v
695.7080	DATA	Keypress: v
695.9273	DATA	Keypress: v
696.1469	DATA	Keypress: v
696.3663	DATA	Keypress: v
696.5859	DATA	Keypress: v
696.6187	DATA	Keypress: v held
696.8053	DATA	Keypress: v
697.0249	DATA	Keypress: v
697.2614	DATA	Keypress: v
697.5145	DATA	Keypress: v
697.7171	DATA	Keypress: v
697.7500	DATA	Keypress: v held
697.9365	DATA	Keypress: v
698.1564	DATA	Keypress: v
698.3757	DATA	Keypress: v
698.6120	DATA	Keypress: v
698.8317	DATA	Keypress: v
698.8645	DATA	Keypress: v held
699.0512	DATA	Keypress: v
699.2707	DATA	Keypress: v
699.4732	DATA	Keypress: v
699.6590	DATA	Keypress: v
699.8448	DATA	Keypress: v
699.8776	DATA	Keypress: v held
699.8777	DATA	earn v
700.0474	DATA	Keypress: v
700.1994	DATA	Keypress: v
700.4189	DATA	Keypress: v
700.5889	DATA	Keypress: v
700.8072	DATA	Keypress: v
701.0099	DATA	Keypress: v
701.2123	DATA	Keypress: v
701.4488	DATA	Keypress: v
701.7021	DATA	Keypress: v
701.9216	DATA	Keypress: v
701.9544	DATA	Keypress: v held
702.1918	DATA	Keypress: v
702.4451	DATA	Keypress: v
702.6984	DATA	Keypress: v
702.9348	DATA	Keypress: v
702.9676	DATA	Keypress: v held
702.9677	DATA	earn v
703.1712	DATA	Keypress: v
703.4075	DATA	Keypress: v
703.6453	DATA	Keypress: v
703.8972	DATA	Keypress: v
704.1167	DATA	Keypress: v
704.3701	DATA	Keypress: v
704.6063	DATA	Keypress: v
704.8606	DATA	Keypress: v
704.9939	DATA	Keypress: v held
705.0961	DATA	Keypress: v
705.3494	DATA	Keypress: v
705.5686	DATA	Keypress: v
705.8053	DATA	Keypress: v
706.0418	DATA	Keypress: v
706.0745	DATA	Keypress: v held
706.2779	DATA	Keypress: v
706.5314	DATA	Keypress: v
706.7507	DATA	Keypress: v
707.0041	DATA	Keypress: v
707.0876	DATA	Keypress: v held
707.2406	DATA	Keypress: v
707.4609	DATA	Keypress: v
707.7302	DATA	Keypress: v
707.9498	DATA	Keypress: v
708.1862	DATA	Keypress: v
708.2190	DATA	Keypress: v held
708.4056	DATA	Keypress: v
708.6420	DATA	Keypress: v
708.8613	DATA	Keypress: v
709.2161	DATA	Keypress: t
709.2490	DATA	Keypress: t held
709.5031	DATA	Keypress: t
709.7562	DATA	Keypress: t
709.9929	DATA	Keypress: t
710.2294	DATA	Keypress: t
710.2621	DATA	Keypress: t held
710.4826	DATA	Keypress: t
710.7191	DATA	Keypress: t
710.9722	DATA	Keypress: t
711.1917	DATA	Keypress: t
711.2752	DATA	Keypress: t held
711.4282	DATA	Keypress: t
711.6645	DATA	Keypress: t
711.9518	DATA	Keypress: t
712.2049	DATA	Keypress: t
712.2883	DATA	Keypress: t held
712.4412	DATA	Keypress: t
712.6776	DATA	Keypress: t
712.9309	DATA	Keypress: t
713.2006	DATA	Keypress: t
713.3015	DATA	Keypress: t held
713.4376	DATA	Keypress: t
713.6738	DATA	Keypress: t
714.0297	DATA	Keypress: v
714.3323	DATA	Keypress: v
714.3652	DATA	Keypress: v held
714.5857	DATA	Keypress: v
714.8728	DATA	Keypress: v
715.1429	DATA	Keypress: v
715.4130	DATA	Keypress: v
715.4459	DATA	Keypress: v held
715.6664	DATA	Keypress: v
715.9534	DATA	Keypress: v
716.2236	DATA	Keypress: v
716.4937	DATA	Keypress: v
716.5265	DATA	Keypress: v held
716.7640	DATA	Keypress: v
717.0171	DATA	Keypress: v
717.2536	DATA	Keypress: v
717.5069	DATA	Keypress: v
717.5397	DATA	Keypress: v held
717.7599	DATA	Keypress: v
718.0134	DATA	Keypress: v
718.2498	DATA	Keypress: v
718.5030	DATA	Keypress: v
718.5528	DATA	Keypress: v held
718.7574	DATA	Keypress: v
718.9759	DATA	Keypress: v
719.2460	DATA	Keypress: v
719.4824	DATA	Keypress: v
719.5659	DATA	Keypress: v held
719.7189	DATA	Keypress: v
719.9887	DATA	Keypress: v
720.2422	DATA	Keypress: v
720.4788	DATA	Keypress: v
720.5790	DATA	Keypress: v held
720.5790	DATA	earn v
720.7318	DATA	Keypress: v
721.2554	DATA	Keypress: v
721.5593	DATA	Keypress: v
721.8466	DATA	Keypress: v
722.0321	DATA	Keypress: v
722.2686	DATA	Keypress: v
722.4371	DATA	Keypress: v
722.6230	DATA	Keypress: v
722.6559	DATA	Keypress: v held
722.7920	DATA	Keypress: v
722.9776	DATA	Keypress: v
723.1973	DATA	Keypress: v
723.3830	DATA	Keypress: v
723.6025	DATA	Keypress: v
723.6691	DATA	Keypress: v held
723.8220	DATA	Keypress: v
724.0753	DATA	Keypress: v
724.3452	DATA	Keypress: v
724.6662	DATA	Keypress: v
724.6991	DATA	Keypress: v held
724.9872	DATA	Keypress: v
725.2741	DATA	Keypress: v
725.5611	DATA	Keypress: v
725.7123	DATA	Keypress: v held
725.8483	DATA	Keypress: v
726.1352	DATA	Keypress: v
726.4221	DATA	Keypress: v
726.7105	DATA	Keypress: v
726.7423	DATA	Keypress: v held
726.7423	DATA	earn v
726.9981	DATA	Keypress: v
727.2835	DATA	Keypress: v
727.6042	DATA	Keypress: v
727.8745	DATA	Keypress: v
728.1615	DATA	Keypress: v
728.4317	DATA	Keypress: v
728.7022	DATA	Keypress: v
728.7685	DATA	Keypress: v held
728.9890	DATA	Keypress: v
729.2591	DATA	Keypress: v
729.5293	DATA	Keypress: v
729.7994	DATA	Keypress: v
729.8321	DATA	Keypress: v held
730.0697	DATA	Keypress: v
730.3398	DATA	Keypress: v
730.6100	DATA	Keypress: v
730.8632	DATA	Keypress: v
730.8960	DATA	Keypress: v held
731.1506	DATA	Keypress: v
731.4373	DATA	Keypress: v
731.7075	DATA	Keypress: v
731.9946	DATA	Keypress: v
732.0273	DATA	Keypress: v held
732.2647	DATA	Keypress: v
732.5517	DATA	Keypress: v
732.8220	DATA	Keypress: v
733.0752	DATA	Keypress: v
733.1080	DATA	Keypress: v held
733.3451	DATA	Keypress: v
733.5985	DATA	Keypress: v
733.8857	DATA	Keypress: v
734.1559	DATA	Keypress: v
734.1887	DATA	Keypress: v held
734.4260	DATA	Keypress: v
734.6793	DATA	Keypress: v
734.9495	DATA	Keypress: v
735.2026	DATA	Keypress: v
735.2356	DATA	Keypress: v held
735.2357	DATA	earn v
735.4561	DATA	Keypress: v
735.7263	DATA	Keypress: v
735.9796	DATA	Keypress: v
736.2327	DATA	Keypress: v
736.4870	DATA	Keypress: v
736.7731	DATA	Keypress: v
737.0456	DATA	Keypress: v
740.0882	DATA	Keypress: t
740.5821	DATA	Keypress: t
740.8484	DATA	Keypress: t
741.0887	DATA	Keypress: t
741.3213	DATA	Keypress: t
742.3515	DATA	start rating L
742.3518	DATA	2
742.3518	DATA	end rating L
743.1993	DATA	Keypress: v
743.4152	DATA	Keypress: v
743.6172	DATA	Keypress: v
744.3471	DATA	start rating R
744.3475	DATA	7
744.3476	DATA	end rating R
745.6549	DATA	Keypress: t
745.6877	DATA	Keypress: t held
745.6877	DATA	earn t
745.8575	DATA	Keypress: t
746.0769	DATA	Keypress: t
746.2472	DATA	Keypress: t
746.4317	DATA	Keypress: t
746.6003	DATA	Keypress: t
746.7860	DATA	Keypress: t
746.9720	DATA	Keypress: t
747.1745	DATA	Keypress: t
747.3433	DATA	Keypress: t
747.5459	DATA	Keypress: t
747.7486	DATA	Keypress: t
747.7813	DATA	Keypress: t held
747.9681	DATA	Keypress: t
748.1707	DATA	Keypress: t
748.3902	DATA	Keypress: t
748.6435	DATA	Keypress: t
748.7946	DATA	Keypress: t held
748.8631	DATA	Keypress: t
749.1332	DATA	Keypress: t
749.3357	DATA	Keypress: t
749.5721	DATA	Keypress: t
749.7913	DATA	Keypress: t
749.8246	DATA	Keypress: t held
750.0114	DATA	Keypress: t
750.2308	DATA	Keypress: t
750.4330	DATA	Keypress: t
750.6696	DATA	Keypress: t
750.9906	DATA	Keypress: v
751.0235	DATA	Keypress: v held
751.2101	DATA	Keypress: v
751.4465	DATA	Keypress: v
751.6323	DATA	Keypress: v
751.8518	DATA	Keypress: v
752.0714	DATA	Keypress: v
752.1041	DATA	Keypress: v held
752.2739	DATA	Keypress: v
752.5103	DATA	Keypress: v
752.6961	DATA	Keypress: v
752.9155	DATA	Keypress: v
753.1182	DATA	Keypress: v
753.1510	DATA	Keypress: v held
753.3208	DATA	Keypress: v
753.5234	DATA	Keypress: v
753.7429	DATA	Keypress: v
753.9286	DATA	Keypress: v
754.1482	DATA	Keypress: v
754.1810	DATA	Keypress: v held
754.1811	DATA	earn v
754.3521	DATA	Keypress: v
754.5700	DATA	Keypress: v
754.9759	DATA	Keypress: v
755.2288	DATA	Keypress: v
755.4484	DATA	Keypress: v
755.6848	DATA	Keypress: v
755.8875	DATA	Keypress: v
756.1238	DATA	Keypress: v
756.2073	DATA	Keypress: v held
756.3433	DATA	Keypress: v
756.5628	DATA	Keypress: v
756.7823	DATA	Keypress: v
756.9849	DATA	Keypress: v
757.2214	DATA	Keypress: v
757.2541	DATA	Keypress: v held
757.2542	DATA	earn v
757.4410	DATA	Keypress: v
757.6772	DATA	Keypress: v
757.8967	DATA	Keypress: v
758.1332	DATA	Keypress: v
758.3526	DATA	Keypress: v
758.5721	DATA	Keypress: v
758.7920	DATA	Keypress: v
759.0281	DATA	Keypress: v
759.2644	DATA	Keypress: v
759.2973	DATA	Keypress: v held
759.5009	DATA	Keypress: v
759.7373	DATA	Keypress: v
759.9568	DATA	Keypress: v
760.1930	DATA	Keypress: v
760.3104	DATA	Keypress: v held
760.4295	DATA	Keypress: v
760.6828	DATA	Keypress: v
760.9362	DATA	Keypress: v
761.1894	DATA	Keypress: v
761.3235	DATA	Keypress: v held
761.4257	DATA	Keypress: v
761.6791	DATA	Keypress: v
761.9324	DATA	Keypress: v
762.2700	DATA	Keypress: t
762.3366	DATA	Keypress: t held
762.5233	DATA	Keypress: t
762.7440	DATA	Keypress: t
762.9623	DATA	Keypress: t
763.1988	DATA	Keypress: t
763.4183	DATA	Keypress: t
763.4511	DATA	Keypress: t held
763.6544	DATA	Keypress: t
763.8911	DATA	Keypress: t
764.1275	DATA	Keypress: t
764.3638	DATA	Keypress: t
764.4642	DATA	Keypress: t held
764.5842	DATA	Keypress: t
764.8197	DATA	Keypress: t
765.0404	DATA	Keypress: t
765.2757	DATA	Keypress: t
765.5120	DATA	Keypress: t
765.5449	DATA	Keypress: t held
765.7486	DATA	Keypress: t
765.9681	DATA	Keypress: t
766.2043	DATA	Keypress: t
766.4407	DATA	Keypress: t
766.5580	DATA	Keypress: t held
766.6603	DATA	Keypress: t
766.8966	DATA	Keypress: t
767.1331	DATA	Keypress: t
767.3695	DATA	Keypress: t
767.6058	DATA	Keypress: t
767.6387	DATA	Keypress: t held
767.8253	DATA	Keypress: t
768.0449	DATA	Keypress: t
768.2642	DATA	Keypress: t
768.4839	DATA	Keypress: t
768.7044	DATA	Keypress: t
768.7362	DATA	Keypress: t held
768.9398	DATA	Keypress: t
769.2437	DATA	Keypress: v
769.5307	DATA	Keypress: v
769.7842	DATA	Keypress: v
769.8169	DATA	Keypress: v held
769.8170	DATA	earn v
770.0542	DATA	Keypress: v
770.3243	DATA	Keypress: v
770.5774	DATA	Keypress: v
770.8333	DATA	Keypress: v
771.1011	DATA	Keypress: v
771.3544	DATA	Keypress: v
771.6246	DATA	Keypress: v
771.8942	DATA	Keypress: v
771.9276	DATA	Keypress: v held
772.1478	DATA	Keypress: v
772.3845	DATA	Keypress: v
772.6541	DATA	Keypress: v
772.9079	DATA	Keypress: v
772.9407	DATA	Keypress: v held
773.1444	DATA	Keypress: v
773.3975	DATA	Keypress: v
773.6339	DATA	Keypress: v
773.8872	DATA	Keypress: v
773.9538	DATA	Keypress: v held
774.1236	DATA	Keypress: v
774.3936	DATA	Keypress: v
774.6471	DATA	Keypress: v
774.9170	DATA	Keypress: v
774.9670	DATA	Keypress: v held
775.1705	DATA	Keypress: v
775.4238	DATA	Keypress: v
775.6600	DATA	Keypress: v
775.9134	DATA	Keypress: v
775.9801	DATA	Keypress: v held
776.2005	DATA	Keypress: v
776.6057	DATA	Keypress: t
776.9266	DATA	Keypress: t
776.9932	DATA	Keypress: t held
777.1968	DATA	Keypress: t
777.4667	DATA	Keypress: t
777.7539	DATA	Keypress: t
778.0241	DATA	Keypress: t
778.0570	DATA	Keypress: t held
778.2774	DATA	Keypress: t
778.5476	DATA	Keypress: t
778.8178	DATA	Keypress: t
779.1048	DATA	Keypress: t
779.1376	DATA	Keypress: t held
779.1377	DATA	earn t
779.3750	DATA	Keypress: t
779.6281	DATA	Keypress: t
779.8651	DATA	Keypress: t
780.1346	DATA	Keypress: t
780.3881	DATA	Keypress: t
780.6245	DATA	Keypress: t
780.8440	DATA	Keypress: t
781.0467	DATA	Keypress: t
781.1638	DATA	Keypress: t held
781.2321	DATA	Keypress: t
781.4181	DATA	Keypress: t
781.5869	DATA	Keypress: t
781.8231	DATA	Keypress: t
781.9933	DATA	Keypress: t
782.1948	DATA	Keypress: t
782.2276	DATA	Keypress: t held
782.3975	DATA	Keypress: t
782.5829	DATA	Keypress: t
782.7858	DATA	Keypress: t
782.9716	DATA	Keypress: t
783.1911	DATA	Keypress: t
783.2408	DATA	Keypress: t held
783.4106	DATA	Keypress: t
783.6300	DATA	Keypress: t
783.8327	DATA	Keypress: t
784.0186	DATA	Keypress: t
784.2379	DATA	Keypress: t
784.2708	DATA	Keypress: t held
784.4415	DATA	Keypress: t
784.6601	DATA	Keypress: t
785.0485	DATA	Keypress: v
785.3355	DATA	Keypress: v
785.3683	DATA	Keypress: v held
785.6563	DATA	Keypress: v
785.9261	DATA	Keypress: v
786.1796	DATA	Keypress: v
786.4499	DATA	Keypress: v
786.4828	DATA	Keypress: v held
786.7032	DATA	Keypress: v
786.9228	DATA	Keypress: v
787.1927	DATA	Keypress: v
787.4799	DATA	Keypress: v
787.5127	DATA	Keypress: v held
787.7333	DATA	Keypress: v
788.0032	DATA	Keypress: v
788.2567	DATA	Keypress: v
788.5100	DATA	Keypress: v
788.5428	DATA	Keypress: v held
788.7633	DATA	Keypress: v
789.0166	DATA	Keypress: v
789.2698	DATA	Keypress: v
789.5229	DATA	Keypress: v
789.5559	DATA	Keypress: v held
789.7595	DATA	Keypress: v
789.9959	DATA	Keypress: v
790.2502	DATA	Keypress: v
790.5022	DATA	Keypress: v
790.5690	DATA	Keypress: v held
790.7557	DATA	Keypress: v
791.0091	DATA	Keypress: v
791.2454	DATA	Keypress: v
791.4986	DATA	Keypress: v
791.5822	DATA	Keypress: v held
791.7520	DATA	Keypress: v
791.9884	DATA	Keypress: v
792.2259	DATA	Keypress: v
792.4780	DATA	Keypress: v
792.5953	DATA	Keypress: v held
792.5953	DATA	earn v
792.7145	DATA	Keypress: v
793.4590	DATA	Keypress: v
793.7276	DATA	Keypress: v
793.9302	DATA	Keypress: v
794.1326	DATA	Keypress: v
794.3692	DATA	Keypress: v
794.5548	DATA	Keypress: v
794.6215	DATA	Keypress: v held
794.7407	DATA	Keypress: v
794.9602	DATA	Keypress: v
795.1462	DATA	Keypress: v
795.3654	DATA	Keypress: v
795.5849	DATA	Keypress: v
795.6346	DATA	Keypress: v held
795.7876	DATA	Keypress: v
796.0071	DATA	Keypress: v
796.2095	DATA	Keypress: v
796.4292	DATA	Keypress: v
796.6319	DATA	Keypress: v
796.6646	DATA	Keypress: v held
796.8346	DATA	Keypress: v
797.0708	DATA	Keypress: v
797.2747	DATA	Keypress: v
797.4930	DATA	Keypress: v
797.7125	DATA	Keypress: v
797.7454	DATA	Keypress: v held
797.9658	DATA	Keypress: v
798.1852	DATA	Keypress: v
798.4048	DATA	Keypress: v
798.6422	DATA	Keypress: v
798.7585	DATA	Keypress: v held
798.8776	DATA	Keypress: v
799.1139	DATA	Keypress: v
799.3166	DATA	Keypress: v
799.5540	DATA	Keypress: v
799.9245	DATA	Keypress: t
799.9573	DATA	Keypress: t held
800.1778	DATA	Keypress: t
800.4139	DATA	Keypress: t
800.6348	DATA	Keypress: t
800.8700	DATA	Keypress: t
800.9704	DATA	Keypress: t held
800.9704	DATA	earn t
801.0741	DATA	Keypress: t
801.3259	DATA	Keypress: t
801.5792	DATA	Keypress: t
801.7986	DATA	Keypress: t
802.0354	DATA	Keypress: t
802.2544	DATA	Keypress: t
802.4911	DATA	Keypress: t
802.7107	DATA	Keypress: t
802.9303	DATA	Keypress: t
802.9967	DATA	Keypress: t held
803.1834	DATA	Keypress: t
803.3871	DATA	Keypress: t
803.6562	DATA	Keypress: t
803.8925	DATA	Keypress: t
804.0098	DATA	Keypress: t held
804.1469	DATA	Keypress: t
804.4920	DATA	Keypress: t
804.6459	DATA	Keypress: t
806.6683	DATA	Keypress: v
807.0054	DATA	Keypress: v
808.0392	DATA	start rating L
808.0396	DATA	3
808.0397	DATA	end rating L
808.8159	DATA	Keypress: t
809.4745	DATA	start rating R
809.4748	DATA	3
809.4749	DATA	end rating R
