96.8470	DATA	version E
269.0863	DATA	Keypress: space
271.3154	DATA	Keypress: t
271.3320	DATA	Keypress: t held
272.7845	DATA	Keypress: t
272.8010	DATA	Keypress: t held
274.0171	DATA	Keypress: t
274.0337	DATA	Keypress: t held
274.9290	DATA	Keypress: v
275.0637	DATA	Keypress: v held
275.6043	DATA	Keypress: v
276.0769	DATA	Keypress: v held
276.7019	DATA	Keypress: v
277.1069	DATA	Keypress: v held
277.4280	DATA	Keypress: v
278.1200	DATA	Keypress: v held
278.7114	DATA	Keypress: v
279.1332	DATA	Keypress: v held
280.0118	DATA	Keypress: t
280.1632	DATA	Keypress: t held
280.6702	DATA	Keypress: t
281.1765	DATA	Keypress: t held
281.2782	DATA	Keypress: t
281.9368	DATA	Keypress: t
282.2064	DATA	Keypress: t held
282.5616	DATA	Keypress: t
283.2032	DATA	Keypress: t
283.2196	DATA	Keypress: t held
283.8788	DATA	Keypress: t
284.2328	DATA	Keypress: t held
284.2329	DATA	earn t
284.4529	DATA	Keypress: t
285.9050	DATA	Keypress: t
286.2928	DATA	Keypress: t held
286.4622	DATA	Keypress: t
287.3230	DATA	Keypress: t held
287.6947	DATA	Keypress: t
288.1845	DATA	Keypress: t
288.3361	DATA	Keypress: t held
288.7082	DATA	Keypress: t
289.2655	DATA	Keypress: t
289.3493	DATA	Keypress: t held
289.8056	DATA	Keypress: t
290.3625	DATA	Keypress: t held
290.3970	DATA	Keypress: t
290.9032	DATA	Keypress: t
291.3756	DATA	Keypress: t held
291.3757	DATA	earn t
291.5280	DATA	Keypress: t
292.8116	DATA	Keypress: t
293.3012	DATA	Keypress: t
293.4357	DATA	Keypress: t held
293.8415	DATA	Keypress: t
294.4488	DATA	Keypress: t held
294.4493	DATA	Keypress: t
295.0574	DATA	Keypress: t
295.4789	DATA	Keypress: t held
295.6144	DATA	Keypress: t
296.3237	DATA	Keypress: t
296.4921	DATA	Keypress: t held
296.8151	DATA	Keypress: t
297.5051	DATA	Keypress: t held
297.5564	DATA	Keypress: t
298.0291	DATA	Keypress: t
298.5183	DATA	Keypress: t held
298.5696	DATA	Keypress: t
299.3296	DATA	Keypress: v
299.5315	DATA	Keypress: v held
300.6970	DATA	Keypress: v
300.7304	DATA	Keypress: v held
301.0854	DATA	Keypress: v
301.4738	DATA	Keypress: v
301.7434	DATA	Keypress: v held
301.9973	DATA	Keypress: t
302.3011	DATA	Keypress: t
302.6220	DATA	Keypress: t
302.7566	DATA	Keypress: t held
302.9260	DATA	Keypress: t
303.5675	DATA	Keypress: t
303.7698	DATA	Keypress: t held
304.1586	DATA	Keypress: t
304.7830	DATA	Keypress: t held
304.7830	DATA	earn t
304.9018	DATA	Keypress: t
305.5264	DATA	Keypress: t
306.1513	DATA	Keypress: t
306.7083	DATA	Keypress: t
306.8599	DATA	Keypress: t held
307.2657	DATA	Keypress: t
307.8229	DATA	Keypress: t
307.8731	DATA	Keypress: t held
308.3801	DATA	Keypress: t
308.8530	DATA	Keypress: t
308.8864	DATA	Keypress: t held
309.3932	DATA	Keypress: t
309.8830	DATA	Keypress: t
309.8996	DATA	Keypress: t held
310.3558	DATA	Keypress: t
310.8795	DATA	Keypress: t
310.9128	DATA	Keypress: t held
311.7067	DATA	Keypress: t
311.9258	DATA	Keypress: t held
312.2979	DATA	Keypress: t
312.8383	DATA	Keypress: t
312.9391	DATA	Keypress: t held
313.3619	DATA	Keypress: t
313.8683	DATA	Keypress: t
313.9691	DATA	Keypress: t held
313.9691	DATA	earn t
314.5603	DATA	Keypress: t
315.0839	DATA	Keypress: t
315.7764	DATA	Keypress: t
316.0292	DATA	Keypress: t held
316.0292	DATA	earn t
316.3505	DATA	Keypress: t
316.8910	DATA	Keypress: t
317.4143	DATA	Keypress: t
318.0053	DATA	Keypress: t
318.1231	DATA	Keypress: t held
318.5456	DATA	Keypress: t
319.0697	DATA	Keypress: t
319.1365	DATA	Keypress: t held
319.6265	DATA	Keypress: t
320.1493	DATA	Keypress: t held
320.1494	DATA	earn t
320.2430	DATA	Keypress: t
320.8085	DATA	Keypress: t
321.3489	DATA	Keypress: t
321.9059	DATA	Keypress: t
322.2263	DATA	Keypress: t held
322.4971	DATA	Keypress: t
323.0542	DATA	Keypress: t
323.2395	DATA	Keypress: t held
323.5776	DATA	Keypress: t
324.1516	DATA	Keypress: t
324.2527	DATA	Keypress: t held
324.7257	DATA	Keypress: t
325.2658	DATA	Keypress: t held
325.3002	DATA	Keypress: t
325.8234	DATA	Keypress: t
326.2790	DATA	Keypress: t held
326.3975	DATA	Keypress: t
326.9550	DATA	Keypress: t
327.2921	DATA	Keypress: t held
327.5629	DATA	Keypress: t
328.1371	DATA	Keypress: t
328.3053	DATA	Keypress: t held
328.6433	DATA	Keypress: t
329.1697	DATA	Keypress: t
329.4320	DATA	start rating L
329.5786	DATA	Keypress: t
334.3074	DATA	Keypress: v
334.8319	DATA	Keypress: v
346.8049	DATA	Keypress: return
346.8052	DATA	RatingScale rateL_scale: (key response) rating=5
346.8053	DATA	RatingScale rateL_scale: rating RT=17.373
346.8059	DATA	5.0
346.8059	DATA	end rating L
346.9582	DATA	start rating R
350.6356	DATA	Keypress: t
352.9323	DATA	Keypress: t
355.9721	DATA	Keypress: return
355.9724	DATA	RatingScale rateR_scale: (key response) rating=2
355.9724	DATA	RatingScale rateR_scale: rating RT=9.014
355.9730	DATA	2.0
355.9741	DATA	end rating R
358.3631	DATA	Keypress: t
358.3792	DATA	Keypress: t held
358.9033	DATA	Keypress: t
359.2748	DATA	Keypress: t
359.3924	DATA	Keypress: t held
359.6462	DATA	Keypress: t
360.0345	DATA	Keypress: t
360.4056	DATA	Keypress: t held
360.4401	DATA	Keypress: t
360.8129	DATA	Keypress: t
361.2506	DATA	Keypress: t
361.4182	DATA	Keypress: t held
361.6386	DATA	Keypress: t
362.1620	DATA	Keypress: v
362.4316	DATA	Keypress: v held
362.5335	DATA	Keypress: v
362.9050	DATA	Keypress: v
363.2765	DATA	Keypress: v
363.4450	DATA	Keypress: v held
363.6478	DATA	Keypress: v
364.0532	DATA	Keypress: v
364.4581	DATA	Keypress: v held
364.4754	DATA	Keypress: v
364.8666	DATA	Keypress: v
365.2858	DATA	Keypress: v
365.4882	DATA	Keypress: v held
365.7249	DATA	Keypress: v
366.1136	DATA	Keypress: v
366.5013	DATA	Keypress: v held
366.5014	DATA	earn v
366.6585	DATA	Keypress: v
368.9168	DATA	Keypress: t
368.9499	DATA	Keypress: t held
369.2203	DATA	Keypress: t
369.5075	DATA	Keypress: t
369.8790	DATA	Keypress: t
369.9629	DATA	Keypress: t held
370.2504	DATA	Keypress: t
370.6219	DATA	Keypress: t
370.9931	DATA	Keypress: t held
370.9936	DATA	Keypress: t
371.3314	DATA	Keypress: t
371.6859	DATA	Keypress: t
372.0062	DATA	Keypress: t held
372.0573	DATA	Keypress: t
372.4121	DATA	Keypress: t
372.7666	DATA	Keypress: t
373.0194	DATA	Keypress: t held
373.1380	DATA	Keypress: t
373.4926	DATA	Keypress: t
374.0326	DATA	Keypress: t held
374.0326	DATA	earn t
374.0334	DATA	Keypress: v
374.4062	DATA	Keypress: v
374.7424	DATA	Keypress: v
375.1313	DATA	Keypress: v
375.5020	DATA	Keypress: v
375.8400	DATA	Keypress: v
376.1602	DATA	Keypress: v held
376.1602	DATA	earn v
376.2829	DATA	Keypress: v
376.6503	DATA	Keypress: v
377.0050	DATA	Keypress: v
377.3430	DATA	Keypress: v
377.7143	DATA	Keypress: v
378.0857	DATA	Keypress: v
378.2879	DATA	Keypress: v held
378.4235	DATA	Keypress: v
378.7780	DATA	Keypress: v
379.1159	DATA	Keypress: v
379.3179	DATA	Keypress: v held
379.4872	DATA	Keypress: v
379.8925	DATA	Keypress: v
380.2301	DATA	Keypress: v
380.3310	DATA	Keypress: v held
381.1253	DATA	Keypress: v
381.3442	DATA	Keypress: v held
381.6822	DATA	Keypress: v
382.2057	DATA	Keypress: v
382.3742	DATA	Keypress: v held
382.6786	DATA	Keypress: v
383.2189	DATA	Keypress: v
383.3873	DATA	Keypress: v held
383.6579	DATA	Keypress: v
384.1138	DATA	Keypress: v
384.4004	DATA	Keypress: v held
384.5527	DATA	Keypress: v
384.9749	DATA	Keypress: v
385.3971	DATA	Keypress: v
385.4304	DATA	Keypress: v held
385.4304	DATA	earn v
385.9207	DATA	Keypress: v
386.3428	DATA	Keypress: v
386.7818	DATA	Keypress: v
387.1870	DATA	Keypress: v
387.6087	DATA	Keypress: v held
387.6087	DATA	earn v
387.7454	DATA	Keypress: v
388.2003	DATA	Keypress: v
388.7586	DATA	Keypress: v
389.1459	DATA	Keypress: v
389.5849	DATA	Keypress: v
389.7701	DATA	Keypress: v held
389.7702	DATA	earn v
390.0916	DATA	Keypress: v
390.5140	DATA	Keypress: v
390.9865	DATA	Keypress: v
391.4931	DATA	Keypress: v
391.8978	DATA	Keypress: v held
391.9490	DATA	Keypress: v
392.4220	DATA	Keypress: v
392.8778	DATA	Keypress: v
392.9110	DATA	Keypress: v held
392.9111	DATA	earn v
393.3506	DATA	Keypress: v
393.8072	DATA	Keypress: v
394.2627	DATA	Keypress: v
394.7182	DATA	Keypress: v
395.0725	DATA	Keypress: v held
395.1911	DATA	Keypress: v
395.6299	DATA	Keypress: v
396.0856	DATA	Keypress: v held
396.0857	DATA	earn v
396.0861	DATA	Keypress: v
396.5756	DATA	Keypress: v
396.9810	DATA	Keypress: v
397.4369	DATA	Keypress: v
397.8928	DATA	Keypress: v
398.2807	DATA	Keypress: v held
398.2808	DATA	earn v
398.4228	DATA	Keypress: v
398.7539	DATA	Keypress: v
399.1763	DATA	Keypress: v
399.6320	DATA	Keypress: v
400.1049	DATA	Keypress: v
400.4929	DATA	Keypress: v held
400.5610	DATA	Keypress: v
401.0508	DATA	Keypress: v
401.5060	DATA	Keypress: v held
401.5067	DATA	Keypress: v
401.9793	DATA	Keypress: v
402.4693	DATA	Keypress: v
402.5361	DATA	Keypress: v held
402.9417	DATA	Keypress: v
403.3301	DATA	Keypress: v
403.5491	DATA	Keypress: v held
403.5492	DATA	earn v
403.8030	DATA	Keypress: v
404.2760	DATA	Keypress: v
404.7655	DATA	Keypress: v
405.1876	DATA	Keypress: v
405.6265	DATA	Keypress: v
405.6937	DATA	Keypress: v held
406.0829	DATA	Keypress: v
406.5218	DATA	Keypress: v
406.7069	DATA	Keypress: v held
406.9269	DATA	Keypress: v
407.4005	DATA	Keypress: v
407.7369	DATA	Keypress: v held
407.7886	DATA	Keypress: v
408.2780	DATA	Keypress: v
408.7167	DATA	Keypress: v
408.7500	DATA	Keypress: v held
409.1223	DATA	Keypress: v
409.5780	DATA	Keypress: v
409.7633	DATA	Keypress: v held
410.0341	DATA	Keypress: v
410.4901	DATA	Keypress: v
410.7765	DATA	Keypress: v held
411.0808	DATA	Keypress: v
411.4521	DATA	Keypress: v
411.7895	DATA	Keypress: v held
411.7896	DATA	earn v
411.9049	DATA	Keypress: v
412.3814	DATA	Keypress: v
412.7530	DATA	Keypress: v
413.5798	DATA	Keypress: v
413.9511	DATA	Keypress: v held
413.9511	DATA	earn v
414.0822	DATA	Keypress: v
414.4413	DATA	Keypress: v
414.8466	DATA	Keypress: v
415.2857	DATA	Keypress: v
415.6908	DATA	Keypress: v
416.0740	DATA	Keypress: v
416.3979	DATA	start rating L
416.5078	DATA	Keypress: v
419.6996	DATA	Keypress: t
420.1047	DATA	Keypress: t
421.1179	DATA	Keypress: t
423.0597	DATA	Keypress: return
423.0600	DATA	RatingScale rateL_scale: (key response) rating=2
423.0601	DATA	RatingScale rateL_scale: rating RT=6.662
423.0605	DATA	2.0
423.0606	DATA	end rating L
423.1854	DATA	start rating R
424.4807	DATA	Keypress: v
424.8843	DATA	Keypress: v
426.3360	DATA	Keypress: t
428.2294	DATA	Keypress: return
428.2297	DATA	RatingScale rateR_scale: (key response) rating=5
428.2298	DATA	RatingScale rateR_scale: rating RT=5.044
428.2302	DATA	5.0
428.2312	DATA	end rating R
428.2364	DATA	Keypress: backslash
429.6047	DATA	Keypress: t
429.6212	DATA	Keypress: t held
430.1112	DATA	Keypress: t
430.4153	DATA	Keypress: t
430.6512	DATA	Keypress: t held
430.7698	DATA	Keypress: t
431.1417	DATA	Keypress: t
431.4792	DATA	Keypress: t
431.6644	DATA	Keypress: t held
431.8001	DATA	Keypress: t
432.1208	DATA	Keypress: t
432.4588	DATA	Keypress: t
432.6944	DATA	Keypress: t held
432.7963	DATA	Keypress: t
433.1342	DATA	Keypress: t
433.4885	DATA	Keypress: t
433.7076	DATA	Keypress: t held
433.8094	DATA	Keypress: t
434.1474	DATA	Keypress: t
434.4685	DATA	Keypress: t
434.7207	DATA	Keypress: t held
435.0084	DATA	Keypress: v
435.4810	DATA	Keypress: v
435.7339	DATA	Keypress: v held
435.7339	DATA	earn v
435.8490	DATA	Keypress: v
436.0722	DATA	Keypress: v
436.4268	DATA	Keypress: v
436.9260	DATA	Keypress: v
437.0515	DATA	Keypress: v
437.4399	DATA	Keypress: v
437.8116	DATA	Keypress: v
437.9292	DATA	Keypress: v held
437.9292	DATA	earn v
438.1659	DATA	Keypress: v
438.5378	DATA	Keypress: v
438.8924	DATA	Keypress: v
439.3143	DATA	Keypress: v
439.7363	DATA	Keypress: v
440.0918	DATA	Keypress: v
440.1242	DATA	Keypress: v held
440.4622	DATA	Keypress: v
440.9187	DATA	Keypress: v
441.1542	DATA	Keypress: v held
441.3240	DATA	Keypress: v
441.7458	DATA	Keypress: v
442.1512	DATA	Keypress: v
442.1674	DATA	Keypress: v held
442.5736	DATA	Keypress: v
442.9957	DATA	Keypress: v
443.1807	DATA	Keypress: v held
443.3838	DATA	Keypress: v
443.7565	DATA	Keypress: v
444.1777	DATA	Keypress: v
444.2107	DATA	Keypress: v held
444.5826	DATA	Keypress: v
444.9722	DATA	Keypress: v
445.2239	DATA	Keypress: v held
445.3593	DATA	Keypress: v
445.7309	DATA	Keypress: v
446.1699	DATA	Keypress: v
446.2371	DATA	Keypress: v held
446.5920	DATA	Keypress: v
446.9804	DATA	Keypress: v
447.2501	DATA	Keypress: v held
447.4197	DATA	Keypress: v
447.8250	DATA	Keypress: v
448.2131	DATA	Keypress: v
448.2634	DATA	Keypress: v held
448.6184	DATA	Keypress: v
449.0067	DATA	Keypress: v
449.2765	DATA	Keypress: v held
449.8687	DATA	Keypress: v
450.2897	DATA	Keypress: v held
450.2898	DATA	earn v
450.9661	DATA	Keypress: v
451.9618	DATA	Keypress: v
452.4848	DATA	Keypress: v held
452.9245	DATA	Keypress: v
453.4980	DATA	Keypress: v held
453.7010	DATA	Keypress: v
454.5280	DATA	Keypress: v held
454.5280	DATA	earn v
454.6358	DATA	Keypress: v
455.2547	DATA	Keypress: v
455.9640	DATA	Keypress: v
456.7401	DATA	Keypress: v held
456.7574	DATA	Keypress: v
457.4667	DATA	Keypress: v
457.7700	DATA	Keypress: v held
458.1758	DATA	Keypress: v
458.7832	DATA	Keypress: v held
458.8681	DATA	Keypress: v
459.4937	DATA	Keypress: v
459.7964	DATA	Keypress: v held
460.7090	DATA	Keypress: v
460.8097	DATA	Keypress: v held
461.1817	DATA	Keypress: v
461.7725	DATA	Keypress: v
461.8229	DATA	Keypress: v held
462.2792	DATA	Keypress: v
462.7857	DATA	Keypress: v
462.8529	DATA	Keypress: v held
463.3100	DATA	Keypress: v
463.7989	DATA	Keypress: v
463.8660	DATA	Keypress: v held
464.3058	DATA	Keypress: v
464.7445	DATA	Keypress: v
464.8792	DATA	Keypress: v held
465.1667	DATA	Keypress: v
465.5889	DATA	Keypress: v
465.8923	DATA	Keypress: v held
466.0278	DATA	Keypress: v
466.4504	DATA	Keypress: v
466.8046	DATA	Keypress: v
466.9055	DATA	Keypress: v held
467.2100	DATA	Keypress: v
467.6998	DATA	Keypress: v
467.9356	DATA	Keypress: v held
468.1554	DATA	Keypress: v
468.5778	DATA	Keypress: v
468.9486	DATA	Keypress: v held
468.9999	DATA	Keypress: v
469.4391	DATA	Keypress: v
469.8778	DATA	Keypress: v
469.9618	DATA	Keypress: v held
469.9619	DATA	earn v
470.3340	DATA	Keypress: v
470.6546	DATA	Keypress: v
471.1986	DATA	Keypress: v
471.4656	DATA	Keypress: v
471.8706	DATA	Keypress: v
472.2077	DATA	Keypress: v held
472.2252	DATA	Keypress: v
472.6306	DATA	Keypress: v
473.0356	DATA	Keypress: v
473.2208	DATA	Keypress: v held
473.3732	DATA	Keypress: v
473.7785	DATA	Keypress: v
474.1515	DATA	Keypress: v
474.2509	DATA	Keypress: v held
474.5556	DATA	Keypress: v
474.9099	DATA	Keypress: v
475.2640	DATA	Keypress: v held
475.2640	DATA	earn v
475.3794	DATA	Keypress: v
475.7204	DATA	Keypress: v
476.1092	DATA	Keypress: v
476.4767	DATA	Keypress: v
476.8523	DATA	Keypress: v
477.2070	DATA	Keypress: v
477.4929	DATA	Keypress: v held
477.5612	DATA	Keypress: v
477.9666	DATA	Keypress: v
478.3207	DATA	Keypress: v
478.5062	DATA	Keypress: v held
478.6754	DATA	Keypress: v
479.0806	DATA	Keypress: v
479.4187	DATA	Keypress: v
479.5193	DATA	Keypress: v held
479.7899	DATA	Keypress: v
480.1783	DATA	Keypress: v
480.5324	DATA	Keypress: v held
480.5324	DATA	earn v
480.6405	DATA	Keypress: v
481.0565	DATA	Keypress: v
481.7397	DATA	Keypress: v
482.0527	DATA	Keypress: v
482.4080	DATA	Keypress: v
482.7445	DATA	Keypress: v held
482.7789	DATA	Keypress: v
483.2009	DATA	Keypress: v
483.5892	DATA	Keypress: v
483.7577	DATA	Keypress: v held
483.9438	DATA	Keypress: v
484.3323	DATA	Keypress: v
484.6867	DATA	Keypress: v
484.7707	DATA	Keypress: v held
485.0417	DATA	Keypress: v
485.3960	DATA	Keypress: v
485.7840	DATA	Keypress: v held
485.7846	DATA	Keypress: v
486.1732	DATA	Keypress: v
486.5104	DATA	Keypress: v
486.7972	DATA	Keypress: v held
486.8989	DATA	Keypress: v
487.2872	DATA	Keypress: v
487.6929	DATA	Keypress: v
487.8273	DATA	Keypress: v held
488.0477	DATA	Keypress: v
488.7307	DATA	start rating L
488.7394	DATA	Keypress: v
488.7631	DATA	Keypress: v
490.5534	DATA	Keypress: t
491.2964	DATA	Keypress: t
491.9721	DATA	Keypress: t
493.1712	DATA	Keypress: t
495.1125	DATA	Keypress: return
495.1128	DATA	RatingScale rateL_scale: (key response) rating=2
495.1129	DATA	RatingScale rateL_scale: rating RT=6.382
495.1133	DATA	2.0
495.1133	DATA	end rating L
495.2338	DATA	start rating R
497.3619	DATA	Keypress: v
499.0470	DATA	Keypress: v
500.7219	DATA	Keypress: t
502.5596	DATA	Keypress: return
502.5599	DATA	RatingScale rateR_scale: (key response) rating=5
502.5600	DATA	RatingScale rateR_scale: rating RT=7.326
502.5604	DATA	5.0
502.5614	DATA	end rating R
503.9202	DATA	Keypress: v
503.9365	DATA	Keypress: v held
504.2243	DATA	Keypress: v
504.5956	DATA	Keypress: v
504.9497	DATA	Keypress: v held
504.9498	DATA	earn v
505.0667	DATA	Keypress: v
505.9128	DATA	Keypress: v
506.2167	DATA	Keypress: v
506.5880	DATA	Keypress: v
506.9426	DATA	Keypress: v
507.1954	DATA	Keypress: v held
507.2634	DATA	Keypress: v
507.6180	DATA	Keypress: v
507.9221	DATA	Keypress: v
508.2086	DATA	Keypress: v held
508.2597	DATA	Keypress: v
508.5639	DATA	Keypress: v
508.8675	DATA	Keypress: v
509.2387	DATA	Keypress: v held
509.2729	DATA	Keypress: v
509.6107	DATA	Keypress: v
510.0496	DATA	Keypress: v
510.2518	DATA	Keypress: v held
510.4042	DATA	Keypress: v
510.7589	DATA	Keypress: v
511.1305	DATA	Keypress: v
511.2648	DATA	Keypress: v held
511.4348	DATA	Keypress: v
511.8395	DATA	Keypress: v
512.1604	DATA	Keypress: v
512.2782	DATA	Keypress: v held
512.4986	DATA	Keypress: v
512.8529	DATA	Keypress: v
513.1568	DATA	Keypress: v
513.2912	DATA	Keypress: v held
513.7817	DATA	Keypress: t
514.1024	DATA	Keypress: t
514.3045	DATA	Keypress: t held
514.4399	DATA	Keypress: t
514.7779	DATA	Keypress: t
515.0816	DATA	Keypress: t
515.3176	DATA	Keypress: t held
515.4026	DATA	Keypress: t
515.7233	DATA	Keypress: t
516.0609	DATA	Keypress: t
516.3308	DATA	Keypress: t held
516.3988	DATA	Keypress: t
516.6689	DATA	Keypress: t
516.9729	DATA	Keypress: t
517.3440	DATA	Keypress: t held
517.3781	DATA	Keypress: t
518.0873	DATA	Keypress: v
518.3570	DATA	Keypress: v held
518.3570	DATA	earn v
518.3579	DATA	Keypress: v
518.6955	DATA	Keypress: v
518.9993	DATA	Keypress: v
519.6005	DATA	Keypress: v
519.6581	DATA	Keypress: v
520.0294	DATA	Keypress: v
520.3499	DATA	Keypress: v
520.6029	DATA	Keypress: v held
520.6543	DATA	Keypress: v
521.0086	DATA	Keypress: v
521.3804	DATA	Keypress: v
521.6161	DATA	Keypress: v held
521.6161	DATA	earn v
521.7252	DATA	Keypress: v
522.0897	DATA	Keypress: v
522.3933	DATA	Keypress: v
522.8658	DATA	Keypress: v
523.1365	DATA	Keypress: v
523.4907	DATA	Keypress: v
523.8455	DATA	Keypress: v
523.8789	DATA	Keypress: v held
524.1833	DATA	Keypress: v
524.5549	DATA	Keypress: v
524.8600	DATA	Keypress: v
524.8920	DATA	Keypress: v held
525.2641	DATA	Keypress: v
525.7368	DATA	Keypress: v
525.9052	DATA	Keypress: v held
526.2436	DATA	Keypress: v
526.7836	DATA	Keypress: v
526.9184	DATA	Keypress: v held
527.2565	DATA	Keypress: v
527.7462	DATA	Keypress: v
527.9483	DATA	Keypress: v held
528.2358	DATA	Keypress: v
528.7593	DATA	Keypress: v
528.9615	DATA	Keypress: v held
529.2320	DATA	Keypress: v
529.9747	DATA	Keypress: v held
530.1439	DATA	Keypress: v
530.5491	DATA	Keypress: v
530.9714	DATA	Keypress: v
531.0046	DATA	Keypress: v held
531.3768	DATA	Keypress: v
531.7481	DATA	Keypress: v
532.0177	DATA	Keypress: v held
532.1532	DATA	Keypress: v
532.5584	DATA	Keypress: v
532.9470	DATA	Keypress: v
533.0479	DATA	Keypress: v held
533.3522	DATA	Keypress: v
533.7405	DATA	Keypress: v
534.0610	DATA	Keypress: v held
534.1458	DATA	Keypress: v
534.5680	DATA	Keypress: v
534.9566	DATA	Keypress: v
535.0742	DATA	Keypress: v held
535.3615	DATA	Keypress: v
535.7331	DATA	Keypress: v
536.0873	DATA	Keypress: v held
536.0873	DATA	earn v
536.2309	DATA	Keypress: v
536.5605	DATA	Keypress: v
536.9829	DATA	Keypress: v
537.4343	DATA	Keypress: v
537.8101	DATA	Keypress: v
538.2999	DATA	Keypress: v
538.4344	DATA	Keypress: v held
538.7389	DATA	Keypress: v
539.2289	DATA	Keypress: v
539.4477	DATA	Keypress: v held
539.7186	DATA	Keypress: v
540.1572	DATA	Keypress: v
540.4609	DATA	Keypress: v held
540.5627	DATA	Keypress: v
541.0017	DATA	Keypress: v
541.4403	DATA	Keypress: v
541.4740	DATA	Keypress: v held
541.7785	DATA	Keypress: v
542.1329	DATA	Keypress: v
542.4871	DATA	Keypress: v held
542.4872	DATA	earn v
542.7581	DATA	Keypress: v
543.1971	DATA	Keypress: v
543.7447	DATA	Keypress: v
544.2270	DATA	Keypress: v
544.6658	DATA	Keypress: v
544.7668	DATA	Keypress: v held
545.0374	DATA	Keypress: v
545.4596	DATA	Keypress: v
545.7799	DATA	Keypress: v held
545.8311	DATA	Keypress: v
546.4050	DATA	Keypress: v
546.7596	DATA	Keypress: v
546.7929	DATA	Keypress: v held
547.1987	DATA	Keypress: v
547.6714	DATA	Keypress: v
547.8062	DATA	Keypress: v held
548.1105	DATA	Keypress: v
548.5495	DATA	Keypress: v
548.8193	DATA	Keypress: v held
548.9380	DATA	Keypress: v
549.3098	DATA	Keypress: v
549.7825	DATA	Keypress: v
549.8495	DATA	Keypress: v held
550.1877	DATA	Keypress: v
550.5929	DATA	Keypress: v
550.8796	DATA	Keypress: v held
551.4542	DATA	Keypress: v
551.8927	DATA	Keypress: v held
551.9102	DATA	Keypress: v
552.3999	DATA	Keypress: v
552.8218	DATA	Keypress: v
552.9227	DATA	Keypress: v held
553.1932	DATA	Keypress: v
553.5816	DATA	Keypress: v
553.9359	DATA	Keypress: v held
553.9870	DATA	Keypress: v
554.3752	DATA	Keypress: v
554.7807	DATA	Keypress: v
554.9490	DATA	Keypress: v held
555.1351	DATA	Keypress: v
555.5236	DATA	Keypress: v
555.9290	DATA	Keypress: v
555.9622	DATA	Keypress: v held
556.3172	DATA	Keypress: v
556.7394	DATA	Keypress: v
556.9754	DATA	Keypress: v held
557.1281	DATA	Keypress: v
557.4994	DATA	Keypress: v
557.9215	DATA	Keypress: v
557.9886	DATA	Keypress: v held
558.3099	DATA	Keypress: v
558.7150	DATA	Keypress: v
559.0019	DATA	Keypress: v held
559.0865	DATA	Keypress: v
559.4582	DATA	Keypress: v
559.7959	DATA	Keypress: v
560.0149	DATA	Keypress: v held
560.2347	DATA	Keypress: v
560.6231	DATA	Keypress: v
560.9949	DATA	Keypress: v
561.0280	DATA	Keypress: v held
561.5192	DATA	Keypress: v
562.0412	DATA	Keypress: v held
562.5483	DATA	Keypress: v
563.1116	DATA	start rating L
564.1627	DATA	Keypress: v
565.3944	DATA	Keypress: t
565.7359	DATA	Keypress: t
566.1013	DATA	Keypress: t
568.1782	DATA	Keypress: return
568.1786	DATA	RatingScale rateL_scale: (key response) rating=2
568.1786	DATA	RatingScale rateL_scale: rating RT=5.067
568.1791	DATA	2.0
568.1791	DATA	end rating L
568.3020	DATA	start rating R
569.6469	DATA	Keypress: v
572.6360	DATA	Keypress: return
572.6363	DATA	RatingScale rateR_scale: (key response) rating=5
572.6363	DATA	RatingScale rateR_scale: rating RT=4.334
572.6368	DATA	5.0
572.6377	DATA	end rating R
573.7433	DATA	Keypress: t
573.7599	DATA	Keypress: t held
573.7600	DATA	earn t
574.0643	DATA	Keypress: t
575.1697	DATA	Keypress: t
575.2126	DATA	Keypress: t
575.5842	DATA	Keypress: t
575.9387	DATA	Keypress: t
576.1745	DATA	Keypress: t held
576.2931	DATA	Keypress: t
576.6647	DATA	Keypress: t
576.9856	DATA	Keypress: t
577.1879	DATA	Keypress: t held
577.4245	DATA	Keypress: t
577.8805	DATA	Keypress: t
578.2179	DATA	Keypress: t held
578.3027	DATA	Keypress: t
578.8091	DATA	Keypress: t
579.2309	DATA	Keypress: t held
579.2314	DATA	Keypress: t
579.7384	DATA	Keypress: t
580.1772	DATA	Keypress: t
580.2442	DATA	Keypress: t held
580.6329	DATA	Keypress: t
581.0893	DATA	Keypress: t
581.2742	DATA	Keypress: t held
581.5451	DATA	Keypress: t
581.9839	DATA	Keypress: t
582.2875	DATA	Keypress: t held
582.4229	DATA	Keypress: t
582.7943	DATA	Keypress: t
583.2338	DATA	Keypress: t
583.3006	DATA	Keypress: t held
583.6556	DATA	Keypress: t
584.0778	DATA	Keypress: t
584.3137	DATA	Keypress: t held
584.5172	DATA	Keypress: t
584.9225	DATA	Keypress: t
585.3269	DATA	Keypress: t held
585.3270	DATA	earn t
585.4274	DATA	Keypress: t
585.8678	DATA	Keypress: t
586.6355	DATA	Keypress: t
586.7797	DATA	Keypress: t
587.2016	DATA	Keypress: t
587.6402	DATA	Keypress: t held
587.6406	DATA	Keypress: t
588.0627	DATA	Keypress: t
588.5018	DATA	Keypress: t
588.6534	DATA	Keypress: t held
588.9409	DATA	Keypress: t
589.3631	DATA	Keypress: t
589.6665	DATA	Keypress: t held
589.8024	DATA	Keypress: t
590.2750	DATA	Keypress: t
590.6797	DATA	Keypress: t held
590.6971	DATA	Keypress: t
591.1365	DATA	Keypress: t
591.6767	DATA	Keypress: t
591.7098	DATA	Keypress: t held
594.4288	DATA	Keypress: v
594.4623	DATA	Keypress: v held
594.9018	DATA	Keypress: v
595.3916	DATA	Keypress: v
595.4754	DATA	Keypress: v held
595.8643	DATA	Keypress: v
596.2526	DATA	Keypress: v
596.4885	DATA	Keypress: v held
596.6581	DATA	Keypress: v
597.0463	DATA	Keypress: v
597.4686	DATA	Keypress: v
597.5017	DATA	Keypress: v held
597.8569	DATA	Keypress: v
598.2284	DATA	Keypress: v
598.5149	DATA	Keypress: v held
598.6335	DATA	Keypress: v
598.9548	DATA	Keypress: v
599.5449	DATA	Keypress: v held
599.8834	DATA	Keypress: v
600.2547	DATA	Keypress: v
600.5581	DATA	Keypress: v held
600.6260	DATA	Keypress: v
601.0146	DATA	Keypress: v
601.5881	DATA	Keypress: v held
601.7575	DATA	Keypress: t
602.0614	DATA	Keypress: t
602.3317	DATA	Keypress: t
602.6013	DATA	Keypress: t held
602.6192	DATA	Keypress: t
602.9902	DATA	Keypress: t
603.3617	DATA	Keypress: t
603.6145	DATA	Keypress: t held
603.6836	DATA	Keypress: t
604.0033	DATA	Keypress: t
604.3579	DATA	Keypress: t
604.6445	DATA	Keypress: t held
604.6445	DATA	earn t
604.7382	DATA	Keypress: t
605.1855	DATA	Keypress: t
605.5568	DATA	Keypress: t
605.9440	DATA	Keypress: t
606.2662	DATA	Keypress: t
606.6712	DATA	Keypress: t
606.9579	DATA	Keypress: t held
606.9579	DATA	earn t
607.0527	DATA	Keypress: t
607.3979	DATA	Keypress: t
607.7857	DATA	Keypress: t
608.2607	DATA	Keypress: t
608.5287	DATA	Keypress: t
608.8679	DATA	Keypress: t
609.2548	DATA	Keypress: t
609.2711	DATA	Keypress: t held
609.6437	DATA	Keypress: t
609.9980	DATA	Keypress: t
610.2844	DATA	Keypress: t held
610.4033	DATA	Keypress: t
610.7579	DATA	Keypress: t
611.1125	DATA	Keypress: t
611.2976	DATA	Keypress: t held
611.4842	DATA	Keypress: t
611.8724	DATA	Keypress: t
612.3107	DATA	Keypress: t held
612.4632	DATA	Keypress: v
612.8178	DATA	Keypress: v
613.0711	DATA	Keypress: v
613.3408	DATA	Keypress: v held
613.3750	DATA	Keypress: v
613.6791	DATA	Keypress: v
614.1856	DATA	Keypress: t
614.3538	DATA	Keypress: t held
614.4727	DATA	Keypress: t
614.7764	DATA	Keypress: t
615.0467	DATA	Keypress: t
615.3670	DATA	Keypress: t held
615.5362	DATA	Keypress: t
615.9247	DATA	Keypress: t
616.3300	DATA	Keypress: t
616.3802	DATA	Keypress: t held
616.3802	DATA	earn t
616.7353	DATA	Keypress: t
617.1245	DATA	Keypress: t
617.7487	DATA	Keypress: t
617.9849	DATA	Keypress: t
618.3904	DATA	Keypress: t
618.7612	DATA	Keypress: t held
618.8124	DATA	Keypress: t
619.2176	DATA	Keypress: t
619.6397	DATA	Keypress: t
619.7743	DATA	Keypress: t held
620.0962	DATA	Keypress: t
620.5183	DATA	Keypress: t
620.7875	DATA	Keypress: t held
621.0750	DATA	Keypress: v
621.7505	DATA	Keypress: v
621.8176	DATA	Keypress: v held
622.3753	DATA	Keypress: t
622.8143	DATA	Keypress: t
622.8307	DATA	Keypress: t held
623.1691	DATA	Keypress: t
623.5404	DATA	Keypress: t
623.8440	DATA	Keypress: t held
623.8781	DATA	Keypress: t
624.2161	DATA	Keypress: t
624.5536	DATA	Keypress: t
624.8571	DATA	Keypress: t held
624.9588	DATA	Keypress: t
625.2966	DATA	Keypress: t
625.6344	DATA	Keypress: t
625.8703	DATA	Keypress: t held
625.9719	DATA	Keypress: t
626.3098	DATA	Keypress: t
626.6814	DATA	Keypress: t
626.8838	DATA	Keypress: t held
626.9684	DATA	Keypress: t
627.2893	DATA	Keypress: t
627.6267	DATA	Keypress: t
627.8965	DATA	Keypress: t held
627.9644	DATA	Keypress: t
628.3023	DATA	Keypress: t
628.6400	DATA	Keypress: t
628.9097	DATA	Keypress: t held
629.0117	DATA	Keypress: t
629.3830	DATA	Keypress: t
629.7376	DATA	Keypress: t
629.9398	DATA	Keypress: t held
630.0753	DATA	Keypress: t
630.4468	DATA	Keypress: t
630.9530	DATA	Keypress: t held
630.9706	DATA	Keypress: v
631.2911	DATA	Keypress: v
631.5950	DATA	Keypress: v
631.9160	DATA	Keypress: v
631.9661	DATA	Keypress: v held
632.2030	DATA	Keypress: v
633.2664	DATA	start rating L
633.2755	DATA	Keypress: t
633.2760	DATA	Keypress: t
633.4451	DATA	Keypress: t
635.1478	DATA	Keypress: v
635.7771	DATA	Keypress: v
636.1449	DATA	Keypress: v
636.4857	DATA	Keypress: v
637.8499	DATA	Keypress: return
637.8505	DATA	RatingScale rateL_scale: (key response) rating=5
637.8507	DATA	RatingScale rateL_scale: rating RT=4.584
637.8516	DATA	5.0
637.8516	DATA	end rating L
637.9739	DATA	start rating R
639.4875	DATA	Keypress: t
640.1468	DATA	Keypress: t
641.9698	DATA	Keypress: return
641.9701	DATA	RatingScale rateR_scale: (key response) rating=2
641.9702	DATA	RatingScale rateR_scale: rating RT=3.996
641.9706	DATA	2.0
641.9715	DATA	end rating R
643.2125	DATA	Keypress: t
643.2459	DATA	Keypress: t held
643.5843	DATA	Keypress: t
643.8880	DATA	Keypress: t
644.1920	DATA	Keypress: t
644.2589	DATA	Keypress: t held
644.4789	DATA	Keypress: t
644.7831	DATA	Keypress: t
645.2222	DATA	Keypress: v
645.2723	DATA	Keypress: v held
645.2723	DATA	earn v
645.5092	DATA	Keypress: v
645.8469	DATA	Keypress: v
646.6232	DATA	Keypress: v
646.7247	DATA	Keypress: v
647.0963	DATA	Keypress: v
647.5193	DATA	Keypress: v
647.6362	DATA	Keypress: v held
648.1432	DATA	Keypress: v
648.5992	DATA	Keypress: v
648.6494	DATA	Keypress: v held
648.8527	DATA	Keypress: v
649.1914	DATA	Keypress: v
649.5109	DATA	Keypress: v
649.6625	DATA	Keypress: v held
649.6626	DATA	earn v
649.8490	DATA	Keypress: v
650.5076	DATA	Keypress: t
651.0071	DATA	Keypress: t
651.1657	DATA	Keypress: t
651.4867	DATA	Keypress: t
651.7568	DATA	Keypress: t
652.0102	DATA	Keypress: t held
652.0610	DATA	Keypress: t
652.8722	DATA	Keypress: v
653.0228	DATA	Keypress: v held
653.1585	DATA	Keypress: v
653.4626	DATA	Keypress: v
653.7494	DATA	Keypress: v
654.0361	DATA	Keypress: v held
654.0361	DATA	earn v
654.1453	DATA	Keypress: v
654.5095	DATA	Keypress: v
654.8981	DATA	Keypress: v
655.3952	DATA	Keypress: v
655.4723	DATA	Keypress: v
655.8096	DATA	Keypress: v
656.2146	DATA	Keypress: v
656.4000	DATA	Keypress: v held
656.4000	DATA	earn v
656.6368	DATA	Keypress: v
657.0085	DATA	Keypress: v
657.9135	DATA	Keypress: v
658.0383	DATA	Keypress: v
658.4097	DATA	Keypress: v
658.7306	DATA	Keypress: v
658.9162	DATA	Keypress: v held
659.0347	DATA	Keypress: v
659.3723	DATA	Keypress: v
659.7105	DATA	Keypress: v
659.9462	DATA	Keypress: v held
660.0477	DATA	Keypress: v
660.3518	DATA	Keypress: v
660.7064	DATA	Keypress: v
660.9593	DATA	Keypress: v held
660.9935	DATA	Keypress: v
661.4663	DATA	Keypress: t
661.7370	DATA	Keypress: t
661.9725	DATA	Keypress: t held
662.0072	DATA	Keypress: t
662.2769	DATA	Keypress: t
662.6990	DATA	Keypress: v
662.9523	DATA	Keypress: v
662.9855	DATA	Keypress: v held
662.9856	DATA	earn v
663.2396	DATA	Keypress: v
663.4761	DATA	Keypress: v
663.7132	DATA	Keypress: v
664.3760	DATA	Keypress: v
664.3766	DATA	Keypress: v
664.7592	DATA	Keypress: v
665.1478	DATA	Keypress: v
665.3834	DATA	Keypress: v held
665.5192	DATA	Keypress: v
665.8400	DATA	Keypress: v
666.1943	DATA	Keypress: v
666.3965	DATA	Keypress: v held
666.4983	DATA	Keypress: v
666.8361	DATA	Keypress: v
667.1569	DATA	Keypress: v
667.4097	DATA	Keypress: v held
667.5114	DATA	Keypress: v
668.1366	DATA	Keypress: v
668.4398	DATA	Keypress: v held
668.6436	DATA	Keypress: t
668.9975	DATA	Keypress: t
669.4528	DATA	Keypress: t held
669.5043	DATA	Keypress: v
669.8420	DATA	Keypress: v
670.1119	DATA	Keypress: v
670.3821	DATA	Keypress: v
670.4661	DATA	Keypress: v held
670.7032	DATA	Keypress: v
671.0239	DATA	Keypress: v
671.3448	DATA	Keypress: v
671.4792	DATA	Keypress: v held
671.6315	DATA	Keypress: v
671.9695	DATA	Keypress: v
672.2737	DATA	Keypress: v
672.4924	DATA	Keypress: v held
672.6112	DATA	Keypress: v
672.9659	DATA	Keypress: v
673.3374	DATA	Keypress: v
673.5055	DATA	Keypress: v held
673.6582	DATA	Keypress: v
673.9619	DATA	Keypress: v
674.3169	DATA	Keypress: v
674.5187	DATA	Keypress: v held
674.5870	DATA	Keypress: v
674.8572	DATA	Keypress: v
675.1609	DATA	Keypress: v
675.5319	DATA	Keypress: v held
675.6842	DATA	Keypress: t
675.9882	DATA	Keypress: t
676.2414	DATA	Keypress: t
676.5117	DATA	Keypress: t
676.5450	DATA	Keypress: t held
676.9173	DATA	Keypress: v
677.1702	DATA	Keypress: v
677.3899	DATA	Keypress: v
677.5582	DATA	Keypress: v held
677.6091	DATA	Keypress: v
677.8292	DATA	Keypress: v
678.0653	DATA	Keypress: v
678.5044	DATA	Keypress: v
678.5714	DATA	Keypress: v held
678.8251	DATA	Keypress: v
679.1965	DATA	Keypress: v
679.5845	DATA	Keypress: v held
679.8550	DATA	Keypress: v
680.2109	DATA	Keypress: v
680.5644	DATA	Keypress: v
680.5976	DATA	Keypress: v held
680.9359	DATA	Keypress: v
681.2739	DATA	Keypress: v
681.5608	DATA	Keypress: v
681.6277	DATA	Keypress: v held
681.8648	DATA	Keypress: v
682.1853	DATA	Keypress: v
682.4893	DATA	Keypress: v
682.6409	DATA	Keypress: v held
682.8440	DATA	Keypress: v
683.1146	DATA	Keypress: v
683.4521	DATA	Keypress: v
683.6710	DATA	Keypress: v held
683.7388	DATA	Keypress: v
684.0260	DATA	Keypress: v
684.3637	DATA	Keypress: v
684.6337	DATA	Keypress: v
684.6840	DATA	Keypress: v held
684.9551	DATA	Keypress: v
685.2585	DATA	Keypress: v
685.5628	DATA	Keypress: v
685.6975	DATA	Keypress: v held
685.9006	DATA	Keypress: v
686.2042	DATA	Keypress: v
686.5083	DATA	Keypress: v
686.7103	DATA	Keypress: v held
686.8124	DATA	Keypress: v
687.1330	DATA	Keypress: v
687.4200	DATA	Keypress: v
687.6917	DATA	Keypress: v
687.7236	DATA	Keypress: v held
687.9942	DATA	Keypress: v
688.3155	DATA	Keypress: v
688.7206	DATA	Keypress: t
688.7366	DATA	Keypress: t held
689.0242	DATA	Keypress: t
689.2946	DATA	Keypress: t
689.5139	DATA	Keypress: t
689.7667	DATA	Keypress: t held
689.8013	DATA	Keypress: t
690.0038	DATA	Keypress: t
690.2570	DATA	Keypress: t
690.5103	DATA	Keypress: t
690.7476	DATA	Keypress: t
690.7798	DATA	Keypress: t held
690.9830	DATA	Keypress: t
691.6416	DATA	Keypress: v
691.8100	DATA	Keypress: v held
691.8783	DATA	Keypress: v
692.2836	DATA	Keypress: v
692.5536	DATA	Keypress: v
692.8068	DATA	Keypress: v
692.8231	DATA	Keypress: v held
693.0603	DATA	Keypress: v
693.3305	DATA	Keypress: v
693.5667	DATA	Keypress: v
693.8029	DATA	Keypress: v
693.8363	DATA	Keypress: v held
694.0565	DATA	Keypress: v
694.2930	DATA	Keypress: v
694.5292	DATA	Keypress: v
694.7656	DATA	Keypress: v
694.8664	DATA	Keypress: v held
695.0360	DATA	Keypress: v
695.2720	DATA	Keypress: v
695.5253	DATA	Keypress: v
695.7956	DATA	Keypress: v
695.8796	DATA	Keypress: v held
696.0319	DATA	Keypress: v
696.3020	DATA	Keypress: v
696.5385	DATA	Keypress: v
696.7919	DATA	Keypress: v
696.8928	DATA	Keypress: v held
697.0283	DATA	Keypress: v
697.2982	DATA	Keypress: v
697.5347	DATA	Keypress: v
697.8047	DATA	Keypress: v
697.9057	DATA	Keypress: v held
698.0582	DATA	Keypress: v
698.3114	DATA	Keypress: v
698.5478	DATA	Keypress: v
698.7842	DATA	Keypress: v
698.9190	DATA	Keypress: v held
699.0375	DATA	Keypress: v
699.2739	DATA	Keypress: v
699.5440	DATA	Keypress: v
699.7972	DATA	Keypress: v
699.9321	DATA	Keypress: v held
700.2198	DATA	Keypress: t
700.4898	DATA	Keypress: t
700.8781	DATA	Keypress: v
700.9453	DATA	Keypress: v held
701.0976	DATA	Keypress: v
701.3340	DATA	Keypress: v
701.5367	DATA	Keypress: v
701.7730	DATA	Keypress: v
701.9752	DATA	Keypress: v held
702.0228	DATA	Keypress: v
702.8294	DATA	start rating L
702.8421	DATA	Keypress: v
705.6131	DATA	Keypress: t
706.3224	DATA	Keypress: t
706.9303	DATA	Keypress: t
708.7546	DATA	Keypress: return
708.7551	DATA	RatingScale rateL_scale: (key response) rating=2
708.7552	DATA	RatingScale rateL_scale: rating RT=5.926
708.7560	DATA	2.0
708.7560	DATA	end rating L
708.8781	DATA	start rating R
709.9894	DATA	Keypress: v
711.6627	DATA	Keypress: return
711.6630	DATA	RatingScale rateR_scale: (key response) rating=5
711.6631	DATA	RatingScale rateR_scale: rating RT=2.785
711.6636	DATA	5.0
711.6646	DATA	end rating R
