7.8291	DATA	version A
248.4112	DATA	Keypress: v
284.1454	DATA	Keypress: space
288.0631	DATA	Keypress: t
288.0960	DATA	Keypress: t held
289.2957	DATA	Keypress: t
289.3286	DATA	Keypress: t held
289.6668	DATA	Keypress: t
290.2748	DATA	Keypress: t
290.3416	DATA	Keypress: t held
291.4739	DATA	Keypress: v
291.5066	DATA	Keypress: v held
291.9800	DATA	Keypress: v
292.4527	DATA	Keypress: v
292.5198	DATA	Keypress: v held
292.5198	DATA	earn v
295.2394	DATA	Keypress: t
295.2720	DATA	Keypress: t held
296.0324	DATA	Keypress: t
296.8091	DATA	Keypress: v
296.8423	DATA	Keypress: v held
297.2991	DATA	Keypress: v
297.8733	DATA	Keypress: v
297.9060	DATA	Keypress: v held
298.3799	DATA	Keypress: t
298.9704	DATA	Keypress: t
299.0036	DATA	Keypress: t held
299.6291	DATA	Keypress: t
300.2877	DATA	Keypress: t
300.3206	DATA	Keypress: t held
300.9122	DATA	Keypress: v
301.5030	DATA	Keypress: v
301.5363	DATA	Keypress: v held
301.5364	DATA	earn v
302.9721	DATA	Keypress: t
303.4618	DATA	Keypress: v
303.5625	DATA	Keypress: v held
303.9686	DATA	Keypress: v
304.4582	DATA	Keypress: t
304.5754	DATA	Keypress: t held
304.5754	DATA	earn t
305.8427	DATA	Keypress: t
306.3830	DATA	Keypress: t
306.6017	DATA	Keypress: t held
306.9065	DATA	Keypress: v
307.4633	DATA	Keypress: v
307.6149	DATA	Keypress: v held
308.0378	DATA	Keypress: t
308.6456	DATA	Keypress: v
308.6786	DATA	Keypress: v held
309.1010	DATA	Keypress: v
309.5235	DATA	Keypress: v
309.6917	DATA	Keypress: v held
310.1146	DATA	Keypress: v
310.6044	DATA	Keypress: t
310.7048	DATA	Keypress: t held
311.4987	DATA	Keypress: t
311.7179	DATA	Keypress: t held
311.7179	DATA	earn t
313.0865	DATA	Keypress: t
314.0827	DATA	Keypress: v
314.1155	DATA	Keypress: v held
314.6736	DATA	Keypress: v
315.2474	DATA	Keypress: v
315.2806	DATA	Keypress: v held
315.8385	DATA	Keypress: v
316.3629	DATA	Keypress: t
316.3950	DATA	Keypress: t held
317.0369	DATA	Keypress: v
317.6113	DATA	Keypress: v
317.6444	DATA	Keypress: v held
318.1514	DATA	Keypress: t
318.6412	DATA	Keypress: t
318.6744	DATA	Keypress: t held
318.6744	DATA	earn t
320.3309	DATA	Keypress: v
320.9379	DATA	Keypress: v
320.9708	DATA	Keypress: v held
321.4611	DATA	Keypress: v
322.0857	DATA	Keypress: t
322.1190	DATA	Keypress: t held
322.7106	DATA	Keypress: t
323.1832	DATA	Keypress: t
323.2164	DATA	Keypress: t held
323.6560	DATA	Keypress: v
324.1631	DATA	Keypress: t
324.2296	DATA	Keypress: t held
325.1758	DATA	Keypress: t
325.2425	DATA	Keypress: t held
325.8005	DATA	Keypress: v
326.3406	DATA	Keypress: v
326.3740	DATA	Keypress: v held
326.9487	DATA	Keypress: t
327.6749	DATA	Keypress: v
327.7076	DATA	Keypress: v held
328.1812	DATA	Keypress: t
328.8059	DATA	Keypress: v
328.8391	DATA	Keypress: v held
330.0385	DATA	Keypress: v
330.0718	DATA	Keypress: v held
330.5789	DATA	Keypress: v
331.1866	DATA	Keypress: t
331.2198	DATA	Keypress: t held
331.7948	DATA	Keypress: t
332.4868	DATA	Keypress: v
332.5200	DATA	Keypress: v held
333.0275	DATA	Keypress: v
333.6522	DATA	Keypress: t
333.6851	DATA	Keypress: t held
334.1753	DATA	Keypress: t
334.7495	DATA	Keypress: v
334.7826	DATA	Keypress: v held
335.2220	DATA	Keypress: v
335.9991	DATA	Keypress: t
336.0321	DATA	Keypress: t held
336.0321	DATA	earn t
337.0494	DATA	Keypress: t
337.7211	DATA	Keypress: t
338.3456	DATA	Keypress: t
338.3790	DATA	Keypress: t held
338.9032	DATA	Keypress: t
339.4099	DATA	Keypress: t
339.4428	DATA	Keypress: t held
339.9331	DATA	Keypress: t
340.8618	DATA	Keypress: v
340.8949	DATA	Keypress: v held
341.3685	DATA	Keypress: v
341.8921	DATA	Keypress: v
341.9248	DATA	Keypress: v held
342.3646	DATA	Keypress: v
342.8373	DATA	Keypress: t
342.9380	DATA	Keypress: t held
343.2428	DATA	Keypress: t
343.7489	DATA	Keypress: t
343.9511	DATA	Keypress: t held
344.2913	DATA	start rating L
344.3060	DATA	Keypress: t
347.9791	DATA	Keypress: v
348.2633	DATA	Keypress: v
348.5334	DATA	Keypress: v
348.8035	DATA	Keypress: v
349.3140	DATA	Keypress: t
357.4148	DATA	Keypress: t
358.3812	DATA	Keypress: x
358.3815	DATA	RatingScale rateA_scale: (key response) rating=3
358.3816	DATA	RatingScale rateA_scale: rating RT=14.090
358.3820	DATA	3.0
358.3821	DATA	end rating L
358.3885	DATA	start rating R
359.3572	DATA	Keypress: v
359.7826	DATA	Keypress: v
361.2644	DATA	Keypress: x
361.2647	DATA	RatingScale rateB_scale: (key response) rating=6
361.2648	DATA	RatingScale rateB_scale: rating RT=2.876
361.2653	DATA	6.0
361.2653	DATA	end rating R
375.3575	DATA	Keypress: t
375.3906	DATA	Keypress: t held
375.9486	DATA	Keypress: t
376.5735	DATA	Keypress: t
376.6065	DATA	Keypress: t held
377.1472	DATA	Keypress: t
377.6873	DATA	Keypress: v
377.7209	DATA	Keypress: v held
378.3124	DATA	Keypress: v
378.7347	DATA	Keypress: v
378.7677	DATA	Keypress: v held
379.1566	DATA	Keypress: t
379.6128	DATA	Keypress: v
379.7808	DATA	Keypress: v held
380.2035	DATA	Keypress: v
380.8123	DATA	Keypress: v
380.8444	DATA	Keypress: v held
381.3349	DATA	Keypress: v
381.9255	DATA	Keypress: v
381.9589	DATA	Keypress: v held
382.5339	DATA	Keypress: t
383.0909	DATA	Keypress: t
383.1239	DATA	Keypress: t held
383.6313	DATA	Keypress: t
384.1718	DATA	Keypress: t
384.2046	DATA	Keypress: t held
384.7794	DATA	Keypress: t
384.8638	DATA	Keypress: v
385.2690	DATA	Keypress: v
385.3021	DATA	Keypress: v held
385.3021	DATA	earn v
386.6872	DATA	Keypress: v
387.1435	DATA	Keypress: v
387.3283	DATA	Keypress: v held
387.6666	DATA	Keypress: v
388.1059	DATA	Keypress: t
388.3414	DATA	Keypress: t held
388.5618	DATA	Keypress: t
389.0175	DATA	Keypress: t
389.4394	DATA	Keypress: t
389.4726	DATA	Keypress: t held
389.8786	DATA	Keypress: v
390.3174	DATA	Keypress: v
390.4858	DATA	Keypress: v held
390.7060	DATA	Keypress: v
391.1619	DATA	Keypress: v
391.6011	DATA	Keypress: t
391.6340	DATA	Keypress: t held
392.0565	DATA	Keypress: t
392.5973	DATA	Keypress: t
392.6470	DATA	Keypress: t held
393.1033	DATA	Keypress: t
393.5427	DATA	Keypress: t
393.6601	DATA	Keypress: t held
393.9489	DATA	Keypress: v
394.3024	DATA	Keypress: v
394.6740	DATA	Keypress: v
394.7070	DATA	Keypress: v held
394.7070	DATA	earn v
394.9608	DATA	Keypress: v
396.2272	DATA	Keypress: v
396.4806	DATA	Keypress: v
396.7003	DATA	Keypress: v
396.7332	DATA	Keypress: v held
396.8856	DATA	Keypress: v
397.1051	DATA	Keypress: v
397.2738	DATA	Keypress: v
397.4766	DATA	Keypress: v
397.6628	DATA	Keypress: v
397.7462	DATA	Keypress: v held
397.8821	DATA	Keypress: v
398.0680	DATA	Keypress: v
398.2703	DATA	Keypress: v
398.4391	DATA	Keypress: v
398.6417	DATA	Keypress: v
398.7592	DATA	Keypress: v held
398.7593	DATA	earn v
398.8622	DATA	Keypress: v
399.0131	DATA	Keypress: v
399.2833	DATA	Keypress: v
399.7396	DATA	Keypress: v
400.1952	DATA	Keypress: t
400.5836	DATA	Keypress: t
400.8539	DATA	Keypress: t
400.8868	DATA	Keypress: t held
401.1409	DATA	Keypress: t
401.4112	DATA	Keypress: t
401.7151	DATA	Keypress: t
401.9852	DATA	Keypress: t
402.0179	DATA	Keypress: t held
402.2890	DATA	Keypress: t
402.6269	DATA	Keypress: t
402.9646	DATA	Keypress: t
403.0311	DATA	Keypress: t held
403.2852	DATA	Keypress: t
403.5724	DATA	Keypress: t
403.9101	DATA	Keypress: t
404.0442	DATA	Keypress: t held
404.1968	DATA	Keypress: t
404.5516	DATA	Keypress: t
404.8724	DATA	Keypress: t
405.0574	DATA	Keypress: t held
405.2098	DATA	Keypress: t
405.5643	DATA	Keypress: t
405.8854	DATA	Keypress: t
406.0705	DATA	Keypress: t held
406.2060	DATA	Keypress: t
406.5269	DATA	Keypress: t
406.8480	DATA	Keypress: t
407.1687	DATA	Keypress: t
407.2018	DATA	Keypress: t held
407.4556	DATA	Keypress: t
407.7429	DATA	Keypress: t
408.0466	DATA	Keypress: t
408.2149	DATA	Keypress: t held
408.3675	DATA	Keypress: t
408.6548	DATA	Keypress: t
408.9258	DATA	Keypress: t
409.2119	DATA	Keypress: t
409.2448	DATA	Keypress: t held
409.2448	DATA	earn t
409.8874	DATA	Keypress: v
410.2418	DATA	Keypress: v
410.5457	DATA	Keypress: v
410.8156	DATA	Keypress: v
411.4069	DATA	Keypress: v
411.4397	DATA	Keypress: v held
411.8122	DATA	Keypress: v
412.1668	DATA	Keypress: v
412.4875	DATA	Keypress: v
412.5205	DATA	Keypress: v held
412.5205	DATA	earn v
412.8083	DATA	Keypress: v
413.1291	DATA	Keypress: v
413.3825	DATA	Keypress: v
413.6532	DATA	Keypress: v
413.9394	DATA	Keypress: v
414.7497	DATA	Keypress: v
414.7831	DATA	Keypress: v held
415.1386	DATA	Keypress: v
415.5602	DATA	Keypress: v
415.9827	DATA	Keypress: v
416.0157	DATA	Keypress: v held
416.4722	DATA	Keypress: v
416.9111	DATA	Keypress: v
417.0288	DATA	Keypress: v held
417.4007	DATA	Keypress: v
417.8570	DATA	Keypress: v
418.3298	DATA	Keypress: v
418.3627	DATA	Keypress: v held
418.7853	DATA	Keypress: v
419.8493	DATA	Keypress: v
419.8823	DATA	Keypress: v held
420.4402	DATA	Keypress: v
420.9296	DATA	Keypress: v
420.9629	DATA	Keypress: v held
421.4005	DATA	start rating L
421.4598	DATA	Keypress: v
424.0769	DATA	Keypress: t
424.2999	DATA	Keypress: t
424.4990	DATA	Keypress: t
424.7012	DATA	Keypress: t
424.9074	DATA	Keypress: t
426.5077	DATA	Keypress: x
426.5080	DATA	RatingScale rateA_scale: (key response) rating=2
426.5081	DATA	RatingScale rateA_scale: rating RT=5.107
426.5085	DATA	2.0
426.5085	DATA	end rating L
426.5149	DATA	start rating R
427.3555	DATA	Keypress: v
428.3655	DATA	Keypress: x
428.3658	DATA	RatingScale rateB_scale: (key response) rating=5
428.3659	DATA	RatingScale rateB_scale: rating RT=1.851
428.3663	DATA	5.0
428.3663	DATA	end rating R
437.1052	DATA	Keypress: t
437.1386	DATA	Keypress: t held
437.1387	DATA	earn t
438.4735	DATA	Keypress: t
438.9631	DATA	Keypress: t
439.1648	DATA	Keypress: t held
439.4693	DATA	Keypress: t
439.9931	DATA	Keypress: t
440.1779	DATA	Keypress: t held
440.5330	DATA	Keypress: t
441.0398	DATA	Keypress: v
441.1910	DATA	Keypress: v held
441.1910	DATA	earn v
442.2556	DATA	Keypress: v
442.7451	DATA	Keypress: v
443.2179	DATA	Keypress: v
443.2508	DATA	Keypress: v held
443.6905	DATA	Keypress: v
444.1637	DATA	Keypress: v
444.2641	DATA	Keypress: v held
444.6192	DATA	Keypress: v
445.1257	DATA	Keypress: t
445.2770	DATA	Keypress: t held
445.5821	DATA	Keypress: t
446.0713	DATA	Keypress: t
446.2902	DATA	Keypress: t held
446.5611	DATA	Keypress: t
447.0846	DATA	Keypress: t
447.5741	DATA	Keypress: t
447.6072	DATA	Keypress: t held
448.0979	DATA	Keypress: v
448.5535	DATA	Keypress: v
448.6202	DATA	Keypress: v held
449.0431	DATA	Keypress: v
449.5499	DATA	Keypress: v
449.6335	DATA	Keypress: v held
450.0730	DATA	Keypress: t
450.5287	DATA	Keypress: t
450.6463	DATA	Keypress: t held
451.0016	DATA	Keypress: t
451.5251	DATA	Keypress: t
451.6597	DATA	Keypress: t held
452.2007	DATA	Keypress: v
452.6733	DATA	Keypress: v
452.7065	DATA	Keypress: v held
453.1628	DATA	Keypress: v
453.6529	DATA	Keypress: v
453.7195	DATA	Keypress: v held
453.7195	DATA	earn v
454.3618	DATA	Keypress: v
454.9527	DATA	Keypress: v
455.5271	DATA	Keypress: t
456.0504	DATA	Keypress: t
456.0834	DATA	Keypress: t held
456.5905	DATA	Keypress: t
457.0970	DATA	Keypress: t
457.1303	DATA	Keypress: t held
457.5702	DATA	Keypress: t
458.0764	DATA	Keypress: t
458.1433	DATA	Keypress: t held
458.5325	DATA	Keypress: t
459.1401	DATA	Keypress: v
459.1734	DATA	Keypress: v held
459.5625	DATA	Keypress: v
460.0522	DATA	Keypress: v
460.1865	DATA	Keypress: v held
460.5247	DATA	Keypress: v
461.0146	DATA	Keypress: v
461.4713	DATA	Keypress: v
461.5035	DATA	Keypress: v held
461.9602	DATA	Keypress: v
462.4497	DATA	Keypress: v
462.5166	DATA	Keypress: v held
462.5166	DATA	earn v
462.9902	DATA	Keypress: v
463.9522	DATA	Keypress: v
464.4085	DATA	Keypress: v
464.5428	DATA	Keypress: v held
464.8809	DATA	Keypress: v
465.3372	DATA	Keypress: t
465.5558	DATA	Keypress: t held
465.8098	DATA	Keypress: t
466.2825	DATA	Keypress: t
466.7218	DATA	Keypress: t
466.7547	DATA	Keypress: t held
467.1438	DATA	Keypress: t
467.6163	DATA	Keypress: v
468.0386	DATA	Keypress: v
468.0717	DATA	Keypress: v held
468.4610	DATA	Keypress: v
469.1028	DATA	Keypress: t
469.1354	DATA	Keypress: t held
469.6936	DATA	Keypress: t
470.1666	DATA	Keypress: t
470.1992	DATA	Keypress: t held
470.6557	DATA	Keypress: t
471.0790	DATA	Keypress: t
471.2123	DATA	Keypress: t held
471.5674	DATA	Keypress: t
472.0070	DATA	Keypress: t
472.5133	DATA	Keypress: t
472.5462	DATA	Keypress: t held
472.6821	DATA	Keypress: t
473.2225	DATA	Keypress: t
473.6780	DATA	Keypress: t
473.7112	DATA	Keypress: t held
473.7113	DATA	earn t
474.4887	DATA	Keypress: t
475.0457	DATA	Keypress: v
475.5019	DATA	Keypress: v
475.9745	DATA	Keypress: v
476.0076	DATA	Keypress: v held
476.8871	DATA	Keypress: v
477.0207	DATA	Keypress: v held
477.3927	DATA	Keypress: v
478.2369	DATA	Keypress: v
478.2702	DATA	Keypress: v held
478.6931	DATA	Keypress: v
479.2164	DATA	Keypress: v
479.2832	DATA	Keypress: v held
479.7059	DATA	Keypress: v
480.2295	DATA	Keypress: v
480.2962	DATA	Keypress: v held
480.8372	DATA	Keypress: t
481.3437	DATA	Keypress: t
481.3770	DATA	Keypress: t held
481.8506	DATA	Keypress: t
482.3741	DATA	Keypress: t
482.4070	DATA	Keypress: t held
482.9309	DATA	Keypress: t
483.5218	DATA	Keypress: t
483.5551	DATA	Keypress: t held
484.1300	DATA	Keypress: v
484.5688	DATA	Keypress: v
484.6020	DATA	Keypress: v held
485.0416	DATA	Keypress: v
485.4472	DATA	Keypress: v
485.6151	DATA	Keypress: v held
485.8519	DATA	Keypress: v
486.3925	DATA	Keypress: t
486.9158	DATA	Keypress: t
486.9490	DATA	Keypress: t held
487.3720	DATA	Keypress: t
487.8956	DATA	Keypress: t
487.9621	DATA	Keypress: t held
488.4905	DATA	start rating L
488.4975	DATA	Keypress: t
489.7930	DATA	Keypress: v
491.2482	DATA	Keypress: v
491.9543	DATA	Keypress: x
491.9546	DATA	RatingScale rateA_scale: (key response) rating=3
491.9547	DATA	RatingScale rateA_scale: rating RT=3.464
491.9551	DATA	3.0
491.9551	DATA	end rating L
491.9613	DATA	start rating R
492.5113	DATA	Keypress: v
493.6086	DATA	Keypress: v
494.7770	DATA	Keypress: x
494.7774	DATA	RatingScale rateB_scale: (key response) rating=6
494.7775	DATA	RatingScale rateB_scale: rating RT=2.816
494.7779	DATA	6.0
494.7779	DATA	end rating R
495.6789	DATA	Keypress: t
495.7966	DATA	Keypress: t held
496.8958	DATA	Keypress: t
496.9279	DATA	Keypress: t held
497.4351	DATA	Keypress: t
497.9756	DATA	Keypress: t
498.0086	DATA	Keypress: t held
498.6511	DATA	Keypress: t
499.2758	DATA	Keypress: t
499.3087	DATA	Keypress: t held
499.3087	DATA	earn t
500.5250	DATA	Keypress: t
501.3018	DATA	Keypress: v
501.3349	DATA	Keypress: v held
501.9434	DATA	Keypress: v
502.4836	DATA	Keypress: v
502.5168	DATA	Keypress: v held
503.0241	DATA	Keypress: v
503.5984	DATA	Keypress: v
503.6312	DATA	Keypress: v held
504.0718	DATA	Keypress: v
504.6284	DATA	Keypress: v
504.6612	DATA	Keypress: v held
504.6613	DATA	earn v
506.2997	DATA	Keypress: t
506.8232	DATA	Keypress: t
506.8562	DATA	Keypress: t held
507.3297	DATA	Keypress: t
507.8361	DATA	Keypress: t
507.8693	DATA	Keypress: t held
508.4102	DATA	Keypress: t
508.9168	DATA	Keypress: t
508.9499	DATA	Keypress: t held
509.5923	DATA	Keypress: v
510.1155	DATA	Keypress: v
510.1488	DATA	Keypress: v held
510.6565	DATA	Keypress: v
511.1792	DATA	Keypress: v
511.2125	DATA	Keypress: v held
511.7029	DATA	Keypress: v
512.1921	DATA	Keypress: v
512.2256	DATA	Keypress: v held
512.7494	DATA	Keypress: v
513.3238	DATA	Keypress: t
513.3569	DATA	Keypress: t held
513.8475	DATA	Keypress: t
514.3540	DATA	Keypress: t
514.3869	DATA	Keypress: t held
514.3869	DATA	earn t
515.6031	DATA	Keypress: v
516.0929	DATA	Keypress: v
516.5486	DATA	Keypress: v
516.5818	DATA	Keypress: v held
517.0722	DATA	Keypress: v
517.5284	DATA	Keypress: v
517.5950	DATA	Keypress: v held
518.0856	DATA	Keypress: v
518.6259	DATA	Keypress: v
518.6587	DATA	Keypress: v held
519.1660	DATA	Keypress: v
519.6729	DATA	Keypress: v
519.7056	DATA	Keypress: v held
520.2644	DATA	Keypress: v
520.9557	DATA	Keypress: t
520.9888	DATA	Keypress: t held
520.9888	DATA	earn t
521.6143	DATA	Keypress: v
522.1380	DATA	Keypress: v
522.6614	DATA	Keypress: v
523.1341	DATA	Keypress: v
523.1669	DATA	Keypress: v held
523.5562	DATA	Keypress: v
524.0457	DATA	Keypress: t
524.1801	DATA	Keypress: t held
524.5355	DATA	Keypress: t
525.0079	DATA	Keypress: t
525.1932	DATA	Keypress: t held
525.5653	DATA	Keypress: t
526.0719	DATA	Keypress: t
526.2063	DATA	Keypress: t held
526.5278	DATA	Keypress: t
527.2198	DATA	Keypress: t
527.2531	DATA	Keypress: t held
527.7264	DATA	Keypress: t
528.2668	DATA	Keypress: t
528.2999	DATA	Keypress: t held
528.2999	DATA	earn t
529.4318	DATA	Keypress: v
529.9555	DATA	Keypress: v
530.4959	DATA	Keypress: v
530.5288	DATA	Keypress: v held
530.5288	DATA	earn v
531.1541	DATA	Keypress: v
531.6780	DATA	Keypress: v
532.2013	DATA	Keypress: v
532.7076	DATA	Keypress: t
532.7406	DATA	Keypress: t held
533.1975	DATA	Keypress: t
533.6364	DATA	Keypress: t
533.7538	DATA	Keypress: t held
534.1089	DATA	Keypress: t
534.5989	DATA	Keypress: t
534.7668	DATA	Keypress: t held
534.7668	DATA	earn t
535.3416	DATA	Keypress: t
536.2869	DATA	Keypress: v
536.7938	DATA	Keypress: v
536.8269	DATA	Keypress: v held
537.2496	DATA	Keypress: v
537.7395	DATA	Keypress: v
537.8399	DATA	Keypress: v held
538.1785	DATA	Keypress: v
538.6343	DATA	Keypress: v
539.1746	DATA	Keypress: v
539.2076	DATA	Keypress: v held
539.6644	DATA	Keypress: v
540.1537	DATA	Keypress: v
540.2207	DATA	Keypress: v held
540.6096	DATA	Keypress: v
541.1161	DATA	Keypress: v
541.2338	DATA	Keypress: v held
541.6057	DATA	Keypress: v
542.0790	DATA	Keypress: t
542.2469	DATA	Keypress: t held
542.5348	DATA	Keypress: t
543.1427	DATA	Keypress: t
543.2600	DATA	Keypress: t held
543.2601	DATA	earn t
543.9022	DATA	Keypress: t
544.5269	DATA	Keypress: t
545.0504	DATA	Keypress: t
545.2860	DATA	Keypress: t held
545.2860	DATA	earn t
545.7771	DATA	Keypress: t
546.4013	DATA	Keypress: v
546.9923	DATA	Keypress: v
547.4989	DATA	Keypress: v
547.5319	DATA	Keypress: v held
548.0563	DATA	Keypress: v
548.6640	DATA	Keypress: v
548.6970	DATA	Keypress: v held
549.2212	DATA	Keypress: v
549.7611	DATA	Keypress: v
549.7945	DATA	Keypress: v held
550.4199	DATA	Keypress: v
550.8082	DATA	Keypress: v
550.8412	DATA	Keypress: v held
551.2812	DATA	Keypress: v
551.7876	DATA	Keypress: v
551.8544	DATA	Keypress: v held
552.2775	DATA	Keypress: v
552.8177	DATA	Keypress: v
552.8675	DATA	Keypress: v held
553.3748	DATA	Keypress: v
553.8983	DATA	Keypress: t
553.9312	DATA	Keypress: t held
553.9312	DATA	earn t
554.5902	DATA	Keypress: t
554.9072	DATA	start rating L
556.7955	DATA	Keypress: v
558.1795	DATA	Keypress: x
558.1799	DATA	RatingScale rateA_scale: (key response) rating=6
558.1799	DATA	RatingScale rateA_scale: rating RT=3.273
558.1804	DATA	6.0
558.1805	DATA	end rating L
558.1873	DATA	start rating R
558.6316	DATA	Keypress: t
559.1558	DATA	Keypress: t
560.8652	DATA	Keypress: x
560.8814	DATA	RatingScale rateB_scale: (key response) rating=2
560.8815	DATA	RatingScale rateB_scale: rating RT=2.694
560.8819	DATA	2.0
560.8820	DATA	end rating R
561.7665	DATA	Keypress: v
561.9008	DATA	Keypress: v held
562.2223	DATA	Keypress: v
562.7292	DATA	Keypress: v
562.9139	DATA	Keypress: v held
563.2524	DATA	Keypress: v
563.9614	DATA	Keypress: t
563.9946	DATA	Keypress: t held
564.5019	DATA	Keypress: t
565.0252	DATA	Keypress: t
565.0583	DATA	Keypress: t held
565.5150	DATA	Keypress: t
566.0215	DATA	Keypress: t
566.0714	DATA	Keypress: t held
566.4942	DATA	Keypress: t
566.9501	DATA	Keypress: t
567.0844	DATA	Keypress: t held
567.4400	DATA	Keypress: t
567.9127	DATA	Keypress: v
568.3349	DATA	Keypress: v
568.3678	DATA	Keypress: v held
568.7228	DATA	Keypress: v
569.1454	DATA	Keypress: v
569.6351	DATA	Keypress: v
569.6679	DATA	Keypress: v held
570.0570	DATA	Keypress: v
570.5805	DATA	Keypress: v
570.6810	DATA	Keypress: v held
570.6810	DATA	earn v
572.4380	DATA	Keypress: v
572.7586	DATA	Keypress: v
572.7917	DATA	Keypress: v held
573.3157	DATA	Keypress: v
573.8899	DATA	Keypress: v
573.9229	DATA	Keypress: v held
574.3628	DATA	Keypress: v
574.8182	DATA	Keypress: t
574.9359	DATA	Keypress: t held
575.2573	DATA	Keypress: t
575.7302	DATA	Keypress: t
576.2030	DATA	Keypress: t
576.2361	DATA	Keypress: t held
576.6588	DATA	Keypress: t
577.0981	DATA	Keypress: t
577.2492	DATA	Keypress: t held
577.5368	DATA	Keypress: t
577.8914	DATA	Keypress: t
578.2799	DATA	Keypress: t
578.3129	DATA	Keypress: t held
578.7697	DATA	Keypress: v
579.2085	DATA	Keypress: v
579.3261	DATA	Keypress: v held
579.6645	DATA	Keypress: v
580.0697	DATA	Keypress: v
580.5258	DATA	Keypress: v
580.5586	DATA	Keypress: v held
580.9308	DATA	Keypress: v
581.3363	DATA	Keypress: v
581.7582	DATA	Keypress: t
581.7913	DATA	Keypress: t held
582.1632	DATA	Keypress: t
582.6026	DATA	Keypress: t
583.3452	DATA	Keypress: t
583.3784	DATA	Keypress: t held
583.7170	DATA	Keypress: t
584.3245	DATA	Keypress: v
584.3912	DATA	Keypress: v held
584.7805	DATA	Keypress: v
585.2024	DATA	Keypress: v
586.1144	DATA	Keypress: v
586.1475	DATA	Keypress: v held
586.6041	DATA	Keypress: v
587.0262	DATA	Keypress: v
587.1607	DATA	Keypress: v held
587.1607	DATA	earn v
587.6676	DATA	Keypress: v
588.3094	DATA	Keypress: t
588.8509	DATA	Keypress: t
589.3564	DATA	Keypress: t
589.3895	DATA	Keypress: t held
589.8969	DATA	Keypress: t
590.4200	DATA	Keypress: t
590.4532	DATA	Keypress: t held
590.9602	DATA	Keypress: t
591.4840	DATA	Keypress: t
591.5170	DATA	Keypress: t held
592.0071	DATA	Keypress: t
592.5138	DATA	Keypress: t
592.5467	DATA	Keypress: t held
593.0370	DATA	Keypress: t
593.5608	DATA	Keypress: t
593.5937	DATA	Keypress: t held
594.0843	DATA	Keypress: t
594.6248	DATA	Keypress: t
594.6575	DATA	Keypress: t held
595.3169	DATA	Keypress: v
595.7388	DATA	Keypress: v
595.7719	DATA	Keypress: v held
596.3129	DATA	Keypress: v
596.8700	DATA	Keypress: v
596.9031	DATA	Keypress: v held
597.4950	DATA	Keypress: v
598.0016	DATA	Keypress: v
598.0345	DATA	Keypress: v held
598.5926	DATA	Keypress: v
599.1325	DATA	Keypress: v
599.1656	DATA	Keypress: v held
599.6391	DATA	Keypress: v
600.1794	DATA	Keypress: t
600.2126	DATA	Keypress: t held
600.7197	DATA	Keypress: t
601.2263	DATA	Keypress: t
601.2595	DATA	Keypress: t held
601.2595	DATA	earn t
601.9187	DATA	Keypress: v
602.3748	DATA	Keypress: v
602.7796	DATA	Keypress: v
603.2694	DATA	Keypress: v
603.3026	DATA	Keypress: v held
603.7591	DATA	Keypress: v
604.2152	DATA	Keypress: v
604.3156	DATA	Keypress: v held
604.3158	DATA	earn v
604.8566	DATA	Keypress: v
605.3319	DATA	Keypress: v
605.7687	DATA	Keypress: v
606.2583	DATA	Keypress: v
606.3418	DATA	Keypress: v held
606.7644	DATA	Keypress: t
607.2713	DATA	Keypress: t
607.3549	DATA	Keypress: t held
607.7947	DATA	Keypress: t
608.2846	DATA	Keypress: t
608.3680	DATA	Keypress: t held
608.7401	DATA	Keypress: t
609.2301	DATA	Keypress: v
609.3810	DATA	Keypress: v held
610.2935	DATA	Keypress: v
610.3942	DATA	Keypress: v held
611.0026	DATA	Keypress: v
611.5939	DATA	Keypress: v
611.6266	DATA	Keypress: v held
611.6267	DATA	earn v
612.3368	DATA	Keypress: v
612.9951	DATA	Keypress: t
613.5526	DATA	Keypress: t
613.6530	DATA	Keypress: t held
614.0758	DATA	Keypress: t
614.6161	DATA	Keypress: t
614.6660	DATA	Keypress: t held
615.1567	DATA	Keypress: t
615.6798	DATA	Keypress: t
615.7128	DATA	Keypress: t held
616.2203	DATA	Keypress: t
616.7606	DATA	Keypress: v
616.7936	DATA	Keypress: v held
617.2841	DATA	Keypress: v
617.8073	DATA	Keypress: v
617.8405	DATA	Keypress: v held
618.3643	DATA	Keypress: v
618.8878	DATA	Keypress: v
618.9211	DATA	Keypress: v held
619.3947	DATA	Keypress: v
619.9516	DATA	Keypress: v
619.9848	DATA	Keypress: v held
620.5593	DATA	Keypress: v
621.0204	DATA	start rating L
621.0280	DATA	Keypress: v
622.3386	DATA	Keypress: t
622.6803	DATA	Keypress: t
623.0310	DATA	Keypress: t
624.2632	DATA	Keypress: t
625.3310	DATA	Keypress: x
625.3313	DATA	RatingScale rateA_scale: (key response) rating=3
625.3314	DATA	RatingScale rateA_scale: rating RT=4.311
625.3319	DATA	3.0
625.3319	DATA	end rating L
625.3391	DATA	start rating R
627.2389	DATA	Keypress: x
627.2393	DATA	RatingScale rateB_scale: (key response) rating=4
627.2393	DATA	RatingScale rateB_scale: rating RT=1.900
627.2398	DATA	4.0
627.2398	DATA	end rating R
629.6099	DATA	Keypress: t
629.6429	DATA	Keypress: t held
630.2684	DATA	Keypress: t
630.8257	DATA	Keypress: t
630.8586	DATA	Keypress: t held
633.4427	DATA	Keypress: v
633.4758	DATA	Keypress: v held
633.9999	DATA	Keypress: v
634.5073	DATA	Keypress: t
634.5395	DATA	Keypress: t held
634.9794	DATA	Keypress: t
635.5874	DATA	Keypress: t
635.6201	DATA	Keypress: t held
636.1443	DATA	Keypress: v
636.6517	DATA	Keypress: v
636.6839	DATA	Keypress: v held
637.1910	DATA	Keypress: v
637.7144	DATA	Keypress: v
637.7477	DATA	Keypress: v held
638.3054	DATA	Keypress: v
638.7952	DATA	Keypress: v
638.8284	DATA	Keypress: v held
639.2683	DATA	Keypress: v
640.0107	DATA	Keypress: v
640.0440	DATA	Keypress: v held
640.5510	DATA	Keypress: t
641.0408	DATA	Keypress: t
641.0740	DATA	Keypress: t held
641.5979	DATA	Keypress: t
642.1384	DATA	Keypress: t
642.1715	DATA	Keypress: t held
642.6449	DATA	Keypress: v
643.1344	DATA	Keypress: v
643.1846	DATA	Keypress: v held
643.1847	DATA	earn v
643.9956	DATA	Keypress: v
644.4683	DATA	Keypress: t
644.9416	DATA	Keypress: t
645.3803	DATA	Keypress: t
645.4134	DATA	Keypress: t held
645.4135	DATA	earn t
646.2584	DATA	Keypress: v
646.7647	DATA	Keypress: v
647.2212	DATA	Keypress: v
647.6597	DATA	Keypress: v
647.6928	DATA	Keypress: v held
648.0997	DATA	Keypress: v
648.5718	DATA	Keypress: v
648.7059	DATA	Keypress: v held
649.5510	DATA	Keypress: v
649.9727	DATA	Keypress: v
650.0059	DATA	Keypress: v held
650.6146	DATA	Keypress: v
651.0537	DATA	Keypress: v
651.0867	DATA	Keypress: v held
651.4757	DATA	Keypress: v
651.9652	DATA	Keypress: v
652.0998	DATA	Keypress: v held
652.4550	DATA	Keypress: t
652.9444	DATA	Keypress: t
653.1127	DATA	Keypress: t held
653.1127	DATA	earn t
653.9245	DATA	Keypress: t
654.4815	DATA	Keypress: t
655.0050	DATA	Keypress: t
655.1391	DATA	Keypress: t held
655.5115	DATA	Keypress: t
655.9842	DATA	Keypress: t
656.1522	DATA	Keypress: t held
656.4570	DATA	Keypress: t
656.9631	DATA	Keypress: t
657.6388	DATA	Keypress: t
657.6718	DATA	Keypress: t held
658.1958	DATA	Keypress: t
658.9388	DATA	Keypress: v
658.9719	DATA	Keypress: v held
659.4622	DATA	Keypress: v
660.3237	DATA	Keypress: v
660.3565	DATA	Keypress: v held
660.8302	DATA	Keypress: v
661.3026	DATA	Keypress: v
661.3696	DATA	Keypress: v held
661.8262	DATA	Keypress: v
662.3495	DATA	Keypress: v
662.3825	DATA	Keypress: v held
662.8222	DATA	Keypress: v
663.3460	DATA	Keypress: v
663.3958	DATA	Keypress: v held
663.8186	DATA	Keypress: v
664.2748	DATA	Keypress: v
664.4089	DATA	Keypress: v held
664.7809	DATA	Keypress: v
665.2877	DATA	Keypress: v
665.4218	DATA	Keypress: v held
665.7944	DATA	Keypress: v
666.2667	DATA	Keypress: v
666.4350	DATA	Keypress: v held
666.7567	DATA	Keypress: v
667.2127	DATA	Keypress: t
667.6175	DATA	Keypress: t
667.6508	DATA	Keypress: t held
668.0736	DATA	Keypress: t
668.5297	DATA	Keypress: t
668.6637	DATA	Keypress: t held
669.0192	DATA	Keypress: v
669.3568	DATA	Keypress: v
669.7968	DATA	Keypress: t
669.8289	DATA	Keypress: t held
669.8289	DATA	earn t
670.4042	DATA	Keypress: v
670.8764	DATA	Keypress: v
671.3323	DATA	Keypress: v
671.7726	DATA	Keypress: v
671.8551	DATA	Keypress: v held
672.2444	DATA	Keypress: v
672.7011	DATA	Keypress: v
672.8682	DATA	Keypress: v held
673.1222	DATA	Keypress: v
673.5275	DATA	Keypress: v
673.9497	DATA	Keypress: t
673.9825	DATA	Keypress: t held
674.3211	DATA	Keypress: t
674.7771	DATA	Keypress: t
674.9957	DATA	Keypress: t held
675.1988	DATA	Keypress: t
675.6719	DATA	Keypress: t
676.0938	DATA	Keypress: t
676.1269	DATA	Keypress: t held
676.1269	DATA	earn t
676.6848	DATA	Keypress: v
677.1745	DATA	Keypress: v
677.5965	DATA	Keypress: v
678.0526	DATA	Keypress: v
678.1531	DATA	Keypress: v held
678.5086	DATA	Keypress: v
678.9651	DATA	Keypress: v
679.4204	DATA	Keypress: v
679.4533	DATA	Keypress: v held
679.8253	DATA	Keypress: v
680.2644	DATA	Keypress: v
680.7371	DATA	Keypress: v
680.7703	DATA	Keypress: v held
680.7703	DATA	earn v
681.3452	DATA	Keypress: t
682.0035	DATA	Keypress: t
682.5776	DATA	Keypress: t
682.7965	DATA	Keypress: t held
683.1347	DATA	Keypress: t
683.6750	DATA	Keypress: t
683.8096	DATA	Keypress: t held
684.1817	DATA	Keypress: t
684.7560	DATA	Keypress: t
684.8227	DATA	Keypress: t held
685.3467	DATA	Keypress: t
685.9547	DATA	Keypress: v
685.9877	DATA	Keypress: v held
686.5792	DATA	Keypress: v
687.1362	DATA	Keypress: v
687.1697	DATA	Keypress: v held
687.3755	DATA	start rating L
688.8145	DATA	Keypress: v
689.2901	DATA	Keypress: v
690.5038	DATA	Keypress: t
691.4523	DATA	Keypress: x
691.4526	DATA	RatingScale rateA_scale: (key response) rating=5
691.4527	DATA	RatingScale rateA_scale: rating RT=4.077
691.4532	DATA	5.0
691.4532	DATA	end rating L
691.4602	DATA	start rating R
692.2291	DATA	Keypress: t
692.8159	DATA	Keypress: x
692.8162	DATA	RatingScale rateB_scale: (key response) rating=3
692.8163	DATA	RatingScale rateB_scale: rating RT=1.356
692.8168	DATA	3.0
692.8168	DATA	end rating R
