172.4561	DATA	version D
322.4231	DATA	Keypress: space
325.8007	DATA	Keypress: t
325.8168	DATA	Keypress: t held
327.8113	DATA	Keypress: t
327.8769	DATA	Keypress: t held
328.9414	DATA	Keypress: t
328.9575	DATA	Keypress: t held
330.1404	DATA	Keypress: v
330.1734	DATA	Keypress: v held
330.9003	DATA	Keypress: v
331.1866	DATA	Keypress: v held
331.8627	DATA	Keypress: v
332.1997	DATA	Keypress: v held
332.1997	DATA	earn v
332.4875	DATA	Keypress: v
337.4518	DATA	Keypress: v
337.4680	DATA	Keypress: v held
339.0394	DATA	Keypress: t
339.0555	DATA	Keypress: t held
339.5803	DATA	Keypress: t
340.0855	DATA	Keypress: t held
340.3058	DATA	Keypress: t
341.0987	DATA	Keypress: t held
341.3358	DATA	Keypress: v
341.8085	DATA	Keypress: v
342.1118	DATA	Keypress: v held
342.2138	DATA	Keypress: v
342.6363	DATA	Keypress: v
343.1250	DATA	Keypress: v held
343.1258	DATA	Keypress: v
343.5141	DATA	Keypress: v
344.0037	DATA	Keypress: t
344.1381	DATA	Keypress: t held
344.3246	DATA	Keypress: t
344.6792	DATA	Keypress: t
345.0507	DATA	Keypress: t
345.1513	DATA	Keypress: t held
345.3713	DATA	Keypress: t
345.6924	DATA	Keypress: t
346.0469	DATA	Keypress: t
346.1644	DATA	Keypress: t held
346.1645	DATA	earn t
346.3848	DATA	Keypress: t
350.0491	DATA	Keypress: v
350.0820	DATA	Keypress: v held
350.8761	DATA	Keypress: v
351.0951	DATA	Keypress: v held
351.7037	DATA	Keypress: v
351.9237	DATA	Keypress: v
352.1083	DATA	Keypress: v held
352.1090	DATA	Keypress: v
352.3454	DATA	Keypress: v
352.5650	DATA	Keypress: v
352.7842	DATA	Keypress: v
353.0208	DATA	Keypress: v
353.1214	DATA	Keypress: v held
353.1898	DATA	Keypress: v
353.4261	DATA	Keypress: v
353.6118	DATA	Keypress: v
353.9335	DATA	Keypress: t
354.1346	DATA	Keypress: t held
354.1354	DATA	Keypress: t
354.3210	DATA	Keypress: t
354.5405	DATA	Keypress: t
354.7769	DATA	Keypress: t
354.9795	DATA	Keypress: t
355.1476	DATA	Keypress: t held
355.1822	DATA	Keypress: t
355.3844	DATA	Keypress: t
355.6055	DATA	Keypress: t
355.8238	DATA	Keypress: t
356.0432	DATA	Keypress: t
356.1609	DATA	Keypress: t held
356.2627	DATA	Keypress: t
356.4655	DATA	Keypress: t
356.7019	DATA	Keypress: t
356.8876	DATA	Keypress: t
357.1241	DATA	Keypress: t
357.1741	DATA	Keypress: t held
357.3434	DATA	Keypress: t
357.5460	DATA	Keypress: t
357.7500	DATA	Keypress: t
358.2041	DATA	Keypress: t held
358.2048	DATA	Keypress: v
358.4412	DATA	Keypress: v
358.6270	DATA	Keypress: v
358.8138	DATA	Keypress: v
359.0321	DATA	Keypress: v
359.2172	DATA	Keypress: v held
359.2348	DATA	Keypress: v
359.4543	DATA	Keypress: v
359.6907	DATA	Keypress: v
359.9102	DATA	Keypress: v
360.1130	DATA	Keypress: v
360.2473	DATA	Keypress: v held
360.3155	DATA	Keypress: v
360.5181	DATA	Keypress: v
360.7205	DATA	Keypress: v
360.9233	DATA	Keypress: v
361.1261	DATA	Keypress: v
361.2604	DATA	Keypress: v held
361.3286	DATA	Keypress: v
361.5313	DATA	Keypress: v
361.7339	DATA	Keypress: v
361.9532	DATA	Keypress: v
362.1392	DATA	Keypress: v
362.2736	DATA	Keypress: v held
362.3424	DATA	Keypress: v
362.5443	DATA	Keypress: v
362.7639	DATA	Keypress: v
363.0003	DATA	Keypress: v
363.2031	DATA	Keypress: v
363.3037	DATA	Keypress: v held
363.4057	DATA	Keypress: v
363.6081	DATA	Keypress: v
363.8277	DATA	Keypress: v
364.0302	DATA	Keypress: v
364.3168	DATA	Keypress: v held
364.5876	DATA	Keypress: t
364.7745	DATA	Keypress: t
364.9760	DATA	Keypress: t
365.2125	DATA	Keypress: t
365.3307	DATA	Keypress: t held
365.3985	DATA	Keypress: t
365.6176	DATA	Keypress: t
365.8372	DATA	Keypress: t
366.0568	DATA	Keypress: t
366.3099	DATA	Keypress: t
366.3431	DATA	Keypress: t held
366.3431	DATA	earn t
366.5633	DATA	Keypress: t
367.6787	DATA	Keypress: t
367.8970	DATA	Keypress: t
368.1507	DATA	Keypress: t
368.3533	DATA	Keypress: t
368.4201	DATA	Keypress: t held
368.5728	DATA	Keypress: t
368.7923	DATA	Keypress: t
369.0117	DATA	Keypress: t
369.2313	DATA	Keypress: t
369.4332	DATA	Keypress: t held
369.4509	DATA	Keypress: t
369.6872	DATA	Keypress: t
369.8898	DATA	Keypress: t
370.0926	DATA	Keypress: t
370.2955	DATA	Keypress: t
370.4464	DATA	Keypress: t held
370.5147	DATA	Keypress: t
370.7341	DATA	Keypress: t
370.9535	DATA	Keypress: t
371.1732	DATA	Keypress: t
371.4096	DATA	Keypress: t
371.4764	DATA	Keypress: t held
371.4765	DATA	earn t
371.6124	DATA	Keypress: t
371.8488	DATA	Keypress: t
372.8955	DATA	Keypress: t
373.1321	DATA	Keypress: t
373.3684	DATA	Keypress: t
373.5538	DATA	Keypress: t held
373.5709	DATA	Keypress: t
373.7905	DATA	Keypress: t
373.9930	DATA	Keypress: t
374.1789	DATA	Keypress: t
374.3817	DATA	Keypress: t
374.5666	DATA	Keypress: t held
374.6011	DATA	Keypress: t
374.7867	DATA	Keypress: t
375.0232	DATA	Keypress: t
375.2259	DATA	Keypress: t
375.4290	DATA	Keypress: t
375.5797	DATA	Keypress: t held
375.6310	DATA	Keypress: t
375.8335	DATA	Keypress: t
376.0868	DATA	Keypress: t
376.2897	DATA	Keypress: t
376.5091	DATA	Keypress: t
376.6098	DATA	Keypress: t held
376.7456	DATA	Keypress: t
376.9483	DATA	Keypress: t
377.1509	DATA	Keypress: t
377.3534	DATA	Keypress: t
377.5727	DATA	Keypress: t
377.6229	DATA	Keypress: t held
377.7756	DATA	Keypress: t
378.2316	DATA	Keypress: v
378.4342	DATA	Keypress: v
378.6359	DATA	Keypress: v held
378.6367	DATA	Keypress: v
378.8394	DATA	Keypress: v
379.0422	DATA	Keypress: v
379.2445	DATA	Keypress: v
379.4473	DATA	Keypress: v
379.6492	DATA	Keypress: v held
379.6837	DATA	Keypress: v
379.8694	DATA	Keypress: v
380.0724	DATA	Keypress: v
380.2748	DATA	Keypress: v
380.4942	DATA	Keypress: v
380.6624	DATA	Keypress: v held
380.7140	DATA	Keypress: v
380.9333	DATA	Keypress: v
381.1360	DATA	Keypress: v
381.3216	DATA	Keypress: v
381.5581	DATA	Keypress: v
381.6924	DATA	Keypress: v held
381.7607	DATA	Keypress: v
381.9294	DATA	Keypress: v
382.1660	DATA	Keypress: v
382.3685	DATA	Keypress: v
382.5696	DATA	Keypress: v
382.8014	DATA	start rating L
382.8255	DATA	Keypress: v
383.0034	DATA	Keypress: v
413.3143	DATA	Keypress: t
413.6481	DATA	Keypress: t
414.0927	DATA	Keypress: t
414.7966	DATA	Keypress: v
415.1038	DATA	Keypress: v
415.8973	DATA	Keypress: t
416.3706	DATA	Keypress: t
424.8311	DATA	Keypress: t
432.3093	DATA	Keypress: return
432.3230	DATA	RatingScale rateL_scale: (key response) rating=2
432.3231	DATA	RatingScale rateL_scale: rating RT=49.522
432.3235	DATA	2.0
432.3235	DATA	end rating L
432.4382	DATA	start rating R
447.5425	DATA	Keypress: return
447.5753	DATA	RatingScale rateR_scale: (key response) rating=4
447.5753	DATA	RatingScale rateR_scale: rating RT=15.137
447.5759	DATA	4.0
447.5772	DATA	end rating R
452.7325	DATA	Keypress: t
452.7486	DATA	Keypress: t held
453.0194	DATA	Keypress: t
453.2391	DATA	Keypress: t
453.4417	DATA	Keypress: t
453.6783	DATA	Keypress: t
453.7617	DATA	Keypress: t held
453.8806	DATA	Keypress: t
454.0833	DATA	Keypress: t
454.3028	DATA	Keypress: t
454.5393	DATA	Keypress: t
454.7584	DATA	Keypress: t
454.7749	DATA	Keypress: t held
454.9614	DATA	Keypress: t
455.1641	DATA	Keypress: t
455.4004	DATA	Keypress: t
455.5693	DATA	Keypress: t
455.7880	DATA	Keypress: t held
455.7886	DATA	Keypress: t
455.9749	DATA	Keypress: t
456.1941	DATA	Keypress: t
456.3966	DATA	Keypress: t
456.6162	DATA	Keypress: t
456.8181	DATA	Keypress: t held
456.8182	DATA	earn t
456.8189	DATA	Keypress: t
457.0231	DATA	Keypress: t
459.7738	DATA	Keypress: t
459.8069	DATA	Keypress: t held
460.0103	DATA	Keypress: t
460.2298	DATA	Keypress: t
460.3987	DATA	Keypress: t
460.6013	DATA	Keypress: t
460.7870	DATA	Keypress: t
460.8200	DATA	Keypress: t held
460.9898	DATA	Keypress: t
461.1756	DATA	Keypress: t
461.3780	DATA	Keypress: t
461.5806	DATA	Keypress: t
461.7833	DATA	Keypress: t
461.8501	DATA	Keypress: t held
461.8502	DATA	earn t
461.9861	DATA	Keypress: t
462.1722	DATA	Keypress: t
463.9954	DATA	Keypress: t
464.0115	DATA	Keypress: t held
464.2162	DATA	Keypress: t
464.4177	DATA	Keypress: t
464.6033	DATA	Keypress: t
464.8058	DATA	Keypress: t
464.9762	DATA	Keypress: t
465.0416	DATA	Keypress: t held
465.2112	DATA	Keypress: t
465.3801	DATA	Keypress: t
465.5827	DATA	Keypress: t
465.7684	DATA	Keypress: t
465.9710	DATA	Keypress: t
466.0548	DATA	Keypress: t held
466.1737	DATA	Keypress: t
466.3594	DATA	Keypress: t
466.5452	DATA	Keypress: t
466.7478	DATA	Keypress: t
466.9167	DATA	Keypress: t
467.0849	DATA	Keypress: t held
467.0856	DATA	Keypress: t
467.2713	DATA	Keypress: t
467.4572	DATA	Keypress: t
467.6593	DATA	Keypress: t
467.8451	DATA	Keypress: t
468.0478	DATA	Keypress: t
468.0980	DATA	Keypress: t held
468.2505	DATA	Keypress: t
468.4533	DATA	Keypress: t
468.6563	DATA	Keypress: t
469.1111	DATA	Keypress: t held
469.4328	DATA	Keypress: v
469.6185	DATA	Keypress: v
469.9730	DATA	Keypress: v
470.1412	DATA	Keypress: v held
470.1757	DATA	Keypress: v
470.3446	DATA	Keypress: v
470.5472	DATA	Keypress: v
470.7500	DATA	Keypress: v
470.9525	DATA	Keypress: v
471.1382	DATA	Keypress: v
471.1544	DATA	Keypress: v held
471.3406	DATA	Keypress: v
471.5265	DATA	Keypress: v
471.7294	DATA	Keypress: v
471.9318	DATA	Keypress: v
472.1345	DATA	Keypress: v
472.1675	DATA	Keypress: v held
472.3038	DATA	Keypress: v
472.4891	DATA	Keypress: v
472.6916	DATA	Keypress: v
472.8772	DATA	Keypress: v
473.0631	DATA	Keypress: v
473.1806	DATA	Keypress: v held
473.1807	DATA	earn v
473.2901	DATA	Keypress: v
473.4518	DATA	Keypress: v
475.2091	DATA	Keypress: t
475.3083	DATA	Keypress: t held
475.4438	DATA	Keypress: t
475.6300	DATA	Keypress: t
475.8155	DATA	Keypress: t
476.0014	DATA	Keypress: t
476.2038	DATA	Keypress: t
476.3215	DATA	Keypress: t held
476.4067	DATA	Keypress: t
476.6093	DATA	Keypress: t
476.8118	DATA	Keypress: t
477.0484	DATA	Keypress: t
477.2343	DATA	Keypress: t
477.3346	DATA	Keypress: t held
477.4198	DATA	Keypress: t
477.6224	DATA	Keypress: t
477.8251	DATA	Keypress: t
478.0276	DATA	Keypress: t
478.2472	DATA	Keypress: t
478.3478	DATA	Keypress: t held
478.4499	DATA	Keypress: t
478.6525	DATA	Keypress: t
478.8213	DATA	Keypress: t
479.0070	DATA	Keypress: t
479.1933	DATA	Keypress: t
479.3609	DATA	Keypress: t held
479.4122	DATA	Keypress: t
479.6149	DATA	Keypress: t
479.8175	DATA	Keypress: t
480.0202	DATA	Keypress: t
480.2228	DATA	Keypress: t
480.3910	DATA	Keypress: t held
480.4255	DATA	Keypress: t
480.6280	DATA	Keypress: t
480.8307	DATA	Keypress: t
481.0177	DATA	Keypress: t
481.4041	DATA	Keypress: t held
481.6245	DATA	Keypress: v
481.8270	DATA	Keypress: v
482.0297	DATA	Keypress: v
482.2323	DATA	Keypress: v
482.4009	DATA	Keypress: v
482.4173	DATA	Keypress: v held
482.6036	DATA	Keypress: v
482.8232	DATA	Keypress: v
483.0259	DATA	Keypress: v
483.2285	DATA	Keypress: v
483.4305	DATA	Keypress: v held
483.4314	DATA	Keypress: v
483.6340	DATA	Keypress: v
483.8363	DATA	Keypress: v
484.0898	DATA	Keypress: v
484.2924	DATA	Keypress: v
484.4436	DATA	Keypress: v held
484.4950	DATA	Keypress: v
484.6818	DATA	Keypress: v
484.8833	DATA	Keypress: v
485.1031	DATA	Keypress: v
485.3394	DATA	Keypress: v
485.4737	DATA	Keypress: v held
485.5419	DATA	Keypress: v
485.7275	DATA	Keypress: v
485.9299	DATA	Keypress: v
486.1330	DATA	Keypress: v
486.3185	DATA	Keypress: v
486.4868	DATA	Keypress: v held
486.4868	DATA	earn v
486.6316	DATA	Keypress: v
486.7409	DATA	Keypress: v
488.7165	DATA	Keypress: v
488.7496	DATA	Keypress: v held
488.7496	DATA	earn v
489.0882	DATA	Keypress: v
490.7935	DATA	Keypress: v
490.8603	DATA	Keypress: v held
490.9960	DATA	Keypress: v
491.1988	DATA	Keypress: v
491.4183	DATA	Keypress: v
491.6209	DATA	Keypress: v
491.8235	DATA	Keypress: v
491.8902	DATA	Keypress: v held
492.3639	DATA	Keypress: v
492.5665	DATA	Keypress: v
492.7692	DATA	Keypress: v
492.9035	DATA	Keypress: v held
492.9548	DATA	Keypress: v
493.1744	DATA	Keypress: v
493.3939	DATA	Keypress: v
493.5966	DATA	Keypress: v
493.7991	DATA	Keypress: v
493.9167	DATA	Keypress: v held
493.9680	DATA	Keypress: v
494.1708	DATA	Keypress: v
494.3730	DATA	Keypress: v
494.5928	DATA	Keypress: v
494.7954	DATA	Keypress: v
494.9467	DATA	Keypress: v held
495.0149	DATA	Keypress: v
495.2176	DATA	Keypress: v
495.4203	DATA	Keypress: v
495.6230	DATA	Keypress: v
495.8266	DATA	Keypress: v
495.9598	DATA	Keypress: v held
496.1800	DATA	Keypress: v
496.3994	DATA	Keypress: v
496.6022	DATA	Keypress: v
496.8049	DATA	Keypress: v
496.9730	DATA	Keypress: v held
497.0075	DATA	Keypress: v
497.2102	DATA	Keypress: v
497.4128	DATA	Keypress: v
497.6153	DATA	Keypress: v
497.8180	DATA	Keypress: v
497.9860	DATA	Keypress: v held
498.0542	DATA	Keypress: v
498.2570	DATA	Keypress: v
498.4430	DATA	Keypress: v
498.6455	DATA	Keypress: v
498.8817	DATA	Keypress: v
498.9993	DATA	Keypress: v held
499.0510	DATA	Keypress: v
499.2701	DATA	Keypress: v
499.4898	DATA	Keypress: v
499.7935	DATA	Keypress: t
499.9964	DATA	Keypress: t
500.0293	DATA	Keypress: t held
500.2158	DATA	Keypress: t
500.4523	DATA	Keypress: t
500.6886	DATA	Keypress: t
500.8912	DATA	Keypress: t
501.0425	DATA	Keypress: t held
501.1107	DATA	Keypress: t
501.3317	DATA	Keypress: t
501.5666	DATA	Keypress: t
501.7862	DATA	Keypress: t
501.9888	DATA	Keypress: t
502.0558	DATA	Keypress: t held
502.2253	DATA	Keypress: t
502.4448	DATA	Keypress: t
502.6644	DATA	Keypress: t
502.8673	DATA	Keypress: t
503.0689	DATA	Keypress: t held
503.1034	DATA	Keypress: t
503.5091	DATA	Keypress: t
503.7452	DATA	Keypress: t
503.9480	DATA	Keypress: t
504.0820	DATA	Keypress: t held
504.1842	DATA	Keypress: t
504.4038	DATA	Keypress: t
504.8256	DATA	Keypress: t
505.0622	DATA	Keypress: t
505.0952	DATA	Keypress: t held
505.2986	DATA	Keypress: t
505.5349	DATA	Keypress: t
505.7713	DATA	Keypress: t
505.9571	DATA	Keypress: t
506.1084	DATA	Keypress: t held
506.1084	DATA	earn t
506.2084	DATA	Keypress: t
506.4132	DATA	Keypress: t
507.9596	DATA	start rating L
517.0792	DATA	Keypress: t
519.1888	DATA	Keypress: t
521.5544	DATA	Keypress: return
521.5549	DATA	RatingScale rateL_scale: (key response) rating=2
521.5550	DATA	RatingScale rateL_scale: rating RT=13.595
521.5557	DATA	2.0
521.5557	DATA	end rating L
521.6641	DATA	start rating R
523.3259	DATA	Keypress: v
528.2921	DATA	Keypress: return
528.2928	DATA	RatingScale rateR_scale: (key response) rating=5
528.2929	DATA	RatingScale rateR_scale: rating RT=6.629
528.2938	DATA	5.0
528.2953	DATA	end rating R
530.8306	DATA	Keypress: t
530.8632	DATA	Keypress: t held
531.0834	DATA	Keypress: t
531.2862	DATA	Keypress: t
531.4885	DATA	Keypress: t
531.6914	DATA	Keypress: t
531.8932	DATA	Keypress: t held
531.8940	DATA	Keypress: t
532.0629	DATA	Keypress: t
532.2993	DATA	Keypress: t
532.4680	DATA	Keypress: t
532.6541	DATA	Keypress: t
532.8564	DATA	Keypress: t
532.9064	DATA	Keypress: t held
533.0591	DATA	Keypress: t
533.2449	DATA	Keypress: t
533.4303	DATA	Keypress: t
533.6332	DATA	Keypress: t
533.8359	DATA	Keypress: t
533.9363	DATA	Keypress: t held
534.0384	DATA	Keypress: t
534.2242	DATA	Keypress: t
534.4099	DATA	Keypress: t
534.6295	DATA	Keypress: t
534.7982	DATA	Keypress: t
534.9496	DATA	Keypress: t held
535.0009	DATA	Keypress: t
535.2038	DATA	Keypress: t
535.4061	DATA	Keypress: t
535.6090	DATA	Keypress: t
535.8116	DATA	Keypress: t
535.9628	DATA	Keypress: t held
536.0143	DATA	Keypress: t
536.1999	DATA	Keypress: t
536.4026	DATA	Keypress: t
536.6051	DATA	Keypress: t
536.7909	DATA	Keypress: t
536.9928	DATA	Keypress: t held
536.9935	DATA	Keypress: t
537.1964	DATA	Keypress: t
537.3991	DATA	Keypress: t
537.5845	DATA	Keypress: t
537.7870	DATA	Keypress: t
538.0059	DATA	Keypress: t held
538.2936	DATA	Keypress: v
538.4964	DATA	Keypress: v
538.6990	DATA	Keypress: v
538.9017	DATA	Keypress: v
539.0360	DATA	Keypress: v held
539.0708	DATA	Keypress: v
539.2898	DATA	Keypress: v
539.4927	DATA	Keypress: v
539.6788	DATA	Keypress: v
539.8976	DATA	Keypress: v
540.0492	DATA	Keypress: v held
540.1175	DATA	Keypress: v
540.2869	DATA	Keypress: v
540.4889	DATA	Keypress: v
540.6916	DATA	Keypress: v
540.8943	DATA	Keypress: v
541.0624	DATA	Keypress: v held
541.0969	DATA	Keypress: v
541.2826	DATA	Keypress: v
541.5022	DATA	Keypress: v
541.7046	DATA	Keypress: v
541.9074	DATA	Keypress: v
542.0755	DATA	Keypress: v held
542.1101	DATA	Keypress: v
542.3127	DATA	Keypress: v
542.4985	DATA	Keypress: v
542.6841	DATA	Keypress: v
542.8871	DATA	Keypress: v
543.0887	DATA	Keypress: v held
543.0887	DATA	earn v
543.2083	DATA	Keypress: v
543.3260	DATA	Keypress: v
544.7948	DATA	Keypress: v
545.1833	DATA	Keypress: v
545.2501	DATA	Keypress: v held
545.2501	DATA	earn v
545.3860	DATA	Keypress: v
545.5886	DATA	Keypress: v
545.7913	DATA	Keypress: v
547.0407	DATA	Keypress: v
547.3110	DATA	Keypress: v
547.4115	DATA	Keypress: v held
547.4799	DATA	Keypress: v
547.6653	DATA	Keypress: v
547.8679	DATA	Keypress: v
548.0705	DATA	Keypress: v
548.2903	DATA	Keypress: v
548.4246	DATA	Keypress: v held
548.5267	DATA	Keypress: v
548.7293	DATA	Keypress: v
548.9318	DATA	Keypress: v
549.1345	DATA	Keypress: v
549.3200	DATA	Keypress: v
549.4377	DATA	Keypress: v held
549.4378	DATA	earn v
549.5479	DATA	Keypress: v
549.7088	DATA	Keypress: v
550.6404	DATA	Keypress: v
550.7052	DATA	Keypress: v
550.9076	DATA	Keypress: v
551.1271	DATA	Keypress: v
551.3467	DATA	Keypress: v
551.5492	DATA	Keypress: v
551.6498	DATA	Keypress: v held
551.6499	DATA	earn v
551.7651	DATA	Keypress: v
551.9716	DATA	Keypress: v
553.1029	DATA	Keypress: v
553.5250	DATA	Keypress: v
553.7781	DATA	Keypress: v
553.8112	DATA	Keypress: v held
553.9806	DATA	Keypress: v
554.1834	DATA	Keypress: v
554.3694	DATA	Keypress: v
554.5719	DATA	Keypress: v
554.7913	DATA	Keypress: v
554.8244	DATA	Keypress: v held
554.9938	DATA	Keypress: v
555.2135	DATA	Keypress: v
555.4167	DATA	Keypress: v
555.6525	DATA	Keypress: v
555.8544	DATA	Keypress: v held
555.8553	DATA	Keypress: v
556.0576	DATA	Keypress: v
556.2772	DATA	Keypress: v
556.4800	DATA	Keypress: v
556.6825	DATA	Keypress: v
556.8676	DATA	Keypress: v held
556.9020	DATA	Keypress: v
557.1051	DATA	Keypress: v
557.3412	DATA	Keypress: v
557.5286	DATA	Keypress: v
557.7464	DATA	Keypress: v
557.8808	DATA	Keypress: v held
557.9659	DATA	Keypress: v
558.1687	DATA	Keypress: v
558.3880	DATA	Keypress: v
558.5908	DATA	Keypress: v
558.8271	DATA	Keypress: v
558.8939	DATA	Keypress: v held
559.0298	DATA	Keypress: v
559.2328	DATA	Keypress: v
559.4686	DATA	Keypress: v
559.6714	DATA	Keypress: v
559.8907	DATA	Keypress: v
559.9071	DATA	Keypress: v held
560.0936	DATA	Keypress: v
560.3300	DATA	Keypress: v
560.5326	DATA	Keypress: v
560.7352	DATA	Keypress: v
560.9207	DATA	Keypress: v held
561.1739	DATA	Keypress: t
561.3769	DATA	Keypress: t
561.6133	DATA	Keypress: t
561.8171	DATA	Keypress: t
561.9334	DATA	Keypress: t held
562.0354	DATA	Keypress: t
562.2381	DATA	Keypress: t
562.4744	DATA	Keypress: t
562.6771	DATA	Keypress: t
562.9134	DATA	Keypress: t
562.9465	DATA	Keypress: t held
563.1331	DATA	Keypress: t
563.3526	DATA	Keypress: t
563.5889	DATA	Keypress: t
563.8254	DATA	Keypress: t
563.9597	DATA	Keypress: t held
564.0281	DATA	Keypress: t
564.2644	DATA	Keypress: t
564.4839	DATA	Keypress: t
564.7202	DATA	Keypress: t
564.9397	DATA	Keypress: t
564.9729	DATA	Keypress: t held
565.1932	DATA	Keypress: t
565.3958	DATA	Keypress: t
565.6322	DATA	Keypress: t
565.8347	DATA	Keypress: t
566.0029	DATA	Keypress: t held
566.0543	DATA	Keypress: t
566.2739	DATA	Keypress: t
566.5103	DATA	Keypress: t
566.7294	DATA	Keypress: t
566.9662	DATA	Keypress: t
567.0329	DATA	Keypress: t held
567.2027	DATA	Keypress: t
567.4387	DATA	Keypress: t
567.6415	DATA	Keypress: t
567.8776	DATA	Keypress: t
568.0461	DATA	Keypress: t held
568.0977	DATA	Keypress: t
568.3339	DATA	Keypress: t
568.5536	DATA	Keypress: t
568.8236	DATA	Keypress: t
569.0263	DATA	Keypress: t
569.0593	DATA	Keypress: t held
569.2625	DATA	Keypress: t
569.4990	DATA	Keypress: t
569.7186	DATA	Keypress: t
569.9381	DATA	Keypress: t
570.0725	DATA	Keypress: t held
570.2083	DATA	Keypress: t
570.4109	DATA	Keypress: t
570.6474	DATA	Keypress: t
570.8499	DATA	Keypress: t
571.0698	DATA	Keypress: t
571.0857	DATA	Keypress: t held
571.2890	DATA	Keypress: t
571.9141	DATA	Keypress: v
572.1157	DATA	Keypress: v held
572.1840	DATA	Keypress: v
572.3866	DATA	Keypress: v
572.5897	DATA	Keypress: v
572.8255	DATA	Keypress: v
573.0451	DATA	Keypress: v
573.1288	DATA	Keypress: v held
573.2816	DATA	Keypress: v
573.5010	DATA	Keypress: v
573.7373	DATA	Keypress: v
573.9400	DATA	Keypress: v
574.1424	DATA	Keypress: v held
574.1424	DATA	earn v
574.2608	DATA	Keypress: v
574.3962	DATA	Keypress: v
574.6325	DATA	Keypress: v
575.8313	DATA	Keypress: v
576.0344	DATA	Keypress: v
576.2703	DATA	Keypress: v
576.3372	DATA	Keypress: v held
576.4561	DATA	Keypress: v
576.6757	DATA	Keypress: v
576.8952	DATA	Keypress: v
577.0985	DATA	Keypress: v
577.3341	DATA	Keypress: v
577.3672	DATA	Keypress: v held
577.3673	DATA	earn v
577.5203	DATA	Keypress: v
577.7229	DATA	Keypress: v
578.0113	DATA	Keypress: v
578.9384	DATA	Keypress: v
579.1579	DATA	Keypress: v
579.3605	DATA	Keypress: v
579.5455	DATA	Keypress: v held
579.5633	DATA	Keypress: v
579.7825	DATA	Keypress: v
580.0020	DATA	Keypress: v
580.2387	DATA	Keypress: v
580.4581	DATA	Keypress: v
580.5587	DATA	Keypress: v held
580.5587	DATA	earn v
580.6683	DATA	Keypress: v
580.8973	DATA	Keypress: v
582.0115	DATA	Keypress: v
582.2481	DATA	Keypress: v
582.4506	DATA	Keypress: v
582.6535	DATA	Keypress: v
582.7370	DATA	Keypress: v held
582.8726	DATA	Keypress: v
583.0923	DATA	Keypress: v
583.2949	DATA	Keypress: v
583.5144	DATA	Keypress: v
583.7340	DATA	Keypress: v
583.7670	DATA	Keypress: v held
583.9703	DATA	Keypress: v
584.1565	DATA	Keypress: v
584.3923	DATA	Keypress: v
584.6120	DATA	Keypress: v
584.7802	DATA	Keypress: v held
584.8483	DATA	Keypress: v
585.0680	DATA	Keypress: v
585.5070	DATA	Keypress: v
585.7096	DATA	Keypress: v
585.8102	DATA	Keypress: v held
585.9460	DATA	Keypress: v
586.1487	DATA	Keypress: v
586.3682	DATA	Keypress: v
586.5877	DATA	Keypress: v
586.8072	DATA	Keypress: v
586.8233	DATA	Keypress: v held
587.1451	DATA	Keypress: v
587.3476	DATA	Keypress: v
587.5502	DATA	Keypress: v
587.7528	DATA	Keypress: v
587.8365	DATA	Keypress: v held
587.9554	DATA	Keypress: v
588.1581	DATA	Keypress: v
588.3649	DATA	Keypress: v
588.7183	DATA	start rating L
588.7266	DATA	Keypress: v
588.8274	DATA	Keypress: v
593.7577	DATA	Keypress: t
594.0617	DATA	Keypress: t
594.4837	DATA	Keypress: t
597.0505	DATA	Keypress: t
599.2295	DATA	Keypress: return
599.2298	DATA	RatingScale rateL_scale: (key response) rating=2
599.2299	DATA	RatingScale rateL_scale: rating RT=10.511
599.2304	DATA	2.0
599.2304	DATA	end rating L
599.3498	DATA	start rating R
601.2514	DATA	Keypress: v
602.0995	DATA	Keypress: v
603.4684	DATA	Keypress: return
603.5004	DATA	RatingScale rateR_scale: (key response) rating=6
603.5005	DATA	RatingScale rateR_scale: rating RT=4.151
603.5010	DATA	6.0
603.5020	DATA	end rating R
606.1417	DATA	Keypress: v
606.1578	DATA	Keypress: v held
606.3609	DATA	Keypress: v
606.5635	DATA	Keypress: v
606.7493	DATA	Keypress: v
606.9520	DATA	Keypress: v
607.1709	DATA	Keypress: v held
607.1717	DATA	Keypress: v
607.3405	DATA	Keypress: v
607.5431	DATA	Keypress: v
607.7124	DATA	Keypress: v
607.9314	DATA	Keypress: v
608.1172	DATA	Keypress: v
608.1841	DATA	Keypress: v held
608.1842	DATA	earn v
608.3201	DATA	Keypress: v
608.4890	DATA	Keypress: v
608.7085	DATA	Keypress: v
611.4100	DATA	Keypress: v
611.4261	DATA	Keypress: v held
611.7986	DATA	Keypress: v
612.0009	DATA	Keypress: v
612.2037	DATA	Keypress: v
612.4064	DATA	Keypress: v
612.4393	DATA	Keypress: v held
612.6091	DATA	Keypress: v
612.7946	DATA	Keypress: v
612.9801	DATA	Keypress: v
613.1831	DATA	Keypress: v
613.3857	DATA	Keypress: v
613.4525	DATA	Keypress: v held
613.5896	DATA	Keypress: v
613.8247	DATA	Keypress: v
614.0273	DATA	Keypress: v
614.1962	DATA	Keypress: v
614.3986	DATA	Keypress: v
614.4657	DATA	Keypress: v held
614.5844	DATA	Keypress: v
614.7871	DATA	Keypress: v
614.9728	DATA	Keypress: v
615.1756	DATA	Keypress: v
615.4120	DATA	Keypress: v
615.4788	DATA	Keypress: v held
615.6147	DATA	Keypress: v
615.8172	DATA	Keypress: v
615.9861	DATA	Keypress: v
616.2061	DATA	Keypress: v
616.4250	DATA	Keypress: v
616.4920	DATA	Keypress: v held
616.6276	DATA	Keypress: v
616.8140	DATA	Keypress: v
617.0159	DATA	Keypress: v
617.2189	DATA	Keypress: v
617.4214	DATA	Keypress: v
617.5220	DATA	Keypress: v held
617.6241	DATA	Keypress: v
617.8268	DATA	Keypress: v
618.0123	DATA	Keypress: v
618.1981	DATA	Keypress: v
618.4345	DATA	Keypress: v
618.5351	DATA	Keypress: v held
618.6371	DATA	Keypress: v
618.8398	DATA	Keypress: v
619.0763	DATA	Keypress: v
619.2624	DATA	Keypress: v
619.4477	DATA	Keypress: v
619.5483	DATA	Keypress: v held
619.8530	DATA	Keypress: v
620.2751	DATA	Keypress: t
620.5115	DATA	Keypress: t
620.5784	DATA	Keypress: t held
620.5784	DATA	earn t
620.7144	DATA	Keypress: t
620.9170	DATA	Keypress: t
621.1367	DATA	Keypress: t
622.9430	DATA	Keypress: v
622.9593	DATA	Keypress: v held
623.1627	DATA	Keypress: v
623.3650	DATA	Keypress: v
623.5848	DATA	Keypress: v
623.8042	DATA	Keypress: v
623.9724	DATA	Keypress: v held
623.9725	DATA	earn v
624.0920	DATA	Keypress: v
624.2266	DATA	Keypress: v
625.7124	DATA	Keypress: v
625.9151	DATA	Keypress: v
626.1177	DATA	Keypress: v
626.2016	DATA	Keypress: v held
626.3371	DATA	Keypress: v
626.5398	DATA	Keypress: v
626.7435	DATA	Keypress: v
626.9621	DATA	Keypress: v
627.1816	DATA	Keypress: v
627.2146	DATA	Keypress: v held
627.4179	DATA	Keypress: v
627.6206	DATA	Keypress: v
627.8232	DATA	Keypress: v
628.0255	DATA	Keypress: v
628.2278	DATA	Keypress: v held
628.2621	DATA	Keypress: v
628.4647	DATA	Keypress: v
628.6844	DATA	Keypress: v
628.8871	DATA	Keypress: v
629.1234	DATA	Keypress: v
629.2578	DATA	Keypress: v held
629.3262	DATA	Keypress: v
629.5283	DATA	Keypress: v
629.7651	DATA	Keypress: v
629.9678	DATA	Keypress: v
630.1873	DATA	Keypress: v
630.2709	DATA	Keypress: v held
630.4068	DATA	Keypress: v
630.6263	DATA	Keypress: v
630.8626	DATA	Keypress: v
631.0991	DATA	Keypress: v
631.2841	DATA	Keypress: v held
631.2842	DATA	earn v
631.3941	DATA	Keypress: v
631.5214	DATA	Keypress: v
631.7409	DATA	Keypress: v
632.9737	DATA	Keypress: v
633.1759	DATA	Keypress: v
633.3787	DATA	Keypress: v
633.4962	DATA	Keypress: v held
633.5981	DATA	Keypress: v
633.8009	DATA	Keypress: v
634.0372	DATA	Keypress: v
634.2402	DATA	Keypress: v
634.4592	DATA	Keypress: v
634.5093	DATA	Keypress: v held
634.5094	DATA	earn v
634.6791	DATA	Keypress: v
636.0466	DATA	Keypress: v
636.2494	DATA	Keypress: v
636.4685	DATA	Keypress: v
636.6546	DATA	Keypress: v
636.7551	DATA	Keypress: v held
636.7552	DATA	earn v
636.8749	DATA	Keypress: v
637.0767	DATA	Keypress: v
638.2755	DATA	Keypress: v
638.5121	DATA	Keypress: v
638.7146	DATA	Keypress: v
638.9342	DATA	Keypress: v
639.0347	DATA	Keypress: v held
639.1370	DATA	Keypress: v
639.3398	DATA	Keypress: v
639.5589	DATA	Keypress: v
639.7783	DATA	Keypress: v
639.9977	DATA	Keypress: v
640.0479	DATA	Keypress: v held
640.2175	DATA	Keypress: v
640.4539	DATA	Keypress: v
640.6735	DATA	Keypress: v
640.8760	DATA	Keypress: v
641.0780	DATA	Keypress: v held
641.0781	DATA	earn v
641.0788	DATA	Keypress: v
641.2984	DATA	Keypress: v
641.5513	DATA	Keypress: v
642.5309	DATA	Keypress: v
642.7671	DATA	Keypress: v
642.9361	DATA	Keypress: v
643.1557	DATA	Keypress: v
643.3069	DATA	Keypress: v held
643.3582	DATA	Keypress: v
643.5445	DATA	Keypress: v
643.7635	DATA	Keypress: v
643.9999	DATA	Keypress: v
644.2027	DATA	Keypress: v
644.3370	DATA	Keypress: v held
644.4222	DATA	Keypress: v
644.6416	DATA	Keypress: v
644.8611	DATA	Keypress: v
645.0806	DATA	Keypress: v
645.3002	DATA	Keypress: v
645.3501	DATA	Keypress: v held
645.5366	DATA	Keypress: v
645.7392	DATA	Keypress: v
645.9756	DATA	Keypress: v
646.1618	DATA	Keypress: v
646.3633	DATA	Keypress: v held
646.3808	DATA	Keypress: v
646.6004	DATA	Keypress: v
646.8200	DATA	Keypress: v
647.0393	DATA	Keypress: v
647.2253	DATA	Keypress: v
647.3933	DATA	Keypress: v held
647.4616	DATA	Keypress: v
647.6980	DATA	Keypress: v
647.9006	DATA	Keypress: v
648.1202	DATA	Keypress: v
648.3397	DATA	Keypress: v
648.4065	DATA	Keypress: v held
648.5760	DATA	Keypress: v
648.7787	DATA	Keypress: v
648.9814	DATA	Keypress: v
649.1841	DATA	Keypress: v
649.4034	DATA	Keypress: v
649.4198	DATA	Keypress: v held
649.6231	DATA	Keypress: v
649.8255	DATA	Keypress: v
650.0450	DATA	Keypress: v
650.2813	DATA	Keypress: v
650.4328	DATA	Keypress: v held
650.5011	DATA	Keypress: v
650.7207	DATA	Keypress: v
650.9570	DATA	Keypress: v
651.1597	DATA	Keypress: v
651.3962	DATA	Keypress: v
651.4460	DATA	Keypress: v held
651.6155	DATA	Keypress: v
652.1221	DATA	Keypress: t
652.3755	DATA	Keypress: t
652.4759	DATA	Keypress: t held
652.5780	DATA	Keypress: t
652.7977	DATA	Keypress: t
653.0168	DATA	Keypress: t
653.2535	DATA	Keypress: t
653.4729	DATA	Keypress: t
653.4891	DATA	Keypress: t held
653.6923	DATA	Keypress: t
653.9458	DATA	Keypress: t
654.1821	DATA	Keypress: t
654.3848	DATA	Keypress: t
654.5022	DATA	Keypress: t held
654.6381	DATA	Keypress: t
654.8576	DATA	Keypress: t
655.1275	DATA	Keypress: t
655.3474	DATA	Keypress: t
655.5154	DATA	Keypress: t held
655.6177	DATA	Keypress: t
655.8876	DATA	Keypress: t
656.0905	DATA	Keypress: t
656.3267	DATA	Keypress: t
656.5286	DATA	Keypress: t held
656.5800	DATA	Keypress: t
656.8163	DATA	Keypress: t
657.0524	DATA	Keypress: t
657.3230	DATA	Keypress: t
657.5586	DATA	Keypress: t held
657.6269	DATA	Keypress: t
657.8297	DATA	Keypress: t
658.3530	DATA	Keypress: v
658.5717	DATA	Keypress: v held
658.5894	DATA	Keypress: v
658.8259	DATA	Keypress: v
659.0622	DATA	Keypress: v
659.2648	DATA	Keypress: v
659.5013	DATA	Keypress: v
659.5850	DATA	Keypress: v held
659.5850	DATA	earn v
659.7209	DATA	Keypress: v
659.9402	DATA	Keypress: v
661.3419	DATA	Keypress: v
661.5783	DATA	Keypress: v
661.7809	DATA	Keypress: v
661.8139	DATA	Keypress: v held
662.0002	DATA	Keypress: v
662.2028	DATA	Keypress: v
662.4394	DATA	Keypress: v
662.6082	DATA	Keypress: v
662.8274	DATA	Keypress: v held
662.8282	DATA	Keypress: v
663.0642	DATA	Keypress: v
663.2667	DATA	Keypress: v
664.0264	DATA	start rating L
664.0348	DATA	Keypress: v
664.0356	DATA	Keypress: v
664.1733	DATA	Keypress: v
666.6876	DATA	Keypress: t
669.0017	DATA	Keypress: return
669.0021	DATA	RatingScale rateL_scale: (key response) rating=6
669.0021	DATA	RatingScale rateL_scale: rating RT=4.976
669.0026	DATA	6.0
669.0026	DATA	end rating L
669.1112	DATA	start rating R
682.9625	DATA	Keypress: v
683.2359	DATA	Keypress: v
685.7187	DATA	Keypress: return
685.7190	DATA	RatingScale rateR_scale: (key response) rating=6
685.7191	DATA	RatingScale rateR_scale: rating RT=16.608
685.7196	DATA	6.0
685.7206	DATA	end rating R
687.7515	DATA	Keypress: v
687.7845	DATA	Keypress: v held
687.9710	DATA	Keypress: v
688.1736	DATA	Keypress: v
688.3594	DATA	Keypress: v
688.5790	DATA	Keypress: v
688.7815	DATA	Keypress: v
688.7976	DATA	Keypress: v held
688.7976	DATA	earn v
689.0012	DATA	Keypress: v
690.7402	DATA	Keypress: v
690.9429	DATA	Keypress: v
691.0773	DATA	Keypress: v held
691.1794	DATA	Keypress: v
691.3824	DATA	Keypress: v
691.5847	DATA	Keypress: v
691.7871	DATA	Keypress: v
691.9899	DATA	Keypress: v
692.0905	DATA	Keypress: v held
692.2092	DATA	Keypress: v
692.4289	DATA	Keypress: v
692.6316	DATA	Keypress: v
692.8678	DATA	Keypress: v
693.0368	DATA	Keypress: v
693.1037	DATA	Keypress: v held
693.2563	DATA	Keypress: v
693.6453	DATA	Keypress: v
693.8640	DATA	Keypress: v
694.1007	DATA	Keypress: v
694.1337	DATA	Keypress: v held
694.3372	DATA	Keypress: v
694.5231	DATA	Keypress: v
694.7254	DATA	Keypress: v
694.9449	DATA	Keypress: v
695.1468	DATA	Keypress: v held
695.1477	DATA	Keypress: v
695.3669	DATA	Keypress: v
695.5525	DATA	Keypress: v
695.7722	DATA	Keypress: v
695.9750	DATA	Keypress: v
696.1769	DATA	Keypress: v held
696.1777	DATA	Keypress: v
696.3817	DATA	Keypress: v
696.5996	DATA	Keypress: v
696.8022	DATA	Keypress: v
697.1900	DATA	Keypress: v held
697.1901	DATA	earn v
697.2982	DATA	Keypress: v
697.4612	DATA	Keypress: v
698.9466	DATA	Keypress: v
699.1833	DATA	Keypress: v
699.3859	DATA	Keypress: v
699.4865	DATA	Keypress: v held
699.5887	DATA	Keypress: v
699.7741	DATA	Keypress: v
699.9939	DATA	Keypress: v
700.1962	DATA	Keypress: v
700.3991	DATA	Keypress: v
700.4997	DATA	Keypress: v held
700.6355	DATA	Keypress: v
700.8381	DATA	Keypress: v
701.0407	DATA	Keypress: v
701.2773	DATA	Keypress: v
701.4629	DATA	Keypress: v
701.5129	DATA	Keypress: v held
701.6824	DATA	Keypress: v
701.8864	DATA	Keypress: v
702.1045	DATA	Keypress: v
702.3071	DATA	Keypress: v
702.5260	DATA	Keypress: v held
702.5268	DATA	Keypress: v
702.9320	DATA	Keypress: v
703.1515	DATA	Keypress: v
703.3710	DATA	Keypress: v
703.5392	DATA	Keypress: v held
703.5737	DATA	Keypress: v
703.7764	DATA	Keypress: v
704.0127	DATA	Keypress: v
704.2153	DATA	Keypress: v
704.4518	DATA	Keypress: v
704.5523	DATA	Keypress: v held
704.6206	DATA	Keypress: v
704.8231	DATA	Keypress: v
705.0427	DATA	Keypress: v
705.2624	DATA	Keypress: v
705.4817	DATA	Keypress: v
705.5824	DATA	Keypress: v held
705.6844	DATA	Keypress: v
705.8870	DATA	Keypress: v
706.1235	DATA	Keypress: v
706.3261	DATA	Keypress: v
706.5118	DATA	Keypress: v
706.5955	DATA	Keypress: v held
706.7144	DATA	Keypress: v
706.9508	DATA	Keypress: v
707.1534	DATA	Keypress: v
707.3730	DATA	Keypress: v
707.5758	DATA	Keypress: v
707.6087	DATA	Keypress: v held
707.8120	DATA	Keypress: v
708.0145	DATA	Keypress: v
708.2509	DATA	Keypress: v
708.4549	DATA	Keypress: v
708.6218	DATA	Keypress: v held
708.6730	DATA	Keypress: v
708.8759	DATA	Keypress: v
709.0788	DATA	Keypress: v
709.3150	DATA	Keypress: v
709.5175	DATA	Keypress: v
709.6350	DATA	Keypress: v held
709.7031	DATA	Keypress: v
709.9229	DATA	Keypress: v
710.1424	DATA	Keypress: v
710.3449	DATA	Keypress: v
710.5475	DATA	Keypress: v
710.6482	DATA	Keypress: v held
710.7507	DATA	Keypress: v
710.9528	DATA	Keypress: v
711.1892	DATA	Keypress: v
711.3918	DATA	Keypress: v
711.5776	DATA	Keypress: v
711.6613	DATA	Keypress: v held
711.7801	DATA	Keypress: v
712.2696	DATA	Keypress: t
712.5064	DATA	Keypress: t
712.6745	DATA	Keypress: t held
712.6745	DATA	earn t
712.7780	DATA	Keypress: t
712.9118	DATA	Keypress: t
714.4989	DATA	Keypress: t
714.7016	DATA	Keypress: t
714.9042	DATA	Keypress: t
714.9541	DATA	Keypress: t held
715.1237	DATA	Keypress: t
715.3432	DATA	Keypress: t
715.5458	DATA	Keypress: t
715.7991	DATA	Keypress: t
715.9672	DATA	Keypress: t held
716.0017	DATA	Keypress: t
716.2382	DATA	Keypress: t
716.4408	DATA	Keypress: t
716.6432	DATA	Keypress: t
716.8634	DATA	Keypress: t
716.9804	DATA	Keypress: t held
717.0992	DATA	Keypress: t
717.3189	DATA	Keypress: t
717.5215	DATA	Keypress: t
717.7579	DATA	Keypress: t
717.9605	DATA	Keypress: t
717.9939	DATA	Keypress: t held
718.1800	DATA	Keypress: t
718.3994	DATA	Keypress: t
718.6192	DATA	Keypress: t
718.8386	DATA	Keypress: t
719.0067	DATA	Keypress: t held
719.0750	DATA	Keypress: t
719.2778	DATA	Keypress: t
719.5140	DATA	Keypress: t
719.7166	DATA	Keypress: t
719.9193	DATA	Keypress: t
720.0197	DATA	Keypress: t held
720.1388	DATA	Keypress: t
720.3751	DATA	Keypress: t
720.5947	DATA	Keypress: t
720.7973	DATA	Keypress: t
721.0330	DATA	Keypress: t held
721.0338	DATA	Keypress: t
721.2701	DATA	Keypress: t
721.4733	DATA	Keypress: t
721.6921	DATA	Keypress: t
721.9288	DATA	Keypress: t
722.0461	DATA	Keypress: t held
722.1144	DATA	Keypress: t
722.5873	DATA	Keypress: v
722.7899	DATA	Keypress: v
722.9926	DATA	Keypress: v
723.0594	DATA	Keypress: v held
723.2117	DATA	Keypress: v
723.4148	DATA	Keypress: v
723.6174	DATA	Keypress: v
723.8537	DATA	Keypress: v
724.0726	DATA	Keypress: v held
724.0733	DATA	Keypress: v
724.2759	DATA	Keypress: v
724.5123	DATA	Keypress: v
724.6980	DATA	Keypress: v
724.9344	DATA	Keypress: v
725.0857	DATA	Keypress: v held
725.1371	DATA	Keypress: v
725.3565	DATA	Keypress: v
725.5603	DATA	Keypress: v
725.7956	DATA	Keypress: v
726.0320	DATA	Keypress: v
726.0989	DATA	Keypress: v held
726.2347	DATA	Keypress: v
726.4542	DATA	Keypress: v
726.6566	DATA	Keypress: v
726.8590	DATA	Keypress: v
727.1123	DATA	Keypress: v held
727.3491	DATA	Keypress: v
727.5685	DATA	Keypress: v
727.7712	DATA	Keypress: v
728.0246	DATA	Keypress: v
728.1252	DATA	Keypress: v held
728.2271	DATA	Keypress: v
728.4637	DATA	Keypress: v
728.7001	DATA	Keypress: v
728.9194	DATA	Keypress: v
729.1383	DATA	Keypress: v held
729.1392	DATA	Keypress: v
729.3754	DATA	Keypress: v
729.5780	DATA	Keypress: v
729.7976	DATA	Keypress: v
730.0336	DATA	Keypress: v
730.1515	DATA	Keypress: v held
730.2536	DATA	Keypress: v
730.4729	DATA	Keypress: v
730.7264	DATA	Keypress: v
730.9459	DATA	Keypress: v
731.1816	DATA	Keypress: v held
731.2161	DATA	Keypress: v
731.4187	DATA	Keypress: v
731.6719	DATA	Keypress: v
731.8745	DATA	Keypress: v
732.1946	DATA	Keypress: v held
732.2964	DATA	Keypress: v
732.5834	DATA	Keypress: v
732.7863	DATA	Keypress: v
733.0397	DATA	Keypress: v
733.2079	DATA	Keypress: v held
733.2253	DATA	Keypress: v
733.4450	DATA	Keypress: v
733.6650	DATA	Keypress: v
733.8840	DATA	Keypress: v
734.1373	DATA	Keypress: v
734.2379	DATA	Keypress: v held
734.3401	DATA	Keypress: v
734.5426	DATA	Keypress: v
734.7621	DATA	Keypress: v
734.9817	DATA	Keypress: v
735.2013	DATA	Keypress: v
735.2510	DATA	Keypress: v held
735.4207	DATA	Keypress: v
735.6741	DATA	Keypress: v
735.8594	DATA	Keypress: v
736.2812	DATA	Keypress: v held
736.4169	DATA	Keypress: t
736.6026	DATA	Keypress: t
736.8222	DATA	Keypress: t
737.0417	DATA	Keypress: t
737.2781	DATA	Keypress: t
737.2943	DATA	Keypress: t held
737.5145	DATA	Keypress: t
737.7172	DATA	Keypress: t
737.9535	DATA	Keypress: t
738.1730	DATA	Keypress: t
738.3074	DATA	Keypress: t held
738.3925	DATA	Keypress: t
738.6121	DATA	Keypress: t
738.7977	DATA	Keypress: t
739.0341	DATA	Keypress: t
739.2369	DATA	Keypress: t
739.3375	DATA	Keypress: t held
739.7939	DATA	Keypress: v
740.0136	DATA	Keypress: v
740.2502	DATA	Keypress: v
740.3506	DATA	Keypress: v held
740.4693	DATA	Keypress: v
740.6891	DATA	Keypress: v
740.9254	DATA	Keypress: v
741.1619	DATA	Keypress: v
741.3638	DATA	Keypress: v held
741.3646	DATA	Keypress: v
741.5838	DATA	Keypress: v
741.8035	DATA	Keypress: v
742.0230	DATA	Keypress: v
742.2425	DATA	Keypress: v
742.3770	DATA	Keypress: v held
742.4621	DATA	Keypress: v
742.6986	DATA	Keypress: v
742.9011	DATA	Keypress: v
743.1207	DATA	Keypress: v
743.3064	DATA	Keypress: v
743.3901	DATA	Keypress: v held
743.3902	DATA	earn v
743.5430	DATA	Keypress: v
743.7460	DATA	Keypress: v
745.3155	DATA	Keypress: v
745.5521	DATA	Keypress: v
745.7034	DATA	Keypress: v held
745.7462	DATA	Keypress: v
746.3143	DATA	start rating L
746.3228	DATA	Keypress: v
746.3233	DATA	Keypress: v
746.3903	DATA	Keypress: v
750.4452	DATA	Keypress: t
750.7805	DATA	Keypress: t
751.0505	DATA	Keypress: t
751.2869	DATA	Keypress: t
751.5237	DATA	Keypress: t
753.2085	DATA	Keypress: return
753.2090	DATA	RatingScale rateL_scale: (key response) rating=2
753.2091	DATA	RatingScale rateL_scale: rating RT=6.895
753.2100	DATA	2.0
753.2100	DATA	end rating L
753.3264	DATA	start rating R
754.1744	DATA	Keypress: v
757.1966	DATA	Keypress: return
757.1970	DATA	RatingScale rateR_scale: (key response) rating=5
757.1971	DATA	RatingScale rateR_scale: rating RT=3.871
757.1975	DATA	5.0
757.1986	DATA	end rating R
758.3854	DATA	Keypress: v
758.4017	DATA	Keypress: v held
758.5715	DATA	Keypress: v
758.7739	DATA	Keypress: v
758.9934	DATA	Keypress: v
759.1795	DATA	Keypress: v
759.3819	DATA	Keypress: v
759.4149	DATA	Keypress: v held
759.6184	DATA	Keypress: v
759.8038	DATA	Keypress: v
760.0066	DATA	Keypress: v
760.2091	DATA	Keypress: v
760.4281	DATA	Keypress: v held
760.4281	DATA	earn v
760.4289	DATA	Keypress: v
760.6653	DATA	Keypress: v
762.1343	DATA	Keypress: v
762.3366	DATA	Keypress: v
762.5395	DATA	Keypress: v
762.7414	DATA	Keypress: v held
762.7422	DATA	Keypress: v
762.9785	DATA	Keypress: v
763.1478	DATA	Keypress: v
763.3669	DATA	Keypress: v
763.5695	DATA	Keypress: v
763.7545	DATA	Keypress: v held
763.7558	DATA	Keypress: v
763.9747	DATA	Keypress: v
764.2113	DATA	Keypress: v
764.4139	DATA	Keypress: v
764.6165	DATA	Keypress: v
764.7678	DATA	Keypress: v held
764.8192	DATA	Keypress: v
765.0217	DATA	Keypress: v
765.2411	DATA	Keypress: v
765.4440	DATA	Keypress: v
765.6634	DATA	Keypress: v
765.7978	DATA	Keypress: v held
765.8660	DATA	Keypress: v
766.1025	DATA	Keypress: v
766.3053	DATA	Keypress: v
766.5415	DATA	Keypress: v
766.7441	DATA	Keypress: v
766.8109	DATA	Keypress: v held
766.9636	DATA	Keypress: v
767.1831	DATA	Keypress: v
767.4026	DATA	Keypress: v
767.6055	DATA	Keypress: v
767.8410	DATA	Keypress: v held
767.8417	DATA	Keypress: v
768.0444	DATA	Keypress: v
768.2469	DATA	Keypress: v
768.4496	DATA	Keypress: v
768.6523	DATA	Keypress: v
768.8541	DATA	Keypress: v held
768.8718	DATA	Keypress: v
769.0913	DATA	Keypress: v
769.2940	DATA	Keypress: v
769.5304	DATA	Keypress: v
769.7335	DATA	Keypress: v
769.8673	DATA	Keypress: v held
769.9692	DATA	Keypress: v
770.1729	DATA	Keypress: v
770.3744	DATA	Keypress: v
770.6279	DATA	Keypress: v
770.8474	DATA	Keypress: v
770.8805	DATA	Keypress: v held
771.0839	DATA	Keypress: v
771.2865	DATA	Keypress: v
771.4891	DATA	Keypress: v
771.6928	DATA	Keypress: v
771.8936	DATA	Keypress: v held
771.9112	DATA	Keypress: v
772.1477	DATA	Keypress: v
772.3331	DATA	Keypress: v
772.5696	DATA	Keypress: v
772.7724	DATA	Keypress: v
772.9067	DATA	Keypress: v held
773.0087	DATA	Keypress: v
773.2451	DATA	Keypress: v
773.4477	DATA	Keypress: v
773.6672	DATA	Keypress: v
773.8700	DATA	Keypress: v
773.9198	DATA	Keypress: v held
774.1064	DATA	Keypress: v
774.3090	DATA	Keypress: v
774.5116	DATA	Keypress: v
774.7485	DATA	Keypress: v
774.9331	DATA	Keypress: v held
774.9331	DATA	earn v
774.9337	DATA	Keypress: v
775.1536	DATA	Keypress: v
777.2472	DATA	Keypress: v
777.2633	DATA	Keypress: v held
777.6862	DATA	Keypress: v
777.9225	DATA	Keypress: v
778.1256	DATA	Keypress: v
778.2765	DATA	Keypress: v held
778.3616	DATA	Keypress: v
778.5811	DATA	Keypress: v
778.8007	DATA	Keypress: v
779.0202	DATA	Keypress: v
779.2397	DATA	Keypress: v
779.3065	DATA	Keypress: v held
779.4761	DATA	Keypress: v
779.6787	DATA	Keypress: v
779.8981	DATA	Keypress: v
780.3197	DATA	Keypress: v held
780.4054	DATA	Keypress: t
780.6243	DATA	Keypress: t
780.8438	DATA	Keypress: t
781.0465	DATA	Keypress: t
781.2492	DATA	Keypress: t
781.3497	DATA	Keypress: t held
781.4855	DATA	Keypress: t
781.7050	DATA	Keypress: t
781.9257	DATA	Keypress: t
782.1610	DATA	Keypress: t
782.3629	DATA	Keypress: t held
782.3815	DATA	Keypress: t
782.6337	DATA	Keypress: t
782.8701	DATA	Keypress: t
783.1066	DATA	Keypress: t
783.3097	DATA	Keypress: t
783.3760	DATA	Keypress: t held
783.5453	DATA	Keypress: t
783.7652	DATA	Keypress: t
783.9844	DATA	Keypress: t
784.2213	DATA	Keypress: t
784.3892	DATA	Keypress: t held
784.4574	DATA	Keypress: t
784.6601	DATA	Keypress: t
784.8796	DATA	Keypress: t
785.1159	DATA	Keypress: t
785.3355	DATA	Keypress: t
785.4024	DATA	Keypress: t held
785.5719	DATA	Keypress: t
785.7914	DATA	Keypress: t
786.0279	DATA	Keypress: t
786.2643	DATA	Keypress: t
786.4324	DATA	Keypress: t held
786.4325	DATA	earn t
786.5429	DATA	Keypress: t
786.6866	DATA	Keypress: t
787.8852	DATA	Keypress: v
788.0882	DATA	Keypress: v
788.3075	DATA	Keypress: v
788.5098	DATA	Keypress: v
788.7294	DATA	Keypress: v
788.7626	DATA	Keypress: v held
788.9489	DATA	Keypress: v
789.1688	DATA	Keypress: v
789.4051	DATA	Keypress: v
789.6416	DATA	Keypress: v
789.7759	DATA	Keypress: v held
789.8443	DATA	Keypress: v
790.0635	DATA	Keypress: v
790.2660	DATA	Keypress: v
790.4856	DATA	Keypress: v
790.7052	DATA	Keypress: v
790.7889	DATA	Keypress: v held
790.9417	DATA	Keypress: v
791.1613	DATA	Keypress: v
791.3977	DATA	Keypress: v
791.6337	DATA	Keypress: v
791.8021	DATA	Keypress: v held
791.8535	DATA	Keypress: v
792.0562	DATA	Keypress: v
792.2757	DATA	Keypress: v
792.4950	DATA	Keypress: v
792.7145	DATA	Keypress: v
792.8153	DATA	Keypress: v held
792.9173	DATA	Keypress: v
793.1538	DATA	Keypress: v
793.3731	DATA	Keypress: v
793.5928	DATA	Keypress: v
793.8121	DATA	Keypress: v
793.8284	DATA	Keypress: v held
794.0148	DATA	Keypress: v
794.2682	DATA	Keypress: v
794.4709	DATA	Keypress: v
794.8419	DATA	Keypress: v held
795.0111	DATA	Keypress: t
795.2148	DATA	Keypress: t
795.4333	DATA	Keypress: t
795.6357	DATA	Keypress: t
795.8547	DATA	Keypress: t held
795.8557	DATA	Keypress: t
796.0750	DATA	Keypress: t
796.3115	DATA	Keypress: t
796.5479	DATA	Keypress: t
796.7508	DATA	Keypress: t
796.8679	DATA	Keypress: t held
796.9697	DATA	Keypress: t
797.2063	DATA	Keypress: t
797.4425	DATA	Keypress: t
797.6622	DATA	Keypress: t
797.8979	DATA	Keypress: t held
797.8988	DATA	Keypress: t
798.1351	DATA	Keypress: t
798.3209	DATA	Keypress: t
798.5572	DATA	Keypress: t
798.7768	DATA	Keypress: t
798.9110	DATA	Keypress: t held
798.9960	DATA	Keypress: t
799.2158	DATA	Keypress: t
799.4520	DATA	Keypress: t
799.6552	DATA	Keypress: t
799.8912	DATA	Keypress: t
799.9243	DATA	Keypress: t held
799.9243	DATA	earn t
800.1279	DATA	Keypress: t
801.7993	DATA	Keypress: t
802.0526	DATA	Keypress: t
802.2397	DATA	Keypress: t
802.2715	DATA	Keypress: t held
802.4749	DATA	Keypress: t
802.6774	DATA	Keypress: t
802.9138	DATA	Keypress: t
803.1501	DATA	Keypress: t
803.2846	DATA	Keypress: t held
803.2847	DATA	earn t
803.3898	DATA	Keypress: t
803.5725	DATA	Keypress: t
804.9571	DATA	Keypress: t
805.1596	DATA	Keypress: t
805.3791	DATA	Keypress: t
805.5987	DATA	Keypress: t
805.6317	DATA	Keypress: t held
805.8520	DATA	Keypress: t
806.0559	DATA	Keypress: t
806.2911	DATA	Keypress: t
806.5274	DATA	Keypress: t
806.6618	DATA	Keypress: t held
806.7301	DATA	Keypress: t
806.9327	DATA	Keypress: t
807.1522	DATA	Keypress: t
807.3886	DATA	Keypress: t
807.5924	DATA	Keypress: t
807.6749	DATA	Keypress: t held
807.8445	DATA	Keypress: t
808.0486	DATA	Keypress: t
808.2670	DATA	Keypress: t
808.4862	DATA	Keypress: t
808.6881	DATA	Keypress: t held
808.7058	DATA	Keypress: t
808.9251	DATA	Keypress: t
809.1282	DATA	Keypress: t
809.3640	DATA	Keypress: t
809.6007	DATA	Keypress: t
809.7013	DATA	Keypress: t held
809.7013	DATA	earn t
809.8080	DATA	Keypress: t
810.0399	DATA	Keypress: t
810.6815	DATA	Keypress: t
811.0666	DATA	Keypress: t
811.1205	DATA	Keypress: t
811.3569	DATA	Keypress: t
811.5607	DATA	Keypress: t
811.7957	DATA	Keypress: t
812.0156	DATA	Keypress: t
812.0822	DATA	Keypress: t held
812.2347	DATA	Keypress: t
812.4725	DATA	Keypress: t
812.6908	DATA	Keypress: t
812.9269	DATA	Keypress: t
813.0954	DATA	Keypress: t held
813.0955	DATA	earn t
813.2024	DATA	Keypress: t
813.3665	DATA	Keypress: t
813.7548	DATA	Keypress: t
813.9741	DATA	Keypress: t
814.4327	DATA	Keypress: t
814.4332	DATA	Keypress: t
814.8016	DATA	Keypress: t
815.0380	DATA	Keypress: t
815.2575	DATA	Keypress: t
815.4425	DATA	Keypress: t held
815.4771	DATA	Keypress: t
815.6965	DATA	Keypress: t
815.9329	DATA	Keypress: t
816.1356	DATA	Keypress: t
816.3718	DATA	Keypress: t
816.4726	DATA	Keypress: t held
816.6083	DATA	Keypress: t
816.7941	DATA	Keypress: t
817.0304	DATA	Keypress: t
817.2327	DATA	Keypress: t
817.7984	DATA	start rating L
817.8073	DATA	Keypress: t
817.8078	DATA	Keypress: t
825.5528	DATA	Keypress: v
827.8987	DATA	Keypress: v
828.9796	DATA	Keypress: v
830.3474	DATA	Keypress: return
830.3478	DATA	RatingScale rateL_scale: (key response) rating=5
830.3478	DATA	RatingScale rateL_scale: rating RT=12.549
830.3483	DATA	5.0
830.3483	DATA	end rating L
830.4661	DATA	start rating R
834.3154	DATA	Keypress: t
834.7541	DATA	Keypress: t
835.4262	DATA	Keypress: return
835.4267	DATA	RatingScale rateR_scale: (key response) rating=2
835.4268	DATA	RatingScale rateR_scale: rating RT=4.961
835.4277	DATA	2.0
835.4294	DATA	end rating R
