20.8159	DATA	version E
44.8257	DATA	Keypress: space
45.5322	DATA	Keypress: t
45.8192	DATA	Keypress: t
45.8864	DATA	Keypress: t held
46.1065	DATA	Keypress: t
46.4106	DATA	Keypress: t
46.6973	DATA	Keypress: t
46.8995	DATA	Keypress: t held
46.8996	DATA	earn t
47.1533	DATA	Keypress: v
47.9375	DATA	Keypress: t
48.1663	DATA	Keypress: t
48.5381	DATA	Keypress: v
48.8419	DATA	Keypress: v
48.9427	DATA	Keypress: v held
49.0952	DATA	Keypress: v
49.4164	DATA	Keypress: v
49.6692	DATA	Keypress: v
49.9060	DATA	Keypress: v
49.9728	DATA	Keypress: v held
50.1761	DATA	Keypress: v
50.4291	DATA	Keypress: v
50.6996	DATA	Keypress: v
50.9860	DATA	Keypress: v held
50.9866	DATA	Keypress: v
51.2569	DATA	Keypress: v
51.5269	DATA	Keypress: v
51.7631	DATA	Keypress: v
51.9992	DATA	Keypress: v held
52.0502	DATA	Keypress: v
52.3373	DATA	Keypress: v
52.5907	DATA	Keypress: v
52.8440	DATA	Keypress: v
53.0124	DATA	Keypress: v held
53.1478	DATA	Keypress: v
53.4011	DATA	Keypress: v
53.9076	DATA	Keypress: t
54.0255	DATA	Keypress: t held
54.1946	DATA	Keypress: t
54.4819	DATA	Keypress: t
54.7522	DATA	Keypress: t
54.9886	DATA	Keypress: t
55.0556	DATA	Keypress: t held
55.2417	DATA	Keypress: t
55.4780	DATA	Keypress: t
55.7315	DATA	Keypress: t
55.9846	DATA	Keypress: t
56.0687	DATA	Keypress: t held
56.4405	DATA	Keypress: v
56.8461	DATA	Keypress: t
57.0818	DATA	Keypress: t held
57.1329	DATA	Keypress: t
57.3862	DATA	Keypress: t
57.6574	DATA	Keypress: t
57.9100	DATA	Keypress: t
58.1119	DATA	Keypress: t held
58.3655	DATA	Keypress: v
58.6358	DATA	Keypress: v
58.9227	DATA	Keypress: v
59.1251	DATA	Keypress: v held
59.2097	DATA	Keypress: v
59.4971	DATA	Keypress: v
59.7674	DATA	Keypress: v
60.1383	DATA	Keypress: v held
60.3416	DATA	Keypress: t
60.6285	DATA	Keypress: t
60.8984	DATA	Keypress: t
61.1514	DATA	Keypress: t held
61.1855	DATA	Keypress: t
61.4898	DATA	Keypress: t
61.6923	DATA	Keypress: t
61.9623	DATA	Keypress: t
62.1645	DATA	Keypress: t held
62.1645	DATA	earn t
62.3845	DATA	Keypress: v
62.9759	DATA	Keypress: t
63.2187	DATA	Keypress: t
63.4820	DATA	Keypress: t
63.7353	DATA	Keypress: t
64.2245	DATA	Keypress: t held
64.4783	DATA	Keypress: v
65.0526	DATA	Keypress: t
65.2378	DATA	Keypress: t held
65.3736	DATA	Keypress: t
65.6775	DATA	Keypress: t
65.9813	DATA	Keypress: t
66.2677	DATA	Keypress: t held
66.2681	DATA	Keypress: t
66.8764	DATA	Keypress: v
67.2809	DATA	Keypress: v held
67.3151	DATA	Keypress: t
67.6361	DATA	Keypress: t
68.2945	DATA	Keypress: t held
68.2946	DATA	earn t
68.8349	DATA	Keypress: t
69.2066	DATA	Keypress: t
69.5272	DATA	Keypress: t
69.8143	DATA	Keypress: t
70.3880	DATA	Keypress: t held
70.6250	DATA	Keypress: v
70.9287	DATA	Keypress: v
71.2327	DATA	Keypress: v
71.4011	DATA	Keypress: v held
71.7225	DATA	Keypress: t
72.0265	DATA	Keypress: t
72.3471	DATA	Keypress: t
72.4143	DATA	Keypress: t held
72.6850	DATA	Keypress: t
72.9719	DATA	Keypress: t
73.2927	DATA	Keypress: t
73.4275	DATA	Keypress: t held
73.5967	DATA	Keypress: t
73.8842	DATA	Keypress: t
74.1709	DATA	Keypress: t
74.4406	DATA	Keypress: t held
74.4412	DATA	Keypress: t
74.7113	DATA	Keypress: t
75.2183	DATA	Keypress: v
75.4538	DATA	Keypress: v held
75.5219	DATA	Keypress: v
76.2820	DATA	Keypress: t
76.4838	DATA	Keypress: t held
76.6195	DATA	Keypress: t
76.8729	DATA	Keypress: t
77.1428	DATA	Keypress: t
77.4469	DATA	Keypress: t
77.4968	DATA	Keypress: t held
77.6834	DATA	Keypress: t
77.9533	DATA	Keypress: t
78.2237	DATA	Keypress: t
78.5102	DATA	Keypress: t held
78.7470	DATA	Keypress: v
79.0509	DATA	Keypress: v
79.3381	DATA	Keypress: v
79.5400	DATA	Keypress: v held
79.5401	DATA	earn v
79.6557	DATA	Keypress: v
80.1148	DATA	Keypress: v
80.4019	DATA	Keypress: v
80.7226	DATA	Keypress: v
80.9760	DATA	Keypress: v
81.2461	DATA	Keypress: v
81.5164	DATA	Keypress: v
81.6171	DATA	Keypress: v held
81.8037	DATA	Keypress: v
82.0738	DATA	Keypress: v
82.3436	DATA	Keypress: v
82.6302	DATA	Keypress: v held
82.6308	DATA	Keypress: v
83.2725	DATA	Keypress: t
83.5763	DATA	Keypress: t
83.6434	DATA	Keypress: t held
83.6435	DATA	earn t
84.2519	DATA	Keypress: v
84.5394	DATA	Keypress: v
84.9106	DATA	Keypress: v
85.1470	DATA	Keypress: v
85.7205	DATA	Keypress: v held
85.8392	DATA	Keypress: t
86.1430	DATA	Keypress: t
86.5148	DATA	Keypress: t
86.7505	DATA	Keypress: t held
86.8354	DATA	Keypress: t
87.1562	DATA	Keypress: t
87.4265	DATA	Keypress: t
87.7635	DATA	Keypress: t held
87.7635	DATA	earn t
87.9501	DATA	Keypress: v
89.4361	DATA	Keypress: t
89.7060	DATA	Keypress: t
89.8742	DATA	Keypress: t held
89.9764	DATA	Keypress: t
90.2292	DATA	Keypress: t
90.4997	DATA	Keypress: t
90.7696	DATA	Keypress: t
90.8873	DATA	Keypress: t held
91.0568	DATA	Keypress: t
91.2937	DATA	Keypress: t
91.8169	DATA	Keypress: v
91.9007	DATA	Keypress: v held
92.1207	DATA	Keypress: v
92.3740	DATA	Keypress: v
92.6609	DATA	Keypress: v
92.9307	DATA	Keypress: v held
92.9311	DATA	Keypress: v
93.2014	DATA	Keypress: v
93.4885	DATA	Keypress: v
93.7418	DATA	Keypress: v
93.9440	DATA	Keypress: v held
94.0119	DATA	Keypress: v
94.2820	DATA	Keypress: v
94.7553	DATA	Keypress: t
94.9571	DATA	Keypress: t held
95.0928	DATA	Keypress: t
95.5826	DATA	Keypress: t
95.8865	DATA	Keypress: t
95.9702	DATA	Keypress: t held
96.1564	DATA	Keypress: t
96.4438	DATA	Keypress: t
96.7137	DATA	Keypress: t
96.9169	DATA	Keypress: t
96.9834	DATA	Keypress: t held
97.4735	DATA	Keypress: v
97.7436	DATA	Keypress: v
98.0135	DATA	Keypress: v held
98.0479	DATA	Keypress: v
98.3180	DATA	Keypress: v
98.5545	DATA	Keypress: v
98.8075	DATA	Keypress: v
99.0267	DATA	Keypress: v held
99.3649	DATA	Keypress: t
99.6855	DATA	Keypress: t
100.0237	DATA	Keypress: t
100.0567	DATA	Keypress: t held
100.2940	DATA	Keypress: t
100.6144	DATA	Keypress: t
100.8858	DATA	Keypress: t
101.0697	DATA	Keypress: t held
101.0697	DATA	earn t
101.2054	DATA	Keypress: t
101.8644	DATA	Keypress: v
102.1486	DATA	Keypress: v
102.4042	DATA	Keypress: v
103.1637	DATA	Keypress: v held
103.1641	DATA	Keypress: t
103.5019	DATA	Keypress: t
103.8059	DATA	Keypress: t
104.1604	DATA	Keypress: t
104.1768	DATA	Keypress: t held
104.1768	DATA	earn t
104.4648	DATA	Keypress: t
104.7515	DATA	Keypress: t
105.2715	DATA	Keypress: v
105.5969	DATA	start rating L
105.6158	DATA	Keypress: v
105.8725	DATA	Keypress: v
107.6285	DATA	Keypress: t
108.3280	DATA	Keypress: v
108.9128	DATA	Keypress: t
110.0611	DATA	Keypress: v
111.2930	DATA	Keypress: t
111.6652	DATA	Keypress: return
111.6655	DATA	RatingScale rateL_scale: (key response) rating=5
111.6656	DATA	RatingScale rateL_scale: rating RT=6.069
111.6661	DATA	5.0
111.6661	DATA	end rating L
111.7871	DATA	start rating R
112.4075	DATA	Keypress: t
115.4975	DATA	Keypress: t
118.1320	DATA	Keypress: return
118.1323	DATA	RatingScale rateR_scale: (key response) rating=2
118.1323	DATA	RatingScale rateR_scale: rating RT=6.345
118.1328	DATA	2.0
118.1340	DATA	end rating R
120.2877	DATA	Keypress: t
120.3367	DATA	Keypress: t held
120.8100	DATA	Keypress: t
121.3668	DATA	Keypress: t held
121.9413	DATA	Keypress: t
122.3799	DATA	Keypress: t held
122.7351	DATA	Keypress: t
123.3931	DATA	Keypress: t held
123.5793	DATA	Keypress: t
124.2213	DATA	Keypress: t
124.4062	DATA	Keypress: t held
124.5253	DATA	Keypress: t
124.7954	DATA	Keypress: t
125.2002	DATA	Keypress: v
125.4194	DATA	Keypress: v held
125.4371	DATA	Keypress: v
125.9605	DATA	Keypress: t
126.2641	DATA	Keypress: t
126.4496	DATA	Keypress: t held
126.5521	DATA	Keypress: t
126.8553	DATA	Keypress: t
127.0917	DATA	Keypress: t
127.3786	DATA	Keypress: t
127.4625	DATA	Keypress: t held
127.8852	DATA	Keypress: v
128.1552	DATA	Keypress: v
128.4593	DATA	Keypress: v
128.4758	DATA	Keypress: v held
128.7464	DATA	Keypress: v
129.2535	DATA	Keypress: t
129.5058	DATA	Keypress: t held
129.6076	DATA	Keypress: t
129.9116	DATA	Keypress: t
130.2156	DATA	Keypress: t
130.4687	DATA	Keypress: t
130.5189	DATA	Keypress: t held
130.7558	DATA	Keypress: t
131.1950	DATA	Keypress: t
131.4990	DATA	Keypress: t
131.5322	DATA	Keypress: t held
131.7691	DATA	Keypress: t
132.0394	DATA	Keypress: t
132.5452	DATA	Keypress: t held
132.7652	DATA	Keypress: v
133.0526	DATA	Keypress: v
133.2890	DATA	Keypress: v
133.5584	DATA	Keypress: v held
133.5928	DATA	Keypress: v
133.8965	DATA	Keypress: v
134.4202	DATA	Keypress: t
134.5716	DATA	Keypress: t held
134.7412	DATA	Keypress: t
135.1467	DATA	Keypress: t
135.4838	DATA	Keypress: t
135.5847	DATA	Keypress: t held
135.7371	DATA	Keypress: t
136.0250	DATA	Keypress: t
136.3112	DATA	Keypress: t
136.6148	DATA	Keypress: t held
136.6152	DATA	Keypress: t
137.2063	DATA	Keypress: v
137.5105	DATA	Keypress: v
137.6281	DATA	Keypress: v held
137.7802	DATA	Keypress: v
138.0674	DATA	Keypress: v
138.3380	DATA	Keypress: v
138.5912	DATA	Keypress: v
138.6412	DATA	Keypress: v held
138.6413	DATA	earn v
138.8613	DATA	Keypress: v
139.5373	DATA	Keypress: t
140.8029	DATA	Keypress: v
140.8194	DATA	Keypress: v held
141.0900	DATA	Keypress: v
141.8495	DATA	Keypress: v held
141.8495	DATA	earn v
142.5592	DATA	Keypress: v
142.8463	DATA	Keypress: v
143.1165	DATA	Keypress: v
143.6737	DATA	Keypress: t
143.9940	DATA	Keypress: t held
143.9940	DATA	earn t
144.2655	DATA	Keypress: v
144.5686	DATA	Keypress: v
146.5614	DATA	Keypress: v
146.5945	DATA	Keypress: v held
146.8313	DATA	Keypress: v
147.0676	DATA	Keypress: v
147.3209	DATA	Keypress: v
147.5742	DATA	Keypress: v
147.6076	DATA	Keypress: v held
147.8106	DATA	Keypress: v
148.0980	DATA	Keypress: v
148.3682	DATA	Keypress: v
148.6043	DATA	Keypress: v
148.6207	DATA	Keypress: v held
148.6208	DATA	earn v
148.8424	DATA	Keypress: v
149.9215	DATA	Keypress: v
150.2252	DATA	Keypress: v
150.4450	DATA	Keypress: v
150.7318	DATA	Keypress: v
150.7822	DATA	Keypress: v held
150.9852	DATA	Keypress: v
151.4750	DATA	Keypress: v
151.7793	DATA	Keypress: v
151.8122	DATA	Keypress: v held
151.8123	DATA	earn v
152.0663	DATA	Keypress: v
152.5896	DATA	Keypress: v
152.9495	DATA	Keypress: v
153.1296	DATA	Keypress: v
153.6367	DATA	Keypress: v
153.9403	DATA	Keypress: v
153.9568	DATA	Keypress: v held
154.2106	DATA	Keypress: v
154.4805	DATA	Keypress: v
154.7508	DATA	Keypress: v
154.9698	DATA	Keypress: v held
155.3417	DATA	Keypress: t
155.6124	DATA	Keypress: t
155.8823	DATA	Keypress: t
155.9831	DATA	Keypress: t held
156.1523	DATA	Keypress: t
156.4057	DATA	Keypress: t
156.6759	DATA	Keypress: t
156.9458	DATA	Keypress: t
156.9962	DATA	Keypress: t held
157.3342	DATA	Keypress: v
157.6213	DATA	Keypress: v
157.8918	DATA	Keypress: v
158.0094	DATA	Keypress: v held
158.1619	DATA	Keypress: v
158.3984	DATA	Keypress: v
158.6684	DATA	Keypress: v
158.9216	DATA	Keypress: v
159.0226	DATA	Keypress: v held
159.3437	DATA	Keypress: t
159.6478	DATA	Keypress: t
159.9348	DATA	Keypress: t
160.0358	DATA	Keypress: t held
160.1715	DATA	Keypress: t
160.4584	DATA	Keypress: t
160.6778	DATA	Keypress: t
160.9484	DATA	Keypress: t
161.0489	DATA	Keypress: t held
161.3195	DATA	Keypress: v
161.5896	DATA	Keypress: v
161.8263	DATA	Keypress: v
162.0621	DATA	Keypress: v held
162.0793	DATA	Keypress: v
162.3158	DATA	Keypress: v
162.5858	DATA	Keypress: v
162.8391	DATA	Keypress: v
163.0921	DATA	Keypress: v held
163.0927	DATA	Keypress: v
163.4979	DATA	Keypress: t
163.7847	DATA	Keypress: t
164.0550	DATA	Keypress: t
164.1051	DATA	Keypress: t held
164.5952	DATA	Keypress: v
164.8655	DATA	Keypress: v
165.1018	DATA	Keypress: v
165.1353	DATA	Keypress: v held
165.3723	DATA	Keypress: v
165.8956	DATA	Keypress: v
166.1320	DATA	Keypress: v
166.1484	DATA	Keypress: v held
166.1484	DATA	earn v
166.4206	DATA	Keypress: t
166.9769	DATA	Keypress: v
167.3029	DATA	Keypress: v
167.5506	DATA	Keypress: v
168.1244	DATA	Keypress: v
168.3267	DATA	Keypress: v held
168.3612	DATA	Keypress: v
168.8510	DATA	Keypress: t
169.1378	DATA	Keypress: v
169.3397	DATA	Keypress: v held
169.6279	DATA	Keypress: v
170.1849	DATA	Keypress: v
170.3530	DATA	Keypress: v held
170.3531	DATA	earn v
170.4681	DATA	Keypress: v
170.7251	DATA	Keypress: v
171.0120	DATA	Keypress: v
171.5064	DATA	Keypress: t
171.9408	DATA	Keypress: v
172.2109	DATA	Keypress: v
172.4810	DATA	Keypress: v
172.5144	DATA	Keypress: v held
172.5144	DATA	earn v
172.7344	DATA	Keypress: v
173.1061	DATA	Keypress: v
173.6899	DATA	Keypress: t
173.7646	DATA	Keypress: t
174.2035	DATA	Keypress: v
174.4565	DATA	Keypress: v
174.6927	DATA	Keypress: v held
174.6928	DATA	earn v
174.8064	DATA	Keypress: v
175.2678	DATA	Keypress: t
175.5376	DATA	Keypress: t
175.9934	DATA	Keypress: v
176.2466	DATA	Keypress: v
176.5167	DATA	Keypress: v
176.7868	DATA	Keypress: v
176.8541	DATA	Keypress: v held
177.2091	DATA	Keypress: t
177.4793	DATA	Keypress: t
177.7326	DATA	Keypress: t
177.8673	DATA	Keypress: t held
177.9690	DATA	Keypress: t
178.1968	DATA	Keypress: t
178.5517	DATA	start rating L
178.5600	DATA	Keypress: t
178.6852	DATA	Keypress: t
179.6850	DATA	Keypress: t
180.3736	DATA	Keypress: v
181.1842	DATA	Keypress: t
181.7291	DATA	Keypress: return
181.7296	DATA	RatingScale rateL_scale: (key response) rating=1
181.7297	DATA	RatingScale rateL_scale: rating RT=3.178
181.7303	DATA	1.0
181.7303	DATA	end rating L
181.8432	DATA	start rating R
182.1803	DATA	Keypress: v
182.3830	DATA	Keypress: v
182.7037	DATA	Keypress: v
183.0763	DATA	Keypress: return
183.0767	DATA	RatingScale rateR_scale: (key response) rating=7
183.0768	DATA	RatingScale rateR_scale: rating RT=1.233
183.0773	DATA	7.0
183.0783	DATA	end rating R
184.4869	DATA	Keypress: v
184.5033	DATA	Keypress: v held
184.5033	DATA	earn v
185.1123	DATA	Keypress: v
187.0200	DATA	Keypress: v
187.0369	DATA	Keypress: v held
187.3070	DATA	Keypress: v
187.7461	DATA	Keypress: t
188.0496	DATA	Keypress: t held
188.0501	DATA	Keypress: t
188.3373	DATA	Keypress: t
189.0625	DATA	Keypress: t held
189.5358	DATA	Keypress: v
189.7892	DATA	Keypress: v
190.0759	DATA	Keypress: v held
190.5153	DATA	Keypress: v
190.7686	DATA	Keypress: v
191.0557	DATA	Keypress: v
191.0891	DATA	Keypress: v held
191.3259	DATA	Keypress: v
192.1024	DATA	Keypress: v held
192.4741	DATA	Keypress: v
192.7780	DATA	Keypress: v
193.0651	DATA	Keypress: v
193.1153	DATA	Keypress: v held
193.3692	DATA	Keypress: v
193.6393	DATA	Keypress: v
193.9095	DATA	Keypress: v
194.1285	DATA	Keypress: v held
194.3823	DATA	Keypress: t
194.7198	DATA	Keypress: t
195.1255	DATA	Keypress: t
195.1585	DATA	Keypress: t held
195.3954	DATA	Keypress: t
195.6148	DATA	Keypress: t
195.8852	DATA	Keypress: t
196.1553	DATA	Keypress: t
196.1716	DATA	Keypress: t held
196.4087	DATA	Keypress: t
196.6621	DATA	Keypress: t
197.1847	DATA	Keypress: t held
197.2359	DATA	Keypress: v
197.4892	DATA	Keypress: v
197.7593	DATA	Keypress: v
198.0468	DATA	Keypress: v
198.1981	DATA	Keypress: v held
198.3338	DATA	Keypress: v
198.6038	DATA	Keypress: v
198.8570	DATA	Keypress: v
199.1104	DATA	Keypress: v
199.2113	DATA	Keypress: v held
199.3637	DATA	Keypress: v
199.5830	DATA	Keypress: v
200.0224	DATA	Keypress: t
200.2243	DATA	Keypress: t held
200.3261	DATA	Keypress: t
200.5458	DATA	Keypress: t
200.7991	DATA	Keypress: t
201.0690	DATA	Keypress: t
201.2376	DATA	Keypress: t held
201.2888	DATA	Keypress: t
201.5432	DATA	Keypress: t
201.8288	DATA	Keypress: t
202.2506	DATA	Keypress: t held
202.6901	DATA	Keypress: v
202.9602	DATA	Keypress: v
203.2807	DATA	Keypress: v held
203.5513	DATA	Keypress: v
203.8046	DATA	Keypress: v
204.0410	DATA	Keypress: v
204.2775	DATA	Keypress: v
204.2939	DATA	Keypress: v held
204.5139	DATA	Keypress: v
204.7332	DATA	Keypress: v
205.2403	DATA	Keypress: t
205.3070	DATA	Keypress: t held
205.3071	DATA	earn t
205.5272	DATA	Keypress: t
207.1311	DATA	Keypress: t
207.3675	DATA	Keypress: t
207.5190	DATA	Keypress: t held
207.6209	DATA	Keypress: t
208.1104	DATA	Keypress: t
208.4146	DATA	Keypress: t
208.5491	DATA	Keypress: t held
208.9212	DATA	Keypress: v
209.5622	DATA	Keypress: v held
210.1200	DATA	Keypress: t
210.3901	DATA	Keypress: t
210.5755	DATA	Keypress: t held
210.6437	DATA	Keypress: t
210.8966	DATA	Keypress: t
211.1837	DATA	Keypress: t
211.4201	DATA	Keypress: t
211.5886	DATA	Keypress: t held
211.6903	DATA	Keypress: t
212.1463	DATA	Keypress: v
212.4333	DATA	Keypress: v
212.6019	DATA	Keypress: v held
212.6019	DATA	earn v
212.7158	DATA	Keypress: v
212.9907	DATA	Keypress: v
213.3961	DATA	Keypress: v
213.8516	DATA	Keypress: t
214.1561	DATA	Keypress: t
214.4258	DATA	Keypress: t
214.6790	DATA	Keypress: t
214.8476	DATA	Keypress: t held
214.9831	DATA	Keypress: t
215.2368	DATA	Keypress: t
215.4731	DATA	Keypress: t
215.7262	DATA	Keypress: t
215.8607	DATA	Keypress: t held
216.3846	DATA	Keypress: v
216.8740	DATA	Keypress: v held
217.1617	DATA	Keypress: v
217.6849	DATA	Keypress: v
217.8870	DATA	Keypress: v held
217.8870	DATA	earn v
218.0735	DATA	Keypress: t
218.5292	DATA	Keypress: v
218.7825	DATA	Keypress: v
219.0907	DATA	Keypress: v
219.2552	DATA	Keypress: v
219.6944	DATA	Keypress: t
219.9814	DATA	Keypress: t
220.1161	DATA	Keypress: t held
220.2177	DATA	Keypress: t
220.6400	DATA	Keypress: v
220.9100	DATA	Keypress: v
221.1127	DATA	Keypress: v
221.1292	DATA	Keypress: v held
221.6869	DATA	Keypress: t
222.1424	DATA	Keypress: t held
222.1432	DATA	Keypress: t
222.7844	DATA	Keypress: v
223.1554	DATA	Keypress: v held
223.1555	DATA	earn v
223.7640	DATA	Keypress: t
224.3705	DATA	Keypress: t
224.8277	DATA	Keypress: v
225.1992	DATA	Keypress: v
225.4014	DATA	Keypress: v held
225.6721	DATA	Keypress: t
225.9590	DATA	Keypress: t
226.3812	DATA	Keypress: v
226.4145	DATA	Keypress: v held
226.4145	DATA	earn v
226.7193	DATA	Keypress: v
227.3099	DATA	Keypress: t
227.6198	DATA	Keypress: t
227.9852	DATA	Keypress: v
228.3062	DATA	Keypress: v
228.6435	DATA	Keypress: v held
228.7295	DATA	Keypress: t
228.9817	DATA	Keypress: t
229.3700	DATA	Keypress: v
229.6404	DATA	Keypress: v
229.6565	DATA	Keypress: v held
230.5016	DATA	Keypress: t
230.6535	DATA	Keypress: t
230.6697	DATA	Keypress: t held
231.2275	DATA	Keypress: v
231.6998	DATA	Keypress: v held
231.8019	DATA	Keypress: v
232.3250	DATA	Keypress: t
232.5786	DATA	Keypress: t
232.7128	DATA	Keypress: t held
232.9329	DATA	Keypress: v
233.2030	DATA	Keypress: v
233.4902	DATA	Keypress: v
233.7261	DATA	Keypress: v held
233.7262	DATA	earn v
233.8438	DATA	Keypress: v
233.9302	DATA	Keypress: t
234.3514	DATA	Keypress: v
234.5543	DATA	Keypress: v
234.9468	DATA	Keypress: v
235.1620	DATA	Keypress: v
235.4997	DATA	Keypress: v
235.6853	DATA	Keypress: t
235.9550	DATA	Keypress: t held
235.9554	DATA	Keypress: v
236.2267	DATA	Keypress: v
236.7660	DATA	Keypress: t
236.9682	DATA	Keypress: t held
237.0026	DATA	Keypress: t
237.4246	DATA	Keypress: t
237.9813	DATA	Keypress: t held
238.0156	DATA	Keypress: v
238.3364	DATA	Keypress: v
238.5732	DATA	Keypress: v
238.8270	DATA	Keypress: t
238.9946	DATA	Keypress: t held
239.1133	DATA	Keypress: t
239.4171	DATA	Keypress: t
239.6705	DATA	Keypress: t
239.9236	DATA	Keypress: t
240.0247	DATA	Keypress: t held
240.5317	DATA	Keypress: v
240.8020	DATA	Keypress: v
241.0379	DATA	Keypress: v held
241.1057	DATA	Keypress: v
241.6294	DATA	Keypress: t
241.9330	DATA	Keypress: v
242.0679	DATA	Keypress: v held
242.1697	DATA	Keypress: v
242.4229	DATA	Keypress: v
242.6763	DATA	Keypress: t
242.9804	DATA	Keypress: t
243.0810	DATA	Keypress: t held
243.5306	DATA	start rating L
243.5394	DATA	Keypress: t
243.5399	DATA	Keypress: v
244.4078	DATA	Keypress: t
244.7092	DATA	Keypress: t
246.1157	DATA	Keypress: t
246.9554	DATA	Keypress: v
247.7184	DATA	Keypress: t
248.1265	DATA	Keypress: return
248.1268	DATA	RatingScale rateL_scale: (key response) rating=1
248.1269	DATA	RatingScale rateL_scale: rating RT=4.596
248.1274	DATA	1.0
248.1274	DATA	end rating L
248.2384	DATA	start rating R
248.5795	DATA	Keypress: v
248.8461	DATA	Keypress: v
249.3528	DATA	Keypress: return
249.3531	DATA	RatingScale rateR_scale: (key response) rating=6
249.3532	DATA	RatingScale rateR_scale: rating RT=1.115
249.3536	DATA	6.0
249.3544	DATA	end rating R
250.6128	DATA	Keypress: v
250.6459	DATA	Keypress: v held
250.8491	DATA	Keypress: v
251.1024	DATA	Keypress: v
251.3387	DATA	Keypress: v
251.6590	DATA	Keypress: v held
251.7947	DATA	Keypress: t
252.0648	DATA	Keypress: t
252.3182	DATA	Keypress: t
252.5714	DATA	Keypress: t
252.6720	DATA	Keypress: t held
252.8245	DATA	Keypress: t
253.0779	DATA	Keypress: t
253.5846	DATA	Keypress: v
253.6854	DATA	Keypress: v held
253.8048	DATA	Keypress: v
254.0911	DATA	Keypress: v
254.4121	DATA	Keypress: t
254.6985	DATA	Keypress: t held
254.6985	DATA	earn t
254.6991	DATA	Keypress: t
254.9524	DATA	Keypress: t
255.1891	DATA	Keypress: t
255.6282	DATA	Keypress: v
255.9343	DATA	Keypress: v
256.1175	DATA	Keypress: v
256.3884	DATA	Keypress: t
256.6747	DATA	Keypress: t
256.9443	DATA	Keypress: t held
256.9450	DATA	Keypress: t
257.1485	DATA	Keypress: t
257.5695	DATA	Keypress: v
257.9573	DATA	Keypress: v held
257.9578	DATA	Keypress: t
258.2450	DATA	Keypress: t
258.5325	DATA	Keypress: t
258.7684	DATA	Keypress: t
258.9707	DATA	Keypress: t held
258.9708	DATA	earn t
259.0721	DATA	Keypress: t
259.5286	DATA	Keypress: v
259.7819	DATA	Keypress: v
260.2464	DATA	Keypress: v
260.3389	DATA	Keypress: t
260.6091	DATA	Keypress: t
260.8623	DATA	Keypress: t
261.1156	DATA	Keypress: t
261.2503	DATA	Keypress: t held
261.3351	DATA	Keypress: t
261.5884	DATA	Keypress: t
261.8248	DATA	Keypress: t
262.0952	DATA	Keypress: t
262.2634	DATA	Keypress: t held
262.5004	DATA	Keypress: v
262.7707	DATA	Keypress: v
263.0407	DATA	Keypress: v
263.2766	DATA	Keypress: v held
263.3953	DATA	Keypress: t
263.6993	DATA	Keypress: t
263.9188	DATA	Keypress: t
264.1889	DATA	Keypress: t
264.2898	DATA	Keypress: t held
264.2899	DATA	earn t
264.4591	DATA	Keypress: t
264.9319	DATA	Keypress: v
265.1854	DATA	Keypress: v
265.5905	DATA	Keypress: t
265.8267	DATA	Keypress: t
266.0632	DATA	Keypress: t
266.2998	DATA	Keypress: t
266.5361	DATA	Keypress: t
266.5692	DATA	Keypress: t held
266.5693	DATA	earn t
266.7554	DATA	Keypress: t
267.2625	DATA	Keypress: v
267.5327	DATA	Keypress: v
267.8352	DATA	Keypress: v
267.9546	DATA	Keypress: v
268.3091	DATA	Keypress: t
268.5796	DATA	Keypress: t
268.8159	DATA	Keypress: t
268.8490	DATA	Keypress: t held
269.0355	DATA	Keypress: t
269.2379	DATA	Keypress: t
269.4407	DATA	Keypress: t
269.6435	DATA	Keypress: t
269.8620	DATA	Keypress: t held
270.0149	DATA	Keypress: v
270.2340	DATA	Keypress: v
270.4705	DATA	Keypress: v
270.7069	DATA	Keypress: v
270.8753	DATA	Keypress: v held
271.0782	DATA	Keypress: v
271.4164	DATA	Keypress: t
271.6524	DATA	Keypress: t
271.9053	DATA	Keypress: t held
271.9054	DATA	earn t
271.9060	DATA	Keypress: t
272.1258	DATA	Keypress: t
272.3284	DATA	Keypress: t
272.6826	DATA	Keypress: v
272.9022	DATA	Keypress: v
273.1981	DATA	Keypress: v
273.3073	DATA	Keypress: v
273.5436	DATA	Keypress: v
273.7464	DATA	Keypress: v
273.8982	DATA	Keypress: v
274.2019	DATA	Keypress: v held
274.2020	DATA	earn v
274.2027	DATA	Keypress: t
274.4390	DATA	Keypress: t
274.6582	DATA	Keypress: t
276.0597	DATA	Keypress: v
276.2627	DATA	Keypress: v
276.4483	DATA	Keypress: v
276.4813	DATA	Keypress: v held
276.7182	DATA	Keypress: t
276.9209	DATA	Keypress: t
277.2249	DATA	Keypress: v
277.4274	DATA	Keypress: v
277.4947	DATA	Keypress: v held
277.8665	DATA	Keypress: v
278.0692	DATA	Keypress: v
278.4240	DATA	Keypress: t
278.5247	DATA	Keypress: t held
278.6603	DATA	Keypress: t
279.3187	DATA	Keypress: v
279.5377	DATA	Keypress: v held
279.5378	DATA	earn v
279.6452	DATA	Keypress: v
279.7587	DATA	Keypress: v
279.9776	DATA	Keypress: v
280.1799	DATA	Keypress: v
280.5193	DATA	Keypress: t
280.8411	DATA	Keypress: t
280.9567	DATA	Keypress: t
281.8511	DATA	Keypress: t held
281.8854	DATA	Keypress: v
282.1218	DATA	Keypress: v
282.4427	DATA	Keypress: v
282.8642	DATA	Keypress: v held
283.1012	DATA	Keypress: v
283.3039	DATA	Keypress: v
283.5739	DATA	Keypress: v
283.8773	DATA	Keypress: v held
284.3847	DATA	Keypress: t
284.7053	DATA	Keypress: t
284.8906	DATA	Keypress: t held
284.9586	DATA	Keypress: t
285.1952	DATA	Keypress: t
285.6004	DATA	Keypress: v
285.8368	DATA	Keypress: v
285.9038	DATA	Keypress: v held
286.0731	DATA	Keypress: v
286.3439	DATA	Keypress: v
286.6136	DATA	Keypress: v
286.9170	DATA	Keypress: v held
286.9178	DATA	Keypress: v
287.1542	DATA	Keypress: v
287.5592	DATA	Keypress: t
287.8123	DATA	Keypress: t
287.9301	DATA	Keypress: t held
288.0825	DATA	Keypress: t
288.3358	DATA	Keypress: t
288.5728	DATA	Keypress: t
288.9434	DATA	Keypress: t held
288.9434	DATA	earn t
289.0403	DATA	Keypress: v
289.2141	DATA	Keypress: v
290.9196	DATA	Keypress: t
291.1895	DATA	Keypress: t
291.2398	DATA	Keypress: t held
291.4092	DATA	Keypress: t
291.6454	DATA	Keypress: t
291.8818	DATA	Keypress: t
292.1199	DATA	Keypress: t
292.2530	DATA	Keypress: t held
292.5573	DATA	Keypress: v
292.8110	DATA	Keypress: v
293.1652	DATA	Keypress: v
293.2661	DATA	Keypress: v held
293.6044	DATA	Keypress: t
293.8406	DATA	Keypress: t
294.0772	DATA	Keypress: t
294.2793	DATA	Keypress: t held
294.2793	DATA	earn t
294.3759	DATA	Keypress: t
294.5332	DATA	Keypress: t
295.0400	DATA	Keypress: v
295.2763	DATA	Keypress: v
295.6814	DATA	Keypress: t
295.9684	DATA	Keypress: t
296.2385	DATA	Keypress: t
296.4748	DATA	Keypress: t
296.5926	DATA	Keypress: t held
296.7449	DATA	Keypress: t
296.9481	DATA	Keypress: t
297.3533	DATA	Keypress: v
297.5893	DATA	Keypress: v
297.6058	DATA	Keypress: v held
298.0455	DATA	Keypress: t
298.2816	DATA	Keypress: t
298.5352	DATA	Keypress: t
298.6359	DATA	Keypress: t held
298.6360	DATA	earn t
298.7888	DATA	Keypress: t
299.3966	DATA	Keypress: v
299.9286	DATA	Keypress: v
299.9291	DATA	Keypress: v
300.1732	DATA	Keypress: v
300.6122	DATA	Keypress: t
300.8989	DATA	Keypress: t
300.9322	DATA	Keypress: t held
300.9323	DATA	earn t
301.1693	DATA	Keypress: t
301.4056	DATA	Keypress: t
301.8277	DATA	Keypress: v
302.2495	DATA	Keypress: v
302.5200	DATA	Keypress: t
302.7565	DATA	Keypress: t
302.9931	DATA	Keypress: t
303.2292	DATA	Keypress: t
303.2627	DATA	Keypress: t held
303.9218	DATA	Keypress: v
304.1580	DATA	Keypress: v
304.2758	DATA	Keypress: v held
304.4114	DATA	Keypress: v
304.6139	DATA	Keypress: v
305.0361	DATA	Keypress: t
305.2890	DATA	Keypress: t held
305.2890	DATA	earn t
305.2894	DATA	Keypress: t
305.5432	DATA	Keypress: t
306.0830	DATA	Keypress: v
306.5865	DATA	Keypress: v
306.5870	DATA	Keypress: v
306.7246	DATA	Keypress: v
307.1472	DATA	Keypress: t
307.4511	DATA	Keypress: t
307.6023	DATA	Keypress: t held
307.7040	DATA	Keypress: t
308.2106	DATA	Keypress: t
308.5652	DATA	Keypress: t
308.6324	DATA	Keypress: t held
308.8018	DATA	Keypress: t
309.0887	DATA	Keypress: t
309.4252	DATA	Keypress: v
309.9298	DATA	start rating L
309.9382	DATA	Keypress: v
309.9387	DATA	Keypress: v
310.1486	DATA	Keypress: v
310.7164	DATA	Keypress: t
311.3601	DATA	Keypress: t
311.8651	DATA	Keypress: v
312.1350	DATA	Keypress: return
312.1352	DATA	RatingScale rateL_scale: (key response) rating=6
312.1353	DATA	RatingScale rateL_scale: rating RT=2.205
312.1357	DATA	6.0
312.1357	DATA	end rating L
312.2631	DATA	start rating R
312.6255	DATA	Keypress: t
314.4483	DATA	Keypress: return
314.4486	DATA	RatingScale rateR_scale: (key response) rating=3
314.4487	DATA	RatingScale rateR_scale: rating RT=2.185
314.4491	DATA	3.0
314.4499	DATA	end rating R
316.6370	DATA	Keypress: t
316.6531	DATA	Keypress: t held
316.8731	DATA	Keypress: t
317.1268	DATA	Keypress: t
317.3628	DATA	Keypress: t
317.5658	DATA	Keypress: t
317.6664	DATA	Keypress: t held
317.8018	DATA	Keypress: t
318.0215	DATA	Keypress: t
318.2578	DATA	Keypress: t
318.6965	DATA	Keypress: t held
318.6965	DATA	earn t
318.9506	DATA	Keypress: v
319.4399	DATA	Keypress: v
320.0256	DATA	Keypress: v
321.0103	DATA	Keypress: t
321.0266	DATA	Keypress: t held
321.2466	DATA	Keypress: t
321.4999	DATA	Keypress: t
321.7193	DATA	Keypress: t
321.9388	DATA	Keypress: t
322.0398	DATA	Keypress: t held
322.1759	DATA	Keypress: t
322.4967	DATA	Keypress: t
322.6820	DATA	Keypress: t
323.0531	DATA	Keypress: t held
323.1548	DATA	Keypress: v
323.4082	DATA	Keypress: v
323.8639	DATA	Keypress: v
324.0663	DATA	Keypress: v held
324.1509	DATA	Keypress: v
324.3706	DATA	Keypress: v
324.8097	DATA	Keypress: t
325.0460	DATA	Keypress: t
325.0792	DATA	Keypress: t held
325.3668	DATA	Keypress: t
325.5696	DATA	Keypress: t
325.8395	DATA	Keypress: t
326.0925	DATA	Keypress: t held
326.2450	DATA	Keypress: t
326.6840	DATA	Keypress: t
327.1224	DATA	Keypress: t held
327.1230	DATA	Keypress: v
327.3256	DATA	Keypress: v
327.5792	DATA	Keypress: v
328.1357	DATA	Keypress: v held
328.2205	DATA	Keypress: v
328.4402	DATA	Keypress: v
329.1489	DATA	Keypress: v held
329.2000	DATA	Keypress: t
329.4702	DATA	Keypress: t
329.8248	DATA	Keypress: t
330.0783	DATA	Keypress: t
330.1621	DATA	Keypress: t held
330.1622	DATA	earn t
330.3484	DATA	Keypress: t
330.5511	DATA	Keypress: t
331.0745	DATA	Keypress: v
331.5075	DATA	Keypress: v
331.5302	DATA	Keypress: v
331.9692	DATA	Keypress: t
332.2397	DATA	Keypress: t
332.4929	DATA	Keypress: t
332.5091	DATA	Keypress: t held
332.7460	DATA	Keypress: t
333.5223	DATA	Keypress: t held
333.5227	DATA	Keypress: t
333.7761	DATA	Keypress: t
334.0125	DATA	Keypress: t
334.2492	DATA	Keypress: t
334.5021	DATA	Keypress: t
334.5353	DATA	Keypress: t held
334.5354	DATA	earn t
335.3300	DATA	Keypress: v
335.8966	DATA	Keypress: v
335.8972	DATA	Keypress: v
336.0893	DATA	Keypress: v
336.3933	DATA	Keypress: v
336.6130	DATA	Keypress: v
336.8995	DATA	Keypress: v held
337.2044	DATA	Keypress: t
337.5080	DATA	Keypress: t
337.7272	DATA	Keypress: t
337.9127	DATA	Keypress: t held
337.9127	DATA	earn t
338.0171	DATA	Keypress: t
339.2714	DATA	Keypress: v
339.4837	DATA	Keypress: v
339.7874	DATA	Keypress: v
340.2434	DATA	Keypress: v
340.2768	DATA	Keypress: v held
340.6827	DATA	Keypress: t
340.9360	DATA	Keypress: t
341.1891	DATA	Keypress: t
341.2899	DATA	Keypress: t held
341.4591	DATA	Keypress: t
341.6958	DATA	Keypress: t
341.9656	DATA	Keypress: t
342.3030	DATA	Keypress: t held
342.4050	DATA	Keypress: v
342.6748	DATA	Keypress: v
342.9454	DATA	Keypress: v
343.1983	DATA	Keypress: v
343.3162	DATA	Keypress: v held
343.4347	DATA	Keypress: v
343.8572	DATA	Keypress: t
344.1106	DATA	Keypress: t
344.3294	DATA	Keypress: t held
344.4142	DATA	Keypress: t
344.7013	DATA	Keypress: t
344.9886	DATA	Keypress: t
345.2926	DATA	Keypress: t
345.3594	DATA	Keypress: t held
345.6979	DATA	Keypress: v
345.9849	DATA	Keypress: v
346.2885	DATA	Keypress: v
346.3725	DATA	Keypress: v held
346.6262	DATA	Keypress: v
346.9639	DATA	Keypress: v
347.3525	DATA	Keypress: v
347.3858	DATA	Keypress: v held
347.6228	DATA	Keypress: v
348.0109	DATA	Keypress: t
348.2980	DATA	Keypress: t
348.3989	DATA	Keypress: t held
348.3989	DATA	earn t
348.5853	DATA	Keypress: t
349.7865	DATA	Keypress: v
349.7872	DATA	Keypress: v
349.9358	DATA	Keypress: v
350.3585	DATA	Keypress: t
350.6788	DATA	Keypress: t
350.8136	DATA	Keypress: t held
350.9491	DATA	Keypress: t
351.1688	DATA	Keypress: t
351.4389	DATA	Keypress: t
351.7260	DATA	Keypress: t
351.8267	DATA	Keypress: t held
351.9790	DATA	Keypress: t
352.3844	DATA	Keypress: v
352.6376	DATA	Keypress: v
352.8398	DATA	Keypress: v held
352.8399	DATA	earn v
353.1952	DATA	Keypress: t
355.2888	DATA	Keypress: t
355.3222	DATA	Keypress: t held
355.3222	DATA	earn t
355.5087	DATA	Keypress: t
355.7448	DATA	Keypress: t
356.2012	DATA	Keypress: v
356.8592	DATA	Keypress: t
357.1123	DATA	Keypress: t
357.3505	DATA	Keypress: t
357.6023	DATA	Keypress: t
357.6862	DATA	Keypress: t held
357.8723	DATA	Keypress: t
358.3282	DATA	Keypress: v
358.5984	DATA	Keypress: v
358.6993	DATA	Keypress: v held
359.0714	DATA	Keypress: v
359.6115	DATA	Keypress: v
359.7126	DATA	Keypress: v held
359.9495	DATA	Keypress: v
360.2705	DATA	Keypress: v
360.7091	DATA	Keypress: t
360.7425	DATA	Keypress: t held
360.9795	DATA	Keypress: t
361.2326	DATA	Keypress: t
361.4858	DATA	Keypress: t
361.7556	DATA	Keypress: t held
361.7561	DATA	Keypress: t
362.0262	DATA	Keypress: t
362.3133	DATA	Keypress: t
362.5498	DATA	Keypress: t
362.7689	DATA	Keypress: t held
362.7862	DATA	Keypress: t
363.2591	DATA	Keypress: v
363.5460	DATA	Keypress: v
363.7819	DATA	Keypress: v held
364.0866	DATA	Keypress: v
364.4240	DATA	Keypress: v
364.6778	DATA	Keypress: v
364.7952	DATA	Keypress: v held
364.9474	DATA	Keypress: v
365.2683	DATA	Keypress: v
365.8082	DATA	Keypress: v held
366.0789	DATA	Keypress: t
366.3659	DATA	Keypress: t
366.6027	DATA	Keypress: t
366.8049	DATA	Keypress: t
366.8214	DATA	Keypress: t held
367.2106	DATA	Keypress: v
367.4132	DATA	Keypress: v
367.6324	DATA	Keypress: v
367.8346	DATA	Keypress: v held
367.8520	DATA	Keypress: v
368.0715	DATA	Keypress: v
368.4430	DATA	Keypress: t
368.6964	DATA	Keypress: t
368.8646	DATA	Keypress: t held
368.9329	DATA	Keypress: t
369.5743	DATA	Keypress: v
369.8108	DATA	Keypress: v
369.8778	DATA	Keypress: v held
370.0471	DATA	Keypress: v
370.3176	DATA	Keypress: v
370.5199	DATA	Keypress: v
370.7901	DATA	Keypress: v
370.8910	DATA	Keypress: v held
370.8910	DATA	earn v
371.0955	DATA	Keypress: t
371.4150	DATA	Keypress: t
371.8373	DATA	Keypress: v
372.2792	DATA	Keypress: v
372.3101	DATA	Keypress: v
372.7488	DATA	Keypress: t
372.9852	DATA	Keypress: t
373.2219	DATA	Keypress: t
373.2887	DATA	Keypress: t held
373.6779	DATA	Keypress: t
374.0831	DATA	Keypress: v
374.3021	DATA	Keypress: v held
374.3197	DATA	Keypress: v
374.5698	DATA	Keypress: v
375.0617	DATA	start rating L
375.0712	DATA	Keypress: v
375.2724	DATA	Keypress: v
375.9135	DATA	Keypress: t
384.6433	DATA	Keypress: return
384.6436	DATA	RatingScale rateL_scale: (key response) rating=5
384.6437	DATA	RatingScale rateL_scale: rating RT=9.582
384.6441	DATA	5.0
384.6441	DATA	end rating L
384.7600	DATA	start rating R
385.4374	DATA	Keypress: t
386.2478	DATA	Keypress: return
386.2481	DATA	RatingScale rateR_scale: (key response) rating=3
386.2482	DATA	RatingScale rateR_scale: rating RT=1.488
386.2487	DATA	3.0
386.2495	DATA	end rating R
388.3519	DATA	Keypress: t
388.3680	DATA	Keypress: t held
388.6385	DATA	Keypress: t
388.9427	DATA	Keypress: t
389.2129	DATA	Keypress: t
389.3811	DATA	Keypress: t held
389.4829	DATA	Keypress: t
389.7529	DATA	Keypress: t
389.9893	DATA	Keypress: t
390.2427	DATA	Keypress: t
390.3943	DATA	Keypress: t held
390.7495	DATA	Keypress: v
390.9858	DATA	Keypress: v
391.2224	DATA	Keypress: v
391.4075	DATA	Keypress: v held
391.4925	DATA	Keypress: v
392.1678	DATA	Keypress: v
392.4045	DATA	Keypress: v
392.4375	DATA	Keypress: v held
392.6405	DATA	Keypress: v
392.8770	DATA	Keypress: v
393.3331	DATA	Keypress: t
393.4507	DATA	Keypress: t held
393.5693	DATA	Keypress: t
393.8227	DATA	Keypress: t
394.0929	DATA	Keypress: t
394.3629	DATA	Keypress: t
394.4638	DATA	Keypress: t held
394.6332	DATA	Keypress: t
394.8866	DATA	Keypress: t
395.3591	DATA	Keypress: v
395.4937	DATA	Keypress: v held
395.4937	DATA	earn v
395.6298	DATA	Keypress: v
395.9334	DATA	Keypress: v
396.9633	DATA	Keypress: t
397.5375	DATA	Keypress: v
397.8079	DATA	Keypress: v
397.8917	DATA	Keypress: v held
397.8917	DATA	earn v
398.0445	DATA	Keypress: v
398.2979	DATA	Keypress: v
398.7534	DATA	Keypress: t
399.3472	DATA	Keypress: t
399.3477	DATA	Keypress: t
399.7498	DATA	Keypress: v
400.0369	DATA	Keypress: v
400.3072	DATA	Keypress: v
400.3740	DATA	Keypress: v held
400.5431	DATA	Keypress: v
400.7966	DATA	Keypress: v
401.1516	DATA	Keypress: t
401.3870	DATA	Keypress: t held
401.4045	DATA	Keypress: t
401.6749	DATA	Keypress: t
402.3164	DATA	Keypress: v
402.4170	DATA	Keypress: v held
402.5865	DATA	Keypress: v
402.8228	DATA	Keypress: v
403.0930	DATA	Keypress: v
403.3635	DATA	Keypress: v
403.4303	DATA	Keypress: v held
403.6167	DATA	Keypress: v
404.0051	DATA	Keypress: t
404.3257	DATA	Keypress: t
404.4434	DATA	Keypress: t held
404.5789	DATA	Keypress: t
404.8321	DATA	Keypress: t
405.3219	DATA	Keypress: v
405.4566	DATA	Keypress: v held
405.4567	DATA	earn v
405.5762	DATA	Keypress: v
405.8625	DATA	Keypress: v
406.1160	DATA	Keypress: v
406.8678	DATA	Keypress: t
406.8683	DATA	Keypress: t
407.0951	DATA	Keypress: t
407.3990	DATA	Keypress: t
407.7028	DATA	Keypress: t
407.8711	DATA	Keypress: t held
408.0912	DATA	Keypress: v
408.6316	DATA	Keypress: v
408.8845	DATA	Keypress: v held
408.8852	DATA	Keypress: v
409.1551	DATA	Keypress: v
409.3749	DATA	Keypress: v
409.6108	DATA	Keypress: v
409.8976	DATA	Keypress: v held
410.0162	DATA	Keypress: t
410.2529	DATA	Keypress: t
410.4890	DATA	Keypress: t
410.7594	DATA	Keypress: t
410.9277	DATA	Keypress: t held
411.0294	DATA	Keypress: t
411.2322	DATA	Keypress: t
411.6541	DATA	Keypress: v
411.9408	DATA	Keypress: v held
412.1779	DATA	Keypress: v
412.4818	DATA	Keypress: v
412.7350	DATA	Keypress: v
412.9539	DATA	Keypress: v held
413.2077	DATA	Keypress: v
413.4779	DATA	Keypress: v
413.7311	DATA	Keypress: v
413.9671	DATA	Keypress: v held
414.0014	DATA	Keypress: v
414.6768	DATA	Keypress: t
414.9637	DATA	Keypress: t
414.9803	DATA	Keypress: t held
415.2846	DATA	Keypress: t
415.6395	DATA	Keypress: t
416.0104	DATA	Keypress: t held
416.0104	DATA	earn t
416.1087	DATA	Keypress: v
418.5267	DATA	Keypress: t
418.5432	DATA	Keypress: t held
418.7639	DATA	Keypress: t
419.0336	DATA	Keypress: t
419.3711	DATA	Keypress: v
419.5565	DATA	Keypress: v held
419.6246	DATA	Keypress: v
419.8441	DATA	Keypress: v
420.2321	DATA	Keypress: t
420.4689	DATA	Keypress: t
420.5695	DATA	Keypress: t held
420.7050	DATA	Keypress: t
420.9752	DATA	Keypress: t
421.2286	DATA	Keypress: t
421.4651	DATA	Keypress: t
421.5827	DATA	Keypress: t held
421.5827	DATA	earn t
421.7014	DATA	Keypress: t
422.2079	DATA	Keypress: v
423.0231	DATA	Keypress: v
423.3561	DATA	Keypress: t
423.5928	DATA	Keypress: t
423.7962	DATA	Keypress: t
424.0312	DATA	Keypress: t held
424.0656	DATA	Keypress: t
424.3020	DATA	Keypress: t
424.5554	DATA	Keypress: t
424.9436	DATA	Keypress: v
425.0443	DATA	Keypress: v held
425.1799	DATA	Keypress: v
425.4332	DATA	Keypress: v
425.7373	DATA	Keypress: v
426.0745	DATA	Keypress: v held
426.2775	DATA	Keypress: v
426.5307	DATA	Keypress: v
426.9358	DATA	Keypress: t
427.0876	DATA	Keypress: t held
427.2402	DATA	Keypress: t
427.4767	DATA	Keypress: t
427.6793	DATA	Keypress: t
427.9494	DATA	Keypress: t
428.1008	DATA	Keypress: t held
428.2025	DATA	Keypress: t
428.6080	DATA	Keypress: v
428.8780	DATA	Keypress: v
429.1139	DATA	Keypress: v held
429.1139	DATA	earn v
429.2323	DATA	Keypress: t
431.5123	DATA	Keypress: v
431.5455	DATA	Keypress: v held
431.5455	DATA	earn v
431.7825	DATA	Keypress: v
433.4205	DATA	Keypress: t
433.8085	DATA	Keypress: v
433.9939	DATA	Keypress: v held
434.0620	DATA	Keypress: v
434.3320	DATA	Keypress: v
434.5685	DATA	Keypress: v
434.9570	DATA	Keypress: t
435.0071	DATA	Keypress: t held
435.2270	DATA	Keypress: t
435.5313	DATA	Keypress: t
435.7847	DATA	Keypress: t
436.0203	DATA	Keypress: t held
436.0204	DATA	earn t
436.2236	DATA	Keypress: v
438.9424	DATA	Keypress: t
438.9754	DATA	Keypress: t held
439.1785	DATA	Keypress: t
439.3977	DATA	Keypress: t
439.6513	DATA	Keypress: t
439.9884	DATA	Keypress: t held
440.0398	DATA	Keypress: v
440.3099	DATA	Keypress: v
440.7487	DATA	Keypress: t
441.0186	DATA	Keypress: t held
441.0529	DATA	Keypress: t
441.3232	DATA	Keypress: t
441.5930	DATA	Keypress: t
441.9816	DATA	Keypress: v
442.0317	DATA	Keypress: v held
442.0317	DATA	earn v
442.2516	DATA	Keypress: v
445.2911	DATA	Keypress: t
445.3076	DATA	Keypress: t held
445.3076	DATA	earn t
445.5277	DATA	Keypress: t
447.4865	DATA	start rating L
457.5433	DATA	Keypress: return
457.5437	DATA	RatingScale rateL_scale: (key response) rating=4
457.5437	DATA	RatingScale rateL_scale: rating RT=10.057
457.5442	DATA	4.0
457.5442	DATA	end rating L
457.6602	DATA	start rating R
458.4384	DATA	Keypress: return
461.0357	DATA	Keypress: return
461.0360	DATA	RatingScale rateR_scale: (key response) rating=4
461.0361	DATA	RatingScale rateR_scale: rating RT=3.376
461.0365	DATA	4.0
461.0374	DATA	end rating R
