10.6827	DATA	version F
183.7598	DATA	Keypress: space
193.3168	DATA	Keypress: t
193.3499	DATA	Keypress: t held
195.2083	DATA	Keypress: v
195.2412	DATA	Keypress: v held
196.0860	DATA	Keypress: v
196.2542	DATA	Keypress: v held
196.7617	DATA	Keypress: t
197.2675	DATA	Keypress: t held
198.1463	DATA	Keypress: t
198.2806	DATA	Keypress: t held
198.9566	DATA	Keypress: v
199.2938	DATA	Keypress: v held
199.2938	DATA	earn v
199.4481	DATA	Keypress: v
201.0336	DATA	Keypress: v
201.3539	DATA	Keypress: v held
201.9289	DATA	Keypress: v
202.3670	DATA	Keypress: v held
202.4013	DATA	Keypress: v
202.7389	DATA	Keypress: v
203.0432	DATA	Keypress: v
203.3802	DATA	Keypress: v held
204.0565	DATA	Keypress: t
204.3933	DATA	Keypress: t held
204.5124	DATA	Keypress: t
204.8332	DATA	Keypress: t
205.1205	DATA	Keypress: t
205.3903	DATA	Keypress: t
205.4234	DATA	Keypress: t held
205.6605	DATA	Keypress: t
205.9138	DATA	Keypress: t
206.1501	DATA	Keypress: t
206.4365	DATA	Keypress: t held
206.4879	DATA	Keypress: t
206.8087	DATA	Keypress: t
207.4497	DATA	Keypress: t held
207.7542	DATA	Keypress: v
208.3453	DATA	Keypress: v
208.4629	DATA	Keypress: v held
212.2459	DATA	Keypress: v
212.2791	DATA	Keypress: v held
212.8877	DATA	Keypress: t
213.2922	DATA	Keypress: t held
213.5462	DATA	Keypress: v
214.2216	DATA	Keypress: t
214.3053	DATA	Keypress: t held
214.3054	DATA	earn t
214.6609	DATA	Keypress: t
217.9534	DATA	Keypress: t
217.9865	DATA	Keypress: t held
217.9866	DATA	earn t
218.5953	DATA	Keypress: t
219.2705	DATA	Keypress: t
220.0466	DATA	Keypress: t held
220.0643	DATA	Keypress: t
221.0597	DATA	Keypress: t held
221.0598	DATA	earn t
221.1818	DATA	Keypress: t
221.4659	DATA	Keypress: t
221.9219	DATA	Keypress: t
222.4112	DATA	Keypress: t
223.1367	DATA	Keypress: t held
223.1367	DATA	earn t
223.2442	DATA	Keypress: t
224.5727	DATA	Keypress: t
225.2137	DATA	Keypress: t held
225.2313	DATA	Keypress: t
225.6704	DATA	Keypress: t
226.1598	DATA	Keypress: t
226.2268	DATA	Keypress: t held
226.5485	DATA	Keypress: t
226.9706	DATA	Keypress: t
227.2400	DATA	Keypress: t held
227.7642	DATA	Keypress: t
228.2531	DATA	Keypress: t held
228.3045	DATA	Keypress: t
228.7098	DATA	Keypress: t
229.0137	DATA	Keypress: t
229.2663	DATA	Keypress: t held
229.4027	DATA	Keypress: t
229.7399	DATA	Keypress: t
230.1281	DATA	Keypress: t
230.2794	DATA	Keypress: t held
230.2795	DATA	earn t
230.4506	DATA	Keypress: t
230.9220	DATA	Keypress: t
231.6829	DATA	Keypress: t
232.0869	DATA	Keypress: t
232.3564	DATA	Keypress: t held
232.3564	DATA	earn t
232.4692	DATA	Keypress: t
232.7457	DATA	Keypress: t
233.1338	DATA	Keypress: t
233.7416	DATA	Keypress: t
234.1302	DATA	Keypress: t
234.4341	DATA	Keypress: t
234.4672	DATA	Keypress: t held
234.8912	DATA	Keypress: t
235.2110	DATA	Keypress: t
235.4804	DATA	Keypress: t held
235.4980	DATA	Keypress: t
235.8016	DATA	Keypress: t
236.0045	DATA	Keypress: t
236.3252	DATA	Keypress: t
236.4935	DATA	Keypress: t held
236.8837	DATA	Keypress: t
237.3554	DATA	Keypress: t
237.5067	DATA	Keypress: t held
237.8283	DATA	Keypress: t
238.1659	DATA	Keypress: t
238.4699	DATA	Keypress: t
238.5198	DATA	Keypress: t held
238.7569	DATA	Keypress: t
239.1285	DATA	Keypress: t
239.4152	DATA	Keypress: t
239.5330	DATA	Keypress: t held
239.8039	DATA	Keypress: t
240.1415	DATA	Keypress: t
240.4454	DATA	Keypress: t
240.5461	DATA	Keypress: t held
240.7158	DATA	Keypress: t
241.0703	DATA	Keypress: t
241.3740	DATA	Keypress: t
241.5593	DATA	Keypress: t held
241.5593	DATA	earn t
241.7121	DATA	Keypress: t
242.0667	DATA	Keypress: t
242.6745	DATA	Keypress: t
243.1133	DATA	Keypress: t
243.4849	DATA	Keypress: t
243.6531	DATA	Keypress: t held
243.6532	DATA	earn t
243.8398	DATA	Keypress: t
244.2110	DATA	Keypress: t
244.5490	DATA	Keypress: t
245.0742	DATA	start rating L
245.0961	DATA	Keypress: t
245.2649	DATA	Keypress: t
264.6871	DATA	Keypress: v
264.9572	DATA	Keypress: v
265.2613	DATA	Keypress: v
269.9558	DATA	Keypress: t
280.1900	DATA	Keypress: return
280.1903	DATA	RatingScale rateL_scale: (key response) rating=4
280.1904	DATA	RatingScale rateL_scale: rating RT=35.116
280.1910	DATA	4.0
280.1910	DATA	end rating L
280.2982	DATA	start rating R
286.0816	DATA	Keypress: t
287.1618	DATA	Keypress: t
290.5697	DATA	Keypress: return
290.5700	DATA	RatingScale rateR_scale: (key response) rating=2
290.5701	DATA	RatingScale rateR_scale: rating RT=10.272
290.5705	DATA	2.0
290.5717	DATA	end rating R
297.5366	DATA	Keypress: v
297.5699	DATA	Keypress: v held
297.5700	DATA	earn v
298.6835	DATA	Keypress: v
299.0732	DATA	Keypress: v
299.3941	DATA	Keypress: v
299.6975	DATA	Keypress: v held
299.7152	DATA	Keypress: v
300.1877	DATA	Keypress: v
300.7106	DATA	Keypress: v held
300.7107	DATA	earn v
301.4898	DATA	Keypress: v
301.9271	DATA	Keypress: v
302.8050	DATA	Keypress: v
302.8382	DATA	Keypress: v held
302.8383	DATA	earn v
303.3289	DATA	Keypress: v
303.9741	DATA	Keypress: v
304.3079	DATA	Keypress: v
304.6289	DATA	Keypress: v
304.8821	DATA	Keypress: v
304.9828	DATA	Keypress: v held
305.1184	DATA	Keypress: v
305.3718	DATA	Keypress: v
305.5912	DATA	Keypress: v
305.8108	DATA	Keypress: v
305.9959	DATA	Keypress: v held
306.0642	DATA	Keypress: v
306.3006	DATA	Keypress: v
306.5370	DATA	Keypress: v
306.7735	DATA	Keypress: v
307.0089	DATA	Keypress: v held
307.0090	DATA	earn v
307.0098	DATA	Keypress: v
307.2462	DATA	Keypress: v
307.4828	DATA	Keypress: v
307.7359	DATA	Keypress: v
307.9724	DATA	Keypress: v
308.4449	DATA	Keypress: v
308.8673	DATA	Keypress: v
309.1366	DATA	Keypress: v held
309.1543	DATA	Keypress: v
309.4584	DATA	Keypress: v
309.7457	DATA	Keypress: v
310.0492	DATA	Keypress: v
310.1497	DATA	Keypress: v held
310.1498	DATA	earn v
310.3196	DATA	Keypress: v
310.5558	DATA	Keypress: v
310.9781	DATA	Keypress: v
311.3157	DATA	Keypress: v
311.6026	DATA	Keypress: v
311.9742	DATA	Keypress: v
312.2612	DATA	Keypress: v
312.2944	DATA	Keypress: v held
312.5315	DATA	Keypress: v
312.8017	DATA	Keypress: v
313.0380	DATA	Keypress: v
313.2406	DATA	Keypress: v
313.3075	DATA	Keypress: v held
313.4601	DATA	Keypress: v
313.6797	DATA	Keypress: v
313.8825	DATA	Keypress: v
314.1018	DATA	Keypress: v
314.2876	DATA	Keypress: v
314.3207	DATA	Keypress: v held
314.4734	DATA	Keypress: v
314.6423	DATA	Keypress: v
314.8279	DATA	Keypress: v
314.9968	DATA	Keypress: v
315.1656	DATA	Keypress: v
315.3338	DATA	Keypress: v held
315.3338	DATA	earn v
315.4400	DATA	Keypress: v
315.5543	DATA	Keypress: v
315.9763	DATA	Keypress: v
316.4795	DATA	Keypress: v
316.8202	DATA	Keypress: v
317.3947	DATA	Keypress: v
317.4953	DATA	Keypress: v held
317.6141	DATA	Keypress: v
317.8336	DATA	Keypress: v
318.0531	DATA	Keypress: v
318.2388	DATA	Keypress: v
318.4415	DATA	Keypress: v
318.5084	DATA	Keypress: v held
318.5085	DATA	earn v
318.6447	DATA	Keypress: v
319.0327	DATA	Keypress: v
319.5069	DATA	Keypress: v
319.7922	DATA	Keypress: v
320.2987	DATA	Keypress: v
320.6698	DATA	Keypress: v held
320.7040	DATA	Keypress: v
321.0081	DATA	Keypress: v
321.3119	DATA	Keypress: v
321.5824	DATA	Keypress: v
321.6829	DATA	Keypress: v held
321.8694	DATA	Keypress: v
322.1229	DATA	Keypress: v
322.4266	DATA	Keypress: v
322.6631	DATA	Keypress: v
322.6961	DATA	Keypress: v held
322.9163	DATA	Keypress: v
323.2033	DATA	Keypress: v
323.4397	DATA	Keypress: v
323.7093	DATA	Keypress: v held
323.7268	DATA	Keypress: v
323.9634	DATA	Keypress: v
324.7224	DATA	Keypress: v held
324.7224	DATA	earn v
324.7230	DATA	Keypress: t
324.9765	DATA	Keypress: t
325.3313	DATA	Keypress: t
325.8734	DATA	Keypress: t
326.3270	DATA	Keypress: t
326.8170	DATA	Keypress: t
326.8837	DATA	Keypress: t held
327.1209	DATA	Keypress: t
327.4925	DATA	Keypress: t
327.7793	DATA	Keypress: t
327.8970	DATA	Keypress: t held
327.8970	DATA	earn t
328.2018	DATA	Keypress: t
328.5901	DATA	Keypress: t
329.3835	DATA	Keypress: t
329.8564	DATA	Keypress: t
330.0752	DATA	Keypress: t held
330.2784	DATA	Keypress: t
330.5994	DATA	Keypress: t
330.8187	DATA	Keypress: t
331.0884	DATA	Keypress: t held
331.0884	DATA	earn t
331.0889	DATA	Keypress: t
331.3594	DATA	Keypress: t
331.6295	DATA	Keypress: t
332.0181	DATA	Keypress: t
332.2880	DATA	Keypress: t
332.5413	DATA	Keypress: t
332.8620	DATA	Keypress: t
333.1324	DATA	Keypress: t
333.2667	DATA	Keypress: t held
333.3855	DATA	Keypress: t
333.6387	DATA	Keypress: t
333.8923	DATA	Keypress: t
334.1455	DATA	Keypress: t
334.2797	DATA	Keypress: t held
334.4154	DATA	Keypress: t
334.6689	DATA	Keypress: t
334.9391	DATA	Keypress: t
335.2093	DATA	Keypress: t
335.2929	DATA	Keypress: t held
335.4287	DATA	Keypress: t
335.6819	DATA	Keypress: t
335.9691	DATA	Keypress: t
336.1548	DATA	Keypress: t
336.3061	DATA	Keypress: t held
336.6445	DATA	Keypress: v
336.8979	DATA	Keypress: v
337.1342	DATA	Keypress: v
337.3192	DATA	Keypress: v held
337.3886	DATA	Keypress: v
337.6239	DATA	Keypress: v
337.9279	DATA	Keypress: v
338.1642	DATA	Keypress: v
338.3324	DATA	Keypress: v held
338.4175	DATA	Keypress: v
338.7047	DATA	Keypress: v
338.9579	DATA	Keypress: v
339.2281	DATA	Keypress: v
339.3456	DATA	Keypress: v held
339.4813	DATA	Keypress: v
339.7346	DATA	Keypress: v
339.9711	DATA	Keypress: v
340.2074	DATA	Keypress: v
340.3587	DATA	Keypress: v held
340.4609	DATA	Keypress: v
340.7141	DATA	Keypress: v
340.9673	DATA	Keypress: v
341.2038	DATA	Keypress: v
341.3719	DATA	Keypress: v held
341.4400	DATA	Keypress: v
341.6597	DATA	Keypress: v
341.8621	DATA	Keypress: v
342.0985	DATA	Keypress: v
342.2675	DATA	Keypress: v
342.3850	DATA	Keypress: v held
342.3850	DATA	earn v
343.0105	DATA	Keypress: v
343.6353	DATA	Keypress: v
344.1757	DATA	Keypress: v
344.5465	DATA	Keypress: v held
344.5465	DATA	earn v
344.5473	DATA	Keypress: v
345.0537	DATA	Keypress: v
346.2525	DATA	Keypress: v
346.7585	DATA	Keypress: v held
346.9281	DATA	Keypress: v
347.2996	DATA	Keypress: v
347.6542	DATA	Keypress: v
347.7717	DATA	Keypress: v held
347.9918	DATA	Keypress: v
348.3969	DATA	Keypress: v
348.7180	DATA	Keypress: v
348.7848	DATA	Keypress: v held
349.0390	DATA	Keypress: v
349.3596	DATA	Keypress: v
349.6637	DATA	Keypress: v
349.7980	DATA	Keypress: v held
349.9336	DATA	Keypress: v
350.2040	DATA	Keypress: v
350.4911	DATA	Keypress: v
350.9906	DATA	start rating L
350.9993	DATA	Keypress: v
351.1091	DATA	Keypress: v
353.4060	DATA	Keypress: t
355.6677	DATA	Keypress: t
356.0024	DATA	Keypress: t
356.3103	DATA	Keypress: t
358.2007	DATA	Keypress: return
358.2011	DATA	RatingScale rateL_scale: (key response) rating=2
358.2012	DATA	RatingScale rateL_scale: rating RT=7.210
358.2016	DATA	2.0
358.2016	DATA	end rating L
358.2924	DATA	start rating R
359.8553	DATA	Keypress: v
361.0711	DATA	Keypress: return
361.0715	DATA	RatingScale rateR_scale: (key response) rating=5
361.0715	DATA	RatingScale rateR_scale: rating RT=2.779
361.0720	DATA	5.0
361.0730	DATA	end rating R
362.8177	DATA	Keypress: v
362.8508	DATA	Keypress: v held
363.7971	DATA	Keypress: v
363.8640	DATA	Keypress: v held
364.2868	DATA	Keypress: v
364.8771	DATA	Keypress: v held
364.8948	DATA	Keypress: v
365.6715	DATA	Keypress: v
365.8902	DATA	Keypress: v held
366.1948	DATA	Keypress: v
366.6844	DATA	Keypress: v
366.9034	DATA	Keypress: v held
368.1536	DATA	Keypress: v
368.1867	DATA	Keypress: v held
368.1868	DATA	earn v
368.9997	DATA	Keypress: v
370.2647	DATA	Keypress: v
370.3819	DATA	Keypress: v held
370.6528	DATA	Keypress: v
371.4119	DATA	Keypress: v held
371.5309	DATA	Keypress: v
372.2230	DATA	Keypress: v
372.4251	DATA	Keypress: v held
372.9152	DATA	Keypress: v
373.4382	DATA	Keypress: v held
373.6416	DATA	Keypress: v
374.1481	DATA	Keypress: v
374.4514	DATA	Keypress: v held
374.6378	DATA	Keypress: v
375.4646	DATA	Keypress: v held
375.5329	DATA	Keypress: v
375.9041	DATA	Keypress: v
376.4778	DATA	Keypress: v held
376.4799	DATA	Keypress: v
376.9175	DATA	Keypress: v
377.2890	DATA	Keypress: v
377.4910	DATA	Keypress: v held
377.9813	DATA	Keypress: v
378.3865	DATA	Keypress: v
378.5040	DATA	Keypress: v held
378.9945	DATA	Keypress: v
379.4000	DATA	Keypress: v
379.5172	DATA	Keypress: v held
379.5173	DATA	earn v
379.7376	DATA	Keypress: v
380.9026	DATA	Keypress: v
381.5286	DATA	Keypress: v
381.7293	DATA	Keypress: v held
382.4899	DATA	Keypress: v
382.7424	DATA	Keypress: v held
382.8780	DATA	Keypress: v
383.4353	DATA	Keypress: v
383.7556	DATA	Keypress: v held
384.5667	DATA	Keypress: v
384.7687	DATA	Keypress: v held
385.4277	DATA	Keypress: v
385.7819	DATA	Keypress: v held
385.9176	DATA	Keypress: v
386.3735	DATA	Keypress: v
386.7950	DATA	Keypress: v held
387.1334	DATA	Keypress: v
387.8082	DATA	Keypress: v held
388.9907	DATA	Keypress: v
389.0071	DATA	Keypress: v held
389.5312	DATA	Keypress: v
390.0202	DATA	Keypress: v held
390.0210	DATA	Keypress: v
390.4770	DATA	Keypress: v
391.0334	DATA	Keypress: v held
391.0334	DATA	earn v
391.2200	DATA	Keypress: v
392.3512	DATA	Keypress: v
392.9422	DATA	Keypress: v
393.2454	DATA	Keypress: v held
393.4318	DATA	Keypress: v
394.2586	DATA	Keypress: v held
394.5127	DATA	Keypress: v
395.1036	DATA	Keypress: v
395.2717	DATA	Keypress: v held
395.2718	DATA	earn v
396.0157	DATA	Keypress: v
396.5221	DATA	Keypress: v
397.1975	DATA	Keypress: v
397.4838	DATA	Keypress: v held
397.4838	DATA	earn v
397.6030	DATA	Keypress: v
397.9911	DATA	Keypress: v
398.7472	DATA	Keypress: v
399.2744	DATA	Keypress: v
399.7465	DATA	Keypress: v held
399.7466	DATA	earn v
399.8417	DATA	Keypress: v
400.4392	DATA	Keypress: v
401.6216	DATA	Keypress: v
401.9754	DATA	Keypress: v held
402.0270	DATA	Keypress: v
402.3476	DATA	Keypress: v
402.7191	DATA	Keypress: v
402.9885	DATA	Keypress: v held
403.1582	DATA	Keypress: t
403.5972	DATA	Keypress: t
404.0017	DATA	Keypress: t held
404.0700	DATA	Keypress: t
404.4414	DATA	Keypress: t
405.0149	DATA	Keypress: t held
405.0663	DATA	Keypress: t
405.4716	DATA	Keypress: t
405.7923	DATA	Keypress: t
406.0281	DATA	Keypress: t held
406.0281	DATA	earn t
406.1397	DATA	Keypress: t
406.5186	DATA	Keypress: t
407.6497	DATA	Keypress: t
407.9200	DATA	Keypress: t
408.1900	DATA	Keypress: t
408.2570	DATA	Keypress: t held
408.4603	DATA	Keypress: t
408.6799	DATA	Keypress: t
408.9670	DATA	Keypress: t
409.2371	DATA	Keypress: t
409.2701	DATA	Keypress: t held
409.5074	DATA	Keypress: t
409.7606	DATA	Keypress: t
410.0136	DATA	Keypress: t
410.2833	DATA	Keypress: t held
410.3009	DATA	Keypress: t
410.5542	DATA	Keypress: t
410.8074	DATA	Keypress: t
411.0437	DATA	Keypress: t
411.2964	DATA	Keypress: t held
411.2972	DATA	Keypress: t
411.5672	DATA	Keypress: t
411.7870	DATA	Keypress: t
412.0570	DATA	Keypress: t
412.3096	DATA	Keypress: t held
412.5298	DATA	Keypress: v
412.9520	DATA	Keypress: v
413.1884	DATA	Keypress: v
413.3228	DATA	Keypress: v held
413.4585	DATA	Keypress: v
413.6779	DATA	Keypress: v
413.9483	DATA	Keypress: v
414.2013	DATA	Keypress: v
414.3359	DATA	Keypress: v held
414.4548	DATA	Keypress: v
414.7081	DATA	Keypress: v
414.9783	DATA	Keypress: v
415.2486	DATA	Keypress: v
415.3491	DATA	Keypress: v held
415.4850	DATA	Keypress: v
415.7382	DATA	Keypress: v
416.0084	DATA	Keypress: v
416.2449	DATA	Keypress: v
416.3622	DATA	Keypress: v held
416.6669	DATA	Keypress: v
416.9202	DATA	Keypress: v
417.1903	DATA	Keypress: v
417.3754	DATA	Keypress: v held
417.4435	DATA	Keypress: v
417.6632	DATA	Keypress: v
417.8996	DATA	Keypress: v
418.1866	DATA	Keypress: v
418.3885	DATA	Keypress: v held
418.3886	DATA	earn v
418.4853	DATA	Keypress: v
418.7103	DATA	Keypress: v
418.9637	DATA	Keypress: v
419.1999	DATA	Keypress: v
419.6177	DATA	Keypress: v
419.7231	DATA	Keypress: v
419.9765	DATA	Keypress: v
420.1958	DATA	Keypress: v
420.4662	DATA	Keypress: v
420.6176	DATA	Keypress: v held
420.7196	DATA	Keypress: v
420.9897	DATA	Keypress: v
421.5668	DATA	start rating L
421.5752	DATA	Keypress: v
421.5760	DATA	Keypress: v
421.7778	DATA	Keypress: v
426.1334	DATA	Keypress: t
426.4050	DATA	Keypress: t
426.6743	DATA	Keypress: t
426.9118	DATA	Keypress: t
427.1818	DATA	Keypress: t
428.3951	DATA	Keypress: return
428.3955	DATA	RatingScale rateL_scale: (key response) rating=2
428.3956	DATA	RatingScale rateL_scale: rating RT=6.829
428.3960	DATA	2.0
428.3960	DATA	end rating L
428.4940	DATA	start rating R
430.7262	DATA	Keypress: t
431.1329	DATA	Keypress: t
432.1448	DATA	Keypress: return
432.1453	DATA	RatingScale rateR_scale: (key response) rating=2
432.1454	DATA	RatingScale rateR_scale: rating RT=3.651
432.1460	DATA	2.0
432.1472	DATA	end rating R
434.3971	DATA	Keypress: t
434.4300	DATA	Keypress: t held
434.8701	DATA	Keypress: t
435.2415	DATA	Keypress: t
435.4433	DATA	Keypress: t held
435.4433	DATA	earn t
435.6300	DATA	Keypress: t
436.8623	DATA	Keypress: t
437.2675	DATA	Keypress: t
437.6223	DATA	Keypress: t
437.7061	DATA	Keypress: t held
438.0951	DATA	Keypress: t
438.7192	DATA	Keypress: t held
438.9899	DATA	Keypress: t
439.3109	DATA	Keypress: t
439.6993	DATA	Keypress: t
439.7324	DATA	Keypress: t held
440.0537	DATA	Keypress: t
440.3416	DATA	Keypress: t
440.6449	DATA	Keypress: t
440.7455	DATA	Keypress: t held
440.9320	DATA	Keypress: t
441.2190	DATA	Keypress: t
441.4385	DATA	Keypress: t
441.6918	DATA	Keypress: t
441.7587	DATA	Keypress: t held
441.9283	DATA	Keypress: t
442.1659	DATA	Keypress: t
442.4178	DATA	Keypress: t
442.6712	DATA	Keypress: t
442.7718	DATA	Keypress: t held
442.9258	DATA	Keypress: t
443.1778	DATA	Keypress: t
443.4140	DATA	Keypress: t
443.6675	DATA	Keypress: t
443.7850	DATA	Keypress: t held
443.9208	DATA	Keypress: t
444.1739	DATA	Keypress: t
444.4442	DATA	Keypress: t
444.7143	DATA	Keypress: t
444.7981	DATA	Keypress: t held
444.9847	DATA	Keypress: t
445.2378	DATA	Keypress: t
445.4744	DATA	Keypress: t
445.7442	DATA	Keypress: t
445.8113	DATA	Keypress: t held
445.9981	DATA	Keypress: t
446.2341	DATA	Keypress: t
446.4874	DATA	Keypress: t
446.7237	DATA	Keypress: t
446.8245	DATA	Keypress: t held
446.9771	DATA	Keypress: t
447.2302	DATA	Keypress: t
447.5004	DATA	Keypress: t
447.7539	DATA	Keypress: t
447.8376	DATA	Keypress: t held
447.8377	DATA	earn t
448.0242	DATA	Keypress: t
448.3112	DATA	Keypress: t
449.4944	DATA	Keypress: t
449.7464	DATA	Keypress: t
449.9826	DATA	Keypress: t
450.1341	DATA	Keypress: t held
450.2023	DATA	Keypress: t
450.4218	DATA	Keypress: t
450.6751	DATA	Keypress: t
450.8947	DATA	Keypress: t
451.1310	DATA	Keypress: t
451.1641	DATA	Keypress: t held
451.3674	DATA	Keypress: t
451.5870	DATA	Keypress: t
451.8234	DATA	Keypress: t
452.0765	DATA	Keypress: t
452.1773	DATA	Keypress: t held
452.3130	DATA	Keypress: t
452.5325	DATA	Keypress: t
452.7352	DATA	Keypress: t
452.9716	DATA	Keypress: t
453.1904	DATA	Keypress: t held
453.1912	DATA	Keypress: t
453.4274	DATA	Keypress: t
453.6470	DATA	Keypress: t
453.8497	DATA	Keypress: t
454.1029	DATA	Keypress: t
454.2035	DATA	Keypress: t held
454.2036	DATA	earn t
454.3396	DATA	Keypress: t
454.5592	DATA	Keypress: t
454.7617	DATA	Keypress: t
455.4953	DATA	Keypress: t
455.7578	DATA	Keypress: t
456.0280	DATA	Keypress: t
456.3150	DATA	Keypress: t
456.5001	DATA	Keypress: t held
456.5002	DATA	earn t
456.6257	DATA	Keypress: t
456.9907	DATA	Keypress: t
457.4127	DATA	Keypress: t
458.1050	DATA	Keypress: t
458.5608	DATA	Keypress: t
458.7798	DATA	Keypress: t held
459.0164	DATA	Keypress: t
459.4050	DATA	Keypress: t
459.7434	DATA	Keypress: t
459.7929	DATA	Keypress: t held
460.0975	DATA	Keypress: t
460.4520	DATA	Keypress: t
460.7898	DATA	Keypress: t
460.8229	DATA	Keypress: t held
461.0936	DATA	Keypress: t
461.4146	DATA	Keypress: t
461.7015	DATA	Keypress: t
461.8360	DATA	Keypress: t held
461.9887	DATA	Keypress: t
462.2757	DATA	Keypress: t
462.5629	DATA	Keypress: t
462.7994	DATA	Keypress: t
462.8492	DATA	Keypress: t held
463.0188	DATA	Keypress: t
463.2720	DATA	Keypress: t
463.7111	DATA	Keypress: t
463.8623	DATA	Keypress: t held
463.9137	DATA	Keypress: t
464.1161	DATA	Keypress: t
464.3189	DATA	Keypress: t
464.8755	DATA	Keypress: t held
465.0112	DATA	Keypress: t
465.1970	DATA	Keypress: t
465.5362	DATA	Keypress: t
465.8886	DATA	Keypress: t held
465.8887	DATA	earn t
466.0131	DATA	Keypress: t
466.1260	DATA	Keypress: t
466.2956	DATA	Keypress: t
466.7507	DATA	Keypress: t
467.1674	DATA	Keypress: t
467.5609	DATA	Keypress: t
467.8482	DATA	Keypress: t
468.1520	DATA	Keypress: t
468.1852	DATA	Keypress: t held
468.3546	DATA	Keypress: t
468.8445	DATA	Keypress: t
469.1982	DATA	Keypress: t held
469.2834	DATA	Keypress: t
469.5199	DATA	Keypress: t
469.8744	DATA	Keypress: t
470.1109	DATA	Keypress: t
470.2114	DATA	Keypress: t held
470.2115	DATA	earn t
470.3230	DATA	Keypress: t
470.5500	DATA	Keypress: t
470.7865	DATA	Keypress: t
471.0566	DATA	Keypress: t
471.5165	DATA	Keypress: t
471.8332	DATA	Keypress: t
472.1878	DATA	Keypress: t
472.4748	DATA	Keypress: t
472.5249	DATA	Keypress: t held
472.7619	DATA	Keypress: t
472.9984	DATA	Keypress: t
473.2685	DATA	Keypress: t
473.5380	DATA	Keypress: t held
473.7582	DATA	Keypress: t
474.0621	DATA	Keypress: t
474.5350	DATA	Keypress: t
474.5681	DATA	Keypress: t held
474.5681	DATA	earn t
474.9233	DATA	Keypress: t
475.4131	DATA	Keypress: t
475.9027	DATA	Keypress: t
476.3417	DATA	Keypress: t
476.7639	DATA	Keypress: t
476.8645	DATA	Keypress: t held
477.0678	DATA	Keypress: t
477.3549	DATA	Keypress: t
477.6588	DATA	Keypress: t
477.8776	DATA	Keypress: t held
477.9288	DATA	Keypress: t
478.2173	DATA	Keypress: t
478.4863	DATA	Keypress: t
478.7564	DATA	Keypress: t
478.8908	DATA	Keypress: t held
478.8909	DATA	earn t
479.0091	DATA	Keypress: t
479.2801	DATA	Keypress: t
479.6180	DATA	Keypress: t
480.2199	DATA	Keypress: t
480.2208	DATA	Keypress: t
480.4449	DATA	Keypress: t
481.1206	DATA	Keypress: v
481.2210	DATA	Keypress: v held
481.5936	DATA	Keypress: v
481.8974	DATA	Keypress: v
482.1840	DATA	Keypress: v
482.2342	DATA	Keypress: v held
482.2343	DATA	earn v
482.5055	DATA	Keypress: v
482.9615	DATA	Keypress: v
483.5689	DATA	Keypress: v
483.8735	DATA	Keypress: v
484.1937	DATA	Keypress: v
484.5307	DATA	Keypress: v held
484.5316	DATA	Keypress: v
484.9027	DATA	Keypress: v
485.2912	DATA	Keypress: v
485.5106	DATA	Keypress: v
485.5439	DATA	Keypress: v held
485.8316	DATA	Keypress: v
486.1185	DATA	Keypress: v
486.4057	DATA	Keypress: v
486.5570	DATA	Keypress: v held
486.7604	DATA	Keypress: v
487.0474	DATA	Keypress: v
487.3344	DATA	Keypress: v
487.5702	DATA	Keypress: v held
487.5703	DATA	earn v
487.6743	DATA	Keypress: v
487.9425	DATA	Keypress: v
488.3144	DATA	Keypress: v
488.8730	DATA	Keypress: v
488.8738	DATA	Keypress: v
489.1920	DATA	Keypress: v
489.4790	DATA	Keypress: v
489.8167	DATA	Keypress: v
489.8835	DATA	Keypress: v held
490.1206	DATA	Keypress: v
490.4414	DATA	Keypress: v
490.7461	DATA	Keypress: v
490.8967	DATA	Keypress: v held
491.2518	DATA	Keypress: v
491.5221	DATA	Keypress: v
491.8092	DATA	Keypress: v
491.9099	DATA	Keypress: v held
492.0963	DATA	Keypress: v
492.7099	DATA	start rating L
492.7184	DATA	Keypress: v
492.7192	DATA	Keypress: v
492.9177	DATA	Keypress: v
496.4631	DATA	Keypress: t
498.3223	DATA	Keypress: return
498.3544	DATA	RatingScale rateL_scale: (key response) rating=6
498.3545	DATA	RatingScale rateL_scale: rating RT=5.644
498.3549	DATA	6.0
498.3549	DATA	end rating L
498.4557	DATA	start rating R
499.9262	DATA	Keypress: t
500.3294	DATA	Keypress: t
501.5451	DATA	Keypress: return
501.5454	DATA	RatingScale rateR_scale: (key response) rating=2
501.5455	DATA	RatingScale rateR_scale: rating RT=3.090
501.5460	DATA	2.0
501.5470	DATA	end rating R
503.3084	DATA	Keypress: t
503.3416	DATA	Keypress: t held
503.8827	DATA	Keypress: t
504.2034	DATA	Keypress: t
504.3547	DATA	Keypress: t held
504.6591	DATA	Keypress: t
505.1829	DATA	Keypress: t
505.3679	DATA	Keypress: t held
505.3680	DATA	earn t
505.5881	DATA	Keypress: t
506.3144	DATA	Keypress: t
506.9897	DATA	Keypress: t
507.4622	DATA	Keypress: t
507.7151	DATA	Keypress: t held
508.0367	DATA	Keypress: t
508.5601	DATA	Keypress: t
508.7282	DATA	Keypress: t held
509.3705	DATA	Keypress: t
509.7414	DATA	Keypress: t held
509.7927	DATA	Keypress: t
510.2151	DATA	Keypress: t
510.7546	DATA	Keypress: t held
511.1943	DATA	Keypress: t
511.4642	DATA	Keypress: t
511.7677	DATA	Keypress: t held
511.9724	DATA	Keypress: t
512.4441	DATA	Keypress: t
512.7309	DATA	Keypress: t
512.7809	DATA	Keypress: t held
513.1868	DATA	Keypress: t
513.4231	DATA	Keypress: t
513.7940	DATA	Keypress: t held
514.3350	DATA	Keypress: t
514.6391	DATA	Keypress: t
514.8072	DATA	Keypress: t held
515.3325	DATA	Keypress: t
515.8203	DATA	Keypress: t held
516.0068	DATA	Keypress: t
516.3782	DATA	Keypress: t
516.7667	DATA	Keypress: t
516.8335	DATA	Keypress: t held
517.0874	DATA	Keypress: t
517.5266	DATA	Keypress: t
517.8466	DATA	Keypress: t held
517.8640	DATA	Keypress: t
518.1344	DATA	Keypress: t
518.4383	DATA	Keypress: t
518.6930	DATA	Keypress: t
518.8598	DATA	Keypress: t held
518.9785	DATA	Keypress: t
519.2319	DATA	Keypress: t
519.8729	DATA	Keypress: t held
519.9074	DATA	Keypress: v
520.4816	DATA	Keypress: v
520.8024	DATA	Keypress: v
520.8859	DATA	Keypress: v held
521.0894	DATA	Keypress: v
521.3596	DATA	Keypress: v
521.6637	DATA	Keypress: v
521.8992	DATA	Keypress: v held
522.0012	DATA	Keypress: v
522.3558	DATA	Keypress: v
522.5754	DATA	Keypress: v
522.8292	DATA	Keypress: v
522.9124	DATA	Keypress: v held
523.1331	DATA	Keypress: v
523.4025	DATA	Keypress: v
523.7068	DATA	Keypress: v
523.9255	DATA	Keypress: v held
523.9598	DATA	Keypress: v
524.2470	DATA	Keypress: v
524.5511	DATA	Keypress: v
524.8216	DATA	Keypress: v
524.9387	DATA	Keypress: v held
525.1082	DATA	Keypress: v
525.3615	DATA	Keypress: v
525.6486	DATA	Keypress: v
525.9188	DATA	Keypress: v
525.9519	DATA	Keypress: v held
526.1721	DATA	Keypress: v
526.4421	DATA	Keypress: v
526.7126	DATA	Keypress: v
526.9650	DATA	Keypress: v held
526.9824	DATA	Keypress: v
527.2533	DATA	Keypress: v
527.5061	DATA	Keypress: v
527.7762	DATA	Keypress: v
527.9782	DATA	Keypress: v held
528.0464	DATA	Keypress: v
528.3167	DATA	Keypress: v
528.5868	DATA	Keypress: v
528.8398	DATA	Keypress: v
528.9913	DATA	Keypress: v held
528.9914	DATA	earn v
529.1272	DATA	Keypress: v
529.4141	DATA	Keypress: v
529.7014	DATA	Keypress: v
529.9886	DATA	Keypress: v
530.4015	DATA	Keypress: v
530.4947	DATA	Keypress: v
530.7651	DATA	Keypress: v
531.0520	DATA	Keypress: v
531.3053	DATA	Keypress: v
531.4060	DATA	Keypress: v held
531.5923	DATA	Keypress: v
531.8626	DATA	Keypress: v
532.1495	DATA	Keypress: v
532.4191	DATA	Keypress: v held
532.4541	DATA	Keypress: v
532.7238	DATA	Keypress: v
532.9770	DATA	Keypress: v
533.2640	DATA	Keypress: v
533.4323	DATA	Keypress: v held
533.4324	DATA	earn v
533.5515	DATA	Keypress: v
533.7877	DATA	Keypress: v
534.0749	DATA	Keypress: v
534.3450	DATA	Keypress: v
534.7672	DATA	Keypress: v
534.8850	DATA	Keypress: v
535.1553	DATA	Keypress: v
535.4255	DATA	Keypress: v
535.6789	DATA	Keypress: v
535.7795	DATA	Keypress: v held
535.9503	DATA	Keypress: v
536.2192	DATA	Keypress: v
536.4893	DATA	Keypress: v
536.7426	DATA	Keypress: v
536.7926	DATA	Keypress: v held
537.0126	DATA	Keypress: v
537.3167	DATA	Keypress: v
537.5364	DATA	Keypress: v
537.8058	DATA	Keypress: v held
537.8233	DATA	Keypress: v
538.0767	DATA	Keypress: v
538.3635	DATA	Keypress: v
538.6001	DATA	Keypress: v
538.8189	DATA	Keypress: v held
538.8190	DATA	earn v
538.9168	DATA	Keypress: v
539.1576	DATA	Keypress: v
539.4106	DATA	Keypress: v
539.6979	DATA	Keypress: v
540.1631	DATA	Keypress: v
541.1660	DATA	Keypress: v held
541.2172	DATA	Keypress: t
541.5045	DATA	Keypress: t
541.8085	DATA	Keypress: t
542.0788	DATA	Keypress: t
542.1792	DATA	Keypress: t held
542.3827	DATA	Keypress: t
542.6696	DATA	Keypress: t
542.9399	DATA	Keypress: t
543.1924	DATA	Keypress: t held
543.1924	DATA	earn t
543.3145	DATA	Keypress: t
543.4803	DATA	Keypress: t
543.9192	DATA	Keypress: t
545.3375	DATA	Keypress: t
545.5396	DATA	Keypress: t held
545.6079	DATA	Keypress: t
545.8441	DATA	Keypress: t
546.0974	DATA	Keypress: t
546.3676	DATA	Keypress: t
546.5527	DATA	Keypress: t held
546.6209	DATA	Keypress: t
546.8742	DATA	Keypress: t
547.1277	DATA	Keypress: t
547.3977	DATA	Keypress: t
547.5659	DATA	Keypress: t held
547.6678	DATA	Keypress: t
547.9044	DATA	Keypress: t
548.1406	DATA	Keypress: t
548.4274	DATA	Keypress: t
548.5790	DATA	Keypress: t held
548.6640	DATA	Keypress: t
548.9005	DATA	Keypress: t
549.1369	DATA	Keypress: t
549.3733	DATA	Keypress: t
549.5922	DATA	Keypress: t held
549.5929	DATA	Keypress: t
549.7954	DATA	Keypress: t
550.0149	DATA	Keypress: t
550.2345	DATA	Keypress: t
550.4877	DATA	Keypress: t
550.6053	DATA	Keypress: t held
551.1295	DATA	Keypress: t
551.6185	DATA	Keypress: t held
551.6193	DATA	Keypress: t
552.0075	DATA	Keypress: t
552.4126	DATA	Keypress: t
552.6317	DATA	Keypress: t held
552.8686	DATA	Keypress: t
553.2739	DATA	Keypress: t
553.6448	DATA	Keypress: t held
553.6962	DATA	Keypress: t
554.1182	DATA	Keypress: t
554.4560	DATA	Keypress: t
554.6580	DATA	Keypress: t held
554.8612	DATA	Keypress: t
555.1820	DATA	Keypress: t
555.6380	DATA	Keypress: t
555.6711	DATA	Keypress: t held
555.9757	DATA	Keypress: t
556.2800	DATA	Keypress: t
556.6512	DATA	Keypress: t
556.6843	DATA	Keypress: t held
556.9551	DATA	Keypress: t
557.2760	DATA	Keypress: t
557.5292	DATA	Keypress: t
557.6974	DATA	Keypress: t held
557.8160	DATA	Keypress: t
558.7105	DATA	Keypress: t held
558.7450	DATA	Keypress: v
559.0827	DATA	Keypress: v
559.3697	DATA	Keypress: v
559.6568	DATA	Keypress: v
559.7237	DATA	Keypress: v held
559.9437	DATA	Keypress: v
560.2139	DATA	Keypress: v
560.4674	DATA	Keypress: v
560.7369	DATA	Keypress: v held
560.7374	DATA	Keypress: v
560.9908	DATA	Keypress: v
561.2272	DATA	Keypress: v
561.5143	DATA	Keypress: v
562.2218	DATA	start rating L
562.2299	DATA	Keypress: v
562.2307	DATA	Keypress: v
565.4748	DATA	Keypress: t
565.7797	DATA	Keypress: t
566.2194	DATA	Keypress: t
567.8399	DATA	Keypress: return
567.8402	DATA	RatingScale rateL_scale: (key response) rating=3
567.8403	DATA	RatingScale rateL_scale: rating RT=5.618
567.8408	DATA	3.0
567.8408	DATA	end rating L
567.9373	DATA	start rating R
569.2250	DATA	Keypress: t
569.4275	DATA	Keypress: t
569.6638	DATA	Keypress: t
570.9472	DATA	Keypress: return
570.9476	DATA	RatingScale rateR_scale: (key response) rating=1
570.9476	DATA	RatingScale rateR_scale: rating RT=3.010
570.9482	DATA	1.0
570.9492	DATA	end rating R
573.4864	DATA	Keypress: v
573.5196	DATA	Keypress: v held
573.9930	DATA	Keypress: v
574.3644	DATA	Keypress: v
574.5327	DATA	Keypress: v held
574.7698	DATA	Keypress: v
575.2592	DATA	Keypress: v
575.5458	DATA	Keypress: v held
575.7492	DATA	Keypress: v
576.2387	DATA	Keypress: v
576.5590	DATA	Keypress: v held
576.6947	DATA	Keypress: v
577.1675	DATA	Keypress: v
577.5722	DATA	Keypress: v held
577.6240	DATA	Keypress: v
578.0286	DATA	Keypress: v
578.3833	DATA	Keypress: v
578.5853	DATA	Keypress: v held
578.8055	DATA	Keypress: v
579.2274	DATA	Keypress: v
579.5984	DATA	Keypress: v held
579.7679	DATA	Keypress: v
580.2574	DATA	Keypress: v
580.6116	DATA	Keypress: v held
580.8316	DATA	Keypress: v
581.2539	DATA	Keypress: v
581.6248	DATA	Keypress: v held
581.6255	DATA	Keypress: v
582.5205	DATA	Keypress: v
582.6379	DATA	Keypress: v held
582.9086	DATA	Keypress: v
583.2800	DATA	Keypress: v
583.6349	DATA	Keypress: v
583.6680	DATA	Keypress: v held
583.9389	DATA	Keypress: v
584.4960	DATA	Keypress: v
584.6980	DATA	Keypress: v held
584.9351	DATA	Keypress: v
585.3065	DATA	Keypress: v
585.7111	DATA	Keypress: v held
585.7456	DATA	Keypress: v
586.0833	DATA	Keypress: v
586.3709	DATA	Keypress: v
586.6741	DATA	Keypress: v
586.7243	DATA	Keypress: v held
587.1302	DATA	Keypress: v
587.4173	DATA	Keypress: v
587.7213	DATA	Keypress: v
587.7544	DATA	Keypress: v held
587.9745	DATA	Keypress: v
588.4135	DATA	Keypress: v
588.7175	DATA	Keypress: v
588.7675	DATA	Keypress: v held
589.0719	DATA	Keypress: v
589.3253	DATA	Keypress: v
589.6464	DATA	Keypress: v
589.7806	DATA	Keypress: v held
590.1189	DATA	Keypress: v
590.4230	DATA	Keypress: v
590.7269	DATA	Keypress: v
590.7938	DATA	Keypress: v held
591.1659	DATA	Keypress: v
591.4530	DATA	Keypress: v
591.7399	DATA	Keypress: v
591.8069	DATA	Keypress: v held
592.0272	DATA	Keypress: v
592.3311	DATA	Keypress: v
592.8201	DATA	Keypress: v held
593.8171	DATA	Keypress: t
593.8501	DATA	Keypress: t held
594.1210	DATA	Keypress: t
594.4080	DATA	Keypress: t
594.7287	DATA	Keypress: t
594.8633	DATA	Keypress: t held
595.2692	DATA	Keypress: t
595.5564	DATA	Keypress: t
595.6407	DATA	Keypress: t
595.8264	DATA	Keypress: t
595.8764	DATA	Keypress: t held
596.1304	DATA	Keypress: t
596.4356	DATA	Keypress: t
596.8896	DATA	Keypress: t held
597.2786	DATA	Keypress: t
597.8696	DATA	Keypress: t
597.9028	DATA	Keypress: t held
597.9028	DATA	earn t
599.2748	DATA	Keypress: t
599.3725	DATA	Keypress: t
599.8791	DATA	Keypress: t
600.2837	DATA	Keypress: t held
600.3856	DATA	Keypress: t
600.8078	DATA	Keypress: t
601.2130	DATA	Keypress: t
601.2968	DATA	Keypress: t held
601.2969	DATA	earn t
602.6707	DATA	Keypress: t
603.0029	DATA	Keypress: t
603.4082	DATA	Keypress: t
603.6778	DATA	Keypress: t held
603.7460	DATA	Keypress: t
604.0500	DATA	Keypress: t
604.3876	DATA	Keypress: t
604.6909	DATA	Keypress: t held
604.6910	DATA	earn t
604.9451	DATA	Keypress: t
605.5698	DATA	Keypress: t
606.0854	DATA	Keypress: t
606.8867	DATA	Keypress: t
607.0887	DATA	Keypress: t held
607.0887	DATA	earn t
607.2584	DATA	Keypress: t
607.5962	DATA	Keypress: t
608.0521	DATA	Keypress: t
608.4830	DATA	Keypress: t
608.6260	DATA	Keypress: t
609.4865	DATA	Keypress: t held
609.5041	DATA	Keypress: t
610.0612	DATA	Keypress: t
610.4996	DATA	Keypress: t held
610.5004	DATA	Keypress: t
611.0744	DATA	Keypress: t
611.4626	DATA	Keypress: t
611.5128	DATA	Keypress: t held
612.5098	DATA	Keypress: t
612.5431	DATA	Keypress: t held
613.1175	DATA	Keypress: t
613.5561	DATA	Keypress: t held
613.6074	DATA	Keypress: t
614.1139	DATA	Keypress: t
614.5692	DATA	Keypress: t held
614.6373	DATA	Keypress: t
615.1441	DATA	Keypress: t
615.5823	DATA	Keypress: t held
615.6168	DATA	Keypress: t
616.1233	DATA	Keypress: t
616.5954	DATA	Keypress: t held
616.6130	DATA	Keypress: t
617.1196	DATA	Keypress: t
617.6086	DATA	Keypress: t held
617.6768	DATA	Keypress: t
618.1159	DATA	Keypress: t
618.6218	DATA	Keypress: t held
618.6392	DATA	Keypress: t
619.0783	DATA	Keypress: t
619.4498	DATA	Keypress: t
619.6348	DATA	Keypress: t held
619.8550	DATA	Keypress: t
620.2097	DATA	Keypress: t
620.5475	DATA	Keypress: t
620.6480	DATA	Keypress: t held
620.9696	DATA	Keypress: t
621.3240	DATA	Keypress: t
621.6613	DATA	Keypress: t held
621.6613	DATA	earn t
621.7754	DATA	Keypress: t
622.0337	DATA	Keypress: t
623.2830	DATA	Keypress: t
623.6714	DATA	Keypress: t
624.0089	DATA	Keypress: t
624.1097	DATA	Keypress: t held
625.2416	DATA	Keypress: v
625.2579	DATA	Keypress: v held
625.7652	DATA	Keypress: v
626.1705	DATA	Keypress: v
626.2711	DATA	Keypress: v held
626.7107	DATA	Keypress: v
627.2174	DATA	Keypress: v
627.2842	DATA	Keypress: v held
627.6230	DATA	Keypress: v
628.0629	DATA	Keypress: v
628.2974	DATA	Keypress: v held
628.4331	DATA	Keypress: v
628.7874	DATA	Keypress: v
629.1084	DATA	Keypress: v
629.3105	DATA	Keypress: v held
629.5989	DATA	Keypress: v
629.9189	DATA	Keypress: v
630.2067	DATA	Keypress: v
630.3236	DATA	Keypress: v held
630.5609	DATA	Keypress: v
630.8308	DATA	Keypress: v
631.6314	DATA	start rating L
631.6405	DATA	Keypress: v
631.6414	DATA	Keypress: v
631.8883	DATA	Keypress: v
635.1654	DATA	Keypress: t
635.4341	DATA	Keypress: t
637.5623	DATA	Keypress: return
637.5626	DATA	RatingScale rateL_scale: (key response) rating=5
637.5627	DATA	RatingScale rateL_scale: rating RT=5.931
637.5632	DATA	5.0
637.5632	DATA	end rating L
637.6540	DATA	start rating R
639.3852	DATA	Keypress: t
639.7240	DATA	Keypress: t
640.8718	DATA	Keypress: return
640.8722	DATA	RatingScale rateR_scale: (key response) rating=2
640.8723	DATA	RatingScale rateR_scale: rating RT=3.218
640.8727	DATA	2.0
640.8738	DATA	end rating R
