7.5628	DATA	version D
151.6360	DATA	Keypress: space
154.1171	DATA	Keypress: v
154.1503	DATA	Keypress: v held
154.8262	DATA	Keypress: v
155.1633	DATA	Keypress: v held
155.4688	DATA	Keypress: v
155.7719	DATA	Keypress: v
156.1765	DATA	Keypress: v held
156.6835	DATA	Keypress: v
157.0041	DATA	Keypress: v
157.1895	DATA	Keypress: v held
157.2576	DATA	Keypress: v
157.5446	DATA	Keypress: v
158.1189	DATA	Keypress: v
158.2028	DATA	Keypress: v held
158.6592	DATA	Keypress: v
159.1659	DATA	Keypress: v
159.2160	DATA	Keypress: v held
160.1285	DATA	Keypress: v
160.2292	DATA	Keypress: v held
160.7027	DATA	Keypress: t
161.0737	DATA	Keypress: t
161.2423	DATA	Keypress: t held
161.3777	DATA	Keypress: t
161.6652	DATA	Keypress: t
162.0364	DATA	Keypress: t
162.2555	DATA	Keypress: t held
162.2555	DATA	earn t
162.3691	DATA	Keypress: t
168.6218	DATA	Keypress: t
168.6384	DATA	Keypress: t held
168.9263	DATA	Keypress: t
169.3986	DATA	Keypress: v
169.6514	DATA	Keypress: v held
169.9055	DATA	Keypress: t
170.1419	DATA	Keypress: t
170.4121	DATA	Keypress: t
170.6482	DATA	Keypress: t
170.6647	DATA	Keypress: t held
170.8848	DATA	Keypress: t
171.1380	DATA	Keypress: t
171.4081	DATA	Keypress: t
171.6778	DATA	Keypress: t held
171.7122	DATA	Keypress: t
171.9658	DATA	Keypress: t
172.2694	DATA	Keypress: t
172.5564	DATA	Keypress: t
172.6910	DATA	Keypress: t held
173.4175	DATA	Keypress: v
173.7042	DATA	Keypress: v held
173.8062	DATA	Keypress: v
174.3462	DATA	Keypress: v
174.7173	DATA	Keypress: v held
174.8359	DATA	Keypress: v
175.1063	DATA	Keypress: v
175.4102	DATA	Keypress: v
175.7305	DATA	Keypress: v held
175.8153	DATA	Keypress: v
176.1023	DATA	Keypress: v
176.4737	DATA	Keypress: v
176.7436	DATA	Keypress: v held
176.8288	DATA	Keypress: v
177.1324	DATA	Keypress: v
177.5037	DATA	Keypress: v
177.7569	DATA	Keypress: v held
177.8587	DATA	Keypress: v
178.3820	DATA	Keypress: v
178.7199	DATA	Keypress: v
178.7700	DATA	Keypress: v held
179.1925	DATA	Keypress: t
179.4794	DATA	Keypress: t
179.7668	DATA	Keypress: t
179.7830	DATA	Keypress: t held
179.7831	DATA	earn t
180.0206	DATA	Keypress: t
181.8270	DATA	Keypress: t
181.8433	DATA	Keypress: t held
182.3517	DATA	Keypress: t
182.6549	DATA	Keypress: t
182.8563	DATA	Keypress: t held
183.1949	DATA	Keypress: v
183.5998	DATA	Keypress: v
183.8696	DATA	Keypress: v held
184.2583	DATA	Keypress: t
184.6637	DATA	Keypress: t
184.8827	DATA	Keypress: t held
184.9844	DATA	Keypress: t
185.3052	DATA	Keypress: t
185.6092	DATA	Keypress: t
185.8959	DATA	Keypress: t held
185.9301	DATA	Keypress: t
186.2509	DATA	Keypress: t
186.5888	DATA	Keypress: t
186.8925	DATA	Keypress: t
186.9090	DATA	Keypress: t held
187.1460	DATA	Keypress: t
187.6525	DATA	Keypress: v
187.9222	DATA	Keypress: v held
187.9562	DATA	Keypress: v
188.2096	DATA	Keypress: v
188.4970	DATA	Keypress: v
188.8683	DATA	Keypress: v
188.9354	DATA	Keypress: v held
189.1891	DATA	Keypress: v
189.4762	DATA	Keypress: v
189.7804	DATA	Keypress: v
189.9485	DATA	Keypress: v held
190.0503	DATA	Keypress: v
190.3543	DATA	Keypress: v
190.9617	DATA	Keypress: v held
191.0295	DATA	Keypress: t
191.5361	DATA	Keypress: t
191.8063	DATA	Keypress: t
191.9748	DATA	Keypress: t held
192.0765	DATA	Keypress: t
192.4143	DATA	Keypress: t
192.7014	DATA	Keypress: t
192.9879	DATA	Keypress: t held
192.9885	DATA	Keypress: t
193.2923	DATA	Keypress: t
193.5794	DATA	Keypress: t
193.9173	DATA	Keypress: t
194.0011	DATA	Keypress: t held
194.2380	DATA	Keypress: t
194.5418	DATA	Keypress: t
194.8461	DATA	Keypress: t
195.0143	DATA	Keypress: t held
195.1498	DATA	Keypress: t
195.7929	DATA	Keypress: v
196.0275	DATA	Keypress: v held
196.1122	DATA	Keypress: v
196.4002	DATA	Keypress: v
197.0086	DATA	Keypress: v
197.0406	DATA	Keypress: v held
197.3618	DATA	Keypress: v
197.6829	DATA	Keypress: v
198.0035	DATA	Keypress: v
198.0538	DATA	Keypress: v held
198.2737	DATA	Keypress: v
198.5608	DATA	Keypress: v
198.8815	DATA	Keypress: v
199.0669	DATA	Keypress: v held
199.4556	DATA	Keypress: t
199.7766	DATA	Keypress: t
200.0801	DATA	Keypress: t held
200.0801	DATA	earn t
200.0805	DATA	Keypress: t
201.5157	DATA	Keypress: t
201.8366	DATA	Keypress: t
202.1406	DATA	Keypress: t
202.1571	DATA	Keypress: t held
202.4953	DATA	Keypress: t
202.7653	DATA	Keypress: t
203.0187	DATA	Keypress: t
203.1702	DATA	Keypress: t held
203.1702	DATA	earn t
203.3057	DATA	Keypress: t
203.6604	DATA	Keypress: t
204.2433	DATA	Keypress: t
204.5894	DATA	Keypress: t
204.9773	DATA	Keypress: t
205.2470	DATA	Keypress: t held
205.3826	DATA	Keypress: t
205.7204	DATA	Keypress: t
206.0413	DATA	Keypress: t
206.2603	DATA	Keypress: t held
206.2604	DATA	earn t
206.3646	DATA	Keypress: t
206.8012	DATA	Keypress: t
207.1727	DATA	Keypress: t
207.4765	DATA	Keypress: t
207.8480	DATA	Keypress: t
208.1352	DATA	Keypress: t
208.3373	DATA	Keypress: t held
208.4736	DATA	Keypress: t
208.9456	DATA	Keypress: t
209.2328	DATA	Keypress: t
209.3505	DATA	Keypress: t held
209.5873	DATA	Keypress: t
209.9249	DATA	Keypress: t
210.2799	DATA	Keypress: t
210.3636	DATA	Keypress: t held
210.6513	DATA	Keypress: t
210.9553	DATA	Keypress: t
211.3768	DATA	Keypress: t held
212.0275	DATA	start rating L
231.0274	DATA	Keypress: v
231.6642	DATA	Keypress: v
231.9680	DATA	Keypress: v
235.5481	DATA	Keypress: x
237.3377	DATA	Keypress: x
240.6814	DATA	Keypress: return
240.6818	DATA	RatingScale rateL_scale: (key response) rating=7
240.6818	DATA	RatingScale rateL_scale: rating RT=28.654
240.6823	DATA	7.0
240.6823	DATA	end rating L
240.8125	DATA	start rating R
246.1521	DATA	Keypress: t
249.2283	DATA	Keypress: t
250.4789	DATA	Keypress: t
252.5014	DATA	Keypress: return
252.5017	DATA	RatingScale rateR_scale: (key response) rating=1
252.5018	DATA	RatingScale rateR_scale: rating RT=11.689
252.5022	DATA	1.0
252.5034	DATA	end rating R
254.8418	DATA	Keypress: t
254.8582	DATA	Keypress: t held
255.6354	DATA	Keypress: v
255.8714	DATA	Keypress: v held
255.8714	DATA	earn v
255.8718	DATA	Keypress: v
256.1421	DATA	Keypress: v
257.7968	DATA	Keypress: v
257.9651	DATA	Keypress: v held
258.1177	DATA	Keypress: v
258.3707	DATA	Keypress: v
258.6749	DATA	Keypress: v
258.9784	DATA	Keypress: v held
259.1477	DATA	Keypress: v
259.4684	DATA	Keypress: v
259.8064	DATA	Keypress: v
259.9916	DATA	Keypress: v held
260.1102	DATA	Keypress: v
260.3987	DATA	Keypress: v
260.6844	DATA	Keypress: v
261.0047	DATA	Keypress: v held
261.0557	DATA	Keypress: v
261.3430	DATA	Keypress: v
261.8157	DATA	Keypress: v
262.0178	DATA	Keypress: v held
262.1534	DATA	Keypress: v
262.4405	DATA	Keypress: v
262.9639	DATA	Keypress: v
263.0311	DATA	Keypress: v held
263.0311	DATA	earn v
264.3823	DATA	Keypress: v
264.8720	DATA	Keypress: v
265.1587	DATA	Keypress: v held
265.2103	DATA	Keypress: v
265.6154	DATA	Keypress: v
266.1216	DATA	Keypress: v
266.1718	DATA	Keypress: v held
266.7971	DATA	Keypress: v
267.1850	DATA	Keypress: v held
267.3714	DATA	Keypress: v
267.8102	DATA	Keypress: v
268.1982	DATA	Keypress: v held
268.1989	DATA	Keypress: v
268.7220	DATA	Keypress: v
269.0431	DATA	Keypress: v
269.2113	DATA	Keypress: v held
269.4314	DATA	Keypress: v
269.7521	DATA	Keypress: v
270.1066	DATA	Keypress: v
270.2244	DATA	Keypress: v held
270.5964	DATA	Keypress: t
270.9343	DATA	Keypress: t
271.2376	DATA	Keypress: t held
271.2549	DATA	Keypress: t
271.5081	DATA	Keypress: t
271.8797	DATA	Keypress: t
272.2005	DATA	Keypress: t
272.2508	DATA	Keypress: t held
272.5045	DATA	Keypress: t
272.8086	DATA	Keypress: t
273.1462	DATA	Keypress: t
273.2640	DATA	Keypress: t held
273.2640	DATA	earn t
274.2100	DATA	Keypress: t
274.9023	DATA	Keypress: t
275.2062	DATA	Keypress: t
275.3747	DATA	Keypress: t held
275.8647	DATA	Keypress: t
276.1857	DATA	Keypress: t
276.3879	DATA	Keypress: t held
276.4726	DATA	Keypress: t
276.7768	DATA	Keypress: t
277.0638	DATA	Keypress: t
277.3679	DATA	Keypress: t
277.4009	DATA	Keypress: t held
277.6722	DATA	Keypress: t
277.9762	DATA	Keypress: t
278.2795	DATA	Keypress: t
278.4141	DATA	Keypress: t held
278.5841	DATA	Keypress: t
278.9380	DATA	Keypress: t
279.4273	DATA	Keypress: t held
279.5290	DATA	Keypress: t
279.8501	DATA	Keypress: t
280.1538	DATA	Keypress: t
280.4405	DATA	Keypress: t held
280.4917	DATA	Keypress: t
280.7955	DATA	Keypress: t
281.1163	DATA	Keypress: t
281.4536	DATA	Keypress: t held
281.7413	DATA	Keypress: t
282.0789	DATA	Keypress: t
282.3658	DATA	Keypress: t
282.4668	DATA	Keypress: t held
282.8893	DATA	Keypress: v
283.4799	DATA	Keypress: v held
283.8858	DATA	Keypress: v
284.2234	DATA	Keypress: v
284.4931	DATA	Keypress: v held
284.5273	DATA	Keypress: v
284.8493	DATA	Keypress: v
285.1858	DATA	Keypress: v
285.5063	DATA	Keypress: v held
285.5235	DATA	Keypress: v
285.7940	DATA	Keypress: v
286.0808	DATA	Keypress: v
286.4018	DATA	Keypress: v
286.5194	DATA	Keypress: v held
286.7900	DATA	Keypress: v
287.0774	DATA	Keypress: v
287.3307	DATA	Keypress: v
287.5326	DATA	Keypress: v held
287.6343	DATA	Keypress: v
288.2094	DATA	Keypress: v
288.5124	DATA	Keypress: v
288.5457	DATA	Keypress: v held
288.7996	DATA	Keypress: v
289.0866	DATA	Keypress: v
289.4073	DATA	Keypress: v
289.5588	DATA	Keypress: v held
289.6946	DATA	Keypress: v
289.9650	DATA	Keypress: v
290.2348	DATA	Keypress: v
290.5721	DATA	Keypress: v held
290.7248	DATA	Keypress: t
290.9946	DATA	Keypress: t
291.2649	DATA	Keypress: t
291.5521	DATA	Keypress: t
291.5853	DATA	Keypress: t held
291.8390	DATA	Keypress: t
292.1092	DATA	Keypress: t
292.4299	DATA	Keypress: t
292.5985	DATA	Keypress: t held
292.7172	DATA	Keypress: t
293.0041	DATA	Keypress: t
293.3081	DATA	Keypress: t
293.5783	DATA	Keypress: t
293.6115	DATA	Keypress: t held
293.8821	DATA	Keypress: t
294.1695	DATA	Keypress: t
294.4393	DATA	Keypress: t
294.6247	DATA	Keypress: t held
294.6929	DATA	Keypress: t
294.9966	DATA	Keypress: t
295.2669	DATA	Keypress: t
295.5375	DATA	Keypress: t
295.6379	DATA	Keypress: t held
295.8242	DATA	Keypress: t
296.1110	DATA	Keypress: t
296.4318	DATA	Keypress: t
296.6511	DATA	Keypress: t held
296.7359	DATA	Keypress: t
297.0568	DATA	Keypress: t
297.6642	DATA	Keypress: t held
297.8506	DATA	Keypress: v
298.4422	DATA	Keypress: v
298.6774	DATA	Keypress: v held
298.8982	DATA	Keypress: v
299.2020	DATA	Keypress: v
299.5220	DATA	Keypress: v
299.6906	DATA	Keypress: v held
300.0795	DATA	Keypress: v
300.3832	DATA	Keypress: v
300.6704	DATA	Keypress: v
300.7036	DATA	Keypress: v held
300.9575	DATA	Keypress: v
301.2781	DATA	Keypress: v
301.5822	DATA	Keypress: v
301.7168	DATA	Keypress: v held
301.7168	DATA	earn v
301.9199	DATA	Keypress: v
302.5957	DATA	Keypress: v
303.1862	DATA	Keypress: v
303.4902	DATA	Keypress: v
303.7773	DATA	Keypress: v
303.8444	DATA	Keypress: v held
304.0815	DATA	Keypress: v
304.3682	DATA	Keypress: v
304.7400	DATA	Keypress: v
304.8577	DATA	Keypress: v held
304.8577	DATA	earn v
305.0272	DATA	Keypress: v
305.6011	DATA	Keypress: v
306.0093	DATA	Keypress: v
306.2933	DATA	Keypress: v
306.6990	DATA	Keypress: v
307.0189	DATA	Keypress: v held
307.0194	DATA	Keypress: v
307.3571	DATA	Keypress: v
307.6949	DATA	Keypress: v
308.0323	DATA	Keypress: v held
308.1845	DATA	Keypress: t
308.5560	DATA	Keypress: t
308.8261	DATA	Keypress: t
309.0452	DATA	Keypress: t held
309.1302	DATA	Keypress: t
309.4509	DATA	Keypress: t
309.6876	DATA	Keypress: t
310.0083	DATA	Keypress: t
310.0585	DATA	Keypress: t held
310.2784	DATA	Keypress: t
310.5489	DATA	Keypress: t
310.8020	DATA	Keypress: t
311.0716	DATA	Keypress: t held
311.0890	DATA	Keypress: t
311.3591	DATA	Keypress: t
311.9163	DATA	Keypress: t
312.0849	DATA	Keypress: t held
312.1875	DATA	Keypress: t
312.4906	DATA	Keypress: t
312.8954	DATA	start rating L
312.9038	DATA	Keypress: t
315.7432	DATA	Keypress: v
315.9760	DATA	Keypress: v
316.7531	DATA	Keypress: v
317.0923	DATA	Keypress: v
318.5454	DATA	Keypress: t
320.3701	DATA	Keypress: return
320.3705	DATA	RatingScale rateL_scale: (key response) rating=6
320.3705	DATA	RatingScale rateL_scale: rating RT=7.475
320.3710	DATA	6.0
320.3710	DATA	end rating L
320.4952	DATA	start rating R
321.6191	DATA	Keypress: v
321.9893	DATA	Keypress: v
323.6137	DATA	Keypress: return
323.6140	DATA	RatingScale rateR_scale: (key response) rating=6
323.6141	DATA	RatingScale rateR_scale: rating RT=3.119
323.6146	DATA	6.0
323.6156	DATA	end rating R
330.0692	DATA	Keypress: t
330.0853	DATA	Keypress: t held
330.4742	DATA	Keypress: t
330.9302	DATA	Keypress: t
331.0985	DATA	Keypress: t held
331.2004	DATA	Keypress: t
331.4702	DATA	Keypress: t
331.7742	DATA	Keypress: t
332.0445	DATA	Keypress: t
332.1115	DATA	Keypress: t held
332.1116	DATA	earn t
332.3317	DATA	Keypress: t
332.8382	DATA	Keypress: t
333.2709	DATA	Keypress: t
334.0540	DATA	Keypress: t
334.2730	DATA	Keypress: t held
334.3412	DATA	Keypress: t
334.6449	DATA	Keypress: t
334.9336	DATA	Keypress: t
335.2022	DATA	Keypress: t
335.2862	DATA	Keypress: t held
335.5064	DATA	Keypress: t
335.8270	DATA	Keypress: t
336.1312	DATA	Keypress: t
336.2994	DATA	Keypress: t held
336.4854	DATA	Keypress: t
336.7558	DATA	Keypress: t
337.0596	DATA	Keypress: t
337.3125	DATA	Keypress: t held
337.3637	DATA	Keypress: t
337.6678	DATA	Keypress: t
337.9548	DATA	Keypress: t
338.2245	DATA	Keypress: t
338.3257	DATA	Keypress: t held
339.1366	DATA	Keypress: v
339.3388	DATA	Keypress: v held
339.3738	DATA	Keypress: v
339.6434	DATA	Keypress: v
339.9301	DATA	Keypress: v
340.1836	DATA	Keypress: v
340.3520	DATA	Keypress: v held
340.4538	DATA	Keypress: v
340.7409	DATA	Keypress: v
341.0112	DATA	Keypress: v
341.3148	DATA	Keypress: v
341.3651	DATA	Keypress: v held
341.6188	DATA	Keypress: v
341.9396	DATA	Keypress: v
342.2605	DATA	Keypress: v
342.3783	DATA	Keypress: v held
342.5476	DATA	Keypress: v
342.9025	DATA	Keypress: v
343.1723	DATA	Keypress: v
343.3914	DATA	Keypress: v held
343.4593	DATA	Keypress: v
344.0335	DATA	Keypress: t
344.3036	DATA	Keypress: t
344.4046	DATA	Keypress: t held
344.6247	DATA	Keypress: t
344.9284	DATA	Keypress: t
345.2155	DATA	Keypress: t
345.4178	DATA	Keypress: t held
345.4858	DATA	Keypress: t
345.7728	DATA	Keypress: t
346.0769	DATA	Keypress: t
346.3639	DATA	Keypress: t
346.4309	DATA	Keypress: t held
346.6509	DATA	Keypress: t
346.9549	DATA	Keypress: t
347.2586	DATA	Keypress: t
347.4441	DATA	Keypress: t held
347.5797	DATA	Keypress: t
347.9006	DATA	Keypress: t
348.2043	DATA	Keypress: t
348.4572	DATA	Keypress: t held
348.5084	DATA	Keypress: t
348.8470	DATA	Keypress: t
349.2007	DATA	Keypress: t
349.4704	DATA	Keypress: t held
349.5385	DATA	Keypress: t
349.8254	DATA	Keypress: t
350.1294	DATA	Keypress: t
350.4167	DATA	Keypress: t
350.4836	DATA	Keypress: t held
350.7035	DATA	Keypress: t
351.0246	DATA	Keypress: t
351.2953	DATA	Keypress: t
351.4967	DATA	Keypress: t held
351.6495	DATA	Keypress: t
352.2400	DATA	Keypress: v
352.5099	DATA	Keypress: v held
352.7132	DATA	Keypress: v
352.9670	DATA	Keypress: v
353.5230	DATA	Keypress: v held
353.5403	DATA	Keypress: v
353.8612	DATA	Keypress: v
354.3848	DATA	Keypress: v
354.5362	DATA	Keypress: v held
354.6886	DATA	Keypress: v
354.9594	DATA	Keypress: v
355.2458	DATA	Keypress: v
355.5493	DATA	Keypress: v held
355.5499	DATA	Keypress: v
355.8200	DATA	Keypress: v
356.1239	DATA	Keypress: v
356.3771	DATA	Keypress: v
356.5625	DATA	Keypress: v held
356.6642	DATA	Keypress: v
356.9344	DATA	Keypress: v
357.2047	DATA	Keypress: v
357.4918	DATA	Keypress: v
357.5757	DATA	Keypress: v held
357.7787	DATA	Keypress: v
358.2854	DATA	Keypress: v
358.5553	DATA	Keypress: v
358.5889	DATA	Keypress: v held
358.5889	DATA	earn v
358.8258	DATA	Keypress: v
360.3116	DATA	Keypress: t
360.7171	DATA	Keypress: t
360.7503	DATA	Keypress: t held
360.9871	DATA	Keypress: t
361.2911	DATA	Keypress: t
361.5277	DATA	Keypress: t
361.7634	DATA	Keypress: t held
361.7638	DATA	Keypress: t
362.0509	DATA	Keypress: t
362.2707	DATA	Keypress: t
362.4897	DATA	Keypress: t
362.7434	DATA	Keypress: t
362.7765	DATA	Keypress: t held
362.9964	DATA	Keypress: t
363.2329	DATA	Keypress: t
363.4861	DATA	Keypress: t
363.7226	DATA	Keypress: t
363.7898	DATA	Keypress: t held
363.9759	DATA	Keypress: t
364.2628	DATA	Keypress: t
364.4995	DATA	Keypress: t
364.7527	DATA	Keypress: t
364.8029	DATA	Keypress: t held
365.0405	DATA	Keypress: t
365.6138	DATA	Keypress: v
365.8161	DATA	Keypress: v held
366.2554	DATA	Keypress: v
366.5090	DATA	Keypress: v
366.7454	DATA	Keypress: v
366.8293	DATA	Keypress: v held
366.9816	DATA	Keypress: v
367.2349	DATA	Keypress: v
367.5221	DATA	Keypress: v
367.7587	DATA	Keypress: v
367.8424	DATA	Keypress: v held
368.0117	DATA	Keypress: v
368.2491	DATA	Keypress: v
368.5352	DATA	Keypress: v
368.7884	DATA	Keypress: v
368.8555	DATA	Keypress: v held
368.8555	DATA	earn v
369.0417	DATA	Keypress: v
369.5147	DATA	Keypress: v
370.0095	DATA	Keypress: v
370.5615	DATA	Keypress: t
370.8654	DATA	Keypress: t
371.0169	DATA	Keypress: t held
371.1526	DATA	Keypress: t
371.4059	DATA	Keypress: t
371.6592	DATA	Keypress: t
371.9292	DATA	Keypress: t
372.0300	DATA	Keypress: t held
372.2333	DATA	Keypress: t
372.5373	DATA	Keypress: t
372.8249	DATA	Keypress: t
373.0433	DATA	Keypress: t held
373.1449	DATA	Keypress: t
373.5673	DATA	Keypress: t
373.8880	DATA	Keypress: t
374.0565	DATA	Keypress: t held
374.0565	DATA	earn t
375.2507	DATA	Keypress: v
375.5765	DATA	Keypress: v
375.8636	DATA	Keypress: v
376.1507	DATA	Keypress: v
376.2516	DATA	Keypress: v held
376.2516	DATA	earn v
376.4040	DATA	Keypress: v
376.9615	DATA	Keypress: v
377.4511	DATA	Keypress: v
378.2785	DATA	Keypress: t
378.4299	DATA	Keypress: t held
378.6497	DATA	Keypress: t
378.9707	DATA	Keypress: t
379.2748	DATA	Keypress: t
379.4430	DATA	Keypress: t held
379.5617	DATA	Keypress: t
379.8659	DATA	Keypress: t
380.1695	DATA	Keypress: t
380.4562	DATA	Keypress: t held
380.4734	DATA	Keypress: t
380.7774	DATA	Keypress: t
381.0982	DATA	Keypress: t
381.3856	DATA	Keypress: t
381.4693	DATA	Keypress: t held
381.4693	DATA	earn t
381.6728	DATA	Keypress: t
382.1960	DATA	Keypress: t
382.8209	DATA	Keypress: t
383.5805	DATA	Keypress: v
384.1125	DATA	start rating L
384.1208	DATA	Keypress: v
384.1470	DATA	Keypress: v
389.3119	DATA	Keypress: return
389.3122	DATA	RatingScale rateL_scale: (key response) rating=6
389.3123	DATA	RatingScale rateL_scale: rating RT=5.200
389.3127	DATA	6.0
389.3127	DATA	end rating L
389.4267	DATA	start rating R
390.9837	DATA	Keypress: v
392.7103	DATA	Keypress: return
392.7106	DATA	RatingScale rateR_scale: (key response) rating=5
392.7107	DATA	RatingScale rateR_scale: rating RT=3.284
392.7112	DATA	5.0
392.7121	DATA	end rating R
393.9485	DATA	Keypress: t
393.9650	DATA	Keypress: t held
394.4550	DATA	Keypress: t
394.7590	DATA	Keypress: t
394.9782	DATA	Keypress: t held
394.9782	DATA	earn t
395.0849	DATA	Keypress: t
395.6035	DATA	Keypress: t
395.9413	DATA	Keypress: t
396.5151	DATA	Keypress: t
396.7856	DATA	Keypress: t
397.0724	DATA	Keypress: t
397.1733	DATA	Keypress: t held
397.3595	DATA	Keypress: t
397.6975	DATA	Keypress: t
398.0011	DATA	Keypress: t
398.1865	DATA	Keypress: t held
398.2880	DATA	Keypress: t
398.5416	DATA	Keypress: t
398.7955	DATA	Keypress: t
399.0652	DATA	Keypress: t
399.1996	DATA	Keypress: t held
399.3520	DATA	Keypress: t
399.6225	DATA	Keypress: t
399.8755	DATA	Keypress: t
400.1457	DATA	Keypress: t
400.2129	DATA	Keypress: t held
401.1926	DATA	Keypress: v
401.2259	DATA	Keypress: v held
401.4629	DATA	Keypress: v
401.7500	DATA	Keypress: v
402.0538	DATA	Keypress: v
402.2391	DATA	Keypress: v held
402.3077	DATA	Keypress: v
402.5605	DATA	Keypress: v
402.8475	DATA	Keypress: v
403.1176	DATA	Keypress: v
403.2523	DATA	Keypress: v held
403.4048	DATA	Keypress: v
403.6917	DATA	Keypress: v
403.9619	DATA	Keypress: v
404.2322	DATA	Keypress: v
404.2654	DATA	Keypress: v held
404.5023	DATA	Keypress: v
404.7723	DATA	Keypress: v
405.0596	DATA	Keypress: v
405.2786	DATA	Keypress: v held
405.3296	DATA	Keypress: v
405.6167	DATA	Keypress: v
405.8362	DATA	Keypress: v
406.1401	DATA	Keypress: v
406.2918	DATA	Keypress: v held
406.2918	DATA	earn v
406.4273	DATA	Keypress: v
406.9849	DATA	Keypress: v
407.4987	DATA	Keypress: v
407.8457	DATA	Keypress: v
408.2340	DATA	Keypress: v
408.5038	DATA	Keypress: v held
408.5549	DATA	Keypress: v
408.8419	DATA	Keypress: v
409.1289	DATA	Keypress: v
409.4159	DATA	Keypress: v
409.5168	DATA	Keypress: v held
409.7539	DATA	Keypress: v
410.0577	DATA	Keypress: v
410.5301	DATA	Keypress: v held
410.5302	DATA	earn v
410.6415	DATA	Keypress: t
411.7804	DATA	Keypress: t
412.0841	DATA	Keypress: t
412.3880	DATA	Keypress: t
412.7088	DATA	Keypress: t
412.7591	DATA	Keypress: t held
412.9959	DATA	Keypress: t
413.5700	DATA	Keypress: t
413.7722	DATA	Keypress: t held
413.8739	DATA	Keypress: t
414.1611	DATA	Keypress: t
414.4311	DATA	Keypress: t
414.7186	DATA	Keypress: t
414.7854	DATA	Keypress: t held
414.7855	DATA	earn t
415.0056	DATA	Keypress: t
415.4280	DATA	Keypress: t
415.7147	DATA	Keypress: t
416.0324	DATA	Keypress: t
417.0481	DATA	Keypress: t held
417.0482	DATA	earn t
417.1577	DATA	Keypress: v
417.3698	DATA	Keypress: v
418.6360	DATA	Keypress: t
419.0410	DATA	Keypress: t
419.2771	DATA	Keypress: t held
419.3620	DATA	Keypress: t
419.7334	DATA	Keypress: t
420.0711	DATA	Keypress: t
420.2902	DATA	Keypress: t held
420.4087	DATA	Keypress: t
420.6959	DATA	Keypress: t
421.0167	DATA	Keypress: t
421.3034	DATA	Keypress: t held
421.3034	DATA	earn t
421.4055	DATA	Keypress: t
421.9624	DATA	Keypress: t
422.5221	DATA	Keypress: t
422.6223	DATA	Keypress: t
423.2289	DATA	Keypress: t
423.5161	DATA	Keypress: t
423.5490	DATA	Keypress: t held
423.7693	DATA	Keypress: t
424.0393	DATA	Keypress: t
424.3433	DATA	Keypress: t
424.5624	DATA	Keypress: t held
424.6304	DATA	Keypress: t
425.3901	DATA	Keypress: v
425.5755	DATA	Keypress: v held
425.6944	DATA	Keypress: v
426.0319	DATA	Keypress: v
426.3525	DATA	Keypress: v
426.5888	DATA	Keypress: v held
426.6568	DATA	Keypress: v
426.9778	DATA	Keypress: v
427.2480	DATA	Keypress: v
427.5687	DATA	Keypress: v
427.6019	DATA	Keypress: v held
427.8725	DATA	Keypress: v
428.1763	DATA	Keypress: v
428.4636	DATA	Keypress: v
428.6151	DATA	Keypress: v held
428.7674	DATA	Keypress: v
429.0881	DATA	Keypress: v
429.3586	DATA	Keypress: v
429.6282	DATA	Keypress: v held
429.6626	DATA	Keypress: v
430.0340	DATA	Keypress: v
430.2706	DATA	Keypress: v
430.5742	DATA	Keypress: v
430.6414	DATA	Keypress: v held
430.8950	DATA	Keypress: v
431.1821	DATA	Keypress: v
431.4864	DATA	Keypress: v
431.6546	DATA	Keypress: v held
431.6546	DATA	earn v
431.7904	DATA	Keypress: v
432.2459	DATA	Keypress: v
432.9383	DATA	Keypress: v
433.9003	DATA	Keypress: v held
434.0528	DATA	Keypress: t
434.3904	DATA	Keypress: t
434.6792	DATA	Keypress: t
434.9134	DATA	Keypress: t held
434.9984	DATA	Keypress: t
435.2685	DATA	Keypress: t
435.5893	DATA	Keypress: t
435.8764	DATA	Keypress: t
435.9266	DATA	Keypress: t held
436.1468	DATA	Keypress: t
436.4168	DATA	Keypress: t
436.7040	DATA	Keypress: t
436.9398	DATA	Keypress: t held
436.9571	DATA	Keypress: t
437.1935	DATA	Keypress: t
437.4637	DATA	Keypress: t
437.7512	DATA	Keypress: t
437.9530	DATA	Keypress: t held
438.0547	DATA	Keypress: t
438.4093	DATA	Keypress: t
438.6797	DATA	Keypress: t
438.9661	DATA	Keypress: t held
438.9672	DATA	Keypress: t
439.2367	DATA	Keypress: t
439.5239	DATA	Keypress: t
439.8279	DATA	Keypress: t
439.9792	DATA	Keypress: t held
440.1149	DATA	Keypress: t
440.4189	DATA	Keypress: t
440.6724	DATA	Keypress: t
440.9084	DATA	Keypress: t
440.9925	DATA	Keypress: t held
441.1956	DATA	Keypress: t
441.8879	DATA	Keypress: v
442.0055	DATA	Keypress: v held
442.1918	DATA	Keypress: v
442.4788	DATA	Keypress: v
442.7662	DATA	Keypress: v
443.0187	DATA	Keypress: v held
443.0364	DATA	Keypress: v
443.3400	DATA	Keypress: v
443.6611	DATA	Keypress: v
443.9481	DATA	Keypress: v
444.0320	DATA	Keypress: v held
444.2687	DATA	Keypress: v
444.5390	DATA	Keypress: v
444.8767	DATA	Keypress: v
445.0449	DATA	Keypress: v held
445.0450	DATA	earn v
445.1595	DATA	Keypress: v
445.7043	DATA	Keypress: v
445.9921	DATA	Keypress: v
446.3119	DATA	Keypress: v
446.9199	DATA	Keypress: v
447.2909	DATA	Keypress: v held
447.5614	DATA	Keypress: t
447.8319	DATA	Keypress: t
448.1189	DATA	Keypress: t
448.3040	DATA	Keypress: t held
448.4059	DATA	Keypress: t
448.6929	DATA	Keypress: t
448.9634	DATA	Keypress: t
449.2164	DATA	Keypress: t
449.3173	DATA	Keypress: t held
449.5204	DATA	Keypress: t
449.8073	DATA	Keypress: t
450.0946	DATA	Keypress: t
450.3304	DATA	Keypress: t held
450.3308	DATA	Keypress: t
450.6012	DATA	Keypress: t
450.8715	DATA	Keypress: t
451.1416	DATA	Keypress: t
451.3436	DATA	Keypress: t held
451.4286	DATA	Keypress: t
451.6817	DATA	Keypress: t
451.9687	DATA	Keypress: t
452.2390	DATA	Keypress: t
452.3567	DATA	Keypress: t held
452.3567	DATA	earn t
452.5092	DATA	Keypress: t
452.9151	DATA	Keypress: t
453.2358	DATA	Keypress: t
454.1168	DATA	start rating L
454.1262	DATA	Keypress: v
454.2552	DATA	Keypress: v
457.3996	DATA	Keypress: v
458.6796	DATA	Keypress: return
458.6799	DATA	RatingScale rateL_scale: (key response) rating=7
458.6800	DATA	RatingScale rateL_scale: rating RT=4.563
458.6804	DATA	7.0
458.6804	DATA	end rating L
458.7992	DATA	start rating R
462.8335	DATA	Keypress: v
463.2050	DATA	Keypress: v
465.1637	DATA	Keypress: return
465.1640	DATA	RatingScale rateR_scale: (key response) rating=6
465.1641	DATA	RatingScale rateR_scale: rating RT=6.365
465.1645	DATA	6.0
465.1653	DATA	end rating R
466.7106	DATA	Keypress: t
466.7437	DATA	Keypress: t held
467.1493	DATA	Keypress: t
467.7567	DATA	Keypress: t held
473.2452	DATA	Keypress: t
473.2616	DATA	Keypress: t held
473.6504	DATA	Keypress: t
473.9374	DATA	Keypress: t
474.2244	DATA	Keypress: t
474.2747	DATA	Keypress: t held
474.2748	DATA	earn t
474.5289	DATA	Keypress: t
474.9506	DATA	Keypress: t
475.5480	DATA	Keypress: t
476.3861	DATA	Keypress: t
476.5543	DATA	Keypress: t held
476.8081	DATA	Keypress: t
477.0276	DATA	Keypress: t
477.3146	DATA	Keypress: t
477.5675	DATA	Keypress: t held
477.5847	DATA	Keypress: t
477.8550	DATA	Keypress: t
478.1252	DATA	Keypress: t
478.4122	DATA	Keypress: t
478.5806	DATA	Keypress: t held
478.6486	DATA	Keypress: t
479.3072	DATA	Keypress: v
479.5938	DATA	Keypress: v held
479.6114	DATA	Keypress: v
479.9154	DATA	Keypress: v
480.2190	DATA	Keypress: v
480.5400	DATA	Keypress: v
480.6070	DATA	Keypress: v held
480.8437	DATA	Keypress: v
481.1140	DATA	Keypress: v
481.4347	DATA	Keypress: v
481.6202	DATA	Keypress: v held
481.7050	DATA	Keypress: v
481.9920	DATA	Keypress: v
482.3129	DATA	Keypress: v
482.6171	DATA	Keypress: v
482.6334	DATA	Keypress: v held
482.9548	DATA	Keypress: v
483.2415	DATA	Keypress: v
483.5117	DATA	Keypress: v
483.6464	DATA	Keypress: v held
483.8495	DATA	Keypress: v
484.1030	DATA	Keypress: v
484.4070	DATA	Keypress: v
484.6597	DATA	Keypress: v held
484.7108	DATA	Keypress: v
484.9809	DATA	Keypress: v
485.2682	DATA	Keypress: v
485.5720	DATA	Keypress: v
485.6728	DATA	Keypress: v held
485.8588	DATA	Keypress: v
486.4164	DATA	Keypress: t
486.6860	DATA	Keypress: t held
486.7539	DATA	Keypress: t
487.0582	DATA	Keypress: t
487.3786	DATA	Keypress: t
487.6322	DATA	Keypress: t
487.6990	DATA	Keypress: t held
487.9022	DATA	Keypress: t
488.1556	DATA	Keypress: t
488.4255	DATA	Keypress: t
488.7123	DATA	Keypress: t held
488.7295	DATA	Keypress: t
488.9996	DATA	Keypress: t
489.2699	DATA	Keypress: t
489.5233	DATA	Keypress: t
489.7254	DATA	Keypress: t held
489.8104	DATA	Keypress: t
490.0806	DATA	Keypress: t
490.3676	DATA	Keypress: t
490.6381	DATA	Keypress: t
490.7387	DATA	Keypress: t held
490.9247	DATA	Keypress: t
491.1779	DATA	Keypress: t
491.4652	DATA	Keypress: t
491.7015	DATA	Keypress: t
491.7518	DATA	Keypress: t held
492.3262	DATA	Keypress: v
492.6132	DATA	Keypress: v
492.7649	DATA	Keypress: v held
492.8838	DATA	Keypress: v
493.1706	DATA	Keypress: v
493.4409	DATA	Keypress: v
493.7781	DATA	Keypress: v held
493.9642	DATA	Keypress: v
494.2513	DATA	Keypress: v
494.5383	DATA	Keypress: v
494.7912	DATA	Keypress: v held
494.8088	DATA	Keypress: v
495.0788	DATA	Keypress: v
495.3489	DATA	Keypress: v
495.8043	DATA	Keypress: v held
495.8894	DATA	Keypress: v
496.1594	DATA	Keypress: v
496.4295	DATA	Keypress: v
496.7001	DATA	Keypress: v
496.8176	DATA	Keypress: v held
497.0036	DATA	Keypress: v
497.2570	DATA	Keypress: v
497.5440	DATA	Keypress: v
497.8307	DATA	Keypress: v held
497.8314	DATA	Keypress: v
498.1016	DATA	Keypress: v
498.3886	DATA	Keypress: v
498.6757	DATA	Keypress: v
498.8439	DATA	Keypress: v held
498.9962	DATA	Keypress: v
499.2495	DATA	Keypress: v
499.5365	DATA	Keypress: v
499.7899	DATA	Keypress: v
499.8571	DATA	Keypress: v held
500.0602	DATA	Keypress: v
500.3470	DATA	Keypress: v
500.6176	DATA	Keypress: v
500.8701	DATA	Keypress: v held
500.8876	DATA	Keypress: v
501.1410	DATA	Keypress: v
501.4620	DATA	Keypress: v
501.6814	DATA	Keypress: v
501.8833	DATA	Keypress: v held
502.2382	DATA	Keypress: t
502.5255	DATA	Keypress: t
502.8294	DATA	Keypress: t
502.8965	DATA	Keypress: t held
503.0997	DATA	Keypress: t
503.3526	DATA	Keypress: t
503.6233	DATA	Keypress: t
503.8777	DATA	Keypress: t
503.9096	DATA	Keypress: t held
503.9097	DATA	earn t
504.1822	DATA	Keypress: t
505.1848	DATA	Keypress: t
506.1222	DATA	Keypress: v
506.1892	DATA	Keypress: v held
506.4091	DATA	Keypress: v
506.6624	DATA	Keypress: v
506.9327	DATA	Keypress: v
507.2024	DATA	Keypress: v held
507.2030	DATA	Keypress: v
507.4392	DATA	Keypress: v
507.7094	DATA	Keypress: v
507.9965	DATA	Keypress: v
508.2156	DATA	Keypress: v held
508.2157	DATA	earn v
508.3449	DATA	Keypress: v
508.9253	DATA	Keypress: v
510.0904	DATA	Keypress: t
510.3774	DATA	Keypress: t
510.4952	DATA	Keypress: t held
510.6309	DATA	Keypress: t
510.8840	DATA	Keypress: t
511.1543	DATA	Keypress: t
511.4244	DATA	Keypress: t
511.5083	DATA	Keypress: t held
511.5084	DATA	earn t
511.7119	DATA	Keypress: t
512.2519	DATA	Keypress: t
512.8004	DATA	Keypress: t
513.2989	DATA	Keypress: v
513.5349	DATA	Keypress: v
513.8049	DATA	Keypress: v held
513.8054	DATA	Keypress: v
514.0754	DATA	Keypress: v
514.3457	DATA	Keypress: v
514.5819	DATA	Keypress: v
514.8180	DATA	Keypress: v held
514.8521	DATA	Keypress: v
515.1056	DATA	Keypress: v
515.3426	DATA	Keypress: v
515.6122	DATA	Keypress: v
515.8311	DATA	Keypress: v held
515.8823	DATA	Keypress: v
516.1692	DATA	Keypress: v
516.4227	DATA	Keypress: v
516.7096	DATA	Keypress: v
516.8443	DATA	Keypress: v held
516.9462	DATA	Keypress: v
517.2331	DATA	Keypress: v
517.4865	DATA	Keypress: v
517.7399	DATA	Keypress: v
517.8575	DATA	Keypress: v held
517.8576	DATA	earn v
518.0098	DATA	Keypress: v
518.3645	DATA	Keypress: v
519.4790	DATA	Keypress: t
519.7661	DATA	Keypress: t
520.0194	DATA	Keypress: t
520.1709	DATA	Keypress: t held
520.3063	DATA	Keypress: t
520.4921	DATA	Keypress: t
520.7453	DATA	Keypress: t
521.0326	DATA	Keypress: t
521.1840	DATA	Keypress: t held
521.2688	DATA	Keypress: t
521.5558	DATA	Keypress: t
521.8093	DATA	Keypress: t
522.0963	DATA	Keypress: t
522.1972	DATA	Keypress: t held
522.1972	DATA	earn t
522.3669	DATA	Keypress: t
522.7552	DATA	Keypress: t
523.5823	DATA	Keypress: v
523.8693	DATA	Keypress: v
524.1732	DATA	Keypress: v
524.4433	DATA	Keypress: v
524.5612	DATA	Keypress: v held
524.6803	DATA	Keypress: v
524.9838	DATA	Keypress: v
525.7218	DATA	start rating L
525.7302	DATA	Keypress: v
525.7307	DATA	Keypress: v
527.2871	DATA	Keypress: v
528.4692	DATA	Keypress: return
528.4695	DATA	RatingScale rateL_scale: (key response) rating=7
528.4695	DATA	RatingScale rateL_scale: rating RT=2.748
528.4699	DATA	7.0
528.4699	DATA	end rating L
528.5930	DATA	start rating R
530.6983	DATA	Keypress: v
531.7789	DATA	Keypress: return
531.7793	DATA	RatingScale rateR_scale: (key response) rating=5
531.7793	DATA	RatingScale rateR_scale: rating RT=3.186
531.7798	DATA	5.0
531.7806	DATA	end rating R
533.1230	DATA	Keypress: t
533.1561	DATA	Keypress: t held
533.4098	DATA	Keypress: t
533.7310	DATA	Keypress: t
533.9841	DATA	Keypress: t
534.1693	DATA	Keypress: t held
534.2541	DATA	Keypress: t
534.5414	DATA	Keypress: t
534.8117	DATA	Keypress: t
535.0480	DATA	Keypress: t
535.1824	DATA	Keypress: t held
535.1825	DATA	earn t
535.3525	DATA	Keypress: t
535.8417	DATA	Keypress: t
536.8883	DATA	Keypress: v
537.2430	DATA	Keypress: v
537.4455	DATA	Keypress: v
537.5128	DATA	Keypress: v held
537.6988	DATA	Keypress: v
537.9521	DATA	Keypress: v
538.2054	DATA	Keypress: v
538.4421	DATA	Keypress: v
538.5259	DATA	Keypress: v held
538.6950	DATA	Keypress: v
538.9487	DATA	Keypress: v
539.2018	DATA	Keypress: v
539.5390	DATA	Keypress: v held
539.5390	DATA	earn v
539.5394	DATA	Keypress: v
539.7591	DATA	Keypress: v
540.1139	DATA	Keypress: v
540.4007	DATA	Keypress: v
541.0086	DATA	Keypress: t
541.3125	DATA	Keypress: t
541.5828	DATA	Keypress: t
541.8362	DATA	Keypress: t
541.8862	DATA	Keypress: t held
541.8863	DATA	earn t
542.0893	DATA	Keypress: t
543.2637	DATA	Keypress: v
543.3392	DATA	Keypress: v
543.6092	DATA	Keypress: v
543.8624	DATA	Keypress: v
544.0819	DATA	Keypress: v
544.2672	DATA	Keypress: v held
544.3519	DATA	Keypress: v
544.5883	DATA	Keypress: v
545.0444	DATA	Keypress: t
545.2802	DATA	Keypress: t held
545.2802	DATA	earn t
545.4163	DATA	Keypress: t
545.7873	DATA	Keypress: t
546.0072	DATA	Keypress: t
546.2433	DATA	Keypress: t
546.6493	DATA	Keypress: t
546.6825	DATA	Keypress: t
547.5265	DATA	Keypress: v
547.6613	DATA	Keypress: v held
547.7632	DATA	Keypress: v
548.0334	DATA	Keypress: v
548.3203	DATA	Keypress: v
548.5227	DATA	Keypress: v
548.6745	DATA	Keypress: v held
548.7930	DATA	Keypress: v
549.0296	DATA	Keypress: v
549.5865	DATA	Keypress: t
549.6876	DATA	Keypress: t held
549.6877	DATA	earn t
549.8907	DATA	Keypress: t
550.1947	DATA	Keypress: t
550.4652	DATA	Keypress: t
551.0335	DATA	Keypress: t
551.0344	DATA	Keypress: t
551.3596	DATA	Keypress: t
552.0016	DATA	Keypress: v
552.0348	DATA	Keypress: v held
552.2548	DATA	Keypress: v
552.5079	DATA	Keypress: v
552.7621	DATA	Keypress: v
552.9976	DATA	Keypress: v
553.0479	DATA	Keypress: v held
553.2679	DATA	Keypress: v
553.7407	DATA	Keypress: t
554.0610	DATA	Keypress: t held
554.1293	DATA	Keypress: t
554.3823	DATA	Keypress: t
554.6527	DATA	Keypress: t
554.9227	DATA	Keypress: t
555.0742	DATA	Keypress: t held
555.0743	DATA	earn t
555.1805	DATA	Keypress: t
555.4802	DATA	Keypress: t
555.7164	DATA	Keypress: t
556.4175	DATA	Keypress: v
556.5100	DATA	Keypress: v
556.7969	DATA	Keypress: v
557.2190	DATA	Keypress: v
557.4213	DATA	Keypress: v held
557.5230	DATA	Keypress: v
557.9790	DATA	Keypress: t
558.2999	DATA	Keypress: t
558.4344	DATA	Keypress: t held
558.6206	DATA	Keypress: t
558.8745	DATA	Keypress: t
559.1611	DATA	Keypress: t
559.4476	DATA	Keypress: t held
559.4477	DATA	earn t
559.6511	DATA	Keypress: t
560.4444	DATA	Keypress: v
560.7999	DATA	Keypress: v
561.4745	DATA	Keypress: v
561.7615	DATA	Keypress: v
561.8117	DATA	Keypress: v held
561.8118	DATA	earn v
562.0322	DATA	Keypress: v
563.1722	DATA	Keypress: t
563.1729	DATA	Keypress: t
563.4838	DATA	Keypress: t
563.7552	DATA	Keypress: t
564.0073	DATA	Keypress: t
564.1758	DATA	Keypress: t held
564.1758	DATA	earn t
564.2792	DATA	Keypress: t
564.4635	DATA	Keypress: t
564.7335	DATA	Keypress: t
564.9875	DATA	Keypress: t
565.7298	DATA	Keypress: v
565.9997	DATA	Keypress: v
566.2365	DATA	Keypress: v
566.4728	DATA	Keypress: v
566.5905	DATA	Keypress: v held
566.6754	DATA	Keypress: v
567.1482	DATA	Keypress: t
567.5368	DATA	Keypress: t
567.6036	DATA	Keypress: t held
567.7730	DATA	Keypress: t
568.0431	DATA	Keypress: t
568.2966	DATA	Keypress: t
568.5664	DATA	Keypress: t
568.6168	DATA	Keypress: t held
568.8196	DATA	Keypress: t
569.0732	DATA	Keypress: t
569.3095	DATA	Keypress: t
569.5628	DATA	Keypress: t
569.6300	DATA	Keypress: t held
569.6300	DATA	earn t
570.2891	DATA	Keypress: v
571.0019	DATA	Keypress: v
571.0028	DATA	Keypress: v
571.3881	DATA	Keypress: v
571.6059	DATA	Keypress: v
571.8763	DATA	Keypress: v
572.0109	DATA	Keypress: v held
572.1465	DATA	Keypress: v
572.3657	DATA	Keypress: v
572.6023	DATA	Keypress: v
572.8893	DATA	Keypress: v
573.0240	DATA	Keypress: v held
573.1596	DATA	Keypress: v
573.4129	DATA	Keypress: v
573.6660	DATA	Keypress: v
573.9194	DATA	Keypress: v
574.0371	DATA	Keypress: v held
574.1556	DATA	Keypress: v
574.4092	DATA	Keypress: v
574.6627	DATA	Keypress: v
574.9163	DATA	Keypress: v
575.0503	DATA	Keypress: v held
575.1860	DATA	Keypress: v
575.4392	DATA	Keypress: v
575.6762	DATA	Keypress: v
575.9627	DATA	Keypress: v
576.0635	DATA	Keypress: v held
576.4525	DATA	Keypress: t
576.7393	DATA	Keypress: t
577.0095	DATA	Keypress: t
577.0766	DATA	Keypress: t held
577.2291	DATA	Keypress: t
577.5161	DATA	Keypress: t
577.7358	DATA	Keypress: t
578.0059	DATA	Keypress: t
578.0898	DATA	Keypress: t held
578.2929	DATA	Keypress: t
578.5632	DATA	Keypress: t
578.8163	DATA	Keypress: t
579.0864	DATA	Keypress: t
579.1029	DATA	Keypress: t held
579.3397	DATA	Keypress: t
579.5932	DATA	Keypress: t
579.8295	DATA	Keypress: t
580.1004	DATA	Keypress: t
580.1161	DATA	Keypress: t held
580.5893	DATA	Keypress: v
581.0133	DATA	Keypress: v
581.1293	DATA	Keypress: v held
581.2646	DATA	Keypress: v
581.5349	DATA	Keypress: v
581.8222	DATA	Keypress: v
582.0753	DATA	Keypress: v
582.1424	DATA	Keypress: v held
582.3623	DATA	Keypress: v
582.5987	DATA	Keypress: v
582.8690	DATA	Keypress: v
583.1053	DATA	Keypress: v
583.1555	DATA	Keypress: v held
583.3924	DATA	Keypress: v
583.6118	DATA	Keypress: v
583.8652	DATA	Keypress: v
584.0853	DATA	Keypress: v
584.1687	DATA	Keypress: v held
584.5747	DATA	Keypress: t
584.9628	DATA	Keypress: t
585.1819	DATA	Keypress: t held
585.1991	DATA	Keypress: t
585.4532	DATA	Keypress: t
585.7060	DATA	Keypress: t
585.9591	DATA	Keypress: t
586.1951	DATA	Keypress: t held
586.2460	DATA	Keypress: t
586.4994	DATA	Keypress: t
586.7699	DATA	Keypress: t
587.0060	DATA	Keypress: t
587.2082	DATA	Keypress: t held
587.2762	DATA	Keypress: t
587.5129	DATA	Keypress: t
587.7491	DATA	Keypress: t
588.0023	DATA	Keypress: t
588.2213	DATA	Keypress: t held
588.2213	DATA	earn t
588.3287	DATA	Keypress: t
588.5094	DATA	Keypress: t
588.9142	DATA	Keypress: t
590.0796	DATA	Keypress: v
590.3157	DATA	Keypress: v
590.5691	DATA	Keypress: v
590.6022	DATA	Keypress: v held
590.8391	DATA	Keypress: v
591.1096	DATA	Keypress: v
591.3794	DATA	Keypress: v
591.6154	DATA	Keypress: v held
591.6496	DATA	Keypress: v
591.9034	DATA	Keypress: v
592.4095	DATA	start rating L
592.4180	DATA	Keypress: v
593.3288	DATA	Keypress: v
593.8364	DATA	Keypress: v
595.9999	DATA	Keypress: return
596.0002	DATA	RatingScale rateL_scale: (key response) rating=7
596.0003	DATA	RatingScale rateL_scale: rating RT=3.591
596.0008	DATA	7.0
596.0008	DATA	end rating L
596.1200	DATA	start rating R
597.5861	DATA	Keypress: t
597.9222	DATA	Keypress: t
599.2756	DATA	Keypress: return
599.2760	DATA	RatingScale rateR_scale: (key response) rating=2
599.2760	DATA	RatingScale rateR_scale: rating RT=3.156
599.2765	DATA	2.0
599.2775	DATA	end rating R
