9.7615	DATA	version E
13.2117	DATA	Keypress: space
15.3032	DATA	Keypress: t
15.3362	DATA	Keypress: t held
15.3363	DATA	earn t
15.8940	DATA	Keypress: t
16.7555	DATA	Keypress: t
17.1438	DATA	Keypress: t
17.3795	DATA	Keypress: t held
17.5657	DATA	Keypress: t
17.9546	DATA	Keypress: t
18.3766	DATA	Keypress: t
18.4096	DATA	Keypress: t held
18.7819	DATA	Keypress: t
19.1705	DATA	Keypress: t
19.4227	DATA	Keypress: t held
19.6092	DATA	Keypress: t
19.9976	DATA	Keypress: t
20.4361	DATA	Keypress: t held
20.4366	DATA	Keypress: t
20.8430	DATA	Keypress: t
21.2639	DATA	Keypress: t
21.4493	DATA	Keypress: t held
21.4493	DATA	earn t
21.6865	DATA	Keypress: t
22.1593	DATA	Keypress: t
22.5642	DATA	Keypress: t
22.9866	DATA	Keypress: t
23.4256	DATA	Keypress: t
23.5263	DATA	Keypress: t held
23.8647	DATA	Keypress: t
24.2529	DATA	Keypress: t
24.5396	DATA	Keypress: t held
24.6922	DATA	Keypress: t
25.1144	DATA	Keypress: t
25.5528	DATA	Keypress: t held
25.5536	DATA	Keypress: t
25.9583	DATA	Keypress: t
26.4316	DATA	Keypress: t
26.5659	DATA	Keypress: t held
27.1577	DATA	Keypress: v
27.5461	DATA	Keypress: v
27.5792	DATA	Keypress: v held
27.9683	DATA	Keypress: v
28.4072	DATA	Keypress: v
28.6093	DATA	Keypress: v held
28.7802	DATA	Keypress: v
29.2009	DATA	Keypress: v
29.5895	DATA	Keypress: v
29.6225	DATA	Keypress: v held
30.0116	DATA	Keypress: v
30.4507	DATA	Keypress: v
30.6526	DATA	Keypress: v held
30.8388	DATA	Keypress: v
31.2441	DATA	Keypress: v
31.6658	DATA	Keypress: v held
31.6664	DATA	Keypress: v
32.0549	DATA	Keypress: v
32.4770	DATA	Keypress: v
32.6790	DATA	Keypress: v held
32.8822	DATA	Keypress: v
33.3044	DATA	Keypress: v
33.7092	DATA	Keypress: v held
33.7436	DATA	Keypress: v
34.1319	DATA	Keypress: v
34.5372	DATA	Keypress: v
34.7223	DATA	Keypress: v held
34.9763	DATA	Keypress: v
35.5672	DATA	Keypress: t
35.7354	DATA	Keypress: t held
35.9220	DATA	Keypress: t
36.3274	DATA	Keypress: t
36.7324	DATA	Keypress: t
36.7488	DATA	Keypress: t held
37.1547	DATA	Keypress: t
37.5601	DATA	Keypress: t
37.7620	DATA	Keypress: t held
37.7621	DATA	earn t
38.0159	DATA	Keypress: t
39.9753	DATA	Keypress: t
40.0078	DATA	Keypress: t held
40.3803	DATA	Keypress: t
40.7855	DATA	Keypress: t
41.0211	DATA	Keypress: t held
41.0212	DATA	earn t
41.1582	DATA	Keypress: t
41.9676	DATA	Keypress: t
42.3561	DATA	Keypress: t
42.7441	DATA	Keypress: t
43.0982	DATA	Keypress: t held
43.1665	DATA	Keypress: t
43.5887	DATA	Keypress: t
44.0108	DATA	Keypress: t
44.1114	DATA	Keypress: t held
44.1115	DATA	earn t
44.3992	DATA	Keypress: t
44.8386	DATA	Keypress: t
46.0709	DATA	Keypress: t
46.2053	DATA	Keypress: t held
46.2053	DATA	earn t
46.4763	DATA	Keypress: t
46.8988	DATA	Keypress: t
48.4859	DATA	Keypress: v
48.5190	DATA	Keypress: v held
48.5191	DATA	earn v
48.9420	DATA	Keypress: v
49.3992	DATA	Keypress: v
49.9043	DATA	Keypress: v
50.3773	DATA	Keypress: v
50.6130	DATA	Keypress: v held
50.7827	DATA	Keypress: v
51.2214	DATA	Keypress: v
51.6260	DATA	Keypress: v held
51.6267	DATA	Keypress: v
52.0660	DATA	Keypress: v
52.4717	DATA	Keypress: v
52.6394	DATA	Keypress: v held
52.8930	DATA	Keypress: v
53.2984	DATA	Keypress: v
53.6695	DATA	Keypress: v held
53.7378	DATA	Keypress: v
54.1427	DATA	Keypress: v
54.5480	DATA	Keypress: v
54.6827	DATA	Keypress: v held
54.9701	DATA	Keypress: v
55.4096	DATA	Keypress: v
55.7128	DATA	Keypress: v held
55.8162	DATA	Keypress: v
56.2707	DATA	Keypress: v
56.7098	DATA	Keypress: v
56.7260	DATA	Keypress: v held
57.1490	DATA	Keypress: v
57.5878	DATA	Keypress: v
57.7392	DATA	Keypress: v held
57.9762	DATA	Keypress: v
58.4492	DATA	Keypress: v
58.7525	DATA	Keypress: v held
58.9220	DATA	Keypress: v
59.3441	DATA	Keypress: v
59.7657	DATA	Keypress: v held
59.7833	DATA	Keypress: v
60.1885	DATA	Keypress: t
60.5940	DATA	Keypress: t
60.7958	DATA	Keypress: t held
60.9991	DATA	Keypress: t
61.4718	DATA	Keypress: t
61.8089	DATA	Keypress: t held
61.8941	DATA	Keypress: t
62.3333	DATA	Keypress: t
62.7721	DATA	Keypress: t
62.8222	DATA	Keypress: t held
62.8223	DATA	earn t
63.4654	DATA	Keypress: t
63.9883	DATA	Keypress: t
64.3935	DATA	Keypress: t
64.8336	DATA	Keypress: t
64.9330	DATA	Keypress: t held
65.2546	DATA	Keypress: t
65.6768	DATA	Keypress: t
65.9463	DATA	Keypress: t held
66.0822	DATA	Keypress: t
66.5381	DATA	Keypress: t
66.9595	DATA	Keypress: t held
66.9601	DATA	Keypress: t
67.4332	DATA	Keypress: t
67.8383	DATA	Keypress: t
67.9727	DATA	Keypress: t held
68.3112	DATA	Keypress: t
68.7671	DATA	Keypress: t
69.0028	DATA	Keypress: t held
69.2228	DATA	Keypress: t
69.6958	DATA	Keypress: t
70.0159	DATA	Keypress: t held
70.1180	DATA	Keypress: t
70.5572	DATA	Keypress: t
70.9792	DATA	Keypress: t
71.0292	DATA	Keypress: t held
71.4522	DATA	Keypress: t
71.8574	DATA	Keypress: t
72.0593	DATA	Keypress: t held
72.5665	DATA	Keypress: v
72.9226	DATA	Keypress: v
73.0725	DATA	Keypress: v held
73.3727	DATA	Keypress: v
73.6375	DATA	start rating L
73.8267	DATA	Keypress: v
77.9978	DATA	Keypress: v
82.1179	DATA	Keypress: v
83.9593	DATA	Keypress: return
83.9597	DATA	RatingScale rateL_scale: (key response) rating=7
83.9598	DATA	RatingScale rateL_scale: rating RT=10.322
83.9604	DATA	7.0
83.9604	DATA	end rating L
84.0727	DATA	start rating R
88.7722	DATA	Keypress: t
90.3085	DATA	Keypress: t
92.1666	DATA	Keypress: return
92.1670	DATA	RatingScale rateR_scale: (key response) rating=2
92.1670	DATA	RatingScale rateR_scale: rating RT=8.094
92.1676	DATA	2.0
92.1690	DATA	end rating R
93.6921	DATA	Keypress: t
93.7253	DATA	Keypress: t held
94.2998	DATA	Keypress: t
94.6886	DATA	Keypress: t
94.7385	DATA	Keypress: t held
95.0936	DATA	Keypress: t
95.5328	DATA	Keypress: t
95.7686	DATA	Keypress: t held
95.9382	DATA	Keypress: t
96.3267	DATA	Keypress: t
96.7149	DATA	Keypress: t
96.7817	DATA	Keypress: t held
97.1202	DATA	Keypress: t
97.5256	DATA	Keypress: t
97.7950	DATA	Keypress: t held
97.9647	DATA	Keypress: t
98.3529	DATA	Keypress: t
98.7753	DATA	Keypress: t
98.8082	DATA	Keypress: t held
98.8083	DATA	earn t
99.1975	DATA	Keypress: t
99.7208	DATA	Keypress: t
100.1429	DATA	Keypress: t
100.6158	DATA	Keypress: t
100.9529	DATA	Keypress: t held
101.0381	DATA	Keypress: t
101.4954	DATA	Keypress: t
101.9497	DATA	Keypress: t
101.9660	DATA	Keypress: t held
102.3891	DATA	Keypress: t
102.8112	DATA	Keypress: t
102.9793	DATA	Keypress: t held
103.2331	DATA	Keypress: t
103.6386	DATA	Keypress: t
104.0094	DATA	Keypress: t held
104.0439	DATA	Keypress: t
104.4830	DATA	Keypress: t
104.9221	DATA	Keypress: t
105.0226	DATA	Keypress: t held
105.3781	DATA	Keypress: t
106.0527	DATA	Keypress: t held
106.0719	DATA	Keypress: v
106.4926	DATA	Keypress: v
106.9147	DATA	Keypress: v
107.0659	DATA	Keypress: v held
107.3370	DATA	Keypress: v
107.7603	DATA	Keypress: v
108.0791	DATA	Keypress: v held
108.1980	DATA	Keypress: v
108.6201	DATA	Keypress: v
109.0593	DATA	Keypress: v
109.0924	DATA	Keypress: v held
109.4645	DATA	Keypress: v
109.8868	DATA	Keypress: v
110.1055	DATA	Keypress: v held
110.3260	DATA	Keypress: v
110.7649	DATA	Keypress: v
111.1188	DATA	Keypress: v held
111.1870	DATA	Keypress: v
111.6430	DATA	Keypress: v
112.1156	DATA	Keypress: v
112.1489	DATA	Keypress: v held
112.1489	DATA	earn v
112.5721	DATA	Keypress: v
113.2669	DATA	Keypress: v
113.6864	DATA	Keypress: v
114.1592	DATA	Keypress: v
114.2766	DATA	Keypress: v held
114.5646	DATA	Keypress: v
114.9866	DATA	Keypress: v
115.2899	DATA	Keypress: v held
115.4258	DATA	Keypress: v
115.8310	DATA	Keypress: v
116.2700	DATA	Keypress: v
116.3031	DATA	Keypress: v held
116.6922	DATA	Keypress: v
117.0975	DATA	Keypress: v
117.3333	DATA	Keypress: v held
117.5701	DATA	Keypress: v
117.9756	DATA	Keypress: v
118.3465	DATA	Keypress: v held
118.4314	DATA	Keypress: v
118.8540	DATA	Keypress: v
119.3597	DATA	Keypress: v held
119.3597	DATA	earn v
119.4781	DATA	Keypress: t
119.7825	DATA	Keypress: t
121.0998	DATA	Keypress: t
121.5051	DATA	Keypress: t
121.5381	DATA	Keypress: t held
121.9103	DATA	Keypress: t
122.3326	DATA	Keypress: t
122.5682	DATA	Keypress: t held
122.7207	DATA	Keypress: t
123.1598	DATA	Keypress: t
123.5814	DATA	Keypress: t held
123.6158	DATA	Keypress: t
124.0549	DATA	Keypress: t
124.4771	DATA	Keypress: t
124.5946	DATA	Keypress: t held
124.8993	DATA	Keypress: t
125.3046	DATA	Keypress: t
125.6247	DATA	Keypress: t held
125.6248	DATA	earn t
125.7438	DATA	Keypress: t
126.1826	DATA	Keypress: t
126.7729	DATA	Keypress: t
127.1114	DATA	Keypress: t
127.6181	DATA	Keypress: t
127.7862	DATA	Keypress: t held
127.7862	DATA	earn t
128.1248	DATA	Keypress: t
128.6145	DATA	Keypress: t
129.0872	DATA	Keypress: t
129.5430	DATA	Keypress: t
129.9646	DATA	Keypress: t held
130.0329	DATA	Keypress: t
130.5058	DATA	Keypress: t
130.9108	DATA	Keypress: t
130.9778	DATA	Keypress: t held
131.3502	DATA	Keypress: t
131.7553	DATA	Keypress: t
131.9910	DATA	Keypress: t held
132.2282	DATA	Keypress: t
132.6673	DATA	Keypress: t
133.0043	DATA	Keypress: t held
133.0893	DATA	Keypress: t
133.5285	DATA	Keypress: t
133.9844	DATA	Keypress: t
134.0175	DATA	Keypress: t held
134.4236	DATA	Keypress: t
134.8625	DATA	Keypress: t
135.0306	DATA	Keypress: t held
135.5380	DATA	Keypress: v
135.9433	DATA	Keypress: v
136.0439	DATA	Keypress: v held
136.3654	DATA	Keypress: v
136.8046	DATA	Keypress: v
137.0571	DATA	Keypress: v held
137.3112	DATA	Keypress: v
137.7333	DATA	Keypress: v
138.0703	DATA	Keypress: v held
138.1552	DATA	Keypress: v
138.5945	DATA	Keypress: v
139.0337	DATA	Keypress: v
139.1004	DATA	Keypress: v held
139.4558	DATA	Keypress: v
139.8782	DATA	Keypress: v
140.1136	DATA	Keypress: v held
140.3340	DATA	Keypress: v
140.7575	DATA	Keypress: v
141.1269	DATA	Keypress: v held
141.1612	DATA	Keypress: v
141.5833	DATA	Keypress: v
142.0225	DATA	Keypress: v
142.1401	DATA	Keypress: v held
142.1401	DATA	earn v
142.4618	DATA	Keypress: v
143.2752	DATA	Keypress: v
143.6270	DATA	Keypress: v
144.0659	DATA	Keypress: v
144.3016	DATA	Keypress: v held
144.4881	DATA	Keypress: v
144.9104	DATA	Keypress: v
145.3149	DATA	Keypress: v held
145.3323	DATA	Keypress: v
145.7714	DATA	Keypress: v
146.2105	DATA	Keypress: v
146.3282	DATA	Keypress: v held
146.6328	DATA	Keypress: v
147.1053	DATA	Keypress: v
147.3582	DATA	Keypress: v held
147.5277	DATA	Keypress: v
147.9500	DATA	Keypress: v
148.3714	DATA	Keypress: v held
148.4059	DATA	Keypress: v
148.8614	DATA	Keypress: v
149.3009	DATA	Keypress: v
149.3847	DATA	Keypress: v held
149.7228	DATA	Keypress: v
150.1452	DATA	Keypress: v
150.3979	DATA	Keypress: v held
150.6011	DATA	Keypress: v
151.0403	DATA	Keypress: v
151.4111	DATA	Keypress: v held
151.4795	DATA	Keypress: v
152.0872	DATA	Keypress: t
152.5597	DATA	start rating L
152.5683	DATA	Keypress: t
155.8462	DATA	Keypress: v
156.7075	DATA	Keypress: v
160.0172	DATA	Keypress: v
161.4017	DATA	Keypress: return
161.4020	DATA	RatingScale rateL_scale: (key response) rating=6
161.4021	DATA	RatingScale rateL_scale: rating RT=8.842
161.4026	DATA	6.0
161.4026	DATA	end rating L
161.5113	DATA	start rating R
165.1689	DATA	Keypress: t
168.3252	DATA	Keypress: return
168.3256	DATA	RatingScale rateR_scale: (key response) rating=3
168.3257	DATA	RatingScale rateR_scale: rating RT=6.814
168.3262	DATA	3.0
168.3272	DATA	end rating R
169.8859	DATA	Keypress: t
169.9022	DATA	Keypress: t held
170.3927	DATA	Keypress: t
170.8317	DATA	Keypress: t
170.9323	DATA	Keypress: t held
171.2707	DATA	Keypress: t
171.7095	DATA	Keypress: t
171.9455	DATA	Keypress: t held
172.1489	DATA	Keypress: t
172.6050	DATA	Keypress: t
172.9587	DATA	Keypress: t held
173.0101	DATA	Keypress: t
173.4322	DATA	Keypress: t
173.8375	DATA	Keypress: t
173.9719	DATA	Keypress: t held
173.9720	DATA	earn t
174.2597	DATA	Keypress: t
174.7328	DATA	Keypress: t
175.3237	DATA	Keypress: t
175.7796	DATA	Keypress: t
176.1841	DATA	Keypress: t held
176.2022	DATA	Keypress: t
176.6409	DATA	Keypress: t
177.0967	DATA	Keypress: t
177.1973	DATA	Keypress: t held
177.5020	DATA	Keypress: t
177.9580	DATA	Keypress: t
178.2105	DATA	Keypress: t held
178.3463	DATA	Keypress: t
178.7854	DATA	Keypress: t
179.2238	DATA	Keypress: t held
179.2238	DATA	earn t
179.2245	DATA	Keypress: t
179.8509	DATA	Keypress: t
180.4406	DATA	Keypress: t
180.7444	DATA	Keypress: t
181.2171	DATA	Keypress: t
181.4528	DATA	Keypress: t held
181.6563	DATA	Keypress: t
182.0952	DATA	Keypress: t
182.4662	DATA	Keypress: t held
182.4662	DATA	earn t
182.5634	DATA	Keypress: t
183.3634	DATA	Keypress: t
183.8345	DATA	Keypress: t
184.3076	DATA	Keypress: t
184.6445	DATA	Keypress: t held
184.7466	DATA	Keypress: t
185.2024	DATA	Keypress: t
185.6578	DATA	Keypress: t held
185.6578	DATA	earn t
185.7490	DATA	Keypress: t
186.9754	DATA	Keypress: v
187.4821	DATA	Keypress: v
187.8704	DATA	Keypress: v held
187.9042	DATA	Keypress: v
188.3433	DATA	Keypress: v
188.7656	DATA	Keypress: v
188.8831	DATA	Keypress: v held
189.2216	DATA	Keypress: v
189.6944	DATA	Keypress: v
189.8963	DATA	Keypress: v held
190.1336	DATA	Keypress: v
190.5728	DATA	Keypress: v
190.9096	DATA	Keypress: v held
191.0130	DATA	Keypress: v
191.4676	DATA	Keypress: v
191.9227	DATA	Keypress: v held
191.9402	DATA	Keypress: v
192.3967	DATA	Keypress: v
192.8862	DATA	Keypress: v
192.9360	DATA	Keypress: v held
193.3252	DATA	Keypress: v
193.7812	DATA	Keypress: v
193.9661	DATA	Keypress: v held
193.9662	DATA	earn v
194.2370	DATA	Keypress: v
195.1774	DATA	Keypress: v
195.4360	DATA	Keypress: v
195.9089	DATA	Keypress: v
196.1782	DATA	Keypress: v held
196.1783	DATA	earn v
196.3315	DATA	Keypress: v
197.4112	DATA	Keypress: v
197.5807	DATA	Keypress: v
198.0376	DATA	Keypress: v
198.4243	DATA	Keypress: v held
198.4757	DATA	Keypress: v
198.9145	DATA	Keypress: v
199.3876	DATA	Keypress: v
199.4544	DATA	Keypress: v held
199.8097	DATA	Keypress: v
200.2487	DATA	Keypress: v
200.4676	DATA	Keypress: v held
200.6879	DATA	Keypress: v
201.1606	DATA	Keypress: v
201.4808	DATA	Keypress: v held
201.5995	DATA	Keypress: v
202.0556	DATA	Keypress: v
202.5109	DATA	Keypress: v held
202.5118	DATA	Keypress: v
202.9508	DATA	Keypress: v
203.4403	DATA	Keypress: v
203.5241	DATA	Keypress: v held
203.5242	DATA	earn v
204.4201	DATA	Keypress: v
204.8926	DATA	Keypress: v
205.3655	DATA	Keypress: v
205.7363	DATA	Keypress: v held
205.8046	DATA	Keypress: v
206.7495	DATA	Keypress: v held
207.0549	DATA	Keypress: t
207.4934	DATA	Keypress: t
207.7627	DATA	Keypress: t held
207.9492	DATA	Keypress: t
208.3713	DATA	Keypress: t
208.7759	DATA	Keypress: t held
208.8104	DATA	Keypress: t
209.2326	DATA	Keypress: t
209.6390	DATA	Keypress: t
209.7891	DATA	Keypress: t held
210.1107	DATA	Keypress: t
210.5667	DATA	Keypress: t
210.8023	DATA	Keypress: t held
211.0226	DATA	Keypress: t
211.4798	DATA	Keypress: t
211.8155	DATA	Keypress: t held
211.9514	DATA	Keypress: t
212.4075	DATA	Keypress: t
212.8457	DATA	Keypress: t held
212.8803	DATA	Keypress: t
213.3529	DATA	Keypress: t
213.8258	DATA	Keypress: t
213.8589	DATA	Keypress: t held
214.3326	DATA	Keypress: t
214.7714	DATA	Keypress: t
214.8721	DATA	Keypress: t held
215.2105	DATA	Keypress: t
215.7003	DATA	Keypress: t
215.9022	DATA	Keypress: t held
216.5445	DATA	Keypress: v
216.9154	DATA	Keypress: v held
216.9666	DATA	Keypress: v
217.4566	DATA	Keypress: v
217.8956	DATA	Keypress: v
217.9286	DATA	Keypress: v held
218.3531	DATA	Keypress: v
218.8086	DATA	Keypress: v
218.9418	DATA	Keypress: v held
219.2803	DATA	Keypress: v
219.7365	DATA	Keypress: v
219.9551	DATA	Keypress: v held
220.1753	DATA	Keypress: v
220.6313	DATA	Keypress: v
220.9682	DATA	Keypress: v held
221.0702	DATA	Keypress: v
221.5095	DATA	Keypress: v
221.9653	DATA	Keypress: v
221.9815	DATA	Keypress: v held
222.4551	DATA	Keypress: v
222.9279	DATA	Keypress: v
222.9951	DATA	Keypress: v held
223.3837	DATA	Keypress: v
223.8396	DATA	Keypress: v
224.0079	DATA	Keypress: v held
224.3466	DATA	Keypress: v
225.0212	DATA	Keypress: v held
225.1568	DATA	Keypress: t
225.5959	DATA	Keypress: t
226.0344	DATA	Keypress: t held
226.0344	DATA	earn t
226.1358	DATA	Keypress: t
227.2847	DATA	Keypress: t
227.7744	DATA	Keypress: t
228.2135	DATA	Keypress: t
228.2634	DATA	Keypress: t held
228.7645	DATA	start rating L
228.7731	DATA	Keypress: t
231.6007	DATA	Keypress: v
232.0440	DATA	Keypress: v
235.4338	DATA	Keypress: return
235.4342	DATA	RatingScale rateL_scale: (key response) rating=5
235.4342	DATA	RatingScale rateL_scale: rating RT=6.670
235.4347	DATA	5.0
235.4347	DATA	end rating L
235.5602	DATA	start rating R
237.0385	DATA	Keypress: t
238.2230	DATA	Keypress: t
240.7539	DATA	Keypress: return
240.7542	DATA	RatingScale rateR_scale: (key response) rating=2
240.7543	DATA	RatingScale rateR_scale: rating RT=5.194
240.7548	DATA	2.0
240.7558	DATA	end rating R
242.1283	DATA	Keypress: t
242.1444	DATA	Keypress: t held
242.5843	DATA	Keypress: t
242.9897	DATA	Keypress: t
243.1576	DATA	Keypress: t held
243.3962	DATA	Keypress: t
243.8168	DATA	Keypress: t
244.1878	DATA	Keypress: t held
244.2898	DATA	Keypress: t
244.7121	DATA	Keypress: t
245.1678	DATA	Keypress: t
245.2009	DATA	Keypress: t held
245.5901	DATA	Keypress: t
246.0630	DATA	Keypress: t
246.2311	DATA	Keypress: t held
246.4690	DATA	Keypress: t
246.9242	DATA	Keypress: t
247.2443	DATA	Keypress: t held
247.2444	DATA	earn t
247.3650	DATA	Keypress: t
248.5169	DATA	Keypress: t
248.6973	DATA	Keypress: t
249.1364	DATA	Keypress: t
249.5410	DATA	Keypress: t held
249.5756	DATA	Keypress: t
249.9815	DATA	Keypress: t
250.4028	DATA	Keypress: t
250.5541	DATA	Keypress: t held
250.5541	DATA	earn t
250.8760	DATA	Keypress: t
251.7878	DATA	Keypress: t
252.0915	DATA	Keypress: t
252.5308	DATA	Keypress: t
252.8002	DATA	Keypress: t held
252.8002	DATA	earn t
252.9362	DATA	Keypress: t
253.7634	DATA	Keypress: t
254.2025	DATA	Keypress: t
254.6586	DATA	Keypress: t
255.0798	DATA	Keypress: t held
255.1142	DATA	Keypress: t
255.8574	DATA	Keypress: v
256.1100	DATA	Keypress: v held
256.2462	DATA	Keypress: v
256.6849	DATA	Keypress: v
257.1232	DATA	Keypress: v held
257.1236	DATA	Keypress: v
257.5459	DATA	Keypress: v
257.9854	DATA	Keypress: v
258.1366	DATA	Keypress: v held
258.4409	DATA	Keypress: v
258.8801	DATA	Keypress: v
259.1496	DATA	Keypress: v held
259.3189	DATA	Keypress: v
259.7920	DATA	Keypress: v
260.1628	DATA	Keypress: v held
260.2149	DATA	Keypress: v
260.6530	DATA	Keypress: v
261.1092	DATA	Keypress: v
261.1761	DATA	Keypress: v held
261.5654	DATA	Keypress: v
262.0040	DATA	Keypress: v
262.1892	DATA	Keypress: v held
262.4772	DATA	Keypress: v
262.9499	DATA	Keypress: v
263.2025	DATA	Keypress: v held
263.4226	DATA	Keypress: v
263.8792	DATA	Keypress: v
264.2157	DATA	Keypress: v held
264.3516	DATA	Keypress: v
264.8244	DATA	Keypress: v
265.2289	DATA	Keypress: v held
265.2290	DATA	earn v
265.3407	DATA	Keypress: v
266.1586	DATA	Keypress: v
266.6313	DATA	Keypress: v
267.0870	DATA	Keypress: v
267.5255	DATA	Keypress: v held
267.5261	DATA	Keypress: v
268.0005	DATA	Keypress: v
268.4383	DATA	Keypress: v
268.5388	DATA	Keypress: v held
268.8938	DATA	Keypress: v
269.3839	DATA	Keypress: v
269.5520	DATA	Keypress: v held
269.5521	DATA	earn v
269.8246	DATA	Keypress: v
270.8330	DATA	Keypress: v
271.1569	DATA	Keypress: v
271.6130	DATA	Keypress: v
271.8486	DATA	Keypress: v held
272.0519	DATA	Keypress: v
272.5077	DATA	Keypress: v
272.8619	DATA	Keypress: v held
272.9977	DATA	Keypress: v
273.4364	DATA	Keypress: v
273.8751	DATA	Keypress: v held
273.9265	DATA	Keypress: v
274.3993	DATA	Keypress: v
274.8552	DATA	Keypress: v
274.8882	DATA	Keypress: v held
275.3111	DATA	Keypress: v
275.8516	DATA	Keypress: v
275.9184	DATA	Keypress: v held
276.7295	DATA	Keypress: t
276.9316	DATA	Keypress: t held
277.1854	DATA	Keypress: t
277.7092	DATA	Keypress: t
277.9448	DATA	Keypress: t held
278.1145	DATA	Keypress: t
278.5374	DATA	Keypress: t
278.9579	DATA	Keypress: t held
279.0093	DATA	Keypress: t
279.4655	DATA	Keypress: t
279.9044	DATA	Keypress: t
279.9712	DATA	Keypress: t held
280.3782	DATA	Keypress: t
280.8343	DATA	Keypress: t
280.9844	DATA	Keypress: t held
280.9845	DATA	earn t
281.3061	DATA	Keypress: t
282.2727	DATA	Keypress: t
282.7246	DATA	Keypress: t
283.1298	DATA	Keypress: t
283.2810	DATA	Keypress: t held
283.2811	DATA	earn t
283.5874	DATA	Keypress: t
284.6178	DATA	Keypress: t
284.9198	DATA	Keypress: t
285.3758	DATA	Keypress: t
285.6284	DATA	Keypress: t held
285.8656	DATA	Keypress: t
286.3229	DATA	Keypress: t
286.6420	DATA	Keypress: t held
286.7948	DATA	Keypress: t
287.3007	DATA	Keypress: t
287.6717	DATA	Keypress: t held
287.6718	DATA	earn t
287.7908	DATA	Keypress: t
288.9560	DATA	Keypress: t
289.4285	DATA	Keypress: t
289.8675	DATA	Keypress: t
289.9683	DATA	Keypress: t held
290.3067	DATA	Keypress: t
290.7458	DATA	Keypress: t
290.9815	DATA	Keypress: t held
291.2186	DATA	Keypress: t
291.6748	DATA	Keypress: t
291.9947	DATA	Keypress: t held
291.9948	DATA	earn t
292.1139	DATA	Keypress: t
293.9035	DATA	Keypress: v
294.3420	DATA	Keypress: v held
294.3766	DATA	Keypress: v
294.7819	DATA	Keypress: v
295.2377	DATA	Keypress: v
295.3553	DATA	Keypress: v held
295.6768	DATA	Keypress: v
296.1163	DATA	Keypress: v
296.3854	DATA	Keypress: v held
296.5887	DATA	Keypress: v
297.0611	DATA	Keypress: v
297.3986	DATA	Keypress: v held
297.3986	DATA	earn v
297.5347	DATA	Keypress: v
298.6879	DATA	Keypress: v
299.2228	DATA	Keypress: v
299.6951	DATA	Keypress: v held
299.6959	DATA	Keypress: v
300.1011	DATA	Keypress: v
300.5741	DATA	Keypress: v
300.7084	DATA	Keypress: v held
301.2875	DATA	start rating L
301.2963	DATA	Keypress: v
301.5638	DATA	Keypress: v
305.4141	DATA	Keypress: return
305.4144	DATA	RatingScale rateL_scale: (key response) rating=6
305.4145	DATA	RatingScale rateL_scale: rating RT=4.127
305.4150	DATA	6.0
305.4150	DATA	end rating L
305.5293	DATA	start rating R
307.3891	DATA	Keypress: t
308.0653	DATA	Keypress: t
309.6354	DATA	Keypress: return
309.6358	DATA	RatingScale rateR_scale: (key response) rating=2
309.6359	DATA	RatingScale rateR_scale: rating RT=4.106
309.6363	DATA	2.0
309.6373	DATA	end rating R
311.1790	DATA	Keypress: t
311.2120	DATA	Keypress: t held
311.6354	DATA	Keypress: t
312.0571	DATA	Keypress: t
312.2252	DATA	Keypress: t held
312.4629	DATA	Keypress: t
313.0026	DATA	Keypress: t
313.2384	DATA	Keypress: t held
313.4083	DATA	Keypress: t
313.8639	DATA	Keypress: t
314.2516	DATA	Keypress: t held
314.3200	DATA	Keypress: t
314.7253	DATA	Keypress: t
315.1472	DATA	Keypress: t
315.2647	DATA	Keypress: t held
315.6034	DATA	Keypress: t
316.0762	DATA	Keypress: t
316.2781	DATA	Keypress: t held
316.5154	DATA	Keypress: t
316.9374	DATA	Keypress: t
317.2913	DATA	Keypress: t held
317.3935	DATA	Keypress: t
317.8663	DATA	Keypress: t
318.3045	DATA	Keypress: t held
318.3053	DATA	Keypress: t
318.7443	DATA	Keypress: t
319.2002	DATA	Keypress: t
319.3178	DATA	Keypress: t held
319.6898	DATA	Keypress: t
320.1459	DATA	Keypress: t
320.3311	DATA	Keypress: t held
320.3311	DATA	earn t
320.6190	DATA	Keypress: t
321.6928	DATA	Keypress: t
321.9528	DATA	Keypress: t
322.3766	DATA	Keypress: t
322.6952	DATA	Keypress: t held
322.8310	DATA	Keypress: t
323.2702	DATA	Keypress: t
323.7084	DATA	Keypress: t held
323.7260	DATA	Keypress: t
324.1817	DATA	Keypress: t
324.6379	DATA	Keypress: t
324.7385	DATA	Keypress: t held
325.0599	DATA	Keypress: t
325.4992	DATA	Keypress: t
325.7516	DATA	Keypress: t held
325.9721	DATA	Keypress: t
326.3605	DATA	Keypress: t
326.7649	DATA	Keypress: t held
326.7650	DATA	earn t
326.8572	DATA	Keypress: t
328.8257	DATA	Keypress: v
329.0953	DATA	Keypress: v held
329.0954	DATA	earn v
329.2648	DATA	Keypress: v
329.7211	DATA	Keypress: v
330.4361	DATA	Keypress: v
330.6160	DATA	Keypress: v
331.0549	DATA	Keypress: v
331.4595	DATA	Keypress: v held
331.4596	DATA	earn v
331.5788	DATA	Keypress: v
331.9839	DATA	Keypress: v
332.4399	DATA	Keypress: v
332.9125	DATA	Keypress: v
333.3518	DATA	Keypress: v
333.8068	DATA	Keypress: v held
333.8068	DATA	earn v
333.9217	DATA	Keypress: v
334.2988	DATA	Keypress: v
334.8042	DATA	Keypress: v
335.2595	DATA	Keypress: v
335.7664	DATA	Keypress: v
336.1877	DATA	Keypress: v held
336.2223	DATA	Keypress: v
336.6614	DATA	Keypress: v
337.1341	DATA	Keypress: v
337.2008	DATA	Keypress: v held
337.6239	DATA	Keypress: v
338.1137	DATA	Keypress: v
338.2142	DATA	Keypress: v held
338.2143	DATA	earn v
338.5698	DATA	Keypress: v
339.5942	DATA	Keypress: v
339.8530	DATA	Keypress: v
340.3089	DATA	Keypress: v
340.5953	DATA	Keypress: v held
340.7818	DATA	Keypress: v
341.2546	DATA	Keypress: v
341.6255	DATA	Keypress: v held
341.7272	DATA	Keypress: v
342.2003	DATA	Keypress: v
342.6387	DATA	Keypress: v held
342.6387	DATA	earn v
342.6394	DATA	Keypress: v
343.4163	DATA	Keypress: v
344.0490	DATA	Keypress: v
344.7672	DATA	Keypress: t
345.0534	DATA	Keypress: t held
345.2059	DATA	Keypress: t
345.6453	DATA	Keypress: t
346.0667	DATA	Keypress: t held
346.0675	DATA	Keypress: t
346.4896	DATA	Keypress: t
346.9622	DATA	Keypress: t
347.0798	DATA	Keypress: t held
347.4015	DATA	Keypress: t
347.8743	DATA	Keypress: t
348.1100	DATA	Keypress: t held
348.3473	DATA	Keypress: t
348.7862	DATA	Keypress: t
349.1232	DATA	Keypress: t held
349.2589	DATA	Keypress: t
349.7488	DATA	Keypress: t
350.1364	DATA	Keypress: t held
350.2046	DATA	Keypress: t
350.6606	DATA	Keypress: t
351.1665	DATA	Keypress: t held
351.1673	DATA	Keypress: t
351.6064	DATA	Keypress: t
352.1795	DATA	Keypress: t held
352.3170	DATA	Keypress: v
352.7882	DATA	Keypress: v
353.1929	DATA	Keypress: v held
353.2274	DATA	Keypress: v
353.6496	DATA	Keypress: v
354.0886	DATA	Keypress: v
354.2061	DATA	Keypress: v held
354.5783	DATA	Keypress: v
355.0512	DATA	Keypress: v
355.2194	DATA	Keypress: v held
355.4902	DATA	Keypress: v
355.9630	DATA	Keypress: v
356.2324	DATA	Keypress: v held
356.2324	DATA	earn v
356.4362	DATA	Keypress: v
357.6022	DATA	Keypress: v
357.9052	DATA	Keypress: v
358.3104	DATA	Keypress: v
358.6138	DATA	Keypress: v held
358.7495	DATA	Keypress: v
359.2054	DATA	Keypress: v
359.6269	DATA	Keypress: v held
359.6952	DATA	Keypress: v
360.1340	DATA	Keypress: v
360.6240	DATA	Keypress: v
360.6401	DATA	Keypress: v held
361.0632	DATA	Keypress: v
361.5528	DATA	Keypress: v
361.6533	DATA	Keypress: v held
361.6534	DATA	earn v
362.0088	DATA	Keypress: v
363.2752	DATA	Keypress: t
364.0175	DATA	Keypress: t held
364.0518	DATA	Keypress: t
364.5079	DATA	Keypress: t
364.9132	DATA	Keypress: t
365.0310	DATA	Keypress: t held
365.3691	DATA	Keypress: t
365.8418	DATA	Keypress: t
366.0607	DATA	Keypress: t held
366.2643	DATA	Keypress: t
366.7034	DATA	Keypress: t
367.0740	DATA	Keypress: t held
367.1590	DATA	Keypress: t
367.5984	DATA	Keypress: t
368.0872	DATA	Keypress: t held
368.0873	DATA	earn t
368.0880	DATA	Keypress: t
369.0169	DATA	Keypress: t
369.5236	DATA	Keypress: t
370.2552	DATA	start rating L
370.2639	DATA	Keypress: t
370.4623	DATA	Keypress: t
372.2011	DATA	Keypress: v
376.7272	DATA	Keypress: return
376.7276	DATA	RatingScale rateL_scale: (key response) rating=3
376.7276	DATA	RatingScale rateL_scale: rating RT=6.472
376.7281	DATA	3.0
376.7281	DATA	end rating L
376.8390	DATA	start rating R
378.2640	DATA	Keypress: v
378.9905	DATA	Keypress: v
382.5534	DATA	Keypress: return
382.5538	DATA	RatingScale rateR_scale: (key response) rating=6
382.5539	DATA	RatingScale rateR_scale: rating RT=5.715
382.5546	DATA	6.0
382.5559	DATA	end rating R
384.3670	DATA	Keypress: t
384.3832	DATA	Keypress: t held
384.3832	DATA	earn t
384.8400	DATA	Keypress: t
385.7936	DATA	Keypress: t
385.8362	DATA	Keypress: t
386.2752	DATA	Keypress: t
386.7143	DATA	Keypress: t
386.8148	DATA	Keypress: t held
386.8149	DATA	earn t
387.1538	DATA	Keypress: t
387.7107	DATA	Keypress: t
388.2400	DATA	Keypress: t
388.5887	DATA	Keypress: t
389.0108	DATA	Keypress: t
389.2464	DATA	Keypress: t held
389.2465	DATA	earn t
389.4504	DATA	Keypress: t
390.1424	DATA	Keypress: t
390.6507	DATA	Keypress: t
391.1218	DATA	Keypress: t
391.5607	DATA	Keypress: t
391.6613	DATA	Keypress: t held
391.6614	DATA	earn t
392.0000	DATA	Keypress: t
392.5064	DATA	Keypress: t
393.0735	DATA	Keypress: t
393.5197	DATA	Keypress: t
393.9925	DATA	Keypress: t
394.0762	DATA	Keypress: t held
394.4822	DATA	Keypress: t
394.9213	DATA	Keypress: t
395.0896	DATA	Keypress: t held
395.4449	DATA	Keypress: t
395.9854	DATA	Keypress: t
396.1196	DATA	Keypress: t held
396.1196	DATA	earn t
396.4583	DATA	Keypress: t
397.8766	DATA	Keypress: v
398.3494	DATA	Keypress: v
398.6019	DATA	Keypress: v held
398.6020	DATA	earn v
398.7716	DATA	Keypress: v
399.4134	DATA	Keypress: v
400.1037	DATA	Keypress: v
400.3590	DATA	Keypress: v
400.8486	DATA	Keypress: v
401.1180	DATA	Keypress: v held
401.2875	DATA	Keypress: v
401.7944	DATA	Keypress: v
402.1312	DATA	Keypress: v held
402.2333	DATA	Keypress: v
402.7062	DATA	Keypress: v
403.1445	DATA	Keypress: v held
403.1790	DATA	Keypress: v
403.6350	DATA	Keypress: v
404.0907	DATA	Keypress: v
404.1577	DATA	Keypress: v held
404.5976	DATA	Keypress: v
405.0367	DATA	Keypress: v
405.1709	DATA	Keypress: v held
405.5094	DATA	Keypress: v
405.9489	DATA	Keypress: v
406.2010	DATA	Keypress: v held
406.4384	DATA	Keypress: v
406.9617	DATA	Keypress: v
407.2142	DATA	Keypress: v held
407.4342	DATA	Keypress: v
407.9071	DATA	Keypress: v
408.2274	DATA	Keypress: v held
408.4309	DATA	Keypress: v
408.8868	DATA	Keypress: v
409.2407	DATA	Keypress: v held
409.2407	DATA	earn v
409.4443	DATA	Keypress: v
410.1197	DATA	Keypress: v
410.6640	DATA	Keypress: v
411.1158	DATA	Keypress: v
411.6225	DATA	Keypress: v
411.6893	DATA	Keypress: v held
412.0277	DATA	Keypress: v
412.5177	DATA	Keypress: v
412.7025	DATA	Keypress: v held
413.0239	DATA	Keypress: v
413.5141	DATA	Keypress: v
413.7158	DATA	Keypress: v held
414.1724	DATA	Keypress: t
414.6284	DATA	Keypress: t
414.7290	DATA	Keypress: t held
415.1183	DATA	Keypress: t
415.5403	DATA	Keypress: t
415.7422	DATA	Keypress: t held
415.9623	DATA	Keypress: t
416.4015	DATA	Keypress: t
416.7723	DATA	Keypress: t held
416.8405	DATA	Keypress: t
417.3300	DATA	Keypress: t
417.7854	DATA	Keypress: t held
417.8549	DATA	Keypress: t
418.3436	DATA	Keypress: t
418.7987	DATA	Keypress: t held
418.7988	DATA	earn t
418.8957	DATA	Keypress: t
419.3061	DATA	Keypress: t
420.2223	DATA	Keypress: t
420.3190	DATA	Keypress: t
420.8088	DATA	Keypress: t
421.2473	DATA	Keypress: t held
421.2816	DATA	Keypress: t
421.7547	DATA	Keypress: t
422.2272	DATA	Keypress: t
422.2605	DATA	Keypress: t held
422.7341	DATA	Keypress: t
423.2076	DATA	Keypress: t
423.2737	DATA	Keypress: t held
423.2737	DATA	earn t
423.6636	DATA	Keypress: t
424.1525	DATA	Keypress: t
424.7217	DATA	Keypress: t
425.1995	DATA	Keypress: t
425.6723	DATA	Keypress: t
425.7223	DATA	Keypress: t held
426.1449	DATA	Keypress: t
426.6689	DATA	Keypress: t
426.7356	DATA	Keypress: t held
426.7357	DATA	earn t
427.4458	DATA	Keypress: t
428.2157	DATA	Keypress: t
428.6952	DATA	Keypress: t
429.2017	DATA	Keypress: t
429.2179	DATA	Keypress: t held
429.7084	DATA	Keypress: t
430.1981	DATA	Keypress: t
430.2309	DATA	Keypress: t held
430.7892	DATA	Keypress: t
431.1943	DATA	Keypress: t
431.2612	DATA	Keypress: t held
431.7012	DATA	Keypress: t
432.2246	DATA	Keypress: t
432.2744	DATA	Keypress: t held
432.6975	DATA	Keypress: t
433.1702	DATA	Keypress: t
433.3045	DATA	Keypress: t held
433.6769	DATA	Keypress: t
434.1833	DATA	Keypress: t
434.3178	DATA	Keypress: t held
434.3179	DATA	earn t
435.0617	DATA	Keypress: t
435.7735	DATA	Keypress: t
436.2773	DATA	Keypress: t
436.7671	DATA	Keypress: t
436.8002	DATA	Keypress: t held
437.2230	DATA	Keypress: t
437.6791	DATA	Keypress: t
437.8133	DATA	Keypress: t held
437.8134	DATA	earn t
438.2196	DATA	Keypress: t
439.2540	DATA	Keypress: t
439.5365	DATA	Keypress: t
440.2619	DATA	Keypress: t held
440.2964	DATA	Keypress: t
440.9887	DATA	Keypress: v
441.2920	DATA	Keypress: v held
441.2921	DATA	earn v
441.5463	DATA	Keypress: v
442.7447	DATA	Keypress: v
443.4828	DATA	start rating L
443.4919	DATA	Keypress: v
446.0824	DATA	Keypress: v
446.7916	DATA	Keypress: v
448.0557	DATA	Keypress: return
448.0560	DATA	RatingScale rateL_scale: (key response) rating=7
448.0560	DATA	RatingScale rateL_scale: rating RT=4.573
448.0564	DATA	7.0
448.0565	DATA	end rating L
448.1649	DATA	start rating R
449.4895	DATA	Keypress: t
450.1356	DATA	Keypress: t
452.3301	DATA	Keypress: return
452.3305	DATA	RatingScale rateR_scale: (key response) rating=2
452.3306	DATA	RatingScale rateR_scale: rating RT=4.166
452.3311	DATA	2.0
452.3321	DATA	end rating R
