8.1978	DATA	version B
242.0829	DATA	Keypress: space
244.5652	DATA	Keypress: t
244.5817	DATA	Keypress: t held
245.1734	DATA	Keypress: t
245.5949	DATA	Keypress: t held
246.6087	DATA	Keypress: v
246.6419	DATA	Keypress: v held
247.0815	DATA	Keypress: v
247.2840	DATA	Keypress: v
247.5542	DATA	Keypress: v
247.6551	DATA	Keypress: v held
247.7230	DATA	Keypress: v
247.7905	DATA	Keypress: v
247.9596	DATA	Keypress: v
248.2297	DATA	Keypress: v
248.5338	DATA	Keypress: t
248.6684	DATA	Keypress: t held
248.6685	DATA	earn t
248.8040	DATA	Keypress: t
248.9898	DATA	Keypress: t
249.2768	DATA	Keypress: t
249.5469	DATA	Keypress: t
251.8097	DATA	Keypress: t
251.8262	DATA	Keypress: t held
252.0967	DATA	Keypress: t
252.2998	DATA	Keypress: t
252.5021	DATA	Keypress: t
252.7047	DATA	Keypress: t
252.8394	DATA	Keypress: t held
252.9073	DATA	Keypress: t
253.4815	DATA	Keypress: v
253.7183	DATA	Keypress: v
253.8526	DATA	Keypress: v held
253.9544	DATA	Keypress: v
254.1572	DATA	Keypress: v
254.3596	DATA	Keypress: v
254.7313	DATA	Keypress: v
254.8658	DATA	Keypress: v held
254.9676	DATA	Keypress: v
255.3559	DATA	Keypress: v
255.5249	DATA	Keypress: v
255.7274	DATA	Keypress: v
255.8790	DATA	Keypress: v held
256.0823	DATA	Keypress: v
256.6229	DATA	Keypress: v
256.7746	DATA	Keypress: v
256.8924	DATA	Keypress: v held
257.1460	DATA	Keypress: t
257.3320	DATA	Keypress: t
257.5008	DATA	Keypress: t
257.6696	DATA	Keypress: t
257.8386	DATA	Keypress: t
257.9056	DATA	Keypress: t held
257.9056	DATA	earn t
258.0069	DATA	Keypress: t
258.1593	DATA	Keypress: t
258.3450	DATA	Keypress: t
259.4595	DATA	Keypress: t
259.6454	DATA	Keypress: t
259.8141	DATA	Keypress: t
259.9658	DATA	Keypress: t held
259.9658	DATA	earn t
260.0666	DATA	Keypress: t
260.1689	DATA	Keypress: t
260.3377	DATA	Keypress: t
261.1821	DATA	Keypress: t
261.3514	DATA	Keypress: t
261.5368	DATA	Keypress: t
261.7223	DATA	Keypress: t
261.8744	DATA	Keypress: t
262.0260	DATA	Keypress: t held
262.0602	DATA	Keypress: t
262.2459	DATA	Keypress: t
262.4318	DATA	Keypress: t
262.6004	DATA	Keypress: t
262.7693	DATA	Keypress: t
263.0393	DATA	Keypress: t held
263.3943	DATA	Keypress: v
263.5631	DATA	Keypress: v
263.7318	DATA	Keypress: v
263.9517	DATA	Keypress: v
264.0524	DATA	Keypress: v held
264.1204	DATA	Keypress: v
264.3231	DATA	Keypress: v
264.6440	DATA	Keypress: v
265.0656	DATA	Keypress: v held
265.3201	DATA	Keypress: t
265.5725	DATA	Keypress: t
265.7920	DATA	Keypress: t
265.9779	DATA	Keypress: t
266.0789	DATA	Keypress: t held
266.1637	DATA	Keypress: t
266.3494	DATA	Keypress: t
266.5689	DATA	Keypress: t
266.7545	DATA	Keypress: t
266.9403	DATA	Keypress: t
267.0921	DATA	Keypress: t held
267.1093	DATA	Keypress: t
267.2951	DATA	Keypress: t
267.4639	DATA	Keypress: t
267.6665	DATA	Keypress: t
267.8522	DATA	Keypress: t
268.0382	DATA	Keypress: t
268.1053	DATA	Keypress: t held
268.2249	DATA	Keypress: t
268.4265	DATA	Keypress: t
268.5785	DATA	Keypress: t
269.1185	DATA	Keypress: t held
269.1372	DATA	Keypress: v
269.3051	DATA	Keypress: v
269.5073	DATA	Keypress: v
269.6763	DATA	Keypress: v
269.8790	DATA	Keypress: v
270.0476	DATA	Keypress: v
270.1317	DATA	Keypress: v held
270.2165	DATA	Keypress: v
270.4192	DATA	Keypress: v
270.6217	DATA	Keypress: v
270.8244	DATA	Keypress: v
270.9934	DATA	Keypress: v
271.1450	DATA	Keypress: v held
271.1450	DATA	earn v
271.2472	DATA	Keypress: v
271.3650	DATA	Keypress: v
271.5677	DATA	Keypress: v
272.6312	DATA	Keypress: v
272.8003	DATA	Keypress: v
272.9691	DATA	Keypress: v
273.1717	DATA	Keypress: v
273.2051	DATA	Keypress: v held
273.3405	DATA	Keypress: v
273.5094	DATA	Keypress: v
273.7121	DATA	Keypress: v
273.8808	DATA	Keypress: v
274.0499	DATA	Keypress: v
274.2183	DATA	Keypress: v held
274.2187	DATA	Keypress: v
274.4044	DATA	Keypress: v
274.6239	DATA	Keypress: v
274.7943	DATA	Keypress: v
274.9786	DATA	Keypress: v
275.2316	DATA	Keypress: v held
275.4008	DATA	Keypress: t
275.6203	DATA	Keypress: t
275.8231	DATA	Keypress: t
276.0255	DATA	Keypress: t
276.1945	DATA	Keypress: t
276.2448	DATA	Keypress: t held
276.3802	DATA	Keypress: t
276.5490	DATA	Keypress: t
276.7688	DATA	Keypress: t
276.9544	DATA	Keypress: t
277.1403	DATA	Keypress: t
277.2580	DATA	Keypress: t held
277.2580	DATA	earn t
277.3579	DATA	Keypress: t
277.4949	DATA	Keypress: t
277.7143	DATA	Keypress: t
277.9002	DATA	Keypress: t
278.0690	DATA	Keypress: t
278.7443	DATA	Keypress: t
278.9641	DATA	Keypress: t
279.1666	DATA	Keypress: t
279.3350	DATA	Keypress: t held
279.3525	DATA	Keypress: t
279.5226	DATA	Keypress: t
279.7236	DATA	Keypress: t
279.9095	DATA	Keypress: t
280.1122	DATA	Keypress: t
280.3149	DATA	Keypress: t
280.3483	DATA	Keypress: t held
280.5006	DATA	Keypress: t
280.6863	DATA	Keypress: t
280.8721	DATA	Keypress: t
281.0579	DATA	Keypress: t
281.2607	DATA	Keypress: t
281.3614	DATA	Keypress: t held
281.4631	DATA	Keypress: t
281.6657	DATA	Keypress: t
281.8515	DATA	Keypress: t
282.0711	DATA	Keypress: t
282.2569	DATA	Keypress: t
282.3747	DATA	Keypress: t held
282.4427	DATA	Keypress: t
282.6284	DATA	Keypress: t
282.8140	DATA	Keypress: t
283.0170	DATA	Keypress: t
283.3878	DATA	Keypress: t held
283.5909	DATA	Keypress: v
283.7935	DATA	Keypress: v
283.9796	DATA	Keypress: v
284.1821	DATA	Keypress: v
284.3679	DATA	Keypress: v
284.4011	DATA	Keypress: v held
284.5703	DATA	Keypress: v
284.7729	DATA	Keypress: v
284.9757	DATA	Keypress: v
285.1783	DATA	Keypress: v
285.3474	DATA	Keypress: v
285.4142	DATA	Keypress: v held
285.5497	DATA	Keypress: v
285.7358	DATA	Keypress: v
285.9212	DATA	Keypress: v
286.1071	DATA	Keypress: v
286.2928	DATA	Keypress: v
286.4275	DATA	Keypress: v held
286.4954	DATA	Keypress: v
286.6979	DATA	Keypress: v
286.8838	DATA	Keypress: v
287.0697	DATA	Keypress: v
287.2723	DATA	Keypress: v
287.4407	DATA	Keypress: v held
287.4748	DATA	Keypress: v
287.8632	DATA	Keypress: v
288.0493	DATA	Keypress: v
288.2356	DATA	Keypress: v
288.4540	DATA	Keypress: v held
288.4544	DATA	Keypress: v
288.6401	DATA	Keypress: v
288.8429	DATA	Keypress: v
289.0456	DATA	Keypress: v
289.2480	DATA	Keypress: v
289.4338	DATA	Keypress: v
289.4672	DATA	Keypress: v held
289.6197	DATA	Keypress: v
289.8053	DATA	Keypress: v
289.9912	DATA	Keypress: v
290.1938	DATA	Keypress: v
290.3796	DATA	Keypress: v
290.4806	DATA	Keypress: v held
290.5657	DATA	Keypress: v
291.1904	DATA	Keypress: t
291.3926	DATA	Keypress: t
291.4936	DATA	Keypress: t held
291.5955	DATA	Keypress: t
291.7642	DATA	Keypress: t
291.9839	DATA	Keypress: t
292.1526	DATA	Keypress: t
292.3723	DATA	Keypress: t
292.5068	DATA	Keypress: t held
292.5578	DATA	Keypress: t
292.7605	DATA	Keypress: t
292.9296	DATA	Keypress: t
293.1153	DATA	Keypress: t
293.3011	DATA	Keypress: t
293.5035	DATA	Keypress: t
293.5200	DATA	Keypress: t held
293.6893	DATA	Keypress: t
293.8581	DATA	Keypress: t
294.0778	DATA	Keypress: t
294.2805	DATA	Keypress: t
294.4831	DATA	Keypress: t
294.5331	DATA	Keypress: t held
294.5331	DATA	earn t
294.6862	DATA	Keypress: t
294.8715	DATA	Keypress: t
295.0404	DATA	Keypress: t
295.2435	DATA	Keypress: t
296.4252	DATA	Keypress: t
296.6104	DATA	Keypress: t held
296.6446	DATA	Keypress: t
296.8302	DATA	Keypress: t
297.0161	DATA	Keypress: t
297.2187	DATA	Keypress: t
297.6073	DATA	Keypress: t
297.6404	DATA	Keypress: t held
297.7927	DATA	Keypress: t
297.9787	DATA	Keypress: t
298.1812	DATA	Keypress: t
298.3839	DATA	Keypress: t
298.5865	DATA	Keypress: t
298.6536	DATA	Keypress: t held
298.6537	DATA	earn t
298.7723	DATA	Keypress: t
299.1439	DATA	Keypress: t
299.3295	DATA	Keypress: t
300.0726	DATA	Keypress: t
300.2583	DATA	Keypress: t
300.4614	DATA	Keypress: t
300.6637	DATA	Keypress: t
300.7477	DATA	Keypress: t held
300.8326	DATA	Keypress: t
301.0182	DATA	Keypress: t
301.2041	DATA	Keypress: t
301.4066	DATA	Keypress: t
301.5924	DATA	Keypress: t
301.7608	DATA	Keypress: t held
301.7950	DATA	Keypress: t
301.9978	DATA	Keypress: t
302.1667	DATA	Keypress: t
302.4516	DATA	start rating L
302.4740	DATA	Keypress: t
302.5820	DATA	Keypress: t
302.7816	DATA	Keypress: t
317.7770	DATA	Keypress: v
318.1519	DATA	Keypress: v
318.5874	DATA	Keypress: v
320.8888	DATA	Keypress: v
321.3569	DATA	Keypress: v
321.7284	DATA	Keypress: v
325.7180	DATA	Keypress: return
325.7183	DATA	RatingScale rateL_scale: (key response) rating=7
325.7184	DATA	RatingScale rateL_scale: rating RT=23.267
325.7190	DATA	7.0
325.7190	DATA	end rating L
325.8185	DATA	start rating R
334.3771	DATA	Keypress: t
334.7484	DATA	Keypress: t
335.4917	DATA	Keypress: t
337.5874	DATA	Keypress: return
337.6193	DATA	RatingScale rateR_scale: (key response) rating=1
337.6193	DATA	RatingScale rateR_scale: rating RT=11.801
337.6198	DATA	1.0
337.6210	DATA	end rating R
345.7687	DATA	Keypress: v
345.7852	DATA	Keypress: v held
346.0727	DATA	Keypress: v
346.3597	DATA	Keypress: v
346.6299	DATA	Keypress: v
346.7983	DATA	Keypress: v held
346.8494	DATA	Keypress: v
347.0522	DATA	Keypress: v
347.2380	DATA	Keypress: v
347.4235	DATA	Keypress: v
347.6261	DATA	Keypress: v
347.8115	DATA	Keypress: v held
347.8127	DATA	Keypress: v
348.0146	DATA	Keypress: v
348.1834	DATA	Keypress: v
348.3354	DATA	Keypress: v
348.5043	DATA	Keypress: v
348.6563	DATA	Keypress: v
348.7913	DATA	Keypress: v
348.8247	DATA	Keypress: v held
348.8247	DATA	earn v
349.0954	DATA	Keypress: t
349.8216	DATA	Keypress: t
350.0412	DATA	Keypress: t
350.2099	DATA	Keypress: t
350.3620	DATA	Keypress: t
350.5306	DATA	Keypress: t
350.7170	DATA	Keypress: t
350.8853	DATA	Keypress: t
350.9356	DATA	Keypress: t held
351.0544	DATA	Keypress: t
351.2232	DATA	Keypress: t
351.4092	DATA	Keypress: t
351.5608	DATA	Keypress: t
351.7300	DATA	Keypress: t
351.9155	DATA	Keypress: t
351.9489	DATA	Keypress: t held
352.0844	DATA	Keypress: t
352.2534	DATA	Keypress: t
352.4221	DATA	Keypress: t
352.5909	DATA	Keypress: t
352.7599	DATA	Keypress: t
352.9456	DATA	Keypress: t
352.9621	DATA	Keypress: t held
353.1145	DATA	Keypress: t
353.2833	DATA	Keypress: t
353.7561	DATA	Keypress: v
353.9588	DATA	Keypress: v
353.9753	DATA	Keypress: v held
354.1108	DATA	Keypress: v
354.2965	DATA	Keypress: v
354.4655	DATA	Keypress: v
354.6174	DATA	Keypress: v
354.6848	DATA	Keypress: v
354.8200	DATA	Keypress: v
354.9885	DATA	Keypress: v held
355.0059	DATA	Keypress: v
355.1577	DATA	Keypress: v
355.3266	DATA	Keypress: v
355.5125	DATA	Keypress: v
355.7152	DATA	Keypress: v
355.9007	DATA	Keypress: v
356.0017	DATA	Keypress: v held
356.0869	DATA	Keypress: v
356.2726	DATA	Keypress: v
356.4580	DATA	Keypress: v
356.6441	DATA	Keypress: v
356.8298	DATA	Keypress: v
357.0150	DATA	Keypress: v held
357.0157	DATA	Keypress: v
357.1842	DATA	Keypress: v
357.3700	DATA	Keypress: v
357.5389	DATA	Keypress: v
357.9270	DATA	Keypress: t
358.0282	DATA	Keypress: t held
358.1806	DATA	Keypress: t
358.3837	DATA	Keypress: t
358.5691	DATA	Keypress: t
358.7548	DATA	Keypress: t
358.9237	DATA	Keypress: t
359.0414	DATA	Keypress: t held
359.0926	DATA	Keypress: t
359.2783	DATA	Keypress: t
359.4640	DATA	Keypress: t
359.6498	DATA	Keypress: t
359.8186	DATA	Keypress: t
360.0047	DATA	Keypress: t
360.0547	DATA	Keypress: t held
360.0547	DATA	earn t
360.2074	DATA	Keypress: t
360.3928	DATA	Keypress: t
361.5579	DATA	Keypress: t
361.7603	DATA	Keypress: t
361.9293	DATA	Keypress: t
362.0984	DATA	Keypress: t
362.1654	DATA	Keypress: t held
362.2840	DATA	Keypress: t
362.4866	DATA	Keypress: t
362.6386	DATA	Keypress: t
362.8413	DATA	Keypress: t
363.0103	DATA	Keypress: t
363.1787	DATA	Keypress: t held
363.1959	DATA	Keypress: t
363.3987	DATA	Keypress: t
363.5511	DATA	Keypress: t
363.7531	DATA	Keypress: t
363.9390	DATA	Keypress: t
364.1077	DATA	Keypress: t
364.1919	DATA	Keypress: t held
364.2937	DATA	Keypress: t
364.4793	DATA	Keypress: t
364.6484	DATA	Keypress: t
364.8509	DATA	Keypress: t
365.0197	DATA	Keypress: t
365.1717	DATA	Keypress: t
365.2051	DATA	Keypress: t held
365.3912	DATA	Keypress: t
365.5773	DATA	Keypress: t
365.7626	DATA	Keypress: t
365.9485	DATA	Keypress: t
366.1175	DATA	Keypress: t
366.2183	DATA	Keypress: t held
366.3200	DATA	Keypress: t
366.8771	DATA	Keypress: v
367.0800	DATA	Keypress: v
367.2314	DATA	Keypress: v held
367.2315	DATA	earn v
367.3234	DATA	Keypress: v
367.4684	DATA	Keypress: v
367.6559	DATA	Keypress: v
368.3970	DATA	Keypress: v
368.5997	DATA	Keypress: v
368.7855	DATA	Keypress: v
369.0051	DATA	Keypress: v
369.1907	DATA	Keypress: v
369.3593	DATA	Keypress: v held
369.3765	DATA	Keypress: v
369.5623	DATA	Keypress: v
369.7650	DATA	Keypress: v
369.9507	DATA	Keypress: v
370.1366	DATA	Keypress: v
370.3223	DATA	Keypress: v
370.3724	DATA	Keypress: v held
370.3724	DATA	earn v
370.5248	DATA	Keypress: v
370.7279	DATA	Keypress: v
371.5719	DATA	Keypress: v
371.7746	DATA	Keypress: v
371.9441	DATA	Keypress: v
372.1463	DATA	Keypress: v
372.2980	DATA	Keypress: v
372.5002	DATA	Keypress: v held
372.5006	DATA	Keypress: v
372.6863	DATA	Keypress: v
372.8891	DATA	Keypress: v
373.0918	DATA	Keypress: v
373.2605	DATA	Keypress: v
373.5136	DATA	Keypress: v held
373.6153	DATA	Keypress: v
373.8009	DATA	Keypress: v
373.9699	DATA	Keypress: v
374.1725	DATA	Keypress: v
374.3750	DATA	Keypress: v
374.5267	DATA	Keypress: v held
374.5439	DATA	Keypress: v
374.7127	DATA	Keypress: v
374.8989	DATA	Keypress: v
375.0844	DATA	Keypress: v
375.2532	DATA	Keypress: v
375.4391	DATA	Keypress: v
375.5400	DATA	Keypress: v held
375.5400	DATA	earn v
375.6322	DATA	Keypress: v
375.7939	DATA	Keypress: v
375.9793	DATA	Keypress: v
376.1821	DATA	Keypress: v
376.3509	DATA	Keypress: v
376.5366	DATA	Keypress: v
377.2967	DATA	Keypress: v
377.4491	DATA	Keypress: v
377.6172	DATA	Keypress: v
377.6676	DATA	Keypress: v held
377.8030	DATA	Keypress: v
377.9721	DATA	Keypress: v
378.1746	DATA	Keypress: v
378.3606	DATA	Keypress: v
378.5123	DATA	Keypress: v
378.6808	DATA	Keypress: v held
378.6812	DATA	Keypress: v
379.0361	DATA	Keypress: v
379.2217	DATA	Keypress: v
379.3905	DATA	Keypress: v
379.5762	DATA	Keypress: v
379.6939	DATA	Keypress: v held
379.7449	DATA	Keypress: v
379.9308	DATA	Keypress: v
380.0997	DATA	Keypress: v
380.2687	DATA	Keypress: v
380.4205	DATA	Keypress: v
380.6235	DATA	Keypress: v
380.7072	DATA	Keypress: v held
380.7920	DATA	Keypress: v
380.9611	DATA	Keypress: v
381.5353	DATA	Keypress: t
381.7205	DATA	Keypress: t held
381.7209	DATA	Keypress: t
381.9066	DATA	Keypress: t
382.0756	DATA	Keypress: t
382.2445	DATA	Keypress: t
382.4301	DATA	Keypress: t
382.6160	DATA	Keypress: t
382.7338	DATA	Keypress: t held
382.8020	DATA	Keypress: t
382.9875	DATA	Keypress: t
383.1732	DATA	Keypress: t
383.3421	DATA	Keypress: t
383.5277	DATA	Keypress: t
383.7134	DATA	Keypress: t
383.7469	DATA	Keypress: t held
383.7469	DATA	earn t
383.8994	DATA	Keypress: t
384.0683	DATA	Keypress: t
384.8726	DATA	Keypress: t
385.0138	DATA	Keypress: t
385.2166	DATA	Keypress: t
385.3870	DATA	Keypress: t
385.5710	DATA	Keypress: t
385.7400	DATA	Keypress: t
385.8745	DATA	Keypress: t held
385.9087	DATA	Keypress: t
386.0778	DATA	Keypress: t
386.2635	DATA	Keypress: t
386.4494	DATA	Keypress: t
386.6183	DATA	Keypress: t
386.8207	DATA	Keypress: t
386.8878	DATA	Keypress: t held
387.0066	DATA	Keypress: t
387.1754	DATA	Keypress: t
387.3442	DATA	Keypress: t
387.5467	DATA	Keypress: t
387.8845	DATA	Keypress: t
387.9010	DATA	Keypress: t held
388.0704	DATA	Keypress: t
388.2732	DATA	Keypress: t
388.4430	DATA	Keypress: t
388.6108	DATA	Keypress: t
388.7966	DATA	Keypress: t
388.9143	DATA	Keypress: t held
388.9143	DATA	earn t
389.0161	DATA	Keypress: t
389.1683	DATA	Keypress: t
389.3371	DATA	Keypress: t
390.0524	DATA	Keypress: t
390.2149	DATA	Keypress: t
390.4011	DATA	Keypress: t
390.5865	DATA	Keypress: t
390.7554	DATA	Keypress: t
390.9585	DATA	Keypress: t
391.0589	DATA	Keypress: t held
391.1438	DATA	Keypress: t
391.3296	DATA	Keypress: t
391.4984	DATA	Keypress: t
391.6672	DATA	Keypress: t
391.8530	DATA	Keypress: t
392.0388	DATA	Keypress: t
392.0722	DATA	Keypress: t held
392.2076	DATA	Keypress: t
392.3934	DATA	Keypress: t
392.5622	DATA	Keypress: t
392.7311	DATA	Keypress: t
392.8999	DATA	Keypress: t
393.0689	DATA	Keypress: t
393.0854	DATA	Keypress: t held
393.2547	DATA	Keypress: t
393.4235	DATA	Keypress: t
393.5924	DATA	Keypress: t
393.7784	DATA	Keypress: t
393.9640	DATA	Keypress: t
394.0986	DATA	Keypress: t held
394.1497	DATA	Keypress: t
394.3188	DATA	Keypress: t
394.4873	DATA	Keypress: t
395.0616	DATA	Keypress: v
395.1119	DATA	Keypress: v held
395.1119	DATA	earn v
395.2474	DATA	Keypress: v
395.4333	DATA	Keypress: v
396.3450	DATA	Keypress: v
396.5307	DATA	Keypress: v
396.6998	DATA	Keypress: v
396.8685	DATA	Keypress: v
397.0542	DATA	Keypress: v
397.2399	DATA	Keypress: v
397.2565	DATA	Keypress: v held
397.3922	DATA	Keypress: v
397.5777	DATA	Keypress: v
398.0262	DATA	start rating L
398.0344	DATA	Keypress: v
398.0349	DATA	Keypress: v
398.1081	DATA	Keypress: v
398.2779	DATA	Keypress: v
405.1674	DATA	Keypress: t
406.9937	DATA	Keypress: t
408.3755	DATA	Keypress: t
408.7806	DATA	Keypress: t
409.2573	DATA	Keypress: t
411.0771	DATA	Keypress: return
411.0774	DATA	RatingScale rateL_scale: (key response) rating=2
411.0775	DATA	RatingScale rateL_scale: rating RT=13.051
411.0779	DATA	2.0
411.0779	DATA	end rating L
411.1718	DATA	start rating R
412.8000	DATA	Keypress: v
413.5430	DATA	Keypress: v
416.0083	DATA	Keypress: v
417.1234	DATA	Keypress: return
417.1237	DATA	RatingScale rateR_scale: (key response) rating=7
417.1238	DATA	RatingScale rateR_scale: rating RT=5.952
417.1243	DATA	7.0
417.1252	DATA	end rating R
418.6527	DATA	Keypress: v
418.6691	DATA	Keypress: v held
418.8720	DATA	Keypress: v
419.0072	DATA	Keypress: v
419.1762	DATA	Keypress: v
419.3619	DATA	Keypress: v
419.4970	DATA	Keypress: v
419.6490	DATA	Keypress: v
419.6824	DATA	Keypress: v held
419.8178	DATA	Keypress: v
420.1051	DATA	Keypress: v
420.2568	DATA	Keypress: v
420.4257	DATA	Keypress: v
420.5778	DATA	Keypress: v
420.6955	DATA	Keypress: v held
420.7464	DATA	Keypress: v
420.8987	DATA	Keypress: v
421.0677	DATA	Keypress: v
421.2026	DATA	Keypress: v
421.6247	DATA	Keypress: t
421.7087	DATA	Keypress: t held
421.8107	DATA	Keypress: t
421.9627	DATA	Keypress: t
422.1315	DATA	Keypress: t
422.3170	DATA	Keypress: t
422.4690	DATA	Keypress: t
422.6380	DATA	Keypress: t
422.7219	DATA	Keypress: t held
422.8236	DATA	Keypress: t
422.9760	DATA	Keypress: t
423.1448	DATA	Keypress: t
423.3134	DATA	Keypress: t
423.4822	DATA	Keypress: t
423.6509	DATA	Keypress: t
423.7350	DATA	Keypress: t held
423.8368	DATA	Keypress: t
424.0060	DATA	Keypress: t
424.1746	DATA	Keypress: t
424.3434	DATA	Keypress: t
424.5122	DATA	Keypress: t
424.6812	DATA	Keypress: t
424.7483	DATA	Keypress: t held
424.8333	DATA	Keypress: t
425.0190	DATA	Keypress: t
425.2048	DATA	Keypress: t
425.3736	DATA	Keypress: t
425.7615	DATA	Keypress: t held
425.8801	DATA	Keypress: v
426.0493	DATA	Keypress: v
426.2348	DATA	Keypress: v
426.4037	DATA	Keypress: v
426.5725	DATA	Keypress: v
426.7583	DATA	Keypress: v
426.7747	DATA	Keypress: v held
426.7747	DATA	earn v
426.9273	DATA	Keypress: v
427.0961	DATA	Keypress: v
427.9749	DATA	Keypress: v
428.0587	DATA	Keypress: v
428.2275	DATA	Keypress: v
428.3964	DATA	Keypress: v
428.5989	DATA	Keypress: v
428.7511	DATA	Keypress: v
428.9198	DATA	Keypress: v
428.9871	DATA	Keypress: v held
429.0891	DATA	Keypress: v
429.4097	DATA	Keypress: v
429.5784	DATA	Keypress: v
429.7810	DATA	Keypress: v
429.9500	DATA	Keypress: v
430.0003	DATA	Keypress: v held
430.1357	DATA	Keypress: v
430.3215	DATA	Keypress: v
430.4902	DATA	Keypress: v
430.6592	DATA	Keypress: v
430.8449	DATA	Keypress: v
431.0134	DATA	Keypress: v held
431.0307	DATA	Keypress: v
431.2165	DATA	Keypress: v
431.3853	DATA	Keypress: v
431.5543	DATA	Keypress: v
431.7231	DATA	Keypress: v
431.9426	DATA	Keypress: v
432.0268	DATA	Keypress: v held
432.1453	DATA	Keypress: v
432.2972	DATA	Keypress: v
432.4662	DATA	Keypress: v
432.6518	DATA	Keypress: v
432.8376	DATA	Keypress: v
433.0236	DATA	Keypress: v
433.0400	DATA	Keypress: v held
433.0400	DATA	earn v
433.1924	DATA	Keypress: v
433.3613	DATA	Keypress: v
433.5471	DATA	Keypress: v
434.2150	DATA	Keypress: v
434.3407	DATA	Keypress: v
434.5432	DATA	Keypress: v
434.7289	DATA	Keypress: v
434.8979	DATA	Keypress: v
435.0669	DATA	Keypress: v
435.2183	DATA	Keypress: v held
435.2528	DATA	Keypress: v
435.4381	DATA	Keypress: v
435.6238	DATA	Keypress: v
435.8096	DATA	Keypress: v
435.9786	DATA	Keypress: v
436.1645	DATA	Keypress: v
436.2315	DATA	Keypress: v held
436.3504	DATA	Keypress: v
436.5529	DATA	Keypress: v
436.7217	DATA	Keypress: v
436.9074	DATA	Keypress: v
437.0764	DATA	Keypress: v
437.2282	DATA	Keypress: v
437.2448	DATA	Keypress: v held
437.4647	DATA	Keypress: v
437.6341	DATA	Keypress: v
437.8192	DATA	Keypress: v
438.0220	DATA	Keypress: v
438.1908	DATA	Keypress: v
438.2579	DATA	Keypress: v held
438.3764	DATA	Keypress: v
438.5455	DATA	Keypress: v
438.7312	DATA	Keypress: v
438.9337	DATA	Keypress: v
439.1196	DATA	Keypress: v
439.2711	DATA	Keypress: v held
439.2885	DATA	Keypress: v
439.4743	DATA	Keypress: v
439.6430	DATA	Keypress: v
440.2844	DATA	Keypress: v held
440.2844	DATA	earn v
440.3743	DATA	Keypress: t
440.5047	DATA	Keypress: t
440.7074	DATA	Keypress: t
441.5007	DATA	Keypress: t
441.7034	DATA	Keypress: t
441.9058	DATA	Keypress: t
442.0917	DATA	Keypress: t
442.2774	DATA	Keypress: t
442.4628	DATA	Keypress: t held
442.4632	DATA	Keypress: t
443.0713	DATA	Keypress: t
443.3074	DATA	Keypress: t
443.4760	DATA	Keypress: t held
443.5441	DATA	Keypress: t
443.7465	DATA	Keypress: t
443.9662	DATA	Keypress: t
444.1858	DATA	Keypress: t
444.4221	DATA	Keypress: t
444.4892	DATA	Keypress: t held
444.6077	DATA	Keypress: t
444.8442	DATA	Keypress: t
445.0468	DATA	Keypress: t
445.2495	DATA	Keypress: t
445.4184	DATA	Keypress: t
445.5024	DATA	Keypress: t held
445.6041	DATA	Keypress: t
445.7561	DATA	Keypress: t
445.9420	DATA	Keypress: t
446.1108	DATA	Keypress: t
446.2965	DATA	Keypress: t
446.4822	DATA	Keypress: t
446.5156	DATA	Keypress: t held
446.5157	DATA	earn t
446.6517	DATA	Keypress: t
446.8369	DATA	Keypress: t
447.0059	DATA	Keypress: t
447.1918	DATA	Keypress: t
447.3943	DATA	Keypress: t
447.6964	DATA	Keypress: t
448.3060	DATA	Keypress: v
448.4920	DATA	Keypress: v
448.6775	DATA	Keypress: v
448.7109	DATA	Keypress: v held
448.8463	DATA	Keypress: v
449.0324	DATA	Keypress: v
449.2011	DATA	Keypress: v
449.3868	DATA	Keypress: v
449.5558	DATA	Keypress: v
449.7243	DATA	Keypress: v held
449.7246	DATA	Keypress: v
449.9275	DATA	Keypress: v
450.0963	DATA	Keypress: v
450.2649	DATA	Keypress: v
450.4338	DATA	Keypress: v
450.6028	DATA	Keypress: v
450.7372	DATA	Keypress: v held
450.7886	DATA	Keypress: v
450.9405	DATA	Keypress: v
451.1094	DATA	Keypress: v
451.3120	DATA	Keypress: v
451.4808	DATA	Keypress: v
451.6665	DATA	Keypress: v
451.7505	DATA	Keypress: v held
451.8369	DATA	Keypress: v
452.0212	DATA	Keypress: v
452.1733	DATA	Keypress: v
452.3759	DATA	Keypress: v
452.5446	DATA	Keypress: v
452.7137	DATA	Keypress: v
452.7638	DATA	Keypress: v held
452.8992	DATA	Keypress: v
453.6423	DATA	Keypress: t
453.7770	DATA	Keypress: t held
453.8280	DATA	Keypress: t
453.9970	DATA	Keypress: t
454.1658	DATA	Keypress: t
454.3347	DATA	Keypress: t
454.5208	DATA	Keypress: t
454.6892	DATA	Keypress: t
454.7902	DATA	Keypress: t held
454.8750	DATA	Keypress: t
455.0441	DATA	Keypress: t
455.1962	DATA	Keypress: t
455.3817	DATA	Keypress: t
455.5845	DATA	Keypress: t
455.7532	DATA	Keypress: t
455.8034	DATA	Keypress: t held
455.9220	DATA	Keypress: t
456.1079	DATA	Keypress: t
456.2770	DATA	Keypress: t
456.4624	DATA	Keypress: t
456.6481	DATA	Keypress: t
456.8165	DATA	Keypress: t held
456.8173	DATA	Keypress: t
456.9860	DATA	Keypress: t
457.1886	DATA	Keypress: t
457.3742	DATA	Keypress: t
457.5433	DATA	Keypress: t
457.7290	DATA	Keypress: t
457.8299	DATA	Keypress: t held
457.8980	DATA	Keypress: t
458.0669	DATA	Keypress: t
458.2525	DATA	Keypress: t
458.4382	DATA	Keypress: t
458.6074	DATA	Keypress: t
458.7760	DATA	Keypress: t
458.8430	DATA	Keypress: t held
458.9786	DATA	Keypress: t
459.1477	DATA	Keypress: t
459.3165	DATA	Keypress: t
459.4855	DATA	Keypress: t
459.6879	DATA	Keypress: t
459.8562	DATA	Keypress: t held
459.8738	DATA	Keypress: t
460.0426	DATA	Keypress: t
460.2113	DATA	Keypress: t
460.4139	DATA	Keypress: t
460.8023	DATA	Keypress: t
460.8694	DATA	Keypress: t held
461.1739	DATA	Keypress: t
461.3427	DATA	Keypress: t
461.5284	DATA	Keypress: t
461.7315	DATA	Keypress: t
461.8827	DATA	Keypress: t held
462.3052	DATA	Keypress: v
462.5248	DATA	Keypress: v
462.6770	DATA	Keypress: v
462.8625	DATA	Keypress: v
462.8959	DATA	Keypress: v held
462.8960	DATA	earn v
463.0485	DATA	Keypress: v
463.2342	DATA	Keypress: v
463.4707	DATA	Keypress: v
464.0907	DATA	Keypress: v
464.2136	DATA	Keypress: v
464.3822	DATA	Keypress: v
464.5681	DATA	Keypress: v
464.7373	DATA	Keypress: v
464.9396	DATA	Keypress: v
465.0913	DATA	Keypress: v held
465.7333	DATA	Keypress: t
465.9191	DATA	Keypress: t
466.1046	DATA	Keypress: t held
466.1217	DATA	Keypress: t
466.3077	DATA	Keypress: t
466.4935	DATA	Keypress: t
466.6791	DATA	Keypress: t
466.8650	DATA	Keypress: t
467.0336	DATA	Keypress: t
467.1178	DATA	Keypress: t held
467.2194	DATA	Keypress: t
467.4053	DATA	Keypress: t
467.5908	DATA	Keypress: t
467.7598	DATA	Keypress: t
467.9456	DATA	Keypress: t
468.1144	DATA	Keypress: t
468.1309	DATA	Keypress: t held
468.3170	DATA	Keypress: t
468.4869	DATA	Keypress: t
468.6550	DATA	Keypress: t
469.1442	DATA	Keypress: t held
469.3303	DATA	Keypress: v
469.5329	DATA	Keypress: v
469.7355	DATA	Keypress: v
469.9383	DATA	Keypress: v
470.1240	DATA	Keypress: v
470.1574	DATA	Keypress: v held
470.3097	DATA	Keypress: v
470.4955	DATA	Keypress: v
470.6982	DATA	Keypress: v
470.8671	DATA	Keypress: v
471.0700	DATA	Keypress: v
471.1706	DATA	Keypress: v held
471.2553	DATA	Keypress: v
471.4411	DATA	Keypress: v
471.6268	DATA	Keypress: v
471.8294	DATA	Keypress: v
472.0154	DATA	Keypress: v
472.1673	DATA	Keypress: v
472.1837	DATA	Keypress: v held
472.3701	DATA	Keypress: v
472.5725	DATA	Keypress: v
472.7751	DATA	Keypress: v
472.9610	DATA	Keypress: v
473.1636	DATA	Keypress: v
473.1971	DATA	Keypress: v held
473.1971	DATA	earn v
473.3494	DATA	Keypress: v
473.5199	DATA	Keypress: v
475.0552	DATA	Keypress: v
475.2408	DATA	Keypress: v
475.3922	DATA	Keypress: v held
475.4267	DATA	Keypress: v
475.5953	DATA	Keypress: v
475.7979	DATA	Keypress: v
475.9669	DATA	Keypress: v
476.1527	DATA	Keypress: v
476.3553	DATA	Keypress: v
476.4055	DATA	Keypress: v held
476.5412	DATA	Keypress: v
476.7436	DATA	Keypress: v
476.8959	DATA	Keypress: v
477.0985	DATA	Keypress: v
477.5773	DATA	start rating L
477.5859	DATA	Keypress: v
477.5864	DATA	Keypress: v
477.6457	DATA	Keypress: v
477.8183	DATA	Keypress: v
481.8000	DATA	Keypress: t
482.2050	DATA	Keypress: t
482.5126	DATA	Keypress: t
482.7482	DATA	Keypress: t
483.0495	DATA	Keypress: t
483.9965	DATA	Keypress: t
485.1792	DATA	Keypress: return
485.1796	DATA	RatingScale rateL_scale: (key response) rating=1
485.1796	DATA	RatingScale rateL_scale: rating RT=7.602
485.1800	DATA	1.0
485.1800	DATA	end rating L
485.2815	DATA	start rating R
486.7476	DATA	Keypress: t
487.4945	DATA	Keypress: v
487.6975	DATA	Keypress: v
487.8648	DATA	Keypress: v
488.0313	DATA	Keypress: v
488.3056	DATA	Keypress: v
489.3517	DATA	Keypress: return
489.3520	DATA	RatingScale rateR_scale: (key response) rating=7
489.3521	DATA	RatingScale rateR_scale: rating RT=4.070
489.3526	DATA	7.0
489.3536	DATA	end rating R
492.2965	DATA	Keypress: v
492.3130	DATA	Keypress: v held
492.3131	DATA	earn v
492.5330	DATA	Keypress: v
492.7525	DATA	Keypress: v
492.9213	DATA	Keypress: v
493.1071	DATA	Keypress: v
493.2592	DATA	Keypress: v
493.5669	DATA	Keypress: v
493.5968	DATA	Keypress: v
493.7825	DATA	Keypress: v
494.0021	DATA	Keypress: v
494.1541	DATA	Keypress: v
494.3230	DATA	Keypress: v
494.4925	DATA	Keypress: v
494.5760	DATA	Keypress: v held
494.5761	DATA	earn v
494.6683	DATA	Keypress: v
494.8467	DATA	Keypress: v
495.0156	DATA	Keypress: v
495.1843	DATA	Keypress: v
495.3700	DATA	Keypress: v
495.5558	DATA	Keypress: v
495.8079	DATA	Keypress: v
495.9102	DATA	Keypress: v
496.0796	DATA	Keypress: v
496.2481	DATA	Keypress: v
496.4170	DATA	Keypress: v
496.6025	DATA	Keypress: v
496.7715	DATA	Keypress: v
496.8218	DATA	Keypress: v held
496.8218	DATA	earn v
496.9573	DATA	Keypress: v
497.1263	DATA	Keypress: v
497.3120	DATA	Keypress: v
497.4809	DATA	Keypress: v
497.6501	DATA	Keypress: v
497.8194	DATA	Keypress: v
498.0558	DATA	Keypress: v
498.1902	DATA	Keypress: v
498.3589	DATA	Keypress: v
498.5449	DATA	Keypress: v
498.7134	DATA	Keypress: v
498.8993	DATA	Keypress: v
499.0677	DATA	Keypress: v held
499.0681	DATA	Keypress: v
499.2371	DATA	Keypress: v
499.4227	DATA	Keypress: v
499.5916	DATA	Keypress: v
499.7605	DATA	Keypress: v
499.9466	DATA	Keypress: v
500.0810	DATA	Keypress: v held
500.0811	DATA	earn v
500.2679	DATA	Keypress: v
500.4530	DATA	Keypress: v
500.7063	DATA	Keypress: v
500.8583	DATA	Keypress: v
501.3361	DATA	Keypress: v
501.4154	DATA	Keypress: v
501.6012	DATA	Keypress: v
501.7872	DATA	Keypress: v
501.9557	DATA	Keypress: v
502.1249	DATA	Keypress: v
502.2936	DATA	Keypress: v
502.3439	DATA	Keypress: v held
502.4626	DATA	Keypress: v
502.6313	DATA	Keypress: v
502.8001	DATA	Keypress: v
502.9860	DATA	Keypress: v
503.1561	DATA	Keypress: v
503.3405	DATA	Keypress: v
503.3571	DATA	Keypress: v held
503.5264	DATA	Keypress: v
503.7290	DATA	Keypress: v
503.9146	DATA	Keypress: v
504.0836	DATA	Keypress: v
504.2694	DATA	Keypress: v
504.3702	DATA	Keypress: v held
504.4552	DATA	Keypress: v
504.6410	DATA	Keypress: v
504.8434	DATA	Keypress: v
505.0128	DATA	Keypress: v
505.1984	DATA	Keypress: v
505.3670	DATA	Keypress: v
505.3835	DATA	Keypress: v held
505.5359	DATA	Keypress: v
505.7215	DATA	Keypress: v
505.8736	DATA	Keypress: v
506.3966	DATA	Keypress: v held
506.4308	DATA	Keypress: t
506.6337	DATA	Keypress: t
506.8023	DATA	Keypress: t
506.9882	DATA	Keypress: t
507.1571	DATA	Keypress: t
507.3259	DATA	Keypress: t
507.4099	DATA	Keypress: t held
507.4099	DATA	earn t
507.5152	DATA	Keypress: t
507.7146	DATA	Keypress: t
508.0521	DATA	Keypress: t
508.2548	DATA	Keypress: t
508.6517	DATA	Keypress: t
508.6523	DATA	Keypress: t
508.8287	DATA	Keypress: t
509.0146	DATA	Keypress: t
509.2172	DATA	Keypress: t
509.3860	DATA	Keypress: t
509.5550	DATA	Keypress: t
509.6560	DATA	Keypress: t held
509.7240	DATA	Keypress: t
509.9098	DATA	Keypress: t
510.1122	DATA	Keypress: t
510.2980	DATA	Keypress: t
510.4836	DATA	Keypress: t
510.6689	DATA	Keypress: t held
510.6689	DATA	earn t
510.6693	DATA	Keypress: t
510.8724	DATA	Keypress: t
511.0579	DATA	Keypress: t
511.2437	DATA	Keypress: t
511.4293	DATA	Keypress: t
511.6154	DATA	Keypress: t
511.9279	DATA	Keypress: t
512.0036	DATA	Keypress: t
512.1893	DATA	Keypress: t
512.3920	DATA	Keypress: t
512.5777	DATA	Keypress: t
512.7804	DATA	Keypress: t
512.9319	DATA	Keypress: t held
512.9492	DATA	Keypress: t
513.1351	DATA	Keypress: t
513.3207	DATA	Keypress: t
513.5066	DATA	Keypress: t
513.6923	DATA	Keypress: t
513.8617	DATA	Keypress: t
513.9452	DATA	Keypress: t held
513.9453	DATA	earn t
514.0639	DATA	Keypress: t
514.2496	DATA	Keypress: t
514.4355	DATA	Keypress: t
514.6380	DATA	Keypress: t
515.2457	DATA	Keypress: v
515.4486	DATA	Keypress: v
515.6342	DATA	Keypress: v
515.8030	DATA	Keypress: v
515.9720	DATA	Keypress: v
516.1749	DATA	Keypress: v
516.2080	DATA	Keypress: v held
516.3774	DATA	Keypress: v
516.5461	DATA	Keypress: v
516.7321	DATA	Keypress: v
516.9007	DATA	Keypress: v
517.1541	DATA	Keypress: v
517.2213	DATA	Keypress: v held
517.3061	DATA	Keypress: v
517.5261	DATA	Keypress: v
517.6943	DATA	Keypress: v
517.8632	DATA	Keypress: v
518.0491	DATA	Keypress: v
518.2181	DATA	Keypress: v
518.2345	DATA	Keypress: v held
518.4377	DATA	Keypress: v
518.5893	DATA	Keypress: v
518.7920	DATA	Keypress: v
518.9609	DATA	Keypress: v
519.1467	DATA	Keypress: v
519.2477	DATA	Keypress: v held
519.3497	DATA	Keypress: v
519.5351	DATA	Keypress: v
519.7378	DATA	Keypress: v
519.9067	DATA	Keypress: v
520.1094	DATA	Keypress: v
520.2609	DATA	Keypress: v held
520.2782	DATA	Keypress: v
520.4639	DATA	Keypress: v
520.6327	DATA	Keypress: v
520.9875	DATA	Keypress: t
521.1900	DATA	Keypress: t
521.2741	DATA	Keypress: t held
521.3759	DATA	Keypress: t
521.5617	DATA	Keypress: t
521.7303	DATA	Keypress: t
521.9161	DATA	Keypress: t
522.1020	DATA	Keypress: t
522.2710	DATA	Keypress: t
522.3042	DATA	Keypress: t held
522.4735	DATA	Keypress: t
522.6591	DATA	Keypress: t
522.8618	DATA	Keypress: t
523.0476	DATA	Keypress: t
523.2334	DATA	Keypress: t
523.3173	DATA	Keypress: t held
523.4191	DATA	Keypress: t
523.6047	DATA	Keypress: t
523.7912	DATA	Keypress: t
523.9763	DATA	Keypress: t
524.1792	DATA	Keypress: t
524.3306	DATA	Keypress: t held
524.3307	DATA	earn t
524.4325	DATA	Keypress: t
524.5676	DATA	Keypress: t
524.7533	DATA	Keypress: t
524.9560	DATA	Keypress: t
525.5837	DATA	Keypress: t
525.6988	DATA	Keypress: t
525.8845	DATA	Keypress: t
526.0713	DATA	Keypress: t
526.2392	DATA	Keypress: t
526.4250	DATA	Keypress: t
526.5934	DATA	Keypress: t held
526.6445	DATA	Keypress: t
526.8302	DATA	Keypress: t
527.0164	DATA	Keypress: t
527.2018	DATA	Keypress: t
527.4044	DATA	Keypress: t
527.5733	DATA	Keypress: t
527.6067	DATA	Keypress: t held
527.7423	DATA	Keypress: t
527.9281	DATA	Keypress: t
528.1137	DATA	Keypress: t
528.3163	DATA	Keypress: t
528.5023	DATA	Keypress: t
528.6198	DATA	Keypress: t held
528.6199	DATA	earn t
528.7268	DATA	Keypress: t
528.8736	DATA	Keypress: t
529.0426	DATA	Keypress: t
529.2452	DATA	Keypress: t
529.4311	DATA	Keypress: t
529.5998	DATA	Keypress: t
529.9156	DATA	Keypress: t
529.9882	DATA	Keypress: t
530.1571	DATA	Keypress: t
530.3431	DATA	Keypress: t
530.5118	DATA	Keypress: t
530.6974	DATA	Keypress: t
530.9003	DATA	Keypress: t
530.9334	DATA	Keypress: t held
531.1028	DATA	Keypress: t
531.2716	DATA	Keypress: t
531.4405	DATA	Keypress: t
531.6432	DATA	Keypress: t
531.8290	DATA	Keypress: t
531.9465	DATA	Keypress: t held
532.0315	DATA	Keypress: t
532.2003	DATA	Keypress: t
532.3863	DATA	Keypress: t
532.5718	DATA	Keypress: t
532.7575	DATA	Keypress: t
532.9598	DATA	Keypress: t held
532.9602	DATA	Keypress: t
533.1461	DATA	Keypress: t
533.3318	DATA	Keypress: t
533.5175	DATA	Keypress: t
533.7034	DATA	Keypress: t
533.8895	DATA	Keypress: t
533.9731	DATA	Keypress: t held
533.9732	DATA	earn t
534.0781	DATA	Keypress: t
534.2775	DATA	Keypress: t
534.4464	DATA	Keypress: t
534.6327	DATA	Keypress: t
534.8182	DATA	Keypress: t
535.2433	DATA	Keypress: t
535.2439	DATA	Keypress: t
535.3921	DATA	Keypress: t
535.5608	DATA	Keypress: t
535.7465	DATA	Keypress: t
535.9325	DATA	Keypress: t
536.1181	DATA	Keypress: t
536.2528	DATA	Keypress: t held
536.2529	DATA	earn t
536.3575	DATA	Keypress: t
536.4901	DATA	Keypress: t
536.6754	DATA	Keypress: t
536.8610	DATA	Keypress: t
537.0638	DATA	Keypress: t
537.2331	DATA	Keypress: t
537.5248	DATA	Keypress: t
537.6381	DATA	Keypress: t
537.8236	DATA	Keypress: t
537.9931	DATA	Keypress: t
538.5325	DATA	Keypress: t held
538.6008	DATA	Keypress: v
538.7862	DATA	Keypress: v
538.9721	DATA	Keypress: v
539.1578	DATA	Keypress: v
539.3435	DATA	Keypress: v
539.5128	DATA	Keypress: v
539.5459	DATA	Keypress: v held
539.6984	DATA	Keypress: v
539.8670	DATA	Keypress: v
540.0697	DATA	Keypress: v
540.2723	DATA	Keypress: v
540.4580	DATA	Keypress: v
540.5590	DATA	Keypress: v held
540.6100	DATA	Keypress: v
540.7958	DATA	Keypress: v
540.9816	DATA	Keypress: v
541.1676	DATA	Keypress: v
541.3545	DATA	Keypress: v
541.5218	DATA	Keypress: v
541.5722	DATA	Keypress: v held
541.9440	DATA	Keypress: t
542.1467	DATA	Keypress: t
542.3494	DATA	Keypress: t
542.5520	DATA	Keypress: t
542.5853	DATA	Keypress: t held
542.7378	DATA	Keypress: t
542.9234	DATA	Keypress: t
543.1093	DATA	Keypress: t
543.2949	DATA	Keypress: t
543.4809	DATA	Keypress: t
543.5987	DATA	Keypress: t held
543.5988	DATA	earn t
543.8694	DATA	Keypress: t
544.0722	DATA	Keypress: t
544.2576	DATA	Keypress: t
544.4606	DATA	Keypress: t
544.8784	DATA	Keypress: t
544.8789	DATA	Keypress: t
545.0682	DATA	Keypress: t
545.2541	DATA	Keypress: t
545.4568	DATA	Keypress: t
545.6264	DATA	Keypress: t
545.8449	DATA	Keypress: t
545.8781	DATA	Keypress: t held
545.8781	DATA	earn t
546.0815	DATA	Keypress: t
546.2672	DATA	Keypress: t
546.4192	DATA	Keypress: t
546.6049	DATA	Keypress: t
546.7906	DATA	Keypress: t
547.1856	DATA	Keypress: t
547.1861	DATA	Keypress: t
547.3988	DATA	Keypress: t
547.5844	DATA	Keypress: t
547.7705	DATA	Keypress: t
547.9731	DATA	Keypress: t
548.1754	DATA	Keypress: t
548.1918	DATA	Keypress: t held
548.3780	DATA	Keypress: t
548.5637	DATA	Keypress: t
548.7664	DATA	Keypress: t
548.9524	DATA	Keypress: t
549.1380	DATA	Keypress: t
549.2051	DATA	Keypress: t held
549.3237	DATA	Keypress: t
549.9124	DATA	start rating L
549.9216	DATA	Keypress: t
549.9221	DATA	Keypress: t
550.1923	DATA	Keypress: t
556.3733	DATA	Keypress: v
556.8796	DATA	Keypress: v
557.3523	DATA	Keypress: v
557.8282	DATA	Keypress: v
558.5379	DATA	Keypress: v
560.3917	DATA	Keypress: v
563.9379	DATA	Keypress: return
563.9382	DATA	RatingScale rateL_scale: (key response) rating=7
563.9383	DATA	RatingScale rateL_scale: rating RT=14.026
563.9387	DATA	7.0
563.9387	DATA	end rating L
564.0359	DATA	start rating R
569.1728	DATA	Keypress: v
569.5782	DATA	Keypress: v
570.5607	DATA	Keypress: return
570.5611	DATA	RatingScale rateR_scale: (key response) rating=6
570.5611	DATA	RatingScale rateR_scale: rating RT=6.525
570.5616	DATA	6.0
570.5635	DATA	end rating R
572.1041	DATA	Keypress: v
572.1207	DATA	Keypress: v held
572.3067	DATA	Keypress: v
572.4759	DATA	Keypress: v
572.6445	DATA	Keypress: v
572.7964	DATA	Keypress: v
572.9654	DATA	Keypress: v
573.1339	DATA	Keypress: v held
573.1339	DATA	earn v
573.1344	DATA	Keypress: v
573.3036	DATA	Keypress: v
573.4720	DATA	Keypress: v
573.6749	DATA	Keypress: v
573.8266	DATA	Keypress: v
573.9956	DATA	Keypress: v
574.4423	DATA	Keypress: v
574.4433	DATA	Keypress: v
574.5023	DATA	Keypress: v
574.6372	DATA	Keypress: v
574.9748	DATA	Keypress: v
575.1438	DATA	Keypress: v
575.3464	DATA	Keypress: v
575.4473	DATA	Keypress: v held
575.4986	DATA	Keypress: v
575.6842	DATA	Keypress: v
575.8700	DATA	Keypress: v
576.0051	DATA	Keypress: v
576.2077	DATA	Keypress: v
576.3429	DATA	Keypress: v
576.4606	DATA	Keypress: v held
576.5117	DATA	Keypress: v
576.7143	DATA	Keypress: v
576.8834	DATA	Keypress: v
577.0522	DATA	Keypress: v
577.2041	DATA	Keypress: v
577.3559	DATA	Keypress: v
577.4737	DATA	Keypress: v held
577.7782	DATA	Keypress: t
577.9471	DATA	Keypress: t
578.1328	DATA	Keypress: t
578.3188	DATA	Keypress: t
578.4870	DATA	Keypress: t held
578.4874	DATA	Keypress: t
578.6731	DATA	Keypress: t
578.8254	DATA	Keypress: t
578.9940	DATA	Keypress: t
579.1629	DATA	Keypress: t
579.3318	DATA	Keypress: t
579.5002	DATA	Keypress: t held
579.5003	DATA	earn t
579.6009	DATA	Keypress: t
579.6868	DATA	Keypress: t
579.8554	DATA	Keypress: t
580.0410	DATA	Keypress: t
580.2100	DATA	Keypress: t
580.3620	DATA	Keypress: t
580.8347	DATA	Keypress: t
581.0036	DATA	Keypress: t
581.1727	DATA	Keypress: t
581.3582	DATA	Keypress: t
581.5269	DATA	Keypress: t
581.6792	DATA	Keypress: t
581.8137	DATA	Keypress: t held
581.8647	DATA	Keypress: t
582.2364	DATA	Keypress: t
582.4223	DATA	Keypress: t
582.5911	DATA	Keypress: t
582.7598	DATA	Keypress: t
582.8269	DATA	Keypress: t held
582.9286	DATA	Keypress: t
583.0975	DATA	Keypress: t
583.2834	DATA	Keypress: t
583.4522	DATA	Keypress: t
583.6213	DATA	Keypress: t
583.8069	DATA	Keypress: t
583.8403	DATA	Keypress: t held
583.9757	DATA	Keypress: t
584.1283	DATA	Keypress: t
584.3134	DATA	Keypress: t
584.4822	DATA	Keypress: t
584.6680	DATA	Keypress: t
584.8533	DATA	Keypress: t held
584.8537	DATA	Keypress: t
585.0227	DATA	Keypress: t
585.1915	DATA	Keypress: t
585.3604	DATA	Keypress: t
585.5292	DATA	Keypress: t
585.8665	DATA	Keypress: t held
586.1203	DATA	Keypress: v
586.2894	DATA	Keypress: v
586.4918	DATA	Keypress: v
586.6606	DATA	Keypress: v
586.8294	DATA	Keypress: v
586.8798	DATA	Keypress: v held
587.0157	DATA	Keypress: v
587.1672	DATA	Keypress: v
587.3368	DATA	Keypress: v
587.5219	DATA	Keypress: v
587.7076	DATA	Keypress: v
587.8765	DATA	Keypress: v
587.8930	DATA	Keypress: v held
588.0624	DATA	Keypress: v
588.2312	DATA	Keypress: v
588.4002	DATA	Keypress: v
588.5526	DATA	Keypress: v
588.7548	DATA	Keypress: v
588.9062	DATA	Keypress: v held
588.9406	DATA	Keypress: v
589.1094	DATA	Keypress: v
589.2951	DATA	Keypress: v
589.4640	DATA	Keypress: v
589.6327	DATA	Keypress: v
589.8018	DATA	Keypress: v
589.9194	DATA	Keypress: v held
589.9874	DATA	Keypress: v
590.1733	DATA	Keypress: v
590.3423	DATA	Keypress: v
590.5111	DATA	Keypress: v
590.6628	DATA	Keypress: v
590.8485	DATA	Keypress: v
590.9326	DATA	Keypress: v held
591.0174	DATA	Keypress: v
591.2033	DATA	Keypress: v
591.3721	DATA	Keypress: v
591.5411	DATA	Keypress: v
591.7269	DATA	Keypress: v
591.8957	DATA	Keypress: v
591.9458	DATA	Keypress: v held
591.9458	DATA	earn v
593.2747	DATA	Keypress: v
593.2752	DATA	Keypress: v
593.3818	DATA	Keypress: v
593.5675	DATA	Keypress: v
593.7531	DATA	Keypress: v
593.9221	DATA	Keypress: v
594.1079	DATA	Keypress: v
594.2763	DATA	Keypress: v held
594.2767	DATA	Keypress: v
594.4624	DATA	Keypress: v
594.6658	DATA	Keypress: v
594.8180	DATA	Keypress: v
595.0029	DATA	Keypress: v
595.1886	DATA	Keypress: v
595.2895	DATA	Keypress: v held
595.3405	DATA	Keypress: v
595.5265	DATA	Keypress: v
595.6952	DATA	Keypress: v
595.8819	DATA	Keypress: v
596.0502	DATA	Keypress: v
596.2356	DATA	Keypress: v
596.3028	DATA	Keypress: v held
596.4047	DATA	Keypress: v
596.6070	DATA	Keypress: v
596.7927	DATA	Keypress: v
596.9621	DATA	Keypress: v
597.1813	DATA	Keypress: v
597.3159	DATA	Keypress: v held
597.3501	DATA	Keypress: v
597.5359	DATA	Keypress: v
597.7218	DATA	Keypress: v
597.9075	DATA	Keypress: v
598.0594	DATA	Keypress: v
598.3292	DATA	Keypress: v held
598.7010	DATA	Keypress: t
598.9036	DATA	Keypress: t
599.0897	DATA	Keypress: t
599.2755	DATA	Keypress: t
599.3424	DATA	Keypress: t held
599.5117	DATA	Keypress: t
599.6806	DATA	Keypress: t
599.8664	DATA	Keypress: t
600.0690	DATA	Keypress: t
600.2378	DATA	Keypress: t
600.3556	DATA	Keypress: t held
600.4237	DATA	Keypress: t
600.6093	DATA	Keypress: t
600.7950	DATA	Keypress: t
600.9810	DATA	Keypress: t
601.1497	DATA	Keypress: t
601.3187	DATA	Keypress: t
601.3688	DATA	Keypress: t held
601.5211	DATA	Keypress: t
601.7068	DATA	Keypress: t
601.8757	DATA	Keypress: t
602.0787	DATA	Keypress: t
602.2814	DATA	Keypress: t
602.3820	DATA	Keypress: t held
602.4511	DATA	Keypress: t
602.6359	DATA	Keypress: t
602.8045	DATA	Keypress: t
603.0072	DATA	Keypress: t
603.1929	DATA	Keypress: t
603.3621	DATA	Keypress: t
603.3951	DATA	Keypress: t held
603.5475	DATA	Keypress: t
603.7504	DATA	Keypress: t
603.9358	DATA	Keypress: t
604.0880	DATA	Keypress: t
604.2738	DATA	Keypress: t
604.4085	DATA	Keypress: t held
604.4085	DATA	earn t
604.5151	DATA	Keypress: t
604.6453	DATA	Keypress: t
604.8309	DATA	Keypress: t
605.0001	DATA	Keypress: t
605.7499	DATA	Keypress: t
605.7503	DATA	Keypress: t
605.9118	DATA	Keypress: t
606.1144	DATA	Keypress: t
606.2997	DATA	Keypress: t
606.4859	DATA	Keypress: t
606.6548	DATA	Keypress: t
606.7556	DATA	Keypress: t held
606.8407	DATA	Keypress: t
607.0264	DATA	Keypress: t
607.2122	DATA	Keypress: t
607.3475	DATA	Keypress: t
607.5497	DATA	Keypress: t
607.7355	DATA	Keypress: t
607.7689	DATA	Keypress: t held
607.7689	DATA	earn t
607.9213	DATA	Keypress: t
608.1085	DATA	Keypress: t
608.2930	DATA	Keypress: t
608.4956	DATA	Keypress: t
608.6813	DATA	Keypress: t
609.1073	DATA	Keypress: t
609.1078	DATA	Keypress: t
609.2386	DATA	Keypress: t
609.4243	DATA	Keypress: t
609.6269	DATA	Keypress: t
609.7959	DATA	Keypress: t
609.9816	DATA	Keypress: t
610.1163	DATA	Keypress: t held
610.5725	DATA	Keypress: v
610.7751	DATA	Keypress: v
610.9779	DATA	Keypress: v
611.1295	DATA	Keypress: v held
611.1637	DATA	Keypress: v
611.3324	DATA	Keypress: v
611.4844	DATA	Keypress: v
611.6871	DATA	Keypress: v
611.8897	DATA	Keypress: v
612.0756	DATA	Keypress: v
612.1427	DATA	Keypress: v held
612.2612	DATA	Keypress: v
612.4469	DATA	Keypress: v
612.6326	DATA	Keypress: v
612.8184	DATA	Keypress: v
613.0044	DATA	Keypress: v
613.1558	DATA	Keypress: v held
613.1901	DATA	Keypress: v
613.5617	DATA	Keypress: v
613.7474	DATA	Keypress: v
613.9332	DATA	Keypress: v
614.1191	DATA	Keypress: v
614.1692	DATA	Keypress: v held
614.3046	DATA	Keypress: v
614.4904	DATA	Keypress: v
614.6760	DATA	Keypress: v
614.8786	DATA	Keypress: v
615.0648	DATA	Keypress: v
615.1824	DATA	Keypress: v held
615.1824	DATA	earn v
615.2763	DATA	Keypress: v
615.4192	DATA	Keypress: v
617.3442	DATA	Keypress: t
617.5803	DATA	Keypress: t held
617.6144	DATA	Keypress: t
617.7832	DATA	Keypress: t
618.3743	DATA	Keypress: t
618.5934	DATA	Keypress: t held
618.5938	DATA	Keypress: t
619.3032	DATA	Keypress: t
619.4721	DATA	Keypress: t
619.6067	DATA	Keypress: t held
619.7253	DATA	Keypress: t
619.9615	DATA	Keypress: t
620.4514	DATA	Keypress: t
620.6199	DATA	Keypress: t held
620.8567	DATA	Keypress: t
621.0425	DATA	Keypress: t
621.2461	DATA	Keypress: t
621.4985	DATA	Keypress: t
621.6331	DATA	Keypress: t held
621.7180	DATA	Keypress: t
621.9712	DATA	Keypress: t
622.4443	DATA	Keypress: t
622.6463	DATA	Keypress: t held
622.6973	DATA	Keypress: t
622.9337	DATA	Keypress: t
623.1871	DATA	Keypress: t
623.4235	DATA	Keypress: t
623.6092	DATA	Keypress: t
623.6595	DATA	Keypress: t held
623.8456	DATA	Keypress: t
623.9980	DATA	Keypress: t
624.1834	DATA	Keypress: t
624.3692	DATA	Keypress: t
624.6727	DATA	Keypress: t held
624.7069	DATA	Keypress: t
624.8759	DATA	Keypress: t
625.0619	DATA	Keypress: t
625.2305	DATA	Keypress: t
625.4162	DATA	Keypress: t
625.5849	DATA	Keypress: t
625.6860	DATA	Keypress: t held
625.7540	DATA	Keypress: t
625.9397	DATA	Keypress: t
626.1256	DATA	Keypress: t
626.2785	DATA	Keypress: t
626.4632	DATA	Keypress: t
626.6322	DATA	Keypress: t
626.6992	DATA	Keypress: t held
626.8177	DATA	Keypress: t
627.0037	DATA	Keypress: t
627.1726	DATA	Keypress: t
627.3412	DATA	Keypress: t
627.5108	DATA	Keypress: t
627.6959	DATA	Keypress: t
627.7124	DATA	Keypress: t held
627.8816	DATA	Keypress: t
628.2532	DATA	Keypress: t
628.4220	DATA	Keypress: t
628.5908	DATA	Keypress: t
628.7256	DATA	Keypress: t held
628.7597	DATA	Keypress: t
628.9457	DATA	Keypress: t
629.1146	DATA	Keypress: t
629.3003	DATA	Keypress: t
629.4861	DATA	Keypress: t
629.6553	DATA	Keypress: t
629.7390	DATA	Keypress: t held
629.8575	DATA	Keypress: t
630.0432	DATA	Keypress: t
630.2121	DATA	Keypress: t
630.3977	DATA	Keypress: t
630.5674	DATA	Keypress: t
631.1553	DATA	start rating L
631.1638	DATA	Keypress: t
631.1643	DATA	Keypress: t
631.1646	DATA	Keypress: t
631.3337	DATA	Keypress: t
635.6902	DATA	Keypress: v
636.4360	DATA	Keypress: v
639.5751	DATA	Keypress: return
639.5754	DATA	RatingScale rateL_scale: (key response) rating=3
639.5755	DATA	RatingScale rateL_scale: rating RT=8.420
639.5759	DATA	3.0
639.5759	DATA	end rating L
639.6698	DATA	start rating R
643.6274	DATA	Keypress: v
645.2146	DATA	Keypress: return
645.2149	DATA	RatingScale rateR_scale: (key response) rating=5
645.2150	DATA	RatingScale rateR_scale: rating RT=5.545
645.2154	DATA	5.0
645.2163	DATA	end rating R
646.7612	DATA	Keypress: v
646.7777	DATA	Keypress: v held
646.9807	DATA	Keypress: v
647.1497	DATA	Keypress: v
647.3186	DATA	Keypress: v
647.4874	DATA	Keypress: v
647.6734	DATA	Keypress: v
647.7909	DATA	Keypress: v held
647.8252	DATA	Keypress: v
647.9778	DATA	Keypress: v
648.1800	DATA	Keypress: v
648.3147	DATA	Keypress: v
648.5004	DATA	Keypress: v
648.6697	DATA	Keypress: v
648.8041	DATA	Keypress: v held
648.8041	DATA	earn v
648.8985	DATA	Keypress: v
649.0074	DATA	Keypress: v
649.1931	DATA	Keypress: v
649.3459	DATA	Keypress: v
649.5142	DATA	Keypress: v
650.1703	DATA	Keypress: v
650.2062	DATA	Keypress: v
650.3751	DATA	Keypress: v
650.5440	DATA	Keypress: v
650.7296	DATA	Keypress: v
650.8985	DATA	Keypress: v
651.0508	DATA	Keypress: v
651.1853	DATA	Keypress: v held
651.2196	DATA	Keypress: v
651.4051	DATA	Keypress: v
651.5740	DATA	Keypress: v
651.7428	DATA	Keypress: v
651.9286	DATA	Keypress: v
652.0976	DATA	Keypress: v
652.1985	DATA	Keypress: v held
652.2496	DATA	Keypress: v
652.4184	DATA	Keypress: v
652.5873	DATA	Keypress: v
652.7898	DATA	Keypress: v
652.9592	DATA	Keypress: v
653.1614	DATA	Keypress: v
653.2118	DATA	Keypress: v held
653.9044	DATA	Keypress: t
654.0904	DATA	Keypress: t
654.2248	DATA	Keypress: t held
654.2760	DATA	Keypress: t
654.4279	DATA	Keypress: t
654.6305	DATA	Keypress: t
654.7993	DATA	Keypress: t
654.9682	DATA	Keypress: t
655.1372	DATA	Keypress: t
655.2382	DATA	Keypress: t held
655.3061	DATA	Keypress: t
655.4749	DATA	Keypress: t
655.8463	DATA	Keypress: t
656.0325	DATA	Keypress: t
656.2180	DATA	Keypress: t
656.2513	DATA	Keypress: t held
656.3869	DATA	Keypress: t
656.5895	DATA	Keypress: t
656.7753	DATA	Keypress: t
656.9439	DATA	Keypress: t
657.1131	DATA	Keypress: t
657.2646	DATA	Keypress: t held
657.2646	DATA	earn t
657.3645	DATA	Keypress: t
657.4677	DATA	Keypress: t
657.6195	DATA	Keypress: t
658.6385	DATA	Keypress: v
658.6665	DATA	Keypress: v
658.8355	DATA	Keypress: v
659.0044	DATA	Keypress: v
659.1732	DATA	Keypress: v
659.3928	DATA	Keypress: v
659.5448	DATA	Keypress: v
659.6457	DATA	Keypress: v held
659.7306	DATA	Keypress: v
659.8995	DATA	Keypress: v
660.1022	DATA	Keypress: v
660.2708	DATA	Keypress: v
660.4735	DATA	Keypress: v
660.6589	DATA	Keypress: v held
660.6594	DATA	Keypress: v
660.8448	DATA	Keypress: v
661.0307	DATA	Keypress: v
661.1995	DATA	Keypress: v
661.3853	DATA	Keypress: v
661.5375	DATA	Keypress: v
661.6720	DATA	Keypress: v held
661.7232	DATA	Keypress: v
661.9088	DATA	Keypress: v
662.0776	DATA	Keypress: v
662.2637	DATA	Keypress: v
662.4491	DATA	Keypress: v
662.6180	DATA	Keypress: v
662.6852	DATA	Keypress: v held
662.8040	DATA	Keypress: v
662.9898	DATA	Keypress: v
663.1753	DATA	Keypress: v
663.3445	DATA	Keypress: v
663.6985	DATA	Keypress: v held
664.5093	DATA	Keypress: t
664.6951	DATA	Keypress: t
664.7117	DATA	Keypress: t held
664.8808	DATA	Keypress: t
665.0669	DATA	Keypress: t
665.2362	DATA	Keypress: t
665.4044	DATA	Keypress: t
665.5734	DATA	Keypress: t
665.7248	DATA	Keypress: t held
665.7249	DATA	earn t
665.8259	DATA	Keypress: t
665.9448	DATA	Keypress: t
666.3169	DATA	Keypress: t
667.2958	DATA	Keypress: t
667.4817	DATA	Keypress: t
667.6673	DATA	Keypress: t
667.8528	DATA	Keypress: t
668.0389	DATA	Keypress: t
668.1566	DATA	Keypress: t held
668.2079	DATA	Keypress: t
668.3933	DATA	Keypress: t
668.5790	DATA	Keypress: t
668.7487	DATA	Keypress: t
668.9506	DATA	Keypress: t
669.1367	DATA	Keypress: t
669.1698	DATA	Keypress: t held
669.3221	DATA	Keypress: t
669.5080	DATA	Keypress: t
669.6769	DATA	Keypress: t
669.8793	DATA	Keypress: t
670.0484	DATA	Keypress: t
670.1831	DATA	Keypress: t held
670.2341	DATA	Keypress: t
670.4367	DATA	Keypress: t
670.6057	DATA	Keypress: t
670.7912	DATA	Keypress: t
670.9941	DATA	Keypress: t
671.1963	DATA	Keypress: t held
671.1963	DATA	earn t
671.1967	DATA	Keypress: t
671.3656	DATA	Keypress: t
671.5348	DATA	Keypress: t
672.5800	DATA	Keypress: t
672.5807	DATA	Keypress: t
672.5986	DATA	Keypress: t
672.7674	DATA	Keypress: t
672.9528	DATA	Keypress: t
673.1559	DATA	Keypress: t
673.3412	DATA	Keypress: t
673.5103	DATA	Keypress: t
673.5944	DATA	Keypress: t held
673.6793	DATA	Keypress: t
674.0846	DATA	Keypress: t
674.2702	DATA	Keypress: t
674.4221	DATA	Keypress: t
674.6074	DATA	Keypress: t held
674.6074	DATA	earn t
674.6078	DATA	Keypress: t
674.8103	DATA	Keypress: t
674.9963	DATA	Keypress: t
676.0130	DATA	Keypress: t
676.0135	DATA	Keypress: t
676.1955	DATA	Keypress: t
676.3823	DATA	Keypress: t
676.5667	DATA	Keypress: t
676.7525	DATA	Keypress: t
676.9550	DATA	Keypress: t
677.0223	DATA	Keypress: t held
677.1240	DATA	Keypress: t
677.3098	DATA	Keypress: t
677.4954	DATA	Keypress: t
677.6814	DATA	Keypress: t
678.0355	DATA	Keypress: t held
678.0697	DATA	Keypress: t
678.2555	DATA	Keypress: t
678.4412	DATA	Keypress: t
678.6270	DATA	Keypress: t
678.8128	DATA	Keypress: t
678.9983	DATA	Keypress: t
679.0488	DATA	Keypress: t held
679.1673	DATA	Keypress: t
679.3702	DATA	Keypress: t
679.5727	DATA	Keypress: t
679.7585	DATA	Keypress: t
679.9273	DATA	Keypress: t
680.0619	DATA	Keypress: t held
680.1130	DATA	Keypress: t
680.3156	DATA	Keypress: t
680.5182	DATA	Keypress: t
680.7210	DATA	Keypress: t
680.8898	DATA	Keypress: t
681.0752	DATA	Keypress: t held
681.0752	DATA	earn t
681.1761	DATA	Keypress: t
681.2951	DATA	Keypress: t
682.0233	DATA	Keypress: v
682.4783	DATA	Keypress: v
682.4791	DATA	Keypress: v
682.5955	DATA	Keypress: v
682.7810	DATA	Keypress: v
682.9667	DATA	Keypress: v
683.1529	DATA	Keypress: v
683.3552	DATA	Keypress: v
683.4899	DATA	Keypress: v held
683.5580	DATA	Keypress: v
683.7435	DATA	Keypress: v
683.9464	DATA	Keypress: v
684.2000	DATA	Keypress: v
684.4191	DATA	Keypress: v
684.5031	DATA	Keypress: v held
684.6386	DATA	Keypress: v
684.8750	DATA	Keypress: v
685.0949	DATA	Keypress: v
685.2806	DATA	Keypress: v
685.5162	DATA	Keypress: v held
685.5162	DATA	earn v
685.6857	DATA	Keypress: v
685.8886	DATA	Keypress: v
686.1079	DATA	Keypress: v
686.9178	DATA	Keypress: v
686.9861	DATA	Keypress: v
687.1718	DATA	Keypress: v
687.3575	DATA	Keypress: v
687.5601	DATA	Keypress: v
687.7798	DATA	Keypress: v
687.9312	DATA	Keypress: v held
687.9653	DATA	Keypress: v
688.3372	DATA	Keypress: v
688.5397	DATA	Keypress: v
688.7254	DATA	Keypress: v
688.9443	DATA	Keypress: v held
688.9447	DATA	Keypress: v
689.1476	DATA	Keypress: v
689.3501	DATA	Keypress: v
689.5360	DATA	Keypress: v
689.7387	DATA	Keypress: v
689.9412	DATA	Keypress: v
689.9577	DATA	Keypress: v held
690.1438	DATA	Keypress: v
690.3296	DATA	Keypress: v
690.5323	DATA	Keypress: v
690.7182	DATA	Keypress: v
690.9043	DATA	Keypress: v
690.9708	DATA	Keypress: v held
691.0895	DATA	Keypress: v
691.2754	DATA	Keypress: v
691.4610	DATA	Keypress: v
691.8324	DATA	Keypress: v
691.9841	DATA	Keypress: v held
692.0183	DATA	Keypress: v
692.2209	DATA	Keypress: v
692.4234	DATA	Keypress: v
692.5926	DATA	Keypress: v
692.7781	DATA	Keypress: v
692.9639	DATA	Keypress: v
692.9973	DATA	Keypress: v held
693.1667	DATA	Keypress: v
693.3692	DATA	Keypress: v
693.5551	DATA	Keypress: v
693.7410	DATA	Keypress: v
693.9263	DATA	Keypress: v
694.0105	DATA	Keypress: v held
694.1126	DATA	Keypress: v
694.3149	DATA	Keypress: v
694.5006	DATA	Keypress: v
694.6865	DATA	Keypress: v
694.8726	DATA	Keypress: v
695.0238	DATA	Keypress: v held
695.0409	DATA	Keypress: v
695.4463	DATA	Keypress: v
695.6334	DATA	Keypress: v
695.8177	DATA	Keypress: v
696.0205	DATA	Keypress: v
696.0370	DATA	Keypress: v held
696.2063	DATA	Keypress: v
696.4088	DATA	Keypress: v
696.9323	DATA	Keypress: t
697.0502	DATA	Keypress: t held
697.1181	DATA	Keypress: t
697.3378	DATA	Keypress: t
697.5234	DATA	Keypress: t
697.7091	DATA	Keypress: t
697.8948	DATA	Keypress: t
698.0634	DATA	Keypress: t held
698.0809	DATA	Keypress: t
698.2664	DATA	Keypress: t
698.4521	DATA	Keypress: t
698.6382	DATA	Keypress: t
698.8067	DATA	Keypress: t
699.0095	DATA	Keypress: t
699.0767	DATA	Keypress: t held
699.2121	DATA	Keypress: t
699.3809	DATA	Keypress: t
699.5839	DATA	Keypress: t
699.7693	DATA	Keypress: t
699.9550	DATA	Keypress: t
700.0899	DATA	Keypress: t held
700.1410	DATA	Keypress: t
700.5124	DATA	Keypress: t
700.7827	DATA	Keypress: t
700.9855	DATA	Keypress: t
701.1030	DATA	Keypress: t held
701.1879	DATA	Keypress: t
701.3736	DATA	Keypress: t
701.5762	DATA	Keypress: t
701.7790	DATA	Keypress: t
701.9815	DATA	Keypress: t
702.1163	DATA	Keypress: t held
702.1673	DATA	Keypress: t
702.3530	DATA	Keypress: t
702.5388	DATA	Keypress: t
702.7247	DATA	Keypress: t
702.9103	DATA	Keypress: t
703.1294	DATA	Keypress: t held
703.4000	DATA	Keypress: v
703.5862	DATA	Keypress: v
703.7888	DATA	Keypress: v
703.9911	DATA	Keypress: v
704.1428	DATA	Keypress: v held
704.1600	DATA	Keypress: v
704.3460	DATA	Keypress: v
704.5316	DATA	Keypress: v
704.7172	DATA	Keypress: v
704.9031	DATA	Keypress: v
705.0890	DATA	Keypress: v
705.1559	DATA	Keypress: v held
705.2746	DATA	Keypress: v
705.9012	DATA	start rating L
705.9099	DATA	Keypress: v
705.9104	DATA	Keypress: v
705.9402	DATA	Keypress: v
710.7363	DATA	Keypress: t
711.0403	DATA	Keypress: t
711.3468	DATA	Keypress: t
711.6855	DATA	Keypress: t
712.6651	DATA	Keypress: t
713.6121	DATA	Keypress: return
713.6444	DATA	RatingScale rateL_scale: (key response) rating=2
713.6444	DATA	RatingScale rateL_scale: rating RT=7.743
713.6449	DATA	2.0
713.6449	DATA	end rating L
713.7404	DATA	start rating R
716.2072	DATA	Keypress: t
716.5452	DATA	Keypress: t
717.3931	DATA	Keypress: return
717.3936	DATA	RatingScale rateR_scale: (key response) rating=2
717.3936	DATA	RatingScale rateR_scale: rating RT=3.653
717.3941	DATA	2.0
717.3952	DATA	end rating R
