32.5868	DATA	version A
153.3997	DATA	Keypress: space
156.1691	DATA	Keypress: t
156.1856	DATA	Keypress: t held
160.2391	DATA	Keypress: t
160.2720	DATA	Keypress: t held
163.5146	DATA	Keypress: v
163.5312	DATA	Keypress: v held
164.5110	DATA	Keypress: t
164.5444	DATA	Keypress: t held
165.6426	DATA	Keypress: v
165.6590	DATA	Keypress: v held
166.4022	DATA	Keypress: v
166.6724	DATA	Keypress: v held
166.9935	DATA	Keypress: t
167.6856	DATA	Keypress: t held
168.1418	DATA	Keypress: t
168.6987	DATA	Keypress: t held
168.6988	DATA	earn t
170.5229	DATA	Keypress: v
170.7590	DATA	Keypress: v held
171.9244	DATA	Keypress: t
171.9409	DATA	Keypress: t held
172.4647	DATA	Keypress: v
172.9542	DATA	Keypress: v held
172.9543	DATA	earn v
173.8498	DATA	Keypress: v
174.7278	DATA	Keypress: v
175.0144	DATA	Keypress: v held
175.6396	DATA	Keypress: v
176.0277	DATA	Keypress: v held
176.5344	DATA	Keypress: v
177.0409	DATA	Keypress: v held
177.2944	DATA	Keypress: v
178.0207	DATA	Keypress: v
178.0540	DATA	Keypress: v held
179.1691	DATA	Keypress: v
179.1856	DATA	Keypress: v held
179.8612	DATA	Keypress: v
180.1987	DATA	Keypress: v held
180.1987	DATA	earn v
181.8877	DATA	Keypress: v
182.2758	DATA	Keypress: v held
182.7660	DATA	Keypress: v
183.2890	DATA	Keypress: v held
183.7115	DATA	Keypress: v
184.3022	DATA	Keypress: v held
184.8429	DATA	Keypress: v
185.3156	DATA	Keypress: v held
185.5352	DATA	Keypress: v
186.1263	DATA	Keypress: v
186.3285	DATA	Keypress: v held
186.6668	DATA	Keypress: v
187.3419	DATA	Keypress: v held
187.4100	DATA	Keypress: v
188.0009	DATA	Keypress: v
188.3550	DATA	Keypress: v held
188.5753	DATA	Keypress: v
189.0648	DATA	Keypress: v
189.3683	DATA	Keypress: v held
189.5714	DATA	Keypress: v
190.1116	DATA	Keypress: v
190.3814	DATA	Keypress: v held
190.8718	DATA	Keypress: v
191.3945	DATA	Keypress: v held
191.4963	DATA	Keypress: v
192.0199	DATA	Keypress: v
192.4079	DATA	Keypress: v held
192.5267	DATA	Keypress: v
192.9996	DATA	Keypress: v
193.4211	DATA	Keypress: v held
193.5058	DATA	Keypress: v
193.8268	DATA	Keypress: t
194.1140	DATA	Keypress: v
194.4345	DATA	Keypress: v held
194.6881	DATA	Keypress: v
195.1777	DATA	Keypress: v
195.4476	DATA	Keypress: v held
195.5661	DATA	Keypress: v
196.1742	DATA	Keypress: v
196.4607	DATA	Keypress: v held
196.5116	DATA	Keypress: t
196.9003	DATA	Keypress: t
197.3054	DATA	Keypress: v
197.4740	DATA	Keypress: v held
197.5927	DATA	Keypress: t
198.0319	DATA	Keypress: v
198.4371	DATA	Keypress: v
198.4871	DATA	Keypress: v held
198.8760	DATA	Keypress: v
199.4838	DATA	Keypress: v
199.5004	DATA	Keypress: v held
199.7711	DATA	Keypress: v
200.1427	DATA	Keypress: t
200.4465	DATA	Keypress: t
200.5137	DATA	Keypress: t held
200.8687	DATA	Keypress: t
201.1726	DATA	Keypress: t
201.3752	DATA	Keypress: t
201.5269	DATA	Keypress: t held
201.7469	DATA	Keypress: v
202.0677	DATA	Keypress: v
202.5399	DATA	Keypress: v held
202.7095	DATA	Keypress: v
203.1651	DATA	Keypress: v
203.4696	DATA	Keypress: v
203.5533	DATA	Keypress: v held
203.9927	DATA	Keypress: t
204.3304	DATA	Keypress: t
204.5665	DATA	Keypress: t held
204.5666	DATA	earn t
204.7531	DATA	Keypress: t
205.6814	DATA	Keypress: v
206.4078	DATA	Keypress: v
206.6606	DATA	Keypress: v held
206.8299	DATA	Keypress: v
207.4378	DATA	Keypress: v
207.6738	DATA	Keypress: v held
207.7246	DATA	Keypress: v
208.2144	DATA	Keypress: v
208.5691	DATA	Keypress: v
208.6871	DATA	Keypress: v held
208.8562	DATA	Keypress: v
209.1940	DATA	Keypress: v
209.4307	DATA	Keypress: v
209.7002	DATA	Keypress: v held
209.8527	DATA	Keypress: v
210.1736	DATA	Keypress: v
210.4774	DATA	Keypress: v
210.7135	DATA	Keypress: v held
210.8151	DATA	Keypress: v
211.0177	DATA	Keypress: v
211.6425	DATA	Keypress: v
211.7267	DATA	Keypress: v held
211.9802	DATA	Keypress: v
212.2673	DATA	Keypress: v
212.5882	DATA	Keypress: v
212.7399	DATA	Keypress: v held
212.7571	DATA	Keypress: v
213.2129	DATA	Keypress: t
213.5352	DATA	Keypress: t
213.7230	DATA	start rating L
213.8447	DATA	Keypress: t
221.2416	DATA	Keypress: t
223.3047	DATA	Keypress: v
224.1834	DATA	Keypress: v
224.5881	DATA	Keypress: v
229.5521	DATA	Keypress: v
230.6983	DATA	Keypress: return
230.6986	DATA	RatingScale rateL_scale: (key response) rating=6
230.6987	DATA	RatingScale rateL_scale: rating RT=16.976
230.6992	DATA	6.0
230.6992	DATA	end rating L
230.8078	DATA	start rating R
233.3828	DATA	Keypress: t
234.5987	DATA	Keypress: t
235.5782	DATA	Keypress: return
235.5785	DATA	RatingScale rateR_scale: (key response) rating=2
235.5786	DATA	RatingScale rateR_scale: rating RT=4.771
235.5791	DATA	2.0
235.5802	DATA	end rating R
239.3543	DATA	Keypress: t
239.3875	DATA	Keypress: t held
239.7424	DATA	Keypress: t
240.1310	DATA	Keypress: t
240.4007	DATA	Keypress: t held
240.5023	DATA	Keypress: t
240.8907	DATA	Keypress: t
241.1952	DATA	Keypress: t
241.4137	DATA	Keypress: t held
241.5322	DATA	Keypress: t
241.8196	DATA	Keypress: t
242.1740	DATA	Keypress: t
242.4270	DATA	Keypress: t held
242.4948	DATA	Keypress: t
242.9004	DATA	Keypress: v
243.3056	DATA	Keypress: v
243.4401	DATA	Keypress: v held
243.6434	DATA	Keypress: v
243.9641	DATA	Keypress: v
244.2853	DATA	Keypress: v
244.4536	DATA	Keypress: v held
244.4536	DATA	earn v
244.5890	DATA	Keypress: v
245.6022	DATA	Keypress: t
245.8895	DATA	Keypress: t
246.1931	DATA	Keypress: t
246.4970	DATA	Keypress: t
246.5811	DATA	Keypress: t held
246.8180	DATA	Keypress: t
247.0882	DATA	Keypress: t
247.4091	DATA	Keypress: t
247.5945	DATA	Keypress: t held
247.7131	DATA	Keypress: t
248.0169	DATA	Keypress: t
248.3379	DATA	Keypress: t
248.6077	DATA	Keypress: t held
248.6418	DATA	Keypress: t
248.9627	DATA	Keypress: t
249.2498	DATA	Keypress: t
249.5876	DATA	Keypress: t
249.6209	DATA	Keypress: t held
249.9253	DATA	Keypress: t
250.2800	DATA	Keypress: t
250.6179	DATA	Keypress: t
250.6511	DATA	Keypress: t held
250.9731	DATA	Keypress: t
251.3270	DATA	Keypress: t
251.6479	DATA	Keypress: t
251.6643	DATA	Keypress: t held
252.0024	DATA	Keypress: t
252.2894	DATA	Keypress: t
252.6102	DATA	Keypress: t
252.6773	DATA	Keypress: t held
252.9479	DATA	Keypress: t
253.2519	DATA	Keypress: t
253.5728	DATA	Keypress: t
253.6906	DATA	Keypress: t held
253.8767	DATA	Keypress: t
254.1471	DATA	Keypress: t
254.4508	DATA	Keypress: t
254.7039	DATA	Keypress: t held
254.7549	DATA	Keypress: t
255.1263	DATA	Keypress: v
255.4978	DATA	Keypress: v
255.7171	DATA	Keypress: v held
255.9203	DATA	Keypress: v
256.2241	DATA	Keypress: v
256.5447	DATA	Keypress: v
256.7303	DATA	Keypress: v held
256.8828	DATA	Keypress: v
257.2036	DATA	Keypress: v
257.5242	DATA	Keypress: v
257.7436	DATA	Keypress: v held
257.8465	DATA	Keypress: v
258.1659	DATA	Keypress: v
258.4868	DATA	Keypress: v
258.7568	DATA	Keypress: v held
258.7568	DATA	earn v
258.8587	DATA	Keypress: v
260.1926	DATA	Keypress: t
260.5471	DATA	Keypress: t
260.8512	DATA	Keypress: t
260.8844	DATA	Keypress: t held
261.1720	DATA	Keypress: t
261.4757	DATA	Keypress: t
261.8139	DATA	Keypress: t
261.8977	DATA	Keypress: t held
262.1183	DATA	Keypress: t
262.4229	DATA	Keypress: t
262.7424	DATA	Keypress: t
262.9109	DATA	Keypress: t held
263.0468	DATA	Keypress: t
263.3840	DATA	Keypress: t
263.7051	DATA	Keypress: t
263.9242	DATA	Keypress: t held
263.9242	DATA	earn t
264.0427	DATA	Keypress: t
264.7521	DATA	Keypress: v
265.0730	DATA	Keypress: v
265.4106	DATA	Keypress: v
265.7482	DATA	Keypress: v
266.0688	DATA	Keypress: v held
266.0859	DATA	Keypress: v
266.4068	DATA	Keypress: v
266.7277	DATA	Keypress: v
267.0654	DATA	Keypress: v
267.0820	DATA	Keypress: v held
267.4368	DATA	Keypress: v
267.7747	DATA	Keypress: v
268.0785	DATA	Keypress: v
268.0952	DATA	Keypress: v held
268.4163	DATA	Keypress: v
268.7541	DATA	Keypress: v
269.0751	DATA	Keypress: v
269.1086	DATA	Keypress: v held
269.4131	DATA	Keypress: v
269.7674	DATA	Keypress: v
270.0887	DATA	Keypress: v
270.1216	DATA	Keypress: v held
270.1217	DATA	earn v
270.4259	DATA	Keypress: v
271.0508	DATA	Keypress: t
271.3717	DATA	Keypress: t
271.7093	DATA	Keypress: t
272.0131	DATA	Keypress: t
272.2323	DATA	Keypress: t held
272.3341	DATA	Keypress: t
272.6721	DATA	Keypress: t
272.9930	DATA	Keypress: t
273.2456	DATA	Keypress: t held
273.3134	DATA	Keypress: t
273.6344	DATA	Keypress: t
273.9722	DATA	Keypress: t
274.2590	DATA	Keypress: t held
274.2591	DATA	earn t
274.3489	DATA	Keypress: t
275.4753	DATA	Keypress: v
275.8466	DATA	Keypress: v
276.1505	DATA	Keypress: v
276.4035	DATA	Keypress: v held
276.4714	DATA	Keypress: v
276.8092	DATA	Keypress: v
277.1639	DATA	Keypress: v
277.4167	DATA	Keypress: v held
277.5185	DATA	Keypress: v
277.8054	DATA	Keypress: v
278.1602	DATA	Keypress: v
278.4301	DATA	Keypress: v held
278.4810	DATA	Keypress: v
278.8526	DATA	Keypress: v
279.1395	DATA	Keypress: v
279.4430	DATA	Keypress: v held
279.4431	DATA	earn v
279.5527	DATA	Keypress: v
280.2376	DATA	Keypress: t
280.5816	DATA	Keypress: t
280.8973	DATA	Keypress: t
281.2504	DATA	Keypress: t
281.5879	DATA	Keypress: t held
281.6053	DATA	Keypress: t
281.9260	DATA	Keypress: t
282.2299	DATA	Keypress: t
282.5168	DATA	Keypress: t
282.6011	DATA	Keypress: t held
282.8380	DATA	Keypress: t
283.1587	DATA	Keypress: t
283.4796	DATA	Keypress: t
283.6143	DATA	Keypress: t held
283.7837	DATA	Keypress: t
284.1043	DATA	Keypress: t
284.4251	DATA	Keypress: t
284.6276	DATA	Keypress: t held
284.7460	DATA	Keypress: t
285.0670	DATA	Keypress: t
285.4386	DATA	Keypress: t
285.6407	DATA	Keypress: t held
285.7592	DATA	Keypress: t
286.0971	DATA	Keypress: t
286.4011	DATA	Keypress: t
286.6540	DATA	Keypress: t held
286.7052	DATA	Keypress: t
287.0427	DATA	Keypress: t
287.3467	DATA	Keypress: t
287.6672	DATA	Keypress: t held
287.6846	DATA	Keypress: t
288.0054	DATA	Keypress: t
288.3093	DATA	Keypress: t
288.6303	DATA	Keypress: t
288.6803	DATA	Keypress: t held
288.9171	DATA	Keypress: t
289.2380	DATA	Keypress: t
289.5421	DATA	Keypress: t
289.6936	DATA	Keypress: t held
289.8628	DATA	Keypress: t
290.1840	DATA	Keypress: t
290.5048	DATA	Keypress: t
290.7069	DATA	Keypress: t held
290.7069	DATA	earn t
290.8271	DATA	Keypress: t
291.6363	DATA	Keypress: v
291.9568	DATA	Keypress: v
292.2944	DATA	Keypress: v
292.6154	DATA	Keypress: v
292.8515	DATA	Keypress: v held
292.8515	DATA	earn v
293.1389	DATA	Keypress: v
293.7301	DATA	Keypress: t
294.0510	DATA	Keypress: t
294.3547	DATA	Keypress: t
294.9961	DATA	Keypress: t held
295.6922	DATA	Keypress: t
295.9614	DATA	start rating L
296.0672	DATA	Keypress: t
299.4785	DATA	Keypress: t
299.8838	DATA	Keypress: t
300.7992	DATA	Keypress: v
302.2144	DATA	Keypress: return
302.2147	DATA	RatingScale rateL_scale: (key response) rating=2
302.2148	DATA	RatingScale rateL_scale: rating RT=6.253
302.2152	DATA	2.0
302.2152	DATA	end rating L
302.3208	DATA	start rating R
303.5477	DATA	Keypress: v
303.7509	DATA	Keypress: v
304.6963	DATA	Keypress: return
304.6966	DATA	RatingScale rateR_scale: (key response) rating=6
304.6967	DATA	RatingScale rateR_scale: rating RT=2.376
304.6971	DATA	6.0
304.6981	DATA	end rating R
307.0874	DATA	Keypress: v
307.1040	DATA	Keypress: v held
307.4252	DATA	Keypress: v
307.7630	DATA	Keypress: v
308.0668	DATA	Keypress: v
308.1173	DATA	Keypress: v held
308.1174	DATA	earn v
308.3710	DATA	Keypress: v
309.2950	DATA	Keypress: t
309.4519	DATA	Keypress: t
309.8062	DATA	Keypress: t
310.1438	DATA	Keypress: t
310.2956	DATA	Keypress: t held
310.4817	DATA	Keypress: t
310.8026	DATA	Keypress: t
311.1233	DATA	Keypress: t
311.3088	DATA	Keypress: t held
311.4610	DATA	Keypress: t
311.7661	DATA	Keypress: t
312.0861	DATA	Keypress: t
312.3220	DATA	Keypress: t held
312.4069	DATA	Keypress: t
312.7446	DATA	Keypress: t
313.0825	DATA	Keypress: t
313.3352	DATA	Keypress: t held
313.4031	DATA	Keypress: t
313.7409	DATA	Keypress: t
314.0617	DATA	Keypress: t
314.3485	DATA	Keypress: t held
314.3485	DATA	earn t
314.4429	DATA	Keypress: t
314.6706	DATA	Keypress: t
315.2270	DATA	Keypress: v
315.5320	DATA	Keypress: v
315.8349	DATA	Keypress: v
316.1726	DATA	Keypress: v
316.4768	DATA	Keypress: v
316.5437	DATA	Keypress: v held
316.7973	DATA	Keypress: v
317.1015	DATA	Keypress: v
317.4053	DATA	Keypress: v
317.5569	DATA	Keypress: v held
317.5569	DATA	earn v
317.7264	DATA	Keypress: v
318.3005	DATA	Keypress: t
318.7467	DATA	Keypress: t
318.8914	DATA	Keypress: t
319.2122	DATA	Keypress: t
319.5668	DATA	Keypress: t
319.7524	DATA	Keypress: t held
319.8879	DATA	Keypress: t
320.2087	DATA	Keypress: t
320.5295	DATA	Keypress: t
320.7656	DATA	Keypress: t held
320.8672	DATA	Keypress: t
321.2048	DATA	Keypress: t
321.5257	DATA	Keypress: t
321.7788	DATA	Keypress: t held
321.8468	DATA	Keypress: t
322.1674	DATA	Keypress: t
322.4882	DATA	Keypress: t
322.7920	DATA	Keypress: t held
322.8430	DATA	Keypress: t
323.1977	DATA	Keypress: t
323.5184	DATA	Keypress: t
323.8052	DATA	Keypress: t held
323.8563	DATA	Keypress: t
324.2109	DATA	Keypress: t
324.5823	DATA	Keypress: t
324.8183	DATA	Keypress: t held
324.9034	DATA	Keypress: t
325.2239	DATA	Keypress: t
325.5616	DATA	Keypress: t
325.8317	DATA	Keypress: t held
325.8995	DATA	Keypress: t
326.2373	DATA	Keypress: t
326.5579	DATA	Keypress: t
326.8448	DATA	Keypress: t held
326.8962	DATA	Keypress: t
327.2338	DATA	Keypress: t
327.5544	DATA	Keypress: t
327.8581	DATA	Keypress: t held
327.8584	DATA	Keypress: t
328.1960	DATA	Keypress: t
328.4833	DATA	Keypress: t
328.8209	DATA	Keypress: t
328.8712	DATA	Keypress: t held
328.8713	DATA	earn t
329.1420	DATA	Keypress: t
329.6657	DATA	Keypress: v
330.0352	DATA	Keypress: v
330.2903	DATA	Keypress: v
330.6110	DATA	Keypress: v
330.9656	DATA	Keypress: v
331.0495	DATA	Keypress: v held
331.0496	DATA	earn v
331.2529	DATA	Keypress: v
331.8438	DATA	Keypress: t
332.2784	DATA	Keypress: t
332.4347	DATA	Keypress: t
332.7556	DATA	Keypress: t
333.0596	DATA	Keypress: t
333.2787	DATA	Keypress: t held
333.3803	DATA	Keypress: t
333.7183	DATA	Keypress: t
334.0390	DATA	Keypress: t
334.2921	DATA	Keypress: t held
334.3599	DATA	Keypress: t
334.6808	DATA	Keypress: t
334.9845	DATA	Keypress: t
335.2719	DATA	Keypress: t
335.3053	DATA	Keypress: t held
335.3054	DATA	earn t
335.5934	DATA	Keypress: t
336.5148	DATA	Keypress: v
336.8928	DATA	Keypress: v
337.2138	DATA	Keypress: v
337.5173	DATA	Keypress: v held
337.5514	DATA	Keypress: v
337.8898	DATA	Keypress: v
338.1940	DATA	Keypress: v
338.5307	DATA	Keypress: v held
338.5647	DATA	Keypress: v
338.8858	DATA	Keypress: v
339.2404	DATA	Keypress: v
339.5437	DATA	Keypress: v held
339.5611	DATA	Keypress: v
339.8988	DATA	Keypress: v
340.2198	DATA	Keypress: v
340.5406	DATA	Keypress: v
340.5568	DATA	Keypress: v held
340.8615	DATA	Keypress: v
341.2159	DATA	Keypress: v
341.5545	DATA	Keypress: v
341.5701	DATA	Keypress: v held
341.9251	DATA	Keypress: v
342.2462	DATA	Keypress: v
342.5835	DATA	Keypress: v held
342.6008	DATA	Keypress: v
342.9218	DATA	Keypress: v
343.2423	DATA	Keypress: v
343.5467	DATA	Keypress: v
343.5967	DATA	Keypress: v held
343.8676	DATA	Keypress: v
344.1883	DATA	Keypress: v
344.5429	DATA	Keypress: v
344.6100	DATA	Keypress: v held
344.8297	DATA	Keypress: v
345.1676	DATA	Keypress: v
345.5052	DATA	Keypress: v
345.6232	DATA	Keypress: v held
345.8261	DATA	Keypress: v
346.1472	DATA	Keypress: v
346.4677	DATA	Keypress: v
346.6364	DATA	Keypress: v held
346.8056	DATA	Keypress: v
347.1264	DATA	Keypress: v
347.4639	DATA	Keypress: v
347.6495	DATA	Keypress: v held
347.7851	DATA	Keypress: v
348.0889	DATA	Keypress: v
348.4097	DATA	Keypress: v
348.6627	DATA	Keypress: v held
348.7136	DATA	Keypress: v
349.0345	DATA	Keypress: v
349.3723	DATA	Keypress: v
349.6760	DATA	Keypress: v held
349.6760	DATA	earn v
349.7738	DATA	Keypress: v
350.4532	DATA	Keypress: t
350.8878	DATA	Keypress: t
351.0780	DATA	Keypress: t
351.4155	DATA	Keypress: t
351.7536	DATA	Keypress: t
351.8882	DATA	Keypress: t held
352.0573	DATA	Keypress: t
352.3782	DATA	Keypress: t
352.6991	DATA	Keypress: t
352.9013	DATA	Keypress: t held
353.0198	DATA	Keypress: t
353.3407	DATA	Keypress: t
353.6616	DATA	Keypress: t
353.9146	DATA	Keypress: t held
354.0162	DATA	Keypress: t
354.3373	DATA	Keypress: t
354.6580	DATA	Keypress: t
354.9278	DATA	Keypress: t held
354.9957	DATA	Keypress: t
355.3165	DATA	Keypress: t
355.6543	DATA	Keypress: t
355.9411	DATA	Keypress: t held
355.9922	DATA	Keypress: t
356.3299	DATA	Keypress: t
356.6339	DATA	Keypress: t
356.9543	DATA	Keypress: t held
356.9549	DATA	Keypress: t
357.2755	DATA	Keypress: t
357.5964	DATA	Keypress: t
357.9010	DATA	Keypress: t
357.9674	DATA	Keypress: t held
358.2382	DATA	Keypress: t
358.5587	DATA	Keypress: t
358.8629	DATA	Keypress: t
358.9807	DATA	Keypress: t held
359.1668	DATA	Keypress: t
359.5045	DATA	Keypress: t
359.8254	DATA	Keypress: t
359.9938	DATA	Keypress: t held
360.1464	DATA	Keypress: t
360.4669	DATA	Keypress: t
360.8047	DATA	Keypress: t
361.0071	DATA	Keypress: t held
361.1087	DATA	Keypress: t
361.4133	DATA	Keypress: t
361.7338	DATA	Keypress: t
362.0203	DATA	Keypress: t held
362.0545	DATA	Keypress: t
362.3752	DATA	Keypress: t
362.6961	DATA	Keypress: t
363.0335	DATA	Keypress: t held
363.0339	DATA	Keypress: t
363.3546	DATA	Keypress: t
363.6589	DATA	Keypress: t
363.9964	DATA	Keypress: t
364.0468	DATA	Keypress: t held
364.2836	DATA	Keypress: t
364.6211	DATA	Keypress: t
365.1517	DATA	start rating L
365.1599	DATA	Keypress: t
365.3551	DATA	Keypress: t
368.0576	DATA	Keypress: return
368.0579	DATA	RatingScale rateL_scale: (key response) rating=2
368.0580	DATA	RatingScale rateL_scale: rating RT=2.906
368.0584	DATA	2.0
368.0585	DATA	end rating L
368.1653	DATA	start rating R
369.6633	DATA	Keypress: v
369.9682	DATA	Keypress: v
370.7413	DATA	Keypress: return
370.7416	DATA	RatingScale rateR_scale: (key response) rating=6
370.7417	DATA	RatingScale rateR_scale: rating RT=2.576
370.7421	DATA	6.0
370.7430	DATA	end rating R
372.5073	DATA	Keypress: v
372.5239	DATA	Keypress: v held
372.7945	DATA	Keypress: v
373.1492	DATA	Keypress: v
373.4194	DATA	Keypress: v
373.5370	DATA	Keypress: v held
373.7739	DATA	Keypress: v
374.0780	DATA	Keypress: v
374.3819	DATA	Keypress: v
374.5503	DATA	Keypress: v held
374.6857	DATA	Keypress: v
375.0066	DATA	Keypress: v
375.2937	DATA	Keypress: v
375.5635	DATA	Keypress: v held
375.6146	DATA	Keypress: v
375.9018	DATA	Keypress: v
376.2396	DATA	Keypress: v
376.5603	DATA	Keypress: v
376.5768	DATA	Keypress: v held
376.8811	DATA	Keypress: v
377.2021	DATA	Keypress: v
377.5399	DATA	Keypress: v
377.5900	DATA	Keypress: v held
377.8606	DATA	Keypress: v
378.2151	DATA	Keypress: v
378.5202	DATA	Keypress: v
378.6033	DATA	Keypress: v held
378.8399	DATA	Keypress: v
379.1440	DATA	Keypress: v
379.4480	DATA	Keypress: v
379.6165	DATA	Keypress: v held
379.7687	DATA	Keypress: v
380.0727	DATA	Keypress: v
380.4108	DATA	Keypress: v
380.6298	DATA	Keypress: v held
380.7314	DATA	Keypress: v
381.0522	DATA	Keypress: v
381.4068	DATA	Keypress: v
381.6430	DATA	Keypress: v held
381.7277	DATA	Keypress: v
382.0485	DATA	Keypress: v
382.3693	DATA	Keypress: v
382.6563	DATA	Keypress: v held
382.7070	DATA	Keypress: v
383.0448	DATA	Keypress: v
383.3995	DATA	Keypress: v
383.6695	DATA	Keypress: v held
383.7203	DATA	Keypress: v
384.0581	DATA	Keypress: v
384.3619	DATA	Keypress: v
384.6825	DATA	Keypress: v held
384.7167	DATA	Keypress: v
385.0037	DATA	Keypress: v
385.3414	DATA	Keypress: v
385.6117	DATA	Keypress: v
385.6959	DATA	Keypress: v held
385.6959	DATA	earn v
385.9160	DATA	Keypress: v
386.5068	DATA	Keypress: t
386.9328	DATA	Keypress: t
387.1652	DATA	Keypress: t
387.4691	DATA	Keypress: t
387.8072	DATA	Keypress: t
387.9418	DATA	Keypress: t held
387.9418	DATA	earn t
388.1448	DATA	Keypress: t
388.9057	DATA	Keypress: v
389.2095	DATA	Keypress: v
389.5295	DATA	Keypress: v
389.8842	DATA	Keypress: v
390.1539	DATA	Keypress: v held
390.2557	DATA	Keypress: v
390.5934	DATA	Keypress: v
390.9479	DATA	Keypress: v
391.1671	DATA	Keypress: v held
391.1671	DATA	earn v
391.2709	DATA	Keypress: v
391.6578	DATA	Keypress: v
392.0625	DATA	Keypress: t
392.4340	DATA	Keypress: t
392.7552	DATA	Keypress: t
393.0926	DATA	Keypress: t
393.4133	DATA	Keypress: t
393.4299	DATA	Keypress: t held
393.7512	DATA	Keypress: t
394.1058	DATA	Keypress: t
394.4268	DATA	Keypress: t
394.4433	DATA	Keypress: t held
394.7646	DATA	Keypress: t
395.0853	DATA	Keypress: t
395.4063	DATA	Keypress: t
395.4565	DATA	Keypress: t held
395.7438	DATA	Keypress: t
396.0986	DATA	Keypress: t
396.4362	DATA	Keypress: t
396.4696	DATA	Keypress: t held
396.7572	DATA	Keypress: t
397.1118	DATA	Keypress: t
397.4326	DATA	Keypress: t
397.4828	DATA	Keypress: t held
397.7534	DATA	Keypress: t
398.0742	DATA	Keypress: t
398.3783	DATA	Keypress: t
398.4962	DATA	Keypress: t held
398.7328	DATA	Keypress: t
399.1043	DATA	Keypress: t
399.4423	DATA	Keypress: t
399.5092	DATA	Keypress: t held
399.7629	DATA	Keypress: t
400.1006	DATA	Keypress: t
400.4385	DATA	Keypress: t
400.5224	DATA	Keypress: t held
400.7594	DATA	Keypress: t
401.0801	DATA	Keypress: t
401.4178	DATA	Keypress: t
401.5356	DATA	Keypress: t held
401.7218	DATA	Keypress: t
402.0429	DATA	Keypress: t
402.3805	DATA	Keypress: t
402.5491	DATA	Keypress: t held
402.7186	DATA	Keypress: t
403.0222	DATA	Keypress: t
403.3766	DATA	Keypress: t
403.5621	DATA	Keypress: t held
403.7484	DATA	Keypress: t
404.0691	DATA	Keypress: t
404.3561	DATA	Keypress: t
404.5753	DATA	Keypress: t held
404.5754	DATA	earn t
404.7278	DATA	Keypress: t
405.3865	DATA	Keypress: v
405.8633	DATA	Keypress: v
406.2136	DATA	Keypress: v
406.5007	DATA	Keypress: v
406.8554	DATA	Keypress: v
406.8721	DATA	Keypress: v held
407.1932	DATA	Keypress: v
407.5308	DATA	Keypress: v
407.8351	DATA	Keypress: v
407.8852	DATA	Keypress: v held
408.1563	DATA	Keypress: v
408.4935	DATA	Keypress: v
408.8312	DATA	Keypress: v
408.8984	DATA	Keypress: v held
409.1353	DATA	Keypress: v
409.4559	DATA	Keypress: v
409.7939	DATA	Keypress: v
409.9115	DATA	Keypress: v held
410.1487	DATA	Keypress: v
410.4863	DATA	Keypress: v
410.8240	DATA	Keypress: v
410.9249	DATA	Keypress: v held
411.1448	DATA	Keypress: v
411.4823	DATA	Keypress: v
411.7864	DATA	Keypress: v
411.9382	DATA	Keypress: v held
412.1074	DATA	Keypress: v
412.4287	DATA	Keypress: v
412.7659	DATA	Keypress: v
412.9513	DATA	Keypress: v held
413.0532	DATA	Keypress: v
413.4075	DATA	Keypress: v
413.7453	DATA	Keypress: v
413.9644	DATA	Keypress: v held
414.0832	DATA	Keypress: v
414.4040	DATA	Keypress: v
414.7585	DATA	Keypress: v
414.9778	DATA	Keypress: v held
415.0964	DATA	Keypress: v
415.4170	DATA	Keypress: v
415.7551	DATA	Keypress: v
415.9910	DATA	Keypress: v held
416.1094	DATA	Keypress: v
416.3965	DATA	Keypress: v
416.7513	DATA	Keypress: v
417.0041	DATA	Keypress: v held
417.0551	DATA	Keypress: v
417.4435	DATA	Keypress: v
417.7309	DATA	Keypress: v
418.0174	DATA	Keypress: v held
418.0683	DATA	Keypress: v
418.3894	DATA	Keypress: v
418.6935	DATA	Keypress: v
419.0140	DATA	Keypress: v
419.0305	DATA	Keypress: v held
419.3349	DATA	Keypress: v
419.6389	DATA	Keypress: v
419.9430	DATA	Keypress: v
420.0438	DATA	Keypress: v held
420.2468	DATA	Keypress: v
420.5675	DATA	Keypress: v
420.9055	DATA	Keypress: v
421.0571	DATA	Keypress: v held
421.2264	DATA	Keypress: v
421.8005	DATA	Keypress: v
422.0701	DATA	Keypress: v held
422.1045	DATA	Keypress: v
422.4758	DATA	Keypress: v
422.7967	DATA	Keypress: v
423.0834	DATA	Keypress: v held
423.1343	DATA	Keypress: v
423.4385	DATA	Keypress: v
423.7598	DATA	Keypress: v
424.0966	DATA	Keypress: v held
424.0970	DATA	Keypress: v
424.4348	DATA	Keypress: v
424.7557	DATA	Keypress: v
425.0766	DATA	Keypress: v
425.1100	DATA	Keypress: v held
425.4143	DATA	Keypress: v
425.7351	DATA	Keypress: v
426.0563	DATA	Keypress: v
426.1230	DATA	Keypress: v held
426.3767	DATA	Keypress: v
426.7145	DATA	Keypress: v
427.0522	DATA	Keypress: v
427.1363	DATA	Keypress: v held
427.3392	DATA	Keypress: v
427.6939	DATA	Keypress: v
427.9979	DATA	Keypress: v
428.1497	DATA	Keypress: v held
428.3199	DATA	Keypress: v
428.6228	DATA	Keypress: v
428.9610	DATA	Keypress: v
429.1627	DATA	Keypress: v held
429.3150	DATA	Keypress: v
429.6528	DATA	Keypress: v
430.0073	DATA	Keypress: v
430.1759	DATA	Keypress: v held
430.3451	DATA	Keypress: v
430.6157	DATA	Keypress: v
431.2514	DATA	start rating L
431.2600	DATA	Keypress: v
431.3341	DATA	Keypress: v
433.5974	DATA	Keypress: t
433.9035	DATA	Keypress: t
434.2695	DATA	Keypress: t
437.0394	DATA	Keypress: v
438.1202	DATA	Keypress: return
438.1205	DATA	RatingScale rateL_scale: (key response) rating=4
438.1206	DATA	RatingScale rateL_scale: rating RT=6.869
438.1210	DATA	4.0
438.1210	DATA	end rating L
438.2241	DATA	start rating R
439.2212	DATA	Keypress: t
440.9773	DATA	Keypress: return
440.9776	DATA	RatingScale rateR_scale: (key response) rating=3
440.9778	DATA	RatingScale rateR_scale: rating RT=2.754
440.9783	DATA	3.0
440.9794	DATA	end rating R
442.2841	DATA	Keypress: t
442.3008	DATA	Keypress: t held
442.5881	DATA	Keypress: t
442.9259	DATA	Keypress: t
443.2805	DATA	Keypress: t
443.3140	DATA	Keypress: t held
443.6186	DATA	Keypress: t
443.9223	DATA	Keypress: t
444.2600	DATA	Keypress: t
444.3272	DATA	Keypress: t held
444.3272	DATA	earn t
444.5472	DATA	Keypress: t
445.6487	DATA	Keypress: v
445.6786	DATA	Keypress: v
446.0332	DATA	Keypress: v
446.4046	DATA	Keypress: v
446.6576	DATA	Keypress: v held
446.7930	DATA	Keypress: v
447.1475	DATA	Keypress: v
447.4685	DATA	Keypress: v
447.6709	DATA	Keypress: v held
447.7900	DATA	Keypress: v
448.1270	DATA	Keypress: v
448.4313	DATA	Keypress: v
448.6841	DATA	Keypress: v held
448.7520	DATA	Keypress: v
449.0558	DATA	Keypress: v
449.3939	DATA	Keypress: v
449.6973	DATA	Keypress: v held
449.6974	DATA	earn v
449.8012	DATA	Keypress: v
450.4915	DATA	Keypress: t
450.9758	DATA	Keypress: t
451.1666	DATA	Keypress: t
451.5381	DATA	Keypress: t
451.8931	DATA	Keypress: t
451.9770	DATA	Keypress: t held
451.9770	DATA	earn t
452.2308	DATA	Keypress: t
452.8555	DATA	Keypress: v
453.2670	DATA	Keypress: v
453.5817	DATA	Keypress: v
453.9194	DATA	Keypress: v
454.2738	DATA	Keypress: v held
454.2743	DATA	Keypress: v
454.6117	DATA	Keypress: v
454.9494	DATA	Keypress: v
455.2705	DATA	Keypress: v
455.2869	DATA	Keypress: v held
455.6081	DATA	Keypress: v
455.9289	DATA	Keypress: v
456.2665	DATA	Keypress: v
456.3000	DATA	Keypress: v held
456.5875	DATA	Keypress: v
456.9253	DATA	Keypress: v
457.2462	DATA	Keypress: v
457.3132	DATA	Keypress: v held
457.6006	DATA	Keypress: v
457.9553	DATA	Keypress: v
458.3099	DATA	Keypress: v
458.3265	DATA	Keypress: v held
458.6815	DATA	Keypress: v
459.0192	DATA	Keypress: v
459.3395	DATA	Keypress: v held
459.3400	DATA	Keypress: v
459.6949	DATA	Keypress: v
460.0324	DATA	Keypress: v
460.3527	DATA	Keypress: v held
460.3701	DATA	Keypress: v
460.7084	DATA	Keypress: v
461.0456	DATA	Keypress: v
461.3661	DATA	Keypress: v held
461.3662	DATA	earn v
461.4729	DATA	Keypress: v
461.7721	DATA	Keypress: v
462.2619	DATA	Keypress: t
462.6922	DATA	Keypress: t
462.9202	DATA	Keypress: t
463.2746	DATA	Keypress: t
463.6295	DATA	Keypress: t
463.6966	DATA	Keypress: t held
463.9503	DATA	Keypress: t
464.3216	DATA	Keypress: t
464.6425	DATA	Keypress: t
464.7097	DATA	Keypress: t held
464.9813	DATA	Keypress: t
465.2852	DATA	Keypress: t
465.6221	DATA	Keypress: t
465.7230	DATA	Keypress: t held
465.9767	DATA	Keypress: t
466.3145	DATA	Keypress: t
466.6689	DATA	Keypress: t
466.7362	DATA	Keypress: t held
467.0239	DATA	Keypress: t
467.3444	DATA	Keypress: t
467.7331	DATA	Keypress: t
467.7664	DATA	Keypress: t held
468.0705	DATA	Keypress: t
468.4251	DATA	Keypress: t
468.7463	DATA	Keypress: t
468.7795	DATA	Keypress: t held
469.0670	DATA	Keypress: t
469.4216	DATA	Keypress: t
469.7426	DATA	Keypress: t
469.7927	DATA	Keypress: t held
470.0969	DATA	Keypress: t
470.4350	DATA	Keypress: t
470.7897	DATA	Keypress: t
470.8060	DATA	Keypress: t held
471.1101	DATA	Keypress: t
471.4477	DATA	Keypress: t
471.8191	DATA	Keypress: t held
471.8195	DATA	Keypress: t
472.1742	DATA	Keypress: t
472.5118	DATA	Keypress: t
472.8323	DATA	Keypress: t held
472.8327	DATA	Keypress: t
473.1875	DATA	Keypress: t
473.5251	DATA	Keypress: t
473.8456	DATA	Keypress: t held
473.8456	DATA	earn t
473.9356	DATA	Keypress: t
475.1550	DATA	Keypress: v
475.4838	DATA	Keypress: v
475.8556	DATA	Keypress: v
476.1590	DATA	Keypress: v held
476.1591	DATA	earn v
476.2673	DATA	Keypress: v
476.5988	DATA	Keypress: v
477.4721	DATA	Keypress: t
477.7806	DATA	Keypress: t
478.1858	DATA	Keypress: t
478.4725	DATA	Keypress: t held
478.5741	DATA	Keypress: t
478.9289	DATA	Keypress: t
479.2668	DATA	Keypress: t
479.4858	DATA	Keypress: t held
479.6382	DATA	Keypress: t
479.9760	DATA	Keypress: t
480.3304	DATA	Keypress: t
480.4989	DATA	Keypress: t held
480.7189	DATA	Keypress: t
481.0904	DATA	Keypress: t
481.4449	DATA	Keypress: t
481.5121	DATA	Keypress: t held
481.7997	DATA	Keypress: t
482.1204	DATA	Keypress: t
482.5253	DATA	Keypress: t held
482.5257	DATA	Keypress: t
482.8806	DATA	Keypress: t
483.2688	DATA	Keypress: t
483.5385	DATA	Keypress: t held
483.6406	DATA	Keypress: t
483.9949	DATA	Keypress: t
484.3830	DATA	Keypress: t
484.5518	DATA	Keypress: t held
484.7041	DATA	Keypress: t
485.0251	DATA	Keypress: t
485.3967	DATA	Keypress: t
485.5652	DATA	Keypress: t held
485.7343	DATA	Keypress: t
486.0889	DATA	Keypress: t
486.4604	DATA	Keypress: t
486.5783	DATA	Keypress: t held
486.7982	DATA	Keypress: t
487.1528	DATA	Keypress: t
487.4904	DATA	Keypress: t
487.5913	DATA	Keypress: t held
487.8622	DATA	Keypress: t
488.2337	DATA	Keypress: t
488.5546	DATA	Keypress: t
488.6048	DATA	Keypress: t held
488.9261	DATA	Keypress: t
489.2807	DATA	Keypress: t
489.6180	DATA	Keypress: t held
489.6353	DATA	Keypress: t
489.9900	DATA	Keypress: t
490.3952	DATA	Keypress: t
490.6311	DATA	Keypress: t held
490.7497	DATA	Keypress: t
491.1047	DATA	Keypress: t
491.4588	DATA	Keypress: t
491.6444	DATA	Keypress: t held
491.8136	DATA	Keypress: t
492.1681	DATA	Keypress: t
492.5059	DATA	Keypress: t
492.6576	DATA	Keypress: t held
492.8437	DATA	Keypress: t
493.2322	DATA	Keypress: t
493.5868	DATA	Keypress: t
493.6709	DATA	Keypress: t held
493.6709	DATA	earn t
493.9248	DATA	Keypress: t
494.6176	DATA	Keypress: v
495.0052	DATA	Keypress: v
495.3773	DATA	Keypress: v
495.7820	DATA	Keypress: v
495.9675	DATA	Keypress: v held
495.9675	DATA	earn v
496.1374	DATA	Keypress: v
497.2787	DATA	Keypress: t
497.5214	DATA	Keypress: t
497.8423	DATA	Keypress: t
498.2136	DATA	Keypress: t
498.2809	DATA	Keypress: t held
498.5684	DATA	Keypress: t
498.9230	DATA	Keypress: t
499.2778	DATA	Keypress: t
499.2942	DATA	Keypress: t held
499.6153	DATA	Keypress: t
499.9700	DATA	Keypress: t
500.2910	DATA	Keypress: t
500.3074	DATA	Keypress: t held
500.6624	DATA	Keypress: t
500.9832	DATA	Keypress: t
501.5448	DATA	start rating L
501.5533	DATA	Keypress: t
502.7647	DATA	Keypress: v
504.2497	DATA	Keypress: return
504.2503	DATA	RatingScale rateL_scale: (key response) rating=4
504.2505	DATA	RatingScale rateL_scale: rating RT=2.706
504.2513	DATA	4.0
504.2514	DATA	end rating L
504.3591	DATA	start rating R
504.9121	DATA	Keypress: return
508.1500	DATA	Keypress: return
508.1504	DATA	RatingScale rateR_scale: (key response) rating=4
508.1505	DATA	RatingScale rateR_scale: rating RT=3.791
508.1510	DATA	4.0
508.1519	DATA	end rating R
509.7138	DATA	Keypress: t
509.7303	DATA	Keypress: t held
510.0345	DATA	Keypress: t
510.3722	DATA	Keypress: t
510.6932	DATA	Keypress: t
510.7435	DATA	Keypress: t held
510.7436	DATA	earn t
511.0481	DATA	Keypress: t
512.0870	DATA	Keypress: v
512.3818	DATA	Keypress: v
512.7704	DATA	Keypress: v
513.0908	DATA	Keypress: v held
513.1250	DATA	Keypress: v
513.4795	DATA	Keypress: v
513.8512	DATA	Keypress: v
514.1039	DATA	Keypress: v held
514.2229	DATA	Keypress: v
514.5603	DATA	Keypress: v
514.9318	DATA	Keypress: v
515.1173	DATA	Keypress: v held
515.2865	DATA	Keypress: v
515.6749	DATA	Keypress: v
515.9968	DATA	Keypress: v
516.1304	DATA	Keypress: v held
516.3503	DATA	Keypress: v
516.7049	DATA	Keypress: v
517.0764	DATA	Keypress: v
517.1436	DATA	Keypress: v held
517.4310	DATA	Keypress: v
517.8196	DATA	Keypress: v
518.1570	DATA	Keypress: v held
518.1742	DATA	Keypress: v
518.5287	DATA	Keypress: v
518.8833	DATA	Keypress: v
519.1701	DATA	Keypress: v held
519.2378	DATA	Keypress: v
519.5758	DATA	Keypress: v
519.9303	DATA	Keypress: v
520.1833	DATA	Keypress: v held
520.2852	DATA	Keypress: v
520.6568	DATA	Keypress: v
521.0282	DATA	Keypress: v
521.1965	DATA	Keypress: v held
521.3994	DATA	Keypress: v
521.7541	DATA	Keypress: v
522.1427	DATA	Keypress: v
522.2097	DATA	Keypress: v held
522.2097	DATA	earn v
522.5141	DATA	Keypress: v
523.1897	DATA	Keypress: t
523.5536	DATA	Keypress: t
523.9495	DATA	Keypress: t
524.3717	DATA	Keypress: t
524.5570	DATA	Keypress: t held
524.7262	DATA	Keypress: t
525.1315	DATA	Keypress: t
525.5198	DATA	Keypress: t
525.5700	DATA	Keypress: t held
525.8914	DATA	Keypress: t
526.2966	DATA	Keypress: t
526.5834	DATA	Keypress: t held
526.5834	DATA	earn t
526.6780	DATA	Keypress: t
527.4623	DATA	Keypress: v
527.9358	DATA	Keypress: v
528.2724	DATA	Keypress: v
528.6778	DATA	Keypress: v
528.9477	DATA	Keypress: v held
528.9477	DATA	earn v
529.0657	DATA	Keypress: v
529.4208	DATA	Keypress: v
529.8772	DATA	Keypress: t
530.3050	DATA	Keypress: t
530.6031	DATA	Keypress: t
530.9913	DATA	Keypress: t
531.3118	DATA	Keypress: t held
531.3119	DATA	earn t
531.4018	DATA	Keypress: t
532.1738	DATA	Keypress: v
532.7357	DATA	Keypress: v
532.9335	DATA	Keypress: v
533.3048	DATA	Keypress: v
533.7101	DATA	Keypress: v
533.7435	DATA	Keypress: v held
534.0984	DATA	Keypress: v
534.4702	DATA	Keypress: v
534.7567	DATA	Keypress: v held
534.8417	DATA	Keypress: v
535.2300	DATA	Keypress: v
535.6354	DATA	Keypress: v
535.7700	DATA	Keypress: v held
536.0407	DATA	Keypress: v
536.3951	DATA	Keypress: v
536.7833	DATA	Keypress: v held
536.7838	DATA	Keypress: v
537.1890	DATA	Keypress: v
537.5604	DATA	Keypress: v
537.7964	DATA	Keypress: v held
537.9657	DATA	Keypress: v
538.3370	DATA	Keypress: v
538.6749	DATA	Keypress: v
538.8096	DATA	Keypress: v held
538.8097	DATA	earn v
539.1142	DATA	Keypress: v
539.6039	DATA	Keypress: t
540.1824	DATA	Keypress: t
540.4649	DATA	Keypress: t
540.9038	DATA	Keypress: t
541.1906	DATA	Keypress: t held
541.2922	DATA	Keypress: t
541.6645	DATA	Keypress: t
542.0353	DATA	Keypress: t
542.2038	DATA	Keypress: t held
542.4067	DATA	Keypress: t
542.7956	DATA	Keypress: t
543.1836	DATA	Keypress: t
543.2170	DATA	Keypress: t held
543.5550	DATA	Keypress: t
543.9266	DATA	Keypress: t
544.2303	DATA	Keypress: t held
544.2983	DATA	Keypress: t
544.6697	DATA	Keypress: t
545.0412	DATA	Keypress: t
545.2436	DATA	Keypress: t held
545.2437	DATA	earn t
545.4129	DATA	Keypress: t
546.0715	DATA	Keypress: v
546.6253	DATA	Keypress: v
546.9324	DATA	Keypress: v
547.3380	DATA	Keypress: v
547.6415	DATA	Keypress: v held
547.7430	DATA	Keypress: v
548.1147	DATA	Keypress: v
548.5032	DATA	Keypress: v
548.6547	DATA	Keypress: v held
548.8580	DATA	Keypress: v
549.2459	DATA	Keypress: v
549.6345	DATA	Keypress: v
549.6680	DATA	Keypress: v held
550.0231	DATA	Keypress: v
550.4451	DATA	Keypress: v
550.6811	DATA	Keypress: v held
550.6812	DATA	earn v
550.8337	DATA	Keypress: v
551.6273	DATA	Keypress: t
552.0772	DATA	Keypress: t
552.4375	DATA	Keypress: t
552.8599	DATA	Keypress: t
553.0790	DATA	Keypress: t held
553.0791	DATA	earn t
553.2651	DATA	Keypress: t
554.0759	DATA	Keypress: v
554.5827	DATA	Keypress: v
554.9877	DATA	Keypress: v
555.4097	DATA	Keypress: v
555.4599	DATA	Keypress: v held
555.7813	DATA	Keypress: v
556.2035	DATA	Keypress: v
556.4733	DATA	Keypress: v held
556.6086	DATA	Keypress: v
556.9633	DATA	Keypress: v
557.3518	DATA	Keypress: v
557.4865	DATA	Keypress: v held
557.7234	DATA	Keypress: v
558.1288	DATA	Keypress: v
558.4998	DATA	Keypress: v held
558.5169	DATA	Keypress: v
558.9391	DATA	Keypress: v
559.3106	DATA	Keypress: v
559.5129	DATA	Keypress: v held
559.6991	DATA	Keypress: v
560.0876	DATA	Keypress: v
560.4927	DATA	Keypress: v
560.5262	DATA	Keypress: v held
560.9149	DATA	Keypress: v
561.3203	DATA	Keypress: v
561.5395	DATA	Keypress: v held
561.7255	DATA	Keypress: v
562.0801	DATA	Keypress: v
562.4855	DATA	Keypress: v
562.5525	DATA	Keypress: v held
562.8569	DATA	Keypress: v
563.2623	DATA	Keypress: v
563.5657	DATA	Keypress: v held
563.6680	DATA	Keypress: v
564.0727	DATA	Keypress: v
564.4613	DATA	Keypress: v
564.5790	DATA	Keypress: v held
564.8326	DATA	Keypress: v
565.2210	DATA	Keypress: v
565.5922	DATA	Keypress: v held
565.6263	DATA	Keypress: v
566.0314	DATA	Keypress: v
566.4032	DATA	Keypress: v
566.6054	DATA	Keypress: v held
566.7916	DATA	Keypress: v
567.1632	DATA	Keypress: v
567.5346	DATA	Keypress: v
567.6186	DATA	Keypress: v held
567.6186	DATA	earn v
567.9401	DATA	Keypress: v
568.4975	DATA	Keypress: t
569.0522	DATA	Keypress: t
569.6906	DATA	start rating L
569.6989	DATA	Keypress: t
569.6994	DATA	Keypress: t
571.4256	DATA	Keypress: v
571.7975	DATA	Keypress: v
572.1037	DATA	Keypress: v
574.7693	DATA	Keypress: v
575.6173	DATA	Keypress: return
575.6180	DATA	RatingScale rateL_scale: (key response) rating=6
575.6181	DATA	RatingScale rateL_scale: rating RT=5.927
575.6190	DATA	6.0
575.6190	DATA	end rating L
575.7330	DATA	start rating R
577.7580	DATA	Keypress: return
577.7584	DATA	RatingScale rateR_scale: (key response) rating=4
577.7584	DATA	RatingScale rateR_scale: rating RT=2.025
577.7589	DATA	4.0
577.7599	DATA	end rating R
