132.8792	DATA	version E
383.8814	DATA	Keypress: space
385.5529	DATA	Keypress: v
385.5860	DATA	Keypress: v held
386.1773	DATA	Keypress: v
386.5319	DATA	Keypress: v
386.5990	DATA	Keypress: v held
386.9712	DATA	Keypress: v
387.3426	DATA	Keypress: v
387.6121	DATA	Keypress: v held
387.7476	DATA	Keypress: v
388.1868	DATA	Keypress: v
388.6251	DATA	Keypress: v held
388.6259	DATA	Keypress: v
389.0986	DATA	Keypress: v
389.5881	DATA	Keypress: v
389.6381	DATA	Keypress: v held
390.0101	DATA	Keypress: v
390.3479	DATA	Keypress: v
390.6512	DATA	Keypress: v held
391.0232	DATA	Keypress: t
391.5299	DATA	Keypress: t
391.6642	DATA	Keypress: t held
391.8845	DATA	Keypress: t
392.2896	DATA	Keypress: t
392.6773	DATA	Keypress: t held
392.6948	DATA	Keypress: t
393.0662	DATA	Keypress: t
393.4713	DATA	Keypress: t
393.6903	DATA	Keypress: t held
393.6904	DATA	earn t
393.8264	DATA	Keypress: t
394.3328	DATA	Keypress: t
394.6869	DATA	Keypress: t
395.4808	DATA	Keypress: v
395.7502	DATA	Keypress: v held
395.8015	DATA	Keypress: v
396.1899	DATA	Keypress: v
396.5781	DATA	Keypress: v
396.7632	DATA	Keypress: v held
396.9509	DATA	Keypress: v
397.4221	DATA	Keypress: v
397.7762	DATA	Keypress: v held
397.7763	DATA	earn v
397.8967	DATA	Keypress: v
398.1148	DATA	Keypress: v
398.5538	DATA	Keypress: v
399.4314	DATA	Keypress: t
399.7187	DATA	Keypress: t
399.8361	DATA	Keypress: t held
400.0732	DATA	Keypress: t
400.4109	DATA	Keypress: t
400.7149	DATA	Keypress: t
400.8491	DATA	Keypress: t held
401.0701	DATA	Keypress: t
401.4577	DATA	Keypress: t
401.7954	DATA	Keypress: t
401.8622	DATA	Keypress: t held
402.2006	DATA	Keypress: t
402.5045	DATA	Keypress: t
402.8753	DATA	Keypress: t held
402.8760	DATA	Keypress: t
403.2304	DATA	Keypress: t
403.6189	DATA	Keypress: t
403.8883	DATA	Keypress: t held
403.9904	DATA	Keypress: t
404.3279	DATA	Keypress: t
404.6995	DATA	Keypress: t
404.9013	DATA	Keypress: t held
405.0877	DATA	Keypress: t
405.4255	DATA	Keypress: t
405.7800	DATA	Keypress: t
405.9144	DATA	Keypress: t held
405.9145	DATA	earn t
406.1346	DATA	Keypress: t
407.1139	DATA	Keypress: t
407.5529	DATA	Keypress: t
407.8736	DATA	Keypress: t
407.9911	DATA	Keypress: t held
407.9912	DATA	earn t
408.2284	DATA	Keypress: t
408.6336	DATA	Keypress: t
408.8703	DATA	Keypress: t
409.2919	DATA	Keypress: t
409.6633	DATA	Keypress: t
410.0348	DATA	Keypress: t
410.0678	DATA	Keypress: t held
410.4062	DATA	Keypress: t
410.7610	DATA	Keypress: t
411.0809	DATA	Keypress: t held
411.1322	DATA	Keypress: t
411.5037	DATA	Keypress: t
411.9088	DATA	Keypress: t
412.1109	DATA	Keypress: t held
412.2144	DATA	Keypress: t
412.6017	DATA	Keypress: t
412.9557	DATA	Keypress: t
413.1239	DATA	Keypress: t held
413.3101	DATA	Keypress: t
413.6313	DATA	Keypress: t
414.1370	DATA	Keypress: t held
414.2557	DATA	Keypress: v
414.5430	DATA	Keypress: v
414.8804	DATA	Keypress: v
415.1500	DATA	Keypress: v held
415.2010	DATA	Keypress: v
415.5390	DATA	Keypress: v
415.9105	DATA	Keypress: v
416.1631	DATA	Keypress: v held
416.2313	DATA	Keypress: v
416.5352	DATA	Keypress: v
416.8560	DATA	Keypress: v
417.1929	DATA	Keypress: v held
417.2275	DATA	Keypress: v
417.5314	DATA	Keypress: v
417.8353	DATA	Keypress: v
418.2060	DATA	Keypress: v held
418.2060	DATA	earn v
418.3198	DATA	Keypress: t
418.7979	DATA	Keypress: t
419.1355	DATA	Keypress: t
419.4225	DATA	Keypress: t
419.7600	DATA	Keypress: t
420.1147	DATA	Keypress: t
420.2996	DATA	Keypress: t held
420.4352	DATA	Keypress: t
420.7393	DATA	Keypress: t
421.0262	DATA	Keypress: t
421.3127	DATA	Keypress: t held
421.3468	DATA	Keypress: t
421.6509	DATA	Keypress: t
422.0069	DATA	Keypress: t
422.3096	DATA	Keypress: t
422.3426	DATA	Keypress: t held
422.6471	DATA	Keypress: t
423.0015	DATA	Keypress: t
423.3224	DATA	Keypress: t
423.3557	DATA	Keypress: t held
423.6771	DATA	Keypress: t
423.9825	DATA	Keypress: t
424.3687	DATA	Keypress: t held
424.4033	DATA	Keypress: t
424.7580	DATA	Keypress: t
425.1121	DATA	Keypress: t
425.3818	DATA	Keypress: t held
425.4837	DATA	Keypress: t
425.8217	DATA	Keypress: t
426.2098	DATA	Keypress: t
426.3948	DATA	Keypress: t held
426.5304	DATA	Keypress: t
426.9020	DATA	Keypress: t
427.3749	DATA	Keypress: v
427.4079	DATA	Keypress: v held
427.6618	DATA	Keypress: v
427.9487	DATA	Keypress: v
428.2360	DATA	Keypress: v
428.4209	DATA	Keypress: v held
428.4210	DATA	earn v
428.5569	DATA	Keypress: v
429.2660	DATA	Keypress: v
429.7048	DATA	Keypress: v
429.9749	DATA	Keypress: v
430.2789	DATA	Keypress: v
430.5146	DATA	Keypress: v held
430.5827	DATA	Keypress: v
430.9204	DATA	Keypress: v
431.2582	DATA	Keypress: v
431.5275	DATA	Keypress: v held
431.5789	DATA	Keypress: v
431.9335	DATA	Keypress: v
432.2712	DATA	Keypress: v
432.5406	DATA	Keypress: v held
432.6088	DATA	Keypress: v
432.9462	DATA	Keypress: v
433.2671	DATA	Keypress: v
433.5535	DATA	Keypress: v held
433.5881	DATA	Keypress: v
433.9597	DATA	Keypress: v
434.2468	DATA	Keypress: v
434.5667	DATA	Keypress: v held
434.5842	DATA	Keypress: v
434.9387	DATA	Keypress: v
435.2427	DATA	Keypress: v
435.5797	DATA	Keypress: v held
435.5805	DATA	Keypress: v
435.8858	DATA	Keypress: v
436.1881	DATA	Keypress: v
436.5260	DATA	Keypress: v
436.5928	DATA	Keypress: v held
436.8470	DATA	Keypress: v
437.1844	DATA	Keypress: v
437.5221	DATA	Keypress: v
437.6227	DATA	Keypress: v held
437.8598	DATA	Keypress: v
438.1979	DATA	Keypress: v
438.5350	DATA	Keypress: v
438.6356	DATA	Keypress: v held
438.6356	DATA	earn v
438.8393	DATA	Keypress: v
439.3624	DATA	Keypress: v
439.7155	DATA	Keypress: v
440.0041	DATA	Keypress: v
440.4938	DATA	Keypress: t
440.7294	DATA	Keypress: t held
440.7638	DATA	Keypress: t
441.0678	DATA	Keypress: t
441.3380	DATA	Keypress: t
441.6247	DATA	Keypress: t
441.7424	DATA	Keypress: t held
441.9289	DATA	Keypress: t
442.2498	DATA	Keypress: t
442.5873	DATA	Keypress: t
442.7555	DATA	Keypress: t held
442.8912	DATA	Keypress: t
443.1950	DATA	Keypress: t
443.5159	DATA	Keypress: t
443.7854	DATA	Keypress: t held
443.8874	DATA	Keypress: t
444.1409	DATA	start rating L
444.2018	DATA	Keypress: t
451.7649	DATA	Keypress: v
454.0411	DATA	Keypress: return
454.0413	DATA	RatingScale rateL_scale: (key response) rating=4
454.0414	DATA	RatingScale rateL_scale: rating RT=9.900
454.0419	DATA	4.0
454.0419	DATA	end rating L
454.0483	DATA	start rating R
458.3674	DATA	Keypress: t
459.2114	DATA	Keypress: return
459.2118	DATA	RatingScale rateR_scale: (key response) rating=3
459.2118	DATA	RatingScale rateR_scale: rating RT=5.163
459.2124	DATA	3.0
459.2137	DATA	end rating R
460.2312	DATA	Keypress: v
460.2474	DATA	Keypress: v held
460.5351	DATA	Keypress: v
460.8728	DATA	Keypress: v
461.1934	DATA	Keypress: v
461.2604	DATA	Keypress: v held
461.4973	DATA	Keypress: v
461.7506	DATA	Keypress: v
462.0547	DATA	Keypress: v
462.2903	DATA	Keypress: v held
462.2903	DATA	earn v
462.4001	DATA	Keypress: v
462.6965	DATA	Keypress: v
463.0676	DATA	Keypress: v
463.3984	DATA	Keypress: v
463.7092	DATA	Keypress: v
464.0133	DATA	Keypress: v
464.3342	DATA	Keypress: v
464.4010	DATA	Keypress: v held
464.6718	DATA	Keypress: v
464.9586	DATA	Keypress: v
465.2458	DATA	Keypress: v
465.4139	DATA	Keypress: v held
465.5498	DATA	Keypress: v
465.8873	DATA	Keypress: v
466.1742	DATA	Keypress: v
466.4270	DATA	Keypress: v held
466.4951	DATA	Keypress: v
466.7989	DATA	Keypress: v
467.1537	DATA	Keypress: v
467.4238	DATA	Keypress: v
467.4569	DATA	Keypress: v held
467.7279	DATA	Keypress: v
468.0148	DATA	Keypress: v
468.3017	DATA	Keypress: v
468.4699	DATA	Keypress: v held
468.5895	DATA	Keypress: v
468.8928	DATA	Keypress: v
469.2305	DATA	Keypress: v
469.4830	DATA	Keypress: v held
469.5173	DATA	Keypress: v
469.8043	DATA	Keypress: v
470.4800	DATA	Keypress: t
470.5129	DATA	Keypress: t held
470.7839	DATA	Keypress: t
470.9865	DATA	Keypress: t
471.3242	DATA	Keypress: t
471.5259	DATA	Keypress: t held
471.6293	DATA	Keypress: t
471.9319	DATA	Keypress: t
472.2373	DATA	Keypress: t
472.5389	DATA	Keypress: t held
472.5735	DATA	Keypress: t
472.8942	DATA	Keypress: t
473.1981	DATA	Keypress: t
473.5190	DATA	Keypress: t
473.5520	DATA	Keypress: t held
473.8567	DATA	Keypress: t
474.1606	DATA	Keypress: t
474.4645	DATA	Keypress: t
474.5651	DATA	Keypress: t held
474.7515	DATA	Keypress: t
475.0889	DATA	Keypress: t
475.4100	DATA	Keypress: t
475.5781	DATA	Keypress: t held
475.7477	DATA	Keypress: t
476.0511	DATA	Keypress: t
476.3722	DATA	Keypress: t
476.5911	DATA	Keypress: t held
476.6932	DATA	Keypress: t
477.0309	DATA	Keypress: t
477.3854	DATA	Keypress: t
477.6211	DATA	Keypress: t held
477.6894	DATA	Keypress: t
478.0101	DATA	Keypress: t
478.3139	DATA	Keypress: t
478.6340	DATA	Keypress: t held
478.6348	DATA	Keypress: t
478.9557	DATA	Keypress: t
479.2258	DATA	Keypress: t
479.5973	DATA	Keypress: t
479.6472	DATA	Keypress: t held
479.8855	DATA	Keypress: t
480.1545	DATA	Keypress: t
480.4414	DATA	Keypress: t
480.6772	DATA	Keypress: t held
480.7454	DATA	Keypress: t
481.0493	DATA	Keypress: t
481.3363	DATA	Keypress: t
481.6570	DATA	Keypress: t
481.6902	DATA	Keypress: t held
481.9440	DATA	Keypress: t
482.2480	DATA	Keypress: t
482.5521	DATA	Keypress: t
482.7201	DATA	Keypress: t held
482.7201	DATA	earn t
482.8392	DATA	Keypress: t
483.1937	DATA	Keypress: t
483.5143	DATA	Keypress: t
483.8859	DATA	Keypress: t
484.1898	DATA	Keypress: t
484.4613	DATA	Keypress: t
484.7637	DATA	Keypress: t
484.8306	DATA	Keypress: t held
484.8307	DATA	earn t
485.0677	DATA	Keypress: t
485.4056	DATA	Keypress: t
485.7095	DATA	Keypress: t
486.0808	DATA	Keypress: t
486.4691	DATA	Keypress: t
486.8405	DATA	Keypress: t
486.9918	DATA	Keypress: t held
487.1614	DATA	Keypress: t
487.5327	DATA	Keypress: t
487.8537	DATA	Keypress: t
488.0048	DATA	Keypress: t held
488.2419	DATA	Keypress: t
488.5627	DATA	Keypress: t
488.9004	DATA	Keypress: t
489.0348	DATA	Keypress: t held
489.2718	DATA	Keypress: t
489.5418	DATA	Keypress: t
489.8964	DATA	Keypress: t
490.0479	DATA	Keypress: t held
490.0479	DATA	earn t
490.3524	DATA	Keypress: t
491.5679	DATA	Keypress: v
491.8887	DATA	Keypress: v
492.1921	DATA	Keypress: v held
492.1927	DATA	Keypress: v
492.4628	DATA	Keypress: v
492.7669	DATA	Keypress: v
493.0708	DATA	Keypress: v
493.2051	DATA	Keypress: v held
493.3746	DATA	Keypress: v
493.6787	DATA	Keypress: v
493.9826	DATA	Keypress: v
494.2182	DATA	Keypress: v held
494.2865	DATA	Keypress: v
494.6071	DATA	Keypress: v
494.9279	DATA	Keypress: v
495.2312	DATA	Keypress: v held
495.2320	DATA	Keypress: v
495.5359	DATA	Keypress: v
495.8398	DATA	Keypress: v
496.1605	DATA	Keypress: v
496.2443	DATA	Keypress: v held
496.7515	DATA	Keypress: v
497.1230	DATA	Keypress: v
497.2573	DATA	Keypress: v held
497.3931	DATA	Keypress: v
497.6973	DATA	Keypress: v
498.0008	DATA	Keypress: v
498.2704	DATA	Keypress: v held
498.3046	DATA	Keypress: v
498.6424	DATA	Keypress: v
498.9646	DATA	Keypress: v
499.3003	DATA	Keypress: v held
499.3348	DATA	Keypress: v
499.6555	DATA	Keypress: v
499.9764	DATA	Keypress: v
500.2801	DATA	Keypress: v
500.3133	DATA	Keypress: v held
500.5842	DATA	Keypress: v
500.8881	DATA	Keypress: v
501.2089	DATA	Keypress: v
501.3265	DATA	Keypress: v held
501.5296	DATA	Keypress: v
501.8335	DATA	Keypress: v
502.1376	DATA	Keypress: v
502.3563	DATA	Keypress: v held
502.3564	DATA	earn v
502.5936	DATA	Keypress: t
502.9988	DATA	Keypress: t
503.3193	DATA	Keypress: t
503.9610	DATA	Keypress: t
504.2312	DATA	Keypress: t
504.4846	DATA	Keypress: t
504.5009	DATA	Keypress: t held
504.9245	DATA	Keypress: t
505.1935	DATA	Keypress: t
505.4466	DATA	Keypress: t
505.5136	DATA	Keypress: t held
505.7508	DATA	Keypress: t
506.0377	DATA	Keypress: t
506.3584	DATA	Keypress: t
506.5266	DATA	Keypress: t held
506.6791	DATA	Keypress: t
507.0001	DATA	Keypress: t
507.3209	DATA	Keypress: t
507.5566	DATA	Keypress: t held
507.6249	DATA	Keypress: t
507.9287	DATA	Keypress: t
508.2662	DATA	Keypress: t
508.5697	DATA	Keypress: t held
508.5873	DATA	Keypress: t
508.8911	DATA	Keypress: t
509.1951	DATA	Keypress: t
509.4820	DATA	Keypress: t
509.5827	DATA	Keypress: t held
510.1404	DATA	Keypress: t
510.5957	DATA	Keypress: t held
510.9003	DATA	Keypress: t
511.2717	DATA	Keypress: t
511.5926	DATA	Keypress: t
511.6088	DATA	Keypress: t held
511.8965	DATA	Keypress: t
512.2175	DATA	Keypress: t
512.5551	DATA	Keypress: t
512.6218	DATA	Keypress: t held
512.8589	DATA	Keypress: t
513.1629	DATA	Keypress: t
513.5341	DATA	Keypress: t
513.6349	DATA	Keypress: t held
513.8717	DATA	Keypress: t
514.2434	DATA	Keypress: t
514.5980	DATA	Keypress: t
514.6478	DATA	Keypress: t held
515.1550	DATA	Keypress: v
515.6610	DATA	Keypress: v held
516.1851	DATA	Keypress: v
516.5397	DATA	Keypress: v
516.6740	DATA	Keypress: v held
516.8603	DATA	Keypress: v
517.1488	DATA	Keypress: v
517.4682	DATA	Keypress: v
517.7040	DATA	Keypress: v held
517.8397	DATA	Keypress: v
518.1774	DATA	Keypress: v
518.5150	DATA	Keypress: v
518.7170	DATA	Keypress: v held
518.8527	DATA	Keypress: v
519.2242	DATA	Keypress: v
519.5036	DATA	start rating L
519.5525	DATA	Keypress: v
523.2693	DATA	Keypress: v
524.8729	DATA	Keypress: return
524.8733	DATA	RatingScale rateL_scale: (key response) rating=6
524.8733	DATA	RatingScale rateL_scale: rating RT=5.370
524.8738	DATA	6.0
524.8738	DATA	end rating L
524.8809	DATA	start rating R
526.0385	DATA	Keypress: t
529.3660	DATA	Keypress: t
530.2263	DATA	Keypress: return
530.2266	DATA	RatingScale rateR_scale: (key response) rating=2
530.2267	DATA	RatingScale rateR_scale: rating RT=5.346
530.2272	DATA	2.0
530.2282	DATA	end rating R
535.2810	DATA	Keypress: v
535.2972	DATA	Keypress: v held
535.2972	DATA	earn v
535.6188	DATA	Keypress: v
535.9227	DATA	Keypress: v
536.1760	DATA	Keypress: v
536.4505	DATA	Keypress: v
536.8173	DATA	Keypress: v
537.1382	DATA	Keypress: v
537.4583	DATA	Keypress: v held
537.4584	DATA	earn v
537.5724	DATA	Keypress: v
537.8307	DATA	Keypress: v
538.1177	DATA	Keypress: v
538.4043	DATA	Keypress: v
538.6916	DATA	Keypress: v
538.9786	DATA	Keypress: v
539.2824	DATA	Keypress: v
539.5532	DATA	Keypress: v
539.6195	DATA	Keypress: v held
539.8228	DATA	Keypress: v
540.1097	DATA	Keypress: v
540.3969	DATA	Keypress: v
540.6494	DATA	Keypress: v held
540.6841	DATA	Keypress: v
541.0554	DATA	Keypress: v
541.3760	DATA	Keypress: v
541.6625	DATA	Keypress: v held
541.6800	DATA	Keypress: v
541.9669	DATA	Keypress: v
542.2711	DATA	Keypress: v
542.5749	DATA	Keypress: v
542.6755	DATA	Keypress: v held
542.9126	DATA	Keypress: v
543.2163	DATA	Keypress: v
543.5205	DATA	Keypress: v
543.6886	DATA	Keypress: v held
543.8412	DATA	Keypress: v
544.1452	DATA	Keypress: v
544.6183	DATA	Keypress: t
544.7016	DATA	Keypress: t held
544.9048	DATA	Keypress: t
545.2425	DATA	Keypress: t
545.5639	DATA	Keypress: t
545.7315	DATA	Keypress: t held
545.8680	DATA	Keypress: t
546.2219	DATA	Keypress: t
546.5258	DATA	Keypress: t
546.7446	DATA	Keypress: t held
546.7446	DATA	earn t
546.8635	DATA	Keypress: t
547.2182	DATA	Keypress: t
547.5556	DATA	Keypress: t
547.9442	DATA	Keypress: t
548.2816	DATA	Keypress: t
548.6200	DATA	Keypress: t
548.9226	DATA	Keypress: t held
548.9226	DATA	earn t
549.0132	DATA	Keypress: t
549.2781	DATA	Keypress: t
549.6159	DATA	Keypress: t
550.0912	DATA	Keypress: t
550.2909	DATA	Keypress: t
550.6286	DATA	Keypress: t
550.9326	DATA	Keypress: t
551.1007	DATA	Keypress: t held
551.2701	DATA	Keypress: t
551.6076	DATA	Keypress: t
551.9288	DATA	Keypress: t
552.1137	DATA	Keypress: t held
552.2833	DATA	Keypress: t
552.6379	DATA	Keypress: t
553.0093	DATA	Keypress: t
553.1268	DATA	Keypress: t held
553.1268	DATA	earn t
553.3471	DATA	Keypress: t
553.7017	DATA	Keypress: t
554.0394	DATA	Keypress: t
554.3940	DATA	Keypress: t
554.7315	DATA	Keypress: t
555.3386	DATA	Keypress: t held
555.4575	DATA	Keypress: t
555.7783	DATA	Keypress: t
556.1160	DATA	Keypress: t
556.3517	DATA	Keypress: t held
556.4030	DATA	Keypress: t
556.7405	DATA	Keypress: t
557.3647	DATA	Keypress: t held
557.3654	DATA	Keypress: v
557.6693	DATA	Keypress: v
557.9732	DATA	Keypress: v
558.2601	DATA	Keypress: v
558.3777	DATA	Keypress: v held
558.5470	DATA	Keypress: v
558.8680	DATA	Keypress: v
559.2226	DATA	Keypress: v
559.3908	DATA	Keypress: v held
559.4930	DATA	Keypress: v
559.8304	DATA	Keypress: v
560.1511	DATA	Keypress: v
560.4038	DATA	Keypress: v held
560.4038	DATA	earn v
560.5112	DATA	Keypress: v
560.8266	DATA	Keypress: v
561.1479	DATA	Keypress: v
561.5866	DATA	Keypress: v
561.8732	DATA	Keypress: v
562.2115	DATA	Keypress: v
562.5988	DATA	Keypress: v held
562.8359	DATA	Keypress: v
563.1904	DATA	Keypress: v
563.5111	DATA	Keypress: v
563.6118	DATA	Keypress: v held
563.6119	DATA	earn v
563.8319	DATA	Keypress: v
564.2036	DATA	Keypress: v
564.5413	DATA	Keypress: v
564.8954	DATA	Keypress: v
565.2503	DATA	Keypress: v
565.5881	DATA	Keypress: v
565.8236	DATA	Keypress: v held
565.9931	DATA	Keypress: v
566.2971	DATA	Keypress: v
566.6687	DATA	Keypress: v
566.8367	DATA	Keypress: v held
567.0400	DATA	Keypress: v
567.4285	DATA	Keypress: v
567.7996	DATA	Keypress: v
567.8666	DATA	Keypress: v held
568.1374	DATA	Keypress: v
568.4755	DATA	Keypress: v
568.8463	DATA	Keypress: v
568.8796	DATA	Keypress: v held
569.2011	DATA	Keypress: v
569.5388	DATA	Keypress: v
569.8926	DATA	Keypress: v held
569.9271	DATA	Keypress: v
570.3831	DATA	Keypress: v
570.9226	DATA	Keypress: v held
570.9571	DATA	Keypress: v
571.3117	DATA	Keypress: v
571.6156	DATA	Keypress: v
571.9191	DATA	Keypress: v
571.9356	DATA	Keypress: v held
572.2742	DATA	Keypress: v
572.6118	DATA	Keypress: v
572.9487	DATA	Keypress: v held
572.9832	DATA	Keypress: v
573.3209	DATA	Keypress: v
573.6754	DATA	Keypress: v
573.9618	DATA	Keypress: v held
574.0468	DATA	Keypress: v
574.6885	DATA	Keypress: v
574.9748	DATA	Keypress: v held
575.0436	DATA	Keypress: v
575.3976	DATA	Keypress: v
576.0047	DATA	Keypress: v held
576.0730	DATA	Keypress: t
576.3431	DATA	Keypress: t
576.6977	DATA	Keypress: t
577.0178	DATA	Keypress: t held
577.0178	DATA	earn t
577.1089	DATA	Keypress: t
577.4239	DATA	Keypress: t
577.7447	DATA	Keypress: t
578.2199	DATA	Keypress: t
578.4196	DATA	Keypress: t
578.7743	DATA	Keypress: t
579.1459	DATA	Keypress: t
579.2465	DATA	Keypress: t held
579.4836	DATA	Keypress: t
579.7717	DATA	Keypress: t
580.0916	DATA	Keypress: t
580.2595	DATA	Keypress: t held
580.4457	DATA	Keypress: t
580.7836	DATA	Keypress: t
581.1213	DATA	Keypress: t
581.2726	DATA	Keypress: t held
581.4421	DATA	Keypress: t
581.7796	DATA	Keypress: t
582.1005	DATA	Keypress: t
582.3025	DATA	Keypress: t held
582.4379	DATA	Keypress: t
582.7760	DATA	Keypress: t
583.1306	DATA	Keypress: t
583.3155	DATA	Keypress: t held
583.4512	DATA	Keypress: t
583.7890	DATA	Keypress: t
584.1097	DATA	Keypress: t
584.3454	DATA	Keypress: t held
584.4812	DATA	Keypress: t
584.8020	DATA	Keypress: t
585.1231	DATA	Keypress: t
585.3585	DATA	Keypress: t held
585.4436	DATA	Keypress: t
585.7982	DATA	Keypress: t
586.1359	DATA	Keypress: t
586.3716	DATA	Keypress: t held
586.4397	DATA	Keypress: t
586.7604	DATA	Keypress: t
587.0643	DATA	Keypress: t
587.3846	DATA	Keypress: t held
587.4189	DATA	Keypress: t
587.7567	DATA	Keypress: t
588.0606	DATA	Keypress: t
588.3976	DATA	Keypress: t held
588.3982	DATA	Keypress: t
588.9553	DATA	Keypress: v
589.2426	DATA	Keypress: v
589.4107	DATA	Keypress: v held
589.5471	DATA	Keypress: v
589.8842	DATA	Keypress: v
590.1882	DATA	Keypress: v
590.5625	DATA	start rating L
590.5700	DATA	Keypress: v
596.7324	DATA	Keypress: return
596.7328	DATA	RatingScale rateL_scale: (key response) rating=5
596.7328	DATA	RatingScale rateL_scale: rating RT=6.170
596.7333	DATA	5.0
596.7333	DATA	end rating L
596.7405	DATA	start rating R
597.9318	DATA	Keypress: v
598.3866	DATA	Keypress: v
599.2655	DATA	Keypress: return
599.2659	DATA	RatingScale rateR_scale: (key response) rating=6
599.2660	DATA	RatingScale rateR_scale: rating RT=2.525
599.2664	DATA	6.0
599.2675	DATA	end rating R
601.3821	DATA	Keypress: v
601.3984	DATA	Keypress: v held
601.6692	DATA	Keypress: v
601.9563	DATA	Keypress: v
602.2431	DATA	Keypress: v
602.4283	DATA	Keypress: v held
602.5470	DATA	Keypress: v
602.8680	DATA	Keypress: v
603.1888	DATA	Keypress: v
603.4413	DATA	Keypress: v held
603.4927	DATA	Keypress: v
603.8133	DATA	Keypress: v
604.1342	DATA	Keypress: v
604.4713	DATA	Keypress: v held
604.4721	DATA	Keypress: v
604.7590	DATA	Keypress: v
605.0628	DATA	Keypress: v
605.4844	DATA	Keypress: v held
605.6707	DATA	Keypress: t
605.9409	DATA	Keypress: t
606.2111	DATA	Keypress: t
606.4810	DATA	Keypress: t
606.4974	DATA	Keypress: t held
606.7849	DATA	Keypress: t
607.0889	DATA	Keypress: t
607.3761	DATA	Keypress: t
607.5104	DATA	Keypress: t held
607.6800	DATA	Keypress: t
607.9839	DATA	Keypress: t
608.2878	DATA	Keypress: t
608.5235	DATA	Keypress: t held
608.6084	DATA	Keypress: t
608.9291	DATA	Keypress: t
609.2165	DATA	Keypress: t
609.5204	DATA	Keypress: t
609.5534	DATA	Keypress: t held
609.5535	DATA	earn t
609.8413	DATA	Keypress: t
610.2126	DATA	Keypress: t
610.5331	DATA	Keypress: t
610.8710	DATA	Keypress: t
611.1750	DATA	Keypress: t
611.4619	DATA	Keypress: t
611.7821	DATA	Keypress: t held
611.7997	DATA	Keypress: t
612.1035	DATA	Keypress: t
612.4245	DATA	Keypress: t
612.6946	DATA	Keypress: t
612.7952	DATA	Keypress: t held
613.2853	DATA	Keypress: t
613.6060	DATA	Keypress: t
613.8081	DATA	Keypress: t held
613.9099	DATA	Keypress: t
614.1972	DATA	Keypress: t
614.5349	DATA	Keypress: t
614.8054	DATA	Keypress: t
614.8215	DATA	Keypress: t held
615.0919	DATA	Keypress: t
615.3465	DATA	Keypress: t
615.6324	DATA	Keypress: t
615.8512	DATA	Keypress: t held
616.8985	DATA	Keypress: v
616.9149	DATA	Keypress: v held
617.2027	DATA	Keypress: v
617.5740	DATA	Keypress: v
617.8780	DATA	Keypress: v
617.9448	DATA	Keypress: v held
618.1819	DATA	Keypress: v
618.4689	DATA	Keypress: v
618.7729	DATA	Keypress: v
618.9579	DATA	Keypress: v held
619.0767	DATA	Keypress: v
619.3639	DATA	Keypress: v
619.7015	DATA	Keypress: v
619.9709	DATA	Keypress: v held
620.0223	DATA	Keypress: v
620.3260	DATA	Keypress: v
620.6639	DATA	Keypress: v
621.0008	DATA	Keypress: v held
621.0355	DATA	Keypress: v
621.4071	DATA	Keypress: v
621.7108	DATA	Keypress: v
622.0139	DATA	Keypress: v held
622.0139	DATA	earn v
622.0147	DATA	Keypress: v
622.3186	DATA	Keypress: v
622.6564	DATA	Keypress: v
622.9265	DATA	Keypress: v
623.2485	DATA	Keypress: v
623.6524	DATA	Keypress: v
623.9731	DATA	Keypress: v
624.2595	DATA	Keypress: v held
624.3277	DATA	Keypress: v
624.6991	DATA	Keypress: v
625.0368	DATA	Keypress: v
625.2725	DATA	Keypress: v held
625.2726	DATA	earn v
625.3875	DATA	Keypress: v
625.7294	DATA	Keypress: v
626.0671	DATA	Keypress: v
626.5593	DATA	Keypress: v
626.7588	DATA	Keypress: v
627.0798	DATA	Keypress: v
627.4344	DATA	Keypress: v
627.5687	DATA	Keypress: v held
627.7227	DATA	Keypress: v
628.0591	DATA	Keypress: v
628.3631	DATA	Keypress: v
628.5818	DATA	Keypress: v held
628.7007	DATA	Keypress: v
629.0385	DATA	Keypress: v
629.3760	DATA	Keypress: v
629.6117	DATA	Keypress: v held
629.7137	DATA	Keypress: v
630.0006	DATA	Keypress: v
630.3045	DATA	Keypress: v
630.6247	DATA	Keypress: v held
630.6253	DATA	Keypress: v
630.9308	DATA	Keypress: v
631.3008	DATA	Keypress: v
631.6378	DATA	Keypress: v held
631.8749	DATA	Keypress: v
632.1625	DATA	Keypress: v
632.4996	DATA	Keypress: v
632.6507	DATA	Keypress: v held
632.8373	DATA	Keypress: v
633.1412	DATA	Keypress: v
633.4115	DATA	Keypress: v
633.6638	DATA	Keypress: v held
633.8671	DATA	Keypress: t
634.1709	DATA	Keypress: t
634.5425	DATA	Keypress: t
634.6769	DATA	Keypress: t held
634.8632	DATA	Keypress: t
635.2010	DATA	Keypress: t
635.5047	DATA	Keypress: t
635.6900	DATA	Keypress: t held
635.8423	DATA	Keypress: t
636.1803	DATA	Keypress: t
636.5010	DATA	Keypress: t
636.7030	DATA	Keypress: t held
636.8219	DATA	Keypress: t
637.1594	DATA	Keypress: t
637.4973	DATA	Keypress: t
637.7161	DATA	Keypress: t held
637.8181	DATA	Keypress: t
638.1558	DATA	Keypress: t
638.4765	DATA	Keypress: t
638.7291	DATA	Keypress: t held
638.8140	DATA	Keypress: t
639.1348	DATA	Keypress: t
639.4728	DATA	Keypress: t
639.7421	DATA	Keypress: t held
639.7422	DATA	earn t
639.8419	DATA	Keypress: t
640.0989	DATA	Keypress: t
640.4015	DATA	Keypress: t
640.7220	DATA	Keypress: t
641.0766	DATA	Keypress: t
641.4148	DATA	Keypress: t
641.7352	DATA	Keypress: t
641.9877	DATA	Keypress: t held
642.0559	DATA	Keypress: t
642.5288	DATA	Keypress: v
642.8664	DATA	Keypress: v
643.0008	DATA	Keypress: v held
643.2213	DATA	Keypress: v
643.5418	DATA	Keypress: v
643.8963	DATA	Keypress: v
644.0138	DATA	Keypress: v held
644.2168	DATA	Keypress: v
644.5549	DATA	Keypress: v
644.8926	DATA	Keypress: v
645.0269	DATA	Keypress: v held
645.1626	DATA	Keypress: v
645.4832	DATA	Keypress: v
645.8042	DATA	Keypress: v
646.0568	DATA	Keypress: v held
646.1251	DATA	Keypress: v
646.4290	DATA	Keypress: v
646.7160	DATA	Keypress: v
647.0199	DATA	Keypress: v
647.0699	DATA	Keypress: v held
647.0700	DATA	earn v
647.3578	DATA	Keypress: v
647.9656	DATA	Keypress: v
648.3290	DATA	Keypress: v
648.6239	DATA	Keypress: v
648.9446	DATA	Keypress: v
649.3492	DATA	Keypress: v held
649.4175	DATA	Keypress: t
649.7213	DATA	Keypress: t
650.0253	DATA	Keypress: t
650.3459	DATA	Keypress: t
650.3622	DATA	Keypress: t held
650.6669	DATA	Keypress: t
651.0046	DATA	Keypress: t
651.3423	DATA	Keypress: t
651.3753	DATA	Keypress: t held
651.6630	DATA	Keypress: t
651.9669	DATA	Keypress: t
652.3046	DATA	Keypress: t
652.3883	DATA	Keypress: t held
652.3884	DATA	earn t
652.6424	DATA	Keypress: t
652.9802	DATA	Keypress: t
653.3011	DATA	Keypress: t
653.6456	DATA	Keypress: t
653.9423	DATA	Keypress: t
654.2632	DATA	Keypress: t
654.6009	DATA	Keypress: t
654.6677	DATA	Keypress: t held
654.9218	DATA	Keypress: t
655.2256	DATA	Keypress: t
655.5298	DATA	Keypress: t
655.6807	DATA	Keypress: t held
655.8334	DATA	Keypress: t
656.1379	DATA	Keypress: t
656.4412	DATA	Keypress: t
656.6937	DATA	Keypress: t held
656.6937	DATA	earn t
656.7819	DATA	Keypress: t
657.0831	DATA	Keypress: t
657.3870	DATA	Keypress: t
657.9396	DATA	Keypress: t
658.0623	DATA	Keypress: t
658.3827	DATA	Keypress: t
658.7036	DATA	Keypress: t
658.9394	DATA	Keypress: t held
659.0242	DATA	Keypress: t
659.3389	DATA	Keypress: t
659.6736	DATA	start rating L
659.6814	DATA	Keypress: t
667.5950	DATA	Keypress: return
667.5953	DATA	RatingScale rateL_scale: (key response) rating=3
667.5954	DATA	RatingScale rateL_scale: rating RT=7.922
667.5959	DATA	3.0
667.5959	DATA	end rating L
667.6034	DATA	start rating R
669.4853	DATA	Keypress: v
670.1270	DATA	Keypress: v
670.7864	DATA	Keypress: return
670.7868	DATA	RatingScale rateR_scale: (key response) rating=6
670.7869	DATA	RatingScale rateR_scale: rating RT=3.183
670.7874	DATA	6.0
670.7884	DATA	end rating R
671.6538	DATA	Keypress: v
671.8050	DATA	Keypress: v held
671.9574	DATA	Keypress: v
672.2617	DATA	Keypress: v
672.5486	DATA	Keypress: v
672.8181	DATA	Keypress: v held
672.8526	DATA	Keypress: v
673.1228	DATA	Keypress: v
673.4270	DATA	Keypress: v
673.6980	DATA	Keypress: v
673.8311	DATA	Keypress: v held
674.0007	DATA	Keypress: v
674.2706	DATA	Keypress: v
674.8611	DATA	Keypress: v held
674.8618	DATA	Keypress: t
675.1150	DATA	Keypress: t
675.4190	DATA	Keypress: t
675.7058	DATA	Keypress: t
675.8741	DATA	Keypress: t held
675.9929	DATA	Keypress: t
676.2969	DATA	Keypress: t
676.5838	DATA	Keypress: t
676.8709	DATA	Keypress: t
676.8870	DATA	Keypress: t held
677.1580	DATA	Keypress: t
677.4616	DATA	Keypress: t
677.7490	DATA	Keypress: t
677.9171	DATA	Keypress: t held
678.0529	DATA	Keypress: t
678.3569	DATA	Keypress: t
678.6438	DATA	Keypress: t
678.9301	DATA	Keypress: t held
678.9477	DATA	Keypress: t
679.2346	DATA	Keypress: t
679.5387	DATA	Keypress: t
679.8089	DATA	Keypress: t
679.9601	DATA	Keypress: t held
680.0621	DATA	Keypress: t
680.3658	DATA	Keypress: t
680.6697	DATA	Keypress: t
680.9731	DATA	Keypress: t held
680.9738	DATA	Keypress: t
681.2778	DATA	Keypress: t
681.5648	DATA	Keypress: t
681.8517	DATA	Keypress: t
681.9862	DATA	Keypress: t held
682.1386	DATA	Keypress: t
682.4427	DATA	Keypress: t
682.7467	DATA	Keypress: t
683.0163	DATA	Keypress: t held
683.0844	DATA	Keypress: t
683.6413	DATA	Keypress: t
683.9116	DATA	Keypress: t
684.0291	DATA	Keypress: t held
684.0292	DATA	earn t
684.6040	DATA	Keypress: t
684.9080	DATA	Keypress: t
685.3393	DATA	Keypress: t
685.4311	DATA	Keypress: t
685.7182	DATA	Keypress: t
686.0222	DATA	Keypress: t
686.3261	DATA	Keypress: t
686.3591	DATA	Keypress: t held
686.3592	DATA	earn t
686.6303	DATA	Keypress: t
687.3393	DATA	Keypress: t
687.6599	DATA	Keypress: t
687.9638	DATA	Keypress: t
688.2678	DATA	Keypress: t
688.5885	DATA	Keypress: t
688.6554	DATA	Keypress: t held
688.8923	DATA	Keypress: t
689.2131	DATA	Keypress: t
689.5341	DATA	Keypress: t
689.6684	DATA	Keypress: t held
689.8380	DATA	Keypress: t
690.1587	DATA	Keypress: t
690.4456	DATA	Keypress: t
690.6815	DATA	Keypress: t held
690.7495	DATA	Keypress: t
691.0705	DATA	Keypress: t
691.3744	DATA	Keypress: t
691.6614	DATA	Keypress: t
691.6945	DATA	Keypress: t held
692.3029	DATA	Keypress: v
692.5899	DATA	Keypress: v
692.7244	DATA	Keypress: v held
692.7245	DATA	earn v
692.8943	DATA	Keypress: v
693.1981	DATA	Keypress: v
693.5018	DATA	Keypress: v
694.0040	DATA	Keypress: v
694.1264	DATA	Keypress: v
694.4474	DATA	Keypress: v
695.0041	DATA	Keypress: v held
695.0384	DATA	Keypress: v
695.3590	DATA	Keypress: v
695.6631	DATA	Keypress: v
695.9667	DATA	Keypress: v
696.0169	DATA	Keypress: v held
696.2538	DATA	Keypress: v
696.5747	DATA	Keypress: v
696.8449	DATA	Keypress: v
697.0299	DATA	Keypress: v held
697.0299	DATA	earn v
697.1470	DATA	Keypress: v
697.4695	DATA	Keypress: v
697.7568	DATA	Keypress: v
698.3296	DATA	Keypress: v
698.3645	DATA	Keypress: v
698.7525	DATA	Keypress: v
699.0227	DATA	Keypress: v
699.3431	DATA	Keypress: v held
699.3438	DATA	Keypress: v
699.6644	DATA	Keypress: v
699.9684	DATA	Keypress: v
700.2723	DATA	Keypress: v
700.3561	DATA	Keypress: v held
700.3561	DATA	earn v
700.5762	DATA	Keypress: v
700.8632	DATA	Keypress: v
701.2011	DATA	Keypress: v
701.6487	DATA	Keypress: v
701.7919	DATA	Keypress: v
702.0788	DATA	Keypress: v
702.3823	DATA	Keypress: v
702.6523	DATA	Keypress: v held
702.7205	DATA	Keypress: v
703.0245	DATA	Keypress: v
703.2947	DATA	Keypress: v
703.5982	DATA	Keypress: v
703.6653	DATA	Keypress: v held
703.9021	DATA	Keypress: v
704.5101	DATA	Keypress: v
704.6784	DATA	Keypress: v held
704.8479	DATA	Keypress: v
705.1177	DATA	Keypress: v
705.4221	DATA	Keypress: v
705.6914	DATA	Keypress: v held
705.6914	DATA	earn v
705.8067	DATA	Keypress: v
706.0131	DATA	Keypress: v
706.3170	DATA	Keypress: v
706.5872	DATA	Keypress: v
707.0117	DATA	Keypress: v
707.2115	DATA	Keypress: v
707.5154	DATA	Keypress: v
708.0383	DATA	Keypress: v held
708.2755	DATA	Keypress: t
708.5624	DATA	Keypress: t
708.8829	DATA	Keypress: t
709.0513	DATA	Keypress: t held
709.1870	DATA	Keypress: t
709.5080	DATA	Keypress: t
709.8456	DATA	Keypress: t
710.0648	DATA	Keypress: t held
710.1158	DATA	Keypress: t
710.4196	DATA	Keypress: t
710.7404	DATA	Keypress: t
711.0443	DATA	Keypress: t
711.0774	DATA	Keypress: t held
711.3484	DATA	Keypress: t
711.6522	DATA	Keypress: t
711.9391	DATA	Keypress: t
712.0905	DATA	Keypress: t held
712.2431	DATA	Keypress: t
712.5300	DATA	Keypress: t
712.8678	DATA	Keypress: t
713.1035	DATA	Keypress: t held
713.1382	DATA	Keypress: t
713.4419	DATA	Keypress: t
713.7134	DATA	Keypress: t
713.9821	DATA	Keypress: t
714.1166	DATA	Keypress: t held
714.1167	DATA	earn t
714.2695	DATA	Keypress: t
714.5566	DATA	Keypress: t
714.8604	DATA	Keypress: t
715.4627	DATA	Keypress: t
715.4643	DATA	Keypress: t
715.7717	DATA	Keypress: t
716.0757	DATA	Keypress: t
716.3797	DATA	Keypress: t
716.4804	DATA	Keypress: t held
716.6837	DATA	Keypress: t
716.9872	DATA	Keypress: t
717.2745	DATA	Keypress: t
717.4934	DATA	Keypress: t held
717.5954	DATA	Keypress: t
717.8824	DATA	Keypress: t
718.1863	DATA	Keypress: t
718.5064	DATA	Keypress: t held
719.0137	DATA	Keypress: t
719.5194	DATA	Keypress: t held
719.7060	DATA	Keypress: v
720.0099	DATA	Keypress: v
720.3138	DATA	Keypress: v
720.5325	DATA	Keypress: v held
720.6010	DATA	Keypress: v
720.8886	DATA	Keypress: v
721.1931	DATA	Keypress: v
721.4619	DATA	Keypress: v
721.5625	DATA	Keypress: v held
721.7826	DATA	Keypress: v
722.0357	DATA	Keypress: v
722.5755	DATA	Keypress: v held
722.5755	DATA	earn v
722.5762	DATA	Keypress: v
722.8649	DATA	Keypress: v
723.1674	DATA	Keypress: v
723.4371	DATA	Keypress: v
723.8892	DATA	Keypress: v
724.0281	DATA	Keypress: v
724.3322	DATA	Keypress: v
724.9055	DATA	Keypress: v held
724.9063	DATA	Keypress: v
725.1762	DATA	Keypress: v
725.4634	DATA	Keypress: v
725.7502	DATA	Keypress: v
725.9185	DATA	Keypress: v held
726.0372	DATA	Keypress: v
726.3413	DATA	Keypress: v
726.6453	DATA	Keypress: v
726.9316	DATA	Keypress: v held
726.9489	DATA	Keypress: v
727.2361	DATA	Keypress: v
727.5400	DATA	Keypress: v
727.8270	DATA	Keypress: v
727.9446	DATA	Keypress: v held
728.7894	DATA	Keypress: v
728.9577	DATA	Keypress: v held
729.4140	DATA	Keypress: t
729.7014	DATA	Keypress: t
729.9707	DATA	Keypress: t held
730.0052	DATA	Keypress: t
730.3088	DATA	Keypress: t
730.5791	DATA	Keypress: t
730.8654	DATA	Keypress: t
731.2509	DATA	start rating L
731.2587	DATA	Keypress: t
737.0692	DATA	Keypress: return
737.0695	DATA	RatingScale rateL_scale: (key response) rating=3
737.0695	DATA	RatingScale rateL_scale: rating RT=5.819
737.0699	DATA	3.0
737.0699	DATA	end rating L
737.0763	DATA	start rating R
738.9487	DATA	Keypress: v
739.2849	DATA	Keypress: v
740.3108	DATA	Keypress: v
741.7122	DATA	Keypress: return
741.7125	DATA	RatingScale rateR_scale: (key response) rating=7
741.7126	DATA	RatingScale rateR_scale: rating RT=4.636
741.7130	DATA	7.0
741.7138	DATA	end rating R
742.5839	DATA	Keypress: v
742.7182	DATA	Keypress: v held
742.8540	DATA	Keypress: v
743.1917	DATA	Keypress: v
743.4619	DATA	Keypress: v
743.7313	DATA	Keypress: v held
743.7488	DATA	Keypress: v
744.0356	DATA	Keypress: v
744.3396	DATA	Keypress: v
744.6268	DATA	Keypress: v
744.7612	DATA	Keypress: v held
744.9308	DATA	Keypress: v
745.1844	DATA	Keypress: v
745.4877	DATA	Keypress: v
745.7742	DATA	Keypress: v held
746.0618	DATA	Keypress: v
746.3828	DATA	Keypress: v
746.6531	DATA	Keypress: v
746.7873	DATA	Keypress: v held
746.9060	DATA	Keypress: v
747.1599	DATA	Keypress: v
747.4466	DATA	Keypress: v
747.8003	DATA	Keypress: v held
748.0375	DATA	Keypress: t
748.3412	DATA	Keypress: t
748.5948	DATA	Keypress: t
748.8134	DATA	Keypress: t held
748.8477	DATA	Keypress: t
749.1180	DATA	Keypress: t
749.3543	DATA	Keypress: t
749.5907	DATA	Keypress: t
749.8264	DATA	Keypress: t held
749.8609	DATA	Keypress: t
750.0973	DATA	Keypress: t
750.3505	DATA	Keypress: t
750.5531	DATA	Keypress: t
750.7895	DATA	Keypress: t
750.8394	DATA	Keypress: t held
751.0090	DATA	Keypress: t
751.2454	DATA	Keypress: t
751.4818	DATA	Keypress: t
751.6845	DATA	Keypress: t
751.8525	DATA	Keypress: t held
751.8526	DATA	earn t
751.9511	DATA	Keypress: t
752.1402	DATA	Keypress: t
752.5622	DATA	Keypress: t
753.2059	DATA	Keypress: t
753.2069	DATA	Keypress: t
753.4403	DATA	Keypress: t
753.6934	DATA	Keypress: t
753.9468	DATA	Keypress: t
754.2003	DATA	Keypress: t
754.2163	DATA	Keypress: t held
754.4534	DATA	Keypress: t
754.7574	DATA	Keypress: t
754.9601	DATA	Keypress: t
755.2294	DATA	Keypress: t held
755.2469	DATA	Keypress: t
755.4493	DATA	Keypress: t
755.9898	DATA	Keypress: t
756.2263	DATA	Keypress: t
756.2593	DATA	Keypress: t held
756.2594	DATA	earn t
756.4797	DATA	Keypress: t
756.7159	DATA	Keypress: t
756.9370	DATA	Keypress: t
757.2057	DATA	Keypress: t
757.6296	DATA	Keypress: t
757.9989	DATA	Keypress: t
758.3030	DATA	Keypress: t
758.6239	DATA	Keypress: t
758.6402	DATA	Keypress: t held
758.9107	DATA	Keypress: t
759.1975	DATA	Keypress: t
759.4846	DATA	Keypress: t
759.6698	DATA	Keypress: t held
759.7718	DATA	Keypress: t
760.0420	DATA	Keypress: t
760.3122	DATA	Keypress: t
760.5991	DATA	Keypress: t
760.6828	DATA	Keypress: t held
760.8690	DATA	Keypress: t
761.1225	DATA	Keypress: t
761.4265	DATA	Keypress: t
761.6629	DATA	Keypress: t
761.6959	DATA	Keypress: t held
761.9499	DATA	Keypress: t
762.2029	DATA	Keypress: t
762.4735	DATA	Keypress: t
762.7089	DATA	Keypress: t held
762.7090	DATA	earn t
762.8105	DATA	Keypress: t
762.9800	DATA	Keypress: t
764.0719	DATA	Keypress: t
764.0724	DATA	Keypress: t
764.2968	DATA	Keypress: t
764.5667	DATA	Keypress: t
764.8203	DATA	Keypress: t
765.0897	DATA	Keypress: t held
765.0904	DATA	Keypress: t
765.3444	DATA	Keypress: t
765.5797	DATA	Keypress: t
766.0695	DATA	Keypress: v
766.1027	DATA	Keypress: v held
766.3565	DATA	Keypress: v
766.8800	DATA	Keypress: v
767.1157	DATA	Keypress: v held
767.3695	DATA	Keypress: v
767.8087	DATA	Keypress: v
768.1457	DATA	Keypress: v held
768.1465	DATA	Keypress: v
768.3828	DATA	Keypress: v
768.6865	DATA	Keypress: v
768.9906	DATA	Keypress: v
769.1587	DATA	Keypress: v held
769.2609	DATA	Keypress: v
769.5652	DATA	Keypress: v
769.8516	DATA	Keypress: v
770.1218	DATA	Keypress: v
770.1886	DATA	Keypress: v held
770.3919	DATA	Keypress: v
770.6799	DATA	Keypress: v
771.0166	DATA	Keypress: v
771.2017	DATA	Keypress: v held
771.2881	DATA	Keypress: v
771.5570	DATA	Keypress: v
771.8271	DATA	Keypress: v
772.0970	DATA	Keypress: v
772.2147	DATA	Keypress: v held
772.4181	DATA	Keypress: v
772.7220	DATA	Keypress: v
773.0258	DATA	Keypress: v
773.2278	DATA	Keypress: v held
773.2278	DATA	earn v
773.3428	DATA	Keypress: v
773.6170	DATA	Keypress: v
773.8869	DATA	Keypress: v
774.1908	DATA	Keypress: v
774.5817	DATA	Keypress: v
774.8661	DATA	Keypress: v
775.1702	DATA	Keypress: v
775.4404	DATA	Keypress: v
775.5915	DATA	Keypress: v held
775.7279	DATA	Keypress: v
776.0481	DATA	Keypress: v
776.3690	DATA	Keypress: v
776.6046	DATA	Keypress: v held
776.6727	DATA	Keypress: v
776.9596	DATA	Keypress: v
777.2807	DATA	Keypress: v
777.5677	DATA	Keypress: v
777.6176	DATA	Keypress: v held
777.8717	DATA	Keypress: v
778.1586	DATA	Keypress: v
778.4288	DATA	Keypress: v
778.6306	DATA	Keypress: v held
778.6820	DATA	Keypress: v
779.1716	DATA	Keypress: t
779.5938	DATA	Keypress: t
779.6437	DATA	Keypress: t held
779.8808	DATA	Keypress: t
780.1171	DATA	Keypress: t
780.4041	DATA	Keypress: t
780.6567	DATA	Keypress: t held
780.7082	DATA	Keypress: t
780.9779	DATA	Keypress: t
781.3160	DATA	Keypress: t
781.5861	DATA	Keypress: t
781.6867	DATA	Keypress: t held
781.9070	DATA	Keypress: t
782.1601	DATA	Keypress: t
782.6997	DATA	Keypress: t held
782.6998	DATA	earn t
782.7904	DATA	Keypress: t
783.0212	DATA	Keypress: t
783.6123	DATA	Keypress: t
784.0927	DATA	Keypress: t
784.1184	DATA	Keypress: t
784.8447	DATA	Keypress: t
785.1142	DATA	Keypress: t held
785.1487	DATA	Keypress: t
785.4357	DATA	Keypress: t
785.7565	DATA	Keypress: t
786.0605	DATA	Keypress: t
786.1272	DATA	Keypress: t held
786.1273	DATA	earn t
786.3645	DATA	Keypress: t
786.6684	DATA	Keypress: t
786.9723	DATA	Keypress: t
787.4872	DATA	Keypress: t
787.6138	DATA	Keypress: t
788.5079	DATA	Keypress: t held
788.5424	DATA	Keypress: t
788.8461	DATA	Keypress: t
789.1500	DATA	Keypress: t
789.4369	DATA	Keypress: t
789.5209	DATA	Keypress: t held
789.7408	DATA	Keypress: t
790.0450	DATA	Keypress: t
790.2814	DATA	Keypress: t
790.5339	DATA	Keypress: t held
790.5684	DATA	Keypress: t
790.8214	DATA	Keypress: t
791.1256	DATA	Keypress: t
791.3958	DATA	Keypress: t
791.5638	DATA	Keypress: t held
792.6957	DATA	Keypress: v
792.7119	DATA	Keypress: v held
793.2874	DATA	Keypress: v
793.6246	DATA	Keypress: v
793.7253	DATA	Keypress: v held
793.7254	DATA	earn v
793.9118	DATA	Keypress: v
794.2002	DATA	Keypress: v
794.5192	DATA	Keypress: v
795.1368	DATA	Keypress: v
795.1377	DATA	Keypress: v
795.4311	DATA	Keypress: v
795.7353	DATA	Keypress: v
796.0392	DATA	Keypress: v
796.1395	DATA	Keypress: v held
796.3088	DATA	Keypress: v
796.6467	DATA	Keypress: v
796.8831	DATA	Keypress: v
797.1525	DATA	Keypress: v held
797.1701	DATA	Keypress: v
797.4909	DATA	Keypress: v
797.7946	DATA	Keypress: v
798.0650	DATA	Keypress: v
798.1656	DATA	Keypress: v held
798.1656	DATA	earn v
798.3690	DATA	Keypress: v
798.6730	DATA	Keypress: v
798.9598	DATA	Keypress: v
799.5308	DATA	Keypress: v
799.5317	DATA	Keypress: v
800.0066	DATA	Keypress: v
800.2939	DATA	Keypress: v
800.5462	DATA	Keypress: v held
800.5635	DATA	Keypress: v
800.8678	DATA	Keypress: v
801.1379	DATA	Keypress: v
801.4249	DATA	Keypress: v
801.5593	DATA	Keypress: v held
801.6613	DATA	Keypress: v
802.2434	DATA	start rating L
802.2510	DATA	Keypress: v
807.2224	DATA	Keypress: v
808.4254	DATA	Keypress: v
808.8774	DATA	Keypress: return
808.8777	DATA	RatingScale rateL_scale: (key response) rating=7
808.8777	DATA	RatingScale rateL_scale: rating RT=6.634
808.8781	DATA	7.0
808.8781	DATA	end rating L
808.8847	DATA	start rating R
810.0967	DATA	Keypress: t
812.5787	DATA	Keypress: t
814.3519	DATA	Keypress: return
814.3523	DATA	RatingScale rateR_scale: (key response) rating=2
814.3523	DATA	RatingScale rateR_scale: rating RT=5.468
814.3528	DATA	2.0
814.3539	DATA	end rating R
