8.5942	WARNING	t of last frame was 33.83ms (=1/29)
8.6279	WARNING	t of last frame was 33.74ms (=1/29)
8.6618	WARNING	t of last frame was 33.83ms (=1/29)
8.6955	WARNING	t of last frame was 33.72ms (=1/29)
8.7293	WARNING	Multiple dropped frames have occurred - I'll stop bothering you about them!
9.6118	DATA	version D
137.8763	DATA	Keypress: space
145.6602	DATA	Keypress: t
145.6768	DATA	Keypress: t held
159.8594	DATA	Keypress: t
159.8759	DATA	Keypress: t held
160.5349	DATA	Keypress: t
160.8890	DATA	Keypress: t held
160.9232	DATA	Keypress: t
161.2780	DATA	Keypress: t
161.6154	DATA	Keypress: t
161.9021	DATA	Keypress: t held
161.9021	DATA	earn t
162.1220	DATA	Keypress: t
169.3995	DATA	Keypress: t
169.4322	DATA	Keypress: t held
169.7704	DATA	Keypress: t
170.4455	DATA	Keypress: t held
170.9864	DATA	Keypress: t
171.3068	DATA	Keypress: t
171.4585	DATA	Keypress: t held
171.5604	DATA	Keypress: t
171.7966	DATA	Keypress: t
172.4715	DATA	Keypress: t held
173.4850	DATA	Keypress: v
173.5013	DATA	Keypress: v held
174.0759	DATA	Keypress: v
174.3125	DATA	Keypress: v
174.5146	DATA	Keypress: v held
175.0720	DATA	Keypress: v
175.2746	DATA	Keypress: v
175.4776	DATA	Keypress: v
175.5444	DATA	Keypress: v held
175.6802	DATA	Keypress: v
175.8488	DATA	Keypress: v
176.3554	DATA	Keypress: t
176.5575	DATA	Keypress: t held
176.6254	DATA	Keypress: t
176.8621	DATA	Keypress: t
177.0645	DATA	Keypress: t
177.2502	DATA	Keypress: t
177.4866	DATA	Keypress: t
177.5874	DATA	Keypress: t held
177.6893	DATA	Keypress: t
177.9086	DATA	Keypress: t
178.1284	DATA	Keypress: t
178.3139	DATA	Keypress: t
178.4830	DATA	Keypress: t
178.6004	DATA	Keypress: t held
178.6515	DATA	Keypress: t
178.8541	DATA	Keypress: t
179.0230	DATA	Keypress: t
179.6135	DATA	Keypress: t held
181.9778	DATA	Keypress: t
182.0111	DATA	Keypress: t held
182.3322	DATA	Keypress: t
182.5348	DATA	Keypress: t
182.9234	DATA	Keypress: t
183.0240	DATA	Keypress: t held
183.3286	DATA	Keypress: t
183.5478	DATA	Keypress: t
184.0370	DATA	Keypress: t held
184.0371	DATA	earn t
186.1483	DATA	Keypress: v
186.1645	DATA	Keypress: v held
186.4690	DATA	Keypress: v
186.7052	DATA	Keypress: v
186.9418	DATA	Keypress: v
187.1614	DATA	Keypress: v
187.1945	DATA	Keypress: v held
187.3640	DATA	Keypress: v
188.2075	DATA	Keypress: v held
188.2249	DATA	Keypress: v
188.4445	DATA	Keypress: v
188.6469	DATA	Keypress: v
188.8497	DATA	Keypress: v
189.0525	DATA	Keypress: v
189.2205	DATA	Keypress: v held
189.2206	DATA	earn v
189.2210	DATA	Keypress: v
189.4068	DATA	Keypress: v
190.7911	DATA	Keypress: v
190.9600	DATA	Keypress: v
191.1300	DATA	Keypress: v
191.2804	DATA	Keypress: v held
191.3317	DATA	Keypress: v
191.5172	DATA	Keypress: v
191.7198	DATA	Keypress: v
191.9395	DATA	Keypress: v
192.3102	DATA	Keypress: v held
192.5809	DATA	Keypress: t
192.7667	DATA	Keypress: t
192.9357	DATA	Keypress: t
193.1042	DATA	Keypress: t
193.2731	DATA	Keypress: t
193.3234	DATA	Keypress: t held
193.4419	DATA	Keypress: t
193.6277	DATA	Keypress: t
193.7797	DATA	Keypress: t
194.3365	DATA	Keypress: t held
194.6577	DATA	Keypress: t
194.8436	DATA	Keypress: t
195.0123	DATA	Keypress: t
195.1814	DATA	Keypress: t
195.3494	DATA	Keypress: t held
195.4343	DATA	Keypress: t
196.0252	DATA	Keypress: t
196.1606	DATA	Keypress: t
196.3124	DATA	Keypress: t
196.3625	DATA	Keypress: t held
196.5656	DATA	Keypress: t
197.3756	DATA	Keypress: t held
198.1106	DATA	start rating L
198.3327	DATA	Keypress: v
211.3631	DATA	Keypress: v
211.8381	DATA	Keypress: v
212.6629	DATA	Keypress: t
213.1693	DATA	Keypress: t
213.5577	DATA	Keypress: t
213.9664	DATA	Keypress: t
214.5874	DATA	Keypress: v
225.1273	DATA	Keypress: t
230.8678	DATA	Keypress: t
231.8977	DATA	Keypress: return
231.8981	DATA	RatingScale rateL_scale: (key response) rating=2
231.8982	DATA	RatingScale rateL_scale: rating RT=33.787
231.8987	DATA	2.0
231.8987	DATA	end rating L
231.9061	DATA	start rating R
239.5084	DATA	Keypress: v
241.4349	DATA	Keypress: return
241.4355	DATA	RatingScale rateR_scale: (key response) rating=5
241.4356	DATA	RatingScale rateR_scale: rating RT=9.529
241.4366	DATA	5.0
241.4387	DATA	end rating R
246.7620	DATA	Keypress: t
246.7785	DATA	Keypress: t held
246.9140	DATA	Keypress: t
247.1169	DATA	Keypress: t
247.2517	DATA	Keypress: t
247.4205	DATA	Keypress: t
247.6571	DATA	Keypress: t
247.7916	DATA	Keypress: t held
247.7917	DATA	earn t
247.7922	DATA	Keypress: t
247.9271	DATA	Keypress: t
248.0453	DATA	Keypress: t
249.1765	DATA	Keypress: t
249.3115	DATA	Keypress: t
249.4810	DATA	Keypress: t
249.6326	DATA	Keypress: t
249.7505	DATA	Keypress: t
249.8851	DATA	Keypress: t held
249.8855	DATA	Keypress: t
250.0037	DATA	Keypress: t
250.1391	DATA	Keypress: t
250.2742	DATA	Keypress: t
250.3931	DATA	Keypress: t
250.5441	DATA	Keypress: t
250.9151	DATA	Keypress: t held
250.9156	DATA	Keypress: t
251.0846	DATA	Keypress: t
251.2195	DATA	Keypress: t
251.3548	DATA	Keypress: t
251.5235	DATA	Keypress: t
251.8610	DATA	Keypress: t
251.9281	DATA	Keypress: t held
252.0301	DATA	Keypress: t
252.1991	DATA	Keypress: t
252.3676	DATA	Keypress: t
252.9413	DATA	Keypress: t held
253.2121	DATA	Keypress: v
253.4315	DATA	Keypress: v
253.6170	DATA	Keypress: v
253.7861	DATA	Keypress: v
253.9543	DATA	Keypress: v held
253.9549	DATA	Keypress: v
254.1237	DATA	Keypress: v
254.2926	DATA	Keypress: v
254.4783	DATA	Keypress: v
254.6301	DATA	Keypress: v
254.8328	DATA	Keypress: v
254.9674	DATA	Keypress: v held
255.5927	DATA	Keypress: v
255.7290	DATA	Keypress: v
255.9303	DATA	Keypress: v
255.9973	DATA	Keypress: v held
256.0991	DATA	Keypress: v
256.2511	DATA	Keypress: v
256.4369	DATA	Keypress: v
256.6223	DATA	Keypress: v
256.7745	DATA	Keypress: v
256.9431	DATA	Keypress: v
257.0103	DATA	Keypress: v held
257.1128	DATA	Keypress: v
257.2976	DATA	Keypress: v
257.4835	DATA	Keypress: v
257.6524	DATA	Keypress: v
258.0232	DATA	Keypress: v held
258.1589	DATA	Keypress: v
258.3275	DATA	Keypress: v
258.4796	DATA	Keypress: v
258.7669	DATA	Keypress: v
258.9694	DATA	Keypress: v
259.0364	DATA	Keypress: v held
259.1382	DATA	Keypress: v
259.3071	DATA	Keypress: v
259.4422	DATA	Keypress: v
260.0494	DATA	Keypress: v held
260.1511	DATA	Keypress: t
260.3706	DATA	Keypress: t
260.5905	DATA	Keypress: t
260.7928	DATA	Keypress: t
260.9617	DATA	Keypress: t
261.0630	DATA	Keypress: t held
261.1982	DATA	Keypress: t
261.5526	DATA	Keypress: t
261.7552	DATA	Keypress: t
261.9408	DATA	Keypress: t
262.0755	DATA	Keypress: t held
262.1603	DATA	Keypress: t
262.3292	DATA	Keypress: t
262.5321	DATA	Keypress: t
262.7344	DATA	Keypress: t
263.0886	DATA	Keypress: t held
263.3422	DATA	Keypress: t
264.1016	DATA	Keypress: t held
264.1024	DATA	Keypress: t
265.1146	DATA	Keypress: t held
265.2501	DATA	Keypress: v
265.7062	DATA	Keypress: v
266.0609	DATA	Keypress: v
266.1280	DATA	Keypress: v held
266.2634	DATA	Keypress: v
267.1407	DATA	Keypress: v held
267.6816	DATA	Keypress: v
267.9353	DATA	Keypress: v
268.1538	DATA	Keypress: v held
268.1539	DATA	earn v
269.5896	DATA	Keypress: v
269.7920	DATA	Keypress: v
269.9779	DATA	Keypress: v
270.1635	DATA	Keypress: v
270.2474	DATA	Keypress: v held
270.5517	DATA	Keypress: v
270.7206	DATA	Keypress: v
270.8559	DATA	Keypress: v
271.2273	DATA	Keypress: v
271.2772	DATA	Keypress: v held
271.8858	DATA	Keypress: v
272.0546	DATA	Keypress: v
272.2905	DATA	Keypress: v held
272.9328	DATA	Keypress: v
273.1182	DATA	Keypress: v
273.2701	DATA	Keypress: v
273.3035	DATA	Keypress: v held
273.4558	DATA	Keypress: v
273.6246	DATA	Keypress: v
273.8610	DATA	Keypress: v
274.0471	DATA	Keypress: v
274.2496	DATA	Keypress: v
274.3166	DATA	Keypress: v held
274.4860	DATA	Keypress: v
274.6379	DATA	Keypress: v
274.8065	DATA	Keypress: v
274.9926	DATA	Keypress: v
275.1949	DATA	Keypress: v
275.3295	DATA	Keypress: v held
275.3975	DATA	Keypress: v
275.5664	DATA	Keypress: v
275.7691	DATA	Keypress: v
275.9380	DATA	Keypress: v
276.0899	DATA	Keypress: v
276.2758	DATA	Keypress: v
276.3426	DATA	Keypress: v held
276.3427	DATA	earn v
277.1872	DATA	Keypress: v
277.4405	DATA	Keypress: v
277.5418	DATA	Keypress: v
277.7444	DATA	Keypress: v
277.9136	DATA	Keypress: v
278.3860	DATA	Keypress: t
278.4531	DATA	Keypress: t held
278.4531	DATA	earn t
278.6562	DATA	Keypress: t
278.8757	DATA	Keypress: t
279.0618	DATA	Keypress: t
279.2305	DATA	Keypress: t
279.5518	DATA	Keypress: t
279.8890	DATA	Keypress: t
280.0915	DATA	Keypress: t
280.2941	DATA	Keypress: t
280.5637	DATA	Keypress: t held
280.8345	DATA	Keypress: t
281.1554	DATA	Keypress: t
281.5767	DATA	Keypress: t held
281.7125	DATA	Keypress: t
282.0498	DATA	Keypress: t
282.2697	DATA	Keypress: t
282.4382	DATA	Keypress: t
282.6066	DATA	Keypress: t held
282.6072	DATA	Keypress: t
282.7762	DATA	Keypress: t
282.9961	DATA	Keypress: t
283.3163	DATA	Keypress: t
283.5188	DATA	Keypress: t
283.6196	DATA	Keypress: t held
283.7045	DATA	Keypress: t
283.8733	DATA	Keypress: t
284.0762	DATA	Keypress: t
284.6327	DATA	Keypress: t held
284.9034	DATA	Keypress: t
285.0553	DATA	Keypress: t
285.6626	DATA	Keypress: t held
285.7645	DATA	Keypress: t
285.9336	DATA	Keypress: t
286.0687	DATA	Keypress: t
286.6257	DATA	Keypress: v
286.6757	DATA	Keypress: v held
286.8959	DATA	Keypress: v
287.6557	DATA	Keypress: v
287.6888	DATA	Keypress: v held
287.8918	DATA	Keypress: v
288.0271	DATA	Keypress: v
288.7016	DATA	Keypress: v held
290.9141	DATA	Keypress: v
290.9474	DATA	Keypress: v held
291.1506	DATA	Keypress: v
291.3200	DATA	Keypress: v
291.5221	DATA	Keypress: v
291.7413	DATA	Keypress: v
291.9443	DATA	Keypress: v
291.9605	DATA	Keypress: v held
292.1635	DATA	Keypress: v
292.3832	DATA	Keypress: v
292.5859	DATA	Keypress: v
292.7885	DATA	Keypress: v
292.9739	DATA	Keypress: v held
292.9743	DATA	Keypress: v
293.1766	DATA	Keypress: v
293.3623	DATA	Keypress: v
293.7677	DATA	Keypress: v
293.9533	DATA	Keypress: v
293.9865	DATA	Keypress: v held
294.2403	DATA	Keypress: v
294.4092	DATA	Keypress: v
294.5782	DATA	Keypress: v
294.7806	DATA	Keypress: v
294.9831	DATA	Keypress: v
294.9996	DATA	Keypress: v held
295.2195	DATA	Keypress: v
295.6420	DATA	Keypress: v
296.0126	DATA	Keypress: v held
296.1987	DATA	Keypress: v
296.4351	DATA	Keypress: v
296.6716	DATA	Keypress: v
296.8910	DATA	Keypress: v
297.0256	DATA	Keypress: v held
297.1104	DATA	Keypress: v
297.3301	DATA	Keypress: v
297.5664	DATA	Keypress: v
297.7355	DATA	Keypress: v
297.9378	DATA	Keypress: v
298.0387	DATA	Keypress: v held
298.1069	DATA	Keypress: v
298.2758	DATA	Keypress: v
298.4615	DATA	Keypress: v
298.6470	DATA	Keypress: v
299.0352	DATA	Keypress: v
299.0517	DATA	Keypress: v held
300.0482	DATA	Keypress: t
300.0648	DATA	Keypress: t held
300.2511	DATA	Keypress: t
300.4535	DATA	Keypress: t
300.6902	DATA	Keypress: t
300.9267	DATA	Keypress: t
301.0947	DATA	Keypress: t held
301.0968	DATA	Keypress: t
301.3146	DATA	Keypress: t
301.5202	DATA	Keypress: t
301.6989	DATA	start rating L
301.7603	DATA	Keypress: t
311.8909	DATA	Keypress: v
314.5792	DATA	Keypress: v
315.5379	DATA	Keypress: return
315.5382	DATA	RatingScale rateL_scale: (key response) rating=5
315.5383	DATA	RatingScale rateL_scale: rating RT=13.839
315.5387	DATA	5.0
315.5387	DATA	end rating L
315.5450	DATA	start rating R
318.0577	DATA	Keypress: t
320.1813	DATA	Keypress: return
320.1816	DATA	RatingScale rateR_scale: (key response) rating=3
320.1816	DATA	RatingScale rateR_scale: rating RT=4.637
320.1821	DATA	3.0
320.1829	DATA	end rating R
321.8459	DATA	Keypress: t
321.8623	DATA	Keypress: t held
322.0316	DATA	Keypress: t
322.1837	DATA	Keypress: t
322.3860	DATA	Keypress: t
322.5380	DATA	Keypress: t
322.7407	DATA	Keypress: t
322.8752	DATA	Keypress: t held
322.9438	DATA	Keypress: t
323.1627	DATA	Keypress: t
323.3483	DATA	Keypress: t
323.5173	DATA	Keypress: t
323.6861	DATA	Keypress: t
323.8720	DATA	Keypress: t
323.8883	DATA	Keypress: t held
324.0577	DATA	Keypress: t
324.2602	DATA	Keypress: t
324.4290	DATA	Keypress: t
324.5980	DATA	Keypress: t
324.7667	DATA	Keypress: t
324.9014	DATA	Keypress: t held
324.9014	DATA	earn t
325.0179	DATA	Keypress: t
325.1045	DATA	Keypress: t
325.2904	DATA	Keypress: t
326.2695	DATA	Keypress: t
326.4212	DATA	Keypress: t
326.5901	DATA	Keypress: t
326.7422	DATA	Keypress: t
326.8940	DATA	Keypress: t
327.0625	DATA	Keypress: t held
327.0629	DATA	Keypress: t
327.2155	DATA	Keypress: t
327.3839	DATA	Keypress: t
327.5196	DATA	Keypress: t
327.6877	DATA	Keypress: t
327.8565	DATA	Keypress: t
328.0252	DATA	Keypress: t
328.0924	DATA	Keypress: t held
328.0924	DATA	earn t
328.2111	DATA	Keypress: t
328.3800	DATA	Keypress: t
328.6335	DATA	Keypress: t
329.0553	DATA	Keypress: t
329.2578	DATA	Keypress: t
329.4268	DATA	Keypress: t
329.5957	DATA	Keypress: t
329.7643	DATA	Keypress: t
329.9502	DATA	Keypress: t
330.1195	DATA	Keypress: t
330.2367	DATA	Keypress: t held
330.2877	DATA	Keypress: t
330.4736	DATA	Keypress: t
330.6423	DATA	Keypress: t
330.8449	DATA	Keypress: t
331.0138	DATA	Keypress: t
331.1830	DATA	Keypress: t
331.2498	DATA	Keypress: t held
331.3516	DATA	Keypress: t
331.5541	DATA	Keypress: t
331.7399	DATA	Keypress: t
331.8920	DATA	Keypress: t
332.0606	DATA	Keypress: t
332.2463	DATA	Keypress: t
332.2627	DATA	Keypress: t held
332.4330	DATA	Keypress: t
332.6350	DATA	Keypress: t
333.2087	DATA	Keypress: t
333.2759	DATA	Keypress: t held
333.3775	DATA	Keypress: t
333.5465	DATA	Keypress: t
333.7152	DATA	Keypress: t
333.8841	DATA	Keypress: t
334.0527	DATA	Keypress: t
334.2387	DATA	Keypress: t
334.3058	DATA	Keypress: t held
334.3740	DATA	Keypress: t
334.5432	DATA	Keypress: t
334.7620	DATA	Keypress: t
334.9310	DATA	Keypress: t
335.0997	DATA	Keypress: t
335.2686	DATA	Keypress: t
335.3189	DATA	Keypress: t held
335.4374	DATA	Keypress: t
335.6234	DATA	Keypress: t
335.7921	DATA	Keypress: t
335.9611	DATA	Keypress: t
336.1638	DATA	Keypress: t
336.3323	DATA	Keypress: t held
336.7378	DATA	Keypress: v
337.0247	DATA	Keypress: v
337.2779	DATA	Keypress: v
337.3450	DATA	Keypress: v held
337.4804	DATA	Keypress: v
337.6831	DATA	Keypress: v
337.8518	DATA	Keypress: v
338.0545	DATA	Keypress: v
338.2235	DATA	Keypress: v
338.3580	DATA	Keypress: v held
338.4261	DATA	Keypress: v
338.6117	DATA	Keypress: v
338.7808	DATA	Keypress: v
338.9662	DATA	Keypress: v
339.1353	DATA	Keypress: v
339.3547	DATA	Keypress: v
339.3879	DATA	Keypress: v held
339.3880	DATA	earn v
339.5235	DATA	Keypress: v
339.7263	DATA	Keypress: v
339.9287	DATA	Keypress: v
340.1652	DATA	Keypress: v
340.3342	DATA	Keypress: v
340.5277	DATA	Keypress: v
340.7052	DATA	Keypress: v
341.2458	DATA	Keypress: v
341.4155	DATA	Keypress: v
341.5323	DATA	Keypress: v held
341.6003	DATA	Keypress: v
341.8196	DATA	Keypress: v
342.0052	DATA	Keypress: v
342.1910	DATA	Keypress: v
342.3767	DATA	Keypress: v
342.5453	DATA	Keypress: v held
342.7486	DATA	Keypress: v
342.9510	DATA	Keypress: v
343.1368	DATA	Keypress: v
343.3223	DATA	Keypress: v
343.5249	DATA	Keypress: v
343.5582	DATA	Keypress: v held
343.5583	DATA	earn v
343.7109	DATA	Keypress: v
344.3021	DATA	Keypress: v
344.4707	DATA	Keypress: v
344.7053	DATA	Keypress: v
345.0276	DATA	Keypress: v
345.2302	DATA	Keypress: v
345.3995	DATA	Keypress: v
345.6018	DATA	Keypress: v
345.7193	DATA	Keypress: v held
345.8045	DATA	Keypress: v
346.2097	DATA	Keypress: v
346.4292	DATA	Keypress: v
346.6146	DATA	Keypress: v
346.7325	DATA	Keypress: v held
346.8004	DATA	Keypress: v
346.9693	DATA	Keypress: v
347.1720	DATA	Keypress: v
347.3579	DATA	Keypress: v
347.5603	DATA	Keypress: v
347.7625	DATA	Keypress: v held
347.7632	DATA	Keypress: v
347.9320	DATA	Keypress: v
348.1850	DATA	Keypress: v
348.3201	DATA	Keypress: v
348.5226	DATA	Keypress: v
348.7086	DATA	Keypress: v
348.7755	DATA	Keypress: v held
348.7755	DATA	earn v
349.3336	DATA	Keypress: v
349.6711	DATA	Keypress: v
349.9570	DATA	Keypress: v
350.9873	DATA	Keypress: v held
351.5957	DATA	Keypress: t
351.8660	DATA	Keypress: t
352.0003	DATA	Keypress: t held
352.0514	DATA	Keypress: t
352.2035	DATA	Keypress: t
352.4071	DATA	Keypress: t
352.7437	DATA	Keypress: t
352.9128	DATA	Keypress: t
353.0134	DATA	Keypress: t held
353.0813	DATA	Keypress: t
353.2505	DATA	Keypress: t
353.4359	DATA	Keypress: t
353.6219	DATA	Keypress: t
353.7913	DATA	Keypress: t
353.9592	DATA	Keypress: t
354.0264	DATA	Keypress: t held
354.0265	DATA	earn t
354.1451	DATA	Keypress: t
354.3482	DATA	Keypress: t
354.5167	DATA	Keypress: t
354.8712	DATA	Keypress: t
355.1793	DATA	Keypress: t
355.3776	DATA	Keypress: t
355.5297	DATA	Keypress: t
355.7152	DATA	Keypress: t
355.9011	DATA	Keypress: t
356.0361	DATA	Keypress: t
356.2045	DATA	Keypress: t held
356.2388	DATA	Keypress: t
356.4075	DATA	Keypress: t
356.5932	DATA	Keypress: t
356.7622	DATA	Keypress: t
356.9480	DATA	Keypress: t
357.1337	DATA	Keypress: t
357.2176	DATA	Keypress: t held
357.2856	DATA	Keypress: t
357.4713	DATA	Keypress: t
357.6403	DATA	Keypress: t
357.8428	DATA	Keypress: t
358.0117	DATA	Keypress: t
358.1804	DATA	Keypress: t
358.2306	DATA	Keypress: t held
358.3495	DATA	Keypress: t
358.5349	DATA	Keypress: t
358.6868	DATA	Keypress: t
358.8730	DATA	Keypress: t
359.0417	DATA	Keypress: t
359.1933	DATA	Keypress: t
359.2605	DATA	Keypress: t held
359.3623	DATA	Keypress: t
359.5651	DATA	Keypress: t
359.7340	DATA	Keypress: t
359.8858	DATA	Keypress: t
360.1051	DATA	Keypress: t
360.2571	DATA	Keypress: t
360.2736	DATA	Keypress: t held
360.2737	DATA	earn t
360.9517	DATA	Keypress: t
361.4328	DATA	Keypress: t
361.5065	DATA	Keypress: t
361.6924	DATA	Keypress: t
361.8441	DATA	Keypress: t
362.1821	DATA	Keypress: t
362.4346	DATA	Keypress: t held
362.8237	DATA	Keypress: v
363.4478	DATA	Keypress: v held
364.1404	DATA	Keypress: v
364.4278	DATA	Keypress: v
364.4609	DATA	Keypress: v held
364.5966	DATA	Keypress: v
364.7482	DATA	Keypress: v
364.9173	DATA	Keypress: v
365.1029	DATA	Keypress: v
365.2886	DATA	Keypress: v
365.4739	DATA	Keypress: v held
366.0146	DATA	Keypress: v
366.4870	DATA	Keypress: v held
366.4870	DATA	earn v
366.6900	DATA	Keypress: v
367.6496	DATA	Keypress: v
367.8046	DATA	Keypress: v
367.9735	DATA	Keypress: v
368.6649	DATA	Keypress: v held
368.6993	DATA	Keypress: v
369.2563	DATA	Keypress: v
369.6281	DATA	Keypress: v
369.6948	DATA	Keypress: v held
369.8311	DATA	Keypress: v
370.0331	DATA	Keypress: v
370.2355	DATA	Keypress: v
370.4046	DATA	Keypress: v
370.7080	DATA	Keypress: v held
370.7424	DATA	Keypress: v
370.9452	DATA	Keypress: v
371.1136	DATA	Keypress: v
371.2489	DATA	Keypress: v
371.4347	DATA	Keypress: v
371.6369	DATA	Keypress: v
371.7210	DATA	Keypress: v held
371.8229	DATA	Keypress: v
372.4310	DATA	Keypress: v
372.7510	DATA	Keypress: v held
372.7517	DATA	Keypress: v
372.9202	DATA	Keypress: v
373.0555	DATA	Keypress: v
373.4438	DATA	Keypress: v
373.7640	DATA	Keypress: v held
374.1359	DATA	Keypress: v
374.3047	DATA	Keypress: v
374.5411	DATA	Keypress: v
374.7101	DATA	Keypress: v
374.7770	DATA	Keypress: v held
375.2671	DATA	Keypress: v
375.7901	DATA	Keypress: v held
375.9088	DATA	Keypress: v
376.0102	DATA	Keypress: v
376.3139	DATA	Keypress: v
376.5167	DATA	Keypress: v
376.6854	DATA	Keypress: v
376.8032	DATA	Keypress: v held
376.8549	DATA	Keypress: v
377.0061	DATA	Keypress: v
377.2935	DATA	Keypress: v
377.8162	DATA	Keypress: v held
378.1544	DATA	Keypress: t
378.3403	DATA	Keypress: t
378.4920	DATA	Keypress: t
378.6610	DATA	Keypress: t
378.8292	DATA	Keypress: t held
378.8292	DATA	earn t
378.9832	DATA	Keypress: t
379.1674	DATA	Keypress: t
379.3701	DATA	Keypress: t
379.5389	DATA	Keypress: t
379.7077	DATA	Keypress: t
380.0021	DATA	Keypress: t
380.0026	DATA	Keypress: t
380.1973	DATA	Keypress: t
380.5095	DATA	start rating L
380.5168	DATA	Keypress: t
380.5459	DATA	Keypress: t
383.8349	DATA	Keypress: t
385.0162	DATA	Keypress: return
385.0164	DATA	RatingScale rateL_scale: (key response) rating=1
385.0165	DATA	RatingScale rateL_scale: rating RT=4.507
385.0169	DATA	1.0
385.0169	DATA	end rating L
385.0234	DATA	start rating R
387.0628	DATA	Keypress: v
387.3667	DATA	Keypress: v
388.6463	DATA	Keypress: return
388.6465	DATA	RatingScale rateR_scale: (key response) rating=6
388.6466	DATA	RatingScale rateR_scale: rating RT=3.623
388.6470	DATA	6.0
388.6479	DATA	end rating R
389.8552	DATA	Keypress: t
389.8884	DATA	Keypress: t held
390.0747	DATA	Keypress: t
390.2602	DATA	Keypress: t
390.4290	DATA	Keypress: t
390.5978	DATA	Keypress: t
390.7668	DATA	Keypress: t
390.9014	DATA	Keypress: t held
390.9356	DATA	Keypress: t
391.1383	DATA	Keypress: t
391.2736	DATA	Keypress: t
391.4422	DATA	Keypress: t
391.5940	DATA	Keypress: t
391.7797	DATA	Keypress: t
391.9144	DATA	Keypress: t held
391.9490	DATA	Keypress: t
392.1174	DATA	Keypress: t
392.2861	DATA	Keypress: t
392.4547	DATA	Keypress: t
392.6408	DATA	Keypress: t
392.8269	DATA	Keypress: t
392.9275	DATA	Keypress: t held
392.9955	DATA	Keypress: t
393.1980	DATA	Keypress: t
393.3499	DATA	Keypress: t
393.5360	DATA	Keypress: t
393.7388	DATA	Keypress: t
393.8902	DATA	Keypress: t
393.9405	DATA	Keypress: t held
394.0759	DATA	Keypress: t
394.2618	DATA	Keypress: t
394.4150	DATA	Keypress: t
394.5829	DATA	Keypress: t
394.7855	DATA	Keypress: t
394.9372	DATA	Keypress: t
394.9536	DATA	Keypress: t held
395.1400	DATA	Keypress: t
395.3086	DATA	Keypress: t
395.4948	DATA	Keypress: t
395.6969	DATA	Keypress: t
395.8825	DATA	Keypress: t
395.9835	DATA	Keypress: t held
396.0518	DATA	Keypress: t
396.2545	DATA	Keypress: t
396.4229	DATA	Keypress: t
396.6085	DATA	Keypress: t
396.7945	DATA	Keypress: t
396.9800	DATA	Keypress: t
396.9967	DATA	Keypress: t held
396.9967	DATA	earn t
397.1827	DATA	Keypress: t
397.5711	DATA	Keypress: t
397.7572	DATA	Keypress: t
397.9261	DATA	Keypress: t
398.2138	DATA	Keypress: t
398.2299	DATA	Keypress: t
398.4153	DATA	Keypress: t
398.6011	DATA	Keypress: t
398.8879	DATA	Keypress: t
399.0905	DATA	Keypress: t
399.2252	DATA	Keypress: t held
399.2935	DATA	Keypress: t
399.4960	DATA	Keypress: t
399.6984	DATA	Keypress: t
399.8843	DATA	Keypress: t
400.0865	DATA	Keypress: t
400.2383	DATA	Keypress: t held
400.2383	DATA	earn t
400.3419	DATA	Keypress: t
400.4920	DATA	Keypress: t
400.7287	DATA	Keypress: t
400.9146	DATA	Keypress: t
401.1172	DATA	Keypress: t
401.4422	DATA	Keypress: t
401.5223	DATA	Keypress: t
401.7245	DATA	Keypress: t
401.9102	DATA	Keypress: t
402.1128	DATA	Keypress: t
402.2988	DATA	Keypress: t
402.4501	DATA	Keypress: t held
402.5013	DATA	Keypress: t
402.7040	DATA	Keypress: t
402.9063	DATA	Keypress: t
403.1091	DATA	Keypress: t
403.3117	DATA	Keypress: t
403.4632	DATA	Keypress: t held
403.4805	DATA	Keypress: t
403.6999	DATA	Keypress: t
403.9025	DATA	Keypress: t
404.1051	DATA	Keypress: t
404.3078	DATA	Keypress: t
404.4762	DATA	Keypress: t held
404.5104	DATA	Keypress: t
404.7130	DATA	Keypress: t
405.1182	DATA	Keypress: t
405.4892	DATA	Keypress: t held
406.1315	DATA	Keypress: t
406.3340	DATA	Keypress: t
406.5028	DATA	Keypress: t held
406.5028	DATA	earn t
406.6057	DATA	Keypress: t
406.7910	DATA	Keypress: t
407.0262	DATA	Keypress: t
407.2119	DATA	Keypress: t
407.4148	DATA	Keypress: t
407.7740	DATA	Keypress: t
407.9042	DATA	Keypress: t
408.1067	DATA	Keypress: t
408.3094	DATA	Keypress: t
408.4950	DATA	Keypress: t
408.6974	DATA	Keypress: t
408.7816	DATA	Keypress: t held
408.8832	DATA	Keypress: t
409.0693	DATA	Keypress: t
409.2716	DATA	Keypress: t
409.4743	DATA	Keypress: t
409.6772	DATA	Keypress: t
409.8116	DATA	Keypress: t held
409.9134	DATA	Keypress: t
410.0991	DATA	Keypress: t
410.3016	DATA	Keypress: t
410.4875	DATA	Keypress: t
410.7070	DATA	Keypress: t
410.8245	DATA	Keypress: t held
410.9094	DATA	Keypress: t
411.0952	DATA	Keypress: t
411.2641	DATA	Keypress: t
411.4672	DATA	Keypress: t
411.8377	DATA	Keypress: t held
411.9563	DATA	Keypress: t
412.1589	DATA	Keypress: t
412.8677	DATA	Keypress: t held
413.4589	DATA	Keypress: t
413.7631	DATA	Keypress: t
413.8807	DATA	Keypress: t held
413.8980	DATA	Keypress: t
414.0840	DATA	Keypress: t
414.9106	DATA	Keypress: t held
415.0629	DATA	Keypress: v
415.2993	DATA	Keypress: v
415.5023	DATA	Keypress: v
415.6876	DATA	Keypress: v
415.8735	DATA	Keypress: v
415.9236	DATA	Keypress: v held
416.0592	DATA	Keypress: v
416.2619	DATA	Keypress: v
416.4307	DATA	Keypress: v
416.6163	DATA	Keypress: v
416.8189	DATA	Keypress: v
416.9367	DATA	Keypress: v held
417.0046	DATA	Keypress: v
417.1903	DATA	Keypress: v
417.3929	DATA	Keypress: v
417.5957	DATA	Keypress: v
417.7814	DATA	Keypress: v
417.9498	DATA	Keypress: v held
417.9840	DATA	Keypress: v
418.1867	DATA	Keypress: v
418.3896	DATA	Keypress: v
418.5750	DATA	Keypress: v
418.7608	DATA	Keypress: v
418.9627	DATA	Keypress: v held
418.9802	DATA	Keypress: v
419.1827	DATA	Keypress: v
419.4023	DATA	Keypress: v
419.6050	DATA	Keypress: v
419.8077	DATA	Keypress: v
419.9758	DATA	Keypress: v held
420.0100	DATA	Keypress: v
420.1957	DATA	Keypress: v
420.3985	DATA	Keypress: v
420.5840	DATA	Keypress: v
420.8038	DATA	Keypress: v
420.9889	DATA	Keypress: v held
421.0230	DATA	Keypress: v
421.2258	DATA	Keypress: v
421.4282	DATA	Keypress: v
421.5979	DATA	Keypress: v
421.7998	DATA	Keypress: v
422.0019	DATA	Keypress: v held
422.0531	DATA	Keypress: v
422.2558	DATA	Keypress: v
422.4752	DATA	Keypress: v
422.6784	DATA	Keypress: v
422.8468	DATA	Keypress: v
423.0149	DATA	Keypress: v held
423.0832	DATA	Keypress: v
423.4037	DATA	Keypress: v
423.6063	DATA	Keypress: v
424.0281	DATA	Keypress: v held
424.3829	DATA	Keypress: v
424.6871	DATA	Keypress: v
425.0411	DATA	Keypress: v held
425.7336	DATA	Keypress: v
425.9363	DATA	Keypress: v
426.0541	DATA	Keypress: v held
426.1221	DATA	Keypress: v
426.3250	DATA	Keypress: v
426.4937	DATA	Keypress: v
426.6454	DATA	Keypress: v
426.7984	DATA	Keypress: v
427.0670	DATA	Keypress: v held
427.8106	DATA	Keypress: v
427.9455	DATA	Keypress: v
428.0802	DATA	Keypress: v held
428.8910	DATA	Keypress: v
429.0768	DATA	Keypress: v
429.0932	DATA	Keypress: v held
429.2119	DATA	Keypress: v
429.3470	DATA	Keypress: v
429.4989	DATA	Keypress: v
429.7019	DATA	Keypress: v
429.8028	DATA	Keypress: v
429.9215	DATA	Keypress: v
430.1062	DATA	Keypress: v held
430.4953	DATA	Keypress: t
430.6807	DATA	Keypress: t
431.1192	DATA	Keypress: t held
431.2887	DATA	Keypress: t
431.4915	DATA	Keypress: t
431.6604	DATA	Keypress: t
431.8300	DATA	Keypress: t
432.0149	DATA	Keypress: t
432.1324	DATA	Keypress: t held
432.2003	DATA	Keypress: t
432.4031	DATA	Keypress: t
432.6058	DATA	Keypress: t
432.7745	DATA	Keypress: t
432.9432	DATA	Keypress: t
433.1126	DATA	Keypress: t
433.1454	DATA	Keypress: t held
433.3149	DATA	Keypress: t
433.4838	DATA	Keypress: t
433.6522	DATA	Keypress: t
433.8214	DATA	Keypress: t
434.0072	DATA	Keypress: t
434.1585	DATA	Keypress: t held
434.2266	DATA	Keypress: t
434.4123	DATA	Keypress: t
434.6150	DATA	Keypress: t
434.8176	DATA	Keypress: t
435.1382	DATA	Keypress: t
435.1715	DATA	Keypress: t held
435.3577	DATA	Keypress: t
435.7629	DATA	Keypress: t
435.9320	DATA	Keypress: t
436.1006	DATA	Keypress: t
436.2015	DATA	Keypress: t held
436.3035	DATA	Keypress: t
437.2145	DATA	Keypress: t held
437.2825	DATA	Keypress: t
437.5357	DATA	Keypress: t
437.8060	DATA	Keypress: t
438.0931	DATA	Keypress: t
438.2276	DATA	Keypress: t held
438.3630	DATA	Keypress: t
438.5502	DATA	Keypress: t
438.7514	DATA	Keypress: t
438.9371	DATA	Keypress: t
439.1397	DATA	Keypress: t
439.2406	DATA	Keypress: t held
439.3423	DATA	Keypress: t
439.5619	DATA	Keypress: t
439.7648	DATA	Keypress: t
439.9331	DATA	Keypress: t
440.0858	DATA	Keypress: t
440.2535	DATA	Keypress: t held
440.2539	DATA	Keypress: t
440.4229	DATA	Keypress: t
441.2668	DATA	Keypress: t held
441.8918	DATA	Keypress: v
442.0777	DATA	Keypress: v
442.2466	DATA	Keypress: v
442.2798	DATA	Keypress: v held
442.5672	DATA	Keypress: v
442.7529	DATA	Keypress: v
443.3097	DATA	Keypress: v held
443.4459	DATA	Keypress: v
443.6647	DATA	Keypress: v
443.8335	DATA	Keypress: v
444.0361	DATA	Keypress: v
444.2218	DATA	Keypress: v
444.3227	DATA	Keypress: v held
444.4246	DATA	Keypress: v
445.1675	DATA	Keypress: v
445.3197	DATA	Keypress: v
445.3358	DATA	Keypress: v held
445.5223	DATA	Keypress: v
446.0119	DATA	Keypress: v
446.2142	DATA	Keypress: v
446.3488	DATA	Keypress: v held
446.5854	DATA	Keypress: v
447.3619	DATA	Keypress: v held
448.2237	DATA	Keypress: v
448.3918	DATA	Keypress: v held
448.5613	DATA	Keypress: v
448.7584	DATA	Keypress: v
449.0202	DATA	start rating L
449.1257	DATA	Keypress: v
449.5002	DATA	Keypress: v
449.6995	DATA	Keypress: v
449.8734	DATA	Keypress: v
455.7779	DATA	Keypress: t
456.9932	DATA	Keypress: t
457.3984	DATA	Keypress: t
457.6348	DATA	Keypress: t
457.8716	DATA	Keypress: t
463.6963	DATA	Keypress: return
463.6966	DATA	RatingScale rateL_scale: (key response) rating=2
463.6966	DATA	RatingScale rateL_scale: rating RT=14.676
463.6970	DATA	2.0
463.6970	DATA	end rating L
463.7036	DATA	start rating R
468.0691	DATA	Keypress: v
468.8293	DATA	Keypress: v
471.3619	DATA	Keypress: return
471.3622	DATA	RatingScale rateR_scale: (key response) rating=6
471.3622	DATA	RatingScale rateR_scale: rating RT=7.659
471.3627	DATA	6.0
471.3636	DATA	end rating R
472.4858	DATA	Keypress: t
472.5023	DATA	Keypress: t held
472.7900	DATA	Keypress: t
473.0432	DATA	Keypress: t
473.2458	DATA	Keypress: t
473.5159	DATA	Keypress: t held
473.5160	DATA	earn t
473.6305	DATA	Keypress: t
473.8704	DATA	Keypress: t
474.2081	DATA	Keypress: t
474.3770	DATA	Keypress: t
474.7806	DATA	Keypress: t
474.7812	DATA	Keypress: t
474.9849	DATA	Keypress: t
475.1536	DATA	Keypress: t
475.3392	DATA	Keypress: t
475.5253	DATA	Keypress: t
475.7108	DATA	Keypress: t
475.7946	DATA	Keypress: t held
475.8966	DATA	Keypress: t
476.0822	DATA	Keypress: t
476.2682	DATA	Keypress: t
476.4371	DATA	Keypress: t
476.6393	DATA	Keypress: t
476.8078	DATA	Keypress: t held
476.8084	DATA	Keypress: t
477.0108	DATA	Keypress: t
477.1966	DATA	Keypress: t
477.3657	DATA	Keypress: t
477.5679	DATA	Keypress: t
477.7707	DATA	Keypress: t
477.8377	DATA	Keypress: t held
477.9565	DATA	Keypress: t
478.1591	DATA	Keypress: t
478.3280	DATA	Keypress: t
478.5136	DATA	Keypress: t
478.6993	DATA	Keypress: t
478.8508	DATA	Keypress: t held
478.9018	DATA	Keypress: t
479.0707	DATA	Keypress: t
479.2564	DATA	Keypress: t
479.4759	DATA	Keypress: t
479.6956	DATA	Keypress: t
479.8638	DATA	Keypress: t held
479.8981	DATA	Keypress: t
480.0844	DATA	Keypress: t
480.2532	DATA	Keypress: t
480.4385	DATA	Keypress: t
480.6243	DATA	Keypress: t
480.8268	DATA	Keypress: t
480.8769	DATA	Keypress: t held
481.0294	DATA	Keypress: t
481.5190	DATA	Keypress: t
481.7218	DATA	Keypress: t
481.8899	DATA	Keypress: t held
481.8908	DATA	Keypress: t
482.0773	DATA	Keypress: t
482.2785	DATA	Keypress: t
482.4475	DATA	Keypress: t
482.6500	DATA	Keypress: t
482.8528	DATA	Keypress: t
482.9198	DATA	Keypress: t held
483.0388	DATA	Keypress: t
483.2076	DATA	Keypress: t
483.3764	DATA	Keypress: t
483.5451	DATA	Keypress: t
483.9330	DATA	Keypress: t held
484.5749	DATA	Keypress: v
484.7775	DATA	Keypress: v
484.9459	DATA	Keypress: v held
484.9463	DATA	Keypress: v
485.1329	DATA	Keypress: v
485.3178	DATA	Keypress: v
485.6556	DATA	Keypress: v
485.8749	DATA	Keypress: v
485.9590	DATA	Keypress: v held
485.9591	DATA	earn v
486.4664	DATA	Keypress: v
486.8377	DATA	Keypress: v
487.2260	DATA	Keypress: v
487.4116	DATA	Keypress: v
487.6479	DATA	Keypress: v
488.0702	DATA	Keypress: v
488.2046	DATA	Keypress: v held
488.3063	DATA	Keypress: v
488.5091	DATA	Keypress: v
488.9480	DATA	Keypress: v
489.1336	DATA	Keypress: v
489.2176	DATA	Keypress: v held
489.3871	DATA	Keypress: v
489.5725	DATA	Keypress: v
489.7584	DATA	Keypress: v
489.9611	DATA	Keypress: v
490.1637	DATA	Keypress: v
490.2307	DATA	Keypress: v held
490.3660	DATA	Keypress: v
491.2436	DATA	Keypress: v held
491.3457	DATA	Keypress: v
491.5146	DATA	Keypress: v
491.7172	DATA	Keypress: v
492.2567	DATA	Keypress: v held
492.5103	DATA	Keypress: v
492.7132	DATA	Keypress: v
492.8987	DATA	Keypress: v
493.0680	DATA	Keypress: v
493.2698	DATA	Keypress: v held
493.2698	DATA	earn v
493.2702	DATA	Keypress: v
493.4730	DATA	Keypress: v
493.8448	DATA	Keypress: v
494.2329	DATA	Keypress: v
494.5167	DATA	Keypress: v
494.6211	DATA	Keypress: v
494.8235	DATA	Keypress: v
495.0261	DATA	Keypress: v
495.2292	DATA	Keypress: v
495.4145	DATA	Keypress: v
495.5322	DATA	Keypress: v held
496.3433	DATA	Keypress: v
496.5453	DATA	Keypress: v held
496.7823	DATA	Keypress: v
496.9678	DATA	Keypress: v
497.1535	DATA	Keypress: v
497.3563	DATA	Keypress: v
497.5419	DATA	Keypress: v
497.5583	DATA	Keypress: v held
497.5584	DATA	earn v
497.7280	DATA	Keypress: v
498.0994	DATA	Keypress: v
498.2699	DATA	Keypress: v
498.4710	DATA	Keypress: v
498.8514	DATA	Keypress: v
498.8519	DATA	Keypress: v
499.0277	DATA	Keypress: v
499.2133	DATA	Keypress: v
499.3994	DATA	Keypress: v
499.6016	DATA	Keypress: v
499.8044	DATA	Keypress: v
499.8715	DATA	Keypress: v held
499.9734	DATA	Keypress: v
500.1590	DATA	Keypress: v
500.3616	DATA	Keypress: v
500.5473	DATA	Keypress: v
500.7332	DATA	Keypress: v
500.8844	DATA	Keypress: v held
500.9357	DATA	Keypress: v
501.1553	DATA	Keypress: v
501.3411	DATA	Keypress: v
501.5098	DATA	Keypress: v
501.7125	DATA	Keypress: v
501.8976	DATA	Keypress: v held
501.8980	DATA	Keypress: v
502.1006	DATA	Keypress: v
502.2693	DATA	Keypress: v
502.4720	DATA	Keypress: v
502.6579	DATA	Keypress: v
502.8605	DATA	Keypress: v
502.9274	DATA	Keypress: v held
503.0462	DATA	Keypress: v
503.2490	DATA	Keypress: v
503.4513	DATA	Keypress: v
503.6372	DATA	Keypress: v
503.8228	DATA	Keypress: v
503.9405	DATA	Keypress: v held
504.0425	DATA	Keypress: v
504.2621	DATA	Keypress: v
504.4477	DATA	Keypress: v
504.6504	DATA	Keypress: v
504.8530	DATA	Keypress: v
504.9536	DATA	Keypress: v held
505.0217	DATA	Keypress: v
505.1906	DATA	Keypress: v
505.3594	DATA	Keypress: v
505.5786	DATA	Keypress: v
505.7478	DATA	Keypress: v
505.9333	DATA	Keypress: v
505.9666	DATA	Keypress: v held
506.1192	DATA	Keypress: v
506.3219	DATA	Keypress: v
506.4905	DATA	Keypress: v
506.6935	DATA	Keypress: v
506.8450	DATA	Keypress: v
506.9797	DATA	Keypress: v held
507.0309	DATA	Keypress: v
507.1998	DATA	Keypress: v
507.3853	DATA	Keypress: v
508.0096	DATA	Keypress: v held
508.1960	DATA	Keypress: t
508.4662	DATA	Keypress: t
508.6522	DATA	Keypress: t
508.8543	DATA	Keypress: t
509.0226	DATA	Keypress: t held
509.0226	DATA	earn t
509.1294	DATA	Keypress: t
509.2934	DATA	Keypress: t
509.4959	DATA	Keypress: t
509.6987	DATA	Keypress: t
509.9014	DATA	Keypress: t
510.2842	DATA	Keypress: t
510.2847	DATA	Keypress: t
510.4754	DATA	Keypress: t
510.6609	DATA	Keypress: t
510.8804	DATA	Keypress: t
511.0829	DATA	Keypress: t
511.2686	DATA	Keypress: t
511.3020	DATA	Keypress: t held
511.4714	DATA	Keypress: t
511.6742	DATA	Keypress: t
511.8427	DATA	Keypress: t
512.0457	DATA	Keypress: t
512.2480	DATA	Keypress: t
512.3151	DATA	Keypress: t held
512.3151	DATA	earn t
512.4506	DATA	Keypress: t
512.6535	DATA	Keypress: t
512.8390	DATA	Keypress: t
513.0080	DATA	Keypress: t
513.2446	DATA	Keypress: t
514.2402	DATA	Keypress: t
514.5944	DATA	Keypress: t held
515.1353	DATA	Keypress: t
515.3549	DATA	Keypress: t
515.6075	DATA	Keypress: t held
516.1988	DATA	Keypress: t
516.4185	DATA	Keypress: t
516.6205	DATA	Keypress: t held
516.6205	DATA	earn t
516.6210	DATA	Keypress: t
516.7902	DATA	Keypress: t
517.0094	DATA	Keypress: t
517.1614	DATA	Keypress: t
517.3639	DATA	Keypress: t
517.5496	DATA	Keypress: t
517.8898	DATA	Keypress: t
518.7315	DATA	Keypress: t
518.8999	DATA	Keypress: t held
518.9343	DATA	Keypress: t
519.1705	DATA	Keypress: t
519.5250	DATA	Keypress: t
519.7444	DATA	Keypress: t
519.9130	DATA	Keypress: t held
520.1835	DATA	Keypress: t
520.4031	DATA	Keypress: t
520.6058	DATA	Keypress: t
520.9260	DATA	Keypress: t held
523.1043	DATA	Keypress: t
523.1209	DATA	Keypress: t held
523.2902	DATA	Keypress: t
523.4606	DATA	Keypress: t
523.6621	DATA	Keypress: t
523.8643	DATA	Keypress: t
524.0499	DATA	Keypress: t
524.1340	DATA	Keypress: t held
524.2366	DATA	Keypress: t
524.4214	DATA	Keypress: t
524.6071	DATA	Keypress: t
524.8269	DATA	Keypress: t
524.9955	DATA	Keypress: t
525.1640	DATA	Keypress: t held
525.1647	DATA	Keypress: t
525.3673	DATA	Keypress: t
525.6033	DATA	Keypress: t
525.8059	DATA	Keypress: t
525.9915	DATA	Keypress: t
526.1769	DATA	Keypress: t held
526.1774	DATA	Keypress: t
527.0050	DATA	Keypress: t
527.1401	DATA	Keypress: t
527.1900	DATA	Keypress: t held
527.3255	DATA	Keypress: t
527.6968	DATA	Keypress: t
527.8320	DATA	Keypress: t
527.9845	DATA	Keypress: t
528.2029	DATA	Keypress: t held
528.2711	DATA	Keypress: t
528.4063	DATA	Keypress: t
529.0477	DATA	Keypress: v
529.1998	DATA	Keypress: v
529.2161	DATA	Keypress: v held
529.3685	DATA	Keypress: v
529.5712	DATA	Keypress: v
529.7738	DATA	Keypress: v
529.9429	DATA	Keypress: v
530.1115	DATA	Keypress: v
530.2461	DATA	Keypress: v held
530.2802	DATA	Keypress: v
530.4661	DATA	Keypress: v
530.6521	DATA	Keypress: v
531.2591	DATA	Keypress: v held
531.2591	DATA	earn v
532.1381	DATA	Keypress: v
532.5319	DATA	Keypress: v
532.9516	DATA	start rating L
537.0922	DATA	Keypress: t
537.5475	DATA	Keypress: t
541.0931	DATA	Keypress: v
541.5658	DATA	Keypress: return
541.5662	DATA	RatingScale rateL_scale: (key response) rating=3
541.5662	DATA	RatingScale rateL_scale: rating RT=8.615
541.5667	DATA	3.0
541.5667	DATA	end rating L
541.5731	DATA	start rating R
545.0273	DATA	Keypress: v
545.3647	DATA	Keypress: v
547.0190	DATA	Keypress: v
547.8505	DATA	Keypress: return
547.8508	DATA	RatingScale rateR_scale: (key response) rating=7
547.8509	DATA	RatingScale rateR_scale: rating RT=6.278
547.8514	DATA	7.0
547.8524	DATA	end rating R
548.9878	DATA	Keypress: t
549.0043	DATA	Keypress: t held
549.2242	DATA	Keypress: t
549.4774	DATA	Keypress: t
549.6973	DATA	Keypress: t
549.8828	DATA	Keypress: t
550.0172	DATA	Keypress: t held
550.0855	DATA	Keypress: t
550.3218	DATA	Keypress: t
550.5084	DATA	Keypress: t
550.7103	DATA	Keypress: t
550.9465	DATA	Keypress: t
551.0304	DATA	Keypress: t held
551.1489	DATA	Keypress: t
551.3178	DATA	Keypress: t
551.5375	DATA	Keypress: t
551.7065	DATA	Keypress: t
551.9087	DATA	Keypress: t
552.0434	DATA	Keypress: t held
552.0945	DATA	Keypress: t
552.2803	DATA	Keypress: t
552.4831	DATA	Keypress: t
552.6685	DATA	Keypress: t
552.8374	DATA	Keypress: t
553.0066	DATA	Keypress: t
553.0733	DATA	Keypress: t held
553.0733	DATA	earn t
553.1846	DATA	Keypress: t
553.3778	DATA	Keypress: t
553.5468	DATA	Keypress: t
553.7155	DATA	Keypress: t
553.8677	DATA	Keypress: t
554.0535	DATA	Keypress: t
554.3715	DATA	Keypress: t
554.4247	DATA	Keypress: t
554.6103	DATA	Keypress: t
554.7959	DATA	Keypress: t
554.9651	DATA	Keypress: t
555.1678	DATA	Keypress: t
555.3365	DATA	Keypress: t
555.3866	DATA	Keypress: t held
555.3866	DATA	earn t
555.5220	DATA	Keypress: t
555.7079	DATA	Keypress: t
555.8935	DATA	Keypress: t
556.0792	DATA	Keypress: t
556.2480	DATA	Keypress: t
556.7133	DATA	Keypress: t
556.7138	DATA	Keypress: t
556.8052	DATA	Keypress: t
556.9908	DATA	Keypress: t
557.1769	DATA	Keypress: t
557.3623	DATA	Keypress: t
557.5481	DATA	Keypress: t
557.7165	DATA	Keypress: t held
557.7337	DATA	Keypress: t
557.9535	DATA	Keypress: t
558.1561	DATA	Keypress: t
558.3250	DATA	Keypress: t
558.7295	DATA	Keypress: t held
558.7296	DATA	earn t
559.0508	DATA	Keypress: t
559.2368	DATA	Keypress: t
559.4223	DATA	Keypress: t
559.6250	DATA	Keypress: t
560.0441	DATA	Keypress: t
560.0446	DATA	Keypress: t
560.2158	DATA	Keypress: t
560.3845	DATA	Keypress: t
560.7560	DATA	Keypress: t
560.9420	DATA	Keypress: t
561.0595	DATA	Keypress: t held
561.1274	DATA	Keypress: t
561.3302	DATA	Keypress: t
561.5327	DATA	Keypress: t
561.7352	DATA	Keypress: t
562.0725	DATA	Keypress: t held
562.2758	DATA	Keypress: t
562.6136	DATA	Keypress: t
563.1024	DATA	Keypress: t held
563.4745	DATA	Keypress: t
563.6436	DATA	Keypress: t
563.8296	DATA	Keypress: t
564.1155	DATA	Keypress: t held
564.2510	DATA	Keypress: t
564.4367	DATA	Keypress: t
564.6225	DATA	Keypress: t
565.1286	DATA	Keypress: t held
565.1636	DATA	Keypress: t
565.3659	DATA	Keypress: t
565.5681	DATA	Keypress: t
565.7538	DATA	Keypress: t
565.9567	DATA	Keypress: t
566.1417	DATA	Keypress: t held
566.1422	DATA	Keypress: t
566.3279	DATA	Keypress: t
566.5305	DATA	Keypress: t
566.6992	DATA	Keypress: t
567.0204	DATA	Keypress: t
567.1546	DATA	Keypress: t held
567.1546	DATA	earn t
567.2547	DATA	Keypress: t
567.3410	DATA	Keypress: t
567.4929	DATA	Keypress: t
567.6957	DATA	Keypress: t
567.8815	DATA	Keypress: t
568.0504	DATA	Keypress: t
568.5568	DATA	Keypress: t
568.7593	DATA	Keypress: t
568.8944	DATA	Keypress: t
569.0967	DATA	Keypress: t
569.5016	DATA	Keypress: t held
570.7175	DATA	Keypress: t
570.7342	DATA	Keypress: t held
570.9033	DATA	Keypress: t
571.7472	DATA	Keypress: t held
572.0176	DATA	Keypress: t
572.1869	DATA	Keypress: t
572.3555	DATA	Keypress: t
572.5076	DATA	Keypress: t
572.7602	DATA	Keypress: t held
572.9125	DATA	Keypress: t
573.0815	DATA	Keypress: t
573.2506	DATA	Keypress: t
573.4191	DATA	Keypress: t
573.5881	DATA	Keypress: t
573.7575	DATA	Keypress: t
573.7902	DATA	Keypress: t held
573.9425	DATA	Keypress: t
574.1113	DATA	Keypress: t
574.2800	DATA	Keypress: t
574.8032	DATA	Keypress: t held
576.1882	DATA	Keypress: v
576.2046	DATA	Keypress: v held
576.7623	DATA	Keypress: v
577.0831	DATA	Keypress: v
577.2177	DATA	Keypress: v held
577.8436	DATA	Keypress: v
578.1128	DATA	Keypress: v
578.2307	DATA	Keypress: v held
579.4806	DATA	Keypress: v
579.4970	DATA	Keypress: v held
580.6287	DATA	Keypress: v
580.6451	DATA	Keypress: v held
581.0510	DATA	Keypress: v
581.2366	DATA	Keypress: v
581.4560	DATA	Keypress: v
581.6582	DATA	Keypress: v held
581.6587	DATA	Keypress: v
582.4521	DATA	Keypress: v
582.6381	DATA	Keypress: v
582.6712	DATA	Keypress: v held
582.8067	DATA	Keypress: v
582.9757	DATA	Keypress: v
583.1447	DATA	Keypress: v
583.3132	DATA	Keypress: v
583.6843	DATA	Keypress: v held
585.0187	DATA	Keypress: v
585.0519	DATA	Keypress: v held
585.1877	DATA	Keypress: v
585.3240	DATA	Keypress: v
585.5084	DATA	Keypress: v
585.6601	DATA	Keypress: v
585.7954	DATA	Keypress: v
585.9474	DATA	Keypress: v
586.0648	DATA	Keypress: v held
586.0822	DATA	Keypress: v
586.2173	DATA	Keypress: v
586.3523	DATA	Keypress: v
586.4875	DATA	Keypress: v
586.5893	DATA	Keypress: v
586.7240	DATA	Keypress: v
587.0451	DATA	Keypress: v
587.0779	DATA	Keypress: v held
587.0779	DATA	earn v
587.9226	DATA	Keypress: v
588.0747	DATA	Keypress: v
588.4243	DATA	Keypress: v
588.4248	DATA	Keypress: v
588.7501	DATA	Keypress: v
589.4249	DATA	Keypress: v held
589.8641	DATA	Keypress: v
590.0500	DATA	Keypress: v
590.2529	DATA	Keypress: v
590.4379	DATA	Keypress: v held
590.4894	DATA	Keypress: v
590.7253	DATA	Keypress: v
590.9283	DATA	Keypress: v
591.1811	DATA	Keypress: v
591.3837	DATA	Keypress: v
591.4510	DATA	Keypress: v held
591.5866	DATA	Keypress: v
591.7895	DATA	Keypress: v
591.9916	DATA	Keypress: v
592.1773	DATA	Keypress: v
592.3474	DATA	Keypress: v
592.4640	DATA	Keypress: v held
592.5324	DATA	Keypress: v
592.7176	DATA	Keypress: v
592.9034	DATA	Keypress: v
593.0891	DATA	Keypress: v
593.2751	DATA	Keypress: v
593.4609	DATA	Keypress: v
593.4938	DATA	Keypress: v held
593.6635	DATA	Keypress: v
593.8661	DATA	Keypress: v
594.0346	DATA	Keypress: v
594.2374	DATA	Keypress: v
594.4229	DATA	Keypress: v
594.5070	DATA	Keypress: v held
594.6086	DATA	Keypress: v
594.7945	DATA	Keypress: v
595.0142	DATA	Keypress: v
595.2504	DATA	Keypress: v
595.4360	DATA	Keypress: v
595.5200	DATA	Keypress: v held
595.6049	DATA	Keypress: v
595.8244	DATA	Keypress: v
596.0102	DATA	Keypress: v
596.2126	DATA	Keypress: v
596.4321	DATA	Keypress: v
596.5500	DATA	Keypress: v held
596.6519	DATA	Keypress: v
596.8546	DATA	Keypress: v
597.0234	DATA	Keypress: v
597.1923	DATA	Keypress: v
597.4283	DATA	Keypress: v
597.5630	DATA	Keypress: v held
597.5974	DATA	Keypress: v
597.9348	DATA	Keypress: v
598.1881	DATA	Keypress: v
598.3063	DATA	Keypress: v
598.5761	DATA	Keypress: v held
599.0829	DATA	Keypress: t
599.4039	DATA	Keypress: t
599.5890	DATA	Keypress: t held
599.5890	DATA	earn t
599.6902	DATA	Keypress: t
600.0961	DATA	Keypress: t
600.4004	DATA	Keypress: t
601.0923	DATA	Keypress: t
601.3119	DATA	Keypress: t
601.7004	DATA	Keypress: t
601.9029	DATA	Keypress: t
601.9698	DATA	Keypress: t held
602.1052	DATA	Keypress: t
602.3755	DATA	Keypress: t
602.6287	DATA	Keypress: t
602.8649	DATA	Keypress: t
602.9828	DATA	Keypress: t held
603.0513	DATA	Keypress: t
603.7939	DATA	Keypress: t
603.9958	DATA	Keypress: t held
604.0132	DATA	Keypress: t
604.2326	DATA	Keypress: t
604.4183	DATA	Keypress: t
604.6212	DATA	Keypress: t
604.8743	DATA	Keypress: t
605.0089	DATA	Keypress: t held
605.5334	DATA	Keypress: t
606.0220	DATA	Keypress: t held
606.3768	DATA	Keypress: t
607.0350	DATA	Keypress: t held
607.0866	DATA	Keypress: t
607.2887	DATA	Keypress: t
607.4911	DATA	Keypress: t
607.7108	DATA	Keypress: t
608.3547	DATA	start rating L
608.3626	DATA	Keypress: t
608.5622	DATA	Keypress: t
613.2911	DATA	Keypress: return
613.3229	DATA	RatingScale rateL_scale: (key response) rating=2
613.3230	DATA	RatingScale rateL_scale: rating RT=4.968
613.3234	DATA	2.0
613.3234	DATA	end rating L
613.3300	DATA	start rating R
614.3056	DATA	Keypress: v
614.6429	DATA	Keypress: v
615.1513	DATA	Keypress: v
615.9572	DATA	Keypress: return
615.9576	DATA	RatingScale rateR_scale: (key response) rating=7
615.9577	DATA	RatingScale rateR_scale: rating RT=2.628
615.9581	DATA	7.0
615.9590	DATA	end rating R
