26.2898	DATA	version A
31.5564	DATA	Mouse: Left button up, pos=(582,905)
41.2520	DATA	Mouse: Left button up, pos=(234,913)
43.6922	DATA	Mouse: Left button up, pos=(236,913)
124.4850	DATA	Keypress: space
128.3621	DATA	Keypress: v
128.3787	DATA	Keypress:v held
129.9834	DATA	Keypress: v
129.9998	DATA	Keypress:v held
131.7714	DATA	Keypress: v
131.7878	DATA	Keypress:v held
132.3736	DATA	Keypress: v
132.7907	DATA	Keypress:v held
133.0421	DATA	Keypress: v
133.7935	DATA	Keypress:v held
133.8272	DATA	Keypress: v
134.7965	DATA	Keypress:v held
134.8969	DATA	Keypress: v
135.7993	DATA	Keypress:v held
136.5683	DATA	Keypress: t
136.8020	DATA	Keypress:t held
137.3198	DATA	Keypress: t
137.8050	DATA	Keypress:t held
138.1565	DATA	Keypress: t
138.8070	DATA	Keypress:t held
138.9751	DATA	Keypress: t
139.8100	DATA	Keypress:t held
140.0948	DATA	Keypress: t
140.7964	DATA	Keypress: t
140.8131	DATA	Keypress:t held
140.8131	DATA	earn t
146.9300	DATA	Keypress: v
146.9461	DATA	Keypress:v held
148.8181	DATA	Keypress: v
148.8346	DATA	Keypress:v held
149.8384	DATA	Keypress: v
149.8549	DATA	Keypress:v held
151.1252	DATA	Keypress: t
151.1417	DATA	Keypress:t held
151.1417	DATA	earn t
154.6349	DATA	Keypress: t
154.6515	DATA	Keypress:t held
155.4540	DATA	Keypress: t
155.6536	DATA	Keypress:t held
155.6536	DATA	earn t
158.4954	DATA	Keypress: t
158.5118	DATA	Keypress:t held
159.3479	DATA	Keypress: t
159.5140	DATA	Keypress:t held
160.1998	DATA	Keypress: t
160.5171	DATA	Keypress:t held
160.5171	DATA	earn t
163.0579	DATA	Keypress: t
163.0744	DATA	Keypress:t held
163.0744	DATA	earn t
165.3472	DATA	Keypress: t
165.3638	DATA	Keypress:t held
167.2358	DATA	Keypress: t
167.2519	DATA	Keypress:t held
168.1048	DATA	Keypress: t
168.2545	DATA	Keypress:t held
169.2247	DATA	Keypress: t
169.2576	DATA	Keypress:t held
171.2636	DATA	Keypress: t
171.2801	DATA	Keypress:t held
173.3356	DATA	Keypress: v
173.3521	DATA	Keypress:v held
173.3521	DATA	earn v
175.7094	DATA	Keypress: v
175.7250	DATA	Keypress:v held
176.4108	DATA	Keypress: v
176.7283	DATA	Keypress:v held
178.3158	DATA	Keypress: v
178.3323	DATA	Keypress:v held
179.5697	DATA	Keypress: v
179.5862	DATA	Keypress:v held
182.2602	DATA	Keypress: t
182.2766	DATA	Keypress:t held
182.9287	DATA	Keypress: t
183.2795	DATA	Keypress:t held
183.6475	DATA	Keypress: t
184.2823	DATA	Keypress:t held
184.7347	DATA	start rating L
184.9904	DATA	Keypress: t
196.4063	DATA	Keypress: v
196.6386	DATA	Keypress: v
196.8061	DATA	Keypress: v
197.1234	DATA	Keypress: t
197.3068	DATA	Keypress: t
197.4742	DATA	Keypress: t
197.6589	DATA	Keypress: t
197.8426	DATA	Keypress: t
198.1592	DATA	Keypress: v
198.3263	DATA	Keypress: v
198.5107	DATA	Keypress: v
198.6953	DATA	Keypress: v
198.8781	DATA	Keypress: v
199.0955	DATA	Keypress: v
199.3629	DATA	Keypress: t
199.5630	DATA	Keypress: t
199.7640	DATA	Keypress: t
200.0489	DATA	Keypress: t
200.9006	DATA	Keypress: v
204.4428	DATA	Keypress: v
204.6102	DATA	Keypress: v
204.8452	DATA	Keypress: v
207.4863	DATA	Keypress: t
209.7243	DATA	Keypress: v
213.7685	DATA	Keypress: t
214.6051	DATA	Keypress: t
216.8115	DATA	Keypress: return
216.8118	DATA	RatingScale rateL_scale: (key response) rating=5
216.8118	DATA	RatingScale rateL_scale: rating RT=32.077
216.8122	DATA	5.0
216.8122	DATA	end rating L
216.8917	DATA	start rating R
222.1092	DATA	Keypress: t
222.4260	DATA	Keypress: t
223.4120	DATA	Keypress: t
230.9993	DATA	Keypress: return
230.9996	DATA	RatingScale rateR_scale: (key response) rating=1
230.9996	DATA	RatingScale rateR_scale: rating RT=14.108
231.0000	DATA	1.0
231.0009	DATA	end rating R
232.0633	DATA	Keypress: t
232.0799	DATA	Keypress:t held
232.6152	DATA	Keypress: t
233.0829	DATA	Keypress:t held
233.2667	DATA	Keypress: t
234.0852	DATA	Keypress:t held
234.2698	DATA	Keypress: v
235.0054	DATA	Keypress: v
235.0887	DATA	Keypress:v held
235.5901	DATA	Keypress: v
236.0909	DATA	Keypress:v held
236.2253	DATA	Keypress: v
237.0943	DATA	Keypress:v held
237.3443	DATA	Keypress: t
238.0803	DATA	Keypress: t
238.0967	DATA	Keypress:t held
238.8152	DATA	Keypress: t
239.0993	DATA	Keypress:t held
239.5170	DATA	Keypress: t
240.1021	DATA	Keypress:t held
240.2861	DATA	Keypress: t
240.9882	DATA	Keypress: t
241.1048	DATA	Keypress:t held
241.8072	DATA	Keypress: t
242.1071	DATA	Keypress:t held
242.8095	DATA	Keypress: v
243.1100	DATA	Keypress:v held
243.4781	DATA	Keypress: v
244.1130	DATA	Keypress:v held
244.1132	DATA	Keypress: v
244.7816	DATA	Keypress: v
245.1159	DATA	Keypress:v held
245.1159	DATA	earn v
247.0050	DATA	Keypress: v
247.1881	DATA	Keypress:v held
247.6392	DATA	Keypress: v
248.1906	DATA	Keypress:v held
248.2415	DATA	Keypress: v
248.8931	DATA	Keypress: v
249.1933	DATA	Keypress:v held
249.5278	DATA	Keypress: v
250.1964	DATA	Keypress:v held
250.1964	DATA	earn v
250.3975	DATA	Keypress: v
253.0548	DATA	Keypress: v
253.0714	DATA	Keypress:v held
253.6231	DATA	Keypress: v
254.0735	DATA	Keypress:v held
254.1740	DATA	Keypress: v
254.8093	DATA	Keypress: v
255.0772	DATA	Keypress:v held
255.4448	DATA	Keypress: v
256.0789	DATA	Keypress:v held
256.0791	DATA	Keypress: v
256.7981	DATA	Keypress: v
257.0815	DATA	Keypress:v held
257.3831	DATA	Keypress: v
258.0842	DATA	Keypress:v held
258.1011	DATA	Keypress: v
258.9372	DATA	Keypress: t
259.0873	DATA	Keypress:t held
259.0873	DATA	earn t
261.0773	DATA	Keypress: t
261.1762	DATA	Keypress:t held
261.6612	DATA	Keypress: t
262.1794	DATA	Keypress:t held
262.3294	DATA	Keypress: t
262.9820	DATA	Keypress: t
263.1824	DATA	Keypress:t held
263.7670	DATA	Keypress: t
264.1845	DATA	Keypress:t held
264.7702	DATA	Keypress: t
265.1874	DATA	Keypress:t held
265.5053	DATA	Keypress: t
266.1571	DATA	Keypress: t
266.1900	DATA	Keypress:t held
266.8594	DATA	Keypress: t
267.1929	DATA	Keypress:t held
267.7945	DATA	Keypress: v
268.1960	DATA	Keypress:v held
268.4133	DATA	Keypress: v
269.0478	DATA	Keypress: v
269.1985	DATA	Keypress:v held
269.7172	DATA	Keypress: v
270.2010	DATA	Keypress:v held
270.3190	DATA	Keypress: v
271.0541	DATA	Keypress: v
271.2042	DATA	Keypress:v held
271.2042	DATA	earn v
273.9282	DATA	Keypress: t
273.9447	DATA	Keypress:t held
273.9447	DATA	earn t
275.7333	DATA	Keypress: v
276.0345	DATA	Keypress:v held
276.2512	DATA	Keypress: v
276.8197	DATA	Keypress: v
277.0369	DATA	Keypress:v held
277.4212	DATA	Keypress: v
278.0396	DATA	Keypress:v held
278.5240	DATA	Keypress: t
279.0421	DATA	Keypress:t held
279.0927	DATA	Keypress: t
279.6772	DATA	Keypress: t
280.0449	DATA	Keypress:t held
280.3132	DATA	Keypress: t
281.0479	DATA	Keypress:t held
281.5156	DATA	Keypress: v
282.0002	DATA	Keypress: v
282.0507	DATA	Keypress:v held
282.5016	DATA	Keypress: v
283.0371	DATA	Keypress: v
283.0536	DATA	Keypress:v held
283.6890	DATA	Keypress: v
284.0561	DATA	Keypress:v held
285.1094	DATA	Keypress: t
285.1259	DATA	Keypress:t held
285.1259	DATA	earn t
286.9647	DATA	Keypress: t
287.2151	DATA	Keypress:t held
287.2151	DATA	earn t
287.4652	DATA	Keypress: t
289.6217	DATA	Keypress: t
289.6382	DATA	Keypress:t held
290.4069	DATA	Keypress: t
290.6408	DATA	Keypress:t held
291.2868	DATA	start rating L
291.2984	DATA	Keypress: t
309.5821	DATA	Keypress: v
318.5902	DATA	Keypress: t
336.8568	DATA	Keypress: v
345.8649	DATA	Keypress: return
345.8651	DATA	RatingScale rateL_scale: (key response) rating=4
345.8652	DATA	RatingScale rateL_scale: rating RT=54.578
345.8655	DATA	4.0
345.8655	DATA	end rating L
345.9422	DATA	start rating R
348.7397	DATA	Keypress: return
348.7399	DATA	RatingScale rateR_scale: (key response) rating=4
348.7400	DATA	RatingScale rateR_scale: rating RT=2.798
348.7403	DATA	4.0
348.7410	DATA	end rating R
350.9404	DATA	Keypress: t
350.9566	DATA	Keypress:t held
350.9566	DATA	earn t
352.8454	DATA	Keypress: t
353.0784	DATA	Keypress:t held
353.0785	DATA	earn t
353.2799	DATA	Keypress: t
354.9168	DATA	Keypress: t
355.2016	DATA	Keypress:t held
355.4523	DATA	Keypress: t
356.0534	DATA	Keypress: t
356.2043	DATA	Keypress:t held
356.7895	DATA	Keypress: t
357.2065	DATA	Keypress:t held
358.0426	DATA	Keypress: v
358.2096	DATA	Keypress:v held
358.4774	DATA	Keypress: v
358.9449	DATA	Keypress: v
359.2116	DATA	Keypress:v held
359.3961	DATA	Keypress: v
359.9311	DATA	Keypress: v
360.2154	DATA	Keypress:v held
360.2154	DATA	earn v
361.9871	DATA	Keypress: v
362.3371	DATA	Keypress:v held
362.3712	DATA	Keypress: v
362.9556	DATA	Keypress: v
363.3399	DATA	Keypress:v held
363.4740	DATA	Keypress: v
364.0761	DATA	Keypress: v
364.3432	DATA	Keypress:v held
364.8106	DATA	Keypress: v
365.3460	DATA	Keypress:v held
365.7970	DATA	Keypress: t
366.3316	DATA	Keypress: t
366.3481	DATA	Keypress:t held
366.3482	DATA	earn t
368.3540	DATA	Keypress: t
368.4875	DATA	Keypress:t held
368.8385	DATA	Keypress: t
369.4908	DATA	Keypress:t held
369.8586	DATA	Keypress: t
370.4932	DATA	Keypress:t held
370.5775	DATA	Keypress: v
371.1286	DATA	Keypress: v
371.4960	DATA	Keypress:v held
371.6805	DATA	Keypress: v
372.3485	DATA	Keypress: v
372.4985	DATA	Keypress:v held
372.9504	DATA	Keypress: v
373.5011	DATA	Keypress:v held
373.5011	DATA	earn v
373.7529	DATA	Keypress: t
375.2736	DATA	Keypress: t
375.6741	DATA	Keypress:t held
375.6909	DATA	Keypress: t
376.1255	DATA	Keypress: t
376.6106	DATA	Keypress: t
376.6771	DATA	Keypress:t held
377.1116	DATA	Keypress: t
377.6798	DATA	Keypress:t held
377.6798	DATA	earn t
377.7498	DATA	Keypress: t
379.7856	DATA	Keypress: t
379.8189	DATA	Keypress:t held
380.3035	DATA	Keypress: t
380.8219	DATA	Keypress:t held
380.9887	DATA	Keypress: t
381.5744	DATA	Keypress: t
381.8245	DATA	Keypress:t held
383.1951	DATA	Keypress: v
383.2115	DATA	Keypress:v held
383.2116	DATA	earn v
385.8351	DATA	Keypress: t
385.8520	DATA	Keypress:t held
386.4205	DATA	Keypress: t
386.8552	DATA	Keypress:t held
387.7573	DATA	Keypress: v
387.8575	DATA	Keypress:v held
388.2258	DATA	Keypress: v
388.7096	DATA	Keypress: v
388.8600	DATA	Keypress:v held
390.0635	DATA	Keypress: t
390.0801	DATA	Keypress:t held
390.5652	DATA	Keypress: t
391.0827	DATA	Keypress:t held
391.0829	DATA	Keypress: t
392.0858	DATA	Keypress:t held
392.4207	DATA	Keypress: v
392.9884	DATA	Keypress: v
393.0890	DATA	Keypress:v held
393.5230	DATA	Keypress: v
394.0911	DATA	Keypress:v held
394.0912	DATA	earn v
394.1772	DATA	Keypress: v
395.9968	DATA	Keypress: v
396.2300	DATA	Keypress:v held
396.4314	DATA	Keypress: v
397.0834	DATA	Keypress: v
397.2337	DATA	Keypress:v held
397.8185	DATA	Keypress: v
398.2359	DATA	Keypress:v held
399.0220	DATA	Keypress: t
399.2382	DATA	Keypress:t held
399.5564	DATA	Keypress: t
400.2413	DATA	Keypress:t held
400.2747	DATA	Keypress: t
400.9102	DATA	Keypress: t
401.2438	DATA	Keypress:t held
401.6289	DATA	Keypress: t
402.2470	DATA	Keypress:t held
402.4473	DATA	Keypress: t
403.2493	DATA	Keypress:t held
403.3000	DATA	Keypress: v
403.8344	DATA	Keypress: v
404.2524	DATA	Keypress:v held
404.3697	DATA	Keypress: v
405.0543	DATA	Keypress: v
405.2546	DATA	Keypress:v held
405.8908	DATA	Keypress: t
406.2575	DATA	Keypress:t held
406.4085	DATA	Keypress: t
406.9102	DATA	Keypress: t
407.2606	DATA	Keypress:t held
407.4283	DATA	Keypress: t
408.1137	DATA	Keypress: t
408.2637	DATA	Keypress:t held
409.0729	DATA	start rating L
409.0845	DATA	Keypress: v
416.5419	DATA	Keypress: t
421.0382	DATA	Keypress: v
422.4086	DATA	Keypress: t
423.0442	DATA	Keypress: t
424.9333	DATA	Keypress: return
424.9483	DATA	RatingScale rateL_scale: (key response) rating=3
424.9483	DATA	RatingScale rateL_scale: rating RT=15.875
424.9486	DATA	3.0
424.9486	DATA	end rating L
425.0264	DATA	start rating R
427.4556	DATA	Keypress: v
428.7757	DATA	Keypress: return
428.7760	DATA	RatingScale rateR_scale: (key response) rating=5
428.7760	DATA	RatingScale rateR_scale: rating RT=3.749
428.7763	DATA	5.0
428.7770	DATA	end rating R
431.1763	DATA	Keypress: t
431.1929	DATA	Keypress:t held
431.8454	DATA	Keypress: t
432.1960	DATA	Keypress:t held
432.4305	DATA	Keypress: t
433.1981	DATA	Keypress:t held
433.1982	DATA	earn t
433.3662	DATA	Keypress: v
435.4045	DATA	Keypress: v
435.4211	DATA	Keypress:v held
436.0402	DATA	Keypress: v
436.4236	DATA	Keypress:v held
436.6244	DATA	Keypress: v
437.2768	DATA	Keypress: v
437.4272	DATA	Keypress:v held
438.3795	DATA	Keypress: t
438.4299	DATA	Keypress:t held
438.9474	DATA	Keypress: t
439.4325	DATA	Keypress:t held
439.4325	DATA	earn t
439.4993	DATA	Keypress: t
441.2209	DATA	Keypress: v
441.6550	DATA	Keypress:v held
441.7718	DATA	Keypress: v
442.2734	DATA	Keypress: v
442.6576	DATA	Keypress:v held
443.3932	DATA	Keypress: v
443.6607	DATA	Keypress:v held
444.4795	DATA	Keypress: t
444.6628	DATA	Keypress:t held
444.9979	DATA	Keypress: t
445.5330	DATA	Keypress: t
445.6664	DATA	Keypress:t held
446.1512	DATA	Keypress: t
446.6687	DATA	Keypress:t held
446.7694	DATA	Keypress: t
447.6719	DATA	Keypress:t held
447.8220	DATA	Keypress: v
448.3736	DATA	Keypress: v
448.6742	DATA	Keypress:v held
448.9246	DATA	Keypress: v
449.4601	DATA	Keypress: v
449.6770	DATA	Keypress:v held
450.0278	DATA	Keypress: v
450.6796	DATA	Keypress:v held
450.9306	DATA	Keypress: v
451.6822	DATA	Keypress:v held
451.8998	DATA	Keypress: t
452.4688	DATA	Keypress: t
452.6853	DATA	Keypress:t held
452.9861	DATA	Keypress: t
453.6219	DATA	Keypress: t
453.6876	DATA	Keypress:t held
454.2734	DATA	Keypress: t
454.6911	DATA	Keypress:t held
454.6912	DATA	earn t
454.9249	DATA	Keypress: v
456.3797	DATA	Keypress: v
456.8636	DATA	Keypress:v held
456.9301	DATA	Keypress: v
457.3816	DATA	Keypress: v
457.8663	DATA	Keypress:v held
457.8836	DATA	Keypress: v
458.4678	DATA	Keypress: v
458.8691	DATA	Keypress:v held
458.8691	DATA	earn v
459.0701	DATA	Keypress: v
460.7579	DATA	Keypress: t
461.0584	DATA	Keypress:t held
461.3093	DATA	Keypress: t
461.8110	DATA	Keypress: t
462.0614	DATA	Keypress:t held
462.3124	DATA	Keypress: t
462.8970	DATA	Keypress: t
463.0639	DATA	Keypress:t held
463.5486	DATA	Keypress: t
464.0666	DATA	Keypress:t held
464.0667	DATA	earn t
464.3008	DATA	Keypress: v
465.8882	DATA	Keypress: v
466.2558	DATA	Keypress:v held
466.4396	DATA	Keypress: v
466.9910	DATA	Keypress: v
467.2586	DATA	Keypress:v held
467.6095	DATA	Keypress: v
468.1945	DATA	Keypress: v
468.2613	DATA	Keypress:v held
468.8470	DATA	Keypress: v
469.2642	DATA	Keypress:v held
470.2501	DATA	Keypress: v
470.2666	DATA	Keypress:v held
471.0859	DATA	Keypress: t
471.2701	DATA	Keypress:t held
471.7213	DATA	Keypress: t
472.2724	DATA	Keypress:t held
472.3065	DATA	Keypress: t
472.9079	DATA	Keypress: t
473.2755	DATA	Keypress:t held
473.4763	DATA	Keypress: t
474.0610	DATA	Keypress: t
474.2780	DATA	Keypress:t held
474.6790	DATA	Keypress: t
475.2803	DATA	Keypress:t held
475.2803	DATA	earn t
475.4311	DATA	Keypress: v
477.0860	DATA	Keypress: v
477.4698	DATA	Keypress:v held
477.8211	DATA	Keypress: v
478.4057	DATA	Keypress: v
478.4730	DATA	Keypress:v held
479.1079	DATA	Keypress: v
479.4754	DATA	Keypress:v held
479.6595	DATA	Keypress: v
480.2449	DATA	Keypress: v
480.4784	DATA	Keypress:v held
481.4813	DATA	Keypress: t
481.4974	DATA	Keypress:t held
482.0660	DATA	Keypress: t
482.5005	DATA	Keypress:t held
482.5510	DATA	Keypress: t
483.1361	DATA	Keypress: t
483.5027	DATA	Keypress:t held
483.7041	DATA	Keypress: t
484.2219	DATA	Keypress: t
484.5061	DATA	Keypress:t held
484.7564	DATA	Keypress: t
485.3921	DATA	Keypress: t
485.5081	DATA	Keypress:t held
486.3284	DATA	Keypress: v
486.5119	DATA	Keypress:v held
486.9132	DATA	Keypress: v
487.4479	DATA	Keypress: v
487.5137	DATA	Keypress:v held
488.0664	DATA	Keypress: v
488.5002	DATA	Keypress: v
488.5166	DATA	Keypress:v held
489.2085	DATA	start rating L
489.2201	DATA	Keypress: v
494.2881	DATA	Keypress: v
496.5967	DATA	Keypress: return
496.6115	DATA	RatingScale rateL_scale: (key response) rating=6
496.6116	DATA	RatingScale rateL_scale: rating RT=7.403
496.6119	DATA	6.0
496.6119	DATA	end rating L
496.6889	DATA	start rating R
497.6150	DATA	Keypress: t
498.0823	DATA	Keypress: t
500.2384	DATA	Keypress: return
500.2386	DATA	RatingScale rateR_scale: (key response) rating=2
500.2386	DATA	RatingScale rateR_scale: rating RT=3.550
500.2389	DATA	2.0
500.2396	DATA	end rating R
502.2550	DATA	Keypress: v
502.2714	DATA	Keypress:v held
502.7065	DATA	Keypress: v
503.2081	DATA	Keypress: v
503.2737	DATA	Keypress:v held
503.6759	DATA	Keypress: v
504.1932	DATA	Keypress: v
504.2773	DATA	Keypress:v held
505.3463	DATA	Keypress: t
505.3636	DATA	Keypress:t held
505.8486	DATA	Keypress: t
506.3325	DATA	Keypress: t
506.3658	DATA	Keypress:t held
506.7507	DATA	Keypress: t
507.2182	DATA	Keypress: t
507.3691	DATA	Keypress:t held
507.7698	DATA	Keypress: t
508.3715	DATA	Keypress:t held
509.5415	DATA	Keypress: v
509.5580	DATA	Keypress:v held
510.0765	DATA	Keypress: v
510.5609	DATA	Keypress:v held
510.5610	DATA	earn v
510.6347	DATA	Keypress: v
513.1851	DATA	Keypress: t
513.2017	DATA	Keypress:t held
513.6365	DATA	Keypress: t
514.1209	DATA	Keypress: t
514.2039	DATA	Keypress:t held
514.5723	DATA	Keypress: t
515.2067	DATA	Keypress:t held
515.4571	DATA	Keypress: v
515.9759	DATA	Keypress: v
516.2099	DATA	Keypress:v held
516.2100	DATA	earn v
516.4937	DATA	Keypress: v
518.1485	DATA	Keypress: t
518.4159	DATA	Keypress:t held
518.6667	DATA	Keypress: t
519.1175	DATA	Keypress: t
519.4179	DATA	Keypress:t held
519.5862	DATA	Keypress: t
520.1873	DATA	Keypress: v
520.4210	DATA	Keypress:v held
520.4210	DATA	earn v
522.8614	DATA	Keypress: v
522.8778	DATA	Keypress:v held
522.8779	DATA	earn v
524.7998	DATA	Keypress: v
525.1000	DATA	Keypress:v held
525.8533	DATA	Keypress: v
526.1039	DATA	Keypress:v held
526.7722	DATA	Keypress: v
527.1065	DATA	Keypress:v held
527.5575	DATA	Keypress: t
528.0756	DATA	Keypress: t
528.1084	DATA	Keypress:t held
528.5768	DATA	Keypress: t
529.1115	DATA	Keypress:t held
529.6798	DATA	Keypress: v
530.1138	DATA	Keypress:v held
530.1643	DATA	Keypress: v
530.7495	DATA	Keypress: v
531.1171	DATA	Keypress:v held
531.2513	DATA	Keypress: v
531.8865	DATA	Keypress: v
532.1197	DATA	Keypress:v held
532.6386	DATA	Keypress: v
533.1222	DATA	Keypress:v held
533.6238	DATA	Keypress: t
534.1091	DATA	Keypress: t
534.1251	DATA	Keypress:t held
534.1251	DATA	earn t
536.1141	DATA	Keypress: t
536.3484	DATA	Keypress:t held
536.6331	DATA	Keypress: t
537.0844	DATA	Keypress: t
537.3509	DATA	Keypress:t held
538.0531	DATA	Keypress: v
538.3538	DATA	Keypress:v held
538.6375	DATA	Keypress: v
539.1396	DATA	Keypress: v
539.3564	DATA	Keypress:v held
539.7574	DATA	Keypress: v
540.3586	DATA	Keypress:v held
540.7438	DATA	Keypress: t
541.2122	DATA	Keypress: t
541.3618	DATA	Keypress:t held
541.7136	DATA	Keypress: t
542.2147	DATA	Keypress: t
542.3643	DATA	Keypress:t held
543.2846	DATA	Keypress: v
543.3678	DATA	Keypress:v held
543.8694	DATA	Keypress: v
544.3366	DATA	Keypress: v
544.3701	DATA	Keypress:v held
545.0556	DATA	Keypress: v
545.3727	DATA	Keypress:v held
545.5236	DATA	Keypress: v
546.3757	DATA	Keypress:v held
546.4593	DATA	Keypress: t
547.0277	DATA	Keypress: t
547.3784	DATA	Keypress:t held
547.4957	DATA	Keypress: t
548.0637	DATA	Keypress: t
548.3812	DATA	Keypress:t held
548.4147	DATA	Keypress: t
549.2676	DATA	Keypress: v
549.3835	DATA	Keypress:v held
549.8186	DATA	Keypress: v
550.3861	DATA	Keypress:v held
550.5706	DATA	Keypress: v
551.0717	DATA	Keypress: v
551.3891	DATA	Keypress:v held
551.9585	DATA	Keypress: v
552.3920	DATA	Keypress:v held
553.2442	DATA	Keypress: t
553.3948	DATA	Keypress:t held
553.7461	DATA	Keypress: t
554.3315	DATA	Keypress: t
554.3973	DATA	Keypress:t held
554.8658	DATA	Keypress: t
555.3841	DATA	Keypress: t
555.4006	DATA	Keypress:t held
556.3368	DATA	Keypress: v
556.4035	DATA	Keypress:v held
556.4035	DATA	earn v
558.3252	DATA	Keypress: t
558.6257	DATA	Keypress:t held
558.8603	DATA	Keypress: t
559.3615	DATA	Keypress: t
559.6290	DATA	Keypress:t held
560.2133	DATA	Keypress: v
560.6884	DATA	start rating L
560.7191	DATA	Keypress: v
564.2985	DATA	Keypress: v
565.9186	DATA	Keypress: return
565.9188	DATA	RatingScale rateL_scale: (key response) rating=6
565.9189	DATA	RatingScale rateL_scale: rating RT=5.230
565.9192	DATA	6.0
565.9192	DATA	end rating L
565.9968	DATA	start rating R
567.0054	DATA	Keypress: t
567.6403	DATA	Keypress: t
572.8044	DATA	Keypress: v
573.4899	DATA	Keypress: v
574.0740	DATA	Keypress: v
574.7598	DATA	Keypress: v
575.6281	DATA	Keypress: return
575.6284	DATA	RatingScale rateR_scale: (key response) rating=6
575.6284	DATA	RatingScale rateR_scale: rating RT=9.632
575.6287	DATA	6.0
575.6295	DATA	end rating R
579.1163	DATA	Keypress: v
579.1318	DATA	Keypress:v held
579.5504	DATA	Keypress: v
580.1184	DATA	Keypress: v
580.1349	DATA	Keypress:v held
581.2883	DATA	Keypress: t
581.3047	DATA	Keypress:t held
581.7558	DATA	Keypress: t
582.1744	DATA	Keypress: t
582.3078	DATA	Keypress:t held
582.5752	DATA	Keypress: t
583.3106	DATA	Keypress:t held
583.7287	DATA	Keypress: v
584.2132	DATA	Keypress: v
584.3135	DATA	Keypress:v held
584.6145	DATA	Keypress: v
585.0825	DATA	Keypress: v
585.3159	DATA	Keypress:v held
585.5160	DATA	Keypress: v
586.0513	DATA	Keypress: v
586.3190	DATA	Keypress:v held
587.0715	DATA	Keypress: t
587.3210	DATA	Keypress:t held
587.5393	DATA	Keypress: t
587.9571	DATA	Keypress: t
588.3239	DATA	Keypress:t held
588.4246	DATA	Keypress: t
588.8590	DATA	Keypress: t
589.2931	DATA	Keypress: t
589.3270	DATA	Keypress:t held
589.3270	DATA	earn t
591.2487	DATA	Keypress: v
591.5832	DATA	Keypress:v held
591.5835	DATA	Keypress: v
592.0182	DATA	Keypress: v
592.5362	DATA	Keypress: v
592.5856	DATA	Keypress:v held
593.0874	DATA	Keypress: v
593.5887	DATA	Keypress:v held
593.9730	DATA	Keypress: v
594.4412	DATA	Keypress: v
594.5908	DATA	Keypress:v held
595.5435	DATA	Keypress: t
595.5939	DATA	Keypress:t held
595.5939	DATA	earn t
597.8004	DATA	Keypress: v
597.8499	DATA	Keypress:v held
598.2518	DATA	Keypress: v
598.7031	DATA	Keypress: v
598.8532	DATA	Keypress:v held
599.1043	DATA	Keypress: v
599.8560	DATA	Keypress:v held
600.2566	DATA	Keypress: t
600.6412	DATA	Keypress: t
600.8584	DATA	Keypress:t held
601.0096	DATA	Keypress: t
601.4433	DATA	Keypress: t
601.8610	DATA	Keypress:t held
601.8782	DATA	Keypress: t
602.8305	DATA	Keypress: v
602.8637	DATA	Keypress:v held
602.8637	DATA	earn v
605.3542	DATA	Keypress: t
605.3708	DATA	Keypress:t held
605.3708	DATA	earn t
607.5273	DATA	Keypress: v
607.6270	DATA	Keypress:v held
607.6270	DATA	earn v
609.3485	DATA	Keypress: t
609.9336	DATA	Keypress:t held
609.9337	DATA	earn t
610.0011	DATA	Keypress: t
611.7223	DATA	Keypress: v
612.1565	DATA	Keypress: v
612.2058	DATA	Keypress:v held
612.6581	DATA	Keypress: v
613.2090	DATA	Keypress:v held
613.2433	DATA	Keypress: v
613.9445	DATA	Keypress: t
614.2119	DATA	Keypress:t held
614.4961	DATA	Keypress: t
614.9476	DATA	Keypress: t
615.2146	DATA	Keypress:t held
615.2146	DATA	earn t
615.3823	DATA	Keypress: t
617.0200	DATA	Keypress: v
617.4380	DATA	Keypress: v
617.4872	DATA	Keypress:v held
617.8552	DATA	Keypress: v
618.3397	DATA	Keypress: v
618.4904	DATA	Keypress:v held
618.8753	DATA	Keypress: v
619.4927	DATA	Keypress:v held
619.8279	DATA	Keypress: t
620.2450	DATA	Keypress: t
620.4956	DATA	Keypress:t held
620.6632	DATA	Keypress: t
621.1313	DATA	Keypress: t
621.4982	DATA	Keypress:t held
621.5322	DATA	Keypress: t
622.3182	DATA	Keypress: v
622.5012	DATA	Keypress:v held
622.8026	DATA	Keypress: v
623.1861	DATA	Keypress: v
623.5040	DATA	Keypress:v held
623.6540	DATA	Keypress: v
624.5064	DATA	Keypress:v held
624.5231	DATA	Keypress: t
624.9581	DATA	Keypress: t
625.3754	DATA	Keypress: t
625.5089	DATA	Keypress:t held
625.8101	DATA	Keypress: t
626.5123	DATA	Keypress:t held
626.6633	DATA	Keypress: v
627.0971	DATA	Keypress: v
627.4820	DATA	Keypress: v
627.5149	DATA	Keypress:v held
628.0001	DATA	Keypress: v
628.3513	DATA	Keypress: v
628.5179	DATA	Keypress:v held
629.3033	DATA	Keypress: t
629.5203	DATA	Keypress:t held
629.7382	DATA	Keypress: t
630.1226	DATA	Keypress: t
630.5232	DATA	Keypress:t held
630.6907	DATA	Keypress: t
631.0250	DATA	Keypress: t
631.5264	DATA	Keypress:t held
631.9111	DATA	Keypress: v
632.3787	DATA	Keypress: v
632.5288	DATA	Keypress:v held
632.8302	DATA	Keypress: v
633.2810	DATA	Keypress: v
633.5315	DATA	Keypress:v held
633.6484	DATA	Keypress: v
634.0832	DATA	Keypress: v
634.5339	DATA	Keypress:v held
634.5340	DATA	earn v
636.2628	DATA	start rating L
636.2743	DATA	Keypress: t
639.7378	DATA	Keypress: v
641.4428	DATA	Keypress: return
641.4430	DATA	RatingScale rateL_scale: (key response) rating=4
641.4431	DATA	RatingScale rateL_scale: rating RT=5.180
641.4434	DATA	4.0
641.4434	DATA	end rating L
641.5202	DATA	start rating R
642.9300	DATA	Keypress: return
642.9302	DATA	RatingScale rateR_scale: (key response) rating=4
642.9303	DATA	RatingScale rateR_scale: rating RT=1.410
642.9306	DATA	4.0
642.9313	DATA	end rating R
