30.5365	DATA	version A
105.2875	DATA	Keypress: lcommand
138.5999	DATA	Keypress: space
144.5600	DATA	Keypress: t
144.5931	DATA	Keypress:t held
144.9990	DATA	Keypress: t
145.4885	DATA	Keypress: t
145.6061	DATA	Keypress:t held
145.6062	DATA	earn t
145.9452	DATA	Keypress: t
147.2953	DATA	Keypress: t
147.6661	DATA	Keypress:t held
147.7173	DATA	Keypress: t
148.1732	DATA	Keypress: t
148.5786	DATA	Keypress: t
148.6791	DATA	Keypress:t held
149.0677	DATA	Keypress: t
149.5070	DATA	Keypress: t
149.6920	DATA	Keypress:t held
149.9628	DATA	Keypress: t
150.4016	DATA	Keypress: t
150.7051	DATA	Keypress:t held
150.8071	DATA	Keypress: t
151.2629	DATA	Keypress: t
151.7182	DATA	Keypress:t held
151.7182	DATA	earn t
152.4281	DATA	Keypress: v
152.7995	DATA	Keypress: v
153.2213	DATA	Keypress: v
153.7780	DATA	Keypress:v held
153.8125	DATA	Keypress: v
154.2852	DATA	Keypress: v
154.7242	DATA	Keypress: v
154.7911	DATA	Keypress:v held
155.1801	DATA	Keypress: v
155.5685	DATA	Keypress: v
155.8042	DATA	Keypress:v held
155.8042	DATA	earn v
155.9739	DATA	Keypress: v
156.4129	DATA	Keypress: v
156.9024	DATA	Keypress: v
157.8641	DATA	Keypress:v held
157.9153	DATA	Keypress: t
158.3206	DATA	Keypress: t
158.6752	DATA	Keypress: t
158.8769	DATA	Keypress:t held
159.0973	DATA	Keypress: t
159.4684	DATA	Keypress: t
159.8740	DATA	Keypress: t
159.9069	DATA	Keypress:t held
160.2960	DATA	Keypress: t
160.6842	DATA	Keypress: t
160.9199	DATA	Keypress:t held
161.1232	DATA	Keypress: t
161.5961	DATA	Keypress: t
161.9330	DATA	Keypress:t held
162.5582	DATA	Keypress: v
162.9130	DATA	Keypress: v
162.9461	DATA	Keypress:v held
163.2676	DATA	Keypress: v
163.6728	DATA	Keypress: v
163.9591	DATA	Keypress:v held
163.9592	DATA	earn v
164.0783	DATA	Keypress: v
164.5341	DATA	Keypress: v
164.9394	DATA	Keypress: v
165.3449	DATA	Keypress: v
165.7663	DATA	Keypress: v
166.0359	DATA	Keypress:v held
166.2223	DATA	Keypress: v
167.0490	DATA	Keypress:v held
167.0497	DATA	Keypress: t
167.4041	DATA	Keypress: t
167.7589	DATA	Keypress: t
168.0620	DATA	Keypress:t held
168.1133	DATA	Keypress: t
168.4848	DATA	Keypress: t
168.8732	DATA	Keypress: t
169.0751	DATA	Keypress:t held
169.2784	DATA	Keypress: t
169.6667	DATA	Keypress: t
170.0733	DATA	Keypress: t
170.1051	DATA	Keypress:t held
170.4940	DATA	Keypress: t
171.1181	DATA	Keypress:t held
171.3046	DATA	Keypress: v
171.6423	DATA	Keypress: v
171.9799	DATA	Keypress: v
172.1481	DATA	Keypress:v held
172.3695	DATA	Keypress: v
172.7564	DATA	Keypress: v
173.1277	DATA	Keypress: v
173.1613	DATA	Keypress:v held
173.4995	DATA	Keypress: v
173.8878	DATA	Keypress: v
174.1742	DATA	Keypress:v held
174.2760	DATA	Keypress: v
174.6817	DATA	Keypress: v
175.1542	DATA	Keypress: v
175.1873	DATA	Keypress:v held
175.5257	DATA	Keypress: v
175.8815	DATA	Keypress: v
176.2003	DATA	Keypress:v held
176.2683	DATA	Keypress: v
176.6570	DATA	Keypress: v
177.0620	DATA	Keypress: v
177.2134	DATA	Keypress:v held
177.4674	DATA	Keypress: v
177.8568	DATA	Keypress: v
178.2264	DATA	Keypress:v held
178.2609	DATA	Keypress: v
178.6999	DATA	Keypress: v
179.2395	DATA	Keypress:v held
179.4090	DATA	Keypress: t
179.7805	DATA	Keypress: t
180.1013	DATA	Keypress: t
180.2526	DATA	Keypress:t held
180.4726	DATA	Keypress: t
180.8611	DATA	Keypress: t
181.2329	DATA	Keypress: t
181.2657	DATA	Keypress:t held
181.6207	DATA	Keypress: t
182.0092	DATA	Keypress: t
182.2787	DATA	Keypress:t held
182.3976	DATA	Keypress: t
182.7691	DATA	Keypress: t
183.2755	DATA	Keypress: t
183.3087	DATA	Keypress:t held
183.6471	DATA	Keypress: t
184.0014	DATA	Keypress: t
184.3215	DATA	Keypress:t held
184.3897	DATA	Keypress: t
184.7948	DATA	Keypress: t
185.1664	DATA	Keypress: t
185.3346	DATA	Keypress:t held
185.6055	DATA	Keypress: t
185.9767	DATA	Keypress: t
186.3477	DATA	Keypress:t held
186.3820	DATA	Keypress: t
186.7874	DATA	Keypress: t
187.2265	DATA	Keypress: t
187.3607	DATA	Keypress:t held
187.5640	DATA	Keypress: t
187.9523	DATA	Keypress: t
188.3407	DATA	Keypress: t
188.3738	DATA	Keypress:t held
188.7628	DATA	Keypress: t
189.1510	DATA	Keypress: t
189.3868	DATA	Keypress:t held
189.3869	DATA	earn t
189.5565	DATA	Keypress: t
189.9788	DATA	Keypress: t
190.3839	DATA	Keypress: t
190.8059	DATA	Keypress: t
191.2279	DATA	Keypress: t
191.4805	DATA	Keypress:t held
191.6163	DATA	Keypress: t
191.9878	DATA	Keypress: t
192.3930	DATA	Keypress: t
192.4936	DATA	Keypress:t held
192.7983	DATA	Keypress: t
193.2034	DATA	Keypress: t
193.5066	DATA	Keypress:t held
193.5580	DATA	Keypress: t
193.9631	DATA	Keypress: t
194.3682	DATA	Keypress: t
194.5195	DATA	Keypress:t held
194.7903	DATA	Keypress: t
195.5164	DATA	Keypress: v
195.5495	DATA	Keypress:v held
195.5496	DATA	earn v
195.8725	DATA	Keypress: v
196.2763	DATA	Keypress: v
196.6647	DATA	Keypress: v
197.0360	DATA	Keypress: v
197.4411	DATA	Keypress: v
197.6262	DATA	Keypress:v held
197.8296	DATA	Keypress: v
198.2010	DATA	Keypress: v
198.5725	DATA	Keypress: v
198.9555	DATA	start rating L
198.9790	DATA	Keypress: v
228.6029	DATA	Keypress: t
237.7205	DATA	Keypress: t
243.4269	DATA	Keypress: v
244.8446	DATA	Keypress: t
245.0819	DATA	Keypress: t
245.3180	DATA	Keypress: t
246.1286	DATA	Keypress: v
246.3295	DATA	Keypress: v
246.5000	DATA	Keypress: v
246.7028	DATA	Keypress: v
246.8716	DATA	Keypress: v
247.1420	DATA	Keypress: v
247.9196	DATA	Keypress: t
248.1887	DATA	Keypress: t
248.3918	DATA	Keypress: t
248.6273	DATA	Keypress: t
249.1354	DATA	Keypress: t
254.5027	DATA	Keypress: t
254.9081	DATA	Keypress: v
255.1447	DATA	Keypress: v
257.4734	DATA	Keypress: t
258.3867	DATA	Keypress: v
258.5901	DATA	Keypress: v
258.8256	DATA	Keypress: v
260.3116	DATA	Keypress: t
264.7692	DATA	Keypress: t
267.0985	DATA	Keypress: t
271.0490	DATA	Keypress: return
271.0493	DATA	RatingScale rateL_scale: (key response) rating=2
271.0494	DATA	RatingScale rateL_scale: rating RT=72.094
271.0500	DATA	2.0
271.0500	DATA	end rating L
271.1593	DATA	start rating R
273.4643	DATA	Keypress: t
275.4230	DATA	Keypress: return
275.4233	DATA	RatingScale rateR_scale: (key response) rating=3
275.4234	DATA	RatingScale rateR_scale: rating RT=4.264
275.4240	DATA	3.0
275.4253	DATA	end rating R
282.8581	DATA	Keypress: t
282.8912	DATA	Keypress:t held
283.1789	DATA	Keypress: t
283.4491	DATA	Keypress: t
283.7361	DATA	Keypress: t
283.9041	DATA	Keypress:t held
283.9041	DATA	earn t
284.0399	DATA	Keypress: t
284.3440	DATA	Keypress: t
284.6480	DATA	Keypress: t
285.0076	DATA	Keypress: t
285.2047	DATA	Keypress: t
285.4919	DATA	Keypress: t
285.8464	DATA	Keypress: t
286.0146	DATA	Keypress:t held
286.1166	DATA	Keypress: t
286.3698	DATA	Keypress: t
286.6738	DATA	Keypress: t
286.9441	DATA	Keypress: t
287.0277	DATA	Keypress:t held
287.2156	DATA	Keypress: t
287.4841	DATA	Keypress: t
287.7543	DATA	Keypress: t
288.0246	DATA	Keypress: t
288.0577	DATA	Keypress:t held
288.3114	DATA	Keypress: t
288.5816	DATA	Keypress: t
288.8519	DATA	Keypress: t
289.0707	DATA	Keypress:t held
289.1052	DATA	Keypress: t
289.3920	DATA	Keypress: t
289.6622	DATA	Keypress: t
289.9156	DATA	Keypress: t
290.0838	DATA	Keypress:t held
290.1688	DATA	Keypress: t
290.4233	DATA	Keypress: t
290.7261	DATA	Keypress: t
291.0131	DATA	Keypress: t
291.0968	DATA	Keypress:t held
291.2832	DATA	Keypress: t
291.5364	DATA	Keypress: t
291.8074	DATA	Keypress: t
292.0937	DATA	Keypress: t
292.1267	DATA	Keypress:t held
292.3638	DATA	Keypress: t
292.6508	DATA	Keypress: t
292.9041	DATA	Keypress: t
293.1399	DATA	Keypress:t held
293.1741	DATA	Keypress: t
293.4276	DATA	Keypress: t
293.7146	DATA	Keypress: t
293.9847	DATA	Keypress: t
294.1529	DATA	Keypress:t held
294.2380	DATA	Keypress: t
294.5251	DATA	Keypress: t
294.7952	DATA	Keypress: t
295.0485	DATA	Keypress: t
295.1660	DATA	Keypress:t held
295.3187	DATA	Keypress: t
295.5717	DATA	Keypress: t
295.8252	DATA	Keypress: t
296.1291	DATA	Keypress: t
296.1791	DATA	Keypress:t held
296.4161	DATA	Keypress: t
297.1921	DATA	Keypress:t held
297.3954	DATA	Keypress: v
297.6318	DATA	Keypress: v
297.8681	DATA	Keypress: v
298.1383	DATA	Keypress: v
298.2052	DATA	Keypress:v held
298.3747	DATA	Keypress: v
298.6280	DATA	Keypress: v
298.8981	DATA	Keypress: v
299.1350	DATA	Keypress: v
299.2182	DATA	Keypress:v held
299.4047	DATA	Keypress: v
299.6748	DATA	Keypress: v
299.9281	DATA	Keypress: v
300.1811	DATA	Keypress: v
300.2313	DATA	Keypress:v held
300.4177	DATA	Keypress: v
300.6712	DATA	Keypress: v
300.9580	DATA	Keypress: v
301.2112	DATA	Keypress: v
301.2444	DATA	Keypress:v held
301.2444	DATA	earn v
301.4479	DATA	Keypress: v
301.7011	DATA	Keypress: v
301.9713	DATA	Keypress: v
302.2244	DATA	Keypress: v
302.5115	DATA	Keypress: v
302.7815	DATA	Keypress: v
303.0516	DATA	Keypress: v
303.3050	DATA	Keypress: v
303.3549	DATA	Keypress:v held
303.3549	DATA	earn v
303.5598	DATA	Keypress: v
303.8450	DATA	Keypress: v
304.0816	DATA	Keypress: v
304.3349	DATA	Keypress: v
304.5879	DATA	Keypress: v
304.8749	DATA	Keypress: v
305.2296	DATA	Keypress: v
305.4660	DATA	Keypress: v
305.4991	DATA	Keypress:v held
305.7194	DATA	Keypress: v
305.9894	DATA	Keypress: v
306.2597	DATA	Keypress: v
306.5121	DATA	Keypress:v held
306.5122	DATA	earn v
306.6146	DATA	Keypress: v
306.7829	DATA	Keypress: v
307.0702	DATA	Keypress: v
307.3235	DATA	Keypress: v
307.6229	DATA	Keypress: v
307.9648	DATA	Keypress: v
308.2348	DATA	Keypress: v
308.4715	DATA	Keypress: v
308.6226	DATA	Keypress:v held
308.7428	DATA	Keypress: v
309.0117	DATA	Keypress: v
309.2649	DATA	Keypress: v
309.5350	DATA	Keypress: v
309.6358	DATA	Keypress:v held
309.7883	DATA	Keypress: v
310.0586	DATA	Keypress: v
310.3287	DATA	Keypress: v
310.6326	DATA	Keypress: v
310.6657	DATA	Keypress:v held
310.8871	DATA	Keypress: v
311.1392	DATA	Keypress: v
311.4093	DATA	Keypress: v
311.6788	DATA	Keypress:v held
311.6788	DATA	earn v
311.6795	DATA	Keypress: v
311.9497	DATA	Keypress: v
312.2030	DATA	Keypress: v
312.4563	DATA	Keypress: v
312.7990	DATA	Keypress: v
312.9963	DATA	Keypress: v
313.8062	DATA	Keypress:v held
314.2122	DATA	Keypress: t
314.4821	DATA	Keypress: t
314.7188	DATA	Keypress: t
314.8190	DATA	Keypress:t held
314.9884	DATA	Keypress: t
315.2418	DATA	Keypress: t
315.5121	DATA	Keypress: t
315.7822	DATA	Keypress: t
315.8321	DATA	Keypress:t held
316.0185	DATA	Keypress: t
316.2719	DATA	Keypress: t
316.5252	DATA	Keypress: t
316.8120	DATA	Keypress: t
316.8452	DATA	Keypress:t held
317.0484	DATA	Keypress: t
317.3016	DATA	Keypress: t
317.5551	DATA	Keypress: t
317.8082	DATA	Keypress: t
317.8582	DATA	Keypress:t held
318.0629	DATA	Keypress: t
318.3317	DATA	Keypress: t
318.5848	DATA	Keypress: t
318.8383	DATA	Keypress: t
318.8713	DATA	Keypress:t held
319.0913	DATA	Keypress: t
319.3616	DATA	Keypress: t
319.6318	DATA	Keypress: t
319.8680	DATA	Keypress: t
319.8844	DATA	Keypress:t held
320.1214	DATA	Keypress: t
320.3747	DATA	Keypress: t
320.6280	DATA	Keypress: t
320.8812	DATA	Keypress: t
320.9143	DATA	Keypress:t held
321.1345	DATA	Keypress: t
321.4215	DATA	Keypress: t
321.6748	DATA	Keypress: t
321.9112	DATA	Keypress: t
321.9443	DATA	Keypress:t held
322.1814	DATA	Keypress: t
322.4346	DATA	Keypress: t
322.6876	DATA	Keypress: t
322.9240	DATA	Keypress: t
322.9573	DATA	Keypress:t held
323.1776	DATA	Keypress: t
323.4477	DATA	Keypress: t
323.6838	DATA	Keypress: t
323.9540	DATA	Keypress: t
323.9871	DATA	Keypress:t held
324.2073	DATA	Keypress: t
324.4787	DATA	Keypress: t
324.7473	DATA	Keypress: t
324.9839	DATA	Keypress: t
325.0171	DATA	Keypress:t held
325.2540	DATA	Keypress: t
325.4905	DATA	Keypress: t
325.7606	DATA	Keypress: t
325.9970	DATA	Keypress: t
326.0301	DATA	Keypress:t held
326.2335	DATA	Keypress: t
326.5034	DATA	Keypress: t
326.7750	DATA	Keypress: t
327.0432	DATA	Keypress:t held
327.9906	DATA	Keypress: v
328.0562	DATA	Keypress:v held
328.2258	DATA	Keypress: v
328.4626	DATA	Keypress: v
328.7323	DATA	Keypress: v
328.9686	DATA	Keypress: v
329.0693	DATA	Keypress:v held
329.2231	DATA	Keypress: v
329.4751	DATA	Keypress: v
329.7285	DATA	Keypress: v
329.9648	DATA	Keypress: v
330.0824	DATA	Keypress:v held
330.2012	DATA	Keypress: v
330.4546	DATA	Keypress: v
330.7077	DATA	Keypress: v
330.9442	DATA	Keypress: v
331.0954	DATA	Keypress:v held
331.1976	DATA	Keypress: v
331.4338	DATA	Keypress: v
331.6706	DATA	Keypress: v
331.9235	DATA	Keypress: v
332.1085	DATA	Keypress:v held
332.1767	DATA	Keypress: v
332.4130	DATA	Keypress: v
332.6661	DATA	Keypress: v
332.9195	DATA	Keypress: v
333.1216	DATA	Keypress:v held
333.1559	DATA	Keypress: v
333.3756	DATA	Keypress: v
333.6457	DATA	Keypress: v
333.8987	DATA	Keypress: v
334.1345	DATA	Keypress:v held
334.1521	DATA	Keypress: v
334.3884	DATA	Keypress: v
334.6245	DATA	Keypress: v
334.8779	DATA	Keypress: v
335.1313	DATA	Keypress: v
335.1644	DATA	Keypress:v held
335.3845	DATA	Keypress: v
335.7942	DATA	start rating L
335.8027	DATA	Keypress: v
335.9016	DATA	Keypress: v
336.1719	DATA	Keypress: v
340.7982	DATA	Keypress: t
341.1359	DATA	Keypress: t
341.3724	DATA	Keypress: t
341.5754	DATA	Keypress: t
341.8110	DATA	Keypress: t
349.5443	DATA	Keypress: t
351.2649	DATA	Keypress: v
355.4551	DATA	Keypress: return
355.4555	DATA	RatingScale rateL_scale: (key response) rating=2
355.4556	DATA	RatingScale rateL_scale: rating RT=19.661
355.4563	DATA	2.0
355.4563	DATA	end rating L
355.5654	DATA	start rating R
363.4062	DATA	Keypress: t
367.4910	DATA	Keypress: return
367.4913	DATA	RatingScale rateR_scale: (key response) rating=3
367.4914	DATA	RatingScale rateR_scale: rating RT=11.926
367.4919	DATA	3.0
367.4929	DATA	end rating R
369.7438	DATA	Keypress: t
369.7602	DATA	Keypress:t held
369.9464	DATA	Keypress: t
370.1829	DATA	Keypress: t
370.4191	DATA	Keypress: t
370.6726	DATA	Keypress: t
370.7732	DATA	Keypress:t held
370.9261	DATA	Keypress: t
371.1961	DATA	Keypress: t
371.4325	DATA	Keypress: t
371.7025	DATA	Keypress: t
371.7863	DATA	Keypress:t held
371.9727	DATA	Keypress: t
372.2259	DATA	Keypress: t
372.4624	DATA	Keypress: t
372.6986	DATA	Keypress: t
372.7993	DATA	Keypress:t held
372.9689	DATA	Keypress: t
373.2066	DATA	Keypress: t
373.4755	DATA	Keypress: t
373.7288	DATA	Keypress: t
373.8123	DATA	Keypress:t held
373.9662	DATA	Keypress: t
374.2014	DATA	Keypress: t
374.4376	DATA	Keypress: t
374.7078	DATA	Keypress: t
374.8253	DATA	Keypress:t held
374.9441	DATA	Keypress: t
375.1806	DATA	Keypress: t
375.4338	DATA	Keypress: t
375.6869	DATA	Keypress: t
375.8384	DATA	Keypress:t held
375.8384	DATA	earn t
375.9370	DATA	Keypress: t
376.1769	DATA	Keypress: t
376.4139	DATA	Keypress: t
376.6665	DATA	Keypress: t
377.0329	DATA	Keypress: t
377.1741	DATA	Keypress: t
377.4261	DATA	Keypress: t
377.6792	DATA	Keypress: t
377.9158	DATA	Keypress: t
378.0334	DATA	Keypress:t held
378.1523	DATA	Keypress: t
378.4055	DATA	Keypress: t
378.6419	DATA	Keypress: t
378.8783	DATA	Keypress: t
379.0464	DATA	Keypress:t held
379.1315	DATA	Keypress: t
379.3847	DATA	Keypress: t
379.6718	DATA	Keypress: t
379.9249	DATA	Keypress: t
380.0595	DATA	Keypress:t held
380.1614	DATA	Keypress: t
380.4147	DATA	Keypress: t
380.6679	DATA	Keypress: t
380.9211	DATA	Keypress: t
381.0725	DATA	Keypress:t held
381.1747	DATA	Keypress: t
381.4278	DATA	Keypress: t
381.6979	DATA	Keypress: t
381.9679	DATA	Keypress: t
382.0856	DATA	Keypress:t held
382.6771	DATA	Keypress: v
382.8798	DATA	Keypress: v
383.0986	DATA	Keypress:v held
383.1161	DATA	Keypress: v
383.3526	DATA	Keypress: v
383.5889	DATA	Keypress: v
383.8421	DATA	Keypress: v
384.0786	DATA	Keypress: v
384.1115	DATA	Keypress:v held
384.1115	DATA	earn v
384.3319	DATA	Keypress: v
384.5683	DATA	Keypress: v
384.8218	DATA	Keypress: v
385.0916	DATA	Keypress: v
385.3110	DATA	Keypress: v
385.5812	DATA	Keypress: v
385.8175	DATA	Keypress: v
386.0707	DATA	Keypress: v
386.2728	DATA	Keypress:v held
386.3239	DATA	Keypress: v
386.5603	DATA	Keypress: v
386.7967	DATA	Keypress: v
387.0501	DATA	Keypress: v
387.2859	DATA	Keypress:v held
387.3034	DATA	Keypress: v
387.5579	DATA	Keypress: v
387.7930	DATA	Keypress: v
388.0463	DATA	Keypress: v
388.2827	DATA	Keypress: v
388.3158	DATA	Keypress:v held
388.5191	DATA	Keypress: v
388.7385	DATA	Keypress: v
388.9918	DATA	Keypress: v
389.2620	DATA	Keypress: v
389.3288	DATA	Keypress:v held
389.5152	DATA	Keypress: v
389.7854	DATA	Keypress: v
390.0555	DATA	Keypress: v
390.3102	DATA	Keypress: v
390.3419	DATA	Keypress:v held
390.3420	DATA	earn v
390.5623	DATA	Keypress: v
390.8155	DATA	Keypress: v
391.0688	DATA	Keypress: v
391.3220	DATA	Keypress: v
391.5749	DATA	Keypress: v
391.8453	DATA	Keypress: v
392.0983	DATA	Keypress: v
392.3687	DATA	Keypress: v
392.5199	DATA	Keypress:v held
392.6390	DATA	Keypress: v
392.8921	DATA	Keypress: v
393.1285	DATA	Keypress: v
393.3819	DATA	Keypress: v
393.5330	DATA	Keypress:v held
393.6517	DATA	Keypress: v
393.9050	DATA	Keypress: v
394.1581	DATA	Keypress: v
394.4115	DATA	Keypress: v
394.5459	DATA	Keypress:v held
394.6648	DATA	Keypress: v
394.9349	DATA	Keypress: v
395.5590	DATA	Keypress:v held
395.5590	DATA	earn v
395.6655	DATA	Keypress: t
395.9144	DATA	Keypress: t
396.1506	DATA	Keypress: t
396.4208	DATA	Keypress: t
396.7277	DATA	Keypress: t
396.9105	DATA	Keypress: t
397.1468	DATA	Keypress: t
397.4002	DATA	Keypress: t
397.6535	DATA	Keypress: t
397.7371	DATA	Keypress:t held
397.9235	DATA	Keypress: t
398.1936	DATA	Keypress: t
398.4469	DATA	Keypress: t
398.6831	DATA	Keypress: t
398.7502	DATA	Keypress:t held
398.9365	DATA	Keypress: t
399.1896	DATA	Keypress: t
399.4431	DATA	Keypress: t
399.6795	DATA	Keypress: t
399.7632	DATA	Keypress:t held
399.9327	DATA	Keypress: t
400.1859	DATA	Keypress: t
400.4392	DATA	Keypress: t
400.7092	DATA	Keypress: t
400.7763	DATA	Keypress:t held
400.9796	DATA	Keypress: t
401.2327	DATA	Keypress: t
401.4861	DATA	Keypress: t
401.7393	DATA	Keypress: t
401.7893	DATA	Keypress:t held
402.0095	DATA	Keypress: t
402.2460	DATA	Keypress: t
402.5159	DATA	Keypress: t
402.7862	DATA	Keypress: t
402.8193	DATA	Keypress:t held
402.8193	DATA	earn t
403.0230	DATA	Keypress: t
403.2929	DATA	Keypress: t
403.5461	DATA	Keypress: t
403.7825	DATA	Keypress: t
404.0355	DATA	Keypress: t
404.2887	DATA	Keypress: t
404.5417	DATA	Keypress: t
404.8290	DATA	Keypress: t
405.0141	DATA	Keypress:t held
405.0822	DATA	Keypress: t
405.3524	DATA	Keypress: t
405.6228	DATA	Keypress: t
405.8927	DATA	Keypress: t
406.0271	DATA	Keypress:t held
406.1123	DATA	Keypress: t
406.3496	DATA	Keypress: t
406.6017	DATA	Keypress: t
406.8551	DATA	Keypress: t
407.0402	DATA	Keypress:t held
407.1251	DATA	Keypress: t
407.3785	DATA	Keypress: t
407.6487	DATA	Keypress: t
407.9019	DATA	Keypress: t
408.0533	DATA	Keypress:t held
408.1722	DATA	Keypress: t
408.7967	DATA	Keypress: v
409.0501	DATA	Keypress: v
409.0832	DATA	Keypress:v held
409.2866	DATA	Keypress: v
409.5567	DATA	Keypress: v
409.7929	DATA	Keypress: v
410.0294	DATA	Keypress: v
410.0963	DATA	Keypress:v held
410.0963	DATA	earn v
410.2828	DATA	Keypress: v
410.5530	DATA	Keypress: v
410.8233	DATA	Keypress: v
411.0595	DATA	Keypress: v
411.3296	DATA	Keypress: v
411.6000	DATA	Keypress: v
411.8525	DATA	Keypress: v
412.1060	DATA	Keypress: v
412.2743	DATA	Keypress:v held
412.3593	DATA	Keypress: v
412.6128	DATA	Keypress: v
412.8491	DATA	Keypress: v
413.1023	DATA	Keypress: v
413.2874	DATA	Keypress:v held
413.2875	DATA	earn v
413.4167	DATA	Keypress: v
413.5922	DATA	Keypress: v
413.8792	DATA	Keypress: v
414.1158	DATA	Keypress: v
414.4595	DATA	Keypress: v
414.6058	DATA	Keypress: v
414.8753	DATA	Keypress: v
415.1117	DATA	Keypress: v
415.3648	DATA	Keypress: v
415.4655	DATA	Keypress:v held
415.6350	DATA	Keypress: v
415.8883	DATA	Keypress: v
416.1416	DATA	Keypress: v
416.4117	DATA	Keypress: v
416.4786	DATA	Keypress:v held
416.4786	DATA	earn v
416.6652	DATA	Keypress: v
416.9017	DATA	Keypress: v
417.1377	DATA	Keypress: v
417.3912	DATA	Keypress: v
417.6649	DATA	Keypress: v
417.8807	DATA	Keypress: v
418.1508	DATA	Keypress: v
418.3871	DATA	Keypress: v
418.6572	DATA	Keypress: v
418.6735	DATA	Keypress:v held
418.6736	DATA	earn v
419.0121	DATA	Keypress: v
419.2147	DATA	Keypress: v
419.4511	DATA	Keypress: v
419.8594	DATA	Keypress: v
419.9406	DATA	Keypress: v
420.1937	DATA	Keypress: v
420.4471	DATA	Keypress: v
420.7004	DATA	Keypress: v
420.8685	DATA	Keypress:v held
420.8686	DATA	earn v
420.9752	DATA	Keypress: v
421.2409	DATA	Keypress: v
422.1524	DATA	Keypress: t
422.4056	DATA	Keypress: t
422.6758	DATA	Keypress: t
422.9123	DATA	Keypress: t
423.0635	DATA	Keypress:t held
423.1499	DATA	Keypress: t
423.4188	DATA	Keypress: t
423.6551	DATA	Keypress: t
423.9083	DATA	Keypress: t
424.0764	DATA	Keypress:t held
424.1784	DATA	Keypress: t
424.4148	DATA	Keypress: t
425.0894	DATA	Keypress:t held
425.1914	DATA	Keypress: v
425.4276	DATA	Keypress: v
425.6810	DATA	Keypress: v
425.9343	DATA	Keypress: v
426.1025	DATA	Keypress:v held
426.1876	DATA	Keypress: v
426.4408	DATA	Keypress: v
426.6940	DATA	Keypress: v
426.9474	DATA	Keypress: v
427.1155	DATA	Keypress:v held
427.2176	DATA	Keypress: v
427.4539	DATA	Keypress: v
427.9756	DATA	start rating L
428.0554	DATA	Keypress: t
433.0871	DATA	Keypress: t
434.8767	DATA	Keypress: return
434.8770	DATA	RatingScale rateL_scale: (key response) rating=2
434.8771	DATA	RatingScale rateL_scale: rating RT=6.901
434.8776	DATA	2.0
434.8776	DATA	end rating L
434.9853	DATA	start rating R
438.3717	DATA	Keypress: return
438.3720	DATA	RatingScale rateR_scale: (key response) rating=4
438.3721	DATA	RatingScale rateR_scale: rating RT=3.387
438.3726	DATA	4.0
438.3736	DATA	end rating R
439.9145	DATA	Keypress: t
439.9475	DATA	Keypress:t held
439.9476	DATA	earn t
440.1511	DATA	Keypress: t
440.4043	DATA	Keypress: t
440.6575	DATA	Keypress: t
440.8941	DATA	Keypress: t
441.1693	DATA	Keypress: t
441.4001	DATA	Keypress: t
441.6373	DATA	Keypress: t
441.8732	DATA	Keypress: t
442.1260	DATA	Keypress: t
442.1763	DATA	Keypress:t held
442.4136	DATA	Keypress: t
442.6665	DATA	Keypress: t
442.9198	DATA	Keypress: t
443.1893	DATA	Keypress:t held
443.1901	DATA	Keypress: t
443.4262	DATA	Keypress: t
443.6964	DATA	Keypress: t
443.9497	DATA	Keypress: t
444.2022	DATA	Keypress:t held
444.2022	DATA	earn t
444.2029	DATA	Keypress: t
444.4392	DATA	Keypress: t
444.6759	DATA	Keypress: t
444.9629	DATA	Keypress: t
445.4236	DATA	Keypress: t
445.4524	DATA	Keypress: t
445.7223	DATA	Keypress: t
445.9757	DATA	Keypress: t
446.2133	DATA	Keypress: t
446.4309	DATA	Keypress:t held
446.4823	DATA	Keypress: t
446.7524	DATA	Keypress: t
447.0228	DATA	Keypress: t
447.2771	DATA	Keypress: t
447.4609	DATA	Keypress:t held
447.5460	DATA	Keypress: t
447.8330	DATA	Keypress: t
448.0693	DATA	Keypress: t
448.3394	DATA	Keypress: t
448.4738	DATA	Keypress:t held
448.5758	DATA	Keypress: t
448.8127	DATA	Keypress: t
449.0656	DATA	Keypress: t
449.3355	DATA	Keypress: t
449.4871	DATA	Keypress:t held
449.5734	DATA	Keypress: t
449.8423	DATA	Keypress: t
450.0955	DATA	Keypress: t
450.3334	DATA	Keypress: t
450.5001	DATA	Keypress:t held
450.5850	DATA	Keypress: t
450.8554	DATA	Keypress: t
451.1084	DATA	Keypress: t
451.3787	DATA	Keypress: t
451.5131	DATA	Keypress:t held
451.6150	DATA	Keypress: t
451.8688	DATA	Keypress: t
452.1726	DATA	Keypress: t
452.4256	DATA	Keypress: t
452.5262	DATA	Keypress:t held
453.2372	DATA	Keypress: v
453.5062	DATA	Keypress: v
453.5393	DATA	Keypress:v held
453.7257	DATA	Keypress: v
453.9956	DATA	Keypress: v
454.2321	DATA	Keypress: v
454.4684	DATA	Keypress: v
454.5523	DATA	Keypress:v held
454.7386	DATA	Keypress: v
454.9918	DATA	Keypress: v
455.2451	DATA	Keypress: v
455.4815	DATA	Keypress: v
455.5652	DATA	Keypress:v held
455.7685	DATA	Keypress: v
455.9892	DATA	Keypress: v
456.2244	DATA	Keypress: v
456.4777	DATA	Keypress: v
456.5783	DATA	Keypress:v held
456.7309	DATA	Keypress: v
457.0011	DATA	Keypress: v
457.2375	DATA	Keypress: v
457.4908	DATA	Keypress: v
457.5914	DATA	Keypress:v held
457.7439	DATA	Keypress: v
457.9973	DATA	Keypress: v
458.3180	DATA	Keypress: v
458.5375	DATA	Keypress: v
458.6044	DATA	Keypress:v held
458.7907	DATA	Keypress: v
459.0103	DATA	Keypress: v
459.2636	DATA	Keypress: v
459.5168	DATA	Keypress: v
459.6175	DATA	Keypress:v held
459.8047	DATA	Keypress: v
460.0572	DATA	Keypress: v
460.2766	DATA	Keypress: v
460.5128	DATA	Keypress: v
460.6305	DATA	Keypress:v held
460.8507	DATA	Keypress: v
461.1209	DATA	Keypress: v
461.3407	DATA	Keypress: v
461.5936	DATA	Keypress: v
461.6436	DATA	Keypress:v held
461.8468	DATA	Keypress: v
462.1171	DATA	Keypress: v
462.3703	DATA	Keypress: v
462.6236	DATA	Keypress: v
462.6567	DATA	Keypress:v held
462.8606	DATA	Keypress: v
463.1131	DATA	Keypress: v
463.4173	DATA	Keypress: v
463.6537	DATA	Keypress: v
463.6866	DATA	Keypress:v held
463.9066	DATA	Keypress: v
464.1430	DATA	Keypress: v
464.3965	DATA	Keypress: v
464.6495	DATA	Keypress: v
464.6995	DATA	Keypress:v held
464.9029	DATA	Keypress: v
465.1406	DATA	Keypress: v
465.4262	DATA	Keypress: v
465.6626	DATA	Keypress: v
465.7126	DATA	Keypress:v held
466.2534	DATA	Keypress: t
466.5407	DATA	Keypress: t
466.7255	DATA	Keypress:t held
466.7601	DATA	Keypress: t
467.0133	DATA	Keypress: t
467.2666	DATA	Keypress: t
467.5199	DATA	Keypress: t
467.7387	DATA	Keypress:t held
467.7388	DATA	earn t
467.7394	DATA	Keypress: t
467.9928	DATA	Keypress: t
468.2294	DATA	Keypress: t
468.5332	DATA	Keypress: t
468.9705	DATA	Keypress: t
469.0734	DATA	Keypress: t
469.2925	DATA	Keypress: t
469.5460	DATA	Keypress: t
469.7992	DATA	Keypress: t
469.9843	DATA	Keypress:t held
470.0356	DATA	Keypress: t
470.2720	DATA	Keypress: t
470.5253	DATA	Keypress: t
470.7954	DATA	Keypress: t
470.9974	DATA	Keypress:t held
471.0487	DATA	Keypress: t
471.3525	DATA	Keypress: t
471.5891	DATA	Keypress: t
471.8255	DATA	Keypress: t
472.0105	DATA	Keypress:t held
472.0955	DATA	Keypress: t
472.3488	DATA	Keypress: t
472.5850	DATA	Keypress: t
472.8383	DATA	Keypress: t
473.0235	DATA	Keypress:t held
473.1086	DATA	Keypress: t
473.3450	DATA	Keypress: t
473.5813	DATA	Keypress: t
473.8512	DATA	Keypress: t
474.0364	DATA	Keypress:t held
474.0876	DATA	Keypress: t
474.3240	DATA	Keypress: t
474.5606	DATA	Keypress: t
474.7971	DATA	Keypress: t
475.0495	DATA	Keypress:t held
475.0502	DATA	Keypress: t
475.3034	DATA	Keypress: t
475.5567	DATA	Keypress: t
475.8099	DATA	Keypress: t
476.0625	DATA	Keypress:t held
476.0626	DATA	earn t
476.1618	DATA	Keypress: t
476.3674	DATA	Keypress: t
476.5884	DATA	Keypress: t
476.8233	DATA	Keypress: t
477.0606	DATA	Keypress: t
477.3158	DATA	Keypress: t
477.5659	DATA	Keypress: t
477.8362	DATA	Keypress: t
478.0895	DATA	Keypress: t
478.3249	DATA	Keypress:t held
478.3594	DATA	Keypress: t
478.6127	DATA	Keypress: t
479.3381	DATA	Keypress:t held
479.4738	DATA	Keypress: v
479.6934	DATA	Keypress: v
479.9466	DATA	Keypress: v
480.1999	DATA	Keypress: v
480.3512	DATA	Keypress:v held
480.4530	DATA	Keypress: v
480.6896	DATA	Keypress: v
480.9428	DATA	Keypress: v
481.1957	DATA	Keypress: v
481.3642	DATA	Keypress:v held
481.3643	DATA	earn v
481.4691	DATA	Keypress: v
481.6692	DATA	Keypress: v
481.9393	DATA	Keypress: v
482.1924	DATA	Keypress: v
482.6046	DATA	Keypress: v
482.6819	DATA	Keypress: v
482.9351	DATA	Keypress: v
483.1885	DATA	Keypress: v
483.4418	DATA	Keypress: v
483.6099	DATA	Keypress:v held
483.6781	DATA	Keypress: v
483.9312	DATA	Keypress: v
484.1675	DATA	Keypress: v
484.4207	DATA	Keypress: v
484.6227	DATA	Keypress:v held
484.6228	DATA	earn v
484.7280	DATA	Keypress: v
484.9443	DATA	Keypress: v
485.1976	DATA	Keypress: v
485.4510	DATA	Keypress: v
485.8636	DATA	Keypress: v
485.9573	DATA	Keypress: v
486.2106	DATA	Keypress: v
486.4638	DATA	Keypress: v
486.7340	DATA	Keypress: v
486.8684	DATA	Keypress:v held
486.8684	DATA	earn v
487.0044	DATA	Keypress: v
487.2238	DATA	Keypress: v
487.4600	DATA	Keypress: v
487.7135	DATA	Keypress: v
488.1539	DATA	Keypress: v
488.2029	DATA	Keypress: v
488.4562	DATA	Keypress: v
488.6925	DATA	Keypress: v
488.9458	DATA	Keypress: v
489.1646	DATA	Keypress:v held
489.1991	DATA	Keypress: v
489.4522	DATA	Keypress: v
489.7056	DATA	Keypress: v
489.9589	DATA	Keypress: v
490.1776	DATA	Keypress:v held
490.2122	DATA	Keypress: v
490.4485	DATA	Keypress: v
490.6851	DATA	Keypress: v
490.9381	DATA	Keypress: v
491.1745	DATA	Keypress: v
491.2077	DATA	Keypress:v held
491.4280	DATA	Keypress: v
491.6811	DATA	Keypress: v
492.2208	DATA	Keypress:v held
492.2209	DATA	earn v
492.3568	DATA	Keypress: t
492.5759	DATA	Keypress: t
492.8801	DATA	Keypress: t
493.0993	DATA	Keypress: t
493.4933	DATA	Keypress: t
493.6226	DATA	Keypress: t
493.8929	DATA	Keypress: t
494.1461	DATA	Keypress: t
494.3993	DATA	Keypress: t
494.4998	DATA	Keypress:t held
494.6694	DATA	Keypress: t
495.2771	DATA	Keypress: v
495.5130	DATA	Keypress:v held
495.5474	DATA	Keypress: v
495.7669	DATA	Keypress: v
496.0203	DATA	Keypress: v
496.2903	DATA	Keypress: v
496.5098	DATA	Keypress: v
496.5430	DATA	Keypress:v held
496.7463	DATA	Keypress: v
497.0332	DATA	Keypress: v
497.2698	DATA	Keypress: v
497.5560	DATA	Keypress:v held
498.0125	DATA	Keypress: t
498.2827	DATA	Keypress: t
498.8689	DATA	start rating L
498.8776	DATA	Keypress: t
498.8784	DATA	Keypress: t
499.0201	DATA	Keypress: t
503.6116	DATA	Keypress: return
503.6120	DATA	RatingScale rateL_scale: (key response) rating=1
503.6120	DATA	RatingScale rateL_scale: rating RT=4.743
503.6125	DATA	1.0
503.6125	DATA	end rating L
503.7136	DATA	start rating R
507.4439	DATA	Keypress: t
508.5591	DATA	Keypress: return
508.5594	DATA	RatingScale rateR_scale: (key response) rating=3
508.5595	DATA	RatingScale rateR_scale: rating RT=4.846
508.5600	DATA	3.0
508.5611	DATA	end rating R
509.4937	DATA	Keypress: t
509.5775	DATA	Keypress:t held
509.7300	DATA	Keypress: t
509.9665	DATA	Keypress: t
510.2198	DATA	Keypress: t
510.4899	DATA	Keypress: t
510.5906	DATA	Keypress:t held
510.7432	DATA	Keypress: t
510.9965	DATA	Keypress: t
511.2665	DATA	Keypress: t
511.5199	DATA	Keypress: t
511.6036	DATA	Keypress:t held
511.7730	DATA	Keypress: t
512.0440	DATA	Keypress: t
512.2966	DATA	Keypress: t
512.5499	DATA	Keypress: t
512.6167	DATA	Keypress:t held
512.8044	DATA	Keypress: t
513.0733	DATA	Keypress: t
513.3434	DATA	Keypress: t
513.6136	DATA	Keypress: t
513.6467	DATA	Keypress:t held
513.8666	DATA	Keypress: t
514.1031	DATA	Keypress: t
514.3730	DATA	Keypress: t
514.6265	DATA	Keypress: t
514.6596	DATA	Keypress:t held
514.8628	DATA	Keypress: t
515.1334	DATA	Keypress: t
515.3862	DATA	Keypress: t
515.6395	DATA	Keypress: t
515.6725	DATA	Keypress:t held
515.9097	DATA	Keypress: t
516.1629	DATA	Keypress: t
516.3993	DATA	Keypress: t
516.6525	DATA	Keypress: t
516.6857	DATA	Keypress:t held
516.6857	DATA	earn t
516.9230	DATA	Keypress: t
517.1593	DATA	Keypress: t
517.3959	DATA	Keypress: t
517.6659	DATA	Keypress: t
517.9730	DATA	Keypress: t
518.1558	DATA	Keypress: t
518.4254	DATA	Keypress: t
518.6618	DATA	Keypress: t
518.9156	DATA	Keypress: t
518.9820	DATA	Keypress:t held
519.1684	DATA	Keypress: t
519.4383	DATA	Keypress: t
519.6918	DATA	Keypress: t
519.9280	DATA	Keypress: t
519.9950	DATA	Keypress:t held
520.1645	DATA	Keypress: t
520.4347	DATA	Keypress: t
520.6708	DATA	Keypress: t
520.9243	DATA	Keypress: t
521.0081	DATA	Keypress:t held
521.1776	DATA	Keypress: t
521.4310	DATA	Keypress: t
521.6841	DATA	Keypress: t
521.9374	DATA	Keypress: t
522.0211	DATA	Keypress:t held
522.5796	DATA	Keypress: v
522.7985	DATA	Keypress: v
523.0342	DATA	Keypress:v held
523.0349	DATA	Keypress: v
523.3050	DATA	Keypress: v
523.5414	DATA	Keypress: v
523.7959	DATA	Keypress: v
524.0471	DATA	Keypress:v held
524.0647	DATA	Keypress: v
524.2841	DATA	Keypress: v
524.5374	DATA	Keypress: v
524.7738	DATA	Keypress: v
525.0276	DATA	Keypress: v
525.0601	DATA	Keypress:v held
525.2803	DATA	Keypress: v
525.5334	DATA	Keypress: v
525.7698	DATA	Keypress: v
526.0232	DATA	Keypress: v
526.0732	DATA	Keypress:v held
526.2765	DATA	Keypress: v
526.5298	DATA	Keypress: v
526.7663	DATA	Keypress: v
527.0194	DATA	Keypress: v
527.0863	DATA	Keypress:v held
527.0864	DATA	earn v
527.2898	DATA	Keypress: v
527.5430	DATA	Keypress: v
527.7794	DATA	Keypress: v
528.0495	DATA	Keypress: v
528.4088	DATA	Keypress: v
528.5235	DATA	Keypress: v
528.7754	DATA	Keypress: v
529.0118	DATA	Keypress: v
529.2483	DATA	Keypress: v
529.4163	DATA	Keypress:v held
529.4164	DATA	earn v
529.5202	DATA	Keypress: v
529.7379	DATA	Keypress: v
529.9910	DATA	Keypress: v
530.2445	DATA	Keypress: v
530.7456	DATA	Keypress: v
530.7465	DATA	Keypress: v
530.9704	DATA	Keypress: v
531.2236	DATA	Keypress: v
531.4599	DATA	Keypress: v
531.7133	DATA	Keypress: v
531.7464	DATA	Keypress:v held
531.9499	DATA	Keypress: v
532.2029	DATA	Keypress: v
532.5235	DATA	Keypress: v
532.7432	DATA	Keypress: v
532.7763	DATA	Keypress:v held
532.9963	DATA	Keypress: v
533.2499	DATA	Keypress: v
533.4859	DATA	Keypress: v
533.7225	DATA	Keypress: v
533.7894	DATA	Keypress:v held
533.7894	DATA	earn v
533.9929	DATA	Keypress: v
534.2292	DATA	Keypress: v
534.4824	DATA	Keypress: v
534.7189	DATA	Keypress: v
535.8331	DATA	Keypress: t
536.0864	DATA	Keypress: t
536.1195	DATA	Keypress:t held
536.3395	DATA	Keypress: t
536.5929	DATA	Keypress: t
536.8629	DATA	Keypress: t
537.1163	DATA	Keypress: t
537.1494	DATA	Keypress:t held
537.3527	DATA	Keypress: t
537.5891	DATA	Keypress: t
537.8423	DATA	Keypress: t
538.0787	DATA	Keypress: t
538.1624	DATA	Keypress:t held
538.3488	DATA	Keypress: t
538.6022	DATA	Keypress: t
538.8555	DATA	Keypress: t
539.1088	DATA	Keypress: t
539.1755	DATA	Keypress:t held
539.3451	DATA	Keypress: t
539.5812	DATA	Keypress: t
539.8178	DATA	Keypress: t
540.0710	DATA	Keypress: t
540.1886	DATA	Keypress:t held
540.3243	DATA	Keypress: t
540.5605	DATA	Keypress: t
540.8140	DATA	Keypress: t
541.0517	DATA	Keypress: t
541.2016	DATA	Keypress:t held
541.2867	DATA	Keypress: t
541.5400	DATA	Keypress: t
541.7930	DATA	Keypress: t
542.0464	DATA	Keypress: t
542.2147	DATA	Keypress:t held
542.2996	DATA	Keypress: t
542.5530	DATA	Keypress: t
542.8063	DATA	Keypress: t
543.0427	DATA	Keypress: t
543.2278	DATA	Keypress:t held
543.2959	DATA	Keypress: t
543.5155	DATA	Keypress: t
543.7688	DATA	Keypress: t
544.0049	DATA	Keypress: t
544.2406	DATA	Keypress:t held
544.2582	DATA	Keypress: t
544.4946	DATA	Keypress: t
544.7477	DATA	Keypress: t
545.0012	DATA	Keypress: t
545.2375	DATA	Keypress: t
545.2706	DATA	Keypress:t held
545.4752	DATA	Keypress: t
545.7270	DATA	Keypress: t
545.9803	DATA	Keypress: t
546.2166	DATA	Keypress: t
546.2836	DATA	Keypress:t held
546.4532	DATA	Keypress: t
546.7064	DATA	Keypress: t
546.9597	DATA	Keypress: t
547.1960	DATA	Keypress: t
547.2967	DATA	Keypress:t held
547.4492	DATA	Keypress: t
547.7195	DATA	Keypress: t
547.9388	DATA	Keypress: t
548.3098	DATA	Keypress:t held
548.7156	DATA	Keypress: v
548.9690	DATA	Keypress: v
549.1883	DATA	Keypress: v
549.3398	DATA	Keypress:v held
549.4586	DATA	Keypress: v
549.6950	DATA	Keypress: v
549.9314	DATA	Keypress: v
550.1509	DATA	Keypress: v
550.3528	DATA	Keypress:v held
550.4211	DATA	Keypress: v
550.6743	DATA	Keypress: v
550.9107	DATA	Keypress: v
551.1640	DATA	Keypress: v
551.3659	DATA	Keypress:v held
551.4172	DATA	Keypress: v
551.6535	DATA	Keypress: v
551.8912	DATA	Keypress: v
552.1600	DATA	Keypress: v
552.3789	DATA	Keypress:v held
552.3967	DATA	Keypress: v
552.6498	DATA	Keypress: v
552.9030	DATA	Keypress: v
553.1237	DATA	Keypress: v
553.3757	DATA	Keypress: v
553.3920	DATA	Keypress:v held
553.6122	DATA	Keypress: v
553.8654	DATA	Keypress: v
554.1185	DATA	Keypress: v
554.3549	DATA	Keypress: v
554.4047	DATA	Keypress:v held
554.4048	DATA	earn v
554.6084	DATA	Keypress: v
554.8447	DATA	Keypress: v
555.0810	DATA	Keypress: v
555.3344	DATA	Keypress: v
555.7128	DATA	Keypress: v
555.8238	DATA	Keypress: v
556.0770	DATA	Keypress: v
556.3304	DATA	Keypress: v
556.5667	DATA	Keypress: v
556.7180	DATA	Keypress:v held
556.7181	DATA	earn v
556.8252	DATA	Keypress: v
557.0564	DATA	Keypress: v
557.2930	DATA	Keypress: v
557.5476	DATA	Keypress: v
558.0203	DATA	Keypress: v
558.0693	DATA	Keypress: v
558.3059	DATA	Keypress: v
558.6265	DATA	Keypress: v
558.8292	DATA	Keypress: v
559.0312	DATA	Keypress:v held
559.0836	DATA	Keypress: v
559.3358	DATA	Keypress: v
559.5554	DATA	Keypress: v
559.8086	DATA	Keypress: v
560.0443	DATA	Keypress:v held
560.0450	DATA	Keypress: v
560.2980	DATA	Keypress: v
560.5346	DATA	Keypress: v
560.8217	DATA	Keypress: v
561.0573	DATA	Keypress:v held
561.0574	DATA	earn v
561.6489	DATA	Keypress: t
561.9024	DATA	Keypress: t
562.3679	DATA	Keypress: t
562.3919	DATA	Keypress: t
562.6619	DATA	Keypress: t
562.9153	DATA	Keypress: t
563.1686	DATA	Keypress: t
563.3705	DATA	Keypress:t held
563.4218	DATA	Keypress: t
563.6750	DATA	Keypress: t
563.9451	DATA	Keypress: t
564.1981	DATA	Keypress: t
564.3834	DATA	Keypress:t held
564.4345	DATA	Keypress: t
564.6880	DATA	Keypress: t
564.9413	DATA	Keypress: t
565.1945	DATA	Keypress: t
565.3964	DATA	Keypress:t held
565.4309	DATA	Keypress: t
565.6673	DATA	Keypress: t
565.9204	DATA	Keypress: t
566.1569	DATA	Keypress: t
566.4095	DATA	Keypress:t held
566.4271	DATA	Keypress: t
566.7139	DATA	Keypress: t
566.9334	DATA	Keypress: t
567.1714	DATA	Keypress: t
567.4063	DATA	Keypress: t
567.4395	DATA	Keypress:t held
567.6597	DATA	Keypress: t
567.9298	DATA	Keypress: t
568.1661	DATA	Keypress: t
568.4191	DATA	Keypress: t
568.4525	DATA	Keypress:t held
568.6426	DATA	Keypress: t
569.1662	DATA	start rating L
569.1753	DATA	Keypress: t
569.2746	DATA	Keypress: t
569.5103	DATA	Keypress: t
576.0622	DATA	Keypress: v
578.8983	DATA	Keypress: return
578.9278	DATA	RatingScale rateL_scale: (key response) rating=2
578.9279	DATA	RatingScale rateL_scale: rating RT=9.762
578.9283	DATA	2.0
578.9283	DATA	end rating L
579.0339	DATA	start rating R
581.6162	DATA	Keypress: t
585.9063	DATA	Keypress: return
585.9388	DATA	RatingScale rateR_scale: (key response) rating=3
585.9389	DATA	RatingScale rateR_scale: rating RT=6.905
585.9394	DATA	3.0
585.9404	DATA	end rating R
587.6506	DATA	Keypress: t
587.7004	DATA	Keypress:t held
588.4438	DATA	Keypress: t
588.6972	DATA	Keypress: t
588.7303	DATA	Keypress:t held
588.9336	DATA	Keypress: t
589.2037	DATA	Keypress: t
589.4739	DATA	Keypress: t
589.7434	DATA	Keypress:t held
589.7439	DATA	Keypress: t
589.9973	DATA	Keypress: t
590.2508	DATA	Keypress: t
590.5038	DATA	Keypress: t
590.7565	DATA	Keypress:t held
590.7571	DATA	Keypress: t
591.0108	DATA	Keypress: t
591.2636	DATA	Keypress: t
591.5169	DATA	Keypress: t
591.7546	DATA	Keypress: t
591.7864	DATA	Keypress:t held
592.0234	DATA	Keypress: t
592.2599	DATA	Keypress: t
592.5131	DATA	Keypress: t
592.7663	DATA	Keypress: t
592.7995	DATA	Keypress:t held
593.0196	DATA	Keypress: t
593.2898	DATA	Keypress: t
593.5601	DATA	Keypress: t
593.7794	DATA	Keypress: t
593.8124	DATA	Keypress:t held
593.8125	DATA	earn t
594.0327	DATA	Keypress: t
594.2691	DATA	Keypress: t
594.5392	DATA	Keypress: t
594.8092	DATA	Keypress: t
595.1835	DATA	Keypress: t
595.2824	DATA	Keypress: t
595.5521	DATA	Keypress: t
595.8054	DATA	Keypress: t
596.0588	DATA	Keypress: t
596.1930	DATA	Keypress:t held
596.3116	DATA	Keypress: t
596.5652	DATA	Keypress: t
596.8354	DATA	Keypress: t
597.0886	DATA	Keypress: t
597.2061	DATA	Keypress:t held
597.3250	DATA	Keypress: t
597.5783	DATA	Keypress: t
597.8484	DATA	Keypress: t
598.1017	DATA	Keypress: t
598.2192	DATA	Keypress:t held
598.3550	DATA	Keypress: t
598.6418	DATA	Keypress: t
598.8784	DATA	Keypress: t
599.1485	DATA	Keypress: t
599.2322	DATA	Keypress:t held
599.3849	DATA	Keypress: t
599.6380	DATA	Keypress: t
599.8745	DATA	Keypress: t
600.1276	DATA	Keypress: t
600.2453	DATA	Keypress:t held
600.2453	DATA	earn t
600.3812	DATA	Keypress: t
600.6176	DATA	Keypress: t
600.8708	DATA	Keypress: t
601.2423	DATA	Keypress: t
602.1878	DATA	Keypress: v
602.4915	DATA	Keypress: v
602.6428	DATA	Keypress:v held
602.6772	DATA	Keypress: v
602.9144	DATA	Keypress: v
603.1669	DATA	Keypress: v
603.4203	DATA	Keypress: v
603.6559	DATA	Keypress:v held
603.6748	DATA	Keypress: v
603.9435	DATA	Keypress: v
604.1968	DATA	Keypress: v
604.4332	DATA	Keypress: v
604.6688	DATA	Keypress:v held
604.6864	DATA	Keypress: v
604.9229	DATA	Keypress: v
605.1757	DATA	Keypress: v
605.4462	DATA	Keypress: v
605.6817	DATA	Keypress:v held
605.6825	DATA	Keypress: v
605.9527	DATA	Keypress: v
606.1891	DATA	Keypress: v
606.4263	DATA	Keypress: v
606.6786	DATA	Keypress: v
606.6950	DATA	Keypress:v held
606.9320	DATA	Keypress: v
607.2022	DATA	Keypress: v
607.4386	DATA	Keypress: v
607.6749	DATA	Keypress: v
607.7080	DATA	Keypress:v held
607.9282	DATA	Keypress: v
608.1814	DATA	Keypress: v
608.4177	DATA	Keypress: v
608.6711	DATA	Keypress: v
608.7211	DATA	Keypress:v held
608.8905	DATA	Keypress: v
609.1436	DATA	Keypress: v
609.3972	DATA	Keypress: v
609.6501	DATA	Keypress: v
609.7341	DATA	Keypress:v held
609.9037	DATA	Keypress: v
610.1231	DATA	Keypress: v
610.3764	DATA	Keypress: v
610.6297	DATA	Keypress: v
610.7472	DATA	Keypress:v held
610.8661	DATA	Keypress: v
611.1363	DATA	Keypress: v
611.3557	DATA	Keypress: v
611.6089	DATA	Keypress: v
611.7603	DATA	Keypress:v held
611.8454	DATA	Keypress: v
612.0987	DATA	Keypress: v
612.3518	DATA	Keypress: v
612.5715	DATA	Keypress: v
612.7733	DATA	Keypress:v held
612.8248	DATA	Keypress: v
613.0443	DATA	Keypress: v
613.2805	DATA	Keypress: v
613.5000	DATA	Keypress: v
613.7533	DATA	Keypress: v
613.7864	DATA	Keypress:v held
613.9895	DATA	Keypress: v
614.2262	DATA	Keypress: v
614.7993	DATA	Keypress:v held
614.9856	DATA	Keypress: t
615.2052	DATA	Keypress: t
615.4584	DATA	Keypress: t
615.6948	DATA	Keypress: t
615.8123	DATA	Keypress:t held
615.8124	DATA	earn t
615.9052	DATA	Keypress: t
616.1509	DATA	Keypress: t
616.4041	DATA	Keypress: t
616.6575	DATA	Keypress: t
617.1602	DATA	Keypress: t
617.1607	DATA	Keypress: t
617.3831	DATA	Keypress: t
617.6534	DATA	Keypress: t
617.8742	DATA	Keypress: t
618.1094	DATA	Keypress: t
618.1762	DATA	Keypress:t held
618.3457	DATA	Keypress: t
618.5988	DATA	Keypress: t
618.8522	DATA	Keypress: t
619.1054	DATA	Keypress: t
619.1892	DATA	Keypress:t held
619.3586	DATA	Keypress: t
619.5951	DATA	Keypress: t
619.8666	DATA	Keypress: t
620.1016	DATA	Keypress: t
620.2023	DATA	Keypress:t held
620.3382	DATA	Keypress: t
620.5745	DATA	Keypress: t
620.8110	DATA	Keypress: t
621.0641	DATA	Keypress: t
621.2153	DATA	Keypress:t held
621.3005	DATA	Keypress: t
621.5368	DATA	Keypress: t
621.7901	DATA	Keypress: t
622.0432	DATA	Keypress: t
622.2283	DATA	Keypress:t held
622.3642	DATA	Keypress: t
622.5837	DATA	Keypress: t
622.8032	DATA	Keypress: t
623.0395	DATA	Keypress: t
623.2415	DATA	Keypress:t held
623.2415	DATA	earn t
623.3376	DATA	Keypress: t
623.5463	DATA	Keypress: t
623.7828	DATA	Keypress: t
623.9866	DATA	Keypress: t
624.5896	DATA	Keypress: t
624.5905	DATA	Keypress: t
624.8460	DATA	Keypress: t
625.1162	DATA	Keypress: t
625.3525	DATA	Keypress: t
625.5889	DATA	Keypress: t
625.6220	DATA	Keypress:t held
625.8759	DATA	Keypress: t
626.1291	DATA	Keypress: t
626.3656	DATA	Keypress: t
626.6020	DATA	Keypress: t
626.6351	DATA	Keypress:t held
626.8552	DATA	Keypress: t
627.1254	DATA	Keypress: t
627.6481	DATA	Keypress:t held
627.7332	DATA	Keypress: v
627.9698	DATA	Keypress: v
628.2398	DATA	Keypress: v
628.4761	DATA	Keypress: v
628.6612	DATA	Keypress:v held
628.7125	DATA	Keypress: v
628.9490	DATA	Keypress: v
629.2022	DATA	Keypress: v
629.4555	DATA	Keypress: v
629.6743	DATA	Keypress:v held
629.6919	DATA	Keypress: v
629.9282	DATA	Keypress: v
630.1984	DATA	Keypress: v
630.4517	DATA	Keypress: v
630.6873	DATA	Keypress:v held
630.6874	DATA	earn v
630.6881	DATA	Keypress: v
630.9245	DATA	Keypress: v
631.1777	DATA	Keypress: v
631.4477	DATA	Keypress: v
632.0807	DATA	Keypress: v
632.0816	DATA	Keypress: v
632.1736	DATA	Keypress: v
632.4102	DATA	Keypress: v
632.6635	DATA	Keypress: v
632.8998	DATA	Keypress: v
633.0849	DATA	Keypress:v held
633.1529	DATA	Keypress: v
633.3895	DATA	Keypress: v
633.6262	DATA	Keypress: v
633.8621	DATA	Keypress: v
634.0978	DATA	Keypress:v held
634.1155	DATA	Keypress: v
634.3687	DATA	Keypress: v
634.6049	DATA	Keypress: v
634.8415	DATA	Keypress: v
635.1108	DATA	Keypress:v held
635.1109	DATA	earn v
635.1116	DATA	Keypress: v
635.3648	DATA	Keypress: v
635.6180	DATA	Keypress: v
635.8545	DATA	Keypress: v
636.1076	DATA	Keypress: v
636.4745	DATA	Keypress: v
636.5805	DATA	Keypress: v
636.8338	DATA	Keypress: v
637.0701	DATA	Keypress: v
637.3234	DATA	Keypress: v
637.4747	DATA	Keypress:v held
637.5766	DATA	Keypress: v
637.8131	DATA	Keypress: v
638.0663	DATA	Keypress: v
638.3026	DATA	Keypress: v
638.4878	DATA	Keypress:v held
638.5559	DATA	Keypress: v
638.8092	DATA	Keypress: v
639.0625	DATA	Keypress: v
639.2990	DATA	Keypress: v
639.5008	DATA	Keypress:v held
639.5351	DATA	Keypress: v
639.7885	DATA	Keypress: v
640.5139	DATA	Keypress:v held
641.0717	DATA	Keypress: t
641.2911	DATA	Keypress: t
641.5269	DATA	Keypress:t held
641.5276	DATA	Keypress: t
641.7808	DATA	Keypress: t
642.0173	DATA	Keypress: t
642.2535	DATA	Keypress: t
642.5238	DATA	Keypress: t
642.5569	DATA	Keypress:t held
642.7771	DATA	Keypress: t
643.0472	DATA	Keypress: t
643.3004	DATA	Keypress: t
643.5699	DATA	Keypress:t held
643.5700	DATA	earn t
643.9249	DATA	Keypress: v
644.1785	DATA	Keypress: v
644.3981	DATA	Keypress: v
644.9389	DATA	Keypress: v
644.9398	DATA	Keypress: v
645.1238	DATA	Keypress: v
645.3775	DATA	Keypress: v
645.6301	DATA	Keypress: v
645.8836	DATA	Keypress: v
645.9505	DATA	Keypress:v held
646.5573	DATA	start rating L
646.5660	DATA	Keypress: v
646.7721	DATA	Keypress: t
651.6687	DATA	Keypress: t
653.4248	DATA	Keypress: v
655.6041	DATA	Keypress: return
655.6045	DATA	RatingScale rateL_scale: (key response) rating=4
655.6046	DATA	RatingScale rateL_scale: rating RT=9.047
655.6051	DATA	4.0
655.6051	DATA	end rating L
655.7125	DATA	start rating R
657.1056	DATA	Keypress: t
657.3081	DATA	Keypress: t
660.6858	DATA	Keypress: return
660.6861	DATA	RatingScale rateR_scale: (key response) rating=2
660.6862	DATA	RatingScale rateR_scale: rating RT=4.974
660.6867	DATA	2.0
660.6877	DATA	end rating R
