10.0064	DATA	version C
107.3198	DATA	Keypress: space
109.2277	DATA	Keypress: v
109.2439	DATA	Keypress:v held
110.6632	DATA	Keypress: v
110.6789	DATA	Keypress:v held
111.6758	DATA	Keypress: t
111.7089	DATA	Keypress:t held
112.2836	DATA	Keypress: t
112.7219	DATA	Keypress:t held
112.9591	DATA	Keypress: t
113.6513	DATA	Keypress: t
113.7518	DATA	Keypress:t held
114.6982	DATA	Keypress: t
114.7649	DATA	Keypress:t held
114.7650	DATA	earn t
117.7371	DATA	Keypress: t
117.7535	DATA	Keypress:t held
117.7535	DATA	earn t
118.0921	DATA	Keypress: t
118.4804	DATA	Keypress: t
121.0464	DATA	Keypress: t
121.0627	DATA	Keypress:t held
121.5866	DATA	Keypress: t
122.0756	DATA	Keypress:t held
122.2115	DATA	Keypress: t
123.0888	DATA	Keypress:t held
124.3389	DATA	Keypress: v
124.3551	DATA	Keypress:v held
124.8792	DATA	Keypress: v
125.3520	DATA	Keypress: v
125.3851	DATA	Keypress:v held
126.0612	DATA	Keypress: v
126.3981	DATA	Keypress:v held
126.5508	DATA	Keypress: v
127.4279	DATA	Keypress:v held
127.4963	DATA	Keypress: v
127.9521	DATA	Keypress: v
128.4411	DATA	Keypress:v held
128.8808	DATA	Keypress: t
129.4541	DATA	Keypress:t held
129.4542	DATA	earn t
129.5657	DATA	Keypress: t
131.1769	DATA	Keypress: t
131.5139	DATA	Keypress:t held
131.7005	DATA	Keypress: t
132.2407	DATA	Keypress: t
132.5275	DATA	Keypress:t held
132.8653	DATA	Keypress: t
133.5401	DATA	Keypress:t held
133.7434	DATA	Keypress: v
134.1488	DATA	Keypress: v
134.5531	DATA	Keypress:v held
134.7563	DATA	Keypress: v
135.2129	DATA	Keypress: v
135.5831	DATA	Keypress:v held
135.9213	DATA	Keypress: t
136.2759	DATA	Keypress: t
136.5960	DATA	Keypress:t held
136.8163	DATA	Keypress: t
137.4917	DATA	Keypress: t
137.6092	DATA	Keypress:t held
138.3023	DATA	Keypress: t
138.6391	DATA	Keypress:t held
139.0450	DATA	Keypress: v
139.4502	DATA	Keypress: v
139.6522	DATA	Keypress:v held
140.0577	DATA	Keypress: v
140.6320	DATA	Keypress: v
140.6651	DATA	Keypress:v held
141.2569	DATA	Keypress: v
141.6781	DATA	Keypress:v held
141.9659	DATA	Keypress: t
142.4047	DATA	Keypress: t
142.6912	DATA	Keypress:t held
142.8610	DATA	Keypress: t
143.3164	DATA	Keypress: t
143.7212	DATA	Keypress:t held
144.0258	DATA	Keypress: t
144.4815	DATA	Keypress: t
144.7342	DATA	Keypress:t held
145.2414	DATA	Keypress: t
145.6803	DATA	Keypress: t
145.7477	DATA	Keypress:t held
146.5919	DATA	Keypress: t
146.7603	DATA	Keypress:t held
146.9299	DATA	Keypress: t
147.7734	DATA	Keypress:t held
148.0782	DATA	Keypress: v
148.3988	DATA	Keypress: v
148.7865	DATA	Keypress:v held
148.7865	DATA	earn v
148.8969	DATA	Keypress: v
149.6654	DATA	Keypress: v
150.0703	DATA	Keypress: v
150.6782	DATA	Keypress: v
150.8632	DATA	Keypress:v held
150.9822	DATA	Keypress: v
151.5900	DATA	Keypress: v
151.8932	DATA	Keypress:v held
152.2991	DATA	Keypress: v
152.6875	DATA	Keypress: v
152.9063	DATA	Keypress:v held
153.2292	DATA	Keypress: t
153.6499	DATA	Keypress: t
153.9193	DATA	Keypress:t held
154.2408	DATA	Keypress: t
154.6629	DATA	Keypress: t
154.9324	DATA	Keypress:t held
154.9324	DATA	earn t
155.0853	DATA	Keypress: t
156.5538	DATA	Keypress: v
156.8072	DATA	Keypress: v
157.0092	DATA	Keypress:v held
157.1112	DATA	Keypress: v
157.5502	DATA	Keypress: v
157.9723	DATA	Keypress: v
158.0222	DATA	Keypress:v held
158.6475	DATA	Keypress: t
159.0522	DATA	Keypress:t held
159.0530	DATA	Keypress: t
159.4581	DATA	Keypress: t
159.8968	DATA	Keypress: t
160.0651	DATA	Keypress:t held
160.4034	DATA	Keypress: t
161.0781	DATA	Keypress:t held
161.1971	DATA	Keypress: t
161.6366	DATA	Keypress: t
162.0912	DATA	Keypress:t held
162.0913	DATA	earn t
162.2048	DATA	Keypress: t
163.1689	DATA	Keypress: v
163.5608	DATA	Keypress: v
164.0167	DATA	Keypress: v
164.2017	DATA	Keypress:v held
164.4386	DATA	Keypress: v
164.8103	DATA	Keypress: v
165.2148	DATA	Keypress:v held
165.2493	DATA	Keypress: v
165.7728	DATA	Keypress: v
166.0429	DATA	Keypress: v
166.2278	DATA	Keypress:v held
166.6338	DATA	Keypress: t
167.0052	DATA	Keypress: t
167.2409	DATA	Keypress:t held
167.3429	DATA	Keypress: t
167.6789	DATA	start rating L
179.2866	DATA	Keypress: v
179.5599	DATA	Keypress: v
179.7636	DATA	Keypress: v
180.3372	DATA	Keypress: t
180.5396	DATA	Keypress: t
180.7592	DATA	Keypress: t
188.1539	DATA	Keypress: v
189.7744	DATA	Keypress: v
191.1775	DATA	Keypress: return
191.1779	DATA	RatingScale rateL_scale: (key response) rating=6
191.1780	DATA	RatingScale rateL_scale: rating RT=23.499
191.1785	DATA	6.0
191.1785	DATA	end rating L
191.3015	DATA	start rating R
194.3805	DATA	Keypress: t
194.9926	DATA	Keypress: t
197.7071	DATA	Keypress: return
197.7074	DATA	RatingScale rateR_scale: (key response) rating=2
197.7074	DATA	RatingScale rateR_scale: rating RT=6.406
197.7079	DATA	2.0
197.7090	DATA	end rating R
202.2256	DATA	Keypress: t
202.2585	DATA	Keypress:t held
202.5969	DATA	Keypress: t
203.1540	DATA	Keypress: t
203.2715	DATA	Keypress:t held
203.5761	DATA	Keypress: t
204.1333	DATA	Keypress: t
204.2850	DATA	Keypress:t held
204.8931	DATA	Keypress: v
205.2976	DATA	Keypress:v held
205.3997	DATA	Keypress: v
205.8387	DATA	Keypress: v
206.3107	DATA	Keypress:v held
206.3281	DATA	Keypress: v
206.9531	DATA	Keypress: v
207.3238	DATA	Keypress:v held
208.0504	DATA	Keypress: v
208.2867	DATA	Keypress: v
208.3368	DATA	Keypress:v held
208.3369	DATA	earn v
208.6768	DATA	Keypress: v
209.5195	DATA	Keypress: t
209.7727	DATA	Keypress: t
210.1962	DATA	Keypress: t
210.4643	DATA	Keypress:t held
210.6676	DATA	Keypress: t
211.2246	DATA	Keypress: t
211.4773	DATA	Keypress:t held
211.4774	DATA	earn t
211.4780	DATA	Keypress: t
212.6936	DATA	Keypress: t
213.0651	DATA	Keypress: t
213.5210	DATA	Keypress: t
213.6048	DATA	Keypress:t held
213.8600	DATA	Keypress: t
214.5001	DATA	Keypress: t
214.6177	DATA	Keypress:t held
214.7536	DATA	Keypress: t
215.4290	DATA	Keypress: v
215.6309	DATA	Keypress:v held
215.7667	DATA	Keypress: v
216.2563	DATA	Keypress: v
216.5096	DATA	Keypress: v
216.6439	DATA	Keypress:v held
216.9655	DATA	Keypress: v
217.2356	DATA	Keypress: v
217.6739	DATA	Keypress:v held
217.6740	DATA	earn v
217.8281	DATA	Keypress: v
218.5528	DATA	Keypress: t
218.9072	DATA	Keypress: t
219.4643	DATA	Keypress: t
219.7344	DATA	Keypress: t
219.8012	DATA	Keypress:t held
220.3252	DATA	Keypress: t
220.6630	DATA	Keypress: t
220.8311	DATA	Keypress:t held
221.2033	DATA	Keypress: t
221.6590	DATA	Keypress: t
221.8442	DATA	Keypress:t held
222.5710	DATA	Keypress: t
222.8572	DATA	Keypress:t held
222.9592	DATA	Keypress: t
223.6178	DATA	Keypress: v
223.8872	DATA	Keypress:v held
223.9217	DATA	Keypress: v
224.3269	DATA	Keypress: v
224.6475	DATA	Keypress: v
224.9002	DATA	Keypress:v held
225.0529	DATA	Keypress: v
225.4919	DATA	Keypress: v
225.8971	DATA	Keypress: v
225.9302	DATA	Keypress:v held
226.2517	DATA	Keypress: v
226.7749	DATA	Keypress: v
226.9433	DATA	Keypress:v held
227.2141	DATA	Keypress: v
227.9237	DATA	Keypress: v
227.9563	DATA	Keypress:v held
227.9564	DATA	earn v
228.1598	DATA	Keypress: v
228.6847	DATA	Keypress: v
229.0743	DATA	Keypress: v
229.5779	DATA	Keypress: v
229.8986	DATA	Keypress: v
230.0836	DATA	Keypress:v held
230.3716	DATA	Keypress: v
230.6415	DATA	Keypress: v
231.0966	DATA	Keypress:v held
231.1311	DATA	Keypress: v
231.5701	DATA	Keypress: v
232.1097	DATA	Keypress:v held
232.3299	DATA	Keypress: t
232.6339	DATA	Keypress: t
233.0559	DATA	Keypress: t
233.1227	DATA	Keypress:t held
233.4276	DATA	Keypress: t
233.8836	DATA	Keypress: t
234.1527	DATA	Keypress:t held
234.3222	DATA	Keypress: t
234.8290	DATA	Keypress: t
235.1658	DATA	Keypress:t held
235.2170	DATA	Keypress: t
235.6899	DATA	Keypress: t
236.1788	DATA	Keypress:t held
236.2302	DATA	Keypress: t
236.9393	DATA	Keypress: t
237.2088	DATA	Keypress:t held
237.2770	DATA	Keypress: t
237.7836	DATA	Keypress: t
238.2056	DATA	Keypress: t
238.2219	DATA	Keypress:t held
238.6445	DATA	Keypress: t
239.2349	DATA	Keypress:t held
239.6406	DATA	Keypress: v
239.9277	DATA	Keypress: v
240.1810	DATA	Keypress: v
240.2478	DATA	Keypress:v held
240.6368	DATA	Keypress: v
240.9070	DATA	Keypress: v
241.2608	DATA	Keypress:v held
241.3290	DATA	Keypress: v
241.6668	DATA	Keypress: v
242.1395	DATA	Keypress: v
242.2908	DATA	Keypress:v held
242.3928	DATA	Keypress: v
242.8491	DATA	Keypress: v
243.0682	DATA	Keypress: v
243.3039	DATA	Keypress:v held
243.3039	DATA	earn v
243.5411	DATA	Keypress: v
244.7396	DATA	Keypress: t
245.0436	DATA	Keypress: t
245.3477	DATA	Keypress: t
245.4482	DATA	Keypress:t held
245.7191	DATA	Keypress: t
246.0736	DATA	Keypress: t
246.3954	DATA	Keypress: t
246.4613	DATA	Keypress:t held
246.8673	DATA	Keypress: t
247.1205	DATA	Keypress: t
247.4743	DATA	Keypress:t held
247.6101	DATA	Keypress: t
247.9646	DATA	Keypress: t
248.4206	DATA	Keypress: t
248.4874	DATA	Keypress:t held
248.7074	DATA	Keypress: t
249.1635	DATA	Keypress: t
249.4673	DATA	Keypress: t
249.5005	DATA	Keypress:t held
250.0072	DATA	Keypress: t
250.4124	DATA	Keypress: t
250.5133	DATA	Keypress:t held
250.5133	DATA	earn t
250.6996	DATA	Keypress: t
251.6622	DATA	Keypress: v
251.9155	DATA	Keypress: v
252.2190	DATA	Keypress: v
252.4894	DATA	Keypress: v
252.6577	DATA	Keypress:v held
252.8271	DATA	Keypress: v
253.1140	DATA	Keypress: v
253.5026	DATA	Keypress: v
253.6707	DATA	Keypress:v held
253.6707	DATA	earn v
253.7739	DATA	Keypress: v
255.2589	DATA	Keypress: t
255.5624	DATA	Keypress: t
255.7982	DATA	Keypress:t held
255.8327	DATA	Keypress: t
256.1192	DATA	Keypress: t
256.5582	DATA	Keypress: t
256.8112	DATA	Keypress:t held
256.8285	DATA	Keypress: t
257.2168	DATA	Keypress: t
257.5037	DATA	Keypress: t
257.8831	DATA	Keypress: t
258.2437	DATA	start rating L
258.2528	DATA	Keypress: t
274.8523	DATA	Keypress: v
277.5556	DATA	Keypress: t
283.8878	DATA	Keypress: t
284.5643	DATA	Keypress: v
290.8605	DATA	Keypress: return
290.8608	DATA	RatingScale rateL_scale: (key response) rating=3
290.8609	DATA	RatingScale rateL_scale: rating RT=32.617
290.8614	DATA	3.0
290.8614	DATA	end rating L
290.9608	DATA	start rating R
293.4948	DATA	Keypress: v
295.2341	DATA	Keypress: return
295.2345	DATA	RatingScale rateR_scale: (key response) rating=5
295.2346	DATA	RatingScale rateR_scale: rating RT=4.274
295.2350	DATA	5.0
295.2361	DATA	end rating R
297.1988	DATA	Keypress: v
297.2319	DATA	Keypress:v held
297.6209	DATA	Keypress: v
298.0268	DATA	Keypress: v
298.2450	DATA	Keypress:v held
298.3807	DATA	Keypress: v
298.8030	DATA	Keypress: v
299.2749	DATA	Keypress:v held
299.6469	DATA	Keypress: t
299.9507	DATA	Keypress: t
300.2879	DATA	Keypress:t held
300.3390	DATA	Keypress: t
300.7443	DATA	Keypress: t
301.1332	DATA	Keypress: t
301.3009	DATA	Keypress:t held
301.9946	DATA	Keypress: t
302.3139	DATA	Keypress:t held
302.3147	DATA	Keypress: t
302.7706	DATA	Keypress: t
303.1251	DATA	Keypress: t
303.3270	DATA	Keypress:t held
303.3270	DATA	earn t
303.5305	DATA	Keypress: t
304.3240	DATA	Keypress: v
304.6109	DATA	Keypress: v
305.0332	DATA	Keypress: v
305.3370	DATA	Keypress: v
305.5389	DATA	Keypress:v held
305.7253	DATA	Keypress: v
306.2488	DATA	Keypress: v
306.5519	DATA	Keypress:v held
306.8746	DATA	Keypress: v
307.1773	DATA	Keypress: v
307.4474	DATA	Keypress: v
307.5819	DATA	Keypress:v held
307.7176	DATA	Keypress: v
308.0385	DATA	Keypress: v
308.5949	DATA	Keypress:v held
308.7305	DATA	Keypress: t
309.0189	DATA	Keypress: t
309.3554	DATA	Keypress: t
309.6085	DATA	Keypress:t held
309.6762	DATA	Keypress: t
310.1152	DATA	Keypress: t
310.4695	DATA	Keypress: t
310.6209	DATA	Keypress:t held
310.8242	DATA	Keypress: t
311.1957	DATA	Keypress: t
311.6340	DATA	Keypress:t held
311.6347	DATA	Keypress: t
312.0568	DATA	Keypress: t
312.6639	DATA	Keypress:t held
312.6640	DATA	earn t
313.0194	DATA	Keypress: t
314.5063	DATA	Keypress: v
314.8251	DATA	Keypress:v held
314.8258	DATA	Keypress: v
315.0960	DATA	Keypress: v
315.2985	DATA	Keypress: v
315.5012	DATA	Keypress: v
315.8550	DATA	Keypress:v held
315.9233	DATA	Keypress: v
316.1597	DATA	Keypress: v
316.5313	DATA	Keypress: v
316.8184	DATA	Keypress: v
316.8681	DATA	Keypress:v held
317.2403	DATA	Keypress: v
317.6117	DATA	Keypress: v
317.8812	DATA	Keypress:v held
317.8813	DATA	earn v
318.0510	DATA	Keypress: v
318.6419	DATA	Keypress: t
319.0520	DATA	Keypress: t
319.3171	DATA	Keypress: t
319.6549	DATA	Keypress: t
320.0091	DATA	Keypress: t
320.0593	DATA	Keypress:t held
320.3132	DATA	Keypress: t
320.7014	DATA	Keypress: t
321.0722	DATA	Keypress:t held
321.0722	DATA	earn t
321.1858	DATA	Keypress: t
321.3781	DATA	Keypress: t
322.0182	DATA	Keypress: v
322.3056	DATA	Keypress: v
322.7952	DATA	Keypress: v
323.1498	DATA	Keypress: v
323.2671	DATA	Keypress:v held
323.5380	DATA	Keypress: v
323.9601	DATA	Keypress: v
324.2971	DATA	Keypress:v held
324.4329	DATA	Keypress: v
324.7200	DATA	Keypress: v
325.2432	DATA	Keypress: v
325.3101	DATA	Keypress:v held
325.6991	DATA	Keypress: v
326.2734	DATA	Keypress: v
326.3232	DATA	Keypress:v held
326.6784	DATA	Keypress: v
327.2017	DATA	Keypress: v
327.3363	DATA	Keypress:v held
327.5734	DATA	Keypress: v
328.0461	DATA	Keypress: v
328.3493	DATA	Keypress:v held
328.6538	DATA	Keypress: v
329.3624	DATA	Keypress:v held
329.6501	DATA	Keypress: t
329.9370	DATA	Keypress: t
330.2747	DATA	Keypress: t
330.3753	DATA	Keypress:t held
330.6292	DATA	Keypress: t
331.1189	DATA	Keypress: t
331.3883	DATA	Keypress:t held
331.4227	DATA	Keypress: t
331.7604	DATA	Keypress: t
332.2163	DATA	Keypress: t
332.4014	DATA	Keypress:t held
332.6385	DATA	Keypress: t
332.9762	DATA	Keypress: t
333.3982	DATA	Keypress: t
333.4144	DATA	Keypress:t held
333.7528	DATA	Keypress: t
334.1750	DATA	Keypress: t
334.4444	DATA	Keypress:t held
334.5802	DATA	Keypress: t
335.0191	DATA	Keypress: t
335.4575	DATA	Keypress:t held
335.5089	DATA	Keypress: t
336.4206	DATA	Keypress: t
336.4706	DATA	Keypress:t held
336.7075	DATA	Keypress: t
337.2477	DATA	Keypress: t
337.4836	DATA	Keypress:t held
337.4837	DATA	earn t
337.6871	DATA	Keypress: t
338.3791	DATA	Keypress: v
338.6999	DATA	Keypress: v
339.1727	DATA	Keypress: v
339.5104	DATA	Keypress: v
339.6785	DATA	Keypress:v held
339.9324	DATA	Keypress: v
340.6246	DATA	Keypress: v
340.6915	DATA	Keypress:v held
340.8948	DATA	Keypress: v
341.1312	DATA	Keypress: v
341.7045	DATA	Keypress:v held
341.7221	DATA	Keypress: v
341.9585	DATA	Keypress: v
342.2284	DATA	Keypress: v
342.4482	DATA	Keypress: v
342.7177	DATA	Keypress:v held
342.9223	DATA	Keypress: v
343.5963	DATA	Keypress: v
343.7307	DATA	Keypress:v held
343.7308	DATA	earn v
343.9002	DATA	Keypress: v
344.6264	DATA	Keypress: t
345.0145	DATA	Keypress: t
345.5716	DATA	Keypress: t
345.9255	DATA	Keypress:t held
345.9262	DATA	Keypress: t
346.2640	DATA	Keypress: t
346.6018	DATA	Keypress: t
346.9386	DATA	Keypress:t held
347.1251	DATA	Keypress: t
347.3785	DATA	Keypress: t
347.8512	DATA	Keypress: t
347.9518	DATA	Keypress:t held
348.1047	DATA	Keypress: t
348.5771	DATA	Keypress: t
348.8811	DATA	Keypress: t
348.9648	DATA	Keypress:t held
349.3539	DATA	Keypress: t
349.7758	DATA	Keypress: t
349.9777	DATA	Keypress:t held
349.9778	DATA	earn t
350.3161	DATA	Keypress: t
351.3292	DATA	Keypress: v
351.7850	DATA	Keypress: v
352.0895	DATA	Keypress: v
352.1895	DATA	Keypress:v held
352.4773	DATA	Keypress: v
352.9332	DATA	Keypress: v
353.1865	DATA	Keypress: v
353.2029	DATA	Keypress:v held
353.4901	DATA	Keypress: v
353.7774	DATA	Keypress: v
354.1995	DATA	Keypress: v
354.2326	DATA	Keypress:v held
354.4697	DATA	Keypress: v
354.8243	DATA	Keypress: v
355.0772	DATA	Keypress: v
355.2456	DATA	Keypress:v held
355.6762	DATA	start rating L
355.6851	DATA	Keypress: v
355.7959	DATA	Keypress: v
359.1737	DATA	Keypress: t
359.7785	DATA	Keypress: t
362.9892	DATA	Keypress: return
362.9895	DATA	RatingScale rateL_scale: (key response) rating=4
362.9896	DATA	RatingScale rateL_scale: rating RT=7.313
362.9901	DATA	4.0
362.9901	DATA	end rating L
363.0918	DATA	start rating R
364.7455	DATA	Keypress: v
365.9131	DATA	Keypress: return
365.9135	DATA	RatingScale rateR_scale: (key response) rating=5
365.9136	DATA	RatingScale rateR_scale: rating RT=2.822
365.9142	DATA	5.0
365.9154	DATA	end rating R
367.7237	DATA	Keypress: v
367.7568	DATA	Keypress:v held
367.7569	DATA	earn v
368.0954	DATA	Keypress: v
369.5135	DATA	Keypress: t
369.8340	DATA	Keypress: t
370.0022	DATA	Keypress:t held
370.1718	DATA	Keypress: t
370.5602	DATA	Keypress: t
370.9315	DATA	Keypress: t
371.0322	DATA	Keypress:t held
371.0322	DATA	earn t
372.5525	DATA	Keypress: v
372.8733	DATA	Keypress: v
373.1774	DATA	Keypress: v
373.2614	DATA	Keypress:v held
373.4812	DATA	Keypress: v
373.9371	DATA	Keypress: v
374.2909	DATA	Keypress:v held
374.5618	DATA	Keypress: v
374.7816	DATA	Keypress: v
375.1865	DATA	Keypress: v
375.3039	DATA	Keypress:v held
375.4579	DATA	Keypress: v
375.8785	DATA	Keypress: v
376.3170	DATA	Keypress:v held
376.3852	DATA	Keypress: v
376.6046	DATA	Keypress: v
376.9762	DATA	Keypress: v
377.2813	DATA	Keypress: v
377.3300	DATA	Keypress:v held
377.7361	DATA	Keypress: v
378.1412	DATA	Keypress: v
378.3432	DATA	Keypress:v held
378.6814	DATA	Keypress: v
378.9346	DATA	Keypress: v
379.3731	DATA	Keypress:v held
379.3731	DATA	earn v
379.3738	DATA	Keypress: v
380.2347	DATA	Keypress: t
380.5963	DATA	Keypress: t
381.2477	DATA	Keypress: t
381.5854	DATA	Keypress: t
381.6016	DATA	Keypress:t held
381.9231	DATA	Keypress: t
382.2271	DATA	Keypress: t
382.5479	DATA	Keypress: t
382.6147	DATA	Keypress:t held
382.8013	DATA	Keypress: t
383.0713	DATA	Keypress: t
383.3414	DATA	Keypress: t
383.6278	DATA	Keypress:t held
383.6278	DATA	earn t
383.8480	DATA	Keypress: t
384.8760	DATA	Keypress: v
385.1312	DATA	Keypress: v
385.4183	DATA	Keypress: v
385.7223	DATA	Keypress: v
385.8903	DATA	Keypress:v held
386.0937	DATA	Keypress: v
386.3975	DATA	Keypress: v
386.7689	DATA	Keypress: v
386.9034	DATA	Keypress:v held
387.0573	DATA	Keypress: v
387.4781	DATA	Keypress: v
387.7820	DATA	Keypress: v
387.9164	DATA	Keypress:v held
388.1197	DATA	Keypress: v
388.4068	DATA	Keypress: v
388.8458	DATA	Keypress: v
388.9295	DATA	Keypress:v held
389.2173	DATA	Keypress: v
389.5548	DATA	Keypress: v
389.9264	DATA	Keypress: v
389.9425	DATA	Keypress:v held
390.2811	DATA	Keypress: v
390.5511	DATA	Keypress: v
390.9725	DATA	Keypress:v held
391.0746	DATA	Keypress: v
391.3446	DATA	Keypress: v
391.7668	DATA	Keypress: v
391.9855	DATA	Keypress:v held
392.1551	DATA	Keypress: v
392.5773	DATA	Keypress: v
392.8980	DATA	Keypress: v
392.9986	DATA	Keypress:v held
393.4214	DATA	Keypress: v
393.7082	DATA	Keypress: v
394.0116	DATA	Keypress:v held
394.0293	DATA	Keypress: v
394.4344	DATA	Keypress: v
394.7722	DATA	Keypress: v
395.0247	DATA	Keypress:v held
395.4655	DATA	Keypress: t
395.7515	DATA	Keypress: t
396.0547	DATA	Keypress:t held
396.0892	DATA	Keypress: t
396.4438	DATA	Keypress: t
396.8658	DATA	Keypress: t
397.0677	DATA	Keypress:t held
397.2204	DATA	Keypress: t
397.5749	DATA	Keypress: t
397.9130	DATA	Keypress: t
398.0809	DATA	Keypress:t held
398.2841	DATA	Keypress: t
398.6892	DATA	Keypress: t
399.0939	DATA	Keypress:t held
399.1293	DATA	Keypress: t
399.5503	DATA	Keypress: t
399.9218	DATA	Keypress: t
400.1068	DATA	Keypress:t held
400.2763	DATA	Keypress: t
400.6817	DATA	Keypress: t
401.0867	DATA	Keypress: t
401.1198	DATA	Keypress:t held
401.4755	DATA	Keypress: t
401.8296	DATA	Keypress: t
402.1329	DATA	Keypress:t held
402.2349	DATA	Keypress: t
402.6739	DATA	Keypress: t
403.1129	DATA	Keypress: t
403.1459	DATA	Keypress:t held
403.5688	DATA	Keypress: t
403.9064	DATA	Keypress: t
404.1590	DATA	Keypress:t held
404.2608	DATA	Keypress: t
405.1721	DATA	Keypress:t held
405.2402	DATA	Keypress: v
405.5275	DATA	Keypress: v
405.7807	DATA	Keypress: v
406.0677	DATA	Keypress: v
406.2020	DATA	Keypress:v held
406.5742	DATA	Keypress: v
406.8443	DATA	Keypress: v
407.2151	DATA	Keypress:v held
407.2663	DATA	Keypress: v
407.5198	DATA	Keypress: v
407.9929	DATA	Keypress: v
408.2281	DATA	Keypress:v held
408.3975	DATA	Keypress: v
408.7690	DATA	Keypress: v
409.2081	DATA	Keypress: v
409.2412	DATA	Keypress:v held
409.6640	DATA	Keypress: v
410.0017	DATA	Keypress: v
410.2540	DATA	Keypress:v held
410.4912	DATA	Keypress: v
410.7613	DATA	Keypress: v
411.2342	DATA	Keypress: v
411.2672	DATA	Keypress:v held
411.6055	DATA	Keypress: v
412.0108	DATA	Keypress: v
412.2802	DATA	Keypress:v held
412.3820	DATA	Keypress: v
412.9226	DATA	Keypress: t
413.2603	DATA	Keypress: t
413.2933	DATA	Keypress:t held
413.6316	DATA	Keypress: t
414.0536	DATA	Keypress: t
414.3063	DATA	Keypress:t held
414.4085	DATA	Keypress: t
414.8136	DATA	Keypress: t
415.1851	DATA	Keypress: t
415.3194	DATA	Keypress:t held
415.5565	DATA	Keypress: t
415.9617	DATA	Keypress: t
416.3325	DATA	Keypress:t held
416.3332	DATA	Keypress: t
416.7383	DATA	Keypress: t
417.1434	DATA	Keypress: t
417.3455	DATA	Keypress:t held
417.4983	DATA	Keypress: t
417.8697	DATA	Keypress: t
418.2088	DATA	Keypress: t
418.3590	DATA	Keypress:t held
418.5957	DATA	Keypress: t
419.0345	DATA	Keypress: t
419.3886	DATA	Keypress:t held
419.8281	DATA	Keypress: v
420.1489	DATA	Keypress: v
420.4014	DATA	Keypress:v held
420.4696	DATA	Keypress: v
420.7905	DATA	Keypress: v
421.1112	DATA	Keypress: v
421.4145	DATA	Keypress:v held
421.4165	DATA	Keypress: v
421.7020	DATA	Keypress: v
422.1581	DATA	Keypress: v
422.4276	DATA	Keypress:v held
422.5296	DATA	Keypress: v
422.8335	DATA	Keypress: v
423.2050	DATA	Keypress: v
423.4406	DATA	Keypress:v held
423.6101	DATA	Keypress: v
424.0488	DATA	Keypress: v
424.4037	DATA	Keypress: v
424.4706	DATA	Keypress:v held
424.4706	DATA	earn v
424.7416	DATA	Keypress: v
425.8389	DATA	Keypress: t
426.4114	DATA	start rating L
426.4208	DATA	Keypress: t
426.6055	DATA	Keypress: t
434.8147	DATA	Keypress: return
434.8150	DATA	RatingScale rateL_scale: (key response) rating=2
434.8151	DATA	RatingScale rateL_scale: rating RT=8.404
434.8156	DATA	2.0
434.8156	DATA	end rating L
434.9153	DATA	start rating R
436.5540	DATA	Keypress: t
438.1922	DATA	Keypress: return
438.1926	DATA	RatingScale rateR_scale: (key response) rating=3
438.1926	DATA	RatingScale rateR_scale: rating RT=3.277
438.1931	DATA	3.0
438.1942	DATA	end rating R
439.5151	DATA	Keypress: v
439.5482	DATA	Keypress:v held
439.9877	DATA	Keypress: v
440.3928	DATA	Keypress: v
440.5611	DATA	Keypress:v held
440.7644	DATA	Keypress: v
441.2034	DATA	Keypress: v
441.5582	DATA	Keypress: v
441.5744	DATA	Keypress:v held
441.9463	DATA	Keypress: v
442.2008	DATA	Keypress: v
442.5872	DATA	Keypress:v held
442.6554	DATA	Keypress: v
443.0100	DATA	Keypress: v
443.6003	DATA	Keypress:v held
444.1076	DATA	Keypress: t
444.3776	DATA	Keypress: t
444.6302	DATA	Keypress:t held
444.6985	DATA	Keypress: t
445.0361	DATA	Keypress: t
445.4751	DATA	Keypress: t
445.6433	DATA	Keypress:t held
445.7958	DATA	Keypress: t
446.2350	DATA	Keypress: t
446.5896	DATA	Keypress: t
446.6564	DATA	Keypress:t held
446.9778	DATA	Keypress: t
447.3662	DATA	Keypress: t
447.6694	DATA	Keypress:t held
447.8897	DATA	Keypress: v
448.1935	DATA	Keypress: v
448.5481	DATA	Keypress: v
448.6825	DATA	Keypress:v held
448.8349	DATA	Keypress: v
449.2571	DATA	Keypress: v
449.5949	DATA	Keypress: v
449.6955	DATA	Keypress:v held
449.9326	DATA	Keypress: v
450.2026	DATA	Keypress: v
450.6416	DATA	Keypress: v
450.7084	DATA	Keypress:v held
451.0128	DATA	Keypress: v
451.5533	DATA	Keypress: v
451.7215	DATA	Keypress:v held
451.9079	DATA	Keypress: v
452.2961	DATA	Keypress: v
452.6171	DATA	Keypress: v
452.7514	DATA	Keypress:v held
452.9379	DATA	Keypress: v
453.5795	DATA	Keypress: t
453.7645	DATA	Keypress:t held
453.8833	DATA	Keypress: t
454.2380	DATA	Keypress: t
454.7445	DATA	Keypress: t
454.7775	DATA	Keypress:t held
454.7776	DATA	earn t
456.4329	DATA	Keypress: v
456.7537	DATA	Keypress: v
457.0738	DATA	Keypress:v held
457.0912	DATA	Keypress: v
457.4291	DATA	Keypress: v
458.0032	DATA	Keypress: v
458.1038	DATA	Keypress:v held
458.3072	DATA	Keypress: v
458.6954	DATA	Keypress: v
458.9993	DATA	Keypress: v
459.1168	DATA	Keypress:v held
459.4383	DATA	Keypress: v
459.7421	DATA	Keypress: v
460.1297	DATA	Keypress:v held
460.1473	DATA	Keypress: v
460.4681	DATA	Keypress: v
460.9238	DATA	Keypress: v
461.1428	DATA	Keypress:v held
461.3461	DATA	Keypress: v
461.7682	DATA	Keypress: v
462.1558	DATA	Keypress:v held
462.3929	DATA	Keypress: t
462.7982	DATA	Keypress: t
463.1689	DATA	Keypress:t held
463.2709	DATA	Keypress: t
463.6086	DATA	Keypress: t
464.0474	DATA	Keypress: t
464.1819	DATA	Keypress:t held
464.4190	DATA	Keypress: t
464.9087	DATA	Keypress: t
465.1950	DATA	Keypress:t held
465.1957	DATA	Keypress: t
465.6517	DATA	Keypress: t
466.0231	DATA	Keypress: t
466.2250	DATA	Keypress:t held
466.4957	DATA	Keypress: t
466.8336	DATA	Keypress: t
467.2380	DATA	Keypress:t held
467.2381	DATA	earn t
467.3740	DATA	Keypress: t
468.5188	DATA	Keypress: v
468.8595	DATA	Keypress: v
469.1636	DATA	Keypress: v
469.5342	DATA	Keypress:v held
469.5689	DATA	Keypress: v
469.8725	DATA	Keypress: v
470.1428	DATA	Keypress: v
470.5141	DATA	Keypress: v
470.5472	DATA	Keypress:v held
470.9531	DATA	Keypress: v
471.3753	DATA	Keypress: v
471.5770	DATA	Keypress:v held
471.6962	DATA	Keypress: v
472.1349	DATA	Keypress: v
472.4728	DATA	Keypress: v
472.5902	DATA	Keypress:v held
472.9118	DATA	Keypress: v
473.3171	DATA	Keypress: v
473.6033	DATA	Keypress:v held
473.6033	DATA	earn v
474.8773	DATA	Keypress: t
475.0398	DATA	Keypress: t
475.4611	DATA	Keypress: t
475.8496	DATA	Keypress: t
475.8826	DATA	Keypress:t held
476.2380	DATA	Keypress: t
476.6094	DATA	Keypress: t
476.8958	DATA	Keypress:t held
476.9640	DATA	Keypress: t
477.3195	DATA	Keypress: t
477.6236	DATA	Keypress: t
477.9088	DATA	Keypress:t held
478.0784	DATA	Keypress: t
478.4499	DATA	Keypress: t
478.8719	DATA	Keypress: t
478.9219	DATA	Keypress:t held
479.2770	DATA	Keypress: t
479.7160	DATA	Keypress: t
479.9516	DATA	Keypress:t held
480.1722	DATA	Keypress: t
480.5938	DATA	Keypress: t
480.9647	DATA	Keypress:t held
481.1849	DATA	Keypress: t
481.6577	DATA	Keypress: t
481.9278	DATA	Keypress: t
481.9777	DATA	Keypress:t held
482.2993	DATA	Keypress: t
482.7214	DATA	Keypress: t
482.9909	DATA	Keypress:t held
483.4307	DATA	Keypress: v
483.7007	DATA	Keypress: v
484.0039	DATA	Keypress:v held
484.0039	DATA	earn v
484.0044	DATA	Keypress: v
484.2749	DATA	Keypress: v
485.6930	DATA	Keypress: t
486.0136	DATA	Keypress: t
486.3002	DATA	Keypress:t held
486.3359	DATA	Keypress: t
486.6724	DATA	Keypress: t
487.0606	DATA	Keypress: t
487.3132	DATA	Keypress:t held
487.4153	DATA	Keypress: t
487.8204	DATA	Keypress: t
488.1413	DATA	Keypress: t
488.3432	DATA	Keypress:t held
488.3432	DATA	earn t
488.5298	DATA	Keypress: t
489.6186	DATA	Keypress: v
489.8126	DATA	Keypress: v
490.1166	DATA	Keypress: v
490.4371	DATA	Keypress: v
490.6223	DATA	Keypress:v held
490.7413	DATA	Keypress: v
491.0620	DATA	Keypress: v
491.4842	DATA	Keypress: v
491.6524	DATA	Keypress:v held
491.8217	DATA	Keypress: v
492.1932	DATA	Keypress: v
492.5816	DATA	Keypress: v
492.6654	DATA	Keypress:v held
493.1389	DATA	Keypress: v
493.6785	DATA	Keypress:v held
494.0675	DATA	Keypress: v
494.4221	DATA	Keypress: v
494.7084	DATA	Keypress:v held
494.7768	DATA	Keypress: v
495.1988	DATA	Keypress: v
495.7215	DATA	Keypress:v held
496.0769	DATA	Keypress: t
496.4144	DATA	Keypress: t
496.7345	DATA	Keypress:t held
496.7694	DATA	Keypress: t
497.1405	DATA	Keypress: t
497.5457	DATA	Keypress: t
497.7476	DATA	Keypress:t held
497.9172	DATA	Keypress: t
498.2963	DATA	Keypress: t
498.7405	DATA	start rating L
498.7497	DATA	Keypress: t
506.5723	DATA	Keypress: v
509.3077	DATA	Keypress: return
509.3080	DATA	RatingScale rateL_scale: (key response) rating=4
509.3081	DATA	RatingScale rateL_scale: rating RT=10.567
509.3086	DATA	4.0
509.3086	DATA	end rating L
509.4079	DATA	start rating R
510.8611	DATA	Keypress: t
513.8832	DATA	Keypress: return
513.8835	DATA	RatingScale rateR_scale: (key response) rating=3
513.8836	DATA	RatingScale rateR_scale: rating RT=4.476
513.8841	DATA	3.0
513.8851	DATA	end rating R
515.2741	DATA	Keypress: v
515.2903	DATA	Keypress:v held
515.6960	DATA	Keypress: v
516.1520	DATA	Keypress: v
516.3034	DATA	Keypress:v held
516.4392	DATA	Keypress: v
516.8952	DATA	Keypress: v
517.3164	DATA	Keypress:v held
517.3165	DATA	earn v
517.4178	DATA	Keypress: v
518.8536	DATA	Keypress: t
519.1575	DATA	Keypress: t
519.4784	DATA	Keypress: t
519.6465	DATA	Keypress:t held
519.8159	DATA	Keypress: t
520.3056	DATA	Keypress: t
520.6430	DATA	Keypress: t
520.6594	DATA	Keypress:t held
520.6594	DATA	earn t
521.6563	DATA	Keypress: v
522.5681	DATA	Keypress: v
522.8719	DATA	Keypress: v
523.0063	DATA	Keypress:v held
523.0063	DATA	earn v
523.1251	DATA	Keypress: v
523.3955	DATA	Keypress: v
524.4420	DATA	Keypress: t
524.8136	DATA	Keypress: t
525.1176	DATA	Keypress: t
525.3363	DATA	Keypress:t held
525.4215	DATA	Keypress: t
526.3663	DATA	Keypress:t held
526.3664	DATA	earn t
526.4756	DATA	Keypress: v
526.7049	DATA	Keypress: v
527.1115	DATA	Keypress: v
527.6836	DATA	Keypress: v
528.2917	DATA	Keypress: v
528.6963	DATA	Keypress:v held
528.6964	DATA	earn v
528.8490	DATA	Keypress: v
529.4740	DATA	Keypress: t
530.0416	DATA	Keypress: t
530.2503	DATA	Keypress: t
530.6047	DATA	Keypress: t
531.0431	DATA	Keypress:t held
531.0431	DATA	earn t
531.1622	DATA	Keypress: t
531.9218	DATA	Keypress: v
532.4224	DATA	Keypress: v
532.5466	DATA	Keypress: v
532.8335	DATA	Keypress: v
533.1375	DATA	Keypress: v
533.4407	DATA	Keypress:v held
533.4751	DATA	Keypress: v
533.8129	DATA	Keypress: v
534.1673	DATA	Keypress: v
534.4537	DATA	Keypress:v held
534.4881	DATA	Keypress: v
534.8259	DATA	Keypress: v
535.1974	DATA	Keypress: v
535.4668	DATA	Keypress:v held
535.5855	DATA	Keypress: v
536.4799	DATA	Keypress:v held
536.5819	DATA	Keypress: t
536.8689	DATA	Keypress: t
537.1727	DATA	Keypress: t
537.4767	DATA	Keypress: t
537.4929	DATA	Keypress:t held
537.7807	DATA	Keypress: t
538.1182	DATA	Keypress: t
538.4898	DATA	Keypress: t
538.5229	DATA	Keypress:t held
538.7768	DATA	Keypress: t
539.1819	DATA	Keypress: t
539.5359	DATA	Keypress:t held
539.5704	DATA	Keypress: t
540.1443	DATA	Keypress: t
540.5327	DATA	Keypress: t
540.5488	DATA	Keypress:t held
540.9210	DATA	Keypress: t
541.2756	DATA	Keypress: t
541.5788	DATA	Keypress:t held
541.6133	DATA	Keypress: t
542.2717	DATA	Keypress: v
542.5591	DATA	Keypress: v
542.5918	DATA	Keypress:v held
542.8289	DATA	Keypress: v
543.0991	DATA	Keypress: v
543.3861	DATA	Keypress: v
543.6218	DATA	Keypress:v held
543.6563	DATA	Keypress: v
544.0445	DATA	Keypress: v
544.3485	DATA	Keypress: v
544.6348	DATA	Keypress:v held
544.6349	DATA	earn v
544.7416	DATA	Keypress: v
545.0074	DATA	Keypress: v
545.5643	DATA	Keypress: t
545.9734	DATA	Keypress: t
546.2734	DATA	Keypress: t
546.6448	DATA	Keypress: t
546.9818	DATA	Keypress:t held
547.0498	DATA	Keypress: t
547.3538	DATA	Keypress: t
547.7762	DATA	Keypress: t
548.0117	DATA	Keypress:t held
548.1139	DATA	Keypress: t
548.5189	DATA	Keypress: t
548.8735	DATA	Keypress: t
549.0248	DATA	Keypress:t held
549.4476	DATA	Keypress: t
549.7177	DATA	Keypress: t
550.0377	DATA	Keypress:t held
550.0378	DATA	earn t
550.1500	DATA	Keypress: t
551.0007	DATA	Keypress: v
551.3802	DATA	Keypress: v
551.5748	DATA	Keypress: v
552.1488	DATA	Keypress: v
552.3846	DATA	Keypress:v held
552.4866	DATA	Keypress: v
552.9270	DATA	Keypress: v
553.2310	DATA	Keypress: v
553.3976	DATA	Keypress:v held
553.6011	DATA	Keypress: v
553.9387	DATA	Keypress: v
554.3270	DATA	Keypress: v
554.4107	DATA	Keypress:v held
554.6647	DATA	Keypress: v
555.0193	DATA	Keypress: v
555.3402	DATA	Keypress: v
555.4239	DATA	Keypress:v held
555.6947	DATA	Keypress: v
556.0321	DATA	Keypress: v
556.3027	DATA	Keypress: v
556.4369	DATA	Keypress:v held
556.6064	DATA	Keypress: v
556.8766	DATA	Keypress: v
557.3324	DATA	Keypress: v
557.4499	DATA	Keypress:v held
557.6701	DATA	Keypress: v
557.9741	DATA	Keypress: v
558.3792	DATA	Keypress: v
558.4799	DATA	Keypress:v held
558.7170	DATA	Keypress: v
559.0547	DATA	Keypress: v
559.4929	DATA	Keypress:v held
559.6626	DATA	Keypress: t
560.0338	DATA	Keypress: t
560.3547	DATA	Keypress: t
560.5058	DATA	Keypress:t held
560.6753	DATA	Keypress: t
561.0128	DATA	Keypress: t
561.3170	DATA	Keypress: t
561.5189	DATA	Keypress:t held
561.6210	DATA	Keypress: t
561.9924	DATA	Keypress: t
562.3467	DATA	Keypress: t
562.5320	DATA	Keypress:t held
562.7521	DATA	Keypress: t
563.1406	DATA	Keypress: t
563.5450	DATA	Keypress:t held
563.6147	DATA	Keypress: t
564.3743	DATA	Keypress: v
564.5581	DATA	Keypress:v held
564.6945	DATA	Keypress: v
564.9810	DATA	Keypress: v
565.2511	DATA	Keypress: v
565.5043	DATA	Keypress: v
565.5711	DATA	Keypress:v held
565.7745	DATA	Keypress: v
566.0628	DATA	Keypress: v
566.5343	DATA	Keypress: v
566.6011	DATA	Keypress:v held
566.8382	DATA	Keypress: v
567.1252	DATA	Keypress: v
567.5642	DATA	Keypress: v
567.6142	DATA	Keypress:v held
568.0033	DATA	Keypress: v
568.4759	DATA	Keypress: v
568.6440	DATA	Keypress:v held
568.7632	DATA	Keypress: v
569.1005	DATA	Keypress: v
569.6570	DATA	Keypress:v held
569.6915	DATA	Keypress: t
570.0969	DATA	Keypress: t
570.5528	DATA	Keypress: t
570.6702	DATA	Keypress:t held
570.9071	DATA	Keypress: t
571.3632	DATA	Keypress: t
571.7001	DATA	Keypress:t held
571.7002	DATA	earn t
571.7009	DATA	Keypress: t
572.0387	DATA	Keypress: t
573.0495	DATA	Keypress: v
573.5244	DATA	Keypress: v
573.7946	DATA	Keypress: v
574.4974	DATA	start rating L
574.5066	DATA	Keypress: v
580.3525	DATA	Keypress: v
581.6264	DATA	Keypress: t
583.4624	DATA	Keypress: return
583.4627	DATA	RatingScale rateL_scale: (key response) rating=5
583.4628	DATA	RatingScale rateL_scale: rating RT=8.965
583.4633	DATA	5.0
583.4633	DATA	end rating L
583.5628	DATA	start rating R
585.1002	DATA	Keypress: return
585.1006	DATA	RatingScale rateR_scale: (key response) rating=4
585.1006	DATA	RatingScale rateR_scale: rating RT=1.538
585.1011	DATA	4.0
585.1022	DATA	end rating R
