13.5364	DATA	version C
116.8404	DATA	Keypress: space
118.8665	DATA	Keypress: t
118.8996	DATA	Keypress:t held
118.8996	DATA	earn t
119.4914	DATA	Keypress: t
119.9809	DATA	Keypress: t
120.4874	DATA	Keypress: t
120.9595	DATA	Keypress:t held
120.9770	DATA	Keypress: t
121.4330	DATA	Keypress: t
121.9725	DATA	Keypress:t held
122.0759	DATA	Keypress: v
122.6148	DATA	Keypress: v
122.9856	DATA	Keypress:v held
123.1382	DATA	Keypress: v
123.6786	DATA	Keypress: v
124.0156	DATA	Keypress:v held
124.2357	DATA	Keypress: v
124.7761	DATA	Keypress: v
125.0286	DATA	Keypress:v held
125.3670	DATA	Keypress: v
125.9243	DATA	Keypress: t
126.0417	DATA	Keypress:t held
126.0418	DATA	earn t
126.5828	DATA	Keypress: t
127.3593	DATA	Keypress: t
128.0176	DATA	Keypress: t
128.1015	DATA	Keypress:t held
128.1016	DATA	earn t
128.5414	DATA	Keypress: t
129.2335	DATA	Keypress: t
129.8076	DATA	Keypress: t
130.1782	DATA	Keypress:t held
130.3479	DATA	Keypress: t
130.8882	DATA	Keypress: t
131.1914	DATA	Keypress:t held
131.5480	DATA	Keypress: t
132.0195	DATA	Keypress: t
132.2212	DATA	Keypress:t held
132.4921	DATA	Keypress: t
132.9478	DATA	Keypress: t
133.2341	DATA	Keypress:t held
133.2342	DATA	earn t
133.4379	DATA	Keypress: t
134.0457	DATA	Keypress: t
134.6533	DATA	Keypress: t
135.2442	DATA	Keypress: t
135.3110	DATA	Keypress:t held
135.3111	DATA	earn t
135.9366	DATA	Keypress: t
136.4430	DATA	Keypress: t
136.9664	DATA	Keypress: t
137.3878	DATA	Keypress:t held
137.7431	DATA	Keypress: v
138.2497	DATA	Keypress: v
138.4178	DATA	Keypress:v held
138.7562	DATA	Keypress: v
139.2626	DATA	Keypress: v
139.4308	DATA	Keypress:v held
139.7015	DATA	Keypress: v
140.1746	DATA	Keypress: v
140.4439	DATA	Keypress:v held
140.8330	DATA	Keypress: t
141.3565	DATA	Keypress: t
141.4569	DATA	Keypress:t held
141.8965	DATA	Keypress: t
142.3356	DATA	Keypress: t
142.4698	DATA	Keypress:t held
142.8082	DATA	Keypress: t
143.2978	DATA	Keypress: t
143.4998	DATA	Keypress:t held
143.8213	DATA	Keypress: t
144.3952	DATA	Keypress: t
144.5128	DATA	Keypress:t held
144.5129	DATA	earn t
144.8176	DATA	Keypress: t
145.3411	DATA	Keypress: t
145.9149	DATA	Keypress: t
146.4888	DATA	Keypress: t
146.6233	DATA	Keypress:t held
146.6233	DATA	earn t
147.0464	DATA	Keypress: t
147.5529	DATA	Keypress: t
148.0591	DATA	Keypress: t
148.4814	DATA	Keypress: t
148.7170	DATA	Keypress:t held
148.9542	DATA	Keypress: t
149.4604	DATA	Keypress: t
149.7299	DATA	Keypress:t held
149.9335	DATA	Keypress: t
150.4063	DATA	Keypress: t
150.7435	DATA	Keypress:t held
150.8957	DATA	Keypress: t
151.3349	DATA	Keypress: t
151.7730	DATA	Keypress:t held
151.8412	DATA	Keypress: t
152.3817	DATA	Keypress: t
152.7860	DATA	Keypress:t held
152.9893	DATA	Keypress: t
153.4621	DATA	Keypress: t
153.7991	DATA	Keypress:t held
153.7992	DATA	earn t
153.9689	DATA	Keypress: t
154.5426	DATA	Keypress: t
155.1335	DATA	Keypress: t
155.7077	DATA	Keypress: v
155.8927	DATA	Keypress:v held
156.2142	DATA	Keypress: v
156.7546	DATA	Keypress: v
156.9227	DATA	Keypress:v held
157.2611	DATA	Keypress: v
157.7169	DATA	Keypress: v
157.9358	DATA	Keypress:v held
157.9358	DATA	earn v
158.1731	DATA	Keypress: v
158.7977	DATA	Keypress: v
159.3209	DATA	Keypress: v
159.9119	DATA	Keypress: v
160.0463	DATA	Keypress:v held
160.5028	DATA	Keypress: v
161.0274	DATA	Keypress: v
161.0594	DATA	Keypress:v held
161.5665	DATA	Keypress: v
162.0892	DATA	Keypress:v held
162.0900	DATA	Keypress: v
162.5470	DATA	Keypress: v
163.1022	DATA	Keypress:v held
163.1549	DATA	Keypress: t
163.6939	DATA	Keypress: t
164.1321	DATA	Keypress:t held
164.2509	DATA	Keypress: t
164.7238	DATA	Keypress: t
165.1452	DATA	Keypress:t held
165.1453	DATA	earn t
165.2527	DATA	Keypress: t
165.8048	DATA	Keypress: t
166.3276	DATA	Keypress: t
166.8176	DATA	Keypress: t
167.2558	DATA	Keypress:t held
167.3240	DATA	Keypress: t
167.8304	DATA	Keypress: t
168.2688	DATA	Keypress:t held
168.4723	DATA	Keypress: t
168.9449	DATA	Keypress: t
169.2821	DATA	Keypress:t held
169.2822	DATA	earn t
169.3994	DATA	Keypress: t
169.9412	DATA	Keypress: t
170.4989	DATA	Keypress: t
170.9877	DATA	Keypress: t
171.3924	DATA	Keypress:t held
171.4945	DATA	Keypress: t
172.0346	DATA	Keypress: t
172.4056	DATA	Keypress:t held
172.4057	DATA	earn t
172.5750	DATA	Keypress: t
173.0815	DATA	Keypress: t
173.5546	DATA	Keypress: t
174.0945	DATA	Keypress: t
174.5328	DATA	Keypress:t held
174.5841	DATA	Keypress: t
175.1750	DATA	Keypress: t
175.5458	DATA	Keypress:t held
175.6478	DATA	Keypress: t
176.0868	DATA	Keypress: t
176.5588	DATA	Keypress:t held
176.5933	DATA	Keypress: t
177.1159	DATA	start rating L
177.1373	DATA	Keypress: t
185.2314	DATA	Keypress: v
185.4680	DATA	Keypress: v
185.7380	DATA	Keypress: v
186.2105	DATA	Keypress: v
186.8186	DATA	Keypress: t
187.0589	DATA	Keypress: t
187.3758	DATA	Keypress: t
189.6060	DATA	Keypress: t
189.9081	DATA	Keypress: t
190.1784	DATA	Keypress: t
192.1709	DATA	Keypress: v
192.4076	DATA	Keypress: v
192.6937	DATA	Keypress: v
196.6780	DATA	Keypress: v
197.2868	DATA	Keypress: v
199.4479	DATA	Keypress: return
199.4482	DATA	RatingScale rateL_scale: (key response) rating=6
199.4483	DATA	RatingScale rateL_scale: rating RT=22.332
199.4489	DATA	6.0
199.4489	DATA	end rating L
199.4554	DATA	start rating R
202.2507	DATA	Keypress: t
203.0776	DATA	Keypress: t
205.1208	DATA	Keypress: return
205.1212	DATA	RatingScale rateR_scale: (key response) rating=2
205.1212	DATA	RatingScale rateR_scale: rating RT=5.666
205.1218	DATA	2.0
205.1231	DATA	end rating R
212.5396	DATA	Keypress: t
212.5559	DATA	Keypress:t held
212.9110	DATA	Keypress: t
213.2824	DATA	Keypress: t
213.5689	DATA	Keypress:t held
213.5689	DATA	earn t
213.6931	DATA	Keypress: t
214.2452	DATA	Keypress: t
214.6963	DATA	Keypress: t
215.0553	DATA	Keypress: t
215.4438	DATA	Keypress: t
215.7132	DATA	Keypress:t held
215.8828	DATA	Keypress: t
216.2711	DATA	Keypress: t
216.6426	DATA	Keypress: t
216.7263	DATA	Keypress:t held
217.0479	DATA	Keypress: t
217.4531	DATA	Keypress: t
217.7394	DATA	Keypress:t held
217.8920	DATA	Keypress: t
218.2985	DATA	Keypress: t
218.7192	DATA	Keypress: t
218.7524	DATA	Keypress:t held
219.1584	DATA	Keypress: t
219.5971	DATA	Keypress: t
219.7655	DATA	Keypress:t held
220.0193	DATA	Keypress: t
220.5260	DATA	Keypress: v
220.7955	DATA	Keypress:v held
220.9481	DATA	Keypress: v
221.3533	DATA	Keypress: v
221.7583	DATA	Keypress: v
221.8083	DATA	Keypress:v held
222.1806	DATA	Keypress: v
222.6532	DATA	Keypress: v
222.8213	DATA	Keypress:v held
223.0583	DATA	Keypress: v
223.4637	DATA	Keypress: v
223.8345	DATA	Keypress:v held
223.8345	DATA	earn v
223.9363	DATA	Keypress: v
224.3420	DATA	Keypress: v
224.7806	DATA	Keypress: v
225.2534	DATA	Keypress: v
225.6756	DATA	Keypress: v
225.9793	DATA	Keypress:v held
226.1146	DATA	Keypress: v
226.5367	DATA	Keypress: v
226.9587	DATA	Keypress: v
226.9919	DATA	Keypress:v held
227.3978	DATA	Keypress: v
228.0049	DATA	Keypress:v held
228.0393	DATA	Keypress: t
228.4785	DATA	Keypress: t
228.9850	DATA	Keypress: t
229.0180	DATA	Keypress:t held
229.3903	DATA	Keypress: t
229.8798	DATA	Keypress: t
230.0310	DATA	Keypress:t held
230.2512	DATA	Keypress: t
230.6740	DATA	Keypress: t
231.0441	DATA	Keypress:t held
231.1123	DATA	Keypress: t
231.5006	DATA	Keypress: t
231.9226	DATA	Keypress: t
232.0570	DATA	Keypress:t held
232.3620	DATA	Keypress: t
232.8512	DATA	Keypress: t
233.0701	DATA	Keypress:t held
233.2732	DATA	Keypress: t
233.6955	DATA	Keypress: t
234.1000	DATA	Keypress:t held
234.1007	DATA	Keypress: t
234.5565	DATA	Keypress: t
235.0125	DATA	Keypress: t
235.1131	DATA	Keypress:t held
235.4018	DATA	Keypress: t
235.8739	DATA	Keypress: t
236.1260	DATA	Keypress:t held
236.3125	DATA	Keypress: t
236.7684	DATA	Keypress: t
237.1561	DATA	Keypress:t held
237.2244	DATA	Keypress: t
237.7477	DATA	Keypress: v
238.1691	DATA	Keypress:v held
238.1865	DATA	Keypress: v
238.6595	DATA	Keypress: v
239.1323	DATA	Keypress: v
239.1991	DATA	Keypress:v held
239.5543	DATA	Keypress: v
239.9765	DATA	Keypress: v
240.2121	DATA	Keypress:v held
240.2122	DATA	earn v
240.4326	DATA	Keypress: v
240.9391	DATA	Keypress: v
241.4116	DATA	Keypress: v
241.8505	DATA	Keypress: v
242.3067	DATA	Keypress: v
242.3733	DATA	Keypress:v held
242.7461	DATA	Keypress: v
243.1676	DATA	Keypress: v
243.3864	DATA	Keypress:v held
243.3864	DATA	earn v
243.6068	DATA	Keypress: v
244.0120	DATA	Keypress: v
244.5539	DATA	Keypress: v
244.8737	DATA	Keypress: v
245.3288	DATA	Keypress: v
245.5645	DATA	Keypress:v held
245.8016	DATA	Keypress: v
246.2068	DATA	Keypress: v
246.5778	DATA	Keypress:v held
246.6121	DATA	Keypress: v
247.0172	DATA	Keypress: v
247.4225	DATA	Keypress: v
247.5911	DATA	Keypress:v held
247.8446	DATA	Keypress: v
248.2669	DATA	Keypress: v
248.6037	DATA	Keypress:v held
248.7056	DATA	Keypress: v
249.1461	DATA	Keypress: v
249.6006	DATA	Keypress: v
249.6168	DATA	Keypress:v held
250.0227	DATA	Keypress: v
250.6298	DATA	Keypress:v held
250.6980	DATA	Keypress: t
251.1539	DATA	Keypress: t
251.5591	DATA	Keypress: t
251.6429	DATA	Keypress:t held
251.9979	DATA	Keypress: t
252.5046	DATA	Keypress: t
252.6558	DATA	Keypress:t held
252.6559	DATA	earn t
252.9437	DATA	Keypress: t
253.3995	DATA	Keypress: t
253.8552	DATA	Keypress: t
254.3280	DATA	Keypress: t
254.7501	DATA	Keypress: t
254.8339	DATA	Keypress:t held
254.8339	DATA	earn t
255.1893	DATA	Keypress: t
255.6789	DATA	Keypress: t
256.1009	DATA	Keypress: t
256.5399	DATA	Keypress: t
257.0126	DATA	Keypress: t
257.0795	DATA	Keypress:t held
257.4517	DATA	Keypress: t
257.8737	DATA	Keypress: t
258.0925	DATA	Keypress:t held
258.3139	DATA	Keypress: t
258.8024	DATA	Keypress: t
259.1056	DATA	Keypress:t held
259.2076	DATA	Keypress: t
259.5789	DATA	Keypress: t
260.0351	DATA	Keypress: t
260.1187	DATA	Keypress:t held
260.4570	DATA	Keypress: t
260.8623	DATA	Keypress: t
261.1317	DATA	Keypress:t held
261.2505	DATA	Keypress: t
261.6735	DATA	Keypress: t
262.1615	DATA	Keypress:t held
262.4999	DATA	Keypress: v
262.9389	DATA	Keypress: v
263.1746	DATA	Keypress:v held
263.3442	DATA	Keypress: v
263.8000	DATA	Keypress: v
264.1876	DATA	Keypress:v held
264.2559	DATA	Keypress: v
264.6442	DATA	Keypress: v
265.0495	DATA	Keypress: v
265.4301	DATA	start rating L
265.4651	DATA	Keypress: v
273.2651	DATA	Keypress: t
282.4711	DATA	Keypress: return
282.4714	DATA	RatingScale rateL_scale: (key response) rating=4
282.4715	DATA	RatingScale rateL_scale: rating RT=17.041
282.4720	DATA	4.0
282.4720	DATA	end rating L
282.4789	DATA	start rating R
285.4060	DATA	Keypress: t
289.0187	DATA	Keypress: return
289.0191	DATA	RatingScale rateR_scale: (key response) rating=3
289.0192	DATA	RatingScale rateR_scale: rating RT=6.540
289.0196	DATA	3.0
289.0207	DATA	end rating R
290.9160	DATA	Keypress: t
290.9491	DATA	Keypress:t held
291.3055	DATA	Keypress: t
291.6756	DATA	Keypress: t
291.9619	DATA	Keypress:t held
291.9620	DATA	earn t
292.0736	DATA	Keypress: t
292.4188	DATA	Keypress: t
292.8577	DATA	Keypress: t
293.2289	DATA	Keypress: t
293.6509	DATA	Keypress: t
294.0564	DATA	Keypress: t
294.2243	DATA	Keypress:t held
294.4616	DATA	Keypress: t
294.9005	DATA	Keypress: t
295.2374	DATA	Keypress:t held
295.3226	DATA	Keypress: t
295.7617	DATA	Keypress: t
296.1851	DATA	Keypress: t
296.2506	DATA	Keypress:t held
296.2506	DATA	earn t
296.5720	DATA	Keypress: t
297.0969	DATA	Keypress: t
297.7373	DATA	Keypress: t
298.1930	DATA	Keypress: t
298.4624	DATA	Keypress:t held
298.6493	DATA	Keypress: t
299.1047	DATA	Keypress: t
299.4755	DATA	Keypress:t held
299.5437	DATA	Keypress: t
299.9827	DATA	Keypress: t
300.3879	DATA	Keypress: t
300.4885	DATA	Keypress:t held
300.8102	DATA	Keypress: t
301.2323	DATA	Keypress: t
301.5016	DATA	Keypress:t held
301.6541	DATA	Keypress: t
302.0594	DATA	Keypress: t
302.4985	DATA	Keypress: t
302.5316	DATA	Keypress:t held
302.9881	DATA	Keypress: t
303.4440	DATA	Keypress: t
303.5445	DATA	Keypress:t held
303.8999	DATA	Keypress: t
304.4402	DATA	Keypress: t
304.5582	DATA	Keypress:t held
305.1830	DATA	Keypress: v
305.5707	DATA	Keypress:v held
305.6897	DATA	Keypress: v
306.0611	DATA	Keypress: v
306.4494	DATA	Keypress: v
306.5837	DATA	Keypress:v held
306.8207	DATA	Keypress: v
307.2599	DATA	Keypress: v
307.5969	DATA	Keypress:v held
307.6652	DATA	Keypress: v
308.0872	DATA	Keypress: v
308.4923	DATA	Keypress: v
308.6099	DATA	Keypress:v held
308.6100	DATA	earn v
308.9484	DATA	Keypress: v
309.4213	DATA	Keypress: v
309.8600	DATA	Keypress: v
310.2653	DATA	Keypress: v
310.6536	DATA	Keypress: v
310.8218	DATA	Keypress:v held
311.0589	DATA	Keypress: v
311.3966	DATA	Keypress: v
311.7679	DATA	Keypress: v
311.8346	DATA	Keypress:v held
312.1730	DATA	Keypress: v
312.5445	DATA	Keypress: v
312.8477	DATA	Keypress:v held
312.9160	DATA	Keypress: v
313.3212	DATA	Keypress: v
313.7095	DATA	Keypress: v
313.8608	DATA	Keypress:v held
314.0979	DATA	Keypress: v
314.5369	DATA	Keypress: v
314.8739	DATA	Keypress:v held
314.9084	DATA	Keypress: v
315.2967	DATA	Keypress: v
315.7188	DATA	Keypress: v
315.8870	DATA	Keypress:v held
316.2257	DATA	Keypress: t
316.6475	DATA	Keypress: t
316.9000	DATA	Keypress:t held
317.0357	DATA	Keypress: t
317.4241	DATA	Keypress: t
317.7960	DATA	Keypress: t
317.9131	DATA	Keypress:t held
318.1839	DATA	Keypress: t
318.5721	DATA	Keypress: t
318.9430	DATA	Keypress:t held
318.9431	DATA	earn t
319.0510	DATA	Keypress: t
319.4506	DATA	Keypress: t
319.8894	DATA	Keypress: t
320.3114	DATA	Keypress: t
320.7165	DATA	Keypress: t
321.1219	DATA	Keypress: t
321.1549	DATA	Keypress:t held
321.5451	DATA	Keypress: t
321.9656	DATA	Keypress: t
322.1678	DATA	Keypress:t held
322.3880	DATA	Keypress: t
322.7935	DATA	Keypress: t
323.1808	DATA	Keypress:t held
323.1984	DATA	Keypress: t
323.6205	DATA	Keypress: t
324.0594	DATA	Keypress: t
324.1939	DATA	Keypress:t held
324.4986	DATA	Keypress: t
324.9037	DATA	Keypress: t
325.2070	DATA	Keypress:t held
325.3598	DATA	Keypress: t
325.8324	DATA	Keypress: t
326.2205	DATA	Keypress:t held
326.2714	DATA	Keypress: t
326.6597	DATA	Keypress: t
327.0648	DATA	Keypress: t
327.2331	DATA	Keypress:t held
327.2331	DATA	earn t
327.5041	DATA	Keypress: t
327.9431	DATA	Keypress: t
328.4384	DATA	Keypress: t
328.9223	DATA	Keypress: v
329.3781	DATA	Keypress: v
329.4449	DATA	Keypress:v held
329.4450	DATA	earn v
329.7848	DATA	Keypress: v
330.2729	DATA	Keypress: v
330.6951	DATA	Keypress: v
331.1003	DATA	Keypress: v
331.5224	DATA	Keypress: v
331.6567	DATA	Keypress:v held
331.9442	DATA	Keypress: v
332.3496	DATA	Keypress: v
332.6866	DATA	Keypress:v held
332.7886	DATA	Keypress: v
333.1767	DATA	Keypress: v
333.5990	DATA	Keypress: v
333.6996	DATA	Keypress:v held
334.0380	DATA	Keypress: v
334.4264	DATA	Keypress: v
334.7127	DATA	Keypress:v held
334.8147	DATA	Keypress: v
335.2031	DATA	Keypress: v
335.6251	DATA	Keypress: v
335.7426	DATA	Keypress:v held
335.7427	DATA	earn v
336.0137	DATA	Keypress: v
336.4696	DATA	Keypress: v
336.9558	DATA	Keypress: v
337.3305	DATA	Keypress: v
337.8205	DATA	Keypress: v
337.9714	DATA	Keypress:v held
337.9714	DATA	earn v
338.2424	DATA	Keypress: v
338.6476	DATA	Keypress: v
339.2114	DATA	Keypress: v
339.4411	DATA	Keypress: v
339.8631	DATA	Keypress: v
340.2170	DATA	Keypress:v held
340.3020	DATA	Keypress: v
340.7748	DATA	Keypress: v
341.2139	DATA	Keypress: v
341.2469	DATA	Keypress:v held
341.6359	DATA	Keypress: v
342.0916	DATA	Keypress: v
342.2598	DATA	Keypress:v held
342.2599	DATA	earn v
342.4973	DATA	Keypress: v
342.9359	DATA	Keypress: v
343.4807	DATA	Keypress: v
343.8138	DATA	Keypress: v
344.2191	DATA	Keypress: v
344.4886	DATA	Keypress:v held
344.6245	DATA	Keypress: v
345.0464	DATA	Keypress: v
345.4855	DATA	Keypress: v
345.5016	DATA	Keypress:v held
345.9244	DATA	Keypress: v
346.3298	DATA	Keypress: v
346.5147	DATA	Keypress:v held
346.7518	DATA	Keypress: v
347.2414	DATA	Keypress: v
347.5446	DATA	Keypress:v held
347.8155	DATA	Keypress: t
348.1700	DATA	Keypress: t
348.5577	DATA	Keypress:t held
348.5766	DATA	Keypress: t
348.9637	DATA	Keypress: t
349.4162	DATA	start rating L
349.4237	DATA	Keypress: t
352.1650	DATA	Keypress: v
356.3525	DATA	Keypress: t
357.3315	DATA	Keypress: return
357.3319	DATA	RatingScale rateL_scale: (key response) rating=3
357.3320	DATA	RatingScale rateL_scale: rating RT=7.916
357.3325	DATA	3.0
357.3325	DATA	end rating L
357.3399	DATA	start rating R
358.3104	DATA	Keypress: v
359.7766	DATA	Keypress: return
359.7769	DATA	RatingScale rateR_scale: (key response) rating=5
359.7769	DATA	RatingScale rateR_scale: rating RT=2.437
359.7773	DATA	5.0
359.7782	DATA	end rating R
361.0189	DATA	Keypress: t
361.0520	DATA	Keypress:t held
361.0520	DATA	earn t
361.5255	DATA	Keypress: t
362.0152	DATA	Keypress: t
362.4035	DATA	Keypress: t
362.8087	DATA	Keypress: t
363.1800	DATA	Keypress: t
363.3144	DATA	Keypress:t held
363.5516	DATA	Keypress: t
363.9061	DATA	Keypress: t
364.3113	DATA	Keypress: t
364.3444	DATA	Keypress:t held
364.3445	DATA	earn t
364.6830	DATA	Keypress: t
365.0376	DATA	Keypress: t
365.5925	DATA	Keypress: t
365.7465	DATA	Keypress: t
366.0843	DATA	Keypress: t
366.4560	DATA	Keypress: t
366.6069	DATA	Keypress:t held
366.8272	DATA	Keypress: t
367.1818	DATA	Keypress: t
367.5365	DATA	Keypress: t
367.6369	DATA	Keypress:t held
367.6370	DATA	earn t
367.9248	DATA	Keypress: t
368.2793	DATA	Keypress: t
368.6337	DATA	Keypress: t
369.0390	DATA	Keypress: t
369.3936	DATA	Keypress: t
369.7651	DATA	Keypress: t
369.9163	DATA	Keypress:t held
370.0858	DATA	Keypress: t
370.4405	DATA	Keypress: t
370.7781	DATA	Keypress: t
370.9462	DATA	Keypress:t held
371.1496	DATA	Keypress: t
371.5208	DATA	Keypress: t
371.8754	DATA	Keypress: t
371.9591	DATA	Keypress:t held
372.2129	DATA	Keypress: t
372.5525	DATA	Keypress: t
372.9563	DATA	Keypress: t
372.9891	DATA	Keypress:t held
373.3105	DATA	Keypress: t
373.6821	DATA	Keypress: t
374.0021	DATA	Keypress:t held
374.0022	DATA	earn t
374.1551	DATA	Keypress: v
374.6278	DATA	Keypress: v
375.2745	DATA	Keypress: v
375.5055	DATA	Keypress: v
375.9616	DATA	Keypress: v
376.2984	DATA	Keypress:v held
376.3666	DATA	Keypress: v
376.7548	DATA	Keypress: v
377.1603	DATA	Keypress: v
377.3114	DATA	Keypress:v held
377.5148	DATA	Keypress: v
377.9200	DATA	Keypress: v
378.2912	DATA	Keypress: v
378.3245	DATA	Keypress:v held
378.6799	DATA	Keypress: v
379.0851	DATA	Keypress: v
379.3376	DATA	Keypress:v held
379.4396	DATA	Keypress: v
379.7944	DATA	Keypress: v
380.1487	DATA	Keypress: v
380.3507	DATA	Keypress:v held
380.5040	DATA	Keypress: v
380.9086	DATA	Keypress: v
381.2802	DATA	Keypress: v
381.3641	DATA	Keypress:v held
381.6852	DATA	Keypress: v
382.0563	DATA	Keypress: v
382.3766	DATA	Keypress:v held
382.4787	DATA	Keypress: v
382.8163	DATA	Keypress: v
383.3394	DATA	Keypress: t
383.3897	DATA	Keypress:t held
383.6941	DATA	Keypress: t
384.0995	DATA	Keypress: t
384.4027	DATA	Keypress:t held
384.4710	DATA	Keypress: t
384.9607	DATA	Keypress: t
385.3321	DATA	Keypress: t
385.4158	DATA	Keypress:t held
385.6866	DATA	Keypress: t
386.0244	DATA	Keypress: t
386.4129	DATA	Keypress: t
386.4293	DATA	Keypress:t held
386.4293	DATA	earn t
386.8012	DATA	Keypress: t
387.1892	DATA	Keypress: t
387.6980	DATA	Keypress: t
387.9323	DATA	Keypress: t
388.2882	DATA	Keypress: t
388.6752	DATA	Keypress: t
388.7083	DATA	Keypress:t held
389.0635	DATA	Keypress: t
389.4350	DATA	Keypress: t
389.7382	DATA	Keypress:t held
389.8064	DATA	Keypress: t
390.2115	DATA	Keypress: t
390.6336	DATA	Keypress: t
390.7512	DATA	Keypress:t held
390.7512	DATA	earn t
390.9885	DATA	Keypress: t
391.3602	DATA	Keypress: t
391.7481	DATA	Keypress: t
392.1038	DATA	Keypress: t
392.5078	DATA	Keypress: t
392.8793	DATA	Keypress: t
393.0309	DATA	Keypress:t held
393.2169	DATA	Keypress: t
393.5883	DATA	Keypress: t
393.9436	DATA	Keypress: t
394.0604	DATA	Keypress:t held
394.2975	DATA	Keypress: t
394.6352	DATA	Keypress: t
395.0066	DATA	Keypress: t
395.0735	DATA	Keypress:t held
395.4286	DATA	Keypress: t
395.7664	DATA	Keypress: t
396.0866	DATA	Keypress:t held
396.1548	DATA	Keypress: t
396.5431	DATA	Keypress: t
397.0159	DATA	Keypress: v
397.0996	DATA	Keypress:v held
397.4549	DATA	Keypress: v
397.8601	DATA	Keypress: v
398.1127	DATA	Keypress:v held
398.2653	DATA	Keypress: v
398.6198	DATA	Keypress: v
398.9757	DATA	Keypress: v
399.1426	DATA	Keypress:v held
399.3292	DATA	Keypress: v
399.7005	DATA	Keypress: v
400.0888	DATA	Keypress: v
400.1557	DATA	Keypress:v held
400.4605	DATA	Keypress: v
400.8161	DATA	Keypress: v
401.1688	DATA	Keypress:v held
401.2033	DATA	Keypress: v
401.5747	DATA	Keypress: v
401.9627	DATA	Keypress: v
402.1817	DATA	Keypress:v held
402.3342	DATA	Keypress: v
402.7565	DATA	Keypress: v
403.1279	DATA	Keypress: v
403.1947	DATA	Keypress:v held
403.4657	DATA	Keypress: v
403.8706	DATA	Keypress: v
404.2078	DATA	Keypress:v held
404.2423	DATA	Keypress: v
404.7994	DATA	Keypress: t
405.2046	DATA	Keypress: t
405.2208	DATA	Keypress:t held
405.6099	DATA	Keypress: t
405.9996	DATA	Keypress: t
406.2339	DATA	Keypress:t held
406.2340	DATA	earn t
406.4205	DATA	Keypress: t
406.8426	DATA	Keypress: t
407.5486	DATA	Keypress: t
407.7712	DATA	Keypress: t
408.1437	DATA	Keypress: t
408.5639	DATA	Keypress:t held
408.5815	DATA	Keypress: t
408.9699	DATA	Keypress: t
409.3751	DATA	Keypress: t
409.5770	DATA	Keypress:t held
409.5770	DATA	earn t
409.7468	DATA	Keypress: t
410.1349	DATA	Keypress: t
410.5400	DATA	Keypress: t
410.9454	DATA	Keypress: t
411.3506	DATA	Keypress: t
411.7218	DATA	Keypress: t
411.8731	DATA	Keypress:t held
411.8732	DATA	earn t
412.1441	DATA	Keypress: t
412.5325	DATA	Keypress: t
413.1799	DATA	Keypress: t
413.3090	DATA	Keypress: t
413.6974	DATA	Keypress: t
414.0856	DATA	Keypress: t
414.1863	DATA	Keypress:t held
414.4909	DATA	Keypress: t
414.8961	DATA	Keypress: t
415.1993	DATA	Keypress:t held
415.2675	DATA	Keypress: t
415.6559	DATA	Keypress: t
416.0443	DATA	Keypress: t
416.2123	DATA	Keypress:t held
416.4496	DATA	Keypress: t
416.8547	DATA	Keypress: t
417.2254	DATA	Keypress:t held
417.2430	DATA	Keypress: t
417.6145	DATA	Keypress: t
418.0197	DATA	Keypress: t
418.2385	DATA	Keypress:t held
418.5093	DATA	Keypress: v
418.8807	DATA	Keypress: v
419.2685	DATA	Keypress:v held
419.2693	DATA	Keypress: v
419.6744	DATA	Keypress: v
420.2373	DATA	start rating L
420.2482	DATA	Keypress: v
420.4452	DATA	Keypress: v
426.0498	DATA	Keypress: return
426.0501	DATA	RatingScale rateL_scale: (key response) rating=6
426.0502	DATA	RatingScale rateL_scale: rating RT=5.813
426.0507	DATA	6.0
426.0507	DATA	end rating L
426.0582	DATA	start rating R
427.4682	DATA	Keypress: t
428.8019	DATA	Keypress: t
429.9337	DATA	Keypress: return
429.9341	DATA	RatingScale rateR_scale: (key response) rating=2
429.9342	DATA	RatingScale rateR_scale: rating RT=3.876
429.9346	DATA	2.0
429.9356	DATA	end rating R
431.2233	DATA	Keypress: t
431.2564	DATA	Keypress:t held
431.2564	DATA	earn t
431.5950	DATA	Keypress: t
431.9676	DATA	Keypress: t
432.5822	DATA	Keypress: t
432.7765	DATA	Keypress: t
433.1142	DATA	Keypress: t
433.4856	DATA	Keypress: t
433.5862	DATA	Keypress:t held
433.8571	DATA	Keypress: t
434.1948	DATA	Keypress: t
434.5662	DATA	Keypress: t
434.5993	DATA	Keypress:t held
434.8702	DATA	Keypress: t
435.2247	DATA	Keypress: t
435.6124	DATA	Keypress:t held
435.6132	DATA	Keypress: t
435.9845	DATA	Keypress: t
436.3897	DATA	Keypress: t
436.6254	DATA	Keypress:t held
436.7111	DATA	Keypress: t
437.0821	DATA	Keypress: t
437.4366	DATA	Keypress: t
437.6554	DATA	Keypress:t held
437.7912	DATA	Keypress: t
438.1795	DATA	Keypress: t
438.5510	DATA	Keypress: t
438.6685	DATA	Keypress:t held
439.0237	DATA	Keypress: v
439.4628	DATA	Keypress: v
439.6984	DATA	Keypress:v held
439.8681	DATA	Keypress: v
440.2226	DATA	Keypress: v
440.5940	DATA	Keypress: v
440.7115	DATA	Keypress:v held
440.9485	DATA	Keypress: v
441.2876	DATA	Keypress: v
441.6744	DATA	Keypress: v
441.7242	DATA	Keypress:v held
442.0459	DATA	Keypress: v
442.4173	DATA	Keypress: v
442.7543	DATA	Keypress:v held
442.7544	DATA	earn v
442.8614	DATA	Keypress: v
443.2280	DATA	Keypress: v
443.5993	DATA	Keypress: v
444.1136	DATA	Keypress: v
444.3421	DATA	Keypress: v
444.7136	DATA	Keypress: v
445.1033	DATA	Keypress: v
445.1181	DATA	Keypress:v held
445.5070	DATA	Keypress: v
445.8617	DATA	Keypress: v
446.1481	DATA	Keypress:v held
446.2163	DATA	Keypress: v
446.6046	DATA	Keypress: v
446.9591	DATA	Keypress: v
447.1611	DATA	Keypress:v held
447.1611	DATA	earn v
447.3475	DATA	Keypress: v
447.7192	DATA	Keypress: v
448.0907	DATA	Keypress: v
448.4980	DATA	Keypress: v
448.8165	DATA	Keypress: v
449.1542	DATA	Keypress: v
449.5249	DATA	Keypress:v held
449.5272	DATA	Keypress: v
449.8972	DATA	Keypress: v
450.2684	DATA	Keypress: v
450.5380	DATA	Keypress:v held
450.6068	DATA	Keypress: v
450.9607	DATA	Keypress: v
451.3154	DATA	Keypress: v
451.5511	DATA	Keypress:v held
451.6700	DATA	Keypress: v
452.0411	DATA	Keypress: v
452.4469	DATA	Keypress: v
452.5639	DATA	Keypress:v held
452.5640	DATA	earn v
452.9701	DATA	Keypress: t
453.3247	DATA	Keypress: t
453.8946	DATA	Keypress: t
454.1516	DATA	Keypress: t
454.5233	DATA	Keypress: t
454.8940	DATA	Keypress:t held
454.8948	DATA	Keypress: t
455.2493	DATA	Keypress: t
455.5867	DATA	Keypress: t
455.9070	DATA	Keypress:t held
455.9586	DATA	Keypress: t
456.3468	DATA	Keypress: t
456.7013	DATA	Keypress: t
456.9201	DATA	Keypress:t held
457.0560	DATA	Keypress: t
457.3936	DATA	Keypress: t
457.7820	DATA	Keypress: t
457.9501	DATA	Keypress:t held
458.1872	DATA	Keypress: t
458.5080	DATA	Keypress: t
458.8457	DATA	Keypress: t
458.9631	DATA	Keypress:t held
459.2170	DATA	Keypress: t
459.5886	DATA	Keypress: t
459.9601	DATA	Keypress: t
459.9931	DATA	Keypress:t held
460.3484	DATA	Keypress: t
460.7198	DATA	Keypress: t
461.0061	DATA	Keypress:t held
461.1082	DATA	Keypress: t
461.5472	DATA	Keypress: v
461.9353	DATA	Keypress: v
462.0190	DATA	Keypress:v held
462.3235	DATA	Keypress: v
462.7458	DATA	Keypress: v
463.0490	DATA	Keypress:v held
463.1173	DATA	Keypress: v
463.5392	DATA	Keypress: v
463.9108	DATA	Keypress: v
464.0620	DATA	Keypress:v held
464.2823	DATA	Keypress: v
464.6031	DATA	Keypress: v
464.9746	DATA	Keypress: v
465.0920	DATA	Keypress:v held
465.3459	DATA	Keypress: v
465.7343	DATA	Keypress: v
466.1049	DATA	Keypress:v held
466.1058	DATA	Keypress: v
466.5111	DATA	Keypress: v
466.8993	DATA	Keypress: v
467.1181	DATA	Keypress:v held
467.3044	DATA	Keypress: v
467.7267	DATA	Keypress: v
468.1311	DATA	Keypress:v held
468.1319	DATA	Keypress: v
468.5033	DATA	Keypress: v
469.0942	DATA	Keypress: t
469.1442	DATA	Keypress:t held
469.5503	DATA	Keypress: t
469.9217	DATA	Keypress: t
470.1573	DATA	Keypress:t held
470.2930	DATA	Keypress: t
470.6815	DATA	Keypress: t
471.0529	DATA	Keypress: t
471.1873	DATA	Keypress:t held
471.4581	DATA	Keypress: t
471.8125	DATA	Keypress: t
472.2001	DATA	Keypress:t held
472.2009	DATA	Keypress: t
472.5890	DATA	Keypress: t
472.9437	DATA	Keypress: t
473.2132	DATA	Keypress:t held
473.3322	DATA	Keypress: t
473.7035	DATA	Keypress: t
474.1257	DATA	Keypress: t
474.2262	DATA	Keypress:t held
474.4803	DATA	Keypress: t
474.8686	DATA	Keypress: t
475.2394	DATA	Keypress:t held
475.2402	DATA	Keypress: t
475.6282	DATA	Keypress: t
475.9996	DATA	Keypress: t
476.2693	DATA	Keypress:t held
476.4051	DATA	Keypress: t
476.7765	DATA	Keypress: t
477.2823	DATA	Keypress:t held
477.3348	DATA	Keypress: v
477.7558	DATA	Keypress: v
478.1611	DATA	Keypress: v
478.2959	DATA	Keypress:v held
478.5155	DATA	Keypress: v
478.8701	DATA	Keypress: v
479.2417	DATA	Keypress: v
479.3085	DATA	Keypress:v held
479.6131	DATA	Keypress: v
479.9846	DATA	Keypress: v
480.3216	DATA	Keypress:v held
480.3391	DATA	Keypress: v
480.6938	DATA	Keypress: v
481.1158	DATA	Keypress: v
481.3515	DATA	Keypress:v held
481.4873	DATA	Keypress: v
481.8756	DATA	Keypress: v
482.2808	DATA	Keypress: v
482.3646	DATA	Keypress:v held
482.6860	DATA	Keypress: v
483.0575	DATA	Keypress: v
483.3776	DATA	Keypress:v held
483.4465	DATA	Keypress: v
483.8174	DATA	Keypress: v
484.2068	DATA	Keypress: v
484.4076	DATA	Keypress:v held
484.4076	DATA	earn v
484.6112	DATA	Keypress: v
485.0501	DATA	Keypress: v
485.7499	DATA	Keypress: v
485.8604	DATA	Keypress: v
486.2319	DATA	Keypress: v
486.6370	DATA	Keypress: v
486.7545	DATA	Keypress:v held
486.9915	DATA	Keypress: v
487.3968	DATA	Keypress: v
487.7676	DATA	Keypress:v held
487.7676	DATA	earn v
487.8725	DATA	Keypress: v
488.2075	DATA	Keypress: v
488.5786	DATA	Keypress: v
489.1079	DATA	Keypress: v
489.3553	DATA	Keypress: v
489.7269	DATA	Keypress: v
490.0800	DATA	Keypress: v
490.4848	DATA	start rating L
490.4927	DATA	Keypress: v
494.7223	DATA	Keypress: t
495.2037	DATA	Keypress: t
496.5921	DATA	Keypress: t
497.7063	DATA	Keypress: return
497.7067	DATA	RatingScale rateL_scale: (key response) rating=2
497.7068	DATA	RatingScale rateL_scale: rating RT=7.222
497.7073	DATA	2.0
497.7073	DATA	end rating L
497.7144	DATA	start rating R
498.9728	DATA	Keypress: v
499.9872	DATA	Keypress: return
499.9876	DATA	RatingScale rateR_scale: (key response) rating=5
499.9877	DATA	RatingScale rateR_scale: rating RT=2.273
499.9882	DATA	5.0
499.9892	DATA	end rating R
501.6303	DATA	Keypress: t
501.6632	DATA	Keypress:t held
501.6633	DATA	earn t
502.0185	DATA	Keypress: t
502.4573	DATA	Keypress: t
503.0316	DATA	Keypress: t
503.2004	DATA	Keypress: t
503.5380	DATA	Keypress: t
503.9103	DATA	Keypress: t
504.0438	DATA	Keypress:t held
504.2807	DATA	Keypress: t
504.6354	DATA	Keypress: t
504.9731	DATA	Keypress: t
505.0737	DATA	Keypress:t held
505.0738	DATA	earn t
505.3443	DATA	Keypress: t
505.6822	DATA	Keypress: t
506.0541	DATA	Keypress: t
506.4473	DATA	Keypress: t
506.7460	DATA	Keypress: t
507.1180	DATA	Keypress: t
507.4544	DATA	Keypress:t held
507.4545	DATA	earn t
507.5664	DATA	Keypress: t
507.8606	DATA	Keypress: t
508.1983	DATA	Keypress: t
508.8262	DATA	Keypress: t
508.9410	DATA	Keypress: t
509.2615	DATA	Keypress: t
509.6332	DATA	Keypress: t
509.8351	DATA	Keypress:t held
510.0046	DATA	Keypress: t
510.3591	DATA	Keypress: t
510.7135	DATA	Keypress: t
510.8482	DATA	Keypress:t held
511.0852	DATA	Keypress: t
511.4567	DATA	Keypress: t
511.7942	DATA	Keypress: t
511.8611	DATA	Keypress:t held
512.1501	DATA	Keypress: t
512.5371	DATA	Keypress: t
512.8741	DATA	Keypress:t held
512.9086	DATA	Keypress: t
513.2464	DATA	Keypress: t
513.6346	DATA	Keypress: t
513.8872	DATA	Keypress:t held
513.8873	DATA	earn t
514.0018	DATA	Keypress: t
515.2755	DATA	Keypress: v
515.3739	DATA	Keypress: v
515.7619	DATA	Keypress: v
516.1334	DATA	Keypress: v
516.3015	DATA	Keypress:v held
516.4713	DATA	Keypress: v
516.8257	DATA	Keypress: v
517.2141	DATA	Keypress: v
517.3146	DATA	Keypress:v held
517.5518	DATA	Keypress: v
517.9233	DATA	Keypress: v
518.2947	DATA	Keypress: v
518.3278	DATA	Keypress:v held
518.6662	DATA	Keypress: v
519.0208	DATA	Keypress: v
519.3408	DATA	Keypress:v held
519.3753	DATA	Keypress: v
519.7468	DATA	Keypress: v
520.0846	DATA	Keypress: v
520.3539	DATA	Keypress:v held
520.4389	DATA	Keypress: v
520.8272	DATA	Keypress: v
521.1818	DATA	Keypress: v
521.3669	DATA	Keypress:v held
521.5703	DATA	Keypress: v
521.9078	DATA	Keypress: v
522.2793	DATA	Keypress: v
522.3799	DATA	Keypress:v held
522.6507	DATA	Keypress: v
523.0052	DATA	Keypress: v
523.3601	DATA	Keypress: v
523.4098	DATA	Keypress:v held
523.4099	DATA	earn v
523.7315	DATA	Keypress: v
524.1365	DATA	Keypress: v
524.8502	DATA	Keypress: v
524.8794	DATA	Keypress: v
525.2341	DATA	Keypress: v
525.6223	DATA	Keypress: v
525.8580	DATA	Keypress:v held
526.0106	DATA	Keypress: v
526.3822	DATA	Keypress: v
526.7536	DATA	Keypress: v
526.8711	DATA	Keypress:v held
527.1420	DATA	Keypress: v
527.5134	DATA	Keypress: v
527.8842	DATA	Keypress:v held
527.8842	DATA	earn v
527.8849	DATA	Keypress: v
528.2903	DATA	Keypress: v
528.6448	DATA	Keypress: v
529.2804	DATA	Keypress: v
529.3876	DATA	Keypress: v
529.7591	DATA	Keypress: v
530.1305	DATA	Keypress: v
530.2822	DATA	Keypress:v held
530.5020	DATA	Keypress: v
530.8564	DATA	Keypress: v
531.2112	DATA	Keypress: v
531.3117	DATA	Keypress:v held
531.5826	DATA	Keypress: v
531.9369	DATA	Keypress: v
532.3093	DATA	Keypress: v
532.3246	DATA	Keypress:v held
532.7980	DATA	Keypress: t
533.1864	DATA	Keypress: t
533.3545	DATA	Keypress:t held
533.5577	DATA	Keypress: t
533.9294	DATA	Keypress: t
534.3020	DATA	Keypress: t
534.3676	DATA	Keypress:t held
534.7060	DATA	Keypress: t
535.0775	DATA	Keypress: t
535.3806	DATA	Keypress:t held
535.4320	DATA	Keypress: t
535.8033	DATA	Keypress: t
536.1749	DATA	Keypress: t
536.3937	DATA	Keypress:t held
536.5633	DATA	Keypress: t
536.9177	DATA	Keypress: t
537.3398	DATA	Keypress: t
537.4068	DATA	Keypress:t held
537.7284	DATA	Keypress: t
538.0491	DATA	Keypress: t
538.4198	DATA	Keypress:t held
538.4206	DATA	Keypress: t
538.7751	DATA	Keypress: t
539.1297	DATA	Keypress: t
539.4329	DATA	Keypress:t held
539.5012	DATA	Keypress: t
539.8727	DATA	Keypress: t
540.2441	DATA	Keypress: t
540.4460	DATA	Keypress:t held
540.6155	DATA	Keypress: t
540.9870	DATA	Keypress: t
541.3259	DATA	Keypress: t
541.4590	DATA	Keypress:t held
541.4591	DATA	earn t
541.7301	DATA	Keypress: t
542.1351	DATA	Keypress: t
542.8986	DATA	Keypress: t
542.8995	DATA	Keypress: t
543.2326	DATA	Keypress: t
543.5870	DATA	Keypress: t
543.9072	DATA	Keypress:t held
543.9586	DATA	Keypress: t
544.3132	DATA	Keypress: t
544.6847	DATA	Keypress: t
544.9203	DATA	Keypress:t held
544.9204	DATA	earn t
545.0563	DATA	Keypress: t
545.4277	DATA	Keypress: t
545.7654	DATA	Keypress: t
546.3182	DATA	Keypress: t
546.5757	DATA	Keypress: t
546.9471	DATA	Keypress: t
547.3018	DATA	Keypress: t
547.3179	DATA	Keypress:t held
547.6733	DATA	Keypress: t
548.0447	DATA	Keypress: t
548.3479	DATA	Keypress:t held
548.3824	DATA	Keypress: t
548.7876	DATA	Keypress: t
549.1423	DATA	Keypress: t
549.3609	DATA	Keypress:t held
549.3610	DATA	earn t
549.5983	DATA	Keypress: v
550.0710	DATA	Keypress: v
550.7781	DATA	Keypress: v
550.8475	DATA	Keypress: v
551.2189	DATA	Keypress: v
551.5904	DATA	Keypress: v
551.7921	DATA	Keypress:v held
551.9785	DATA	Keypress: v
552.3500	DATA	Keypress: v
552.7383	DATA	Keypress: v
552.8052	DATA	Keypress:v held
552.8052	DATA	earn v
553.0933	DATA	Keypress: v
553.5321	DATA	Keypress: v
554.2682	DATA	Keypress: v
554.2691	DATA	Keypress: v
554.6802	DATA	Keypress: v
555.0515	DATA	Keypress: v
555.2872	DATA	Keypress:v held
555.4229	DATA	Keypress: v
555.7775	DATA	Keypress: v
556.1334	DATA	Keypress: v
556.3002	DATA	Keypress:v held
556.5373	DATA	Keypress: v
556.8932	DATA	Keypress: v
557.2803	DATA	Keypress: v
557.3133	DATA	Keypress:v held
557.6686	DATA	Keypress: v
558.0232	DATA	Keypress: v
558.3263	DATA	Keypress:v held
558.4284	DATA	Keypress: v
558.7492	DATA	Keypress: v
559.1037	DATA	Keypress: v
559.3395	DATA	Keypress:v held
559.4751	DATA	Keypress: v
559.8804	DATA	Keypress: v
560.5634	DATA	start rating L
560.5708	DATA	Keypress: v
560.5716	DATA	Keypress: v
564.6858	DATA	Keypress: t
565.2936	DATA	Keypress: t
566.7975	DATA	Keypress: v
567.4731	DATA	Keypress: v
568.6700	DATA	Keypress: return
568.6704	DATA	RatingScale rateL_scale: (key response) rating=6
568.6704	DATA	RatingScale rateL_scale: rating RT=8.107
568.6709	DATA	6.0
568.6709	DATA	end rating L
568.6783	DATA	start rating R
570.4096	DATA	Keypress: t
571.5072	DATA	Keypress: return
571.5076	DATA	RatingScale rateR_scale: (key response) rating=3
571.5076	DATA	RatingScale rateR_scale: rating RT=2.829
571.5081	DATA	3.0
571.5091	DATA	end rating R
