11.8724	WARNING	t of last frame was 33.77ms (=1/29)
11.9062	WARNING	t of last frame was 33.75ms (=1/29)
11.9399	WARNING	t of last frame was 33.77ms (=1/29)
11.9736	WARNING	t of last frame was 33.66ms (=1/29)
12.0075	WARNING	Multiple dropped frames have occurred - I'll stop bothering you about them!
12.7238	DATA	version C
96.7663	DATA	Keypress: space
99.5013	DATA	Keypress: t
99.5179	DATA	Keypress:t held
103.4356	DATA	Keypress: t
103.4520	DATA	Keypress:t held
111.5567	DATA	Keypress: t
111.5732	DATA	Keypress:t held
113.4817	DATA	Keypress: t
113.4980	DATA	Keypress:t held
115.4908	DATA	Keypress: t
115.5240	DATA	Keypress:t held
115.5240	DATA	earn t
119.0700	DATA	Keypress: t
119.1034	DATA	Keypress:t held
120.7416	DATA	Keypress: t
120.7749	DATA	Keypress:t held
122.0587	DATA	Keypress: t
122.0919	DATA	Keypress:t held
123.3923	DATA	Keypress: t
123.4088	DATA	Keypress:t held
124.8950	DATA	Keypress: v
124.9115	DATA	Keypress:v held
126.2965	DATA	Keypress: v
126.3130	DATA	Keypress:v held
129.1164	DATA	Keypress: v
129.1495	DATA	Keypress:v held
130.3995	DATA	Keypress: v
130.4326	DATA	Keypress:v held
131.4124	DATA	Keypress: t
131.4456	DATA	Keypress:t held
132.6452	DATA	Keypress: t
132.6617	DATA	Keypress:t held
133.7934	DATA	Keypress: t
133.8265	DATA	Keypress:t held
133.8265	DATA	earn t
135.4815	DATA	Keypress: t
135.8864	DATA	Keypress:t held
136.5960	DATA	Keypress: t
136.8993	DATA	Keypress:t held
136.8993	DATA	earn t
137.9805	DATA	Keypress: t
138.9762	DATA	Keypress:t held
138.9763	DATA	earn t
139.2808	DATA	Keypress: t
141.6105	DATA	Keypress: t
141.6270	DATA	Keypress:t held
142.6239	DATA	Keypress: t
142.6570	DATA	Keypress:t held
143.5354	DATA	Keypress: t
143.6699	DATA	Keypress:t held
144.3293	DATA	Keypress: t
144.6831	DATA	Keypress:t held
145.0212	DATA	Keypress: t
145.6802	DATA	Keypress: t
145.7130	DATA	Keypress:t held
145.7131	DATA	earn t
146.6758	DATA	Keypress: t
147.3683	DATA	Keypress: t
147.7897	DATA	Keypress:t held
147.7897	DATA	earn t
148.0943	DATA	Keypress: t
148.8949	DATA	Keypress: t
149.6811	DATA	Keypress: t
149.9003	DATA	Keypress:t held
150.4413	DATA	Keypress: t
150.9302	DATA	Keypress:t held
151.1838	DATA	Keypress: t
151.8592	DATA	Keypress: t
151.9432	DATA	Keypress:t held
152.6190	DATA	Keypress: t
152.9563	DATA	Keypress:t held
153.3621	DATA	Keypress: t
153.9863	DATA	Keypress:t held
154.0542	DATA	Keypress: t
154.8148	DATA	Keypress: t
154.9994	DATA	Keypress:t held
154.9994	DATA	earn t
155.6753	DATA	Keypress: t
156.4688	DATA	Keypress: t
157.0325	DATA	start rating L
157.2181	DATA	Keypress: t
167.2845	DATA	Keypress: t
167.5180	DATA	Keypress: t
167.7876	DATA	Keypress: t
168.6343	DATA	Keypress: v
168.8722	DATA	Keypress: v
169.1048	DATA	Keypress: v
169.3576	DATA	Keypress: v
169.6279	DATA	Keypress: v
169.8840	DATA	Keypress: v
172.7009	DATA	Keypress: t
172.8867	DATA	Keypress: t
173.1906	DATA	Keypress: t
179.6406	DATA	Keypress: v
180.6715	DATA	Keypress: v
204.6121	DATA	Keypress: return
204.6124	DATA	RatingScale rateL_scale: (key response) rating=6
204.6124	DATA	RatingScale rateL_scale: rating RT=47.580
204.6129	DATA	6.0
204.6129	DATA	end rating L
204.6193	DATA	start rating R
209.5591	DATA	Keypress: t
210.8428	DATA	Keypress: t
212.1799	DATA	Keypress: return
212.1802	DATA	RatingScale rateR_scale: (key response) rating=2
212.1803	DATA	RatingScale rateR_scale: rating RT=7.561
212.1808	DATA	2.0
212.1820	DATA	end rating R
225.9302	DATA	Keypress: v
225.9632	DATA	Keypress:v held
226.9093	DATA	Keypress: v
226.9763	DATA	Keypress:v held
226.9763	DATA	earn v
228.8338	DATA	Keypress: v
229.1206	DATA	Keypress:v held
229.7119	DATA	Keypress: v
230.1336	DATA	Keypress:v held
230.1337	DATA	earn v
231.0629	DATA	Keypress: v
231.9410	DATA	Keypress: v
232.2781	DATA	Keypress:v held
232.7513	DATA	Keypress: v
233.2910	DATA	Keypress:v held
233.6298	DATA	Keypress: v
234.3041	DATA	Keypress:v held
234.5746	DATA	Keypress: t
235.2669	DATA	Keypress: t
235.3171	DATA	Keypress:t held
235.3171	DATA	earn t
236.6514	DATA	Keypress: t
237.2084	DATA	Keypress: t
237.4782	DATA	Keypress:t held
237.8504	DATA	Keypress: t
238.4244	DATA	Keypress: t
238.4912	DATA	Keypress:t held
239.0491	DATA	Keypress: v
239.5212	DATA	Keypress:v held
239.5213	DATA	earn v
239.6905	DATA	Keypress: v
240.6532	DATA	Keypress: v
241.4294	DATA	Keypress: v
241.6654	DATA	Keypress:v held
241.6654	DATA	earn v
242.4595	DATA	Keypress: v
243.4218	DATA	Keypress: v
243.8266	DATA	Keypress:v held
244.4013	DATA	Keypress: v
244.8396	DATA	Keypress:v held
245.4141	DATA	Keypress: t
245.8696	DATA	Keypress:t held
246.1067	DATA	Keypress: t
246.7985	DATA	Keypress: t
246.8825	DATA	Keypress:t held
247.4570	DATA	Keypress: t
247.8957	DATA	Keypress:t held
248.0991	DATA	Keypress: t
248.6222	DATA	Keypress: t
248.9088	DATA	Keypress:t held
249.1794	DATA	Keypress: t
249.6859	DATA	Keypress: t
249.9219	DATA	Keypress:t held
250.2262	DATA	Keypress: t
250.9184	DATA	Keypress: v
250.9518	DATA	Keypress:v held
251.5095	DATA	Keypress: v
251.9648	DATA	Keypress:v held
251.9649	DATA	earn v
252.1512	DATA	Keypress: v
252.9616	DATA	Keypress: v
253.7212	DATA	Keypress: v
254.1260	DATA	Keypress:v held
254.3966	DATA	Keypress: v
255.1227	DATA	Keypress: v
255.1391	DATA	Keypress:v held
255.8152	DATA	Keypress: v
256.1522	DATA	Keypress:v held
256.1522	DATA	earn v
256.7269	DATA	Keypress: v
257.5037	DATA	Keypress: v
258.3134	DATA	Keypress:v held
258.3645	DATA	Keypress: v
259.3433	DATA	Keypress:v held
259.3433	DATA	earn v
259.6481	DATA	Keypress: v
260.9313	DATA	Keypress: v
261.5046	DATA	Keypress:v held
261.5046	DATA	earn v
261.6570	DATA	Keypress: t
263.4130	DATA	Keypress: v
263.6826	DATA	Keypress:v held
264.0545	DATA	Keypress: t
264.6794	DATA	Keypress: t
264.6957	DATA	Keypress:t held
265.3039	DATA	Keypress: t
265.7254	DATA	Keypress:t held
265.9622	DATA	Keypress: t
266.6545	DATA	Keypress: t
266.7385	DATA	Keypress:t held
267.2624	DATA	Keypress: t
267.7516	DATA	Keypress:t held
267.8873	DATA	Keypress: t
268.3599	DATA	Keypress: t
268.7646	DATA	Keypress:t held
268.7821	DATA	Keypress: t
269.2212	DATA	Keypress: t
269.6767	DATA	Keypress: t
269.7777	DATA	Keypress:t held
270.0989	DATA	Keypress: t
270.5378	DATA	Keypress: t
270.8076	DATA	Keypress:t held
271.2135	DATA	Keypress: v
271.7704	DATA	Keypress: v
271.8207	DATA	Keypress:v held
272.2872	DATA	Keypress: v
272.4924	DATA	start rating L
278.3449	DATA	Keypress: v
281.0494	DATA	Keypress: t
281.7218	DATA	Keypress: t
282.1814	DATA	Keypress: t
289.0497	DATA	Keypress: return
289.0501	DATA	RatingScale rateL_scale: (key response) rating=2
289.0501	DATA	RatingScale rateL_scale: rating RT=16.558
289.0506	DATA	2.0
289.0506	DATA	end rating L
289.0572	DATA	start rating R
290.6028	DATA	Keypress: v
291.0118	DATA	Keypress: v
293.6966	DATA	Keypress: return
293.6972	DATA	RatingScale rateR_scale: (key response) rating=6
293.6974	DATA	RatingScale rateR_scale: rating RT=4.640
293.6982	DATA	6.0
293.6999	DATA	end rating R
296.7589	DATA	Keypress: v
296.7753	DATA	Keypress:v held
296.7753	DATA	earn v
297.7552	DATA	Keypress: v
298.3967	DATA	Keypress: v
298.9703	DATA	Keypress:v held
299.0213	DATA	Keypress: v
299.6293	DATA	Keypress: v
299.9834	DATA	Keypress:v held
300.2210	DATA	Keypress: v
300.6927	DATA	Keypress: v
300.9964	DATA	Keypress:v held
300.9964	DATA	earn v
301.0937	DATA	Keypress: v
301.6556	DATA	Keypress: v
302.1928	DATA	Keypress: v
302.5332	DATA	Keypress: v
302.9726	DATA	Keypress: v
303.2082	DATA	Keypress:v held
303.3776	DATA	Keypress: v
303.7830	DATA	Keypress: v
304.2212	DATA	Keypress:v held
304.2212	DATA	earn v
304.4419	DATA	Keypress: t
305.1508	DATA	Keypress: t
305.7580	DATA	Keypress: t
306.3154	DATA	Keypress: t
306.4162	DATA	Keypress:t held
306.8725	DATA	Keypress: t
307.3958	DATA	Keypress: t
307.4292	DATA	Keypress:t held
307.9194	DATA	Keypress: t
308.4422	DATA	Keypress:t held
308.4427	DATA	Keypress: t
309.1181	DATA	Keypress: v
309.4553	DATA	Keypress:v held
309.4554	DATA	earn v
309.7264	DATA	Keypress: v
310.6690	DATA	Keypress: v
311.0934	DATA	Keypress: v
311.6511	DATA	Keypress: t
311.6840	DATA	Keypress:t held
311.6841	DATA	earn t
312.3430	DATA	Keypress: t
313.0018	DATA	Keypress: t
313.6430	DATA	Keypress: v
313.9128	DATA	Keypress:v held
314.2679	DATA	Keypress: v
314.8587	DATA	Keypress: v
314.9258	DATA	Keypress:v held
315.4665	DATA	Keypress: v
315.9558	DATA	Keypress:v held
316.0071	DATA	Keypress: t
316.4969	DATA	Keypress: t
316.9689	DATA	Keypress:t held
317.0200	DATA	Keypress: t
317.4927	DATA	Keypress: t
317.9486	DATA	Keypress: t
317.9819	DATA	Keypress:t held
318.2359	DATA	Keypress: t
318.5567	DATA	Keypress: t
318.8774	DATA	Keypress: t
318.9950	DATA	Keypress:t held
319.1979	DATA	Keypress: t
319.7215	DATA	Keypress: v
320.0081	DATA	Keypress:v held
320.1268	DATA	Keypress: v
320.5656	DATA	Keypress: v
320.9878	DATA	Keypress: v
321.0210	DATA	Keypress:v held
321.0210	DATA	earn v
321.3764	DATA	Keypress: v
321.9332	DATA	Keypress: v
322.4734	DATA	Keypress: v
323.0813	DATA	Keypress: v
323.2497	DATA	Keypress:v held
323.5539	DATA	Keypress: v
323.9928	DATA	Keypress: v
324.2627	DATA	Keypress:v held
324.4322	DATA	Keypress: v
324.8374	DATA	Keypress: v
325.2427	DATA	Keypress: v
325.2758	DATA	Keypress:v held
325.2758	DATA	earn v
325.8003	DATA	Keypress: v
326.4952	DATA	Keypress: v
326.8296	DATA	Keypress: v
327.3024	DATA	Keypress: v
327.5045	DATA	Keypress:v held
327.7923	DATA	Keypress: t
328.2310	DATA	Keypress: t
328.5176	DATA	Keypress:t held
328.6870	DATA	Keypress: t
329.1427	DATA	Keypress: t
329.5475	DATA	Keypress:t held
329.5818	DATA	Keypress: t
330.0544	DATA	Keypress: v
330.5606	DATA	Keypress:v held
330.5610	DATA	Keypress: v
331.0172	DATA	Keypress: v
331.3729	DATA	Keypress: v
331.5737	DATA	Keypress:v held
331.7768	DATA	Keypress: v
332.1316	DATA	Keypress: v
332.4366	DATA	Keypress: v
332.5867	DATA	Keypress:v held
332.7395	DATA	Keypress: v
333.0095	DATA	Keypress: v
333.2967	DATA	Keypress: v
333.5998	DATA	Keypress:v held
333.6525	DATA	Keypress: t
334.0057	DATA	Keypress: t
334.3434	DATA	Keypress: t
334.6129	DATA	Keypress:t held
334.6811	DATA	Keypress: t
335.0363	DATA	Keypress: t
335.4070	DATA	Keypress: t
335.6258	DATA	Keypress:t held
335.6259	DATA	earn t
335.7617	DATA	Keypress: t
336.3693	DATA	Keypress: t
336.8879	DATA	Keypress: t
337.2474	DATA	Keypress: t
337.6356	DATA	Keypress: t
337.9052	DATA	Keypress:t held
338.0408	DATA	Keypress: t
338.4124	DATA	Keypress: t
338.8175	DATA	Keypress: t
338.9182	DATA	Keypress:t held
339.1888	DATA	Keypress: t
339.5941	DATA	Keypress: t
339.9313	DATA	Keypress:t held
339.9488	DATA	Keypress: t
340.2697	DATA	Keypress: t
340.5735	DATA	Keypress: t
340.8603	DATA	Keypress: t
340.9612	DATA	Keypress:t held
341.1307	DATA	Keypress: t
341.4007	DATA	Keypress: t
341.8231	DATA	Keypress: v
341.9743	DATA	Keypress:v held
342.2113	DATA	Keypress: v
342.5163	DATA	Keypress: v
342.8357	DATA	Keypress: v
343.0042	DATA	Keypress:v held
343.1400	DATA	Keypress: v
343.4267	DATA	Keypress: v
343.7138	DATA	Keypress: v
344.0173	DATA	Keypress:v held
344.0181	DATA	Keypress: v
344.5246	DATA	Keypress: v
344.8284	DATA	Keypress: v
345.0304	DATA	Keypress:v held
345.1152	DATA	Keypress: v
345.4024	DATA	Keypress: v
345.6894	DATA	Keypress: v
345.9765	DATA	Keypress: v
346.0433	DATA	Keypress:v held
346.2462	DATA	Keypress: v
346.5168	DATA	Keypress: v
346.7359	DATA	Keypress: v
346.9723	DATA	Keypress: v
347.0564	DATA	Keypress:v held
347.0564	DATA	earn v
347.2258	DATA	Keypress: v
347.7157	DATA	Keypress: v
348.0194	DATA	Keypress: v
348.3028	DATA	Keypress: v
348.5764	DATA	Keypress: v
348.8974	DATA	Keypress: v
349.1845	DATA	Keypress: v
349.3189	DATA	Keypress:v held
349.4881	DATA	Keypress: v
349.7921	DATA	Keypress: v
350.0790	DATA	Keypress: v
350.3319	DATA	Keypress:v held
350.3833	DATA	Keypress: v
350.6872	DATA	Keypress: v
350.9912	DATA	Keypress: v
351.2781	DATA	Keypress: v
351.3450	DATA	Keypress:v held
351.5482	DATA	Keypress: v
351.8360	DATA	Keypress: v
352.2068	DATA	Keypress: t
352.3580	DATA	Keypress:t held
352.5441	DATA	Keypress: t
352.8484	DATA	Keypress: t
353.1520	DATA	Keypress: t
353.3713	DATA	Keypress:t held
353.4392	DATA	Keypress: t
353.7337	DATA	Keypress: t
354.0727	DATA	start rating L
354.0809	DATA	Keypress: t
358.0888	DATA	Keypress: t
360.8788	DATA	Keypress: v
362.4623	DATA	Keypress: return
362.4626	DATA	RatingScale rateL_scale: (key response) rating=3
362.4626	DATA	RatingScale rateL_scale: rating RT=8.390
362.4630	DATA	3.0
362.4630	DATA	end rating L
362.4698	DATA	start rating R
364.2386	DATA	Keypress: x
365.3489	DATA	Keypress: x
366.4975	DATA	Keypress: x
368.1349	DATA	Keypress: v
369.8910	DATA	Keypress: return
369.8913	DATA	RatingScale rateR_scale: (key response) rating=5
369.8914	DATA	RatingScale rateR_scale: rating RT=7.421
369.8918	DATA	5.0
369.8929	DATA	end rating R
373.3796	DATA	Keypress: v
373.4126	DATA	Keypress:v held
373.9532	DATA	Keypress: v
374.4423	DATA	Keypress:v held
374.5105	DATA	Keypress: v
374.9495	DATA	Keypress: v
375.3558	DATA	Keypress: v
375.4553	DATA	Keypress:v held
375.4554	DATA	earn v
375.7766	DATA	Keypress: v
376.6951	DATA	Keypress: v
377.0092	DATA	Keypress: v
377.4485	DATA	Keypress: v
377.7010	DATA	Keypress:v held
377.7010	DATA	earn v
377.9045	DATA	Keypress: v
378.3605	DATA	Keypress: v
378.9615	DATA	Keypress: v
379.2381	DATA	Keypress: v
379.6601	DATA	Keypress: v
379.9634	DATA	Keypress:v held
380.0999	DATA	Keypress: v
380.5383	DATA	Keypress: v
380.9602	DATA	Keypress: v
380.9934	DATA	Keypress:v held
381.3823	DATA	Keypress: v
381.7539	DATA	Keypress: v
382.0064	DATA	Keypress:v held
382.0409	DATA	Keypress: v
382.3446	DATA	Keypress: v
382.6316	DATA	Keypress: v
383.0365	DATA	Keypress:v held
383.0706	DATA	Keypress: t
383.4086	DATA	Keypress: t
383.7475	DATA	Keypress: t
384.0495	DATA	Keypress:t held
384.1174	DATA	Keypress: t
384.4893	DATA	Keypress: t
384.8267	DATA	Keypress: t
385.0626	DATA	Keypress:t held
385.1814	DATA	Keypress: t
385.5190	DATA	Keypress: t
385.8394	DATA	Keypress: t
386.0755	DATA	Keypress:t held
386.1100	DATA	Keypress: t
386.3631	DATA	Keypress: t
386.5658	DATA	Keypress: t
386.8021	DATA	Keypress: t
387.0215	DATA	Keypress: t
387.0885	DATA	Keypress:t held
387.2750	DATA	Keypress: t
387.4941	DATA	Keypress: t
387.9335	DATA	Keypress: v
388.1016	DATA	Keypress:v held
388.2708	DATA	Keypress: v
388.5748	DATA	Keypress: v
388.8790	DATA	Keypress: v
389.1147	DATA	Keypress:v held
389.1490	DATA	Keypress: v
389.4358	DATA	Keypress: v
389.7401	DATA	Keypress: v
389.9934	DATA	Keypress: v
390.1277	DATA	Keypress:v held
390.2971	DATA	Keypress: v
390.5842	DATA	Keypress: v
390.8878	DATA	Keypress: v
391.1577	DATA	Keypress:v held
391.1918	DATA	Keypress: v
391.4789	DATA	Keypress: v
391.7492	DATA	Keypress: v
392.0191	DATA	Keypress: v
392.1707	DATA	Keypress:v held
392.2556	DATA	Keypress: v
392.4594	DATA	Keypress: v
392.6778	DATA	Keypress: v
392.8804	DATA	Keypress: v
393.1166	DATA	Keypress: v
393.1837	DATA	Keypress:v held
393.3530	DATA	Keypress: v
393.5389	DATA	Keypress: v
393.7582	DATA	Keypress: v
393.9950	DATA	Keypress: v
394.1969	DATA	Keypress:v held
394.2311	DATA	Keypress: v
394.4336	DATA	Keypress: v
394.7714	DATA	Keypress: t
395.0251	DATA	Keypress: t
395.2099	DATA	Keypress:t held
395.2100	DATA	earn t
395.3222	DATA	Keypress: t
395.4807	DATA	Keypress: t
396.0375	DATA	Keypress: t
396.4608	DATA	Keypress: t
396.6287	DATA	Keypress: t
396.8989	DATA	Keypress: t
397.1856	DATA	Keypress: t
397.4390	DATA	Keypress: t
397.4722	DATA	Keypress:t held
397.7092	DATA	Keypress: t
397.9795	DATA	Keypress: t
398.2494	DATA	Keypress: t
398.4854	DATA	Keypress:t held
398.4855	DATA	earn t
398.5947	DATA	Keypress: t
398.7569	DATA	Keypress: t
399.0263	DATA	Keypress: t
399.3131	DATA	Keypress: t
399.8096	DATA	Keypress: t
399.8364	DATA	Keypress: t
400.1074	DATA	Keypress: t
400.3939	DATA	Keypress: t
400.6810	DATA	Keypress: t
400.8153	DATA	Keypress:t held
400.9510	DATA	Keypress: t
401.2213	DATA	Keypress: t
401.4759	DATA	Keypress: t
401.7783	DATA	Keypress: t
401.8284	DATA	Keypress:t held
402.0316	DATA	Keypress: t
402.2677	DATA	Keypress: t
402.5379	DATA	Keypress: t
402.7741	DATA	Keypress: t
402.8413	DATA	Keypress:t held
403.4328	DATA	Keypress: t
403.7031	DATA	Keypress: t
403.8544	DATA	Keypress:t held
403.9732	DATA	Keypress: t
404.2272	DATA	Keypress: t
404.5133	DATA	Keypress: t
404.7497	DATA	Keypress: t
404.8844	DATA	Keypress:t held
404.9862	DATA	Keypress: t
405.2224	DATA	Keypress: t
405.6617	DATA	Keypress: v
405.8974	DATA	Keypress:v held
405.9149	DATA	Keypress: v
406.1514	DATA	Keypress: v
406.4213	DATA	Keypress: v
406.6915	DATA	Keypress: v
406.9104	DATA	Keypress:v held
406.9793	DATA	Keypress: v
407.2487	DATA	Keypress: v
407.5189	DATA	Keypress: v
407.7551	DATA	Keypress: v
407.9236	DATA	Keypress:v held
408.0253	DATA	Keypress: v
408.2954	DATA	Keypress: v
408.5487	DATA	Keypress: v
408.8190	DATA	Keypress: v
408.9366	DATA	Keypress:v held
408.9366	DATA	earn v
409.0892	DATA	Keypress: v
409.4099	DATA	Keypress: v
409.6970	DATA	Keypress: v
410.2310	DATA	Keypress: v
410.3046	DATA	Keypress: v
410.6084	DATA	Keypress: v
410.9124	DATA	Keypress: v
411.2327	DATA	Keypress:v held
411.2333	DATA	Keypress: v
411.5373	DATA	Keypress: v
411.8413	DATA	Keypress: v
412.1282	DATA	Keypress: v
412.2458	DATA	Keypress:v held
412.2458	DATA	earn v
412.4319	DATA	Keypress: v
412.7192	DATA	Keypress: v
413.0400	DATA	Keypress: v
413.5461	DATA	Keypress: v
413.6139	DATA	Keypress: v
413.9686	DATA	Keypress: v
414.2216	DATA	Keypress: v
414.5086	DATA	Keypress: v
414.5758	DATA	Keypress:v held
414.9478	DATA	Keypress: t
415.2686	DATA	Keypress: t
415.5558	DATA	Keypress: t
415.5888	DATA	Keypress:t held
415.8431	DATA	Keypress: t
416.1310	DATA	Keypress: t
416.4338	DATA	Keypress: t
416.6019	DATA	Keypress:t held
416.7036	DATA	Keypress: t
416.9401	DATA	Keypress: t
417.1947	DATA	Keypress: t
417.4470	DATA	Keypress: t
417.6149	DATA	Keypress:t held
417.7167	DATA	Keypress: t
417.9707	DATA	Keypress: t
418.2404	DATA	Keypress: t
418.5103	DATA	Keypress: t
418.6281	DATA	Keypress:t held
418.7636	DATA	Keypress: t
419.0168	DATA	Keypress: t
419.2701	DATA	Keypress: t
419.5237	DATA	Keypress: t
419.6579	DATA	Keypress:t held
419.7938	DATA	Keypress: t
420.2157	DATA	Keypress: v
420.5029	DATA	Keypress: v
420.6710	DATA	Keypress:v held
420.7898	DATA	Keypress: v
421.0766	DATA	Keypress: v
421.2962	DATA	Keypress: v
421.6173	DATA	Keypress: v
421.6842	DATA	Keypress:v held
421.8537	DATA	Keypress: v
422.1235	DATA	Keypress: v
422.3951	DATA	Keypress: v
422.6972	DATA	Keypress:v held
422.6980	DATA	Keypress: v
422.9508	DATA	Keypress: v
423.2549	DATA	Keypress: v
423.5249	DATA	Keypress: v
423.7102	DATA	Keypress:v held
423.7103	DATA	earn v
423.8293	DATA	Keypress: v
424.1332	DATA	Keypress: v
424.4200	DATA	Keypress: v
425.0131	DATA	Keypress: v
425.0141	DATA	Keypress: v
425.3822	DATA	Keypress: v
425.6862	DATA	Keypress: v
425.9898	DATA	Keypress: v
426.0233	DATA	Keypress:v held
426.2771	DATA	Keypress: v
426.5302	DATA	Keypress: v
426.8007	DATA	Keypress: v
427.0363	DATA	Keypress:v held
427.0876	DATA	Keypress: v
427.3576	DATA	Keypress: v
427.6277	DATA	Keypress: v
427.9146	DATA	Keypress: v
428.0663	DATA	Keypress:v held
428.2017	DATA	Keypress: v
428.7252	DATA	Keypress: v
428.9955	DATA	Keypress: v
429.0793	DATA	Keypress:v held
429.2824	DATA	Keypress: v
429.5864	DATA	Keypress: v
429.8567	DATA	Keypress: v
430.3490	DATA	start rating L
430.3565	DATA	Keypress: v
430.5750	DATA	Keypress: t
435.1483	DATA	Keypress: t
437.1069	DATA	Keypress: t
438.2718	DATA	Keypress: return
438.2721	DATA	RatingScale rateL_scale: (key response) rating=2
438.2722	DATA	RatingScale rateL_scale: rating RT=7.923
438.2726	DATA	2.0
438.2726	DATA	end rating L
438.2790	DATA	start rating R
441.7194	DATA	Keypress: v
444.1680	DATA	Keypress: v
445.5655	DATA	Keypress: return
445.5658	DATA	RatingScale rateR_scale: (key response) rating=6
445.5659	DATA	RatingScale rateR_scale: rating RT=7.287
445.5663	DATA	6.0
445.5672	DATA	end rating R
447.3316	DATA	Keypress: t
447.3480	DATA	Keypress:t held
447.3481	DATA	earn t
448.2436	DATA	Keypress: t
448.7200	DATA	Keypress: t
449.1722	DATA	Keypress: t
449.5772	DATA	Keypress: t
449.7456	DATA	Keypress:t held
450.0165	DATA	Keypress: t
450.3880	DATA	Keypress: t
450.7585	DATA	Keypress:t held
450.7759	DATA	Keypress: t
451.1305	DATA	Keypress: t
451.5188	DATA	Keypress: t
451.7885	DATA	Keypress:t held
451.8907	DATA	Keypress: t
452.2785	DATA	Keypress: t
452.6333	DATA	Keypress: t
452.8015	DATA	Keypress:t held
452.9383	DATA	Keypress: t
453.2750	DATA	Keypress: t
453.5451	DATA	Keypress: t
453.7815	DATA	Keypress: t
453.8146	DATA	Keypress:t held
454.0515	DATA	Keypress: t
454.3215	DATA	Keypress: t
454.5914	DATA	Keypress: t
454.8445	DATA	Keypress:t held
454.8451	DATA	Keypress: t
455.1154	DATA	Keypress: t
455.3179	DATA	Keypress: t
455.5712	DATA	Keypress: t
455.8412	DATA	Keypress: t
455.8576	DATA	Keypress:t held
456.3647	DATA	Keypress: v
456.6348	DATA	Keypress: v
456.8707	DATA	Keypress:v held
456.9050	DATA	Keypress: v
457.2765	DATA	Keypress: v
457.5307	DATA	Keypress: v
457.7830	DATA	Keypress: v
457.8837	DATA	Keypress:v held
458.0193	DATA	Keypress: v
458.3234	DATA	Keypress: v
458.5764	DATA	Keypress: v
458.8465	DATA	Keypress: v
458.8968	DATA	Keypress:v held
459.0997	DATA	Keypress: v
459.3868	DATA	Keypress: v
459.6911	DATA	Keypress: v
459.9268	DATA	Keypress:v held
459.9275	DATA	Keypress: v
460.1469	DATA	Keypress: v
460.4169	DATA	Keypress: v
460.6366	DATA	Keypress: v
460.8725	DATA	Keypress: v
460.9398	DATA	Keypress:v held
461.1090	DATA	Keypress: v
461.3285	DATA	Keypress: v
461.5819	DATA	Keypress: v
461.7845	DATA	Keypress: v
461.9529	DATA	Keypress:v held
462.0043	DATA	Keypress: v
462.2234	DATA	Keypress: v
462.4093	DATA	Keypress: v
462.5949	DATA	Keypress: v
462.7807	DATA	Keypress: v
462.9494	DATA	Keypress: v
462.9659	DATA	Keypress:v held
462.9659	DATA	earn v
463.1693	DATA	Keypress: v
463.7097	DATA	Keypress: v
464.2637	DATA	Keypress: v
464.2644	DATA	Keypress: v
464.4353	DATA	Keypress: v
464.6888	DATA	Keypress: v
464.9251	DATA	Keypress: v
465.1614	DATA	Keypress: v
465.2792	DATA	Keypress:v held
465.3808	DATA	Keypress: v
465.6173	DATA	Keypress: v
465.8534	DATA	Keypress: v
466.2756	DATA	Keypress: t
466.3088	DATA	Keypress:t held
466.5304	DATA	Keypress: t
466.8329	DATA	Keypress: t
467.1031	DATA	Keypress: t
467.3219	DATA	Keypress:t held
467.3731	DATA	Keypress: t
467.6434	DATA	Keypress: t
467.9140	DATA	Keypress: t
468.2172	DATA	Keypress: t
468.3519	DATA	Keypress:t held
468.4537	DATA	Keypress: t
468.7238	DATA	Keypress: t
468.9940	DATA	Keypress: t
469.2473	DATA	Keypress: t
469.3649	DATA	Keypress:t held
469.5340	DATA	Keypress: t
469.7876	DATA	Keypress: t
470.0578	DATA	Keypress: t
470.2942	DATA	Keypress: t
470.3780	DATA	Keypress:t held
470.5473	DATA	Keypress: t
470.8176	DATA	Keypress: t
471.0539	DATA	Keypress: t
471.2901	DATA	Keypress: t
471.3911	DATA	Keypress:t held
471.5605	DATA	Keypress: t
471.8308	DATA	Keypress: t
472.0676	DATA	Keypress: t
472.3031	DATA	Keypress: t
472.4041	DATA	Keypress:t held
472.5229	DATA	Keypress: t
472.7593	DATA	Keypress: t
472.9789	DATA	Keypress: t
473.2150	DATA	Keypress: t
473.4172	DATA	Keypress:t held
473.4515	DATA	Keypress: t
473.6543	DATA	Keypress: t
473.8742	DATA	Keypress: t
474.1098	DATA	Keypress: t
474.3305	DATA	Keypress: t
474.4302	DATA	Keypress:t held
474.5489	DATA	Keypress: t
474.7855	DATA	Keypress: t
474.9880	DATA	Keypress: t
475.1906	DATA	Keypress: t
475.3763	DATA	Keypress: t
475.4433	DATA	Keypress:t held
475.8994	DATA	Keypress: v
476.1358	DATA	Keypress: v
476.3895	DATA	Keypress: v
476.4562	DATA	Keypress:v held
476.6258	DATA	Keypress: v
476.8955	DATA	Keypress: v
477.1153	DATA	Keypress: v
477.3853	DATA	Keypress: v
477.4693	DATA	Keypress:v held
477.6049	DATA	Keypress: v
477.8414	DATA	Keypress: v
478.0609	DATA	Keypress: v
478.2984	DATA	Keypress: v
478.4992	DATA	Keypress:v held
478.5335	DATA	Keypress: v
478.7362	DATA	Keypress: v
478.9893	DATA	Keypress: v
479.2260	DATA	Keypress: v
479.4621	DATA	Keypress: v
479.5123	DATA	Keypress:v held
479.7325	DATA	Keypress: v
479.9689	DATA	Keypress: v
480.2221	DATA	Keypress: v
480.4421	DATA	Keypress: v
480.5254	DATA	Keypress:v held
480.6609	DATA	Keypress: v
480.8804	DATA	Keypress: v
481.1001	DATA	Keypress: v
481.3534	DATA	Keypress: v
481.5552	DATA	Keypress:v held
481.5560	DATA	Keypress: v
481.7924	DATA	Keypress: v
482.0285	DATA	Keypress: v
482.2479	DATA	Keypress: v
482.4676	DATA	Keypress: v
482.5684	DATA	Keypress:v held
482.7040	DATA	Keypress: v
482.9233	DATA	Keypress: v
483.1768	DATA	Keypress: v
483.3792	DATA	Keypress: v
483.5815	DATA	Keypress:v held
483.6159	DATA	Keypress: v
483.8181	DATA	Keypress: v
484.0375	DATA	Keypress: v
484.2572	DATA	Keypress: v
484.4767	DATA	Keypress: v
484.5943	DATA	Keypress:v held
484.6960	DATA	Keypress: v
484.8989	DATA	Keypress: v
485.2370	DATA	Keypress: t
485.5066	DATA	Keypress: t
485.6074	DATA	Keypress:t held
485.6074	DATA	earn t
485.7770	DATA	Keypress: t
485.9965	DATA	Keypress: t
486.3680	DATA	Keypress: t
486.9347	DATA	Keypress: t
486.9356	DATA	Keypress: t
487.2121	DATA	Keypress: t
487.4820	DATA	Keypress: t
487.7522	DATA	Keypress: t
487.9374	DATA	Keypress:t held
488.0053	DATA	Keypress: t
488.2755	DATA	Keypress: t
488.5460	DATA	Keypress: t
488.7655	DATA	Keypress: t
488.9505	DATA	Keypress:t held
488.9506	DATA	earn t
489.0588	DATA	Keypress: t
489.2215	DATA	Keypress: t
489.9307	DATA	Keypress: t
490.2774	DATA	Keypress: t
490.5213	DATA	Keypress: t
490.7912	DATA	Keypress: t
491.0783	DATA	Keypress: t
491.2804	DATA	Keypress:t held
491.3484	DATA	Keypress: t
491.5863	DATA	Keypress: t
491.8551	DATA	Keypress: t
492.1253	DATA	Keypress: t
492.2934	DATA	Keypress:t held
492.6316	DATA	Keypress: v
492.8849	DATA	Keypress: v
493.1549	DATA	Keypress: v
493.3234	DATA	Keypress:v held
493.4253	DATA	Keypress: v
493.6952	DATA	Keypress: v
493.9655	DATA	Keypress: v
494.2187	DATA	Keypress: v
494.3364	DATA	Keypress:v held
494.3364	DATA	earn v
494.4889	DATA	Keypress: v
495.0971	DATA	Keypress: v
495.6686	DATA	Keypress: v
495.6694	DATA	Keypress: v
496.0928	DATA	Keypress: t
496.4138	DATA	Keypress: t
496.6670	DATA	Keypress: t
496.7003	DATA	Keypress:t held
496.9370	DATA	Keypress: t
497.1905	DATA	Keypress: t
497.4437	DATA	Keypress: t
497.6982	DATA	Keypress: t
497.7133	DATA	Keypress:t held
497.9668	DATA	Keypress: t
498.2037	DATA	Keypress: t
498.4741	DATA	Keypress: t
498.7264	DATA	Keypress:t held
498.7272	DATA	Keypress: t
498.9799	DATA	Keypress: t
499.2336	DATA	Keypress: t
499.4698	DATA	Keypress: t
499.7394	DATA	Keypress:t held
499.9259	DATA	Keypress: v
500.1959	DATA	Keypress: v
500.3987	DATA	Keypress: v
500.6515	DATA	Keypress: v
500.7525	DATA	Keypress:v held
500.9052	DATA	Keypress: v
501.1412	DATA	Keypress: v
501.3948	DATA	Keypress: v
501.6481	DATA	Keypress: v
501.7824	DATA	Keypress:v held
501.8842	DATA	Keypress: v
502.1376	DATA	Keypress: v
502.3909	DATA	Keypress: v
502.6103	DATA	Keypress: v
502.7955	DATA	Keypress:v held
502.8817	DATA	Keypress: v
503.1167	DATA	Keypress: v
503.3872	DATA	Keypress: v
503.6233	DATA	Keypress: v
503.8086	DATA	Keypress:v held
503.8765	DATA	Keypress: v
504.1140	DATA	Keypress: v
504.3663	DATA	Keypress: v
504.6196	DATA	Keypress: v
504.8385	DATA	Keypress:v held
504.9741	DATA	Keypress: t
505.2445	DATA	Keypress: t
505.4815	DATA	Keypress: t
506.0983	DATA	start rating L
506.1057	DATA	Keypress: t
506.1063	DATA	Keypress: t
506.2672	DATA	Keypress: t
508.4285	DATA	Keypress: v
509.9323	DATA	Keypress: v
512.2756	DATA	Keypress: v
514.7747	DATA	Keypress: return
514.7755	DATA	RatingScale rateL_scale: (key response) rating=4
514.7756	DATA	RatingScale rateL_scale: rating RT=8.677
514.7763	DATA	4.0
514.7763	DATA	end rating L
514.7863	DATA	start rating R
517.3396	DATA	Keypress: return
517.3399	DATA	RatingScale rateR_scale: (key response) rating=4
517.3400	DATA	RatingScale rateR_scale: rating RT=2.554
517.3404	DATA	4.0
517.3413	DATA	end rating R
523.5130	DATA	Keypress: v
523.5798	DATA	Keypress:v held
523.8337	DATA	Keypress: v
524.0700	DATA	Keypress: v
524.3231	DATA	Keypress: v
524.5929	DATA	Keypress:v held
524.6102	DATA	Keypress: v
524.8635	DATA	Keypress: v
525.1674	DATA	Keypress: v
525.4206	DATA	Keypress: v
525.6058	DATA	Keypress:v held
525.7076	DATA	Keypress: v
525.9608	DATA	Keypress: v
526.2478	DATA	Keypress: v
526.5184	DATA	Keypress: v
526.6189	DATA	Keypress:v held
526.7884	DATA	Keypress: v
527.0587	DATA	Keypress: v
527.3454	DATA	Keypress: v
527.6319	DATA	Keypress:v held
527.6320	DATA	earn v
527.6325	DATA	Keypress: v
527.8859	DATA	Keypress: v
528.5106	DATA	Keypress: v
528.9758	DATA	Keypress: v
529.0508	DATA	Keypress: v
529.3210	DATA	Keypress: v
529.5910	DATA	Keypress: v
529.8614	DATA	Keypress: v
529.9958	DATA	Keypress:v held
529.9958	DATA	earn v
530.1652	DATA	Keypress: v
530.4186	DATA	Keypress: v
530.6730	DATA	Keypress: v
530.9589	DATA	Keypress: v
531.3643	DATA	Keypress: v
531.4653	DATA	Keypress: v
531.7351	DATA	Keypress: v
531.9716	DATA	Keypress: v
532.2418	DATA	Keypress: v
532.3763	DATA	Keypress:v held
532.5120	DATA	Keypress: v
532.7651	DATA	Keypress: v
533.0184	DATA	Keypress: v
533.2715	DATA	Keypress: v
533.4062	DATA	Keypress:v held
533.5419	DATA	Keypress: v
533.7617	DATA	Keypress: v
534.0146	DATA	Keypress: v
534.2680	DATA	Keypress: v
534.4193	DATA	Keypress:v held
534.5043	DATA	Keypress: v
534.9095	DATA	Keypress: v
535.3147	DATA	Keypress: t
535.4324	DATA	Keypress:t held
535.5511	DATA	Keypress: t
535.7873	DATA	Keypress: t
536.0070	DATA	Keypress: t
536.2263	DATA	Keypress: t
536.4454	DATA	Keypress:t held
536.4795	DATA	Keypress: t
536.7331	DATA	Keypress: t
536.9695	DATA	Keypress: t
537.2058	DATA	Keypress: t
537.4421	DATA	Keypress: t
537.4585	DATA	Keypress:t held
537.4585	DATA	earn t
537.6956	DATA	Keypress: t
538.0333	DATA	Keypress: t
538.3050	DATA	Keypress: t
538.8325	DATA	Keypress: t
538.8334	DATA	Keypress: t
539.0463	DATA	Keypress: t
539.2824	DATA	Keypress: t
539.5357	DATA	Keypress: t
539.7890	DATA	Keypress: t
539.8391	DATA	Keypress:t held
539.8391	DATA	earn t
540.0425	DATA	Keypress: t
540.3129	DATA	Keypress: t
540.5829	DATA	Keypress: t
540.8358	DATA	Keypress: t
541.2137	DATA	Keypress: t
541.3591	DATA	Keypress: t
541.6297	DATA	Keypress: t
541.8996	DATA	Keypress: t
542.1362	DATA	Keypress: t
542.2367	DATA	Keypress:t held
542.2368	DATA	earn t
542.3893	DATA	Keypress: t
542.6255	DATA	Keypress: t
542.8959	DATA	Keypress: t
543.1321	DATA	Keypress: t
543.6608	DATA	Keypress: t
543.6612	DATA	Keypress: t
543.8921	DATA	Keypress: t
544.1789	DATA	Keypress: t
544.4492	DATA	Keypress: t
544.6681	DATA	Keypress:t held
544.7192	DATA	Keypress: t
544.9727	DATA	Keypress: t
545.2092	DATA	Keypress: t
545.4791	DATA	Keypress: t
545.6810	DATA	Keypress:t held
545.7320	DATA	Keypress: t
545.9856	DATA	Keypress: t
546.2558	DATA	Keypress: t
546.7110	DATA	Keypress:t held
546.8299	DATA	Keypress: v
547.2690	DATA	Keypress: v
547.5050	DATA	Keypress: v
547.7240	DATA	Keypress:v held
547.7923	DATA	Keypress: v
548.0285	DATA	Keypress: v
548.2816	DATA	Keypress: v
548.5689	DATA	Keypress: v
548.7371	DATA	Keypress:v held
548.8052	DATA	Keypress: v
549.0077	DATA	Keypress: v
549.2611	DATA	Keypress: v
549.5143	DATA	Keypress: v
549.7502	DATA	Keypress:v held
549.7502	DATA	earn v
549.8575	DATA	Keypress: v
550.0210	DATA	Keypress: v
550.2911	DATA	Keypress: v
550.5289	DATA	Keypress: v
551.1343	DATA	Keypress: v
551.1349	DATA	Keypress: v
551.6420	DATA	Keypress: t
551.8951	DATA	Keypress: t
552.1645	DATA	Keypress:t held
552.1652	DATA	Keypress: t
552.4183	DATA	Keypress: t
552.6550	DATA	Keypress: t
552.9252	DATA	Keypress: t
553.1776	DATA	Keypress:t held
553.1781	DATA	Keypress: t
553.4317	DATA	Keypress: t
553.7016	DATA	Keypress: t
553.9380	DATA	Keypress: t
554.1907	DATA	Keypress:t held
554.2084	DATA	Keypress: t
554.4444	DATA	Keypress: t
554.7145	DATA	Keypress: t
554.9849	DATA	Keypress: t
555.2207	DATA	Keypress:t held
555.2214	DATA	Keypress: t
555.4745	DATA	Keypress: t
555.7277	DATA	Keypress: t
555.9641	DATA	Keypress: t
556.2175	DATA	Keypress: t
556.2337	DATA	Keypress:t held
556.4705	DATA	Keypress: t
556.6900	DATA	Keypress: t
556.9435	DATA	Keypress: t
557.1461	DATA	Keypress: t
557.2468	DATA	Keypress:t held
557.5007	DATA	Keypress: v
557.8214	DATA	Keypress: v
558.0408	DATA	Keypress: v
558.2599	DATA	Keypress:v held
558.2939	DATA	Keypress: v
558.5137	DATA	Keypress: v
558.7838	DATA	Keypress: v
559.0203	DATA	Keypress: v
559.2565	DATA	Keypress: v
559.2729	DATA	Keypress:v held
559.5098	DATA	Keypress: v
559.7462	DATA	Keypress: v
559.9996	DATA	Keypress: v
560.2358	DATA	Keypress: v
560.3029	DATA	Keypress:v held
560.5062	DATA	Keypress: v
560.7760	DATA	Keypress: v
560.9957	DATA	Keypress: v
561.2487	DATA	Keypress: v
561.3159	DATA	Keypress:v held
561.5020	DATA	Keypress: v
561.7552	DATA	Keypress: v
561.9920	DATA	Keypress: v
562.1945	DATA	Keypress: v
562.3294	DATA	Keypress:v held
562.4478	DATA	Keypress: v
562.7527	DATA	Keypress: t
563.0217	DATA	Keypress: t
563.2414	DATA	Keypress: t
563.3419	DATA	Keypress:t held
563.5454	DATA	Keypress: t
563.7816	DATA	Keypress: t
564.0178	DATA	Keypress: t
564.2545	DATA	Keypress: t
564.3552	DATA	Keypress:t held
564.4908	DATA	Keypress: t
564.7442	DATA	Keypress: t
564.9804	DATA	Keypress: t
565.2169	DATA	Keypress: t
565.3851	DATA	Keypress:t held
565.4534	DATA	Keypress: t
565.6897	DATA	Keypress: t
565.9426	DATA	Keypress: t
566.1958	DATA	Keypress: t
566.3978	DATA	Keypress:t held
566.4323	DATA	Keypress: t
566.6520	DATA	Keypress: t
566.8713	DATA	Keypress: t
567.1078	DATA	Keypress: t
567.3442	DATA	Keypress: t
567.4111	DATA	Keypress:t held
567.4111	DATA	earn t
567.5977	DATA	Keypress: t
568.1045	DATA	Keypress: t
568.3406	DATA	Keypress: t
568.8039	DATA	Keypress: t
568.8297	DATA	Keypress: t
569.1000	DATA	Keypress: t
569.3533	DATA	Keypress: t
569.6235	DATA	Keypress: t
569.8086	DATA	Keypress:t held
569.8766	DATA	Keypress: t
570.1299	DATA	Keypress: t
570.3664	DATA	Keypress: t
570.6197	DATA	Keypress: t
570.8215	DATA	Keypress:t held
570.8725	DATA	Keypress: t
571.1093	DATA	Keypress: t
571.3623	DATA	Keypress: t
571.8012	DATA	Keypress: v
571.8346	DATA	Keypress:v held
572.1054	DATA	Keypress: v
572.3251	DATA	Keypress: v
572.5947	DATA	Keypress: v
572.8313	DATA	Keypress: v
572.8477	DATA	Keypress:v held
573.0677	DATA	Keypress: v
573.3207	DATA	Keypress: v
573.5745	DATA	Keypress: v
573.8105	DATA	Keypress: v
573.8775	DATA	Keypress:v held
574.0469	DATA	Keypress: v
574.2664	DATA	Keypress: v
574.5199	DATA	Keypress: v
574.7562	DATA	Keypress: v
574.8906	DATA	Keypress:v held
574.9754	DATA	Keypress: v
575.2121	DATA	Keypress: v
575.4484	DATA	Keypress: v
575.6680	DATA	Keypress: v
575.8367	DATA	Keypress: v
575.9037	DATA	Keypress:v held
576.0054	DATA	Keypress: v
576.2080	DATA	Keypress: v
576.3768	DATA	Keypress: v
576.5458	DATA	Keypress: v
576.7485	DATA	Keypress: v
576.9168	DATA	Keypress:v held
576.9511	DATA	Keypress: v
577.2888	DATA	Keypress: v
577.8940	DATA	start rating L
577.9051	DATA	Keypress: t
577.9056	DATA	Keypress: t
578.1091	DATA	Keypress: t
581.7736	DATA	Keypress: v
582.3443	DATA	Keypress: v
583.8005	DATA	Keypress: v
592.5931	DATA	Keypress: return
592.5934	DATA	RatingScale rateL_scale: (key response) rating=4
592.5935	DATA	RatingScale rateL_scale: rating RT=14.699
592.5939	DATA	4.0
592.5939	DATA	end rating L
592.6007	DATA	start rating R
597.3236	DATA	Keypress: t
599.5013	DATA	Keypress: return
599.5016	DATA	RatingScale rateR_scale: (key response) rating=3
599.5017	DATA	RatingScale rateR_scale: rating RT=6.901
599.5021	DATA	3.0
599.5031	DATA	end rating R
