20.4525	DATA	version A
32.8041	DATA	Keypress: t
99.5812	DATA	Keypress: t
100.1212	DATA	Keypress: t
119.5549	DATA	Keypress: space
120.5842	DATA	Keypress:t held
120.9565	DATA	Keypress: v
121.3448	DATA	Keypress: v
121.5976	DATA	Keypress:v held
121.7498	DATA	Keypress: v
122.1728	DATA	Keypress: v
122.6102	DATA	Keypress:v held
122.6110	DATA	Keypress: v
123.0499	DATA	Keypress: v
123.6233	DATA	Keypress:v held
123.7252	DATA	Keypress: t
124.1304	DATA	Keypress: t
124.5526	DATA	Keypress: t
124.6532	DATA	Keypress:t held
124.9745	DATA	Keypress: t
125.3800	DATA	Keypress: t
125.6662	DATA	Keypress:t held
125.7008	DATA	Keypress: t
126.0891	DATA	Keypress: t
126.3256	DATA	Keypress: t
126.6467	DATA	Keypress: t
126.6794	DATA	Keypress:t held
127.0007	DATA	Keypress: t
127.3049	DATA	Keypress: t
127.5412	DATA	Keypress: t
127.7093	DATA	Keypress:t held
127.7775	DATA	Keypress: t
128.0138	DATA	Keypress: t
128.3853	DATA	Keypress: t
128.7222	DATA	Keypress:t held
128.7410	DATA	Keypress: t
128.9929	DATA	Keypress: t
129.2633	DATA	Keypress: t
129.5672	DATA	Keypress: t
129.7354	DATA	Keypress:t held
129.8543	DATA	Keypress: t
130.4958	DATA	Keypress: v
130.7484	DATA	Keypress:v held
130.7827	DATA	Keypress: v
131.0359	DATA	Keypress: v
131.3401	DATA	Keypress: v
131.6778	DATA	Keypress: v
131.7614	DATA	Keypress:v held
131.7615	DATA	earn v
132.0325	DATA	Keypress: v
133.3831	DATA	Keypress: v
133.7542	DATA	Keypress: v
133.8382	DATA	Keypress:v held
134.0581	DATA	Keypress: v
134.3455	DATA	Keypress: v
134.6155	DATA	Keypress: v
134.8512	DATA	Keypress:v held
134.8520	DATA	Keypress: v
135.1052	DATA	Keypress: v
135.3921	DATA	Keypress: v
135.6285	DATA	Keypress: v
135.8812	DATA	Keypress:v held
135.8820	DATA	Keypress: v
136.1520	DATA	Keypress: v
136.5910	DATA	Keypress: v
136.8274	DATA	Keypress: v
136.8942	DATA	Keypress:v held
137.0805	DATA	Keypress: v
137.3001	DATA	Keypress: v
137.6038	DATA	Keypress: v
137.8911	DATA	Keypress: v
137.9241	DATA	Keypress:v held
138.1612	DATA	Keypress: v
138.4145	DATA	Keypress: v
138.6674	DATA	Keypress: v
138.9209	DATA	Keypress: v
138.9372	DATA	Keypress:v held
139.2250	DATA	Keypress: v
139.5288	DATA	Keypress: v
139.8835	DATA	Keypress: t
139.9502	DATA	Keypress:t held
140.1535	DATA	Keypress: t
140.3563	DATA	Keypress: t
140.5587	DATA	Keypress: t
140.7949	DATA	Keypress: t
140.9632	DATA	Keypress:t held
141.0316	DATA	Keypress: t
141.3354	DATA	Keypress: t
141.5722	DATA	Keypress: t
141.8588	DATA	Keypress: t
141.9762	DATA	Keypress:t held
142.1288	DATA	Keypress: t
142.3992	DATA	Keypress: t
142.6693	DATA	Keypress: t
142.9395	DATA	Keypress: t
143.0062	DATA	Keypress:t held
143.1758	DATA	Keypress: t
143.3964	DATA	Keypress: t
143.6653	DATA	Keypress: t
143.9356	DATA	Keypress: t
144.0193	DATA	Keypress:t held
144.1889	DATA	Keypress: t
144.4590	DATA	Keypress: t
144.6612	DATA	Keypress: t
144.8811	DATA	Keypress: t
145.0324	DATA	Keypress:t held
145.4045	DATA	Keypress: v
145.7420	DATA	Keypress: v
146.0455	DATA	Keypress:v held
146.0455	DATA	earn v
146.1814	DATA	Keypress: v
146.7385	DATA	Keypress: v
147.0998	DATA	Keypress: v
147.3124	DATA	Keypress: v
147.5827	DATA	Keypress: v
147.8529	DATA	Keypress: v
148.1222	DATA	Keypress:v held
148.1229	DATA	Keypress: v
148.3591	DATA	Keypress: v
148.6123	DATA	Keypress: v
148.8825	DATA	Keypress: v
149.1351	DATA	Keypress:v held
149.1696	DATA	Keypress: v
149.4060	DATA	Keypress: v
150.1166	DATA	Keypress: t
150.1482	DATA	Keypress:t held
150.1483	DATA	earn t
150.3855	DATA	Keypress: t
151.0102	DATA	Keypress: t
151.2972	DATA	Keypress: t
151.5333	DATA	Keypress: t
151.8034	DATA	Keypress: t
152.0738	DATA	Keypress: t
152.2418	DATA	Keypress:t held
152.3437	DATA	Keypress: t
152.5802	DATA	Keypress: t
152.8504	DATA	Keypress: t
153.0868	DATA	Keypress: t
153.2549	DATA	Keypress:t held
153.2549	DATA	earn t
153.3480	DATA	Keypress: t
154.0828	DATA	Keypress: t
154.3870	DATA	Keypress: t
154.6232	DATA	Keypress: t
154.8258	DATA	Keypress: t
155.0789	DATA	Keypress: t
155.3316	DATA	Keypress:t held
155.3317	DATA	earn t
155.3324	DATA	Keypress: t
155.6027	DATA	Keypress: t
155.8556	DATA	Keypress: t
156.1260	DATA	Keypress: t
156.4299	DATA	Keypress: t
156.6324	DATA	Keypress: t
156.8856	DATA	Keypress: t
157.1401	DATA	Keypress: t
157.4089	DATA	Keypress: t
157.4421	DATA	Keypress:t held
157.4422	DATA	earn t
157.6454	DATA	Keypress: t
157.9496	DATA	Keypress: t
158.2197	DATA	Keypress: t
158.7766	DATA	Keypress: v
159.0467	DATA	Keypress: v
159.3170	DATA	Keypress: v
159.5525	DATA	Keypress:v held
159.5533	DATA	Keypress: v
159.7898	DATA	Keypress: v
160.0261	DATA	Keypress: v
160.2625	DATA	Keypress: v
160.4997	DATA	Keypress: v
160.5653	DATA	Keypress:v held
160.7351	DATA	Keypress: v
161.0223	DATA	Keypress: v
161.2587	DATA	Keypress: v
161.4951	DATA	Keypress: v
161.5956	DATA	Keypress:v held
161.7652	DATA	Keypress: v
162.0015	DATA	Keypress: v
162.2549	DATA	Keypress: v
162.4909	DATA	Keypress: v
162.6087	DATA	Keypress:v held
162.7445	DATA	Keypress: v
162.9809	DATA	Keypress: v
163.5559	DATA	Keypress: t
163.6218	DATA	Keypress:t held
163.8418	DATA	Keypress: t
164.0948	DATA	Keypress: t
164.3992	DATA	Keypress: t
164.6348	DATA	Keypress:t held
164.7032	DATA	Keypress: t
164.9900	DATA	Keypress: t
165.2939	DATA	Keypress: t
165.5976	DATA	Keypress: t
165.6478	DATA	Keypress:t held
165.8849	DATA	Keypress: t
166.1888	DATA	Keypress: t
166.4590	DATA	Keypress: t
166.6609	DATA	Keypress:t held
166.7461	DATA	Keypress: t
167.0665	DATA	Keypress: t
167.3369	DATA	Keypress: t
167.6239	DATA	Keypress: t
167.6739	DATA	Keypress:t held
167.8941	DATA	Keypress: t
168.1644	DATA	Keypress: t
168.4342	DATA	Keypress: t
168.6869	DATA	Keypress:t held
168.7046	DATA	Keypress: t
169.3970	DATA	Keypress: v
169.7000	DATA	Keypress:v held
169.8022	DATA	Keypress: v
170.0721	DATA	Keypress: v
170.2757	DATA	Keypress: v
170.5110	DATA	Keypress: v
170.7130	DATA	Keypress:v held
170.7477	DATA	Keypress: v
171.0177	DATA	Keypress: v
171.2372	DATA	Keypress: v
171.5073	DATA	Keypress: v
171.7266	DATA	Keypress:v held
171.7608	DATA	Keypress: v
172.1489	DATA	Keypress: t
172.4865	DATA	Keypress: v
172.7390	DATA	Keypress:v held
172.8411	DATA	Keypress: v
173.0438	DATA	Keypress: v
173.3139	DATA	Keypress: v
173.5334	DATA	Keypress: v
173.7522	DATA	Keypress:v held
173.8036	DATA	Keypress: v
174.0906	DATA	Keypress: v
174.3608	DATA	Keypress: v
174.6309	DATA	Keypress: v
174.7652	DATA	Keypress:v held
174.9010	DATA	Keypress: v
175.1542	DATA	Keypress: v
175.4074	DATA	Keypress: v
175.7452	DATA	Keypress: t
175.7782	DATA	Keypress:t held
175.7782	DATA	earn t
176.0324	DATA	Keypress: t
176.4714	DATA	Keypress: t
176.7416	DATA	Keypress: t
176.9946	DATA	Keypress: t
177.2648	DATA	Keypress: t
177.5348	DATA	Keypress: t
177.8220	DATA	Keypress: t
177.8888	DATA	Keypress:t held
178.0597	DATA	Keypress: t
178.3454	DATA	Keypress: t
178.5818	DATA	Keypress: t
178.8517	DATA	Keypress: t
178.9018	DATA	Keypress:t held
178.9019	DATA	earn t
179.1223	DATA	Keypress: t
179.4092	DATA	Keypress: t
179.6794	DATA	Keypress: t
180.0023	DATA	Keypress: t
180.2255	DATA	start rating L
180.2444	DATA	Keypress: t
180.4484	DATA	Keypress: t
200.3894	DATA	Keypress: v
200.7947	DATA	Keypress: v
201.1320	DATA	Keypress: v
201.8579	DATA	Keypress: t
202.1444	DATA	Keypress: t
202.4829	DATA	Keypress: t
203.0956	DATA	Keypress: v
203.3612	DATA	Keypress: v
203.7655	DATA	Keypress: t
204.0029	DATA	Keypress: t
219.2670	DATA	Keypress: v
220.3466	DATA	Keypress: v
228.8693	DATA	Keypress: return
228.8697	DATA	RatingScale rateL_scale: (key response) rating=4
228.8697	DATA	RatingScale rateL_scale: rating RT=48.644
228.8702	DATA	4.0
228.8702	DATA	end rating L
228.8765	DATA	start rating R
233.0267	DATA	Keypress: t
235.1200	DATA	Keypress: t
243.3260	DATA	Keypress: return
243.3264	DATA	RatingScale rateR_scale: (key response) rating=2
243.3265	DATA	RatingScale rateR_scale: rating RT=14.450
243.3270	DATA	2.0
243.3284	DATA	end rating R
245.6790	DATA	Keypress: v
245.6953	DATA	Keypress:v held
246.0168	DATA	Keypress: v
246.3039	DATA	Keypress: v
246.5403	DATA	Keypress: v
246.7083	DATA	Keypress:v held
246.8104	DATA	Keypress: v
247.0131	DATA	Keypress: v
247.2830	DATA	Keypress: v
247.5193	DATA	Keypress: v
247.7214	DATA	Keypress:v held
247.7897	DATA	Keypress: v
248.0261	DATA	Keypress: v
248.2961	DATA	Keypress: v
248.5325	DATA	Keypress: v
248.7345	DATA	Keypress:v held
248.7857	DATA	Keypress: v
249.0558	DATA	Keypress: v
249.3092	DATA	Keypress: v
249.5795	DATA	Keypress: v
249.7474	DATA	Keypress:v held
249.8156	DATA	Keypress: v
250.0859	DATA	Keypress: v
250.3390	DATA	Keypress: v
250.5753	DATA	Keypress: v
250.7605	DATA	Keypress:v held
250.7605	DATA	earn v
250.8636	DATA	Keypress: v
251.6395	DATA	Keypress: v
251.9264	DATA	Keypress: v
252.1625	DATA	Keypress: v
252.3991	DATA	Keypress: v
252.6353	DATA	Keypress: v
252.8711	DATA	Keypress:v held
252.8712	DATA	earn v
252.8718	DATA	Keypress: v
253.1082	DATA	Keypress: v
253.4124	DATA	Keypress: v
253.6655	DATA	Keypress: v
254.0117	DATA	Keypress: v
254.1886	DATA	Keypress: v
254.4425	DATA	Keypress: v
254.6953	DATA	Keypress: v
254.9654	DATA	Keypress: v
255.0323	DATA	Keypress:v held
255.0323	DATA	earn v
255.2359	DATA	Keypress: v
255.5564	DATA	Keypress: v
255.8263	DATA	Keypress: v
256.1756	DATA	Keypress: v
256.7043	DATA	Keypress: t
256.9071	DATA	Keypress: t
257.1433	DATA	Keypress: t
257.1765	DATA	Keypress:t held
257.3798	DATA	Keypress: t
257.6163	DATA	Keypress: t
257.8525	DATA	Keypress: t
258.1062	DATA	Keypress: t
258.2065	DATA	Keypress:t held
258.3422	DATA	Keypress: t
258.5788	DATA	Keypress: t
258.8148	DATA	Keypress: t
259.0850	DATA	Keypress: t
259.2195	DATA	Keypress:t held
259.3043	DATA	Keypress: t
259.5918	DATA	Keypress: t
259.8618	DATA	Keypress: t
260.1319	DATA	Keypress: t
260.2326	DATA	Keypress:t held
260.3682	DATA	Keypress: t
260.6047	DATA	Keypress: t
260.9255	DATA	Keypress: t
261.1620	DATA	Keypress: t
261.2625	DATA	Keypress:t held
261.4320	DATA	Keypress: t
261.6684	DATA	Keypress: t
261.9048	DATA	Keypress: t
262.1749	DATA	Keypress: t
262.2755	DATA	Keypress:t held
262.4281	DATA	Keypress: t
262.6827	DATA	Keypress: t
262.9347	DATA	Keypress: t
263.2218	DATA	Keypress: t
263.2886	DATA	Keypress:t held
263.4243	DATA	Keypress: t
263.6944	DATA	Keypress: t
263.9476	DATA	Keypress: t
264.2010	DATA	Keypress: t
264.3016	DATA	Keypress:t held
264.4371	DATA	Keypress: t
264.6737	DATA	Keypress: t
264.9101	DATA	Keypress: t
265.1465	DATA	Keypress: t
265.3147	DATA	Keypress:t held
265.3828	DATA	Keypress: t
265.6360	DATA	Keypress: t
265.8726	DATA	Keypress: t
266.1086	DATA	Keypress: t
266.3277	DATA	Keypress:t held
266.3277	DATA	earn t
266.6157	DATA	Keypress: v
267.2572	DATA	Keypress: v
267.4934	DATA	Keypress: v
267.7299	DATA	Keypress: v
267.9661	DATA	Keypress: v
268.2194	DATA	Keypress: v
268.4558	DATA	Keypress: v
268.4889	DATA	Keypress:v held
268.6921	DATA	Keypress: v
268.9454	DATA	Keypress: v
269.5019	DATA	Keypress:v held
269.5194	DATA	Keypress: v
269.7897	DATA	Keypress: v
270.0261	DATA	Keypress: v
270.2453	DATA	Keypress: v
270.4819	DATA	Keypress: v
270.5149	DATA	Keypress:v held
270.5150	DATA	earn v
270.7520	DATA	Keypress: v
271.1066	DATA	Keypress: v
271.3769	DATA	Keypress: v
271.6881	DATA	Keypress: v
271.8496	DATA	Keypress: v
272.0855	DATA	Keypress: v
272.3221	DATA	Keypress: v
272.5756	DATA	Keypress: v
272.6930	DATA	Keypress:v held
272.6930	DATA	earn v
272.8288	DATA	Keypress: v
273.0823	DATA	Keypress: v
273.3186	DATA	Keypress: v
273.5550	DATA	Keypress: v
273.8428	DATA	Keypress: v
274.0446	DATA	Keypress: v
274.2808	DATA	Keypress: v
274.5172	DATA	Keypress: v
274.7536	DATA	Keypress: v
274.8542	DATA	Keypress:v held
274.8542	DATA	earn v
274.9558	DATA	Keypress: v
275.2265	DATA	Keypress: v
275.4629	DATA	Keypress: v
275.6991	DATA	Keypress: v
276.0233	DATA	Keypress: v
276.3407	DATA	Keypress: t
276.6615	DATA	Keypress: t
276.8303	DATA	Keypress: t
277.0322	DATA	Keypress:t held
277.1345	DATA	Keypress: t
277.3380	DATA	Keypress: t
277.5900	DATA	Keypress: t
277.8432	DATA	Keypress: t
278.0621	DATA	Keypress:t held
278.0622	DATA	earn t
278.1630	DATA	Keypress: t
278.3668	DATA	Keypress: t
278.6034	DATA	Keypress: t
278.8395	DATA	Keypress: t
279.2228	DATA	Keypress: t
279.3290	DATA	Keypress: t
279.5822	DATA	Keypress: t
279.8357	DATA	Keypress: t
280.0720	DATA	Keypress: t
280.2238	DATA	Keypress:t held
280.3084	DATA	Keypress: t
280.5460	DATA	Keypress: t
280.7981	DATA	Keypress: t
281.0178	DATA	Keypress: t
281.2363	DATA	Keypress:t held
281.3045	DATA	Keypress: t
281.5748	DATA	Keypress: t
281.8112	DATA	Keypress: t
282.0813	DATA	Keypress: t
282.2494	DATA	Keypress:t held
282.3007	DATA	Keypress: t
282.5378	DATA	Keypress: t
282.8070	DATA	Keypress: t
283.0436	DATA	Keypress: t
283.2793	DATA	Keypress:t held
283.3138	DATA	Keypress: t
283.5839	DATA	Keypress: t
283.7864	DATA	Keypress: t
284.0395	DATA	Keypress: t
284.2594	DATA	Keypress: t
284.2924	DATA	Keypress:t held
284.5124	DATA	Keypress: t
284.7658	DATA	Keypress: t
285.0023	DATA	Keypress: t
285.2220	DATA	Keypress: t
285.3055	DATA	Keypress:t held
285.4747	DATA	Keypress: t
285.7111	DATA	Keypress: t
285.9308	DATA	Keypress: t
286.1840	DATA	Keypress: t
286.3184	DATA	Keypress:t held
286.4203	DATA	Keypress: t
286.6568	DATA	Keypress: t
286.9270	DATA	Keypress: t
287.1300	DATA	Keypress: t
287.3315	DATA	Keypress:t held
287.3828	DATA	Keypress: t
287.6192	DATA	Keypress: t
288.3445	DATA	Keypress:t held
288.7004	DATA	Keypress: v
288.9192	DATA	Keypress: v
289.1220	DATA	Keypress: v
289.3576	DATA	Keypress:v held
289.3751	DATA	Keypress: v
289.5947	DATA	Keypress: v
289.8648	DATA	Keypress: v
290.1010	DATA	Keypress: v
290.3207	DATA	Keypress: v
290.3706	DATA	Keypress:v held
290.5402	DATA	Keypress: v
290.7765	DATA	Keypress: v
291.0300	DATA	Keypress: v
291.2324	DATA	Keypress: v
291.4006	DATA	Keypress:v held
291.4858	DATA	Keypress: v
291.7057	DATA	Keypress: v
291.9416	DATA	Keypress: v
292.1610	DATA	Keypress: v
292.4136	DATA	Keypress:v held
292.4140	DATA	Keypress: v
292.6507	DATA	Keypress: v
292.9040	DATA	Keypress: v
293.1571	DATA	Keypress: v
293.3936	DATA	Keypress: v
293.4267	DATA	Keypress:v held
293.5963	DATA	Keypress: v
293.8341	DATA	Keypress: v
294.0688	DATA	Keypress: v
294.3057	DATA	Keypress: v
294.4397	DATA	Keypress:v held
294.5585	DATA	Keypress: v
294.8119	DATA	Keypress: v
295.0483	DATA	Keypress: v
295.2679	DATA	Keypress: v
295.4528	DATA	Keypress:v held
295.5215	DATA	Keypress: v
295.7571	DATA	Keypress: v
295.9936	DATA	Keypress: v
296.2301	DATA	Keypress: v
296.4657	DATA	Keypress:v held
296.4666	DATA	Keypress: v
296.7367	DATA	Keypress: v
296.9731	DATA	Keypress: v
297.1926	DATA	Keypress: v
297.4455	DATA	Keypress: v
297.4788	DATA	Keypress:v held
297.6821	DATA	Keypress: v
297.9355	DATA	Keypress: v
298.1717	DATA	Keypress: v
298.4082	DATA	Keypress: v
298.5088	DATA	Keypress:v held
298.6446	DATA	Keypress: v
298.8806	DATA	Keypress: v
299.1173	DATA	Keypress: v
299.3539	DATA	Keypress: v
299.5218	DATA	Keypress:v held
299.6071	DATA	Keypress: v
300.2149	DATA	Keypress: t
300.4511	DATA	Keypress: t
300.5349	DATA	Keypress:t held
300.6536	DATA	Keypress: t
300.9238	DATA	Keypress: t
301.1772	DATA	Keypress: t
301.4305	DATA	Keypress: t
301.5479	DATA	Keypress:t held
301.6500	DATA	Keypress: t
301.8863	DATA	Keypress: t
302.1227	DATA	Keypress: t
302.3591	DATA	Keypress: t
302.5610	DATA	Keypress:t held
302.5953	DATA	Keypress: t
302.8318	DATA	Keypress: t
303.0683	DATA	Keypress: t
303.3214	DATA	Keypress: t
303.6948	DATA	start rating L
303.7032	DATA	Keypress: t
303.7877	DATA	Keypress: t
315.0318	DATA	Keypress: return
315.0322	DATA	RatingScale rateL_scale: (key response) rating=2
315.0323	DATA	RatingScale rateL_scale: rating RT=11.337
315.0327	DATA	2.0
315.0327	DATA	end rating L
315.0398	DATA	start rating R
318.3927	DATA	Keypress: t
321.3941	DATA	Keypress: return
321.3945	DATA	RatingScale rateR_scale: (key response) rating=3
321.3945	DATA	RatingScale rateR_scale: rating RT=6.355
321.3949	DATA	3.0
321.3958	DATA	end rating R
323.0587	DATA	Keypress: v
323.0751	DATA	Keypress:v held
323.2785	DATA	Keypress: v
323.4810	DATA	Keypress: v
323.6837	DATA	Keypress: v
323.8694	DATA	Keypress: v
324.0882	DATA	Keypress:v held
324.0883	DATA	earn v
324.0890	DATA	Keypress: v
324.2918	DATA	Keypress: v
324.8152	DATA	Keypress: v
325.0176	DATA	Keypress: v
325.2984	DATA	Keypress: v
325.4228	DATA	Keypress: v
325.6254	DATA	Keypress: v
325.8278	DATA	Keypress: v
326.0472	DATA	Keypress: v
326.2501	DATA	Keypress: v
326.3000	DATA	Keypress:v held
326.4696	DATA	Keypress: v
326.6722	DATA	Keypress: v
326.8748	DATA	Keypress: v
327.1112	DATA	Keypress: v
327.2969	DATA	Keypress: v
327.3131	DATA	Keypress:v held
327.5333	DATA	Keypress: v
327.7358	DATA	Keypress: v
327.9554	DATA	Keypress: v
328.1579	DATA	Keypress: v
328.3261	DATA	Keypress:v held
328.3262	DATA	earn v
328.4265	DATA	Keypress: v
328.5634	DATA	Keypress: v
328.7998	DATA	Keypress: v
328.9854	DATA	Keypress: v
329.2214	DATA	Keypress: v
329.5198	DATA	Keypress: v
329.6267	DATA	Keypress: v
329.8633	DATA	Keypress: v
330.0659	DATA	Keypress: v
330.2685	DATA	Keypress: v
330.4540	DATA	Keypress: v
330.5210	DATA	Keypress:v held
330.6737	DATA	Keypress: v
330.8932	DATA	Keypress: v
331.0972	DATA	Keypress: v
331.3153	DATA	Keypress: v
331.5510	DATA	Keypress:v held
331.5517	DATA	Keypress: v
331.7543	DATA	Keypress: v
331.9569	DATA	Keypress: v
332.1595	DATA	Keypress: v
332.3621	DATA	Keypress: v
332.5640	DATA	Keypress:v held
332.5647	DATA	Keypress: v
332.7841	DATA	Keypress: v
332.9869	DATA	Keypress: v
333.2230	DATA	Keypress: v
333.4258	DATA	Keypress: v
333.5940	DATA	Keypress:v held
333.5947	DATA	Keypress: v
333.9321	DATA	Keypress: t
334.2023	DATA	Keypress: t
334.4052	DATA	Keypress: t
334.5908	DATA	Keypress: t
334.6069	DATA	Keypress:t held
334.7595	DATA	Keypress: t
335.3338	DATA	Keypress: t
335.5701	DATA	Keypress: t
335.6200	DATA	Keypress:t held
335.8409	DATA	Keypress: t
336.1270	DATA	Keypress: t
336.3636	DATA	Keypress: t
336.6331	DATA	Keypress:t held
336.6331	DATA	earn t
337.3259	DATA	Keypress: t
337.5963	DATA	Keypress: t
337.8493	DATA	Keypress: t
338.1192	DATA	Keypress: t
338.4067	DATA	Keypress: t
338.6430	DATA	Keypress: t
338.8452	DATA	Keypress:t held
338.8961	DATA	Keypress: t
339.1324	DATA	Keypress: t
339.3534	DATA	Keypress: t
339.6054	DATA	Keypress: t
339.8419	DATA	Keypress: t
339.8749	DATA	Keypress:t held
340.1120	DATA	Keypress: t
340.3483	DATA	Keypress: t
340.5673	DATA	Keypress: t
340.7704	DATA	Keypress: t
340.8879	DATA	Keypress:t held
341.0248	DATA	Keypress: t
341.2601	DATA	Keypress: t
341.4964	DATA	Keypress: t
341.7328	DATA	Keypress: t
341.9009	DATA	Keypress:t held
341.9010	DATA	earn t
341.9939	DATA	Keypress: t
342.1889	DATA	Keypress: t
342.4589	DATA	Keypress: t
342.6954	DATA	Keypress: t
343.1088	DATA	Keypress: t
343.1511	DATA	Keypress: t
343.3874	DATA	Keypress: t
343.6239	DATA	Keypress: t
343.8602	DATA	Keypress: t
344.0811	DATA	Keypress: t
344.1127	DATA	Keypress:t held
344.3329	DATA	Keypress: t
344.5862	DATA	Keypress: t
344.8395	DATA	Keypress: t
345.0759	DATA	Keypress: t
345.1427	DATA	Keypress:t held
345.3129	DATA	Keypress: t
345.5655	DATA	Keypress: t
345.7848	DATA	Keypress: t
346.0380	DATA	Keypress: t
346.1557	DATA	Keypress:t held
346.2575	DATA	Keypress: t
346.4941	DATA	Keypress: t
346.8329	DATA	Keypress: v
347.0682	DATA	Keypress: v
347.1688	DATA	Keypress:v held
347.2708	DATA	Keypress: v
347.4565	DATA	Keypress: v
347.7099	DATA	Keypress: v
347.9630	DATA	Keypress: v
348.1818	DATA	Keypress:v held
348.2161	DATA	Keypress: v
348.4525	DATA	Keypress: v
348.7228	DATA	Keypress: v
348.9254	DATA	Keypress: v
349.1450	DATA	Keypress: v
349.1948	DATA	Keypress:v held
349.4151	DATA	Keypress: v
349.6343	DATA	Keypress: v
349.8878	DATA	Keypress: v
350.0900	DATA	Keypress: v
350.2248	DATA	Keypress:v held
350.3943	DATA	Keypress: v
350.6474	DATA	Keypress: v
350.8839	DATA	Keypress: v
351.1710	DATA	Keypress: v
351.2378	DATA	Keypress:v held
351.3905	DATA	Keypress: v
351.5932	DATA	Keypress: v
351.8633	DATA	Keypress: v
352.0661	DATA	Keypress: v
352.2514	DATA	Keypress:v held
352.3024	DATA	Keypress: v
352.5218	DATA	Keypress: v
352.7750	DATA	Keypress: v
353.0114	DATA	Keypress: v
353.2489	DATA	Keypress: v
353.2808	DATA	Keypress:v held
353.5179	DATA	Keypress: v
353.7543	DATA	Keypress: v
353.9567	DATA	Keypress: v
354.1932	DATA	Keypress: v
354.2939	DATA	Keypress:v held
354.4464	DATA	Keypress: v
354.6660	DATA	Keypress: v
354.9193	DATA	Keypress: v
355.1557	DATA	Keypress: v
355.3238	DATA	Keypress:v held
355.3920	DATA	Keypress: v
355.5777	DATA	Keypress: v
355.8310	DATA	Keypress: v
356.0338	DATA	Keypress: v
356.3368	DATA	Keypress:v held
356.3369	DATA	earn v
356.9793	DATA	Keypress: t
357.2495	DATA	Keypress: t
357.5547	DATA	Keypress: t
357.6715	DATA	Keypress: t
357.9076	DATA	Keypress: t
358.1271	DATA	Keypress: t
358.3806	DATA	Keypress: t
358.5824	DATA	Keypress:t held
358.5832	DATA	Keypress: t
358.8197	DATA	Keypress: t
359.0390	DATA	Keypress: t
359.2753	DATA	Keypress: t
359.4946	DATA	Keypress: t
359.5954	DATA	Keypress:t held
359.7310	DATA	Keypress: t
359.9845	DATA	Keypress: t
360.1872	DATA	Keypress: t
360.4234	DATA	Keypress: t
360.6085	DATA	Keypress:t held
360.6429	DATA	Keypress: t
360.8625	DATA	Keypress: t
361.0818	DATA	Keypress: t
361.3352	DATA	Keypress: t
361.6052	DATA	Keypress: t
361.6384	DATA	Keypress:t held
361.7926	DATA	Keypress: t
362.0612	DATA	Keypress: t
362.2806	DATA	Keypress: t
362.5172	DATA	Keypress: t
362.6513	DATA	Keypress:t held
362.7365	DATA	Keypress: t
362.9727	DATA	Keypress: t
363.1926	DATA	Keypress: t
363.4458	DATA	Keypress: t
363.6813	DATA	Keypress:t held
363.6821	DATA	Keypress: t
363.9185	DATA	Keypress: t
364.1547	DATA	Keypress: t
364.3925	DATA	Keypress: t
364.6275	DATA	Keypress: t
364.6944	DATA	Keypress:t held
364.8470	DATA	Keypress: t
365.0833	DATA	Keypress: t
365.3537	DATA	Keypress: t
365.5394	DATA	Keypress: t
365.7075	DATA	Keypress:t held
365.7768	DATA	Keypress: t
366.0119	DATA	Keypress: t
366.2314	DATA	Keypress: t
366.4681	DATA	Keypress: t
366.7042	DATA	Keypress: t
366.7374	DATA	Keypress:t held
366.9408	DATA	Keypress: t
367.1449	DATA	Keypress: t
367.3627	DATA	Keypress: t
367.5823	DATA	Keypress: t
367.7505	DATA	Keypress:t held
367.8187	DATA	Keypress: t
368.0550	DATA	Keypress: t
368.2745	DATA	Keypress: t
368.5110	DATA	Keypress: t
368.7134	DATA	Keypress: t
368.7804	DATA	Keypress:t held
369.2706	DATA	Keypress: v
369.6927	DATA	Keypress: v
369.7934	DATA	Keypress:v held
369.7935	DATA	earn v
369.9295	DATA	Keypress: v
370.1658	DATA	Keypress: v
370.4530	DATA	Keypress: v
370.6723	DATA	Keypress: v
371.0125	DATA	Keypress: v
371.1280	DATA	Keypress: v
371.3643	DATA	Keypress: v
371.6008	DATA	Keypress: v
371.8372	DATA	Keypress: v
372.0390	DATA	Keypress:v held
372.0735	DATA	Keypress: v
372.2763	DATA	Keypress: v
372.5125	DATA	Keypress: v
372.7487	DATA	Keypress: v
372.9682	DATA	Keypress: v
373.0521	DATA	Keypress:v held
373.0522	DATA	earn v
373.1707	DATA	Keypress: v
373.4074	DATA	Keypress: v
373.6440	DATA	Keypress: v
373.8465	DATA	Keypress: v
374.2793	DATA	Keypress: v
374.3022	DATA	Keypress: v
374.5386	DATA	Keypress: v
374.7748	DATA	Keypress: v
375.0115	DATA	Keypress: v
375.2478	DATA	Keypress: v
375.2808	DATA	Keypress:v held
375.4503	DATA	Keypress: v
375.6698	DATA	Keypress: v
376.0413	DATA	Keypress: t
376.2938	DATA	Keypress:t held
376.2945	DATA	Keypress: t
376.5816	DATA	Keypress: t
376.8180	DATA	Keypress: t
377.0543	DATA	Keypress: t
377.2570	DATA	Keypress: t
377.3073	DATA	Keypress:t held
377.4930	DATA	Keypress: t
377.6961	DATA	Keypress: t
377.9491	DATA	Keypress: t
378.1522	DATA	Keypress: t
378.3199	DATA	Keypress:t held
378.3881	DATA	Keypress: t
378.5908	DATA	Keypress: t
378.8272	DATA	Keypress: t
379.0635	DATA	Keypress: t
379.2828	DATA	Keypress: t
379.3330	DATA	Keypress:t held
379.5194	DATA	Keypress: t
379.7389	DATA	Keypress: t
379.9922	DATA	Keypress: t
380.1946	DATA	Keypress: t
380.3629	DATA	Keypress:t held
380.3630	DATA	earn t
380.4595	DATA	Keypress: t
380.6339	DATA	Keypress: t
380.9040	DATA	Keypress: t
381.1064	DATA	Keypress: t
381.3263	DATA	Keypress: t
381.6361	DATA	Keypress: t
381.9943	DATA	start rating L
382.0052	DATA	Keypress: t
382.0475	DATA	Keypress: t
389.5420	DATA	Keypress: v
394.4211	DATA	Keypress: return
394.4215	DATA	RatingScale rateL_scale: (key response) rating=3
394.4216	DATA	RatingScale rateL_scale: rating RT=12.427
394.4220	DATA	3.0
394.4221	DATA	end rating L
394.4292	DATA	start rating R
397.2580	DATA	Keypress: t
399.1327	DATA	Keypress: t
403.2522	DATA	Keypress: return
403.2525	DATA	RatingScale rateR_scale: (key response) rating=2
403.2526	DATA	RatingScale rateR_scale: rating RT=8.823
403.2531	DATA	2.0
403.2541	DATA	end rating R
405.3015	DATA	Keypress: v
405.3345	DATA	Keypress:v held
405.5378	DATA	Keypress: v
405.7573	DATA	Keypress: v
405.9768	DATA	Keypress: v
406.1962	DATA	Keypress: v
406.3475	DATA	Keypress:v held
406.4495	DATA	Keypress: v
406.7027	DATA	Keypress: v
406.9223	DATA	Keypress: v
407.1249	DATA	Keypress: v
407.3606	DATA	Keypress:v held
407.3613	DATA	Keypress: v
407.5639	DATA	Keypress: v
407.8171	DATA	Keypress: v
408.0365	DATA	Keypress: v
408.2561	DATA	Keypress: v
408.3736	DATA	Keypress:v held
408.4756	DATA	Keypress: v
408.7120	DATA	Keypress: v
408.9146	DATA	Keypress: v
409.1341	DATA	Keypress: v
409.3703	DATA	Keypress: v
409.3866	DATA	Keypress:v held
409.5732	DATA	Keypress: v
409.7925	DATA	Keypress: v
410.0287	DATA	Keypress: v
410.2318	DATA	Keypress: v
410.3997	DATA	Keypress:v held
410.4680	DATA	Keypress: v
410.6873	DATA	Keypress: v
410.9069	DATA	Keypress: v
411.1262	DATA	Keypress: v
411.3290	DATA	Keypress: v
411.4127	DATA	Keypress:v held
411.5483	DATA	Keypress: v
411.7357	DATA	Keypress: v
411.9539	DATA	Keypress: v
412.1902	DATA	Keypress: v
412.3928	DATA	Keypress: v
412.4258	DATA	Keypress:v held
412.6122	DATA	Keypress: v
412.8313	DATA	Keypress: v
413.0512	DATA	Keypress: v
413.2539	DATA	Keypress: v
413.4388	DATA	Keypress:v held
413.4903	DATA	Keypress: v
413.6928	DATA	Keypress: v
413.8955	DATA	Keypress: v
414.0979	DATA	Keypress: v
414.3175	DATA	Keypress: v
414.4519	DATA	Keypress:v held
414.5370	DATA	Keypress: v
414.7733	DATA	Keypress: v
414.9435	DATA	Keypress: v
415.2799	DATA	Keypress: t
415.4818	DATA	Keypress:t held
415.5163	DATA	Keypress: t
415.7864	DATA	Keypress: t
415.9889	DATA	Keypress: t
416.1750	DATA	Keypress: t
416.3942	DATA	Keypress: t
416.4948	DATA	Keypress:t held
416.5632	DATA	Keypress: t
416.7656	DATA	Keypress: t
416.9853	DATA	Keypress: t
417.2554	DATA	Keypress: t
417.4580	DATA	Keypress: t
417.5079	DATA	Keypress:t held
417.6953	DATA	Keypress: t
417.9306	DATA	Keypress: t
418.1501	DATA	Keypress: t
418.3529	DATA	Keypress: t
418.5378	DATA	Keypress:t held
418.6061	DATA	Keypress: t
418.8087	DATA	Keypress: t
419.0451	DATA	Keypress: t
419.2320	DATA	Keypress: t
419.4503	DATA	Keypress: t
419.5509	DATA	Keypress:t held
419.6865	DATA	Keypress: t
419.9061	DATA	Keypress: t
420.1257	DATA	Keypress: t
420.3620	DATA	Keypress: t
420.5639	DATA	Keypress:t held
420.5984	DATA	Keypress: t
420.8176	DATA	Keypress: t
421.0543	DATA	Keypress: t
421.2907	DATA	Keypress: t
421.5275	DATA	Keypress: t
421.5770	DATA	Keypress:t held
421.7465	DATA	Keypress: t
422.0167	DATA	Keypress: t
422.2193	DATA	Keypress: t
422.4392	DATA	Keypress: t
422.5899	DATA	Keypress:t held
422.5900	DATA	earn t
422.6798	DATA	Keypress: t
422.8950	DATA	Keypress: t
423.1819	DATA	Keypress: t
423.3338	DATA	Keypress: t
423.5871	DATA	Keypress: t
423.8427	DATA	Keypress: t
424.0091	DATA	Keypress: t
424.2455	DATA	Keypress: t
424.4646	DATA	Keypress: t
424.6673	DATA	Keypress: t
424.8525	DATA	Keypress:t held
424.9038	DATA	Keypress: t
425.1234	DATA	Keypress: t
425.3597	DATA	Keypress: t
425.5623	DATA	Keypress: t
425.7987	DATA	Keypress: t
425.8656	DATA	Keypress:t held
426.0012	DATA	Keypress: t
426.2375	DATA	Keypress: t
426.4573	DATA	Keypress: t
426.6936	DATA	Keypress: t
426.8786	DATA	Keypress:t held
426.8786	DATA	earn t
426.8792	DATA	Keypress: t
427.1328	DATA	Keypress: t
427.3356	DATA	Keypress: t
427.5379	DATA	Keypress: t
427.7743	DATA	Keypress: t
428.1334	DATA	Keypress: t
428.1963	DATA	Keypress: t
428.3994	DATA	Keypress: t
428.6522	DATA	Keypress: t
428.8548	DATA	Keypress: t
429.0577	DATA	Keypress: t
429.1414	DATA	Keypress:t held
429.2938	DATA	Keypress: t
429.6652	DATA	Keypress: t
430.1710	DATA	Keypress:t held
430.1711	DATA	earn t
430.3745	DATA	Keypress: v
430.6447	DATA	Keypress: v
430.8641	DATA	Keypress: v
431.0667	DATA	Keypress: v
431.4289	DATA	Keypress: v
431.5224	DATA	Keypress: v
431.7588	DATA	Keypress: v
431.9952	DATA	Keypress: v
432.1992	DATA	Keypress: v
432.4333	DATA	Keypress:v held
432.4334	DATA	earn v
432.4341	DATA	Keypress: v
432.6539	DATA	Keypress: v
432.8733	DATA	Keypress: v
433.1097	DATA	Keypress: v
433.3460	DATA	Keypress: v
433.7382	DATA	Keypress: v
433.8019	DATA	Keypress: v
434.0382	DATA	Keypress: v
434.2408	DATA	Keypress: v
434.4602	DATA	Keypress: v
434.6965	DATA	Keypress: v
434.7466	DATA	Keypress:v held
434.9161	DATA	Keypress: v
435.1525	DATA	Keypress: v
435.4224	DATA	Keypress: v
435.6252	DATA	Keypress: v
435.7596	DATA	Keypress:v held
435.8616	DATA	Keypress: v
436.0641	DATA	Keypress: v
436.3005	DATA	Keypress: v
436.5199	DATA	Keypress: v
436.7727	DATA	Keypress:v held
436.7734	DATA	Keypress: v
436.9760	DATA	Keypress: v
437.1787	DATA	Keypress: v
437.4150	DATA	Keypress: v
437.6345	DATA	Keypress: v
437.7857	DATA	Keypress:v held
437.8541	DATA	Keypress: v
438.0732	DATA	Keypress: v
438.2758	DATA	Keypress: v
438.5125	DATA	Keypress: v
438.7488	DATA	Keypress: v
438.8156	DATA	Keypress:v held
438.9852	DATA	Keypress: v
439.2384	DATA	Keypress: v
439.3904	DATA	Keypress: v
439.6267	DATA	Keypress: v
439.8287	DATA	Keypress:v held
439.9306	DATA	Keypress: v
440.2177	DATA	Keypress: v
440.5216	DATA	Keypress: t
440.8085	DATA	Keypress: t
440.8417	DATA	Keypress:t held
441.0792	DATA	Keypress: t
441.3152	DATA	Keypress: t
441.5007	DATA	Keypress: t
441.6872	DATA	Keypress: t
441.8548	DATA	Keypress:t held
441.9231	DATA	Keypress: t
442.1257	DATA	Keypress: t
442.3959	DATA	Keypress: t
442.6153	DATA	Keypress: t
442.8347	DATA	Keypress: t
442.8678	DATA	Keypress:t held
443.0553	DATA	Keypress: t
443.2905	DATA	Keypress: t
443.5113	DATA	Keypress: t
443.7803	DATA	Keypress: t
443.8809	DATA	Keypress:t held
443.9831	DATA	Keypress: t
444.2190	DATA	Keypress: t
444.4390	DATA	Keypress: t
444.6751	DATA	Keypress: t
444.8939	DATA	Keypress:t held
444.8939	DATA	earn t
444.8948	DATA	Keypress: t
445.1649	DATA	Keypress: t
445.6715	DATA	Keypress: t
445.8741	DATA	Keypress: t
446.1844	DATA	Keypress: t
446.3296	DATA	Keypress: t
446.5662	DATA	Keypress: t
446.8195	DATA	Keypress: t
447.0222	DATA	Keypress: t
447.1904	DATA	Keypress:t held
447.2247	DATA	Keypress: t
447.4948	DATA	Keypress: t
447.7140	DATA	Keypress: t
447.9351	DATA	Keypress: t
448.1868	DATA	Keypress: t
448.2032	DATA	Keypress:t held
448.2033	DATA	earn t
448.4065	DATA	Keypress: t
448.6429	DATA	Keypress: t
448.8795	DATA	Keypress: t
449.0987	DATA	Keypress: t
449.4874	DATA	Keypress: t
449.5545	DATA	Keypress: t
449.7754	DATA	Keypress: t
450.0103	DATA	Keypress: t
450.2315	DATA	Keypress: t
450.4664	DATA	Keypress: t
450.4994	DATA	Keypress:t held
450.7028	DATA	Keypress: t
450.9222	DATA	Keypress: t
451.1432	DATA	Keypress: t
451.3779	DATA	Keypress: t
451.5125	DATA	Keypress:t held
451.6145	DATA	Keypress: t
451.8507	DATA	Keypress: t
452.0704	DATA	Keypress: t
452.3068	DATA	Keypress: t
452.5094	DATA	Keypress: t
452.5424	DATA	Keypress:t held
452.7120	DATA	Keypress: t
452.9650	DATA	Keypress: t
453.1848	DATA	Keypress: t
453.4042	DATA	Keypress: t
453.5724	DATA	Keypress:t held
453.6406	DATA	Keypress: t
453.8770	DATA	Keypress: t
454.0796	DATA	Keypress: t
454.2991	DATA	Keypress: t
454.5184	DATA	Keypress: t
454.5854	DATA	Keypress:t held
454.7379	DATA	Keypress: t
454.9407	DATA	Keypress: t
455.1770	DATA	Keypress: t
455.4136	DATA	Keypress: t
455.6153	DATA	Keypress:t held
455.9030	DATA	Keypress: v
456.2070	DATA	Keypress: v
456.4602	DATA	Keypress: v
456.6284	DATA	Keypress:v held
456.6798	DATA	Keypress: v
457.1191	DATA	Keypress: v
457.3889	DATA	Keypress: v
457.6256	DATA	Keypress: v
457.6414	DATA	Keypress:v held
457.8625	DATA	Keypress: v
458.0976	DATA	Keypress: v
458.3344	DATA	Keypress: v
458.5876	DATA	Keypress: v
458.6545	DATA	Keypress:v held
458.7910	DATA	Keypress: v
459.0606	DATA	Keypress: v
459.2630	DATA	Keypress: v
459.4825	DATA	Keypress: v
459.6675	DATA	Keypress:v held
459.7355	DATA	Keypress: v
459.9551	DATA	Keypress: v
460.1914	DATA	Keypress: v
460.4280	DATA	Keypress: v
460.6308	DATA	Keypress: v
460.6975	DATA	Keypress:v held
460.8668	DATA	Keypress: v
461.0862	DATA	Keypress: v
461.3227	DATA	Keypress: v
461.5762	DATA	Keypress: v
461.7104	DATA	Keypress:v held
461.7957	DATA	Keypress: v
462.0320	DATA	Keypress: v
462.2684	DATA	Keypress: v
462.5048	DATA	Keypress: v
462.7235	DATA	Keypress:v held
462.7580	DATA	Keypress: v
462.9775	DATA	Keypress: v
463.2140	DATA	Keypress: v
463.6962	DATA	start rating L
463.7039	DATA	Keypress: v
463.7044	DATA	Keypress: v
463.9127	DATA	Keypress: v
473.3040	DATA	Keypress: t
474.7222	DATA	Keypress: t
475.3303	DATA	Keypress: t
479.3618	DATA	Keypress: return
479.3624	DATA	RatingScale rateL_scale: (key response) rating=4
479.3625	DATA	RatingScale rateL_scale: rating RT=15.666
479.3634	DATA	4.0
479.3634	DATA	end rating L
479.3732	DATA	start rating R
485.4101	DATA	Keypress: t
486.1015	DATA	Keypress: t
488.0596	DATA	Keypress: return
488.0600	DATA	RatingScale rateR_scale: (key response) rating=2
488.0601	DATA	RatingScale rateR_scale: rating RT=8.687
488.0605	DATA	2.0
488.0615	DATA	end rating R
489.5865	DATA	Keypress: v
489.6030	DATA	Keypress:v held
489.6030	DATA	earn v
489.8065	DATA	Keypress: v
490.0767	DATA	Keypress: v
490.3131	DATA	Keypress: v
490.5494	DATA	Keypress: v
490.8921	DATA	Keypress: v
490.9711	DATA	Keypress: v
491.2075	DATA	Keypress: v
491.4273	DATA	Keypress: v
491.6465	DATA	Keypress: v
491.8829	DATA	Keypress: v
491.9162	DATA	Keypress:v held
492.0857	DATA	Keypress: v
492.3220	DATA	Keypress: v
492.5247	DATA	Keypress: v
492.7104	DATA	Keypress: v
492.9130	DATA	Keypress: v
492.9292	DATA	Keypress:v held
493.1493	DATA	Keypress: v
493.3521	DATA	Keypress: v
493.5715	DATA	Keypress: v
493.8077	DATA	Keypress: v
493.9423	DATA	Keypress:v held
493.9767	DATA	Keypress: v
494.2469	DATA	Keypress: v
494.4495	DATA	Keypress: v
494.6689	DATA	Keypress: v
494.8547	DATA	Keypress: v
494.9553	DATA	Keypress:v held
495.0910	DATA	Keypress: v
495.3104	DATA	Keypress: v
495.5469	DATA	Keypress: v
495.7833	DATA	Keypress: v
495.9683	DATA	Keypress:v held
495.9683	DATA	earn v
496.0681	DATA	Keypress: v
496.1886	DATA	Keypress: v
496.6277	DATA	Keypress: v
497.3535	DATA	Keypress: v
497.3543	DATA	Keypress: v
497.4549	DATA	Keypress: v
497.6917	DATA	Keypress: v
497.8937	DATA	Keypress: v
498.0961	DATA	Keypress: v
498.3158	DATA	Keypress: v
498.3658	DATA	Keypress:v held
498.3659	DATA	earn v
498.5356	DATA	Keypress: v
498.7382	DATA	Keypress: v
498.9424	DATA	Keypress: v
499.1771	DATA	Keypress: v
499.3629	DATA	Keypress: v
499.6791	DATA	Keypress: v
500.2068	DATA	Keypress: v
500.4602	DATA	Keypress: v
500.6628	DATA	Keypress: v
500.6959	DATA	Keypress:v held
501.8110	DATA	Keypress: v
501.8439	DATA	Keypress:v held
501.9460	DATA	Keypress: v
502.1992	DATA	Keypress: v
502.4019	DATA	Keypress: v
502.6045	DATA	Keypress: v
502.8070	DATA	Keypress: v
502.8570	DATA	Keypress:v held
502.8571	DATA	earn v
503.0436	DATA	Keypress: v
503.2800	DATA	Keypress: v
503.4826	DATA	Keypress: v
503.6850	DATA	Keypress: v
504.2079	DATA	Keypress: v
504.3772	DATA	Keypress: t
504.5798	DATA	Keypress: t
504.7994	DATA	Keypress: t
505.0189	DATA	Keypress: t
505.2207	DATA	Keypress:t held
505.2219	DATA	Keypress: t
505.4579	DATA	Keypress: t
505.6605	DATA	Keypress: t
505.8802	DATA	Keypress: t
506.0992	DATA	Keypress: t
506.2338	DATA	Keypress:t held
506.2853	DATA	Keypress: t
506.5045	DATA	Keypress: t
506.7073	DATA	Keypress: t
506.9269	DATA	Keypress: t
507.1801	DATA	Keypress: t
507.2469	DATA	Keypress:t held
507.3828	DATA	Keypress: t
507.6190	DATA	Keypress: t
507.8384	DATA	Keypress: t
508.0578	DATA	Keypress: t
508.2602	DATA	Keypress:t held
508.2941	DATA	Keypress: t
508.4969	DATA	Keypress: t
508.7166	DATA	Keypress: t
508.9191	DATA	Keypress: t
509.1556	DATA	Keypress: t
509.2734	DATA	Keypress:t held
509.3918	DATA	Keypress: t
509.5606	DATA	Keypress: t
509.8139	DATA	Keypress: t
510.0333	DATA	Keypress: t
510.2361	DATA	Keypress: t
510.2860	DATA	Keypress:t held
510.4725	DATA	Keypress: t
510.6751	DATA	Keypress: t
510.8782	DATA	Keypress: t
511.1478	DATA	Keypress: t
511.2991	DATA	Keypress:t held
511.3179	DATA	Keypress: t
511.5700	DATA	Keypress: t
511.7898	DATA	Keypress: t
512.0258	DATA	Keypress: t
512.2285	DATA	Keypress: t
512.3290	DATA	Keypress:t held
512.4648	DATA	Keypress: t
512.6674	DATA	Keypress: t
512.8531	DATA	Keypress: t
513.0723	DATA	Keypress: t
513.2753	DATA	Keypress: t
513.3420	DATA	Keypress:t held
513.4776	DATA	Keypress: t
513.7142	DATA	Keypress: t
513.9339	DATA	Keypress: t
514.1701	DATA	Keypress: t
514.3553	DATA	Keypress:t held
514.3727	DATA	Keypress: t
514.5751	DATA	Keypress: t
514.7777	DATA	Keypress: t
515.3682	DATA	Keypress:t held
515.3682	DATA	earn t
515.3689	DATA	Keypress: v
515.5548	DATA	Keypress: v
515.7911	DATA	Keypress: v
515.9939	DATA	Keypress: v
516.1964	DATA	Keypress: v
516.6917	DATA	Keypress: v
516.6926	DATA	Keypress: v
516.8379	DATA	Keypress: v
517.0741	DATA	Keypress: v
517.3105	DATA	Keypress: v
517.4795	DATA	Keypress: v
517.7150	DATA	Keypress:v held
517.7151	DATA	earn v
517.7158	DATA	Keypress: v
517.9185	DATA	Keypress: v
518.1210	DATA	Keypress: v
518.3405	DATA	Keypress: v
518.5600	DATA	Keypress: v
519.0505	DATA	Keypress: v
519.0512	DATA	Keypress: v
519.1847	DATA	Keypress: v
519.4044	DATA	Keypress: v
519.6235	DATA	Keypress: v
519.8430	DATA	Keypress: v
520.0619	DATA	Keypress:v held
520.0625	DATA	Keypress: v
520.2653	DATA	Keypress: v
520.4849	DATA	Keypress: v
520.6874	DATA	Keypress: v
520.9073	DATA	Keypress: v
521.0750	DATA	Keypress:v held
521.0922	DATA	Keypress: v
521.3118	DATA	Keypress: v
521.5312	DATA	Keypress: v
521.7510	DATA	Keypress: v
521.9874	DATA	Keypress: v
522.0880	DATA	Keypress:v held
522.0881	DATA	earn v
522.2081	DATA	Keypress: v
522.3759	DATA	Keypress: v
522.6121	DATA	Keypress: v
522.8149	DATA	Keypress: v
523.0344	DATA	Keypress: v
523.4232	DATA	Keypress: v
523.4730	DATA	Keypress: v
523.6940	DATA	Keypress: v
523.9291	DATA	Keypress: v
524.1655	DATA	Keypress: v
524.3516	DATA	Keypress: v
524.4348	DATA	Keypress:v held
524.5875	DATA	Keypress: v
524.7902	DATA	Keypress: v
524.9927	DATA	Keypress: v
525.2120	DATA	Keypress: v
525.4648	DATA	Keypress:v held
525.4993	DATA	Keypress: v
525.7018	DATA	Keypress: v
525.9043	DATA	Keypress: v
526.1240	DATA	Keypress: v
526.3264	DATA	Keypress: v
526.4779	DATA	Keypress:v held
526.5461	DATA	Keypress: v
526.7497	DATA	Keypress: v
526.9683	DATA	Keypress: v
527.1877	DATA	Keypress: v
527.3905	DATA	Keypress: v
527.4909	DATA	Keypress:v held
527.6268	DATA	Keypress: v
527.8138	DATA	Keypress: v
528.0487	DATA	Keypress: v
528.2514	DATA	Keypress: v
528.4538	DATA	Keypress: v
528.5039	DATA	Keypress:v held
528.6902	DATA	Keypress: v
528.9098	DATA	Keypress: v
529.1126	DATA	Keypress: v
529.3152	DATA	Keypress: v
529.5170	DATA	Keypress:v held
529.5176	DATA	Keypress: v
530.2099	DATA	Keypress: t
530.4969	DATA	Keypress: t
530.5300	DATA	Keypress:t held
530.8010	DATA	Keypress: t
531.0203	DATA	Keypress: t
531.2230	DATA	Keypress: t
531.4425	DATA	Keypress: t
531.5431	DATA	Keypress:t held
531.6456	DATA	Keypress: t
531.8815	DATA	Keypress: t
532.1017	DATA	Keypress: t
532.3374	DATA	Keypress: t
532.5730	DATA	Keypress:t held
532.5738	DATA	Keypress: t
532.7934	DATA	Keypress: t
532.9959	DATA	Keypress: t
533.2320	DATA	Keypress: t
533.4518	DATA	Keypress: t
533.5861	DATA	Keypress:t held
533.6543	DATA	Keypress: t
533.8908	DATA	Keypress: t
534.0934	DATA	Keypress: t
534.3297	DATA	Keypress: t
534.5334	DATA	Keypress: t
534.5992	DATA	Keypress:t held
534.7686	DATA	Keypress: t
534.9881	DATA	Keypress: t
535.1906	DATA	Keypress: t
535.4103	DATA	Keypress: t
535.6122	DATA	Keypress:t held
535.6467	DATA	Keypress: t
535.8493	DATA	Keypress: t
536.0699	DATA	Keypress: t
536.2880	DATA	Keypress: t
536.5078	DATA	Keypress: t
536.6251	DATA	Keypress:t held
536.7272	DATA	Keypress: t
536.9296	DATA	Keypress: t
537.1664	DATA	Keypress: t
537.3687	DATA	Keypress: t
537.6052	DATA	Keypress: t
537.6383	DATA	Keypress:t held
537.8080	DATA	Keypress: t
538.0271	DATA	Keypress: t
538.2470	DATA	Keypress: t
538.4494	DATA	Keypress: t
538.6513	DATA	Keypress:t held
538.7870	DATA	Keypress: v
539.0235	DATA	Keypress: v
539.2261	DATA	Keypress: v
539.4456	DATA	Keypress: v
539.6643	DATA	Keypress:v held
539.6648	DATA	Keypress: v
539.8846	DATA	Keypress: v
540.1041	DATA	Keypress: v
540.3235	DATA	Keypress: v
540.5430	DATA	Keypress: v
540.6774	DATA	Keypress:v held
540.7458	DATA	Keypress: v
540.9653	DATA	Keypress: v
541.1677	DATA	Keypress: v
541.4041	DATA	Keypress: v
541.6067	DATA	Keypress: v
541.6904	DATA	Keypress:v held
541.8429	DATA	Keypress: v
542.0458	DATA	Keypress: v
542.2821	DATA	Keypress: v
542.4854	DATA	Keypress: v
542.7204	DATA	Keypress:v held
542.7211	DATA	Keypress: v
542.9237	DATA	Keypress: v
543.1432	DATA	Keypress: v
543.3796	DATA	Keypress: v
543.5820	DATA	Keypress: v
543.7334	DATA	Keypress:v held
543.8016	DATA	Keypress: v
544.0718	DATA	Keypress: v
544.2407	DATA	Keypress: v
544.4602	DATA	Keypress: v
544.6459	DATA	Keypress: v
544.7465	DATA	Keypress:v held
544.8652	DATA	Keypress: v
545.0693	DATA	Keypress: v
545.3044	DATA	Keypress: v
545.5239	DATA	Keypress: v
545.7595	DATA	Keypress:v held
545.7603	DATA	Keypress: v
545.9628	DATA	Keypress: v
546.1822	DATA	Keypress: v
546.4354	DATA	Keypress: v
546.6212	DATA	Keypress: v
546.7726	DATA	Keypress:v held
546.8575	DATA	Keypress: v
547.0941	DATA	Keypress: v
547.3305	DATA	Keypress: v
547.5331	DATA	Keypress: v
547.7696	DATA	Keypress: v
547.8025	DATA	Keypress:v held
547.9552	DATA	Keypress: v
548.1592	DATA	Keypress: v
548.5853	DATA	start rating L
548.5932	DATA	Keypress: v
548.6581	DATA	Keypress: v
552.1702	DATA	Keypress: t
552.5072	DATA	Keypress: t
552.7779	DATA	Keypress: t
553.0435	DATA	Keypress: t
554.7660	DATA	Keypress: t
558.8225	DATA	Keypress: return
558.8228	DATA	RatingScale rateL_scale: (key response) rating=1
558.8229	DATA	RatingScale rateL_scale: rating RT=10.238
558.8234	DATA	1.0
558.8234	DATA	end rating L
558.8304	DATA	start rating R
560.9665	DATA	Keypress: v
563.7351	DATA	Keypress: v
565.5947	DATA	Keypress: return
565.5951	DATA	RatingScale rateR_scale: (key response) rating=6
565.5952	DATA	RatingScale rateR_scale: rating RT=6.765
565.5957	DATA	6.0
565.5967	DATA	end rating R
566.7301	DATA	Keypress: v
566.7464	DATA	Keypress:v held
566.9327	DATA	Keypress: v
567.1694	DATA	Keypress: v
567.3718	DATA	Keypress: v
567.6083	DATA	Keypress: v
567.7768	DATA	Keypress:v held
567.8109	DATA	Keypress: v
568.0135	DATA	Keypress: v
568.2160	DATA	Keypress: v
568.4525	DATA	Keypress: v
568.6548	DATA	Keypress: v
568.7894	DATA	Keypress:v held
568.9083	DATA	Keypress: v
569.1110	DATA	Keypress: v
569.3136	DATA	Keypress: v
569.5160	DATA	Keypress: v
569.7354	DATA	Keypress: v
569.8025	DATA	Keypress:v held
569.9045	DATA	Keypress: v
570.1406	DATA	Keypress: v
570.3604	DATA	Keypress: v
570.5799	DATA	Keypress: v
570.7825	DATA	Keypress: v
570.8155	DATA	Keypress:v held
570.9851	DATA	Keypress: v
571.2045	DATA	Keypress: v
571.4069	DATA	Keypress: v
571.6267	DATA	Keypress: v
571.8284	DATA	Keypress:v held
571.8292	DATA	Keypress: v
572.0656	DATA	Keypress: v
572.2528	DATA	Keypress: v
572.4877	DATA	Keypress: v
572.7241	DATA	Keypress: v
572.8584	DATA	Keypress:v held
572.9100	DATA	Keypress: v
573.1293	DATA	Keypress: v
573.3318	DATA	Keypress: v
573.5345	DATA	Keypress: v
573.7372	DATA	Keypress: v
573.8715	DATA	Keypress:v held
573.9398	DATA	Keypress: v
574.1424	DATA	Keypress: v
574.3449	DATA	Keypress: v
574.5982	DATA	Keypress: v
574.7500	DATA	Keypress: v
574.8846	DATA	Keypress:v held
574.9526	DATA	Keypress: v
575.1567	DATA	Keypress: v
575.3412	DATA	Keypress: v
575.5438	DATA	Keypress: v
575.9145	DATA	Keypress:v held
576.1177	DATA	Keypress: t
576.3710	DATA	Keypress: t
576.5569	DATA	Keypress: t
576.7932	DATA	Keypress: t
576.9276	DATA	Keypress:t held
576.9959	DATA	Keypress: t
577.1985	DATA	Keypress: t
577.4010	DATA	Keypress: t
577.6051	DATA	Keypress: t
577.8401	DATA	Keypress: t
577.9575	DATA	Keypress:t held
578.0426	DATA	Keypress: t
578.2450	DATA	Keypress: t
578.4647	DATA	Keypress: t
578.6839	DATA	Keypress: t
578.8700	DATA	Keypress: t
578.9705	DATA	Keypress:t held
579.1064	DATA	Keypress: t
579.3090	DATA	Keypress: t
579.5117	DATA	Keypress: t
579.7309	DATA	Keypress: t
579.9335	DATA	Keypress: t
579.9836	DATA	Keypress:t held
580.1363	DATA	Keypress: t
580.3557	DATA	Keypress: t
580.5416	DATA	Keypress: t
580.7441	DATA	Keypress: t
580.9805	DATA	Keypress: t
581.0135	DATA	Keypress:t held
581.1660	DATA	Keypress: t
581.4197	DATA	Keypress: t
581.6220	DATA	Keypress: t
581.8415	DATA	Keypress: t
582.0265	DATA	Keypress:t held
582.0448	DATA	Keypress: t
582.2806	DATA	Keypress: t
582.5000	DATA	Keypress: t
582.7027	DATA	Keypress: t
582.9052	DATA	Keypress: t
583.0396	DATA	Keypress:t held
583.1077	DATA	Keypress: t
583.2934	DATA	Keypress: t
583.4961	DATA	Keypress: t
583.7155	DATA	Keypress: t
583.9014	DATA	Keypress: t
584.0695	DATA	Keypress:t held
584.1378	DATA	Keypress: t
584.3404	DATA	Keypress: t
584.5430	DATA	Keypress: t
584.7453	DATA	Keypress: t
584.9651	DATA	Keypress: t
585.0826	DATA	Keypress:t held
585.0827	DATA	earn t
585.2017	DATA	Keypress: t
585.3885	DATA	Keypress: t
585.6913	DATA	Keypress: t
585.8941	DATA	Keypress: t
586.0801	DATA	Keypress: t
586.4508	DATA	Keypress: t
586.5015	DATA	Keypress: t
586.7377	DATA	Keypress: t
586.9406	DATA	Keypress: t
587.1601	DATA	Keypress: t
587.3792	DATA	Keypress: t
587.4801	DATA	Keypress:t held
587.4802	DATA	earn t
587.5782	DATA	Keypress: t
587.8018	DATA	Keypress: t
588.0046	DATA	Keypress: t
588.2072	DATA	Keypress: t
588.4262	DATA	Keypress: t
588.8639	DATA	Keypress: t
588.8643	DATA	Keypress: t
589.0686	DATA	Keypress: t
589.2706	DATA	Keypress: t
589.5070	DATA	Keypress: t
589.6923	DATA	Keypress: t
589.8777	DATA	Keypress:t held
589.9288	DATA	Keypress: t
590.1316	DATA	Keypress: t
590.3509	DATA	Keypress: t
590.5875	DATA	Keypress: t
590.7902	DATA	Keypress: t
590.8907	DATA	Keypress:t held
590.9928	DATA	Keypress: t
591.2121	DATA	Keypress: t
591.4148	DATA	Keypress: t
591.6004	DATA	Keypress: t
591.8206	DATA	Keypress: t
591.9037	DATA	Keypress:t held
592.0396	DATA	Keypress: t
592.6474	DATA	Keypress: v
592.8838	DATA	Keypress: v
592.9168	DATA	Keypress:v held
593.0861	DATA	Keypress: v
593.3058	DATA	Keypress: v
593.5253	DATA	Keypress: v
593.7278	DATA	Keypress: v
593.9298	DATA	Keypress:v held
593.9486	DATA	Keypress: v
594.1839	DATA	Keypress: v
594.4540	DATA	Keypress: v
594.6060	DATA	Keypress: v
594.8592	DATA	Keypress: v
594.9428	DATA	Keypress:v held
595.0616	DATA	Keypress: v
595.2643	DATA	Keypress: v
595.4837	DATA	Keypress: v
595.6865	DATA	Keypress: v
595.9229	DATA	Keypress: v
595.9560	DATA	Keypress:v held
596.1424	DATA	Keypress: v
596.3788	DATA	Keypress: v
596.5814	DATA	Keypress: v
596.8176	DATA	Keypress: v
596.9690	DATA	Keypress:v held
596.9691	DATA	earn v
597.0709	DATA	Keypress: v
597.2907	DATA	Keypress: v
597.4933	DATA	Keypress: v
597.6959	DATA	Keypress: v
597.9323	DATA	Keypress: v
598.3516	DATA	Keypress: v
598.3709	DATA	Keypress: v
598.5737	DATA	Keypress: v
598.7932	DATA	Keypress: v
599.0295	DATA	Keypress: v
599.2659	DATA	Keypress: v
599.3665	DATA	Keypress:v held
599.4687	DATA	Keypress: v
599.6879	DATA	Keypress: v
599.9074	DATA	Keypress: v
600.1270	DATA	Keypress: v
600.3465	DATA	Keypress: v
600.3795	DATA	Keypress:v held
600.5660	DATA	Keypress: v
600.8024	DATA	Keypress: v
601.0388	DATA	Keypress: v
601.2245	DATA	Keypress: v
601.3926	DATA	Keypress:v held
601.4271	DATA	Keypress: v
601.6635	DATA	Keypress: v
601.8491	DATA	Keypress: v
602.0853	DATA	Keypress: v
602.2882	DATA	Keypress: v
602.4057	DATA	Keypress:v held
602.5245	DATA	Keypress: v
602.7272	DATA	Keypress: v
603.0143	DATA	Keypress: v
603.2168	DATA	Keypress: v
603.4187	DATA	Keypress:v held
603.4701	DATA	Keypress: v
603.6897	DATA	Keypress: v
603.9260	DATA	Keypress: v
604.1623	DATA	Keypress: v
604.3650	DATA	Keypress: v
604.4318	DATA	Keypress:v held
604.5845	DATA	Keypress: v
604.7870	DATA	Keypress: v
605.0062	DATA	Keypress: v
605.2261	DATA	Keypress: v
605.4447	DATA	Keypress:v held
605.4455	DATA	Keypress: v
605.6990	DATA	Keypress: v
605.9014	DATA	Keypress: v
606.1378	DATA	Keypress: v
606.3247	DATA	Keypress: v
606.4578	DATA	Keypress:v held
606.5596	DATA	Keypress: v
606.7794	DATA	Keypress: v
606.9819	DATA	Keypress: v
607.2184	DATA	Keypress: v
607.4211	DATA	Keypress: v
607.4878	DATA	Keypress:v held
607.6573	DATA	Keypress: v
607.8600	DATA	Keypress: v
608.0793	DATA	Keypress: v
608.2818	DATA	Keypress: v
608.5008	DATA	Keypress:v held
608.6704	DATA	Keypress: t
608.9235	DATA	Keypress: t
609.1432	DATA	Keypress: t
609.3457	DATA	Keypress: t
609.5139	DATA	Keypress:t held
609.5483	DATA	Keypress: t
609.7678	DATA	Keypress: t
609.9880	DATA	Keypress: t
610.2070	DATA	Keypress: t
610.4432	DATA	Keypress: t
610.5269	DATA	Keypress:t held
610.6289	DATA	Keypress: t
610.8991	DATA	Keypress: t
611.0682	DATA	Keypress: t
611.2873	DATA	Keypress: t
611.5400	DATA	Keypress:t held
611.5744	DATA	Keypress: t
611.7936	DATA	Keypress: t
612.0302	DATA	Keypress: t
612.2329	DATA	Keypress: t
612.4357	DATA	Keypress: t
612.5699	DATA	Keypress:t held
612.6719	DATA	Keypress: t
612.9083	DATA	Keypress: t
613.1109	DATA	Keypress: t
613.3473	DATA	Keypress: t
613.5499	DATA	Keypress: t
613.5829	DATA	Keypress:t held
613.8046	DATA	Keypress: t
614.0226	DATA	Keypress: t
614.2759	DATA	Keypress: t
614.4785	DATA	Keypress: t
614.5965	DATA	Keypress:t held
614.5965	DATA	earn t
614.6997	DATA	Keypress: t
614.9174	DATA	Keypress: t
615.3566	DATA	Keypress: t
615.5759	DATA	Keypress: t
615.9586	DATA	Keypress: t
616.0149	DATA	Keypress: t
616.2514	DATA	Keypress: t
616.4538	DATA	Keypress: t
616.6566	DATA	Keypress: t
616.8759	DATA	Keypress: t
616.9597	DATA	Keypress:t held
616.9598	DATA	earn t
617.0954	DATA	Keypress: t
617.3490	DATA	Keypress: t
617.5515	DATA	Keypress: t
617.7880	DATA	Keypress: t
618.4170	DATA	Keypress: t
618.4179	DATA	Keypress: t
618.4183	DATA	Keypress: t
618.6488	DATA	Keypress: t
618.8520	DATA	Keypress: t
619.0710	DATA	Keypress: t
619.4417	DATA	Keypress:t held
619.9825	DATA	Keypress: v
620.2360	DATA	Keypress: v
620.4386	DATA	Keypress: v
620.4547	DATA	Keypress:v held
620.6580	DATA	Keypress: v
620.8609	DATA	Keypress: v
621.1309	DATA	Keypress: v
621.2999	DATA	Keypress: v
621.4678	DATA	Keypress:v held
621.5359	DATA	Keypress: v
621.7560	DATA	Keypress: v
621.9751	DATA	Keypress: v
622.2118	DATA	Keypress: v
622.4478	DATA	Keypress: v
622.4809	DATA	Keypress:v held
622.6505	DATA	Keypress: v
622.8870	DATA	Keypress: v
623.0560	DATA	Keypress: v
623.2918	DATA	Keypress: v
623.4939	DATA	Keypress:v held
623.5283	DATA	Keypress: v
623.7479	DATA	Keypress: v
623.9670	DATA	Keypress: v
624.2040	DATA	Keypress: v
624.4401	DATA	Keypress: v
624.5070	DATA	Keypress:v held
624.6597	DATA	Keypress: v
624.8790	DATA	Keypress: v
625.0986	DATA	Keypress: v
625.3180	DATA	Keypress: v
625.5199	DATA	Keypress:v held
625.5545	DATA	Keypress: v
626.1453	DATA	start rating L
626.1527	DATA	Keypress: v
626.1532	DATA	Keypress: v
626.2066	DATA	Keypress: v
629.9171	DATA	Keypress: t
630.2575	DATA	Keypress: t
630.6297	DATA	Keypress: t
631.0020	DATA	Keypress: t
631.3562	DATA	Keypress: t
635.7122	DATA	Keypress: return
635.7126	DATA	RatingScale rateL_scale: (key response) rating=2
635.7126	DATA	RatingScale rateL_scale: rating RT=9.567
635.7131	DATA	2.0
635.7131	DATA	end rating L
635.7202	DATA	start rating R
639.6144	DATA	Keypress: t
639.8817	DATA	Keypress: t
640.1192	DATA	Keypress: t
643.4106	DATA	Keypress: return
643.4110	DATA	RatingScale rateR_scale: (key response) rating=1
643.4111	DATA	RatingScale rateR_scale: rating RT=7.691
643.4115	DATA	1.0
643.4126	DATA	end rating R
