8.7755	DATA	version C
127.9533	DATA	Keypress: space
129.7911	DATA	Keypress: t
129.8238	DATA	Keypress:t held
129.8239	DATA	earn t
134.7029	DATA	Keypress: v
134.7356	DATA	Keypress:v held
136.7077	DATA	Keypress: t
136.7404	DATA	Keypress:t held
138.1778	DATA	Keypress: t
138.2106	DATA	Keypress:t held
139.6981	DATA	Keypress: t
139.7308	DATA	Keypress:t held
141.2352	DATA	Keypress: t
141.2678	DATA	Keypress:t held
141.2679	DATA	earn t
144.0917	DATA	Keypress: t
144.1247	DATA	Keypress:t held
144.1247	DATA	earn t
147.6672	DATA	Keypress: v
147.6999	DATA	Keypress:v held
148.7532	DATA	Keypress: v
148.7858	DATA	Keypress:v held
149.6721	DATA	Keypress: t
149.7882	DATA	Keypress:t held
151.0252	DATA	Keypress: t
151.0579	DATA	Keypress:t held
152.2447	DATA	Keypress: t
152.2776	DATA	Keypress:t held
152.2776	DATA	earn t
153.9489	DATA	Keypress: t
154.3658	DATA	Keypress:t held
154.3659	DATA	earn t
155.1519	DATA	Keypress: t
156.6718	DATA	Keypress: t
156.7047	DATA	Keypress:t held
157.9590	DATA	Keypress: t
158.0078	DATA	Keypress:t held
159.2783	DATA	Keypress: t
159.3110	DATA	Keypress:t held
160.7653	DATA	Keypress: v
160.7979	DATA	Keypress:v held
161.3164	DATA	Keypress: v
161.8002	DATA	Keypress:v held
161.9351	DATA	Keypress: t
162.6862	DATA	Keypress: t
162.8026	DATA	Keypress:t held
163.5886	DATA	Keypress: t
163.8050	DATA	Keypress:t held
164.4406	DATA	Keypress: t
164.8074	DATA	Keypress:t held
165.2423	DATA	Keypress: t
165.8098	DATA	Keypress:t held
165.8099	DATA	earn t
165.9609	DATA	Keypress: t
166.8875	DATA	Keypress: t
167.8153	DATA	Keypress: t
167.8981	DATA	Keypress:t held
168.7348	DATA	Keypress: t
168.9005	DATA	Keypress:t held
169.3524	DATA	Keypress: t
169.9030	DATA	Keypress:t held
170.2212	DATA	Keypress: t
170.9053	DATA	Keypress:t held
171.0733	DATA	Keypress: t
171.9077	DATA	Keypress:t held
171.9078	DATA	earn t
172.1091	DATA	Keypress: v
173.4630	DATA	Keypress: t
173.9794	DATA	Keypress:t held
174.2974	DATA	Keypress: v
174.9817	DATA	Keypress:v held
175.0660	DATA	Keypress: v
175.9841	DATA	Keypress:v held
176.1018	DATA	Keypress: v
176.9538	DATA	Keypress: v
176.9865	DATA	Keypress:v held
177.5553	DATA	Keypress: t
177.9888	DATA	Keypress:t held
178.6745	DATA	Keypress: t
178.9913	DATA	Keypress:t held
179.6603	DATA	Keypress: v
179.9937	DATA	Keypress:v held
180.4625	DATA	Keypress: v
180.9961	DATA	Keypress:v held
181.3990	DATA	Keypress: v
181.9825	DATA	Keypress: t
182.0152	DATA	Keypress:t held
182.7176	DATA	Keypress: t
183.0176	DATA	Keypress:t held
183.5196	DATA	Keypress: t
184.0200	DATA	Keypress:t held
184.0201	DATA	earn t
184.5555	DATA	Keypress: t
185.8584	DATA	Keypress: t
186.0916	DATA	Keypress:t held
186.6602	DATA	Keypress: v
187.0940	DATA	Keypress:v held
187.4455	DATA	Keypress: v
188.2041	DATA	start rating L
188.2228	DATA	Keypress: v
201.6561	DATA	Keypress: v
202.0239	DATA	Keypress: v
204.3295	DATA	Keypress: t
204.5300	DATA	Keypress: t
204.7641	DATA	Keypress: t
204.9302	DATA	Keypress: t
205.1332	DATA	Keypress: t
205.3318	DATA	Keypress: t
207.1027	DATA	Keypress: v
207.4032	DATA	Keypress: v
207.7036	DATA	Keypress: v
217.3943	DATA	Keypress: v
217.7284	DATA	Keypress: v
217.9287	DATA	Keypress: v
218.1289	DATA	Keypress: v
225.1127	DATA	Keypress: return
225.1130	DATA	RatingScale rateL_scale: (key response) rating=7
225.1131	DATA	RatingScale rateL_scale: rating RT=36.909
225.1137	DATA	7.0
225.1137	DATA	end rating L
225.1207	DATA	start rating R
232.4133	DATA	Keypress: t
232.8482	DATA	Keypress: t
235.0212	DATA	Keypress: return
235.0218	DATA	RatingScale rateR_scale: (key response) rating=2
235.0220	DATA	RatingScale rateR_scale: rating RT=9.901
235.0229	DATA	2.0
235.0249	DATA	end rating R
239.7205	DATA	Keypress: t
239.7532	DATA	Keypress:t held
240.2552	DATA	Keypress: t
240.7556	DATA	Keypress:t held
241.1573	DATA	Keypress: t
241.7580	DATA	Keypress:t held
241.9928	DATA	Keypress: t
242.7604	DATA	Keypress:t held
242.9616	DATA	Keypress: v
243.4795	DATA	Keypress: v
243.7627	DATA	Keypress:v held
244.1659	DATA	Keypress: v
244.7652	DATA	Keypress:v held
244.7652	DATA	earn v
244.8792	DATA	Keypress: v
246.0855	DATA	Keypress: v
246.7540	DATA	Keypress: v
246.8702	DATA	Keypress:v held
247.3886	DATA	Keypress: v
247.8726	DATA	Keypress:v held
247.8727	DATA	earn v
248.3915	DATA	Keypress: t
249.4605	DATA	Keypress: t
249.9943	DATA	Keypress:t held
250.1788	DATA	Keypress: t
250.9301	DATA	Keypress: t
250.9968	DATA	Keypress:t held
251.6655	DATA	Keypress: v
251.9992	DATA	Keypress:v held
252.3340	DATA	Keypress: v
253.0015	DATA	Keypress:v held
253.0021	DATA	Keypress: v
253.8207	DATA	Keypress: v
254.0039	DATA	Keypress:v held
254.8400	DATA	Keypress: v
255.0063	DATA	Keypress:v held
255.0064	DATA	earn v
255.3915	DATA	Keypress: t
256.2600	DATA	Keypress: t
257.0118	DATA	Keypress: t
257.1281	DATA	Keypress:t held
257.8136	DATA	Keypress: t
258.1305	DATA	Keypress:t held
258.7827	DATA	Keypress: t
259.1329	DATA	Keypress:t held
259.9522	DATA	Keypress: v
260.1353	DATA	Keypress:v held
260.6203	DATA	Keypress: v
261.1377	DATA	Keypress:v held
261.1377	DATA	earn v
261.2445	DATA	Keypress: v
262.3412	DATA	Keypress: v
262.7922	DATA	Keypress: v
263.2594	DATA	Keypress:v held
263.2594	DATA	earn v
263.3692	DATA	Keypress: v
264.3854	DATA	Keypress: v
264.9475	DATA	Keypress: v
265.3979	DATA	Keypress:v held
265.6826	DATA	Keypress: v
266.2339	DATA	Keypress: t
266.4002	DATA	Keypress:t held
266.8520	DATA	Keypress: t
267.4026	DATA	Keypress:t held
267.4867	DATA	Keypress: t
268.0382	DATA	Keypress: t
268.4050	DATA	Keypress:t held
268.6227	DATA	Keypress: v
269.2244	DATA	Keypress: v
269.4074	DATA	Keypress:v held
269.8594	DATA	Keypress: v
270.3101	DATA	Keypress: v
270.4098	DATA	Keypress:v held
271.0454	DATA	Keypress: v
271.4122	DATA	Keypress:v held
271.6635	DATA	Keypress: v
272.2482	DATA	Keypress: v
272.4146	DATA	Keypress:v held
272.7328	DATA	Keypress: t
273.4011	DATA	Keypress: t
273.4337	DATA	Keypress:t held
274.0023	DATA	Keypress: t
274.4359	DATA	Keypress:t held
274.6373	DATA	Keypress: t
275.1218	DATA	Keypress: v
275.4385	DATA	Keypress:v held
275.7065	DATA	Keypress: v
276.2745	DATA	Keypress: v
276.4409	DATA	Keypress:v held
276.8426	DATA	Keypress: v
277.3937	DATA	Keypress: v
277.4433	DATA	Keypress:v held
277.9452	DATA	Keypress: v
278.4457	DATA	Keypress:v held
278.8139	DATA	Keypress: v
279.3152	DATA	Keypress: t
279.4480	DATA	Keypress:t held
279.9330	DATA	Keypress: t
280.4505	DATA	Keypress:t held
280.4849	DATA	Keypress: t
280.9689	DATA	Keypress: t
281.4528	DATA	Keypress:t held
281.5204	DATA	Keypress: v
282.1051	DATA	Keypress: v
282.4553	DATA	Keypress:v held
282.6731	DATA	Keypress: v
283.3414	DATA	Keypress: v
283.4576	DATA	Keypress:v held
283.9093	DATA	Keypress: t
284.3938	DATA	Keypress: t
284.4601	DATA	Keypress:t held
284.9787	DATA	Keypress: t
285.4625	DATA	Keypress:t held
285.5300	DATA	Keypress: v
286.0312	DATA	Keypress: v
286.4649	DATA	Keypress:v held
286.6160	DATA	Keypress: v
287.1169	DATA	Keypress: v
287.4673	DATA	Keypress:v held
287.7854	DATA	Keypress: v
288.4369	DATA	Keypress: v
288.4696	DATA	Keypress:v held
288.4697	DATA	earn v
289.2057	DATA	Keypress: v
290.1576	DATA	Keypress: t
290.6081	DATA	Keypress:t held
290.7926	DATA	Keypress: t
291.5442	DATA	Keypress: t
291.6105	DATA	Keypress:t held
292.0957	DATA	Keypress: t
292.6129	DATA	Keypress:t held
292.6805	DATA	Keypress: v
293.1816	DATA	Keypress: v
293.6152	DATA	Keypress:v held
293.7329	DATA	Keypress: v
294.4012	DATA	Keypress: v
294.6177	DATA	Keypress:v held
294.9358	DATA	Keypress: v
295.3165	DATA	start rating L
298.1371	DATA	Keypress: t
299.1729	DATA	Keypress: t
302.1130	DATA	Keypress: v
303.6842	DATA	Keypress: return
303.6846	DATA	RatingScale rateL_scale: (key response) rating=3
303.6847	DATA	RatingScale rateL_scale: rating RT=8.368
303.6853	DATA	3.0
303.6853	DATA	end rating L
303.6926	DATA	start rating R
319.5381	DATA	Keypress: v
321.2758	DATA	Keypress: v
323.6816	DATA	Keypress: return
323.6819	DATA	RatingScale rateR_scale: (key response) rating=6
323.6820	DATA	RatingScale rateR_scale: rating RT=19.989
323.6825	DATA	6.0
323.6835	DATA	end rating R
326.5949	DATA	Keypress: t
326.6275	DATA	Keypress:t held
327.2297	DATA	Keypress: t
327.6299	DATA	Keypress:t held
327.9146	DATA	Keypress: t
328.6323	DATA	Keypress:t held
328.6323	DATA	earn t
328.9005	DATA	Keypress: t
330.6712	DATA	Keypress: t
330.8208	DATA	Keypress:t held
330.8209	DATA	earn t
331.8075	DATA	Keypress: t
333.0604	DATA	Keypress: v
333.0930	DATA	Keypress:v held
333.6618	DATA	Keypress: v
334.0953	DATA	Keypress:v held
334.0954	DATA	earn v
334.3636	DATA	Keypress: v
335.8001	DATA	Keypress: v
336.2839	DATA	Keypress:v held
336.5853	DATA	Keypress: v
337.0865	DATA	Keypress: t
337.2863	DATA	Keypress:t held
337.8049	DATA	Keypress: t
338.2887	DATA	Keypress:t held
338.5079	DATA	Keypress: t
339.2911	DATA	Keypress:t held
339.3085	DATA	Keypress: t
340.2935	DATA	Keypress:t held
340.3609	DATA	Keypress: t
340.8789	DATA	Keypress: v
341.2959	DATA	Keypress:v held
341.2959	DATA	earn v
341.5306	DATA	Keypress: v
342.4751	DATA	Keypress: v
343.1343	DATA	Keypress: v
343.4845	DATA	Keypress:v held
343.4845	DATA	earn v
344.0200	DATA	Keypress: t
345.0556	DATA	Keypress: t
345.6730	DATA	Keypress:t held
345.7739	DATA	Keypress: t
346.6259	DATA	Keypress: t
346.6754	DATA	Keypress:t held
347.3110	DATA	Keypress: v
347.6778	DATA	Keypress:v held
347.9291	DATA	Keypress: v
348.5139	DATA	Keypress: v
348.6801	DATA	Keypress:v held
349.1821	DATA	Keypress: v
349.6827	DATA	Keypress:v held
349.6828	DATA	earn v
350.2684	DATA	Keypress: v
351.0198	DATA	Keypress: t
351.6379	DATA	Keypress: t
351.8712	DATA	Keypress:t held
352.2895	DATA	Keypress: t
352.8735	DATA	Keypress:t held
352.9745	DATA	Keypress: t
353.5257	DATA	Keypress: t
353.8759	DATA	Keypress:t held
354.2275	DATA	Keypress: t
354.8783	DATA	Keypress:t held
355.0962	DATA	Keypress: t
355.6307	DATA	Keypress: v
355.8807	DATA	Keypress:v held
355.8808	DATA	earn v
356.1825	DATA	Keypress: v
356.8172	DATA	Keypress: v
357.5187	DATA	Keypress: v
358.0693	DATA	Keypress:v held
358.2036	DATA	Keypress: v
358.7550	DATA	Keypress: v
359.0717	DATA	Keypress:v held
359.3077	DATA	Keypress: t
359.9076	DATA	Keypress: t
360.0741	DATA	Keypress:t held
360.6092	DATA	Keypress: t
361.0765	DATA	Keypress:t held
361.2610	DATA	Keypress: t
361.9626	DATA	Keypress: t
362.0789	DATA	Keypress:t held
362.4806	DATA	Keypress: v
363.0319	DATA	Keypress: v
363.0813	DATA	Keypress:v held
363.5164	DATA	Keypress: v
364.0837	DATA	Keypress:v held
364.0846	DATA	Keypress: v
364.6190	DATA	Keypress: v
365.0861	DATA	Keypress:v held
365.2539	DATA	Keypress: t
365.8386	DATA	Keypress: t
366.0885	DATA	Keypress:t held
366.3732	DATA	Keypress: t
366.8916	DATA	Keypress: t
367.0909	DATA	Keypress:t held
367.5928	DATA	Keypress: t
368.0933	DATA	Keypress:t held
368.1774	DATA	Keypress: v
368.6954	DATA	Keypress: v
369.0795	DATA	Keypress: v
369.1124	DATA	Keypress:v held
369.6477	DATA	Keypress: v
370.1148	DATA	Keypress:v held
370.1155	DATA	Keypress: v
370.6833	DATA	Keypress: v
371.0676	DATA	Keypress: t
371.1171	DATA	Keypress:t held
371.6525	DATA	Keypress: t
372.1195	DATA	Keypress:t held
372.2205	DATA	Keypress: t
372.7717	DATA	Keypress: t
373.1219	DATA	Keypress:t held
373.3564	DATA	Keypress: t
373.9080	DATA	Keypress: t
374.1411	DATA	Keypress:t held
374.4926	DATA	Keypress: v
374.9770	DATA	Keypress: v
375.1602	DATA	Keypress:v held
375.4113	DATA	Keypress: v
375.9460	DATA	Keypress: v
376.1626	DATA	Keypress:v held
376.4473	DATA	Keypress: v
377.0654	DATA	Keypress: v
377.1649	DATA	Keypress:v held
377.8005	DATA	Keypress: v
378.1673	DATA	Keypress:v held
378.2681	DATA	Keypress: t
378.8697	DATA	Keypress: t
379.1697	DATA	Keypress:t held
379.3877	DATA	Keypress: t
380.0058	DATA	Keypress: t
380.1721	DATA	Keypress:t held
380.5571	DATA	Keypress: t
381.1745	DATA	Keypress:t held
381.2254	DATA	Keypress: t
381.8435	DATA	Keypress: v
382.1769	DATA	Keypress:v held
382.4114	DATA	Keypress: v
382.9473	DATA	Keypress: v
383.1793	DATA	Keypress:v held
383.1794	DATA	earn v
383.7149	DATA	Keypress: v
384.6883	DATA	start rating L
384.6958	DATA	Keypress: v
389.3391	DATA	Keypress: t
390.6407	DATA	Keypress: t
392.5792	DATA	Keypress: return
392.5795	DATA	RatingScale rateL_scale: (key response) rating=3
392.5796	DATA	RatingScale rateL_scale: rating RT=7.891
392.5801	DATA	3.0
392.5801	DATA	end rating L
392.5870	DATA	start rating R
395.6701	DATA	Keypress: v
397.9088	DATA	Keypress: return
397.9092	DATA	RatingScale rateR_scale: (key response) rating=5
397.9092	DATA	RatingScale rateR_scale: rating RT=5.322
397.9097	DATA	5.0
397.9107	DATA	end rating R
400.2041	DATA	Keypress: t
400.2368	DATA	Keypress:t held
400.7390	DATA	Keypress: t
401.2392	DATA	Keypress:t held
401.2733	DATA	Keypress: t
401.7912	DATA	Keypress: t
402.2415	DATA	Keypress:t held
402.2758	DATA	Keypress: t
402.8109	DATA	Keypress: v
403.2439	DATA	Keypress:v held
403.2614	DATA	Keypress: v
403.7623	DATA	Keypress: v
404.2464	DATA	Keypress:v held
404.3473	DATA	Keypress: v
404.8820	DATA	Keypress: v
405.2487	DATA	Keypress:v held
405.4999	DATA	Keypress: t
406.1349	DATA	Keypress: t
406.2511	DATA	Keypress:t held
406.6862	DATA	Keypress: t
407.1204	DATA	Keypress: t
407.2535	DATA	Keypress:t held
407.6385	DATA	Keypress: v
408.1731	DATA	Keypress: v
408.2559	DATA	Keypress:v held
408.6911	DATA	Keypress: v
409.2089	DATA	Keypress: v
409.2583	DATA	Keypress:v held
409.7601	DATA	Keypress: t
410.2607	DATA	Keypress:t held
410.2608	DATA	earn t
410.3733	DATA	Keypress: t
411.0134	DATA	Keypress: t
411.6828	DATA	Keypress: t
412.4827	DATA	Keypress:t held
412.4827	DATA	earn t
412.4836	DATA	Keypress: v
413.1851	DATA	Keypress: v
413.6970	DATA	Keypress: v
414.2042	DATA	Keypress: v
414.7046	DATA	Keypress:v held
414.8390	DATA	Keypress: t
415.3737	DATA	Keypress: t
415.7070	DATA	Keypress:t held
415.8586	DATA	Keypress: t
416.3760	DATA	Keypress: t
416.7094	DATA	Keypress:t held
416.7095	DATA	earn t
416.8239	DATA	Keypress: t
417.4790	DATA	Keypress: v
418.0300	DATA	Keypress: v
418.5646	DATA	Keypress: v
418.9481	DATA	Keypress:v held
419.0826	DATA	Keypress: v
419.7509	DATA	Keypress: v
419.9672	DATA	Keypress:v held
420.5360	DATA	Keypress: t
420.9696	DATA	Keypress:t held
421.0871	DATA	Keypress: t
421.5885	DATA	Keypress: t
421.9720	DATA	Keypress:t held
422.1232	DATA	Keypress: t
422.7412	DATA	Keypress: t
422.9744	DATA	Keypress:t held
423.4095	DATA	Keypress: v
423.9107	DATA	Keypress: v
423.9768	DATA	Keypress:v held
424.4118	DATA	Keypress: v
424.9632	DATA	Keypress: v
424.9959	DATA	Keypress:v held
425.6313	DATA	Keypress: v
425.9983	DATA	Keypress:v held
426.2330	DATA	Keypress: t
426.7007	DATA	Keypress: t
427.0007	DATA	Keypress:t held
427.1867	DATA	Keypress: t
427.8033	DATA	Keypress: t
428.0031	DATA	Keypress:t held
428.2878	DATA	Keypress: t
428.7055	DATA	Keypress: v
429.0055	DATA	Keypress:v held
429.2066	DATA	Keypress: v
429.7079	DATA	Keypress: v
430.0078	DATA	Keypress:v held
430.2263	DATA	Keypress: v
430.7944	DATA	Keypress: v
431.0103	DATA	Keypress:v held
431.3463	DATA	Keypress: t
431.9968	DATA	Keypress: t
432.0294	DATA	Keypress:t held
432.4645	DATA	Keypress: t
432.8822	DATA	Keypress: t
433.0318	DATA	Keypress:t held
433.4668	DATA	Keypress: v
434.0014	DATA	Keypress: v
434.0342	DATA	Keypress:v held
434.5027	DATA	Keypress: v
434.9542	DATA	Keypress: v
435.0364	DATA	Keypress:v held
435.6387	DATA	Keypress: t
436.0390	DATA	Keypress:t held
436.0397	DATA	Keypress: t
436.5741	DATA	Keypress: t
437.0414	DATA	Keypress:t held
437.0923	DATA	Keypress: t
437.6437	DATA	Keypress: t
438.0438	DATA	Keypress:t held
438.1948	DATA	Keypress: v
438.6794	DATA	Keypress: v
439.0462	DATA	Keypress:v held
439.1973	DATA	Keypress: v
439.7316	DATA	Keypress: v
440.0486	DATA	Keypress:v held
440.0486	DATA	earn v
440.3336	DATA	Keypress: v
441.4693	DATA	Keypress: t
441.9203	DATA	Keypress: t
442.3040	DATA	Keypress:t held
442.3882	DATA	Keypress: t
442.9060	DATA	Keypress: t
443.3063	DATA	Keypress:t held
443.3064	DATA	earn t
443.4244	DATA	Keypress: t
444.1928	DATA	Keypress: v
444.7772	DATA	Keypress: v
445.2448	DATA	Keypress: v
445.5450	DATA	Keypress:v held
445.7293	DATA	Keypress: v
446.2641	DATA	Keypress: v
446.5474	DATA	Keypress:v held
446.5475	DATA	earn v
447.2334	DATA	Keypress: t
447.7899	DATA	Keypress: t
448.1863	DATA	Keypress: t
448.6866	DATA	Keypress: t
448.8028	DATA	Keypress:t held
448.8029	DATA	earn t
449.3551	DATA	Keypress: t
450.0972	DATA	Keypress: v
450.4407	DATA	Keypress: v
450.9419	DATA	Keypress: v
451.1084	DATA	Keypress:v held
451.3942	DATA	Keypress: v
451.9108	DATA	Keypress: v
452.1274	DATA	Keypress:v held
452.1275	DATA	earn v
452.5461	DATA	Keypress: v
453.3784	DATA	Keypress: t
453.7153	DATA	Keypress: t
454.1995	DATA	Keypress: t
454.3827	DATA	Keypress:t held
454.6675	DATA	Keypress: t
455.1687	DATA	Keypress: t
455.3852	DATA	Keypress:t held
455.6866	DATA	Keypress: t
456.1544	DATA	Keypress: v
456.3876	DATA	Keypress:v held
456.5553	DATA	Keypress: v
457.1068	DATA	Keypress: v
457.3900	DATA	Keypress:v held
457.4910	DATA	Keypress: v
457.9537	DATA	Keypress: v
458.3268	DATA	start rating L
458.4704	DATA	Keypress: v
461.8784	DATA	Keypress: t
464.1507	DATA	Keypress: return
464.1510	DATA	RatingScale rateL_scale: (key response) rating=4
464.1511	DATA	RatingScale rateL_scale: rating RT=5.824
464.1516	DATA	4.0
464.1516	DATA	end rating L
464.1587	DATA	start rating R
466.7737	DATA	Keypress: return
466.7740	DATA	RatingScale rateR_scale: (key response) rating=4
466.7741	DATA	RatingScale rateR_scale: rating RT=2.615
466.7746	DATA	4.0
466.7756	DATA	end rating R
468.2667	DATA	Keypress: t
468.2994	DATA	Keypress:t held
468.2995	DATA	earn t
469.0354	DATA	Keypress: t
469.6534	DATA	Keypress: t
470.2382	DATA	Keypress: t
470.5882	DATA	Keypress:t held
470.7892	DATA	Keypress: t
471.3740	DATA	Keypress: t
471.5906	DATA	Keypress:t held
471.5907	DATA	earn t
471.9590	DATA	Keypress: v
472.8849	DATA	Keypress: v
473.2954	DATA	Keypress: v
473.8635	DATA	Keypress: v
473.8961	DATA	Keypress:v held
474.3312	DATA	Keypress: v
474.8985	DATA	Keypress:v held
474.8986	DATA	earn v
475.0037	DATA	Keypress: v
475.8183	DATA	Keypress: t
476.6534	DATA	Keypress: t
477.2541	DATA	Keypress:t held
477.2542	DATA	earn t
477.3754	DATA	Keypress: t
478.0905	DATA	Keypress: t
478.6581	DATA	Keypress: t
479.2765	DATA	Keypress: v
479.5596	DATA	Keypress:v held
479.5597	DATA	earn v
479.7945	DATA	Keypress: v
480.4126	DATA	Keypress: v
481.0138	DATA	Keypress: v
481.6151	DATA	Keypress: t
481.8652	DATA	Keypress:t held
482.2177	DATA	Keypress: t
482.7855	DATA	Keypress: t
482.8676	DATA	Keypress:t held
483.3861	DATA	Keypress: t
483.8700	DATA	Keypress:t held
484.0378	DATA	Keypress: t
484.5890	DATA	Keypress: t
484.8723	DATA	Keypress:t held
485.0414	DATA	Keypress: v
485.5247	DATA	Keypress: v
485.8748	DATA	Keypress:v held
485.9590	DATA	Keypress: v
486.4769	DATA	Keypress: v
486.8771	DATA	Keypress:v held
486.9280	DATA	Keypress: v
487.4457	DATA	Keypress: v
487.8795	DATA	Keypress:v held
487.8972	DATA	Keypress: t
488.3815	DATA	Keypress: t
488.7991	DATA	Keypress: t
488.8819	DATA	Keypress:t held
489.3505	DATA	Keypress: t
489.8512	DATA	Keypress: v
489.8842	DATA	Keypress:v held
490.3195	DATA	Keypress: v
490.7375	DATA	Keypress: v
490.8867	DATA	Keypress:v held
491.2049	DATA	Keypress: v
491.6736	DATA	Keypress: t
491.8891	DATA	Keypress:t held
492.1736	DATA	Keypress: t
492.6252	DATA	Keypress: t
492.8915	DATA	Keypress:t held
492.8915	DATA	earn t
493.1764	DATA	Keypress: t
494.2093	DATA	Keypress: v
494.5126	DATA	Keypress: v
495.0139	DATA	Keypress: v
495.2137	DATA	Keypress:v held
495.5319	DATA	Keypress: v
496.0175	DATA	Keypress: v
496.2161	DATA	Keypress:v held
496.5176	DATA	Keypress: t
497.0187	DATA	Keypress: t
497.2185	DATA	Keypress:t held
497.4866	DATA	Keypress: t
497.9042	DATA	Keypress: t
498.2209	DATA	Keypress:t held
498.3553	DATA	Keypress: t
498.9066	DATA	Keypress: v
499.2234	DATA	Keypress:v held
499.2235	DATA	earn v
499.3747	DATA	Keypress: v
499.8422	DATA	Keypress: v
500.5405	DATA	Keypress: v
500.9281	DATA	Keypress: v
501.4293	DATA	Keypress: t
501.5455	DATA	Keypress:t held
501.9138	DATA	Keypress: t
502.3481	DATA	Keypress: t
502.5479	DATA	Keypress:t held
502.7991	DATA	Keypress: t
503.2837	DATA	Keypress: t
503.5503	DATA	Keypress:t held
503.7348	DATA	Keypress: t
504.1858	DATA	Keypress: v
504.5527	DATA	Keypress:v held
504.6201	DATA	Keypress: v
505.0546	DATA	Keypress: v
505.4730	DATA	Keypress: v
505.5551	DATA	Keypress:v held
505.8900	DATA	Keypress: v
506.4079	DATA	Keypress: v
506.5575	DATA	Keypress:v held
506.8088	DATA	Keypress: t
507.2264	DATA	Keypress: t
507.5599	DATA	Keypress:t held
507.6775	DATA	Keypress: t
508.1450	DATA	Keypress: t
508.5623	DATA	Keypress:t held
508.5798	DATA	Keypress: t
509.1309	DATA	Keypress: v
509.5647	DATA	Keypress:v held
509.5655	DATA	Keypress: v
509.9998	DATA	Keypress: v
510.4176	DATA	Keypress: v
510.5838	DATA	Keypress:v held
510.5839	DATA	earn v
510.9022	DATA	Keypress: v
511.5036	DATA	Keypress: t
511.9878	DATA	Keypress: t
512.4891	DATA	Keypress: t
512.8892	DATA	Keypress:t held
512.9736	DATA	Keypress: t
513.4415	DATA	Keypress: t
513.8917	DATA	Keypress:t held
513.9425	DATA	Keypress: t
514.5608	DATA	Keypress: v
514.8941	DATA	Keypress:v held
514.8942	DATA	earn v
514.9994	DATA	Keypress: v
515.4965	DATA	Keypress: v
516.2617	DATA	Keypress: v
516.4151	DATA	Keypress: v
516.8997	DATA	Keypress: v
517.2664	DATA	Keypress:v held
517.3506	DATA	Keypress: t
517.7515	DATA	Keypress: t
518.2361	DATA	Keypress: t
518.2689	DATA	Keypress:t held
518.6371	DATA	Keypress: t
519.1047	DATA	Keypress: t
519.2712	DATA	Keypress:t held
519.5559	DATA	Keypress: t
519.9401	DATA	Keypress: v
520.2736	DATA	Keypress:v held
520.3579	DATA	Keypress: v
520.7588	DATA	Keypress: v
521.2101	DATA	Keypress: v
521.2760	DATA	Keypress:v held
521.5943	DATA	Keypress: v
522.0966	DATA	Keypress: v
522.2951	DATA	Keypress:v held
522.2952	DATA	earn v
522.6133	DATA	Keypress: t
523.1481	DATA	Keypress: t
523.6992	DATA	Keypress: t
524.1837	DATA	Keypress: t
524.6348	DATA	Keypress: t
524.6674	DATA	Keypress:t held
525.1366	DATA	Keypress: t
525.6538	DATA	Keypress: v
525.6866	DATA	Keypress:v held
526.1384	DATA	Keypress: v
526.6061	DATA	Keypress: v
526.6889	DATA	Keypress:v held
527.2482	DATA	start rating L
527.2604	DATA	Keypress: v
527.4701	DATA	Keypress: v
529.9746	DATA	Keypress: t
530.3752	DATA	Keypress: t
530.8770	DATA	Keypress: t
532.4138	DATA	Keypress: return
532.4142	DATA	RatingScale rateL_scale: (key response) rating=3
532.4142	DATA	RatingScale rateL_scale: rating RT=5.166
532.4147	DATA	3.0
532.4147	DATA	end rating L
532.4218	DATA	start rating R
534.6355	DATA	Keypress: v
536.2392	DATA	Keypress: return
536.2396	DATA	RatingScale rateR_scale: (key response) rating=5
536.2397	DATA	RatingScale rateR_scale: rating RT=3.818
536.2401	DATA	5.0
536.2412	DATA	end rating R
537.9833	DATA	Keypress: t
538.0160	DATA	Keypress:t held
538.4511	DATA	Keypress: t
538.8856	DATA	Keypress: t
539.0184	DATA	Keypress:t held
539.4870	DATA	Keypress: t
540.0208	DATA	Keypress:t held
540.1551	DATA	Keypress: t
540.7732	DATA	Keypress: v
541.0232	DATA	Keypress:v held
541.1908	DATA	Keypress: v
541.6421	DATA	Keypress: v
542.0256	DATA	Keypress:v held
542.0766	DATA	Keypress: v
542.6779	DATA	Keypress: v
543.0280	DATA	Keypress:v held
543.2293	DATA	Keypress: t
543.6970	DATA	Keypress: t
544.0304	DATA	Keypress:t held
544.1480	DATA	Keypress: t
544.6325	DATA	Keypress: t
545.0328	DATA	Keypress:t held
545.0836	DATA	Keypress: t
545.7185	DATA	Keypress: v
546.0351	DATA	Keypress:v held
546.0860	DATA	Keypress: v
546.5205	DATA	Keypress: v
546.9714	DATA	Keypress: v
547.0376	DATA	Keypress:v held
547.4226	DATA	Keypress: v
547.9238	DATA	Keypress: t
548.0400	DATA	Keypress:t held
548.4416	DATA	Keypress: t
548.8759	DATA	Keypress: t
549.0424	DATA	Keypress:t held
549.3604	DATA	Keypress: t
549.8450	DATA	Keypress: t
550.0448	DATA	Keypress:t held
550.0448	DATA	earn t
550.7141	DATA	Keypress: v
551.3886	DATA	Keypress: v
551.7663	DATA	Keypress: v
552.2507	DATA	Keypress: v
552.4171	DATA	Keypress:v held
552.7186	DATA	Keypress: v
553.1528	DATA	Keypress: t
553.4195	DATA	Keypress:t held
553.4196	DATA	earn t
553.6208	DATA	Keypress: t
554.1221	DATA	Keypress: t
554.8164	DATA	Keypress: t
555.1243	DATA	Keypress: t
555.7257	DATA	Keypress: v
555.8253	DATA	Keypress:v held
556.1936	DATA	Keypress: v
556.6948	DATA	Keypress: v
556.8276	DATA	Keypress:v held
557.1959	DATA	Keypress: v
557.6969	DATA	Keypress: v
557.8300	DATA	Keypress:v held
558.0482	DATA	Keypress: t
558.5158	DATA	Keypress: t
558.8324	DATA	Keypress:t held
558.9833	DATA	Keypress: t
559.3524	DATA	Keypress: t
559.8348	DATA	Keypress:t held
559.8356	DATA	Keypress: t
560.2530	DATA	Keypress: v
560.6541	DATA	Keypress: v
560.8539	DATA	Keypress:v held
561.0384	DATA	Keypress: v
561.4061	DATA	Keypress: v
561.8242	DATA	Keypress: v
561.8563	DATA	Keypress:v held
562.2746	DATA	Keypress: t
562.7090	DATA	Keypress: t
562.8587	DATA	Keypress:t held
563.1101	DATA	Keypress: t
563.5283	DATA	Keypress: t
563.8611	DATA	Keypress:t held
564.0120	DATA	Keypress: t
564.4466	DATA	Keypress: v
564.8635	DATA	Keypress:v held
564.8645	DATA	Keypress: v
565.2817	DATA	Keypress: v
565.7159	DATA	Keypress: v
565.8658	DATA	Keypress:v held
566.1173	DATA	Keypress: v
566.5182	DATA	Keypress: t
566.8683	DATA	Keypress:t held
566.9192	DATA	Keypress: t
567.3535	DATA	Keypress: t
567.7544	DATA	Keypress: t
567.8707	DATA	Keypress:t held
568.1387	DATA	Keypress: t
568.5062	DATA	Keypress: t
568.8731	DATA	Keypress:t held
568.8905	DATA	Keypress: v
569.2414	DATA	Keypress: v
569.7091	DATA	Keypress: v
569.8755	DATA	Keypress:v held
570.1937	DATA	Keypress: v
570.7115	DATA	Keypress: v
570.8779	DATA	Keypress:v held
571.1960	DATA	Keypress: v
571.6639	DATA	Keypress: t
571.8970	DATA	Keypress:t held
572.0982	DATA	Keypress: t
572.5159	DATA	Keypress: t
572.8994	DATA	Keypress:t held
572.9670	DATA	Keypress: t
573.3846	DATA	Keypress: t
573.8023	DATA	Keypress: t
573.9018	DATA	Keypress:t held
573.9018	DATA	earn t
574.2368	DATA	Keypress: v
574.7548	DATA	Keypress: v
575.2796	DATA	Keypress: v
575.7403	DATA	Keypress: v
576.1746	DATA	Keypress: v
576.2908	DATA	Keypress:v held
576.6257	DATA	Keypress: v
577.1102	DATA	Keypress: t
577.2932	DATA	Keypress:t held
577.5780	DATA	Keypress: t
577.9954	DATA	Keypress: t
578.2956	DATA	Keypress:t held
578.4634	DATA	Keypress: t
578.9145	DATA	Keypress: t
579.2979	DATA	Keypress:t held
579.3154	DATA	Keypress: v
579.7164	DATA	Keypress: v
580.0840	DATA	Keypress: v
580.3171	DATA	Keypress:v held
580.4682	DATA	Keypress: v
580.9527	DATA	Keypress: v
581.3195	DATA	Keypress:v held
581.3701	DATA	Keypress: t
581.7880	DATA	Keypress: t
582.2225	DATA	Keypress: t
582.3219	DATA	Keypress:t held
582.6735	DATA	Keypress: t
583.1243	DATA	Keypress: v
583.3243	DATA	Keypress:v held
583.3244	DATA	earn v
583.5758	DATA	Keypress: v
584.0770	DATA	Keypress: v
584.7129	DATA	Keypress: v
585.1795	DATA	Keypress: t
585.6638	DATA	Keypress: t
585.7133	DATA	Keypress:t held
586.1150	DATA	Keypress: t
586.6160	DATA	Keypress: t
586.7157	DATA	Keypress:t held
587.1007	DATA	Keypress: v
587.5357	DATA	Keypress: v
587.7348	DATA	Keypress:v held
587.9026	DATA	Keypress: v
588.4205	DATA	Keypress: v
588.7373	DATA	Keypress:v held
588.8382	DATA	Keypress: t
589.2390	DATA	Keypress: t
589.6401	DATA	Keypress: t
589.7396	DATA	Keypress:t held
590.0914	DATA	Keypress: t
590.5423	DATA	Keypress: v
590.7420	DATA	Keypress:v held
590.9098	DATA	Keypress: v
591.3108	DATA	Keypress: v
591.7285	DATA	Keypress: v
591.7611	DATA	Keypress:v held
592.1462	DATA	Keypress: t
592.5304	DATA	Keypress: t
592.7635	DATA	Keypress:t held
592.9480	DATA	Keypress: t
593.3155	DATA	Keypress: v
593.7332	DATA	Keypress: v
593.7659	DATA	Keypress:v held
594.1175	DATA	Keypress: v
594.5519	DATA	Keypress: t
594.7683	DATA	Keypress:t held
594.9527	DATA	Keypress: t
595.4038	DATA	Keypress: t
595.7706	DATA	Keypress:t held
595.8883	DATA	Keypress: v
596.2559	DATA	Keypress: v
596.7784	DATA	start rating L
596.7887	DATA	Keypress: v
599.7541	DATA	Keypress: t
600.1924	DATA	Keypress: t
601.4621	DATA	Keypress: v
601.7956	DATA	Keypress: v
602.2647	DATA	Keypress: v
607.8781	DATA	Keypress: return
607.8786	DATA	RatingScale rateL_scale: (key response) rating=6
607.8787	DATA	RatingScale rateL_scale: rating RT=11.100
607.8793	DATA	6.0
607.8793	DATA	end rating L
607.8872	DATA	start rating R
611.2016	DATA	Keypress: v
612.2724	DATA	Keypress: return
612.2728	DATA	RatingScale rateR_scale: (key response) rating=5
612.2729	DATA	RatingScale rateR_scale: rating RT=4.386
612.2733	DATA	5.0
612.2744	DATA	end rating R
