13.9207	DATA	version A
135.4735	DATA	Keypress: space
136.8072	DATA	Keypress: t
136.8238	DATA	Keypress:t held
137.6178	DATA	Keypress: t
137.8368	DATA	Keypress:t held
138.5126	DATA	Keypress: v
138.8498	DATA	Keypress:v held
139.0698	DATA	Keypress: v
139.7800	DATA	Keypress: t
139.8629	DATA	Keypress:t held
139.8629	DATA	earn t
140.2518	DATA	Keypress: t
144.2700	DATA	Keypress: v
144.2865	DATA	Keypress:v held
144.9960	DATA	Keypress: v
145.2995	DATA	Keypress:v held
146.6675	DATA	Keypress: t
146.6839	DATA	Keypress:t held
147.4102	DATA	Keypress: t
147.6968	DATA	Keypress:t held
148.8792	DATA	Keypress: v
148.9126	DATA	Keypress:v held
149.5039	DATA	Keypress: v
149.9255	DATA	Keypress:v held
150.6352	DATA	Keypress: t
150.9386	DATA	Keypress:t held
151.2936	DATA	Keypress: t
151.9517	DATA	Keypress:t held
152.3911	DATA	Keypress: v
152.9482	DATA	Keypress: v
152.9647	DATA	Keypress:v held
153.9448	DATA	Keypress: t
153.9777	DATA	Keypress:t held
154.4846	DATA	Keypress: t
154.9907	DATA	Keypress:t held
155.4977	DATA	Keypress: v
156.0038	DATA	Keypress:v held
156.0210	DATA	Keypress: v
157.0337	DATA	Keypress:v held
157.0341	DATA	Keypress: t
157.5912	DATA	Keypress: t
158.0467	DATA	Keypress:t held
158.5199	DATA	Keypress: v
159.0097	DATA	Keypress: v
159.0597	DATA	Keypress:v held
159.9551	DATA	Keypress: t
160.0728	DATA	Keypress:t held
160.5121	DATA	Keypress: t
161.0858	DATA	Keypress:t held
161.5588	DATA	Keypress: v
162.1156	DATA	Keypress:v held
162.1161	DATA	Keypress: v
163.0447	DATA	Keypress: t
163.1287	DATA	Keypress:t held
163.6018	DATA	Keypress: t
164.1418	DATA	Keypress:t held
164.5980	DATA	Keypress: v
165.0877	DATA	Keypress: v
165.1548	DATA	Keypress:v held
166.1344	DATA	Keypress: t
166.1678	DATA	Keypress:t held
166.1678	DATA	earn t
167.2336	DATA	Keypress: t
167.9410	DATA	Keypress: v
168.2445	DATA	Keypress:v held
168.5828	DATA	Keypress: v
169.2575	DATA	Keypress:v held
169.6968	DATA	Keypress: t
170.2372	DATA	Keypress: t
170.2706	DATA	Keypress:t held
171.4528	DATA	Keypress: v
171.4693	DATA	Keypress:v held
171.9593	DATA	Keypress: v
172.4992	DATA	Keypress:v held
172.4992	DATA	earn v
173.1582	DATA	Keypress: t
173.6984	DATA	Keypress: t
174.5759	DATA	Keypress:t held
174.5759	DATA	earn t
174.8297	DATA	Keypress: v
175.4037	DATA	Keypress: v
176.5348	DATA	Keypress: t
176.6695	DATA	Keypress:t held
176.6695	DATA	earn t
177.0753	DATA	Keypress: t
178.1219	DATA	Keypress: v
178.5946	DATA	Keypress: v
178.7799	DATA	Keypress:v held
179.4903	DATA	Keypress: t
179.7930	DATA	Keypress:t held
179.7930	DATA	earn t
180.0637	DATA	Keypress: t
181.0262	DATA	Keypress: v
181.6168	DATA	Keypress: v
181.9034	DATA	Keypress:v held
182.6982	DATA	Keypress: t
182.9165	DATA	Keypress:t held
182.9165	DATA	earn t
183.3062	DATA	Keypress: t
184.3351	DATA	Keypress: v
184.8755	DATA	Keypress: v
185.0437	DATA	Keypress:v held
185.9902	DATA	Keypress: t
186.0568	DATA	Keypress:t held
186.5807	DATA	Keypress: t
187.0868	DATA	Keypress:t held
187.8132	DATA	Keypress: v
188.0998	DATA	Keypress:v held
188.2691	DATA	Keypress: v
189.1128	DATA	Keypress:v held
189.3833	DATA	Keypress: t
189.9236	DATA	Keypress: t
190.1259	DATA	Keypress:t held
191.0717	DATA	Keypress: v
191.1389	DATA	Keypress:v held
191.5951	DATA	Keypress: v
192.1688	DATA	Keypress:v held
192.6588	DATA	Keypress: t
193.1817	DATA	Keypress:t held
193.1822	DATA	Keypress: t
194.1948	DATA	Keypress:t held
194.2459	DATA	Keypress: v
194.7356	DATA	Keypress: v
195.2079	DATA	Keypress:v held
195.8402	DATA	start rating L
195.9417	DATA	Keypress: t
204.7549	DATA	Keypress: v
205.0261	DATA	Keypress: v
206.5110	DATA	Keypress: v
207.6925	DATA	Keypress: t
207.9120	DATA	Keypress: t
208.8407	DATA	Keypress: v
209.0098	DATA	Keypress: v
209.1967	DATA	Keypress: v
209.3493	DATA	Keypress: v
210.5134	DATA	Keypress: t
210.7160	DATA	Keypress: t
210.9175	DATA	Keypress: t
217.1182	DATA	Keypress: t
217.2826	DATA	Keypress: t
218.1270	DATA	Keypress: v
218.2624	DATA	Keypress: v
218.4328	DATA	Keypress: v
219.3592	DATA	Keypress: t
227.6496	DATA	Keypress: v
230.0507	DATA	Keypress: return
230.0511	DATA	RatingScale rateL_scale: (key response) rating=5
230.0512	DATA	RatingScale rateL_scale: rating RT=34.211
230.0517	DATA	5.0
230.0517	DATA	end rating L
230.0619	DATA	start rating R
233.6600	DATA	Keypress: t
236.2094	DATA	Keypress: t
239.2355	DATA	Keypress: return
239.2358	DATA	RatingScale rateR_scale: (key response) rating=2
239.2359	DATA	RatingScale rateR_scale: rating RT=9.174
239.2364	DATA	2.0
239.2377	DATA	end rating R
245.7760	DATA	Keypress: v
245.8422	DATA	Keypress:v held
246.3661	DATA	Keypress: v
246.8553	DATA	Keypress:v held
246.8553	DATA	earn v
247.0922	DATA	Keypress: t
248.0203	DATA	Keypress: t
249.0333	DATA	Keypress:t held
249.1359	DATA	Keypress: v
249.6415	DATA	Keypress: v
250.0462	DATA	Keypress:v held
250.7221	DATA	Keypress: t
251.0594	DATA	Keypress:t held
251.2962	DATA	Keypress: t
252.0724	DATA	Keypress:t held
252.4105	DATA	Keypress: v
252.8832	DATA	Keypress: v
253.0854	DATA	Keypress:v held
253.8963	DATA	Keypress: t
254.0984	DATA	Keypress:t held
254.4366	DATA	Keypress: t
255.1115	DATA	Keypress:t held
255.5340	DATA	Keypress: v
256.1079	DATA	Keypress: v
256.1413	DATA	Keypress:v held
256.1413	DATA	earn v
257.0367	DATA	Keypress: t
257.6276	DATA	Keypress: t
258.3194	DATA	Keypress:t held
258.7589	DATA	Keypress: v
259.3175	DATA	Keypress: v
259.3493	DATA	Keypress:v held
260.2954	DATA	Keypress: t
260.3623	DATA	Keypress:t held
260.8524	DATA	Keypress: t
261.3752	DATA	Keypress:t held
261.8317	DATA	Keypress: v
262.3719	DATA	Keypress: v
262.4053	DATA	Keypress:v held
263.3174	DATA	Keypress: t
263.4183	DATA	Keypress:t held
263.8408	DATA	Keypress: t
264.4313	DATA	Keypress:t held
264.8032	DATA	Keypress: v
265.3097	DATA	Keypress: v
265.4443	DATA	Keypress:v held
266.2888	DATA	Keypress: t
266.4574	DATA	Keypress:t held
266.8631	DATA	Keypress: t
267.4704	DATA	Keypress:t held
267.4704	DATA	earn t
267.8761	DATA	Keypress: v
268.4670	DATA	Keypress: v
269.5137	DATA	Keypress: t
269.6314	DATA	Keypress:t held
270.0203	DATA	Keypress: t
270.6445	DATA	Keypress:t held
270.9489	DATA	Keypress: v
271.4722	DATA	Keypress: v
271.6576	DATA	Keypress:v held
272.4178	DATA	Keypress: t
272.6875	DATA	Keypress:t held
272.9074	DATA	Keypress: t
273.7005	DATA	Keypress:t held
273.8360	DATA	Keypress: v
274.3428	DATA	Keypress: v
274.7135	DATA	Keypress:v held
274.7136	DATA	earn v
275.3050	DATA	Keypress: t
275.8682	DATA	Keypress: t
276.8582	DATA	Keypress: v
276.8747	DATA	Keypress:v held
277.3478	DATA	Keypress: v
277.8877	DATA	Keypress:v held
277.8877	DATA	earn v
278.2428	DATA	Keypress: t
278.7829	DATA	Keypress: t
279.7115	DATA	Keypress: v
280.0993	DATA	Keypress:v held
280.2349	DATA	Keypress: v
281.0454	DATA	Keypress: t
281.1124	DATA	Keypress:t held
281.5687	DATA	Keypress: t
282.1255	DATA	Keypress:t held
282.4636	DATA	Keypress: v
283.0039	DATA	Keypress: v
283.1386	DATA	Keypress:v held
283.8818	DATA	Keypress: t
284.1516	DATA	Keypress:t held
284.4225	DATA	Keypress: t
285.1645	DATA	Keypress:t held
285.2832	DATA	Keypress: v
285.7906	DATA	Keypress: v
286.1945	DATA	Keypress:v held
286.7014	DATA	Keypress: t
287.2075	DATA	Keypress:t held
287.2076	DATA	earn t
287.2080	DATA	Keypress: t
288.7401	DATA	Keypress: v
289.2971	DATA	Keypress: v
289.7187	DATA	Keypress:v held
290.0740	DATA	Keypress: t
290.6141	DATA	Keypress: t
290.7318	DATA	Keypress:t held
291.5933	DATA	Keypress: v
291.7616	DATA	Keypress:v held
292.0998	DATA	Keypress: v
292.7748	DATA	Keypress:v held
292.9779	DATA	Keypress: t
293.5349	DATA	Keypress: t
293.7877	DATA	Keypress:t held
294.4804	DATA	Keypress: v
294.8008	DATA	Keypress:v held
294.9700	DATA	Keypress: v
295.8139	DATA	Keypress:v held
295.9324	DATA	Keypress: t
296.4391	DATA	Keypress: t
296.8438	DATA	Keypress:t held
297.4013	DATA	Keypress: v
297.8568	DATA	Keypress:v held
297.9077	DATA	Keypress: v
298.7858	DATA	Keypress: t
298.8698	DATA	Keypress:t held
298.8699	DATA	earn t
299.3093	DATA	Keypress: t
300.5469	DATA	start rating L
300.5598	DATA	Keypress: v
300.8917	DATA	Keypress: v
305.2938	DATA	Keypress: t
305.8171	DATA	Keypress: t
306.5264	DATA	Keypress: t
309.0624	DATA	Keypress: return
309.0627	DATA	RatingScale rateL_scale: (key response) rating=3
309.0628	DATA	RatingScale rateL_scale: rating RT=8.516
309.0633	DATA	3.0
309.0633	DATA	end rating L
309.0709	DATA	start rating R
312.8234	DATA	Keypress: v
314.3606	DATA	Keypress: return
314.3610	DATA	RatingScale rateR_scale: (key response) rating=5
314.3610	DATA	RatingScale rateR_scale: rating RT=5.290
314.3615	DATA	5.0
314.3624	DATA	end rating R
316.8008	DATA	Keypress: t
316.8342	DATA	Keypress:t held
316.8342	DATA	earn t
317.2568	DATA	Keypress: t
318.2866	DATA	Keypress: v
318.7594	DATA	Keypress: v
319.0628	DATA	Keypress:v held
319.6373	DATA	Keypress: t
320.0758	DATA	Keypress:t held
320.1277	DATA	Keypress: t
320.9542	DATA	Keypress: v
321.0889	DATA	Keypress:v held
321.3426	DATA	Keypress: v
322.1019	DATA	Keypress:v held
322.2205	DATA	Keypress: t
322.6763	DATA	Keypress: t
323.1318	DATA	Keypress:t held
323.6219	DATA	Keypress: v
324.1114	DATA	Keypress: v
324.1447	DATA	Keypress:v held
324.9557	DATA	Keypress: t
325.1578	DATA	Keypress:t held
325.4284	DATA	Keypress: t
326.1709	DATA	Keypress:t held
326.3908	DATA	Keypress: v
326.8467	DATA	Keypress: v
327.1839	DATA	Keypress:v held
327.7077	DATA	Keypress: t
328.1805	DATA	Keypress: t
328.2138	DATA	Keypress:t held
328.2138	DATA	earn t
329.0923	DATA	Keypress: v
329.5481	DATA	Keypress: v
330.4091	DATA	Keypress: t
330.5269	DATA	Keypress:t held
330.8482	DATA	Keypress: t
331.5567	DATA	Keypress:t held
331.5567	DATA	earn t
331.6778	DATA	Keypress: v
332.1989	DATA	Keypress: v
333.1612	DATA	Keypress: t
333.6846	DATA	Keypress: t
333.8361	DATA	Keypress:t held
334.6977	DATA	Keypress: v
334.8661	DATA	Keypress:v held
335.1872	DATA	Keypress: v
335.8790	DATA	Keypress:v held
335.8790	DATA	earn v
336.0990	DATA	Keypress: t
336.7237	DATA	Keypress: t
337.6353	DATA	Keypress: v
338.1415	DATA	Keypress:v held
338.1419	DATA	Keypress: v
339.1381	DATA	Keypress: t
339.1545	DATA	Keypress:t held
339.6445	DATA	Keypress: t
340.1678	DATA	Keypress:t held
340.6576	DATA	Keypress: v
341.1642	DATA	Keypress: v
341.1805	DATA	Keypress:v held
342.1433	DATA	Keypress: t
342.1936	DATA	Keypress:t held
342.6498	DATA	Keypress: t
343.2235	DATA	Keypress:t held
343.6291	DATA	Keypress: v
344.1187	DATA	Keypress: v
344.2364	DATA	Keypress:v held
344.2364	DATA	earn v
345.1827	DATA	Keypress: t
345.6891	DATA	Keypress: t
346.5158	DATA	Keypress:t held
346.7864	DATA	Keypress: v
347.3098	DATA	Keypress: v
347.5288	DATA	Keypress:v held
348.2552	DATA	Keypress: t
348.5587	DATA	Keypress:t held
348.7617	DATA	Keypress: t
349.5718	DATA	Keypress:t held
349.8763	DATA	Keypress: v
350.3319	DATA	Keypress: v
350.5848	DATA	Keypress:v held
351.3956	DATA	Keypress: t
351.5978	DATA	Keypress:t held
351.9021	DATA	Keypress: t
352.6109	DATA	Keypress:t held
352.8983	DATA	Keypress: v
353.3879	DATA	Keypress: v
353.6243	DATA	Keypress:v held
354.2659	DATA	Keypress: t
354.6369	DATA	Keypress:t held
354.8737	DATA	Keypress: t
355.6499	DATA	Keypress:t held
355.8192	DATA	Keypress: v
356.2918	DATA	Keypress: v
356.6798	DATA	Keypress:v held
357.1868	DATA	Keypress: t
357.6929	DATA	Keypress:t held
357.6933	DATA	Keypress: t
358.6050	DATA	Keypress: v
358.7059	DATA	Keypress:v held
359.1621	DATA	Keypress: v
359.7189	DATA	Keypress:v held
359.9894	DATA	Keypress: t
360.4960	DATA	Keypress: t
360.7319	DATA	Keypress:t held
361.4415	DATA	Keypress: v
361.7450	DATA	Keypress:v held
361.9481	DATA	Keypress: v
362.7579	DATA	Keypress:v held
362.8091	DATA	Keypress: t
363.3324	DATA	Keypress: t
363.7710	DATA	Keypress:t held
364.2948	DATA	Keypress: v
364.7840	DATA	Keypress:v held
364.7845	DATA	Keypress: v
365.7301	DATA	Keypress: t
365.7971	DATA	Keypress:t held
366.2195	DATA	Keypress: t
366.8101	DATA	Keypress:t held
367.1820	DATA	Keypress: v
367.6379	DATA	Keypress: v
367.8231	DATA	Keypress:v held
368.4989	DATA	Keypress: t
368.8361	DATA	Keypress:t held
368.8362	DATA	earn t
369.0391	DATA	Keypress: t
370.1374	DATA	Keypress: v
370.5756	DATA	Keypress: v
371.1492	DATA	Keypress:v held
371.5717	DATA	Keypress: t
372.0445	DATA	Keypress: t
372.1622	DATA	Keypress:t held
372.1623	DATA	earn t
373.0745	DATA	Keypress: v
373.5471	DATA	Keypress: v
374.4715	DATA	Keypress: t
374.8688	DATA	start rating L
374.9562	DATA	Keypress: t
377.3026	DATA	Keypress: v
377.8096	DATA	Keypress: v
381.0342	DATA	Keypress: return
381.0345	DATA	RatingScale rateL_scale: (key response) rating=5
381.0346	DATA	RatingScale rateL_scale: rating RT=6.166
381.0350	DATA	5.0
381.0350	DATA	end rating L
381.0420	DATA	start rating R
383.3978	DATA	Keypress: t
385.5126	DATA	Keypress: t
386.7951	DATA	Keypress: return
386.7954	DATA	RatingScale rateR_scale: (key response) rating=2
386.7955	DATA	RatingScale rateR_scale: rating RT=5.753
386.7959	DATA	2.0
386.7969	DATA	end rating R
388.7594	DATA	Keypress: v
388.7758	DATA	Keypress:v held
389.2153	DATA	Keypress: v
389.7889	DATA	Keypress:v held
390.2452	DATA	Keypress: t
390.7180	DATA	Keypress: t
390.8019	DATA	Keypress:t held
391.7817	DATA	Keypress: v
391.8149	DATA	Keypress:v held
392.2712	DATA	Keypress: v
392.8280	DATA	Keypress:v held
392.8280	DATA	earn v
393.5545	DATA	Keypress: t
394.2329	DATA	Keypress: t
394.9894	DATA	Keypress: v
395.2592	DATA	Keypress:v held
395.4791	DATA	Keypress: v
396.2722	DATA	Keypress:v held
396.2723	DATA	earn v
396.2727	DATA	Keypress: t
396.7118	DATA	Keypress: t
397.6402	DATA	Keypress: v
398.1130	DATA	Keypress: v
398.6191	DATA	Keypress:v held
398.8896	DATA	Keypress: t
399.3624	DATA	Keypress: t
399.6321	DATA	Keypress:t held
400.1728	DATA	Keypress: v
400.6118	DATA	Keypress: v
400.6451	DATA	Keypress:v held
401.4897	DATA	Keypress: t
401.6582	DATA	Keypress:t held
401.9793	DATA	Keypress: t
402.6713	DATA	Keypress:t held
402.6713	DATA	earn t
402.8237	DATA	Keypress: v
403.3639	DATA	Keypress: v
404.3092	DATA	Keypress: t
404.8159	DATA	Keypress: t
405.0856	DATA	Keypress:t held
405.8458	DATA	Keypress: v
406.0986	DATA	Keypress:v held
406.3522	DATA	Keypress: v
407.1116	DATA	Keypress:v held
407.2640	DATA	Keypress: t
407.7536	DATA	Keypress: t
408.1246	DATA	Keypress:t held
408.7840	DATA	Keypress: v
409.1377	DATA	Keypress:v held
409.2900	DATA	Keypress: v
410.1507	DATA	Keypress:v held
410.2524	DATA	Keypress: t
410.7420	DATA	Keypress: t
411.1637	DATA	Keypress:t held
411.7720	DATA	Keypress: v
412.1767	DATA	Keypress:v held
412.2618	DATA	Keypress: v
413.1735	DATA	Keypress: t
413.1897	DATA	Keypress:t held
413.6970	DATA	Keypress: t
414.2028	DATA	Keypress:t held
414.7435	DATA	Keypress: v
415.2327	DATA	Keypress:v held
415.2332	DATA	Keypress: v
416.2456	DATA	Keypress:v held
416.2457	DATA	earn v
416.3728	DATA	Keypress: t
416.8372	DATA	Keypress: t
417.9513	DATA	Keypress: v
418.4410	DATA	Keypress: v
418.6432	DATA	Keypress:v held
419.4708	DATA	Keypress: t
419.6562	DATA	Keypress:t held
419.6562	DATA	earn t
419.9438	DATA	Keypress: t
421.0918	DATA	Keypress: v
421.5647	DATA	Keypress: v
421.9862	DATA	Keypress:v held
422.5269	DATA	Keypress: t
422.9992	DATA	Keypress:t held
423.0165	DATA	Keypress: t
424.0122	DATA	Keypress:t held
424.0802	DATA	Keypress: v
424.6038	DATA	Keypress: v
425.0421	DATA	Keypress:v held
425.4815	DATA	Keypress: t
425.9880	DATA	Keypress: t
426.0552	DATA	Keypress:t held
427.0349	DATA	Keypress: v
427.0682	DATA	Keypress:v held
427.4738	DATA	Keypress: v
428.0812	DATA	Keypress:v held
428.4193	DATA	Keypress: t
428.8922	DATA	Keypress: t
429.0942	DATA	Keypress:t held
429.9051	DATA	Keypress: v
430.1242	DATA	Keypress:v held
430.3947	DATA	Keypress: v
431.1372	DATA	Keypress:v held
431.4077	DATA	Keypress: t
431.8974	DATA	Keypress: t
432.1670	DATA	Keypress:t held
432.1671	DATA	earn t
433.0456	DATA	Keypress: v
433.5689	DATA	Keypress: v
434.5477	DATA	Keypress:v held
434.6327	DATA	Keypress: t
435.1391	DATA	Keypress: t
435.5607	DATA	Keypress:t held
435.5608	DATA	earn t
436.5574	DATA	Keypress: v
436.9962	DATA	Keypress: v
437.9247	DATA	Keypress: t
437.9751	DATA	Keypress:t held
437.9751	DATA	earn t
438.3471	DATA	Keypress: t
439.4278	DATA	Keypress: v
439.8674	DATA	Keypress: v
440.3220	DATA	Keypress:v held
440.3220	DATA	earn v
441.2511	DATA	Keypress: t
441.7177	DATA	Keypress: t
442.5511	DATA	Keypress: v
442.7194	DATA	Keypress:v held
443.0407	DATA	Keypress: v
443.7494	DATA	Keypress:v held
443.7494	DATA	earn v
443.9020	DATA	Keypress: t
444.4252	DATA	Keypress: t
445.3199	DATA	Keypress: v
445.8269	DATA	Keypress: v
446.1300	DATA	Keypress:v held
446.6034	DATA	Keypress: t
447.3984	DATA	start rating L
447.4102	DATA	Keypress: t
451.7770	DATA	Keypress: t
453.0325	DATA	Keypress: return
453.0328	DATA	RatingScale rateL_scale: (key response) rating=2
453.0329	DATA	RatingScale rateL_scale: rating RT=5.634
453.0334	DATA	2.0
453.0334	DATA	end rating L
453.0405	DATA	start rating R
454.4491	DATA	Keypress: v
454.8856	DATA	Keypress: v
456.0485	DATA	Keypress: return
456.0488	DATA	RatingScale rateR_scale: (key response) rating=6
456.0489	DATA	RatingScale rateR_scale: rating RT=3.008
456.0494	DATA	6.0
456.0503	DATA	end rating R
458.3542	DATA	Keypress: v
458.3707	DATA	Keypress:v held
458.7932	DATA	Keypress: v
459.3837	DATA	Keypress:v held
459.6712	DATA	Keypress: t
460.1439	DATA	Keypress: t
460.4136	DATA	Keypress:t held
461.4777	DATA	Keypress: v
461.4941	DATA	Keypress:v held
462.0182	DATA	Keypress: v
462.5071	DATA	Keypress:v held
462.5072	DATA	earn v
462.9298	DATA	Keypress: t
463.1324	DATA	Keypress: t
463.9363	DATA	Keypress: t
464.9051	DATA	Keypress: v
464.9554	DATA	Keypress:v held
465.4624	DATA	Keypress: v
465.9683	DATA	Keypress:v held
466.3571	DATA	Keypress: t
466.8468	DATA	Keypress: t
466.9813	DATA	Keypress:t held
467.8598	DATA	Keypress: v
467.9944	DATA	Keypress:v held
468.3325	DATA	Keypress: v
469.0074	DATA	Keypress:v held
469.3624	DATA	Keypress: t
469.8182	DATA	Keypress: t
470.0205	DATA	Keypress:t held
470.8482	DATA	Keypress: v
471.0335	DATA	Keypress:v held
471.3041	DATA	Keypress: v
472.0465	DATA	Keypress:v held
472.3509	DATA	Keypress: t
472.8236	DATA	Keypress: t
473.0595	DATA	Keypress:t held
473.9042	DATA	Keypress: v
474.0726	DATA	Keypress:v held
474.3600	DATA	Keypress: v
475.0856	DATA	Keypress:v held
475.3225	DATA	Keypress: t
475.8289	DATA	Keypress: t
476.0986	DATA	Keypress:t held
476.8082	DATA	Keypress: v
477.1117	DATA	Keypress:v held
477.2810	DATA	Keypress: v
478.1247	DATA	Keypress:v held
478.1589	DATA	Keypress: t
478.6485	DATA	Keypress: t
479.1377	DATA	Keypress:t held
479.6109	DATA	Keypress: v
480.0669	DATA	Keypress: v
480.1676	DATA	Keypress:v held
481.0462	DATA	Keypress: t
481.1806	DATA	Keypress:t held
481.5355	DATA	Keypress: t
482.2106	DATA	Keypress:t held
482.2106	DATA	earn t
482.5318	DATA	Keypress: v
483.0384	DATA	Keypress: v
483.8656	DATA	Keypress: t
484.3552	DATA	Keypress: t
484.6756	DATA	Keypress:t held
485.3514	DATA	Keypress: v
485.6886	DATA	Keypress:v held
485.8074	DATA	Keypress: v
486.7185	DATA	Keypress:v held
486.7186	DATA	earn v
486.8540	DATA	Keypress: t
487.2931	DATA	Keypress: t
488.2554	DATA	Keypress: v
488.7453	DATA	Keypress: v
489.2511	DATA	Keypress:v held
489.2511	DATA	earn v
489.7075	DATA	Keypress: t
490.7459	DATA	Keypress: t
491.2775	DATA	Keypress: v
491.7668	DATA	Keypress:v held
491.7672	DATA	Keypress: v
492.7464	DATA	Keypress: t
492.7798	DATA	Keypress:t held
493.2023	DATA	Keypress: t
493.7928	DATA	Keypress:t held
494.2153	DATA	Keypress: v
494.6542	DATA	Keypress: v
494.8058	DATA	Keypress:v held
495.5829	DATA	Keypress: t
495.8189	DATA	Keypress:t held
496.0895	DATA	Keypress: t
496.8319	DATA	Keypress:t held
497.1193	DATA	Keypress: v
497.5583	DATA	Keypress: v
497.8449	DATA	Keypress:v held
498.4702	DATA	Keypress: t
498.8578	DATA	Keypress:t held
498.9597	DATA	Keypress: t
499.8709	DATA	Keypress:t held
499.9727	DATA	Keypress: v
500.4456	DATA	Keypress: v
500.8839	DATA	Keypress:v held
501.4247	DATA	Keypress: t
501.8970	DATA	Keypress:t held
501.9144	DATA	Keypress: t
502.8091	DATA	Keypress: v
502.9100	DATA	Keypress:v held
503.2481	DATA	Keypress: v
503.9230	DATA	Keypress:v held
504.2105	DATA	Keypress: t
504.7339	DATA	Keypress: t
504.9360	DATA	Keypress:t held
505.6628	DATA	Keypress: v
505.9490	DATA	Keypress:v held
506.1531	DATA	Keypress: v
506.9620	DATA	Keypress:v held
506.9620	DATA	earn v
507.1035	DATA	Keypress: t
507.6211	DATA	Keypress: t
508.5327	DATA	Keypress: v
509.0224	DATA	Keypress: v
509.4608	DATA	Keypress:v held
509.8835	DATA	Keypress: t
510.3900	DATA	Keypress: t
510.4908	DATA	Keypress:t held
510.4908	DATA	earn t
511.3862	DATA	Keypress: v
511.9958	DATA	Keypress: v
512.8727	DATA	Keypress: t
513.0065	DATA	Keypress:t held
513.3446	DATA	Keypress: t
514.0196	DATA	Keypress:t held
514.3576	DATA	Keypress: v
514.8136	DATA	Keypress: v
515.0324	DATA	Keypress:v held
515.7422	DATA	Keypress: t
516.0456	DATA	Keypress:t held
516.2181	DATA	Keypress: t
516.7790	DATA	start rating L
519.0971	DATA	Keypress: t
520.2465	DATA	Keypress: t
522.1856	DATA	Keypress: return
522.1860	DATA	RatingScale rateL_scale: (key response) rating=2
522.1861	DATA	RatingScale rateL_scale: rating RT=5.407
522.1866	DATA	2.0
522.1866	DATA	end rating L
522.1955	DATA	start rating R
523.6007	DATA	Keypress: v
524.3265	DATA	Keypress: v
525.3399	DATA	Keypress: return
525.3403	DATA	RatingScale rateR_scale: (key response) rating=6
525.3404	DATA	RatingScale rateR_scale: rating RT=3.145
525.3408	DATA	6.0
525.3418	DATA	end rating R
526.7505	DATA	Keypress: v
526.7837	DATA	Keypress:v held
527.2231	DATA	Keypress: v
527.7967	DATA	Keypress:v held
528.1517	DATA	Keypress: t
528.6583	DATA	Keypress: t
528.8266	DATA	Keypress:t held
530.0766	DATA	Keypress: v
530.0928	DATA	Keypress:v held
530.5154	DATA	Keypress: v
531.1059	DATA	Keypress:v held
531.4440	DATA	Keypress: t
531.9167	DATA	Keypress: t
532.1189	DATA	Keypress:t held
532.8791	DATA	Keypress: v
533.1320	DATA	Keypress:v held
533.3181	DATA	Keypress: v
534.1450	DATA	Keypress:v held
534.1961	DATA	Keypress: t
534.6519	DATA	Keypress: t
535.1580	DATA	Keypress:t held
535.5637	DATA	Keypress: v
536.0026	DATA	Keypress: v
536.1711	DATA	Keypress:v held
536.8806	DATA	Keypress: t
537.1841	DATA	Keypress:t held
537.3534	DATA	Keypress: t
538.1971	DATA	Keypress:t held
538.2144	DATA	Keypress: v
538.6534	DATA	Keypress: v
539.2101	DATA	Keypress:v held
539.5820	DATA	Keypress: t
540.0378	DATA	Keypress: t
540.2231	DATA	Keypress:t held
540.9327	DATA	Keypress: v
541.2362	DATA	Keypress:v held
541.3885	DATA	Keypress: v
542.2661	DATA	Keypress:v held
542.3341	DATA	Keypress: t
542.8068	DATA	Keypress: t
543.2791	DATA	Keypress:t held
543.7692	DATA	Keypress: v
544.2086	DATA	Keypress: v
544.2921	DATA	Keypress:v held
545.0865	DATA	Keypress: t
545.3052	DATA	Keypress:t held
545.5083	DATA	Keypress: t
546.3182	DATA	Keypress:t held
546.3182	DATA	earn t
546.4412	DATA	Keypress: v
547.9328	DATA	Keypress: v
548.1253	DATA	Keypress: t
548.6152	DATA	Keypress: t
548.9520	DATA	Keypress:t held
549.5433	DATA	Keypress: v
549.9651	DATA	Keypress:v held
549.9992	DATA	Keypress: v
550.9278	DATA	Keypress: t
550.9781	DATA	Keypress:t held
551.3838	DATA	Keypress: t
551.9911	DATA	Keypress:t held
552.1941	DATA	Keypress: v
552.6331	DATA	Keypress: v
553.0041	DATA	Keypress:v held
553.3760	DATA	Keypress: t
553.8657	DATA	Keypress: t
554.0339	DATA	Keypress:t held
554.6591	DATA	Keypress: v
555.0470	DATA	Keypress:v held
555.1150	DATA	Keypress: v
555.8916	DATA	Keypress: t
556.0601	DATA	Keypress:t held
556.3474	DATA	Keypress: t
557.0731	DATA	Keypress:t held
557.0732	DATA	earn t
557.1854	DATA	Keypress: v
557.6308	DATA	Keypress: v
558.6079	DATA	Keypress: t
559.0152	DATA	Keypress: t
559.6226	DATA	Keypress:t held
559.6226	DATA	earn t
559.8932	DATA	Keypress: v
560.3491	DATA	Keypress: v
561.2269	DATA	Keypress: t
561.7503	DATA	Keypress: t
562.2058	DATA	Keypress:t held
562.6456	DATA	Keypress: v
563.1010	DATA	Keypress: v
563.2188	DATA	Keypress:v held
563.9790	DATA	Keypress: t
564.2318	DATA	Keypress:t held
564.2319	DATA	earn t
564.4519	DATA	Keypress: t
565.7636	DATA	Keypress: v
565.8025	DATA	Keypress: v
566.6804	DATA	Keypress: t
566.7644	DATA	Keypress:t held
567.1362	DATA	Keypress: t
567.7774	DATA	Keypress:t held
567.9635	DATA	Keypress: v
568.4701	DATA	Keypress: v
568.8074	DATA	Keypress:v held
569.2640	DATA	Keypress: t
569.7533	DATA	Keypress: t
569.8204	DATA	Keypress:t held
569.8204	DATA	earn t
570.6482	DATA	Keypress: v
571.3911	DATA	Keypress: v
571.9312	DATA	Keypress: t
572.4036	DATA	Keypress:t held
572.4036	DATA	earn t
572.4040	DATA	Keypress: t
574.0176	DATA	Keypress: v
574.0182	DATA	Keypress: v
574.8184	DATA	Keypress: t
575.0204	DATA	Keypress:t held
575.2742	DATA	Keypress: t
576.0336	DATA	Keypress:t held
576.1015	DATA	Keypress: v
576.5582	DATA	Keypress: v
577.0635	DATA	Keypress:v held
577.4017	DATA	Keypress: t
577.8912	DATA	Keypress: t
578.0765	DATA	Keypress:t held
578.7020	DATA	Keypress: v
579.1064	DATA	Keypress:v held
579.1065	DATA	earn v
579.2393	DATA	Keypress: v
580.6794	DATA	Keypress: t
580.6799	DATA	Keypress: t
581.5212	DATA	Keypress: v
581.6897	DATA	Keypress:v held
582.0108	DATA	Keypress: v
582.7027	DATA	Keypress:v held
582.8550	DATA	Keypress: t
583.3616	DATA	Keypress: t
583.7157	DATA	Keypress:t held
583.7157	DATA	earn t
584.2738	DATA	Keypress: v
585.2908	DATA	Keypress: v
585.5204	DATA	Keypress: t
586.2321	DATA	start rating L
586.2402	DATA	Keypress: t
588.6201	DATA	Keypress: v
588.9938	DATA	Keypress: v
589.3965	DATA	Keypress: v
592.3527	DATA	Keypress: return
592.3530	DATA	RatingScale rateL_scale: (key response) rating=6
592.3531	DATA	RatingScale rateL_scale: rating RT=6.121
592.3535	DATA	6.0
592.3535	DATA	end rating L
592.3613	DATA	start rating R
594.0738	DATA	Keypress: t
594.4626	DATA	Keypress: t
595.7825	DATA	Keypress: return
595.8175	DATA	RatingScale rateR_scale: (key response) rating=2
595.8176	DATA	RatingScale rateR_scale: rating RT=3.456
595.8184	DATA	2.0
595.8202	DATA	end rating R
