11.6709	DATA	version D
89.5286	DATA	Keypress: space
92.5366	DATA	Keypress: t
92.5531	DATA	Keypress:t held
94.8429	DATA	Keypress: t
94.8593	DATA	Keypress:t held
94.8593	DATA	earn t
97.3832	DATA	Keypress: v
97.3995	DATA	Keypress:v held
98.3524	DATA	Keypress: v
98.4023	DATA	Keypress:v held
99.9902	DATA	Keypress: v
100.0066	DATA	Keypress:v held
101.5611	DATA	Keypress: v
101.5775	DATA	Keypress:v held
102.9983	DATA	Keypress: v
103.0148	DATA	Keypress:v held
104.3687	DATA	Keypress: t
104.3852	DATA	Keypress:t held
105.6055	DATA	Keypress: t
105.6219	DATA	Keypress:t held
106.7418	DATA	Keypress: t
106.7583	DATA	Keypress:t held
107.8115	DATA	Keypress: t
107.8279	DATA	Keypress:t held
108.7807	DATA	Keypress: t
108.8306	DATA	Keypress:t held
109.7835	DATA	Keypress: t
109.8333	DATA	Keypress:t held
110.7862	DATA	Keypress: t
110.8360	DATA	Keypress:t held
111.6886	DATA	Keypress: t
111.8388	DATA	Keypress:t held
111.8388	DATA	earn t
113.6607	DATA	Keypress: v
113.8776	DATA	Keypress:v held
114.5130	DATA	Keypress: v
114.8803	DATA	Keypress:v held
115.4154	DATA	Keypress: v
115.8830	DATA	Keypress:v held
116.4180	DATA	Keypress: v
116.8858	DATA	Keypress:v held
117.2537	DATA	Keypress: v
117.8885	DATA	Keypress:v held
118.0892	DATA	Keypress: v
118.8912	DATA	Keypress:v held
119.0085	DATA	Keypress: v
119.8274	DATA	Keypress: v
119.8940	DATA	Keypress:v held
120.6964	DATA	Keypress: v
120.8967	DATA	Keypress:v held
121.4484	DATA	Keypress: v
121.8994	DATA	Keypress:v held
121.8994	DATA	earn v
122.7855	DATA	Keypress: v
123.6712	DATA	Keypress: v
123.9382	DATA	Keypress:v held
124.9413	DATA	Keypress: t
124.9577	DATA	Keypress:t held
124.9577	DATA	earn t
126.4120	DATA	Keypress: t
126.9966	DATA	Keypress:t held
127.2307	DATA	Keypress: t
127.9993	DATA	Keypress:t held
127.9993	DATA	earn t
128.0999	DATA	Keypress: t
129.4702	DATA	Keypress: v
130.0549	DATA	Keypress:v held
130.3058	DATA	Keypress: v
131.0576	DATA	Keypress:v held
131.0578	DATA	Keypress: v
131.8266	DATA	Keypress: v
132.0603	DATA	Keypress:v held
132.5286	DATA	Keypress: v
133.0630	DATA	Keypress:v held
133.2638	DATA	Keypress: v
134.0657	DATA	Keypress:v held
134.0658	DATA	earn v
134.7681	DATA	Keypress: t
135.8710	DATA	Keypress: t
136.1213	DATA	Keypress:t held
136.1213	DATA	earn t
136.9573	DATA	Keypress: t
137.8934	DATA	Keypress: t
138.1769	DATA	Keypress:t held
138.6618	DATA	Keypress: t
139.1797	DATA	Keypress:t held
139.5142	DATA	Keypress: t
140.1824	DATA	Keypress:t held
140.3330	DATA	Keypress: t
141.1017	DATA	Keypress: t
141.1851	DATA	Keypress:t held
141.8371	DATA	Keypress: t
142.1878	DATA	Keypress:t held
142.5891	DATA	Keypress: t
143.1905	DATA	Keypress:t held
143.4581	DATA	Keypress: t
144.1932	DATA	Keypress:t held
144.2102	DATA	Keypress: t
144.9958	DATA	Keypress: t
145.1960	DATA	Keypress:t held
145.7979	DATA	Keypress: t
146.1987	DATA	Keypress:t held
146.1987	DATA	earn t
147.0848	DATA	Keypress: t
148.0540	DATA	Keypress: v
148.2542	DATA	Keypress:v held
148.9731	DATA	Keypress: v
149.2570	DATA	Keypress:v held
149.7099	DATA	start rating L
149.7469	DATA	Keypress: v
154.0084	DATA	Keypress: v
168.3977	DATA	Keypress: return
168.3979	DATA	RatingScale rateL_scale: (key response) rating=6
168.3980	DATA	RatingScale rateL_scale: rating RT=18.688
168.3983	DATA	6.0
168.3983	DATA	end rating L
168.4033	DATA	start rating R
170.6536	DATA	Keypress: t
179.1777	DATA	Keypress: return
179.1935	DATA	RatingScale rateR_scale: (key response) rating=3
179.1935	DATA	RatingScale rateR_scale: rating RT=10.790
179.1939	DATA	3.0
179.1948	DATA	end rating R
181.4948	DATA	Keypress: t
181.5112	DATA	Keypress:t held
182.2301	DATA	Keypress: t
182.5139	DATA	Keypress:t held
182.8986	DATA	Keypress: t
183.5167	DATA	Keypress:t held
183.6677	DATA	Keypress: v
184.1854	DATA	Keypress: v
184.5194	DATA	Keypress:v held
184.7870	DATA	Keypress: v
185.4722	DATA	Keypress: v
185.5221	DATA	Keypress:v held
186.1408	DATA	Keypress: v
186.5248	DATA	Keypress:v held
186.5249	DATA	earn v
186.7592	DATA	Keypress: v
188.0293	DATA	Keypress: v
188.6138	DATA	Keypress:v held
188.6642	DATA	Keypress: v
189.2825	DATA	Keypress: v
189.6166	DATA	Keypress:v held
189.8842	DATA	Keypress: v
190.6193	DATA	Keypress:v held
190.6363	DATA	Keypress: v
191.2545	DATA	Keypress: v
191.6220	DATA	Keypress:v held
191.8730	DATA	Keypress: v
192.4913	DATA	Keypress: v
192.6247	DATA	Keypress:v held
193.0929	DATA	Keypress: v
193.6274	DATA	Keypress:v held
193.7280	DATA	Keypress: v
194.5803	DATA	Keypress: v
194.6302	DATA	Keypress:v held
195.1987	DATA	Keypress: v
195.6329	DATA	Keypress:v held
195.8339	DATA	Keypress: v
196.4354	DATA	Keypress: v
196.6356	DATA	Keypress:v held
197.0704	DATA	Keypress: v
197.6383	DATA	Keypress:v held
197.6383	DATA	earn v
197.7197	DATA	Keypress: v
199.0592	DATA	Keypress: t
199.6608	DATA	Keypress: t
199.7273	DATA	Keypress:t held
199.7273	DATA	earn t
200.5470	DATA	Keypress: t
201.1982	DATA	Keypress: t
201.8167	DATA	Keypress: t
201.8330	DATA	Keypress:t held
202.4351	DATA	Keypress: t
202.8358	DATA	Keypress:t held
203.0534	DATA	Keypress: t
203.6716	DATA	Keypress: t
203.8385	DATA	Keypress:t held
204.2899	DATA	Keypress: t
204.8412	DATA	Keypress:t held
204.9083	DATA	Keypress: t
205.5601	DATA	Keypress: t
205.8439	DATA	Keypress:t held
206.1951	DATA	Keypress: t
206.8467	DATA	Keypress:t held
206.8469	DATA	Keypress: t
207.4653	DATA	Keypress: t
207.8494	DATA	Keypress:t held
208.0837	DATA	Keypress: t
208.7019	DATA	Keypress: t
208.8522	DATA	Keypress:t held
209.3036	DATA	Keypress: v
209.8548	DATA	Keypress:v held
209.9388	DATA	Keypress: v
210.5570	DATA	Keypress: v
210.8576	DATA	Keypress:v held
210.8576	DATA	earn v
211.1588	DATA	Keypress: v
211.9947	DATA	Keypress: v
212.6126	DATA	Keypress: v
212.9465	DATA	Keypress:v held
213.1974	DATA	Keypress: v
213.7657	DATA	Keypress: v
213.9492	DATA	Keypress:v held
214.3841	DATA	Keypress: t
214.9356	DATA	Keypress: t
214.9520	DATA	Keypress:t held
215.5707	DATA	Keypress: t
215.9547	DATA	Keypress:t held
216.1555	DATA	Keypress: t
216.7404	DATA	Keypress: t
216.9575	DATA	Keypress:t held
217.3087	DATA	Keypress: t
217.8602	DATA	Keypress: t
217.9602	DATA	Keypress:t held
218.4450	DATA	Keypress: t
218.9629	DATA	Keypress:t held
219.0133	DATA	Keypress: v
219.5648	DATA	Keypress: v
219.9656	DATA	Keypress:v held
220.1497	DATA	Keypress: v
220.7179	DATA	Keypress: v
220.9683	DATA	Keypress:v held
221.2862	DATA	Keypress: v
221.8208	DATA	Keypress: v
221.9710	DATA	Keypress:v held
222.3892	DATA	Keypress: v
222.9574	DATA	Keypress: v
222.9738	DATA	Keypress:v held
223.5590	DATA	Keypress: v
223.9765	DATA	Keypress:v held
224.1104	DATA	Keypress: t
224.6787	DATA	Keypress: t
224.9792	DATA	Keypress:t held
225.2636	DATA	Keypress: t
225.8318	DATA	Keypress: t
225.9819	DATA	Keypress:t held
226.3833	DATA	Keypress: t
226.9683	DATA	Keypress: t
226.9846	DATA	Keypress:t held
227.6869	DATA	Keypress: t
227.9874	DATA	Keypress:t held
228.3887	DATA	Keypress: t
228.9901	DATA	Keypress:t held
229.1241	DATA	Keypress: t
229.8261	DATA	Keypress: t
229.9928	DATA	Keypress:t held
230.5112	DATA	Keypress: t
230.9956	DATA	Keypress:t held
231.1797	DATA	Keypress: t
231.8816	DATA	Keypress: t
231.9983	DATA	Keypress:t held
232.5500	DATA	Keypress: t
233.0010	DATA	Keypress:t held
233.2186	DATA	Keypress: t
233.8535	DATA	Keypress: t
234.0037	DATA	Keypress:t held
234.5220	DATA	Keypress: t
235.0065	DATA	Keypress:t held
235.1572	DATA	Keypress: t
235.7754	DATA	Keypress: t
236.0092	DATA	Keypress:t held
236.4106	DATA	Keypress: t
237.0119	DATA	Keypress:t held
237.0119	DATA	earn t
237.1460	DATA	Keypress: v
238.9676	DATA	Keypress: v
239.1009	DATA	Keypress:v held
239.4116	DATA	start rating L
241.5962	DATA	Keypress: t
242.2647	DATA	Keypress: t
244.6044	DATA	Keypress: return
244.6046	DATA	RatingScale rateL_scale: (key response) rating=2
244.6047	DATA	RatingScale rateL_scale: rating RT=5.193
244.6050	DATA	2.0
244.6050	DATA	end rating L
244.6099	DATA	start rating R
249.4678	DATA	Keypress: return
249.4680	DATA	RatingScale rateR_scale: (key response) rating=4
249.4681	DATA	RatingScale rateR_scale: rating RT=4.858
249.4684	DATA	4.0
249.4690	DATA	end rating R
251.4179	DATA	Keypress: t
251.4344	DATA	Keypress:t held
252.2034	DATA	Keypress: t
252.4371	DATA	Keypress:t held
253.0056	DATA	Keypress: t
253.4398	DATA	Keypress:t held
253.8078	DATA	Keypress: v
254.3931	DATA	Keypress: v
254.4426	DATA	Keypress:v held
255.0445	DATA	Keypress: v
255.4452	DATA	Keypress:v held
255.6963	DATA	Keypress: v
256.3647	DATA	Keypress: v
256.4480	DATA	Keypress:v held
256.9663	DATA	Keypress: v
257.4507	DATA	Keypress:v held
257.4507	DATA	earn v
257.6016	DATA	Keypress: v
258.9551	DATA	Keypress: t
259.5731	DATA	Keypress:t held
259.5734	DATA	Keypress: t
260.1751	DATA	Keypress: t
260.5759	DATA	Keypress:t held
260.7599	DATA	Keypress: t
261.3617	DATA	Keypress: t
261.5786	DATA	Keypress:t held
261.9799	DATA	Keypress: t
262.5813	DATA	Keypress:t held
262.6151	DATA	Keypress: t
263.2167	DATA	Keypress: t
263.5840	DATA	Keypress:t held
263.8517	DATA	Keypress: t
264.4701	DATA	Keypress: t
264.5868	DATA	Keypress:t held
265.0717	DATA	Keypress: t
265.5895	DATA	Keypress:t held
265.5895	DATA	earn t
265.6633	DATA	Keypress: t
267.0606	DATA	Keypress: t
267.6955	DATA	Keypress: t
267.7453	DATA	Keypress:t held
268.2970	DATA	Keypress: t
268.7481	DATA	Keypress:t held
268.8652	DATA	Keypress: t
269.5005	DATA	Keypress: t
269.7508	DATA	Keypress:t held
270.0854	DATA	Keypress: t
270.6535	DATA	Keypress: t
270.7535	DATA	Keypress:t held
271.2886	DATA	Keypress: t
271.7562	DATA	Keypress:t held
271.9403	DATA	Keypress: t
272.5253	DATA	Keypress: t
272.7589	DATA	Keypress:t held
273.9292	DATA	Keypress: v
273.9455	DATA	Keypress:v held
273.9456	DATA	earn v
275.2493	DATA	Keypress: v
275.8844	DATA	Keypress: v
276.0680	DATA	Keypress:v held
276.5027	DATA	Keypress: v
277.0707	DATA	Keypress:v held
277.1043	DATA	Keypress: v
277.7729	DATA	Keypress: v
278.0734	DATA	Keypress:v held
278.0734	DATA	earn v
278.3579	DATA	Keypress: v
279.1951	DATA	Keypress: v
279.7951	DATA	Keypress: v
280.1958	DATA	Keypress:v held
280.4134	DATA	Keypress: v
281.0150	DATA	Keypress: v
281.1985	DATA	Keypress:v held
281.6166	DATA	Keypress: v
282.1681	DATA	Keypress: v
282.2012	DATA	Keypress:v held
282.7201	DATA	Keypress: v
283.2040	DATA	Keypress:v held
283.3045	DATA	Keypress: v
283.9062	DATA	Keypress: v
284.2067	DATA	Keypress:v held
284.5078	DATA	Keypress: v
285.0927	DATA	Keypress: v
285.2094	DATA	Keypress:v held
285.7110	DATA	Keypress: v
286.2121	DATA	Keypress:v held
286.3293	DATA	Keypress: v
286.9812	DATA	Keypress: v
287.2148	DATA	Keypress:v held
287.5829	DATA	Keypress: v
288.1844	DATA	Keypress: v
288.2175	DATA	Keypress:v held
288.8027	DATA	Keypress: v
289.2203	DATA	Keypress:v held
289.4044	DATA	Keypress: v
290.0060	DATA	Keypress: v
290.2230	DATA	Keypress:v held
290.6077	DATA	Keypress: v
291.1927	DATA	Keypress: v
291.2257	DATA	Keypress:v held
291.8110	DATA	Keypress: v
292.2285	DATA	Keypress:v held
292.4460	DATA	Keypress: v
293.0644	DATA	Keypress: v
293.2312	DATA	Keypress:v held
293.2312	DATA	earn v
294.7858	DATA	Keypress: t
295.3703	DATA	Keypress:t held
295.4208	DATA	Keypress: t
296.0726	DATA	Keypress: t
296.3731	DATA	Keypress:t held
296.6908	DATA	Keypress: t
297.3092	DATA	Keypress: t
297.3758	DATA	Keypress:t held
297.9778	DATA	Keypress: t
298.3785	DATA	Keypress:t held
298.5794	DATA	Keypress: t
299.1643	DATA	Keypress: t
299.3812	DATA	Keypress:t held
299.7993	DATA	Keypress: t
300.3675	DATA	Keypress: t
300.3839	DATA	Keypress:t held
301.0026	DATA	Keypress: t
301.3867	DATA	Keypress:t held
301.6042	DATA	Keypress: t
302.2058	DATA	Keypress: t
302.3894	DATA	Keypress:t held
302.8075	DATA	Keypress: t
303.3921	DATA	Keypress:t held
303.4257	DATA	Keypress: t
304.0275	DATA	Keypress: t
304.3948	DATA	Keypress:t held
304.6458	DATA	Keypress: t
305.2975	DATA	Keypress: t
305.3975	DATA	Keypress:t held
305.9326	DATA	Keypress: t
306.4003	DATA	Keypress:t held
306.5509	DATA	Keypress: t
307.4030	DATA	Keypress:t held
307.7042	DATA	Keypress: v
308.3726	DATA	Keypress: v
308.4057	DATA	Keypress:v held
309.0077	DATA	Keypress: v
309.4085	DATA	Keypress:v held
309.7223	DATA	start rating L
309.7279	DATA	Keypress: v
310.8011	DATA	Keypress: t
311.2521	DATA	Keypress: t
311.6532	DATA	Keypress: t
313.8760	DATA	Keypress: return
313.8762	DATA	RatingScale rateL_scale: (key response) rating=2
313.8763	DATA	RatingScale rateL_scale: rating RT=4.154
313.8766	DATA	2.0
313.8766	DATA	end rating L
313.8815	DATA	start rating R
315.8313	DATA	Keypress: v
317.0846	DATA	Keypress: return
317.0848	DATA	RatingScale rateR_scale: (key response) rating=5
317.0849	DATA	RatingScale rateR_scale: rating RT=3.203
317.0852	DATA	5.0
317.0859	DATA	end rating R
319.8538	DATA	Keypress: t
319.8702	DATA	Keypress:t held
320.4888	DATA	Keypress: t
320.8729	DATA	Keypress:t held
320.8729	DATA	earn t
321.1742	DATA	Keypress: t
322.4946	DATA	Keypress: t
323.0288	DATA	Keypress:t held
323.1628	DATA	Keypress: t
323.7979	DATA	Keypress: t
324.0314	DATA	Keypress:t held
324.4329	DATA	Keypress: t
325.0342	DATA	Keypress:t held
325.0847	DATA	Keypress: t
325.7365	DATA	Keypress: t
326.0369	DATA	Keypress:t held
326.3881	DATA	Keypress: t
327.0233	DATA	Keypress: t
327.0396	DATA	Keypress:t held
327.6750	DATA	Keypress: t
328.0424	DATA	Keypress:t held
328.3103	DATA	Keypress: t
328.9451	DATA	Keypress: t
329.0451	DATA	Keypress:t held
329.5635	DATA	Keypress: t
330.0479	DATA	Keypress:t held
330.2152	DATA	Keypress: t
330.8001	DATA	Keypress: v
331.0505	DATA	Keypress:v held
331.0506	DATA	earn v
331.9702	DATA	Keypress: v
332.8557	DATA	Keypress: v
333.2064	DATA	Keypress:v held
333.5075	DATA	Keypress: v
334.0925	DATA	Keypress: t
334.2091	DATA	Keypress:t held
334.8111	DATA	Keypress: t
335.2118	DATA	Keypress:t held
335.4963	DATA	Keypress: v
336.1146	DATA	Keypress: v
336.2146	DATA	Keypress:v held
336.7831	DATA	Keypress: v
337.2173	DATA	Keypress:v held
337.4015	DATA	Keypress: v
338.0699	DATA	Keypress: v
338.2200	DATA	Keypress:v held
338.7050	DATA	Keypress: t
339.2227	DATA	Keypress:t held
339.2898	DATA	Keypress: t
339.8414	DATA	Keypress: t
340.2255	DATA	Keypress:t held
340.2255	DATA	earn t
340.4097	DATA	Keypress: t
341.4072	DATA	Keypress: t
341.9805	DATA	Keypress: t
342.4147	DATA	Keypress:t held
342.5989	DATA	Keypress: t
343.2004	DATA	Keypress: t
343.4174	DATA	Keypress:t held
343.8190	DATA	Keypress: t
344.4201	DATA	Keypress:t held
344.4372	DATA	Keypress: t
345.0388	DATA	Keypress: t
345.4229	DATA	Keypress:t held
345.6572	DATA	Keypress: t
346.3091	DATA	Keypress: t
346.4257	DATA	Keypress:t held
346.4257	DATA	earn t
347.0779	DATA	Keypress: t
347.7631	DATA	Keypress: t
348.3482	DATA	Keypress: t
348.5985	DATA	Keypress:t held
348.9496	DATA	Keypress: t
349.5180	DATA	Keypress: t
349.6013	DATA	Keypress:t held
350.1530	DATA	Keypress: t
350.6041	DATA	Keypress:t held
350.7214	DATA	Keypress: t
351.3230	DATA	Keypress: t
351.6069	DATA	Keypress:t held
351.8745	DATA	Keypress: t
352.4428	DATA	Keypress: t
352.6097	DATA	Keypress:t held
352.6097	DATA	earn t
353.1615	DATA	Keypress: t
353.7967	DATA	Keypress: t
354.3649	DATA	Keypress: t
354.7824	DATA	Keypress:t held
354.7824	DATA	earn t
354.9502	DATA	Keypress: t
355.6519	DATA	Keypress: t
356.2534	DATA	Keypress: t
356.8216	DATA	Keypress: t
356.9551	DATA	Keypress:t held
357.3903	DATA	Keypress: t
357.9578	DATA	Keypress:t held
357.9916	DATA	Keypress: t
358.5933	DATA	Keypress: t
358.9606	DATA	Keypress:t held
359.1616	DATA	Keypress: t
359.7298	DATA	Keypress: t
359.9634	DATA	Keypress:t held
360.2646	DATA	Keypress: t
360.8161	DATA	Keypress: t
360.9663	DATA	Keypress:t held
361.4012	DATA	Keypress: t
361.9691	DATA	Keypress:t held
361.9861	DATA	Keypress: t
362.5377	DATA	Keypress: t
362.9719	DATA	Keypress:t held
362.9719	DATA	earn t
363.1059	DATA	Keypress: t
363.7578	DATA	Keypress: t
364.3928	DATA	Keypress: t
364.9443	DATA	Keypress: t
365.1446	DATA	Keypress:t held
365.5293	DATA	Keypress: t
366.1474	DATA	Keypress:t held
366.1474	DATA	earn t
367.3225	DATA	Keypress: v
367.9027	DATA	Keypress: v
368.3369	DATA	Keypress:v held
368.4541	DATA	Keypress: v
368.9889	DATA	Keypress: v
369.3397	DATA	Keypress:v held
369.5571	DATA	Keypress: v
370.0919	DATA	Keypress: v
370.3424	DATA	Keypress:v held
370.6436	DATA	Keypress: v
371.2118	DATA	Keypress: v
371.3453	DATA	Keypress:v held
371.3453	DATA	earn v
371.8470	DATA	Keypress: v
372.5244	DATA	Keypress: v
372.9834	DATA	Keypress: v
373.5183	DATA	Keypress: v
373.5347	DATA	Keypress:v held
374.0531	DATA	Keypress: v
374.5375	DATA	Keypress:v held
374.5711	DATA	Keypress: v
375.0892	DATA	Keypress: v
375.5403	DATA	Keypress:v held
375.6073	DATA	Keypress: v
376.1589	DATA	Keypress: v
376.5430	DATA	Keypress:v held
376.6770	DATA	Keypress: v
377.4161	DATA	start rating L
377.4217	DATA	Keypress: v
379.0889	DATA	Keypress: v
380.3256	DATA	Keypress: v
381.4957	DATA	Keypress: return
381.4959	DATA	RatingScale rateL_scale: (key response) rating=7
381.4960	DATA	RatingScale rateL_scale: rating RT=4.080
381.4963	DATA	7.0
381.4963	DATA	end rating L
381.5012	DATA	start rating R
386.2588	DATA	Keypress: v
387.2786	DATA	Keypress: return
387.2788	DATA	RatingScale rateR_scale: (key response) rating=5
387.2789	DATA	RatingScale rateR_scale: rating RT=5.778
387.2792	DATA	5.0
387.2799	DATA	end rating R
390.8833	DATA	Keypress: t
390.8997	DATA	Keypress:t held
391.3847	DATA	Keypress: t
391.8862	DATA	Keypress: t
391.9025	DATA	Keypress:t held
392.4544	DATA	Keypress: t
392.9053	DATA	Keypress:t held
392.9054	DATA	earn t
393.0399	DATA	Keypress: t
393.8751	DATA	Keypress: t
394.5937	DATA	Keypress: t
395.1115	DATA	Keypress:t held
395.1619	DATA	Keypress: t
395.7134	DATA	Keypress: t
396.1143	DATA	Keypress:t held
396.2482	DATA	Keypress: t
396.8834	DATA	Keypress: t
397.1171	DATA	Keypress:t held
397.5017	DATA	Keypress: t
398.0699	DATA	Keypress: t
398.1199	DATA	Keypress:t held
398.6719	DATA	Keypress: t
399.1226	DATA	Keypress:t held
399.3069	DATA	Keypress: t
400.0254	DATA	Keypress: t
400.1254	DATA	Keypress:t held
400.6606	DATA	Keypress: t
401.1282	DATA	Keypress:t held
401.2622	DATA	Keypress: t
401.8305	DATA	Keypress: t
402.1311	DATA	Keypress:t held
402.3821	DATA	Keypress: t
403.1339	DATA	Keypress:t held
403.3348	DATA	Keypress: v
403.8361	DATA	Keypress: v
404.1367	DATA	Keypress:v held
404.1367	DATA	earn v
404.4547	DATA	Keypress: v
405.3406	DATA	Keypress: v
405.8249	DATA	Keypress: v
406.3428	DATA	Keypress:v held
406.3933	DATA	Keypress: v
406.9280	DATA	Keypress: v
407.3456	DATA	Keypress:v held
407.4964	DATA	Keypress: v
408.0646	DATA	Keypress: v
408.3484	DATA	Keypress:v held
408.6162	DATA	Keypress: v
409.0841	DATA	Keypress: v
409.3512	DATA	Keypress:v held
409.3512	DATA	earn v
409.8195	DATA	Keypress: v
410.5581	DATA	Keypress: v
411.1733	DATA	Keypress: v
411.5741	DATA	Keypress:v held
411.7416	DATA	Keypress: v
412.3264	DATA	Keypress: v
412.5769	DATA	Keypress:v held
412.9282	DATA	Keypress: v
413.5465	DATA	Keypress: v
413.5797	DATA	Keypress:v held
414.1483	DATA	Keypress: v
414.5825	DATA	Keypress:v held
415.0674	DATA	Keypress: v
415.5853	DATA	Keypress:v held
415.8362	DATA	Keypress: v
416.5881	DATA	Keypress:v held
416.5883	DATA	Keypress: v
417.3405	DATA	Keypress: v
417.5908	DATA	Keypress:v held
417.5909	DATA	earn v
418.5607	DATA	Keypress: v
419.3127	DATA	Keypress: v
419.8137	DATA	Keypress:v held
419.9478	DATA	Keypress: v
420.6166	DATA	Keypress: v
420.8165	DATA	Keypress:v held
421.2180	DATA	Keypress: v
421.8193	DATA	Keypress:v held
421.8363	DATA	Keypress: v
422.4380	DATA	Keypress: v
422.8221	DATA	Keypress:v held
423.0062	DATA	Keypress: v
423.5744	DATA	Keypress: v
423.8249	DATA	Keypress:v held
424.1761	DATA	Keypress: v
424.7946	DATA	Keypress: v
424.8277	DATA	Keypress:v held
425.6302	DATA	Keypress: t
425.8305	DATA	Keypress:t held
426.2486	DATA	Keypress: t
426.8333	DATA	Keypress:t held
426.8503	DATA	Keypress: t
427.4352	DATA	Keypress: t
427.8361	DATA	Keypress:t held
428.0202	DATA	Keypress: t
428.6386	DATA	Keypress: t
428.8389	DATA	Keypress:t held
428.8389	DATA	earn t
429.3072	DATA	Keypress: t
430.0556	DATA	Keypress: t
430.5608	DATA	Keypress: t
431.0617	DATA	Keypress:t held
431.1290	DATA	Keypress: t
431.6971	DATA	Keypress: t
432.0646	DATA	Keypress:t held
432.2490	DATA	Keypress: t
432.8839	DATA	Keypress: t
433.0673	DATA	Keypress:t held
433.4520	DATA	Keypress: t
434.0537	DATA	Keypress: t
434.0701	DATA	Keypress:t held
434.6219	DATA	Keypress: t
435.0729	DATA	Keypress:t held
435.1901	DATA	Keypress: t
435.7752	DATA	Keypress: t
436.0757	DATA	Keypress:t held
436.3435	DATA	Keypress: t
436.9284	DATA	Keypress: t
437.0785	DATA	Keypress:t held
437.4632	DATA	Keypress: t
437.9814	DATA	Keypress: t
438.0813	DATA	Keypress:t held
438.5328	DATA	Keypress: t
439.0841	DATA	Keypress:t held
439.0844	DATA	Keypress: v
439.6359	DATA	Keypress: v
440.0869	DATA	Keypress:v held
440.0869	DATA	earn v
440.2044	DATA	Keypress: v
440.8894	DATA	Keypress: v
441.5079	DATA	Keypress: v
442.0928	DATA	Keypress: v
442.3432	DATA	Keypress:v held
442.6443	DATA	Keypress: v
443.2126	DATA	Keypress: v
443.3460	DATA	Keypress:v held
443.7643	DATA	Keypress: v
444.3156	DATA	Keypress: v
444.3488	DATA	Keypress:v held
444.8838	DATA	Keypress: v
445.3516	DATA	Keypress:v held
445.4690	DATA	Keypress: v
446.0371	DATA	Keypress: v
446.3544	DATA	Keypress:v held
446.6221	DATA	Keypress: v
447.2237	DATA	Keypress: v
447.6301	DATA	start rating L
447.7972	DATA	Keypress: v
449.2678	DATA	Keypress: v
450.2039	DATA	Keypress: t
451.2568	DATA	Keypress: return
451.2570	DATA	RatingScale rateL_scale: (key response) rating=5
451.2571	DATA	RatingScale rateL_scale: rating RT=3.627
451.2574	DATA	5.0
451.2574	DATA	end rating L
451.2624	DATA	start rating R
452.2764	DATA	Keypress: v
452.6941	DATA	Keypress: v
453.7640	DATA	Keypress: return
453.7642	DATA	RatingScale rateR_scale: (key response) rating=6
453.7643	DATA	RatingScale rateR_scale: rating RT=2.502
453.7646	DATA	6.0
453.7652	DATA	end rating R
456.5498	DATA	Keypress: v
456.5662	DATA	Keypress:v held
456.5662	DATA	earn v
457.5192	DATA	Keypress: v
458.2212	DATA	Keypress: v
458.7727	DATA	Keypress: v
458.8225	DATA	Keypress:v held
459.3242	DATA	Keypress: v
459.8252	DATA	Keypress:v held
459.8757	DATA	Keypress: v
460.3942	DATA	Keypress: v
460.8281	DATA	Keypress:v held
460.9454	DATA	Keypress: v
461.4635	DATA	Keypress: v
461.8309	DATA	Keypress:v held
461.8309	DATA	earn v
461.9817	DATA	Keypress: v
462.6000	DATA	Keypress: v
463.2017	DATA	Keypress: v
463.7700	DATA	Keypress: v
464.0872	DATA	Keypress:v held
464.3214	DATA	Keypress: v
464.8396	DATA	Keypress: v
465.0900	DATA	Keypress:v held
465.3578	DATA	Keypress: v
465.8758	DATA	Keypress: v
466.0928	DATA	Keypress:v held
466.3944	DATA	Keypress: v
466.9120	DATA	Keypress: v
467.0956	DATA	Keypress:v held
467.4133	DATA	Keypress: v
467.9483	DATA	Keypress: v
468.0984	DATA	Keypress:v held
468.4330	DATA	Keypress: v
468.9343	DATA	Keypress: t
469.1011	DATA	Keypress:t held
469.5025	DATA	Keypress: t
470.0374	DATA	Keypress: t
470.1039	DATA	Keypress:t held
470.1040	DATA	earn t
470.6725	DATA	Keypress: t
471.3817	DATA	Keypress: t
471.8258	DATA	Keypress: t
472.3605	DATA	Keypress: t
472.3937	DATA	Keypress:t held
472.8284	DATA	Keypress: t
473.3466	DATA	Keypress: t
473.3965	DATA	Keypress:t held
473.8647	DATA	Keypress: t
474.3993	DATA	Keypress:t held
474.3995	DATA	Keypress: t
474.9177	DATA	Keypress: t
475.4020	DATA	Keypress:t held
475.4358	DATA	Keypress: t
475.9539	DATA	Keypress: t
476.4049	DATA	Keypress:t held
476.4887	DATA	Keypress: t
477.0403	DATA	Keypress: t
477.4077	DATA	Keypress:t held
477.5917	DATA	Keypress: t
478.1099	DATA	Keypress: t
478.4105	DATA	Keypress:t held
478.5950	DATA	Keypress: t
479.1126	DATA	Keypress: t
479.4133	DATA	Keypress:t held
479.6642	DATA	Keypress: v
480.1991	DATA	Keypress: v
480.4161	DATA	Keypress:v held
480.8843	DATA	Keypress: v
481.4189	DATA	Keypress:v held
481.5361	DATA	Keypress: v
482.1545	DATA	Keypress: v
482.4217	DATA	Keypress:v held
482.7395	DATA	Keypress: v
483.3078	DATA	Keypress: v
483.4245	DATA	Keypress:v held
483.8760	DATA	Keypress: v
484.4109	DATA	Keypress: v
484.4272	DATA	Keypress:v held
484.9959	DATA	Keypress: v
485.4300	DATA	Keypress:v held
485.7479	DATA	Keypress: v
486.3831	DATA	Keypress: v
486.4328	DATA	Keypress:v held
486.9512	DATA	Keypress: t
487.4356	DATA	Keypress:t held
487.5863	DATA	Keypress: t
488.2381	DATA	Keypress: t
488.4384	DATA	Keypress:t held
488.9401	DATA	Keypress: t
489.4412	DATA	Keypress:t held
489.6254	DATA	Keypress: t
490.1768	DATA	Keypress: v
490.4440	DATA	Keypress:v held
490.8121	DATA	Keypress: v
491.3636	DATA	Keypress: v
491.4468	DATA	Keypress:v held
491.8816	DATA	Keypress: v
492.4496	DATA	Keypress:v held
492.5502	DATA	Keypress: v
493.1184	DATA	Keypress: t
493.4524	DATA	Keypress:t held
493.4525	DATA	earn t
493.6867	DATA	Keypress: t
494.3556	DATA	Keypress: t
495.0404	DATA	Keypress: t
495.6086	DATA	Keypress: t
495.7087	DATA	Keypress:t held
496.1435	DATA	Keypress: t
496.7115	DATA	Keypress:t held
496.7117	DATA	Keypress: t
497.2801	DATA	Keypress: t
497.7143	DATA	Keypress:t held
497.7143	DATA	earn t
497.8484	DATA	Keypress: t
498.5670	DATA	Keypress: v
499.0683	DATA	Keypress: t
499.6701	DATA	Keypress: t
499.9873	DATA	Keypress:t held
500.2383	DATA	Keypress: t
500.7732	DATA	Keypress: t
500.9901	DATA	Keypress:t held
501.2913	DATA	Keypress: t
501.8596	DATA	Keypress: t
501.9929	DATA	Keypress:t held
502.3943	DATA	Keypress: t
502.9291	DATA	Keypress: t
502.9957	DATA	Keypress:t held
503.4306	DATA	Keypress: t
503.9820	DATA	Keypress: t
503.9985	DATA	Keypress:t held
504.5336	DATA	Keypress: t
505.0013	DATA	Keypress:t held
505.0685	DATA	Keypress: t
505.6033	DATA	Keypress: t
506.0041	DATA	Keypress:t held
506.1381	DATA	Keypress: t
506.6896	DATA	Keypress: t
507.0068	DATA	Keypress:t held
507.2244	DATA	Keypress: t
507.7758	DATA	Keypress: t
508.0096	DATA	Keypress:t held
508.0097	DATA	earn t
508.3276	DATA	Keypress: t
508.9292	DATA	Keypress: t
509.5141	DATA	Keypress: t
510.0991	DATA	Keypress: t
510.2827	DATA	Keypress:t held
510.6507	DATA	Keypress: t
511.2855	DATA	Keypress:t held
511.3694	DATA	Keypress: v
511.8707	DATA	Keypress: v
512.2883	DATA	Keypress:v held
512.3888	DATA	Keypress: v
512.9236	DATA	Keypress: v
513.2911	DATA	Keypress:v held
513.5086	DATA	Keypress: v
514.1575	DATA	start rating L
514.1633	DATA	Keypress: v
515.6030	DATA	Keypress: v
517.4750	DATA	Keypress: return
517.4752	DATA	RatingScale rateL_scale: (key response) rating=6
517.4753	DATA	RatingScale rateL_scale: rating RT=3.318
517.4756	DATA	6.0
517.4756	DATA	end rating L
517.4806	DATA	start rating R
518.3774	DATA	Keypress: t
518.7784	DATA	Keypress: t
519.6484	DATA	Keypress: return
519.6486	DATA	RatingScale rateR_scale: (key response) rating=2
519.6486	DATA	RatingScale rateR_scale: rating RT=2.168
519.6489	DATA	2.0
519.6496	DATA	end rating R
