1710.1173	DATA	version E
1787.1634	DATA	Keypress: space
1789.2692	DATA	Keypress: t
1789.2856	DATA	Keypress:t held
1790.0045	DATA	Keypress: t
1790.2884	DATA	Keypress:t held
1790.2884	DATA	earn t
1790.3813	DATA	Keypress: t
1792.2275	DATA	Keypress: v
1792.3107	DATA	Keypress:v held
1792.7122	DATA	Keypress: v
1793.1300	DATA	Keypress: v
1793.3135	DATA	Keypress:v held
1793.5310	DATA	Keypress: v
1793.9156	DATA	Keypress: v
1794.3163	DATA	Keypress:v held
1794.3163	DATA	earn v
1795.7039	DATA	Keypress: t
1796.1384	DATA	Keypress: t
1796.3553	DATA	Keypress:t held
1796.5562	DATA	Keypress: t
1796.9741	DATA	Keypress: t
1797.3580	DATA	Keypress:t held
1797.3581	DATA	earn t
1797.4253	DATA	Keypress: t
1798.8626	DATA	Keypress: t
1799.2804	DATA	Keypress: t
1799.3971	DATA	Keypress:t held
1799.6649	DATA	Keypress: t
1800.0325	DATA	Keypress: t
1800.3999	DATA	Keypress:t held
1800.4503	DATA	Keypress: t
1800.8180	DATA	Keypress: t
1801.2526	DATA	Keypress: t
1801.4027	DATA	Keypress:t held
1801.8209	DATA	Keypress: t
1802.4055	DATA	Keypress:t held
1803.5090	DATA	Keypress: v
1803.5253	DATA	Keypress:v held
1803.9101	DATA	Keypress: v
1804.3111	DATA	Keypress: v
1804.5281	DATA	Keypress:v held
1804.7122	DATA	Keypress: v
1805.1134	DATA	Keypress: v
1805.4977	DATA	Keypress: v
1805.5309	DATA	Keypress:v held
1805.8655	DATA	Keypress: v
1806.2499	DATA	Keypress: v
1806.5337	DATA	Keypress:v held
1806.6843	DATA	Keypress: v
1807.1022	DATA	Keypress: v
1807.5365	DATA	Keypress:v held
1807.9379	DATA	Keypress: v
1808.4562	DATA	Keypress: v
1808.5393	DATA	Keypress:v held
1808.8403	DATA	Keypress: v
1809.1747	DATA	Keypress: v
1809.5421	DATA	Keypress:v held
1809.9603	DATA	Keypress: t
1810.2610	DATA	Keypress: t
1810.5449	DATA	Keypress:t held
1810.7291	DATA	Keypress: t
1810.9296	DATA	Keypress: t
1811.1134	DATA	Keypress: t
1811.3140	DATA	Keypress: t
1811.5313	DATA	Keypress: t
1811.5476	DATA	Keypress:t held
1811.7318	DATA	Keypress: t
1811.9157	DATA	Keypress: t
1812.1162	DATA	Keypress: t
1812.3001	DATA	Keypress: t
1812.5005	DATA	Keypress: t
1812.5504	DATA	Keypress:t held
1812.5505	DATA	earn t
1812.7013	DATA	Keypress: t
1813.9213	DATA	Keypress: t
1814.1051	DATA	Keypress: t
1814.3223	DATA	Keypress: t
1814.5062	DATA	Keypress: t
1814.5895	DATA	Keypress:t held
1814.7067	DATA	Keypress: t
1814.9074	DATA	Keypress: t
1815.0911	DATA	Keypress: t
1815.2918	DATA	Keypress: t
1815.4755	DATA	Keypress: t
1815.5923	DATA	Keypress:t held
1815.6761	DATA	Keypress: t
1815.8766	DATA	Keypress: t
1816.0773	DATA	Keypress: t
1816.2779	DATA	Keypress: t
1816.4784	DATA	Keypress: t
1816.5950	DATA	Keypress:t held
1816.6789	DATA	Keypress: t
1816.8795	DATA	Keypress: t
1817.0967	DATA	Keypress: t
1817.3140	DATA	Keypress: t
1817.5146	DATA	Keypress: t
1817.5979	DATA	Keypress:t held
1817.5979	DATA	earn t
1817.7152	DATA	Keypress: t
1817.8990	DATA	Keypress: t
1819.5871	DATA	Keypress: v
1819.6536	DATA	Keypress:v held
1819.7708	DATA	Keypress: v
1819.9547	DATA	Keypress: v
1820.1385	DATA	Keypress: v
1820.3391	DATA	Keypress: v
1820.5063	DATA	Keypress: v
1820.6564	DATA	Keypress:v held
1820.7067	DATA	Keypress: v
1820.8740	DATA	Keypress: v
1821.0913	DATA	Keypress: v
1821.2918	DATA	Keypress: v
1821.4756	DATA	Keypress: v
1821.6591	DATA	Keypress:v held
1821.6592	DATA	earn v
1821.7404	DATA	Keypress: v
1821.8601	DATA	Keypress: v
1822.9298	DATA	Keypress: v
1823.1137	DATA	Keypress: v
1823.3307	DATA	Keypress: v
1823.5147	DATA	Keypress: v
1823.7149	DATA	Keypress:v held
1823.7150	DATA	earn v
1823.7152	DATA	Keypress: v
1823.8991	DATA	Keypress: v
1825.1359	DATA	Keypress: v
1825.3365	DATA	Keypress: v
1825.5202	DATA	Keypress: v
1825.7208	DATA	Keypress: v
1825.7707	DATA	Keypress:v held
1825.7707	DATA	earn v
1825.9214	DATA	Keypress: v
1827.2082	DATA	Keypress: v
1827.4422	DATA	Keypress: v
1827.6930	DATA	Keypress: v
1827.8264	DATA	Keypress:v held
1827.8264	DATA	earn v
1827.9076	DATA	Keypress: v
1828.1109	DATA	Keypress: v
1829.2307	DATA	Keypress: v
1829.5314	DATA	Keypress: v
1829.8322	DATA	Keypress: v
1829.8821	DATA	Keypress:v held
1830.0494	DATA	Keypress: v
1830.2669	DATA	Keypress: v
1830.4506	DATA	Keypress: v
1830.6512	DATA	Keypress: v
1830.8518	DATA	Keypress: v
1830.8849	DATA	Keypress:v held
1831.0522	DATA	Keypress: v
1831.2528	DATA	Keypress: v
1831.4367	DATA	Keypress: v
1831.6373	DATA	Keypress: v
1831.8379	DATA	Keypress: v
1831.8877	DATA	Keypress:v held
1832.0383	DATA	Keypress: v
1832.2223	DATA	Keypress: v
1832.4062	DATA	Keypress: v
1832.6401	DATA	Keypress: v
1832.8240	DATA	Keypress: v
1832.8905	DATA	Keypress:v held
1833.0412	DATA	Keypress: v
1833.2421	DATA	Keypress: v
1833.4590	DATA	Keypress: v
1833.6596	DATA	Keypress: v
1833.8769	DATA	Keypress: v
1833.8933	DATA	Keypress:v held
1833.8933	DATA	earn v
1834.1110	DATA	Keypress: v
1836.1333	DATA	Keypress: t
1836.1496	DATA	Keypress:t held
1836.3003	DATA	Keypress: t
1836.5008	DATA	Keypress: t
1836.6681	DATA	Keypress: t
1836.8685	DATA	Keypress: t
1837.0524	DATA	Keypress: t
1837.1524	DATA	Keypress:t held
1837.2529	DATA	Keypress: t
1837.4368	DATA	Keypress: t
1837.6373	DATA	Keypress: t
1837.8380	DATA	Keypress: t
1838.0218	DATA	Keypress: t
1838.1552	DATA	Keypress:t held
1838.2224	DATA	Keypress: t
1838.4061	DATA	Keypress: t
1838.6067	DATA	Keypress: t
1838.8240	DATA	Keypress: t
1839.0412	DATA	Keypress: t
1839.1580	DATA	Keypress:t held
1839.2419	DATA	Keypress: t
1839.4256	DATA	Keypress: t
1839.6429	DATA	Keypress: t
1839.8268	DATA	Keypress: t
1840.0273	DATA	Keypress: t
1840.1608	DATA	Keypress:t held
1840.2278	DATA	Keypress: t
1840.4451	DATA	Keypress: t
1840.6291	DATA	Keypress: t
1840.8296	DATA	Keypress: t
1841.0301	DATA	Keypress: t
1841.1635	DATA	Keypress:t held
1841.2307	DATA	Keypress: t
1841.7823	DATA	Keypress: v
1841.9995	DATA	Keypress: v
1842.1664	DATA	Keypress:v held
1842.2000	DATA	Keypress: v
1842.4174	DATA	Keypress: v
1842.6179	DATA	Keypress: v
1843.0525	DATA	Keypress: v
1843.1692	DATA	Keypress:v held
1843.2531	DATA	Keypress: v
1843.4703	DATA	Keypress: v
1843.6875	DATA	Keypress: v
1843.9048	DATA	Keypress: v
1844.1222	DATA	Keypress: v
1844.1720	DATA	Keypress:v held
1844.3394	DATA	Keypress: v
1844.7405	DATA	Keypress: v
1844.9410	DATA	Keypress: v
1845.1416	DATA	Keypress: v
1845.1748	DATA	Keypress:v held
1845.7434	DATA	Keypress: v
1846.0108	DATA	Keypress: v
1846.1776	DATA	Keypress:v held
1846.1776	DATA	earn v
1846.6626	DATA	Keypress: v
1847.4148	DATA	start rating L
1858.5674	DATA	Keypress: t
1858.7348	DATA	Keypress: t
1858.9187	DATA	Keypress: t
1859.3863	DATA	Keypress: v
1859.5703	DATA	Keypress: v
1859.7373	DATA	Keypress: v
1859.8878	DATA	Keypress: v
1860.3223	DATA	Keypress: t
1860.5061	DATA	Keypress: t
1860.8906	DATA	Keypress: v
1863.0132	DATA	Keypress: t
1869.6148	DATA	Keypress: return
1869.6151	DATA	RatingScale rateL_scale: (key response) rating=3
1869.6151	DATA	RatingScale rateL_scale: rating RT=22.200
1869.6155	DATA	3.0
1869.6155	DATA	end rating L
1869.6204	DATA	start rating R
1871.1859	DATA	Keypress: v
1873.2417	DATA	Keypress: return
1873.2419	DATA	RatingScale rateR_scale: (key response) rating=5
1873.2420	DATA	RatingScale rateR_scale: rating RT=3.622
1873.2423	DATA	5.0
1873.2432	DATA	end rating R
1876.5626	DATA	Keypress: t
1876.5790	DATA	Keypress:t held
1876.9303	DATA	Keypress: t
1877.1643	DATA	Keypress: t
1877.3648	DATA	Keypress: t
1877.5818	DATA	Keypress:t held
1877.6157	DATA	Keypress: t
1877.8830	DATA	Keypress: t
1878.1001	DATA	Keypress: t
1878.3342	DATA	Keypress: t
1878.5845	DATA	Keypress:t held
1878.5848	DATA	Keypress: t
1878.8357	DATA	Keypress: t
1879.0696	DATA	Keypress: t
1879.3036	DATA	Keypress: t
1879.5374	DATA	Keypress: t
1879.5873	DATA	Keypress:t held
1879.7548	DATA	Keypress: t
1879.9889	DATA	Keypress: t
1880.2061	DATA	Keypress: t
1880.4401	DATA	Keypress: t
1880.5902	DATA	Keypress:t held
1880.6740	DATA	Keypress: t
1880.9080	DATA	Keypress: t
1881.1589	DATA	Keypress: t
1881.4094	DATA	Keypress: t
1881.5930	DATA	Keypress:t held
1881.6601	DATA	Keypress: t
1881.8607	DATA	Keypress: t
1882.0780	DATA	Keypress: t
1882.3119	DATA	Keypress: t
1882.5292	DATA	Keypress: t
1882.5958	DATA	Keypress:t held
1882.7633	DATA	Keypress: t
1882.9641	DATA	Keypress: t
1883.1977	DATA	Keypress: t
1883.4150	DATA	Keypress: t
1883.5986	DATA	Keypress:t held
1883.6323	DATA	Keypress: t
1883.8328	DATA	Keypress: t
1884.0334	DATA	Keypress: t
1884.6014	DATA	Keypress:t held
1884.6684	DATA	Keypress: v
1884.8690	DATA	Keypress: v
1885.0529	DATA	Keypress: v
1885.2367	DATA	Keypress: v
1885.4706	DATA	Keypress: v
1885.6042	DATA	Keypress:v held
1885.6042	DATA	earn v
1887.0250	DATA	Keypress: v
1887.2256	DATA	Keypress: v
1887.4263	DATA	Keypress: v
1887.6268	DATA	Keypress: v
1887.6933	DATA	Keypress:v held
1887.8441	DATA	Keypress: v
1888.0282	DATA	Keypress: v
1888.2285	DATA	Keypress: v
1888.4290	DATA	Keypress: v
1888.6295	DATA	Keypress: v
1888.6961	DATA	Keypress:v held
1888.8133	DATA	Keypress: v
1889.0139	DATA	Keypress: v
1889.2145	DATA	Keypress: v
1889.3983	DATA	Keypress: v
1889.5822	DATA	Keypress: v
1889.6989	DATA	Keypress:v held
1890.1004	DATA	Keypress: v
1890.2340	DATA	Keypress: v
1890.3677	DATA	Keypress: v
1890.7017	DATA	Keypress:v held
1890.7017	DATA	earn v
1892.5405	DATA	Keypress: t
1892.7909	DATA	Keypress:t held
1892.8078	DATA	Keypress: t
1893.0418	DATA	Keypress: t
1893.2758	DATA	Keypress: t
1893.5099	DATA	Keypress: t
1893.7605	DATA	Keypress: t
1893.7937	DATA	Keypress:t held
1894.0113	DATA	Keypress: t
1894.2619	DATA	Keypress: t
1894.5627	DATA	Keypress: t
1894.7800	DATA	Keypress: t
1894.7965	DATA	Keypress:t held
1894.9805	DATA	Keypress: t
1895.1979	DATA	Keypress: t
1895.4152	DATA	Keypress: t
1895.6492	DATA	Keypress: t
1895.7993	DATA	Keypress:t held
1895.8832	DATA	Keypress: t
1896.1171	DATA	Keypress: t
1896.3344	DATA	Keypress: t
1896.5684	DATA	Keypress: t
1896.8021	DATA	Keypress:t held
1896.8021	DATA	earn t
1896.8023	DATA	Keypress: t
1897.0198	DATA	Keypress: t
1897.8956	DATA	Keypress: v
1898.1562	DATA	Keypress: v
1898.3735	DATA	Keypress: v
1898.6408	DATA	Keypress: v
1898.9079	DATA	Keypress:v held
1898.9079	DATA	earn v
1898.9082	DATA	Keypress: v
1899.1925	DATA	Keypress: v
1900.1785	DATA	Keypress: v
1900.4123	DATA	Keypress: v
1900.6464	DATA	Keypress: v
1900.8971	DATA	Keypress: v
1901.0138	DATA	Keypress:v held
1901.0138	DATA	earn v
1901.1646	DATA	Keypress: v
1901.9835	DATA	Keypress: v
1902.2342	DATA	Keypress: v
1902.4514	DATA	Keypress: v
1902.7021	DATA	Keypress: v
1902.9362	DATA	Keypress: v
1903.1197	DATA	Keypress:v held
1903.1198	DATA	earn v
1903.2007	DATA	Keypress: v
1903.3373	DATA	Keypress: v
1904.3568	DATA	Keypress: v
1904.5907	DATA	Keypress: v
1904.8247	DATA	Keypress: v
1905.0420	DATA	Keypress: v
1905.2255	DATA	Keypress:v held
1905.2927	DATA	Keypress: v
1905.4765	DATA	Keypress: v
1905.6771	DATA	Keypress: v
1905.8944	DATA	Keypress: v
1906.0948	DATA	Keypress: v
1906.2283	DATA	Keypress:v held
1906.3121	DATA	Keypress: v
1906.5128	DATA	Keypress: v
1906.9138	DATA	Keypress: v
1907.1144	DATA	Keypress: v
1907.2311	DATA	Keypress:v held
1907.3316	DATA	Keypress: v
1907.5322	DATA	Keypress: v
1907.7664	DATA	Keypress: v
1908.0002	DATA	Keypress: v
1908.2174	DATA	Keypress: v
1908.2339	DATA	Keypress:v held
1908.4515	DATA	Keypress: v
1908.6687	DATA	Keypress: v
1908.9027	DATA	Keypress: v
1909.1368	DATA	Keypress: v
1909.2367	DATA	Keypress:v held
1909.3539	DATA	Keypress: v
1909.6048	DATA	Keypress: v
1909.8220	DATA	Keypress: v
1910.0727	DATA	Keypress: v
1910.2396	DATA	Keypress:v held
1910.2396	DATA	earn v
1910.3402	DATA	Keypress: v
1911.3478	DATA	Keypress: t
1911.5266	DATA	Keypress: t
1911.7774	DATA	Keypress: t
1912.0281	DATA	Keypress: t
1912.2453	DATA	Keypress: t
1912.3621	DATA	Keypress:t held
1912.4962	DATA	Keypress: t
1912.7302	DATA	Keypress: t
1912.9641	DATA	Keypress: t
1913.1980	DATA	Keypress: t
1913.3649	DATA	Keypress:t held
1913.4153	DATA	Keypress: t
1913.6492	DATA	Keypress: t
1913.8667	DATA	Keypress: t
1914.1005	DATA	Keypress: t
1914.3345	DATA	Keypress: t
1914.3677	DATA	Keypress:t held
1914.6019	DATA	Keypress: t
1914.8359	DATA	Keypress: t
1915.0867	DATA	Keypress: t
1915.3541	DATA	Keypress: t
1915.3705	DATA	Keypress:t held
1915.6549	DATA	Keypress: t
1915.9892	DATA	Keypress: t
1916.2732	DATA	Keypress: t
1916.3733	DATA	Keypress:t held
1916.5909	DATA	Keypress: t
1916.8583	DATA	Keypress: t
1917.1423	DATA	Keypress: t
1917.3761	DATA	Keypress:t held
1917.4767	DATA	Keypress: t
1917.7775	DATA	Keypress: t
1918.0615	DATA	Keypress: t
1918.3290	DATA	Keypress: t
1918.3789	DATA	Keypress:t held
1918.5797	DATA	Keypress: t
1918.8304	DATA	Keypress: t
1919.1312	DATA	Keypress: t
1919.3817	DATA	Keypress:t held
1919.3986	DATA	Keypress: t
1919.6494	DATA	Keypress: t
1919.9169	DATA	Keypress: t
1920.3845	DATA	Keypress:t held
1920.4349	DATA	Keypress: v
1920.7023	DATA	Keypress: v
1920.9364	DATA	Keypress: v
1921.1870	DATA	Keypress: v
1921.3872	DATA	Keypress:v held
1921.4214	DATA	Keypress: v
1921.6884	DATA	Keypress: v
1921.9056	DATA	Keypress: v
1922.1063	DATA	Keypress: v
1922.3234	DATA	Keypress: v
1922.3900	DATA	Keypress:v held
1922.3901	DATA	earn v
1922.5577	DATA	Keypress: v
1922.9420	DATA	Keypress: v
1923.2093	DATA	Keypress: v
1923.5022	DATA	Keypress: v
1923.6272	DATA	Keypress: v
1923.8444	DATA	Keypress: v
1924.0283	DATA	Keypress: v
1924.1954	DATA	Keypress: v
1924.3626	DATA	Keypress: v
1924.5126	DATA	Keypress:v held
1924.5296	DATA	Keypress: v
1924.7303	DATA	Keypress: v
1924.9308	DATA	Keypress: v
1925.1481	DATA	Keypress: v
1925.3656	DATA	Keypress: v
1925.5154	DATA	Keypress:v held
1925.5992	DATA	Keypress: v
1925.7999	DATA	Keypress: v
1926.0005	DATA	Keypress: v
1926.1844	DATA	Keypress: v
1926.4016	DATA	Keypress: v
1926.5182	DATA	Keypress:v held
1926.5853	DATA	Keypress: v
1926.7859	DATA	Keypress: v
1926.9697	DATA	Keypress: v
1927.1704	DATA	Keypress: v
1927.4044	DATA	Keypress: v
1927.5210	DATA	Keypress:v held
1927.6216	DATA	Keypress: v
1927.8222	DATA	Keypress: v
1928.0226	DATA	Keypress: v
1928.2400	DATA	Keypress: v
1928.4405	DATA	Keypress: v
1928.5238	DATA	Keypress:v held
1928.6244	DATA	Keypress: v
1928.8249	DATA	Keypress: v
1929.0423	DATA	Keypress: v
1929.5266	DATA	Keypress:v held
1929.5266	DATA	earn v
1930.2791	DATA	Keypress: v
1930.6429	DATA	Keypress: v
1930.8139	DATA	Keypress: v
1931.0479	DATA	Keypress: v
1931.2650	DATA	Keypress: v
1931.4990	DATA	Keypress: v
1931.6492	DATA	Keypress:v held
1931.7163	DATA	Keypress: v
1931.9504	DATA	Keypress: v
1932.1843	DATA	Keypress: v
1932.4349	DATA	Keypress: v
1932.6520	DATA	Keypress:v held
1932.6689	DATA	Keypress: v
1932.9198	DATA	Keypress: v
1933.1537	DATA	Keypress: v
1933.5120	DATA	start rating L
1938.2229	DATA	Keypress: t
1938.6072	DATA	Keypress: t
1941.2150	DATA	Keypress: return
1941.2152	DATA	RatingScale rateL_scale: (key response) rating=2
1941.2153	DATA	RatingScale rateL_scale: rating RT=7.703
1941.2156	DATA	2.0
1941.2156	DATA	end rating L
1941.2205	DATA	start rating R
1941.9508	DATA	Keypress: v
1943.0698	DATA	Keypress: v
1944.5739	DATA	Keypress: return
1944.5741	DATA	RatingScale rateR_scale: (key response) rating=6
1944.5742	DATA	RatingScale rateR_scale: rating RT=3.354
1944.5745	DATA	6.0
1944.5752	DATA	end rating R
1947.0759	DATA	Keypress: t
1947.0923	DATA	Keypress:t held
1947.4102	DATA	Keypress: t
1947.6943	DATA	Keypress: t
1948.0118	DATA	Keypress: t
1948.0951	DATA	Keypress:t held
1948.3126	DATA	Keypress: t
1948.6301	DATA	Keypress: t
1948.9812	DATA	Keypress: t
1949.0978	DATA	Keypress:t held
1949.3154	DATA	Keypress: t
1949.6497	DATA	Keypress: t
1949.9840	DATA	Keypress: t
1950.1006	DATA	Keypress:t held
1950.3182	DATA	Keypress: t
1950.7027	DATA	Keypress: t
1951.0536	DATA	Keypress: t
1951.1034	DATA	Keypress:t held
1951.4214	DATA	Keypress: t
1951.7723	DATA	Keypress: t
1952.1063	DATA	Keypress:t held
1952.1567	DATA	Keypress: t
1952.5244	DATA	Keypress: t
1952.9088	DATA	Keypress: t
1953.1091	DATA	Keypress:t held
1953.1091	DATA	earn t
1953.2599	DATA	Keypress: t
1954.6470	DATA	Keypress: v
1954.9143	DATA	Keypress: v
1955.1651	DATA	Keypress: v
1955.2483	DATA	Keypress:v held
1955.4492	DATA	Keypress: v
1955.7334	DATA	Keypress: v
1956.0174	DATA	Keypress: v
1956.2512	DATA	Keypress:v held
1956.3182	DATA	Keypress: v
1956.5523	DATA	Keypress: v
1956.8531	DATA	Keypress: v
1957.1373	DATA	Keypress: v
1957.2540	DATA	Keypress:v held
1957.4547	DATA	Keypress: v
1957.7222	DATA	Keypress: v
1958.0565	DATA	Keypress: v
1958.2567	DATA	Keypress:v held
1958.3574	DATA	Keypress: v
1958.6414	DATA	Keypress: v
1958.9591	DATA	Keypress: v
1959.2596	DATA	Keypress:v held
1959.2599	DATA	Keypress: v
1959.5774	DATA	Keypress: v
1959.8949	DATA	Keypress: v
1960.2291	DATA	Keypress: v
1960.2624	DATA	Keypress:v held
1960.2624	DATA	earn v
1961.7000	DATA	Keypress: t
1961.9507	DATA	Keypress: t
1962.2180	DATA	Keypress: t
1962.4183	DATA	Keypress:t held
1962.5189	DATA	Keypress: t
1962.7863	DATA	Keypress: t
1963.0537	DATA	Keypress: t
1963.3379	DATA	Keypress: t
1963.4211	DATA	Keypress:t held
1963.5719	DATA	Keypress: t
1963.8728	DATA	Keypress: t
1964.1736	DATA	Keypress: t
1964.4239	DATA	Keypress:t held
1964.4410	DATA	Keypress: t
1964.7083	DATA	Keypress: t
1964.9924	DATA	Keypress: t
1965.2933	DATA	Keypress: t
1965.4268	DATA	Keypress:t held
1965.5440	DATA	Keypress: t
1965.8448	DATA	Keypress: t
1966.1792	DATA	Keypress: t
1966.4295	DATA	Keypress:t held
1966.4633	DATA	Keypress: t
1966.7642	DATA	Keypress: t
1967.0650	DATA	Keypress: t
1967.3992	DATA	Keypress: t
1967.4324	DATA	Keypress:t held
1967.7168	DATA	Keypress: t
1968.0344	DATA	Keypress: t
1968.3519	DATA	Keypress: t
1968.4351	DATA	Keypress:t held
1968.6861	DATA	Keypress: t
1968.9869	DATA	Keypress: t
1969.3212	DATA	Keypress: t
1969.4380	DATA	Keypress:t held
1969.6555	DATA	Keypress: t
1969.9898	DATA	Keypress: t
1970.3242	DATA	Keypress: t
1970.4407	DATA	Keypress:t held
1970.6248	DATA	Keypress: t
1970.9591	DATA	Keypress: t
1971.2933	DATA	Keypress: t
1971.4435	DATA	Keypress:t held
1971.6443	DATA	Keypress: t
1972.0122	DATA	Keypress: t
1972.3797	DATA	Keypress: t
1972.4463	DATA	Keypress:t held
1972.7307	DATA	Keypress: t
1973.0482	DATA	Keypress: t
1973.3659	DATA	Keypress: t
1973.4491	DATA	Keypress:t held
1973.6667	DATA	Keypress: t
1974.4519	DATA	Keypress:t held
1974.5692	DATA	Keypress: v
1974.8365	DATA	Keypress: v
1975.0875	DATA	Keypress: v
1975.3714	DATA	Keypress: v
1975.4547	DATA	Keypress:v held
1975.6556	DATA	Keypress: v
1975.9230	DATA	Keypress: v
1976.2238	DATA	Keypress: v
1976.4575	DATA	Keypress:v held
1976.4912	DATA	Keypress: v
1976.8255	DATA	Keypress: v
1977.0929	DATA	Keypress: v
1977.3435	DATA	Keypress: v
1977.4603	DATA	Keypress:v held
1977.6109	DATA	Keypress: v
1977.8784	DATA	Keypress: v
1978.1792	DATA	Keypress: v
1978.4631	DATA	Keypress:v held
1978.4636	DATA	Keypress: v
1978.7308	DATA	Keypress: v
1979.0317	DATA	Keypress: v
1979.3324	DATA	Keypress: v
1979.4659	DATA	Keypress:v held
1979.4659	DATA	earn v
1979.6333	DATA	Keypress: v
1981.0707	DATA	Keypress: v
1981.2880	DATA	Keypress: v
1981.5385	DATA	Keypress: v
1981.6219	DATA	Keypress:v held
1981.6219	DATA	earn v
1981.7893	DATA	Keypress: v
1983.1098	DATA	Keypress: v
1983.3437	DATA	Keypress: v
1983.5943	DATA	Keypress: v
1983.7779	DATA	Keypress:v held
1983.7779	DATA	earn v
1983.8593	DATA	Keypress: v
1985.1989	DATA	Keypress: v
1985.4329	DATA	Keypress: v
1985.6834	DATA	Keypress: v
1985.9339	DATA	Keypress:v held
1985.9341	DATA	Keypress: v
1986.1681	DATA	Keypress: v
1986.4356	DATA	Keypress: v
1986.6863	DATA	Keypress: v
1986.9203	DATA	Keypress: v
1986.9368	DATA	Keypress:v held
1986.9368	DATA	earn v
1987.1879	DATA	Keypress: v
1988.3912	DATA	Keypress: t
1988.6083	DATA	Keypress: t
1988.8256	DATA	Keypress: t
1989.0429	DATA	Keypress: t
1989.0928	DATA	Keypress:t held
1989.2268	DATA	Keypress: t
1989.4440	DATA	Keypress: t
1989.6780	DATA	Keypress: t
1989.8952	DATA	Keypress: t
1990.0955	DATA	Keypress:t held
1990.0955	DATA	earn t
1990.1632	DATA	Keypress: t
1990.3632	DATA	Keypress: t
1991.5499	DATA	Keypress: t
1991.7671	DATA	Keypress: t
1991.9843	DATA	Keypress: t
1992.2017	DATA	Keypress: t
1992.2682	DATA	Keypress:t held
1992.4356	DATA	Keypress: t
1992.6529	DATA	Keypress: t
1992.8536	DATA	Keypress: t
1993.0708	DATA	Keypress: t
1993.2711	DATA	Keypress:t held
1993.2880	DATA	Keypress: t
1993.5052	DATA	Keypress: t
1993.7058	DATA	Keypress: t
1993.9231	DATA	Keypress: t
1994.1405	DATA	Keypress: t
1994.2739	DATA	Keypress:t held
1994.3911	DATA	Keypress: t
1994.6084	DATA	Keypress: t
1994.8591	DATA	Keypress: t
1995.0763	DATA	Keypress: t
1995.2767	DATA	Keypress:t held
1995.3438	DATA	Keypress: t
1995.5778	DATA	Keypress: t
1995.8284	DATA	Keypress: t
1996.0958	DATA	Keypress: t
1996.2795	DATA	Keypress:t held
1996.3298	DATA	Keypress: t
1996.5806	DATA	Keypress: t
1996.8145	DATA	Keypress: t
1997.0485	DATA	Keypress: t
1997.2823	DATA	Keypress:t held
1997.2823	DATA	earn t
1997.3501	DATA	Keypress: t
1997.5332	DATA	Keypress: t
1998.4744	DATA	Keypress: v
1998.7198	DATA	Keypress: v
1998.9372	DATA	Keypress: v
1999.1711	DATA	Keypress: v
1999.4051	DATA	Keypress: v
1999.4884	DATA	Keypress:v held
1999.6390	DATA	Keypress: v
1999.8563	DATA	Keypress: v
2000.0737	DATA	Keypress: v
2000.2909	DATA	Keypress: v
2000.4912	DATA	Keypress:v held
2000.5249	DATA	Keypress: v
2000.7589	DATA	Keypress: v
2000.9766	DATA	Keypress: v
2001.2102	DATA	Keypress: v
2001.4441	DATA	Keypress: v
2001.4940	DATA	Keypress:v held
2001.6780	DATA	Keypress: v
2001.9120	DATA	Keypress: v
2002.1461	DATA	Keypress: v
2002.3467	DATA	Keypress: v
2002.4968	DATA	Keypress:v held
2002.5973	DATA	Keypress: v
2002.8147	DATA	Keypress: v
2003.0151	DATA	Keypress: v
2003.2325	DATA	Keypress: v
2003.4665	DATA	Keypress: v
2003.4996	DATA	Keypress:v held
2003.9512	DATA	Keypress: v
2004.1015	DATA	Keypress: v
2004.2686	DATA	Keypress: v
2004.5024	DATA	Keypress:v held
2004.5024	DATA	earn v
2004.6197	DATA	Keypress: v
2005.9521	DATA	start rating L
2006.1459	DATA	Keypress: t
2007.6999	DATA	Keypress: t
2012.5300	DATA	Keypress: t
2014.1348	DATA	Keypress: return
2014.1350	DATA	RatingScale rateL_scale: (key response) rating=1
2014.1351	DATA	RatingScale rateL_scale: rating RT=8.183
2014.1354	DATA	1.0
2014.1354	DATA	end rating L
2014.1404	DATA	start rating R
2015.3883	DATA	Keypress: v
2015.6733	DATA	Keypress: v
2019.4662	DATA	Keypress: return
2019.4664	DATA	RatingScale rateR_scale: (key response) rating=6
2019.4665	DATA	RatingScale rateR_scale: rating RT=5.326
2019.4668	DATA	6.0
2019.4674	DATA	end rating R
2020.9318	DATA	Keypress: v
2020.9483	DATA	Keypress:v held
2021.2161	DATA	Keypress: v
2021.4835	DATA	Keypress: v
2021.7508	DATA	Keypress: v
2021.9511	DATA	Keypress:v held
2022.0015	DATA	Keypress: v
2022.2688	DATA	Keypress: v
2022.5195	DATA	Keypress: v
2022.8038	DATA	Keypress: v
2022.9539	DATA	Keypress:v held
2023.0711	DATA	Keypress: v
2023.3386	DATA	Keypress: v
2023.6226	DATA	Keypress: v
2023.8900	DATA	Keypress: v
2023.9567	DATA	Keypress:v held
2024.1908	DATA	Keypress: v
2024.4751	DATA	Keypress: v
2024.7927	DATA	Keypress: v
2024.9595	DATA	Keypress:v held
2024.9595	DATA	earn v
2025.1102	DATA	Keypress: v
2026.4305	DATA	Keypress: t
2026.6816	DATA	Keypress: t
2026.9319	DATA	Keypress: t
2027.1489	DATA	Keypress:t held
2027.1826	DATA	Keypress: t
2027.4165	DATA	Keypress: t
2027.6338	DATA	Keypress: t
2027.8679	DATA	Keypress: t
2028.1185	DATA	Keypress: t
2028.1517	DATA	Keypress:t held
2028.3526	DATA	Keypress: t
2028.6032	DATA	Keypress: t
2028.8371	DATA	Keypress: t
2029.0711	DATA	Keypress: t
2029.1545	DATA	Keypress:t held
2029.3385	DATA	Keypress: t
2029.5892	DATA	Keypress: t
2029.8566	DATA	Keypress: t
2030.0906	DATA	Keypress: t
2030.1573	DATA	Keypress:t held
2030.3580	DATA	Keypress: t
2030.6255	DATA	Keypress: t
2030.8763	DATA	Keypress: t
2031.1601	DATA	Keypress:t held
2031.1603	DATA	Keypress: t
2031.4444	DATA	Keypress: t
2031.7286	DATA	Keypress: t
2031.9626	DATA	Keypress: t
2032.1628	DATA	Keypress:t held
2032.1629	DATA	earn t
2032.2339	DATA	Keypress: t
2032.4974	DATA	Keypress: t
2034.0018	DATA	Keypress: v
2034.2690	DATA	Keypress: v
2034.3690	DATA	Keypress:v held
2034.5197	DATA	Keypress: v
2034.7872	DATA	Keypress: v
2035.0712	DATA	Keypress: v
2035.3220	DATA	Keypress: v
2035.3717	DATA	Keypress:v held
2035.6059	DATA	Keypress: v
2035.8735	DATA	Keypress: v
2036.1408	DATA	Keypress: v
2036.3746	DATA	Keypress:v held
2036.3916	DATA	Keypress: v
2036.6590	DATA	Keypress: v
2036.9265	DATA	Keypress: v
2037.2106	DATA	Keypress: v
2037.3774	DATA	Keypress:v held
2037.5113	DATA	Keypress: v
2037.7788	DATA	Keypress: v
2038.0630	DATA	Keypress: v
2038.3470	DATA	Keypress: v
2038.3802	DATA	Keypress:v held
2038.6478	DATA	Keypress: v
2038.9321	DATA	Keypress: v
2039.2329	DATA	Keypress: v
2039.3830	DATA	Keypress:v held
2039.5170	DATA	Keypress: v
2039.8178	DATA	Keypress: v
2040.1187	DATA	Keypress: v
2040.3858	DATA	Keypress:v held
2040.4028	DATA	Keypress: v
2040.6870	DATA	Keypress: v
2040.9544	DATA	Keypress: v
2041.2218	DATA	Keypress: v
2041.3886	DATA	Keypress:v held
2041.4724	DATA	Keypress: v
2041.7230	DATA	Keypress: v
2041.9404	DATA	Keypress: v
2042.1409	DATA	Keypress: v
2042.3583	DATA	Keypress: v
2042.3914	DATA	Keypress:v held
2042.3914	DATA	earn v
2042.5756	DATA	Keypress: v
2043.6170	DATA	Keypress: t
2043.9794	DATA	Keypress: t
2044.1298	DATA	Keypress: t
2044.3136	DATA	Keypress: t
2044.4975	DATA	Keypress: t
2044.6309	DATA	Keypress:t held
2044.6647	DATA	Keypress: t
2044.8319	DATA	Keypress: t
2044.9989	DATA	Keypress: t
2045.1661	DATA	Keypress: t
2045.3332	DATA	Keypress: t
2045.5003	DATA	Keypress: t
2045.6337	DATA	Keypress:t held
2045.6337	DATA	earn t
2045.7048	DATA	Keypress: t
2045.8681	DATA	Keypress: t
2046.4698	DATA	Keypress: v
2046.6034	DATA	Keypress: v
2046.8353	DATA	Keypress: v
2046.9878	DATA	Keypress: v
2047.1550	DATA	Keypress: v
2047.3389	DATA	Keypress: v
2047.5226	DATA	Keypress: v
2047.7232	DATA	Keypress: v
2047.8399	DATA	Keypress:v held
2047.9237	DATA	Keypress: v
2048.0909	DATA	Keypress: v
2048.2747	DATA	Keypress: v
2048.4585	DATA	Keypress: v
2048.6423	DATA	Keypress: v
2048.8264	DATA	Keypress: v
2048.8427	DATA	Keypress:v held
2049.0102	DATA	Keypress: v
2049.1940	DATA	Keypress: v
2049.3945	DATA	Keypress: v
2049.5784	DATA	Keypress: v
2049.7623	DATA	Keypress: v
2049.8455	DATA	Keypress:v held
2049.9462	DATA	Keypress: v
2050.1299	DATA	Keypress: v
2050.3305	DATA	Keypress: v
2050.5143	DATA	Keypress: v
2050.6980	DATA	Keypress: v
2050.8483	DATA	Keypress:v held
2050.8653	DATA	Keypress: v
2051.0491	DATA	Keypress: v
2051.2329	DATA	Keypress: v
2051.4336	DATA	Keypress: v
2051.6173	DATA	Keypress: v
2051.8012	DATA	Keypress: v
2051.8511	DATA	Keypress:v held
2051.9852	DATA	Keypress: v
2052.1522	DATA	Keypress: v
2052.3360	DATA	Keypress: v
2052.5198	DATA	Keypress: v
2052.7038	DATA	Keypress: v
2052.8539	DATA	Keypress:v held
2052.8876	DATA	Keypress: v
2053.0882	DATA	Keypress: v
2053.2721	DATA	Keypress: v
2053.4725	DATA	Keypress: v
2053.6730	DATA	Keypress: v
2053.8567	DATA	Keypress:v held
2053.8567	DATA	earn v
2053.8569	DATA	Keypress: v
2054.0577	DATA	Keypress: v
2055.4281	DATA	Keypress: t
2055.5952	DATA	Keypress: t
2055.7957	DATA	Keypress: t
2055.9796	DATA	Keypress: t
2056.0629	DATA	Keypress:t held
2056.1801	DATA	Keypress: t
2056.3639	DATA	Keypress: t
2056.5477	DATA	Keypress: t
2056.7318	DATA	Keypress: t
2056.9321	DATA	Keypress: t
2057.0657	DATA	Keypress:t held
2057.1161	DATA	Keypress: t
2057.3166	DATA	Keypress: t
2057.5004	DATA	Keypress: t
2057.6844	DATA	Keypress: t
2057.8848	DATA	Keypress: t
2058.0684	DATA	Keypress:t held
2058.0685	DATA	earn t
2058.9212	DATA	Keypress: v
2059.2784	DATA	Keypress: v
2059.4057	DATA	Keypress: v
2059.6397	DATA	Keypress: v
2059.8571	DATA	Keypress: v
2060.0744	DATA	Keypress: v
2060.2913	DATA	Keypress:v held
2060.3083	DATA	Keypress: v
2060.5255	DATA	Keypress: v
2060.7596	DATA	Keypress: v
2060.9936	DATA	Keypress: v
2061.2109	DATA	Keypress: v
2061.2941	DATA	Keypress:v held
2061.4448	DATA	Keypress: v
2061.6454	DATA	Keypress: v
2061.8627	DATA	Keypress: v
2062.0966	DATA	Keypress: v
2062.2969	DATA	Keypress:v held
2062.3139	DATA	Keypress: v
2062.5311	DATA	Keypress: v
2062.7651	DATA	Keypress: v
2062.9992	DATA	Keypress: v
2063.2164	DATA	Keypress: v
2063.2996	DATA	Keypress:v held
2063.2997	DATA	earn v
2063.4336	DATA	Keypress: v
2063.6677	DATA	Keypress: v
2064.2193	DATA	Keypress: t
2064.5134	DATA	Keypress: t
2064.6537	DATA	Keypress: t
2064.8877	DATA	Keypress: t
2065.1217	DATA	Keypress: t
2065.3556	DATA	Keypress: t
2065.5226	DATA	Keypress:t held
2065.5729	DATA	Keypress: t
2065.7903	DATA	Keypress: t
2066.0242	DATA	Keypress: t
2066.2416	DATA	Keypress: t
2066.4589	DATA	Keypress: t
2066.5254	DATA	Keypress:t held
2066.6927	DATA	Keypress: t
2066.9101	DATA	Keypress: t
2067.1273	DATA	Keypress: t
2067.3446	DATA	Keypress: t
2067.5282	DATA	Keypress:t held
2067.5619	DATA	Keypress: t
2067.7791	DATA	Keypress: t
2067.9798	DATA	Keypress: t
2068.2137	DATA	Keypress: t
2068.4309	DATA	Keypress: t
2068.5309	DATA	Keypress:t held
2068.6816	DATA	Keypress: t
2068.8822	DATA	Keypress: t
2069.0831	DATA	Keypress: t
2069.3000	DATA	Keypress: t
2069.5337	DATA	Keypress:t held
2069.5341	DATA	Keypress: t
2069.7512	DATA	Keypress: t
2069.9852	DATA	Keypress: t
2070.2025	DATA	Keypress: t
2070.4698	DATA	Keypress: t
2070.5365	DATA	Keypress:t held
2070.6370	DATA	Keypress: t
2070.7875	DATA	Keypress: t
2070.9547	DATA	Keypress: t
2071.1050	DATA	Keypress: t
2071.2555	DATA	Keypress: t
2071.4225	DATA	Keypress: t
2071.5393	DATA	Keypress:t held
2071.5897	DATA	Keypress: t
2071.7569	DATA	Keypress: t
2071.9240	DATA	Keypress: t
2072.0912	DATA	Keypress: t
2072.2582	DATA	Keypress: t
2072.4253	DATA	Keypress: t
2072.5421	DATA	Keypress:t held
2072.5925	DATA	Keypress: t
2072.7764	DATA	Keypress: t
2072.9603	DATA	Keypress: t
2073.1106	DATA	Keypress: t
2073.2778	DATA	Keypress: t
2073.4448	DATA	Keypress: t
2073.5449	DATA	Keypress:t held
2073.6120	DATA	Keypress: t
2073.7791	DATA	Keypress: t
2073.9464	DATA	Keypress: t
2074.1134	DATA	Keypress: t
2074.2805	DATA	Keypress: t
2074.4477	DATA	Keypress: t
2074.5477	DATA	Keypress:t held
2074.5982	DATA	Keypress: t
2074.7988	DATA	Keypress: t
2074.9826	DATA	Keypress: t
2075.1496	DATA	Keypress: t
2075.3335	DATA	Keypress: t
2075.4840	DATA	Keypress: t
2075.5505	DATA	Keypress:t held
2075.5505	DATA	earn t
2075.6678	DATA	Keypress: t
2075.8517	DATA	Keypress: t
2076.3865	DATA	Keypress: v
2076.7685	DATA	Keypress: v
2076.7689	DATA	Keypress: v
2076.9045	DATA	Keypress: v
2077.1052	DATA	Keypress: v
2077.3057	DATA	Keypress: v
2077.5062	DATA	Keypress: v
2077.6734	DATA	Keypress: v
2077.7734	DATA	Keypress:v held
2077.8405	DATA	Keypress: v
2078.0244	DATA	Keypress: v
2078.2083	DATA	Keypress: v
2078.3586	DATA	Keypress: v
2078.5424	DATA	Keypress: v
2078.7096	DATA	Keypress: v
2078.7762	DATA	Keypress:v held
2078.8768	DATA	Keypress: v
2079.0607	DATA	Keypress: v
2079.2445	DATA	Keypress: v
2079.4283	DATA	Keypress: v
2079.8430	DATA	start rating L
2079.8487	DATA	Keypress: v
2079.8491	DATA	Keypress: v
2080.0016	DATA	Keypress: v
2082.2746	DATA	Keypress: t
2083.7621	DATA	Keypress: t
2086.2357	DATA	Keypress: return
2086.2359	DATA	RatingScale rateL_scale: (key response) rating=5
2086.2360	DATA	RatingScale rateL_scale: rating RT=6.393
2086.2363	DATA	5.0
2086.2363	DATA	end rating L
2086.2415	DATA	start rating R
2087.4393	DATA	Keypress: t
2094.2748	DATA	Keypress: return
2094.2751	DATA	RatingScale rateR_scale: (key response) rating=3
2094.2751	DATA	RatingScale rateR_scale: rating RT=8.034
2094.2754	DATA	3.0
2094.2761	DATA	end rating R
2096.0414	DATA	Keypress: t
2096.0577	DATA	Keypress:t held
2096.2919	DATA	Keypress: t
2096.5427	DATA	Keypress: t
2096.7934	DATA	Keypress: t
2097.0441	DATA	Keypress: t
2097.0605	DATA	Keypress:t held
2097.2780	DATA	Keypress: t
2097.5453	DATA	Keypress: t
2097.7962	DATA	Keypress: t
2098.0468	DATA	Keypress: t
2098.0633	DATA	Keypress:t held
2098.3143	DATA	Keypress: t
2098.5817	DATA	Keypress: t
2098.8324	DATA	Keypress: t
2099.0661	DATA	Keypress:t held
2099.0661	DATA	earn t
2099.1344	DATA	Keypress: t
2100.7884	DATA	Keypress: v
2101.0553	DATA	Keypress: v
2101.3060	DATA	Keypress: v
2101.3224	DATA	Keypress:v held
2101.5901	DATA	Keypress: v
2101.8909	DATA	Keypress: v
2102.1583	DATA	Keypress: v
2102.3252	DATA	Keypress:v held
2102.4759	DATA	Keypress: v
2102.7434	DATA	Keypress: v
2103.0444	DATA	Keypress: v
2103.3280	DATA	Keypress:v held
2103.3449	DATA	Keypress: v
2103.6290	DATA	Keypress: v
2103.9133	DATA	Keypress: v
2104.2140	DATA	Keypress: v
2104.3308	DATA	Keypress:v held
2104.5149	DATA	Keypress: v
2104.7991	DATA	Keypress: v
2105.1334	DATA	Keypress: v
2105.3336	DATA	Keypress:v held
2105.3336	DATA	earn v
2105.4342	DATA	Keypress: v
2106.5756	DATA	Keypress: t
2106.8047	DATA	Keypress: t
2107.0553	DATA	Keypress: t
2107.2894	DATA	Keypress: t
2107.5233	DATA	Keypress: t
2107.5899	DATA	Keypress:t held
2107.7238	DATA	Keypress: t
2107.9579	DATA	Keypress: t
2108.1752	DATA	Keypress: t
2108.4090	DATA	Keypress: t
2108.5927	DATA	Keypress:t held
2108.6431	DATA	Keypress: t
2108.8605	DATA	Keypress: t
2109.0610	DATA	Keypress: t
2109.2615	DATA	Keypress: t
2109.5121	DATA	Keypress: t
2109.5955	DATA	Keypress:t held
2109.7296	DATA	Keypress: t
2109.9635	DATA	Keypress: t
2110.1807	DATA	Keypress: t
2110.4147	DATA	Keypress: t
2110.5983	DATA	Keypress:t held
2110.6319	DATA	Keypress: t
2110.8492	DATA	Keypress: t
2111.0667	DATA	Keypress: t
2111.3005	DATA	Keypress: t
2111.5011	DATA	Keypress: t
2111.6011	DATA	Keypress:t held
2111.7184	DATA	Keypress: t
2111.9524	DATA	Keypress: t
2112.1863	DATA	Keypress: t
2112.4035	DATA	Keypress: t
2112.6038	DATA	Keypress:t held
2112.6209	DATA	Keypress: t
2112.8381	DATA	Keypress: t
2113.0554	DATA	Keypress: t
2113.2726	DATA	Keypress: t
2113.5067	DATA	Keypress: t
2113.6066	DATA	Keypress:t held
2113.7407	DATA	Keypress: t
2113.9745	DATA	Keypress: t
2114.1919	DATA	Keypress: t
2114.4258	DATA	Keypress: t
2114.6094	DATA	Keypress:t held
2114.6432	DATA	Keypress: t
2114.8773	DATA	Keypress: t
2115.0943	DATA	Keypress: t
2115.3284	DATA	Keypress: t
2115.5456	DATA	Keypress: t
2115.6122	DATA	Keypress:t held
2115.6122	DATA	earn t
2115.7630	DATA	Keypress: t
2115.9808	DATA	Keypress: t
2116.5490	DATA	Keypress: v
2117.0332	DATA	Keypress: v
2117.2839	DATA	Keypress: v
2117.4678	DATA	Keypress: v
2117.6181	DATA	Keypress: v
2117.8021	DATA	Keypress: v
2117.8686	DATA	Keypress:v held
2117.8686	DATA	earn v
2117.9691	DATA	Keypress: v
2118.1698	DATA	Keypress: v
2118.7881	DATA	Keypress: t
2119.1194	DATA	Keypress: t
2119.1197	DATA	Keypress: t
2119.2895	DATA	Keypress: t
2119.4900	DATA	Keypress: t
2119.7073	DATA	Keypress: t
2119.8912	DATA	Keypress: t
2120.0917	DATA	Keypress: t
2120.1247	DATA	Keypress:t held
2120.2755	DATA	Keypress: t
2120.4928	DATA	Keypress: t
2120.6599	DATA	Keypress: t
2120.8604	DATA	Keypress: t
2121.0611	DATA	Keypress: t
2121.1276	DATA	Keypress:t held
2121.2448	DATA	Keypress: t
2121.4291	DATA	Keypress: t
2121.6130	DATA	Keypress: t
2121.8130	DATA	Keypress: t
2121.9971	DATA	Keypress: t
2122.1304	DATA	Keypress:t held
2122.1974	DATA	Keypress: t
2122.3813	DATA	Keypress: t
2122.5820	DATA	Keypress: t
2122.7826	DATA	Keypress: t
2122.9831	DATA	Keypress: t
2123.1332	DATA	Keypress:t held
2123.1333	DATA	earn t
2123.2013	DATA	Keypress: t
2123.3843	DATA	Keypress: t
2124.0696	DATA	Keypress: v
2124.4183	DATA	Keypress: v
2124.4704	DATA	Keypress: v
2124.6711	DATA	Keypress: v
2124.8717	DATA	Keypress: v
2125.0889	DATA	Keypress: v
2125.2895	DATA	Keypress: v
2125.4230	DATA	Keypress:v held
2125.4901	DATA	Keypress: v
2125.7073	DATA	Keypress: v
2125.8744	DATA	Keypress: v
2126.0918	DATA	Keypress: v
2126.2924	DATA	Keypress: v
2126.4257	DATA	Keypress:v held
2126.4762	DATA	Keypress: v
2126.6935	DATA	Keypress: v
2126.8773	DATA	Keypress: v
2127.0779	DATA	Keypress: v
2127.2784	DATA	Keypress: v
2127.4285	DATA	Keypress:v held
2127.6461	DATA	Keypress: v
2127.8467	DATA	Keypress: v
2128.0473	DATA	Keypress: v
2128.2311	DATA	Keypress: v
2128.4149	DATA	Keypress: v
2128.4313	DATA	Keypress:v held
2128.5988	DATA	Keypress: v
2128.7994	DATA	Keypress: v
2128.9998	DATA	Keypress: v
2129.2004	DATA	Keypress: v
2129.4010	DATA	Keypress: v
2129.4341	DATA	Keypress:v held
2129.6014	DATA	Keypress: v
2129.8021	DATA	Keypress: v
2129.9859	DATA	Keypress: v
2130.2033	DATA	Keypress: v
2130.3871	DATA	Keypress: v
2130.4369	DATA	Keypress:v held
2130.5876	DATA	Keypress: v
2130.7715	DATA	Keypress: v
2130.9720	DATA	Keypress: v
2131.1392	DATA	Keypress: v
2131.3397	DATA	Keypress: v
2131.4397	DATA	Keypress:v held
2131.5236	DATA	Keypress: v
2131.7073	DATA	Keypress: v
2131.8912	DATA	Keypress: v
2132.0584	DATA	Keypress: v
2132.2423	DATA	Keypress: v
2132.3926	DATA	Keypress: v
2132.4425	DATA	Keypress:v held
2132.4425	DATA	earn v
2132.5766	DATA	Keypress: v
2133.1782	DATA	Keypress: t
2133.3621	DATA	Keypress: t
2133.7002	DATA	Keypress: t
2133.7464	DATA	Keypress: t
2133.9469	DATA	Keypress: t
2134.1476	DATA	Keypress: t
2134.3314	DATA	Keypress: t
2134.5320	DATA	Keypress: t
2134.7155	DATA	Keypress:t held
2134.7325	DATA	Keypress: t
2134.8996	DATA	Keypress: t
2135.0835	DATA	Keypress: t
2135.2840	DATA	Keypress: t
2135.4678	DATA	Keypress: t
2135.6685	DATA	Keypress: t
2135.7183	DATA	Keypress:t held
2135.7183	DATA	earn t
2135.8524	DATA	Keypress: t
2136.0529	DATA	Keypress: t
2137.1559	DATA	Keypress: t
2137.3564	DATA	Keypress: t
2137.5235	DATA	Keypress: t
2137.7075	DATA	Keypress: t
2137.8912	DATA	Keypress: t
2137.9913	DATA	Keypress:t held
2138.0752	DATA	Keypress: t
2138.2423	DATA	Keypress: t
2138.4094	DATA	Keypress: t
2138.6100	DATA	Keypress: t
2138.7940	DATA	Keypress: t
2138.9778	DATA	Keypress: t
2138.9941	DATA	Keypress:t held
2139.1951	DATA	Keypress: t
2139.4121	DATA	Keypress: t
2139.6295	DATA	Keypress: t
2139.8301	DATA	Keypress: t
2139.9969	DATA	Keypress:t held
2140.0474	DATA	Keypress: t
2140.2479	DATA	Keypress: t
2140.4484	DATA	Keypress: t
2140.6490	DATA	Keypress: t
2140.8663	DATA	Keypress: t
2140.9997	DATA	Keypress:t held
2141.0668	DATA	Keypress: t
2141.2673	DATA	Keypress: t
2141.4678	DATA	Keypress: t
2141.6684	DATA	Keypress: t
2141.8692	DATA	Keypress: t
2142.0025	DATA	Keypress:t held
2142.0696	DATA	Keypress: t
2142.2702	DATA	Keypress: t
2142.4708	DATA	Keypress: t
2142.6879	DATA	Keypress: t
2142.8719	DATA	Keypress: t
2143.0053	DATA	Keypress:t held
2143.0724	DATA	Keypress: t
2143.2731	DATA	Keypress: t
2143.4736	DATA	Keypress: t
2143.6573	DATA	Keypress: t
2143.8413	DATA	Keypress: t
2144.0081	DATA	Keypress:t held
2144.0251	DATA	Keypress: t
2144.1922	DATA	Keypress: t
2144.3594	DATA	Keypress: t
2144.5265	DATA	Keypress: t
2144.7103	DATA	Keypress: t
2144.8941	DATA	Keypress: t
2145.0109	DATA	Keypress:t held
2145.0948	DATA	Keypress: t
2145.2786	DATA	Keypress: t
2145.4792	DATA	Keypress: t
2145.6629	DATA	Keypress: t
2145.8636	DATA	Keypress: t
2146.0137	DATA	Keypress:t held
2146.0641	DATA	Keypress: t
2146.2814	DATA	Keypress: t
2146.8329	DATA	Keypress: t
2147.0165	DATA	Keypress:t held
2147.0502	DATA	Keypress: t
2147.2341	DATA	Keypress: t
2147.4011	DATA	Keypress: t
2147.5683	DATA	Keypress: t
2147.7521	DATA	Keypress: t
2147.9360	DATA	Keypress: t
2148.0193	DATA	Keypress:t held
2148.0193	DATA	earn t
2148.1366	DATA	Keypress: t
2148.3204	DATA	Keypress: t
2148.9557	DATA	Keypress: v
2149.2855	DATA	Keypress: v
2149.3734	DATA	Keypress: v
2149.5738	DATA	Keypress: v
2149.7744	DATA	Keypress: v
2149.9584	DATA	Keypress: v
2150.1589	DATA	Keypress: v
2150.2923	DATA	Keypress:v held
2150.2923	DATA	earn v
2150.3734	DATA	Keypress: v
2150.5434	DATA	Keypress: v
2151.5625	DATA	Keypress: t
2151.5629	DATA	Keypress: t
2151.7300	DATA	Keypress: t
2151.9137	DATA	Keypress: t
2152.1142	DATA	Keypress: t
2152.3148	DATA	Keypress: t
2152.4987	DATA	Keypress: t
2152.5653	DATA	Keypress:t held
2152.6993	DATA	Keypress: t
2152.8831	DATA	Keypress: t
2153.0669	DATA	Keypress: t
2153.2509	DATA	Keypress: t
2153.4347	DATA	Keypress: t
2153.5681	DATA	Keypress:t held
2153.6184	DATA	Keypress: t
2153.8024	DATA	Keypress: t
2154.0030	DATA	Keypress: t
2154.1869	DATA	Keypress: t
2154.3665	DATA	Keypress: t
2154.7016	DATA	start rating L
2154.7072	DATA	Keypress: t
2154.7269	DATA	Keypress: t
2157.3674	DATA	Keypress: v
2157.7017	DATA	Keypress: v
2161.2450	DATA	Keypress: return
2161.2452	DATA	RatingScale rateL_scale: (key response) rating=4
2161.2452	DATA	RatingScale rateL_scale: rating RT=6.544
2161.2455	DATA	4.0
2161.2455	DATA	end rating L
2161.2505	DATA	start rating R
2163.1670	DATA	Keypress: v
2165.0389	DATA	Keypress: t
2165.4901	DATA	Keypress: return
2165.4903	DATA	RatingScale rateR_scale: (key response) rating=4
2165.4903	DATA	RatingScale rateR_scale: rating RT=4.240
2165.4906	DATA	4.0
2165.4913	DATA	end rating R
2166.8889	DATA	Keypress: v
2166.9053	DATA	Keypress:v held
2167.1229	DATA	Keypress: v
2167.3401	DATA	Keypress: v
2167.5573	DATA	Keypress: v
2167.7913	DATA	Keypress: v
2167.9081	DATA	Keypress:v held
2168.0587	DATA	Keypress: v
2168.3263	DATA	Keypress: v
2168.5770	DATA	Keypress: v
2168.8277	DATA	Keypress: v
2168.9109	DATA	Keypress:v held
2169.0951	DATA	Keypress: v
2169.3457	DATA	Keypress: v
2169.6464	DATA	Keypress: v
2169.8805	DATA	Keypress: v
2169.9137	DATA	Keypress:v held
2170.1312	DATA	Keypress: v
2170.3653	DATA	Keypress: v
2170.5829	DATA	Keypress: v
2170.7832	DATA	Keypress: v
2170.9165	DATA	Keypress:v held
2170.9836	DATA	Keypress: v
2171.2009	DATA	Keypress: v
2171.3679	DATA	Keypress: v
2171.5852	DATA	Keypress: v
2171.8026	DATA	Keypress: v
2171.9193	DATA	Keypress:v held
2172.0031	DATA	Keypress: v
2172.2204	DATA	Keypress: v
2172.4377	DATA	Keypress: v
2172.6382	DATA	Keypress: v
2172.8222	DATA	Keypress: v
2172.9220	DATA	Keypress:v held
2173.0229	DATA	Keypress: v
2173.2231	DATA	Keypress: v
2173.4405	DATA	Keypress: v
2173.6409	DATA	Keypress: v
2173.8416	DATA	Keypress: v
2173.9249	DATA	Keypress:v held
2174.0254	DATA	Keypress: v
2174.2259	DATA	Keypress: v
2174.4432	DATA	Keypress: v
2174.6270	DATA	Keypress: v
2174.8276	DATA	Keypress: v
2174.9277	DATA	Keypress:v held
2175.0283	DATA	Keypress: v
2175.2288	DATA	Keypress: v
2175.4461	DATA	Keypress: v
2175.6466	DATA	Keypress: v
2175.8471	DATA	Keypress: v
2175.9305	DATA	Keypress:v held
2176.0477	DATA	Keypress: v
2176.2484	DATA	Keypress: v
2176.4488	DATA	Keypress: v
2176.6327	DATA	Keypress: v
2176.8499	DATA	Keypress: v
2176.9333	DATA	Keypress:v held
2177.0506	DATA	Keypress: v
2177.2510	DATA	Keypress: v
2177.4516	DATA	Keypress: v
2177.6522	DATA	Keypress: v
2177.8863	DATA	Keypress: v
2177.9360	DATA	Keypress:v held
2177.9360	DATA	earn v
2178.0702	DATA	Keypress: v
2178.2711	DATA	Keypress: v
2178.7220	DATA	Keypress: t
2179.2289	DATA	Keypress: t
2179.3904	DATA	Keypress: t
2179.5575	DATA	Keypress: t
2179.7246	DATA	Keypress: t
2179.8918	DATA	Keypress: t
2180.0756	DATA	Keypress: t
2180.2425	DATA	Keypress:t held
2180.2594	DATA	Keypress: t
2180.4098	DATA	Keypress: t
2180.5771	DATA	Keypress: t
2180.7608	DATA	Keypress: t
2180.9447	DATA	Keypress: t
2181.1118	DATA	Keypress: t
2181.2453	DATA	Keypress:t held
2181.2792	DATA	Keypress: t
2181.4629	DATA	Keypress: t
2181.6299	DATA	Keypress: t
2181.8306	DATA	Keypress: t
2182.0143	DATA	Keypress: t
2182.1982	DATA	Keypress: t
2182.2481	DATA	Keypress:t held
2182.2481	DATA	earn t
2182.3822	DATA	Keypress: t
2182.5826	DATA	Keypress: t
2183.5441	DATA	Keypress: v
2183.5445	DATA	Keypress: v
2183.7190	DATA	Keypress: v
2183.8863	DATA	Keypress: v
2184.0701	DATA	Keypress: v
2184.2539	DATA	Keypress: v
2184.4377	DATA	Keypress: v
2184.5545	DATA	Keypress:v held
2184.6216	DATA	Keypress: v
2184.8222	DATA	Keypress: v
2184.9894	DATA	Keypress: v
2185.1398	DATA	Keypress: v
2185.3405	DATA	Keypress: v
2185.5408	DATA	Keypress: v
2185.5573	DATA	Keypress:v held
2185.7079	DATA	Keypress: v
2185.8417	DATA	Keypress: v
2186.0256	DATA	Keypress: v
2186.1926	DATA	Keypress: v
2186.3764	DATA	Keypress: v
2186.5601	DATA	Keypress:v held
2186.5601	DATA	earn v
2186.6419	DATA	Keypress: v
2186.7610	DATA	Keypress: v
2187.3962	DATA	Keypress: t
2187.8600	DATA	Keypress: t
2187.8603	DATA	Keypress: t
2187.9643	DATA	Keypress: t
2188.1648	DATA	Keypress: t
2188.3488	DATA	Keypress: t
2188.5325	DATA	Keypress: t
2188.7164	DATA	Keypress: t
2188.8665	DATA	Keypress:t held
2188.8665	DATA	earn t
2188.9337	DATA	Keypress: t
2189.1009	DATA	Keypress: t
2189.8363	DATA	Keypress: v
2190.1992	DATA	Keypress: v
2190.2205	DATA	Keypress: v
2190.4211	DATA	Keypress: v
2190.5883	DATA	Keypress: v
2190.7721	DATA	Keypress: v
2190.9728	DATA	Keypress: v
2191.1398	DATA	Keypress: v
2191.2064	DATA	Keypress:v held
2191.2064	DATA	earn v
2191.3237	DATA	Keypress: v
2191.4908	DATA	Keypress: v
2192.1093	DATA	Keypress: t
2192.5148	DATA	Keypress: t
2192.5151	DATA	Keypress: t
2192.5938	DATA	Keypress: t
2192.7945	DATA	Keypress: t
2192.9784	DATA	Keypress: t
2193.1621	DATA	Keypress: t
2193.3459	DATA	Keypress: t
2193.5131	DATA	Keypress: t
2193.5295	DATA	Keypress:t held
2193.5296	DATA	earn t
2193.7138	DATA	Keypress: t
2194.2319	DATA	Keypress: v
2194.4324	DATA	Keypress: v
2194.8403	DATA	Keypress: v
2194.8407	DATA	Keypress: v
2194.9838	DATA	Keypress: v
2195.1677	DATA	Keypress: v
2195.3515	DATA	Keypress: v
2195.5354	DATA	Keypress: v
2195.7025	DATA	Keypress: v
2195.8527	DATA	Keypress:v held
2195.8697	DATA	Keypress: v
2196.0535	DATA	Keypress: v
2196.2373	DATA	Keypress: v
2196.4211	DATA	Keypress: v
2196.6050	DATA	Keypress: v
2196.7890	DATA	Keypress: v
2196.8555	DATA	Keypress:v held
2196.9729	DATA	Keypress: v
2197.1399	DATA	Keypress: v
2197.3238	DATA	Keypress: v
2197.5242	DATA	Keypress: v
2197.7080	DATA	Keypress: v
2197.8583	DATA	Keypress:v held
2197.8583	DATA	earn v
2197.9400	DATA	Keypress: v
2198.0591	DATA	Keypress: v
2198.5439	DATA	Keypress: t
2198.7277	DATA	Keypress: t
2199.1729	DATA	Keypress: t
2199.1733	DATA	Keypress: t
2199.2459	DATA	Keypress: t
2199.4296	DATA	Keypress: t
2199.6134	DATA	Keypress: t
2199.7973	DATA	Keypress: t
2199.9978	DATA	Keypress: t
2200.1814	DATA	Keypress:t held
2200.1817	DATA	Keypress: t
2200.3320	DATA	Keypress: t
2200.5160	DATA	Keypress: t
2200.6998	DATA	Keypress: t
2200.8836	DATA	Keypress: t
2201.0675	DATA	Keypress: t
2201.1842	DATA	Keypress:t held
2201.2347	DATA	Keypress: t
2201.4186	DATA	Keypress: t
2201.6023	DATA	Keypress: t
2201.8196	DATA	Keypress: t
2202.0536	DATA	Keypress: t
2202.1870	DATA	Keypress:t held
2202.3043	DATA	Keypress: t
2202.5717	DATA	Keypress: t
2202.7722	DATA	Keypress: t
2202.9729	DATA	Keypress: t
2203.1733	DATA	Keypress: t
2203.1898	DATA	Keypress:t held
2203.3739	DATA	Keypress: t
2203.5744	DATA	Keypress: t
2203.7583	DATA	Keypress: t
2203.9423	DATA	Keypress: t
2204.1093	DATA	Keypress: t
2204.1926	DATA	Keypress:t held
2204.2931	DATA	Keypress: t
2204.4769	DATA	Keypress: t
2204.6441	DATA	Keypress: t
2204.8113	DATA	Keypress: t
2204.9784	DATA	Keypress: t
2205.1455	DATA	Keypress: t
2205.1954	DATA	Keypress:t held
2205.3462	DATA	Keypress: t
2205.5133	DATA	Keypress: t
2205.6804	DATA	Keypress: t
2205.8643	DATA	Keypress: t
2206.0313	DATA	Keypress: t
2206.1982	DATA	Keypress:t held
2206.2152	DATA	Keypress: t
2206.4158	DATA	Keypress: t
2206.6162	DATA	Keypress: t
2206.8001	DATA	Keypress: t
2206.9840	DATA	Keypress: t
2207.1680	DATA	Keypress: t
2207.2010	DATA	Keypress:t held
2207.3517	DATA	Keypress: t
2207.5356	DATA	Keypress: t
2207.7193	DATA	Keypress: t
2207.9201	DATA	Keypress: t
2208.0871	DATA	Keypress: t
2208.2037	DATA	Keypress:t held
2208.2876	DATA	Keypress: t
2208.4380	DATA	Keypress: t
2208.6218	DATA	Keypress: t
2208.8058	DATA	Keypress: t
2208.9729	DATA	Keypress: t
2209.1401	DATA	Keypress: t
2209.2066	DATA	Keypress:t held
2209.2066	DATA	earn t
2210.0426	DATA	Keypress: v
2210.5555	DATA	Keypress: v
2210.5561	DATA	Keypress: v
2210.5941	DATA	Keypress: v
2210.7780	DATA	Keypress: v
2210.9618	DATA	Keypress: v
2211.1457	DATA	Keypress: v
2211.2963	DATA	Keypress: v
2211.4967	DATA	Keypress: v
2211.5632	DATA	Keypress:v held
2211.6804	DATA	Keypress: v
2211.8811	DATA	Keypress: v
2212.0481	DATA	Keypress: v
2212.5660	DATA	Keypress:v held
2212.6664	DATA	Keypress: v
2212.8336	DATA	Keypress: v
2212.9844	DATA	Keypress: v
2213.1684	DATA	Keypress: v
2213.3350	DATA	Keypress: v
2213.5355	DATA	Keypress: v
2213.5688	DATA	Keypress:v held
2213.7194	DATA	Keypress: v
2213.9033	DATA	Keypress: v
2214.0704	DATA	Keypress: v
2214.2376	DATA	Keypress: v
2214.4215	DATA	Keypress: v
2214.5716	DATA	Keypress:v held
2214.6052	DATA	Keypress: v
2214.7891	DATA	Keypress: v
2214.9729	DATA	Keypress: v
2215.1401	DATA	Keypress: v
2215.3238	DATA	Keypress: v
2215.5077	DATA	Keypress: v
2215.5744	DATA	Keypress:v held
2215.6748	DATA	Keypress: v
2215.8587	DATA	Keypress: v
2216.0426	DATA	Keypress: v
2216.2098	DATA	Keypress: v
2216.4103	DATA	Keypress: v
2216.5771	DATA	Keypress:v held
2216.5774	DATA	Keypress: v
2216.7448	DATA	Keypress: v
2216.9286	DATA	Keypress: v
2217.1122	DATA	Keypress: v
2217.2795	DATA	Keypress: v
2217.4632	DATA	Keypress: v
2217.5799	DATA	Keypress:v held
2217.6471	DATA	Keypress: v
2217.8309	DATA	Keypress: v
2217.9981	DATA	Keypress: v
2218.1818	DATA	Keypress: v
2218.3657	DATA	Keypress: v
2218.5328	DATA	Keypress: v
2218.5827	DATA	Keypress:v held
2219.0343	DATA	Keypress: t
2219.2515	DATA	Keypress: t
2219.4355	DATA	Keypress: t
2219.5855	DATA	Keypress:t held
2219.6360	DATA	Keypress: t
2219.8198	DATA	Keypress: t
2219.9870	DATA	Keypress: t
2220.1708	DATA	Keypress: t
2220.3545	DATA	Keypress: t
2220.5218	DATA	Keypress: t
2220.5883	DATA	Keypress:t held
2220.7056	DATA	Keypress: t
2220.8727	DATA	Keypress: t
2221.0567	DATA	Keypress: t
2221.2571	DATA	Keypress: t
2221.4408	DATA	Keypress: t
2221.5911	DATA	Keypress:t held
2221.6415	DATA	Keypress: t
2221.8253	DATA	Keypress: t
2222.0092	DATA	Keypress: t
2222.1932	DATA	Keypress: t
2222.5608	DATA	Keypress: t
2222.5939	DATA	Keypress:t held
2222.5939	DATA	earn t
2222.7449	DATA	Keypress: t
2223.4133	DATA	Keypress: v
2223.9167	DATA	Keypress: v
2223.9171	DATA	Keypress: v
2223.9981	DATA	Keypress: v
2224.1987	DATA	Keypress: v
2224.4327	DATA	Keypress: v
2224.6499	DATA	Keypress: v
2224.9006	DATA	Keypress: v
2224.9171	DATA	Keypress:v held
2225.4857	DATA	Keypress: v
2225.9401	DATA	start rating L
2225.9459	DATA	Keypress: v
2226.0257	DATA	Keypress: v
2229.8865	DATA	Keypress: t
2230.2374	DATA	Keypress: t
2232.1093	DATA	Keypress: t
2233.3474	DATA	Keypress: return
2233.3626	DATA	RatingScale rateL_scale: (key response) rating=3
2233.3626	DATA	RatingScale rateL_scale: rating RT=7.422
2233.3629	DATA	3.0
2233.3629	DATA	end rating L
2233.3679	DATA	start rating R
2233.8642	DATA	Keypress: v
2234.7336	DATA	Keypress: return
2234.7338	DATA	RatingScale rateR_scale: (key response) rating=5
2234.7339	DATA	RatingScale rateR_scale: rating RT=1.366
2234.7342	DATA	5.0
2234.7349	DATA	end rating R
