16.0995	DATA	version B
228.9032	DATA	Keypress: space
233.5829	DATA	Keypress: v
233.5993	DATA	Keypress:v held
240.3853	DATA	Keypress: v
240.4016	DATA	Keypress:v held
240.9869	DATA	Keypress: v
241.4043	DATA	Keypress:v held
242.1067	DATA	Keypress: v
242.4071	DATA	Keypress:v held
244.5635	DATA	Keypress: t
244.5799	DATA	Keypress:t held
245.8337	DATA	Keypress: t
245.8501	DATA	Keypress:t held
246.5525	DATA	Keypress: t
246.8529	DATA	Keypress:t held
246.8529	DATA	earn t
247.1375	DATA	Keypress: t
250.3964	DATA	Keypress: t
250.4128	DATA	Keypress:t held
250.8310	DATA	Keypress: t
251.2488	DATA	Keypress: t
251.4156	DATA	Keypress:t held
253.1374	DATA	Keypress: v
253.1538	DATA	Keypress:v held
253.6054	DATA	Keypress: v
253.9564	DATA	Keypress: v
254.1566	DATA	Keypress:v held
254.3408	DATA	Keypress: v
255.1594	DATA	Keypress:v held
255.1594	DATA	earn v
255.3771	DATA	Keypress: v
257.9007	DATA	Keypress: v
257.9171	DATA	Keypress:v held
259.0372	DATA	Keypress: v
259.0536	DATA	Keypress:v held
259.5386	DATA	Keypress: v
260.0564	DATA	Keypress:v held
260.1903	DATA	Keypress: v
261.0093	DATA	Keypress: v
261.0592	DATA	Keypress:v held
264.3519	DATA	Keypress: t
264.3684	DATA	Keypress:t held
264.6529	DATA	Keypress: t
264.9536	DATA	Keypress: t
265.2712	DATA	Keypress: t
265.3712	DATA	Keypress:t held
265.6055	DATA	Keypress: t
265.9564	DATA	Keypress: t
266.3740	DATA	Keypress:t held
266.3743	DATA	Keypress: t
266.8758	DATA	Keypress: t
267.3768	DATA	Keypress:t held
267.4607	DATA	Keypress: v
268.0121	DATA	Keypress: v
268.3796	DATA	Keypress:v held
268.4634	DATA	Keypress: v
268.8813	DATA	Keypress: v
269.2990	DATA	Keypress: v
269.3824	DATA	Keypress:v held
269.6836	DATA	Keypress: v
270.1347	DATA	Keypress: v
270.3852	DATA	Keypress:v held
270.7532	DATA	Keypress: v
271.3880	DATA	Keypress:v held
271.5387	DATA	Keypress: v
271.9900	DATA	Keypress: v
272.3908	DATA	Keypress:v held
272.7422	DATA	Keypress: v
273.3270	DATA	Keypress: t
273.3936	DATA	Keypress:t held
273.8619	DATA	Keypress: t
274.2796	DATA	Keypress: t
274.3963	DATA	Keypress:t held
274.3964	DATA	earn t
274.6641	DATA	Keypress: t
276.1181	DATA	Keypress: t
276.4354	DATA	Keypress:t held
276.4860	DATA	Keypress: t
276.8536	DATA	Keypress: t
277.1878	DATA	Keypress: t
277.4382	DATA	Keypress:t held
277.5221	DATA	Keypress: t
277.8398	DATA	Keypress: t
278.1906	DATA	Keypress: t
278.4410	DATA	Keypress:t held
278.5249	DATA	Keypress: t
278.8424	DATA	Keypress: t
279.2101	DATA	Keypress: t
279.4438	DATA	Keypress:t held
279.6447	DATA	Keypress: t
280.1962	DATA	Keypress: t
280.4466	DATA	Keypress:t held
280.4466	DATA	earn t
280.6977	DATA	Keypress: t
282.0848	DATA	Keypress: t
282.4856	DATA	Keypress:t held
282.4856	DATA	earn t
282.5614	DATA	Keypress: t
283.3049	DATA	Keypress: t
283.7227	DATA	Keypress: t
284.0235	DATA	Keypress: t
284.3243	DATA	Keypress: t
284.5413	DATA	Keypress:t held
284.5583	DATA	Keypress: t
284.8759	DATA	Keypress: t
285.1265	DATA	Keypress: t
285.5441	DATA	Keypress:t held
286.0793	DATA	Keypress: v
286.5469	DATA	Keypress:v held
286.6475	DATA	Keypress: v
287.0821	DATA	Keypress: v
287.4330	DATA	Keypress: v
287.5497	DATA	Keypress:v held
287.8008	DATA	Keypress: v
288.1852	DATA	Keypress: v
288.5525	DATA	Keypress:v held
288.5528	DATA	Keypress: v
289.0820	DATA	start rating L
289.2432	DATA	Keypress: v
312.6583	DATA	Keypress: v
318.0066	DATA	Keypress: space
320.5638	DATA	Keypress: return
320.5640	DATA	RatingScale rateL_scale: (key response) rating=6
320.5641	DATA	RatingScale rateL_scale: rating RT=31.482
320.5644	DATA	6.0
320.5644	DATA	end rating L
320.5695	DATA	start rating R
331.6446	DATA	Keypress: t
333.5668	DATA	Keypress: return
333.5671	DATA	RatingScale rateR_scale: (key response) rating=3
333.5671	DATA	RatingScale rateR_scale: rating RT=12.998
333.5675	DATA	3.0
333.5684	DATA	end rating R
341.9684	DATA	Keypress: t
341.9849	DATA	Keypress:t held
342.3361	DATA	Keypress: t
342.6870	DATA	Keypress: t
342.9877	DATA	Keypress:t held
343.0883	DATA	Keypress: t
343.4727	DATA	Keypress: t
343.9407	DATA	Keypress: t
343.9904	DATA	Keypress:t held
344.3919	DATA	Keypress: t
344.7929	DATA	Keypress: t
344.9932	DATA	Keypress:t held
344.9933	DATA	earn t
345.1775	DATA	Keypress: t
346.9156	DATA	Keypress: t
347.0657	DATA	Keypress:t held
347.0657	DATA	earn t
347.2665	DATA	Keypress: t
348.2024	DATA	Keypress: t
349.1381	DATA	Keypress:t held
349.2891	DATA	Keypress: v
349.6899	DATA	Keypress: v
350.1409	DATA	Keypress:v held
351.0270	DATA	Keypress: v
351.1437	DATA	Keypress:v held
351.1437	DATA	earn v
353.0160	DATA	Keypress: v
353.2162	DATA	Keypress:v held
353.4338	DATA	Keypress: v
353.8348	DATA	Keypress: v
354.2190	DATA	Keypress:v held
354.2190	DATA	earn v
354.2893	DATA	Keypress: v
355.9908	DATA	Keypress: v
356.3081	DATA	Keypress:v held
356.6093	DATA	Keypress: v
357.1608	DATA	Keypress: v
357.3109	DATA	Keypress:v held
357.6957	DATA	Keypress: v
358.3137	DATA	Keypress:v held
358.3137	DATA	earn v
358.3829	DATA	Keypress: v
360.1357	DATA	Keypress: v
360.4028	DATA	Keypress:v held
361.0215	DATA	Keypress: t
361.4056	DATA	Keypress:t held
361.5563	DATA	Keypress: t
361.9074	DATA	Keypress: t
362.2416	DATA	Keypress: t
362.4084	DATA	Keypress:t held
362.5592	DATA	Keypress: t
362.8599	DATA	Keypress: t
363.1442	DATA	Keypress: t
363.4112	DATA	Keypress:t held
363.4952	DATA	Keypress: t
363.8295	DATA	Keypress: t
364.1971	DATA	Keypress: t
364.4141	DATA	Keypress:t held
364.5647	DATA	Keypress: t
365.1833	DATA	Keypress: t
365.4168	DATA	Keypress:t held
366.0691	DATA	Keypress: v
366.4196	DATA	Keypress:v held
366.8044	DATA	Keypress: v
367.4224	DATA	Keypress:v held
367.7905	DATA	Keypress: v
368.2418	DATA	Keypress: v
368.4252	DATA	Keypress:v held
368.6261	DATA	Keypress: v
369.1942	DATA	Keypress: t
369.4280	DATA	Keypress:t held
369.8128	DATA	Keypress: v
370.1135	DATA	Keypress: v
370.3977	DATA	Keypress: v
370.4308	DATA	Keypress:v held
370.4308	DATA	earn v
370.7154	DATA	Keypress: v
372.1527	DATA	Keypress: v
372.5200	DATA	Keypress:v held
372.5203	DATA	Keypress: v
372.8379	DATA	Keypress: v
373.5228	DATA	Keypress:v held
374.2419	DATA	Keypress: v
374.5256	DATA	Keypress:v held
374.6262	DATA	Keypress: v
374.9939	DATA	Keypress: v
375.5284	DATA	Keypress:v held
375.6958	DATA	Keypress: v
376.4144	DATA	Keypress: v
376.5311	DATA	Keypress:v held
377.0162	DATA	Keypress: v
377.5340	DATA	Keypress:v held
377.6847	DATA	Keypress: v
378.4535	DATA	Keypress: t
378.5367	DATA	Keypress:t held
379.3061	DATA	Keypress: t
379.5395	DATA	Keypress:t held
379.7572	DATA	Keypress: t
380.2417	DATA	Keypress: t
380.5423	DATA	Keypress:t held
380.6763	DATA	Keypress: t
381.5287	DATA	Keypress: t
381.5451	DATA	Keypress:t held
382.4983	DATA	Keypress: t
382.5479	DATA	Keypress:t held
382.5479	DATA	earn t
384.4703	DATA	Keypress: t
384.6371	DATA	Keypress:t held
385.0052	DATA	Keypress: t
385.3895	DATA	Keypress: t
385.6399	DATA	Keypress:t held
385.7238	DATA	Keypress: t
386.1583	DATA	Keypress: t
386.6427	DATA	Keypress:t held
386.9104	DATA	Keypress: t
387.6455	DATA	Keypress:t held
388.8994	DATA	Keypress: v
388.9157	DATA	Keypress:v held
388.9157	DATA	earn v
390.5372	DATA	Keypress: v
391.0049	DATA	Keypress:v held
391.1722	DATA	Keypress: v
391.6069	DATA	Keypress: v
391.9577	DATA	Keypress: v
392.0076	DATA	Keypress:v held
392.0076	DATA	earn v
393.3784	DATA	Keypress: v
393.7870	DATA	start rating L
393.8355	DATA	Keypress: v
399.0659	DATA	Keypress: t
400.1356	DATA	Keypress: t
401.4395	DATA	Keypress: return
401.4397	DATA	RatingScale rateL_scale: (key response) rating=3
401.4397	DATA	RatingScale rateL_scale: rating RT=7.653
401.4400	DATA	3.0
401.4401	DATA	end rating L
401.4449	DATA	start rating R
406.5370	DATA	Keypress: v
408.5257	DATA	Keypress: return
408.5260	DATA	RatingScale rateR_scale: (key response) rating=5
408.5260	DATA	RatingScale rateR_scale: rating RT=7.081
408.5263	DATA	5.0
408.5270	DATA	end rating R
414.3034	DATA	Keypress: t
414.3199	DATA	Keypress:t held
414.6878	DATA	Keypress: t
415.0388	DATA	Keypress: t
415.3226	DATA	Keypress:t held
415.3730	DATA	Keypress: t
415.7242	DATA	Keypress: t
416.0584	DATA	Keypress: t
416.3254	DATA	Keypress:t held
416.3925	DATA	Keypress: t
416.6934	DATA	Keypress: t
417.0114	DATA	Keypress: t
417.3282	DATA	Keypress:t held
417.3786	DATA	Keypress: t
417.7297	DATA	Keypress: t
418.3310	DATA	Keypress:t held
418.7156	DATA	Keypress: v
419.3338	DATA	Keypress:v held
419.7353	DATA	Keypress: v
420.1530	DATA	Keypress: v
420.3366	DATA	Keypress:v held
420.5375	DATA	Keypress: v
420.9219	DATA	Keypress: v
421.3063	DATA	Keypress: v
421.3394	DATA	Keypress:v held
421.6908	DATA	Keypress: v
422.2256	DATA	Keypress: v
422.3422	DATA	Keypress:v held
422.3422	DATA	earn v
423.2953	DATA	Keypress: v
423.7465	DATA	Keypress: v
424.0975	DATA	Keypress: v
424.4648	DATA	Keypress:v held
424.4652	DATA	Keypress: v
424.8161	DATA	Keypress: v
425.2005	DATA	Keypress: v
425.4676	DATA	Keypress:v held
425.5180	DATA	Keypress: v
425.8858	DATA	Keypress: v
426.3370	DATA	Keypress: v
426.4704	DATA	Keypress:v held
426.9554	DATA	Keypress: v
427.4731	DATA	Keypress:v held
427.4732	DATA	earn v
427.6241	DATA	Keypress: t
429.2619	DATA	Keypress: t
429.5957	DATA	Keypress:t held
429.6629	DATA	Keypress: t
430.0138	DATA	Keypress: t
430.3982	DATA	Keypress: t
430.5986	DATA	Keypress:t held
430.7660	DATA	Keypress: t
431.1337	DATA	Keypress: t
431.6014	DATA	Keypress:t held
431.8525	DATA	Keypress: t
432.4707	DATA	Keypress: t
432.6042	DATA	Keypress:t held
433.0391	DATA	Keypress: t
433.6070	DATA	Keypress:t held
433.8580	DATA	Keypress: t
434.4930	DATA	Keypress: t
434.6098	DATA	Keypress:t held
435.0613	DATA	Keypress: t
435.6125	DATA	Keypress:t held
437.4849	DATA	Keypress: v
437.5011	DATA	Keypress:v held
438.0029	DATA	Keypress: v
438.5039	DATA	Keypress:v held
438.5039	DATA	earn v
438.5042	DATA	Keypress: v
439.9750	DATA	Keypress: v
440.4095	DATA	Keypress: v
440.6265	DATA	Keypress:v held
440.7604	DATA	Keypress: v
441.1449	DATA	Keypress: v
441.5292	DATA	Keypress: v
441.6293	DATA	Keypress:v held
441.9639	DATA	Keypress: v
442.3816	DATA	Keypress: v
442.6321	DATA	Keypress:v held
442.9166	DATA	Keypress: v
443.6349	DATA	Keypress:v held
443.6350	DATA	earn v
443.7040	DATA	Keypress: v
445.4738	DATA	Keypress: t
445.7742	DATA	Keypress:t held
446.0420	DATA	Keypress: t
446.4765	DATA	Keypress: t
446.7770	DATA	Keypress:t held
446.9111	DATA	Keypress: t
447.3121	DATA	Keypress: t
447.6967	DATA	Keypress: t
447.7798	DATA	Keypress:t held
448.0977	DATA	Keypress: t
448.4820	DATA	Keypress: t
448.7825	DATA	Keypress:t held
449.0169	DATA	Keypress: t
449.5683	DATA	Keypress: t
449.7853	DATA	Keypress:t held
450.0865	DATA	Keypress: t
450.5879	DATA	Keypress: t
450.7881	DATA	Keypress:t held
451.0225	DATA	Keypress: t
451.4904	DATA	Keypress: t
451.7910	DATA	Keypress:t held
451.9250	DATA	Keypress: t
452.3428	DATA	Keypress: t
452.7938	DATA	Keypress:t held
453.3957	DATA	Keypress: v
453.7635	DATA	Keypress: v
453.7965	DATA	Keypress:v held
453.7966	DATA	earn v
454.0978	DATA	Keypress: v
455.3512	DATA	Keypress: v
455.7357	DATA	Keypress: v
455.9358	DATA	Keypress:v held
456.0699	DATA	Keypress: v
456.3874	DATA	Keypress: v
456.7384	DATA	Keypress: v
456.9386	DATA	Keypress:v held
456.9386	DATA	earn v
457.2566	DATA	Keypress: v
458.5435	DATA	Keypress: v
458.9445	DATA	Keypress: v
459.0779	DATA	Keypress:v held
459.3122	DATA	Keypress: v
459.9808	DATA	Keypress: v
460.0807	DATA	Keypress:v held
460.3985	DATA	Keypress: v
460.9000	DATA	Keypress: v
461.0835	DATA	Keypress:v held
461.4683	DATA	Keypress: v
461.9363	DATA	Keypress: v
462.0863	DATA	Keypress:v held
462.0863	DATA	earn v
463.7078	DATA	Keypress: t
464.0588	DATA	Keypress: t
464.2255	DATA	Keypress:t held
464.3596	DATA	Keypress: t
464.9781	DATA	Keypress: t
465.2284	DATA	Keypress:t held
465.2454	DATA	Keypress: t
465.8805	DATA	Keypress: t
466.2312	DATA	Keypress:t held
466.5493	DATA	Keypress: t
467.0505	DATA	Keypress: t
467.2340	DATA	Keypress:t held
467.5519	DATA	Keypress: t
468.0867	DATA	Keypress: t
468.2368	DATA	Keypress:t held
468.5501	DATA	Keypress: t
468.8231	DATA	start rating L
469.0276	DATA	Keypress: t
474.8772	DATA	Keypress: t
476.1659	DATA	Keypress: return
476.1808	DATA	RatingScale rateL_scale: (key response) rating=2
476.1809	DATA	RatingScale rateL_scale: rating RT=7.358
476.1812	DATA	2.0
476.1812	DATA	end rating L
476.1863	DATA	start rating R
479.2729	DATA	Keypress: v
482.4987	DATA	Keypress: return
482.4990	DATA	RatingScale rateR_scale: (key response) rating=5
482.4990	DATA	RatingScale rateR_scale: rating RT=6.313
482.4993	DATA	5.0
482.5000	DATA	end rating R
485.0172	DATA	Keypress: v
485.0336	DATA	Keypress:v held
485.3515	DATA	Keypress: v
485.6857	DATA	Keypress: v
485.9699	DATA	Keypress: v
486.0363	DATA	Keypress:v held
486.2707	DATA	Keypress: v
486.6050	DATA	Keypress: v
486.9392	DATA	Keypress: v
487.0391	DATA	Keypress:v held
487.2400	DATA	Keypress: v
487.5580	DATA	Keypress: v
487.8918	DATA	Keypress: v
488.0420	DATA	Keypress:v held
488.1926	DATA	Keypress: v
488.5103	DATA	Keypress: v
488.8112	DATA	Keypress: v
489.0448	DATA	Keypress:v held
489.4630	DATA	Keypress: t
489.8473	DATA	Keypress: t
490.0476	DATA	Keypress:t held
490.1983	DATA	Keypress: t
490.5324	DATA	Keypress: t
491.0005	DATA	Keypress: t
491.0504	DATA	Keypress:t held
491.4350	DATA	Keypress: t
491.8362	DATA	Keypress: t
492.0531	DATA	Keypress:t held
492.2373	DATA	Keypress: t
492.6217	DATA	Keypress: t
493.0064	DATA	Keypress: t
493.0560	DATA	Keypress:t held
493.4239	DATA	Keypress: t
493.8919	DATA	Keypress: t
494.0587	DATA	Keypress:t held
494.3598	DATA	Keypress: t
494.8280	DATA	Keypress: t
495.0615	DATA	Keypress:t held
495.2623	DATA	Keypress: t
495.7136	DATA	Keypress: t
496.0643	DATA	Keypress:t held
496.1649	DATA	Keypress: t
496.5994	DATA	Keypress: t
497.0671	DATA	Keypress:t held
497.0841	DATA	Keypress: t
497.5352	DATA	Keypress: t
497.9365	DATA	Keypress: t
498.0698	DATA	Keypress:t held
498.0698	DATA	earn t
498.7722	DATA	Keypress: v
499.2297	DATA	Keypress: v
500.2426	DATA	Keypress:v held
500.8446	DATA	Keypress: v
501.2454	DATA	Keypress:v held
501.2457	DATA	Keypress: v
501.6134	DATA	Keypress: v
501.9812	DATA	Keypress: v
502.2482	DATA	Keypress:v held
502.3153	DATA	Keypress: v
502.6998	DATA	Keypress: v
503.0675	DATA	Keypress: v
503.2510	DATA	Keypress:v held
503.2510	DATA	earn v
503.4352	DATA	Keypress: v
505.0063	DATA	Keypress: v
505.3907	DATA	Keypress: v
505.4237	DATA	Keypress:v held
505.7582	DATA	Keypress: v
506.1259	DATA	Keypress: v
506.4265	DATA	Keypress:v held
506.4937	DATA	Keypress: v
506.8781	DATA	Keypress: v
507.2960	DATA	Keypress: v
507.4293	DATA	Keypress:v held
507.8474	DATA	Keypress: v
508.4321	DATA	Keypress:v held
508.4659	DATA	Keypress: v
509.0675	DATA	Keypress: t
509.4349	DATA	Keypress:t held
509.5186	DATA	Keypress: t
509.9031	DATA	Keypress: t
510.3043	DATA	Keypress: t
510.4377	DATA	Keypress:t held
510.8225	DATA	Keypress: t
511.2904	DATA	Keypress: t
511.4405	DATA	Keypress:t held
511.7583	DATA	Keypress: t
512.1930	DATA	Keypress: t
512.4433	DATA	Keypress:t held
512.5773	DATA	Keypress: t
512.9784	DATA	Keypress: t
513.4461	DATA	Keypress:t held
513.6302	DATA	Keypress: t
514.0982	DATA	Keypress: t
514.4489	DATA	Keypress:t held
514.5161	DATA	Keypress: t
514.9005	DATA	Keypress: t
515.3183	DATA	Keypress: t
515.4517	DATA	Keypress:t held
515.7193	DATA	Keypress: t
516.1038	DATA	Keypress: t
516.3043	DATA	Keypress: t
516.4544	DATA	Keypress:t held
516.8559	DATA	Keypress: t
517.2904	DATA	Keypress: t
517.4572	DATA	Keypress:t held
517.4573	DATA	earn t
517.6916	DATA	Keypress: t
520.0648	DATA	Keypress: v
520.0812	DATA	Keypress:v held
520.4324	DATA	Keypress: v
520.7834	DATA	Keypress: v
521.0840	DATA	Keypress:v held
521.1010	DATA	Keypress: v
521.4520	DATA	Keypress: v
521.7863	DATA	Keypress: v
522.0868	DATA	Keypress:v held
522.1540	DATA	Keypress: v
522.5383	DATA	Keypress: v
522.9730	DATA	Keypress: v
523.0895	DATA	Keypress:v held
523.4074	DATA	Keypress: v
523.8754	DATA	Keypress: v
524.0924	DATA	Keypress:v held
524.0924	DATA	earn v
524.3936	DATA	Keypress: v
525.8644	DATA	Keypress: v
526.2651	DATA	Keypress:v held
526.2822	DATA	Keypress: v
526.6665	DATA	Keypress: v
527.0509	DATA	Keypress: v
527.2679	DATA	Keypress:v held
527.4018	DATA	Keypress: v
527.8365	DATA	Keypress: v
528.2209	DATA	Keypress: v
528.2707	DATA	Keypress:v held
528.6052	DATA	Keypress: v
528.9562	DATA	Keypress: v
529.2734	DATA	Keypress:v held
529.5244	DATA	Keypress: t
530.0091	DATA	Keypress: t
530.2763	DATA	Keypress:t held
530.2763	DATA	earn t
530.3518	DATA	Keypress: t
532.7167	DATA	Keypress: t
532.7331	DATA	Keypress:t held
533.0510	DATA	Keypress: t
533.4019	DATA	Keypress: t
533.7359	DATA	Keypress:t held
533.8031	DATA	Keypress: t
534.1709	DATA	Keypress: t
534.5385	DATA	Keypress: t
534.7387	DATA	Keypress:t held
534.9228	DATA	Keypress: t
535.2906	DATA	Keypress: t
535.6750	DATA	Keypress: t
535.7415	DATA	Keypress:t held
536.0427	DATA	Keypress: t
536.3937	DATA	Keypress: t
536.7443	DATA	Keypress:t held
536.7613	DATA	Keypress: t
537.1290	DATA	Keypress: t
537.4800	DATA	Keypress: t
537.7471	DATA	Keypress:t held
537.8477	DATA	Keypress: t
538.1986	DATA	Keypress: t
538.5496	DATA	Keypress: t
538.7499	DATA	Keypress:t held
538.9173	DATA	Keypress: t
539.2852	DATA	Keypress: t
539.7527	DATA	Keypress:t held
540.1708	DATA	Keypress: t
540.5719	DATA	Keypress: t
540.7555	DATA	Keypress:t held
540.9396	DATA	Keypress: t
541.3241	DATA	Keypress: t
541.6917	DATA	Keypress: t
541.7583	DATA	Keypress:t held
542.0762	DATA	Keypress: t
542.8346	DATA	start rating L
549.3347	DATA	Keypress: v
550.7722	DATA	Keypress: return
550.7725	DATA	RatingScale rateL_scale: (key response) rating=5
550.7725	DATA	RatingScale rateL_scale: rating RT=7.938
550.7728	DATA	5.0
550.7728	DATA	end rating L
550.7779	DATA	start rating R
554.9672	DATA	Keypress: return
554.9674	DATA	RatingScale rateR_scale: (key response) rating=4
554.9675	DATA	RatingScale rateR_scale: rating RT=4.190
554.9678	DATA	4.0
554.9685	DATA	end rating R
557.1515	DATA	Keypress: t
557.1679	DATA	Keypress:t held
557.5694	DATA	Keypress: t
557.8868	DATA	Keypress: t
558.1707	DATA	Keypress:t held
558.2211	DATA	Keypress: t
558.5386	DATA	Keypress: t
558.8897	DATA	Keypress: t
559.1735	DATA	Keypress:t held
559.2408	DATA	Keypress: t
559.5749	DATA	Keypress: t
559.8590	DATA	Keypress: t
560.1762	DATA	Keypress:t held
560.1767	DATA	Keypress: t
561.0624	DATA	Keypress: v
561.1790	DATA	Keypress:v held
561.3464	DATA	Keypress: v
561.6641	DATA	Keypress: v
561.9649	DATA	Keypress: v
562.1818	DATA	Keypress:v held
562.2825	DATA	Keypress: v
562.5999	DATA	Keypress: v
562.9343	DATA	Keypress: v
563.1846	DATA	Keypress:v held
563.1846	DATA	earn v
563.2852	DATA	Keypress: v
565.0067	DATA	Keypress: v
565.3578	DATA	Keypress: v
565.3908	DATA	Keypress:v held
565.3908	DATA	earn v
565.6753	DATA	Keypress: v
567.0793	DATA	Keypress: v
567.4469	DATA	Keypress: v
567.5969	DATA	Keypress:v held
567.7643	DATA	Keypress: v
568.0985	DATA	Keypress: v
568.4162	DATA	Keypress: v
568.5998	DATA	Keypress:v held
568.7505	DATA	Keypress: v
569.1015	DATA	Keypress: v
569.4524	DATA	Keypress: v
569.6025	DATA	Keypress:v held
569.8033	DATA	Keypress: v
570.1543	DATA	Keypress: v
570.5220	DATA	Keypress: v
570.6053	DATA	Keypress:v held
570.8731	DATA	Keypress: v
571.2074	DATA	Keypress: v
571.6081	DATA	Keypress:v held
571.6082	DATA	earn v
571.9261	DATA	Keypress: t
573.2964	DATA	Keypress: t
573.6475	DATA	Keypress: t
573.8143	DATA	Keypress:t held
573.9485	DATA	Keypress: t
574.2658	DATA	Keypress: t
574.6001	DATA	Keypress: t
574.8171	DATA	Keypress:t held
574.9010	DATA	Keypress: t
575.2185	DATA	Keypress: t
575.4692	DATA	Keypress: t
575.8198	DATA	Keypress:t held
576.1377	DATA	Keypress: t
576.5389	DATA	Keypress: t
576.8226	DATA	Keypress:t held
576.9400	DATA	Keypress: t
577.2909	DATA	Keypress: t
577.6587	DATA	Keypress: t
577.8254	DATA	Keypress:t held
578.0095	DATA	Keypress: t
578.6448	DATA	Keypress: t
578.8282	DATA	Keypress:t held
579.0626	DATA	Keypress: t
579.4303	DATA	Keypress: t
579.7811	DATA	Keypress: t
579.8310	DATA	Keypress:t held
580.4999	DATA	Keypress: t
580.8338	DATA	Keypress:t held
581.7534	DATA	Keypress: v
581.8366	DATA	Keypress:v held
582.1378	DATA	Keypress: v
582.5057	DATA	Keypress: v
582.8394	DATA	Keypress:v held
582.8898	DATA	Keypress: v
583.2743	DATA	Keypress: v
583.6587	DATA	Keypress: v
583.8422	DATA	Keypress:v held
584.3272	DATA	Keypress: v
584.7284	DATA	Keypress: v
584.8450	DATA	Keypress:v held
585.0626	DATA	Keypress: v
585.4303	DATA	Keypress: v
585.7812	DATA	Keypress: v
585.8478	DATA	Keypress:v held
585.8478	DATA	earn v
586.1489	DATA	Keypress: v
587.1852	DATA	Keypress: v
587.5699	DATA	Keypress: v
587.9372	DATA	Keypress: v
588.0707	DATA	Keypress:v held
588.2882	DATA	Keypress: v
588.6058	DATA	Keypress: v
588.9735	DATA	Keypress: v
589.0734	DATA	Keypress:v held
589.6420	DATA	Keypress: v
590.0265	DATA	Keypress: v
590.0762	DATA	Keypress:v held
590.0763	DATA	earn v
590.3606	DATA	Keypress: v
591.7647	DATA	Keypress: v
592.1323	DATA	Keypress: v
592.2991	DATA	Keypress:v held
592.4666	DATA	Keypress: v
592.8175	DATA	Keypress: v
593.1686	DATA	Keypress: v
593.3019	DATA	Keypress:v held
593.5362	DATA	Keypress: v
593.8704	DATA	Keypress: v
594.2382	DATA	Keypress: v
594.3047	DATA	Keypress:v held
594.6226	DATA	Keypress: v
595.0070	DATA	Keypress: v
595.3075	DATA	Keypress:v held
595.5083	DATA	Keypress: v
595.9596	DATA	Keypress: v
596.3102	DATA	Keypress:v held
596.3103	DATA	earn v
596.3944	DATA	Keypress: v
598.1992	DATA	Keypress: t
598.5167	DATA	Keypress: t
598.5666	DATA	Keypress:t held
598.8510	DATA	Keypress: t
599.1851	DATA	Keypress: t
599.5028	DATA	Keypress: t
599.5693	DATA	Keypress:t held
599.8706	DATA	Keypress: t
600.2048	DATA	Keypress: t
600.5556	DATA	Keypress: t
600.5721	DATA	Keypress:t held
601.1074	DATA	Keypress: t
601.4917	DATA	Keypress: t
601.5750	DATA	Keypress:t held
601.8260	DATA	Keypress: t
602.1435	DATA	Keypress: t
602.4276	DATA	Keypress: t
602.5777	DATA	Keypress:t held
603.1965	DATA	Keypress: t
603.5805	DATA	Keypress:t held
603.5809	DATA	Keypress: t
603.9319	DATA	Keypress: t
604.2160	DATA	Keypress: t
604.5833	DATA	Keypress:t held
604.9515	DATA	Keypress: t
605.3357	DATA	Keypress: t
605.5862	DATA	Keypress:t held
605.6868	DATA	Keypress: t
606.0210	DATA	Keypress: t
606.5889	DATA	Keypress:t held
606.7064	DATA	Keypress: t
607.1073	DATA	Keypress: t
607.5917	DATA	Keypress:t held
608.1938	DATA	Keypress: t
608.5946	DATA	Keypress:t held
609.6979	DATA	Keypress: v
609.7143	DATA	Keypress:v held
610.0489	DATA	Keypress: v
610.3832	DATA	Keypress: v
610.7171	DATA	Keypress:v held
610.7676	DATA	Keypress: v
611.1186	DATA	Keypress: v
611.7199	DATA	Keypress:v held
611.8706	DATA	Keypress: v
612.7227	DATA	Keypress:v held
613.3581	DATA	Keypress: v
613.7255	DATA	Keypress:v held
613.7427	DATA	Keypress: v
614.0934	DATA	Keypress: v
614.4612	DATA	Keypress: v
614.7283	DATA	Keypress:v held
614.7788	DATA	Keypress: v
615.3133	DATA	start rating L
615.3191	DATA	Keypress: v
615.5361	DATA	Keypress: v
619.0624	DATA	Keypress: t
619.5137	DATA	Keypress: t
619.9986	DATA	Keypress: t
620.5836	DATA	Keypress: t
621.8871	DATA	Keypress: return
621.8873	DATA	RatingScale rateL_scale: (key response) rating=2
621.8874	DATA	RatingScale rateL_scale: rating RT=6.574
621.8877	DATA	2.0
621.8877	DATA	end rating L
621.8926	DATA	start rating R
624.0598	DATA	Keypress: v
624.8287	DATA	Keypress: v
626.0653	DATA	Keypress: return
626.0656	DATA	RatingScale rateR_scale: (key response) rating=6
626.0656	DATA	RatingScale rateR_scale: rating RT=4.173
626.0659	DATA	6.0
626.0666	DATA	end rating R
628.5672	DATA	Keypress: v
628.5835	DATA	Keypress:v held
628.5836	DATA	earn v
628.8680	DATA	Keypress: v
630.3555	DATA	Keypress: v
630.7232	DATA	Keypress: v
630.8231	DATA	Keypress:v held
630.8232	DATA	earn v
631.0575	DATA	Keypress: v
632.5281	DATA	Keypress: v
632.8959	DATA	Keypress: v
633.0794	DATA	Keypress:v held
633.0795	DATA	earn v
633.2134	DATA	Keypress: v
634.3551	DATA	Keypress: v
634.7176	DATA	Keypress: v
635.0517	DATA	Keypress: v
635.3691	DATA	Keypress:v held
635.4196	DATA	Keypress: v
635.7371	DATA	Keypress: v
636.0715	DATA	Keypress: v
636.3557	DATA	Keypress: v
636.3719	DATA	Keypress:v held
637.2580	DATA	Keypress: t
637.3747	DATA	Keypress:t held
637.5588	DATA	Keypress: t
637.8597	DATA	Keypress: t
638.1940	DATA	Keypress: t
638.3775	DATA	Keypress:t held
638.4949	DATA	Keypress: t
638.7789	DATA	Keypress: t
639.0298	DATA	Keypress: t
639.3802	DATA	Keypress:t held
639.3803	DATA	earn t
639.6650	DATA	Keypress: t
640.0325	DATA	Keypress: t
640.3667	DATA	Keypress: t
640.6842	DATA	Keypress: t
641.0184	DATA	Keypress: t
641.3528	DATA	Keypress: t
641.6366	DATA	Keypress:t held
641.6366	DATA	earn t
641.6369	DATA	Keypress: t
641.9545	DATA	Keypress: t
643.0408	DATA	Keypress: t
643.4084	DATA	Keypress: t
643.7095	DATA	Keypress: t
643.8928	DATA	Keypress:t held
643.8929	DATA	earn t
644.0603	DATA	Keypress: t
644.4280	DATA	Keypress: t
645.2303	DATA	Keypress: t
645.5981	DATA	Keypress: t
645.9321	DATA	Keypress: t
646.1492	DATA	Keypress:t held
646.2664	DATA	Keypress: t
646.5841	DATA	Keypress: t
646.9016	DATA	Keypress: t
647.1520	DATA	Keypress:t held
647.2191	DATA	Keypress: t
647.5533	DATA	Keypress: t
647.8877	DATA	Keypress: t
648.1548	DATA	Keypress:t held
648.1548	DATA	earn t
648.2304	DATA	Keypress: t
649.1413	DATA	Keypress: t
649.5422	DATA	Keypress: t
649.9100	DATA	Keypress: t
650.2442	DATA	Keypress: t
650.4277	DATA	Keypress:t held
650.4278	DATA	earn t
650.6122	DATA	Keypress: t
651.9823	DATA	Keypress: v
652.3335	DATA	Keypress: v
652.6844	DATA	Keypress: v
652.7008	DATA	Keypress:v held
653.0187	DATA	Keypress: v
653.3194	DATA	Keypress: v
653.6371	DATA	Keypress: v
653.7036	DATA	Keypress:v held
653.9546	DATA	Keypress: v
654.2888	DATA	Keypress: v
654.6231	DATA	Keypress: v
654.7064	DATA	Keypress:v held
655.1580	DATA	Keypress: v
655.5422	DATA	Keypress: v
655.7092	DATA	Keypress:v held
655.8933	DATA	Keypress: v
656.2443	DATA	Keypress: v
656.5953	DATA	Keypress: v
656.7120	DATA	Keypress:v held
656.9462	DATA	Keypress: v
657.2971	DATA	Keypress: v
657.6482	DATA	Keypress: v
657.7147	DATA	Keypress:v held
657.7147	DATA	earn v
657.9992	DATA	Keypress: v
659.0125	DATA	Keypress: v
659.3697	DATA	Keypress: v
659.7039	DATA	Keypress: v
660.0211	DATA	Keypress:v held
660.0381	DATA	Keypress: v
660.3724	DATA	Keypress: v
661.0240	DATA	Keypress:v held
661.5089	DATA	Keypress: v
661.9268	DATA	Keypress: v
662.0268	DATA	Keypress:v held
662.2944	DATA	Keypress: v
662.6956	DATA	Keypress: v
663.0296	DATA	Keypress:v held
663.0634	DATA	Keypress: v
663.4644	DATA	Keypress: v
663.9491	DATA	Keypress: v
664.0324	DATA	Keypress:v held
664.4171	DATA	Keypress: v
664.8015	DATA	Keypress: v
665.0352	DATA	Keypress:v held
665.1691	DATA	Keypress: v
665.5535	DATA	Keypress: v
665.9046	DATA	Keypress: v
666.0380	DATA	Keypress:v held
666.2722	DATA	Keypress: v
667.0408	DATA	Keypress:v held
667.2083	DATA	Keypress: t
667.5425	DATA	Keypress: t
667.8936	DATA	Keypress: t
668.0436	DATA	Keypress:t held
668.2611	DATA	Keypress: t
668.6456	DATA	Keypress: t
668.9965	DATA	Keypress: t
669.0463	DATA	Keypress:t held
669.3474	DATA	Keypress: t
670.0491	DATA	Keypress:t held
670.5010	DATA	Keypress: t
670.8683	DATA	Keypress: t
671.0519	DATA	Keypress:t held
671.2193	DATA	Keypress: t
671.5870	DATA	Keypress: t
671.9548	DATA	Keypress: t
672.0547	DATA	Keypress:t held
672.3057	DATA	Keypress: t
672.6401	DATA	Keypress: t
672.9910	DATA	Keypress: t
673.0575	DATA	Keypress:t held
673.3920	DATA	Keypress: t
673.7765	DATA	Keypress: t
674.0602	DATA	Keypress:t held
674.1275	DATA	Keypress: t
674.5118	DATA	Keypress: t
674.8796	DATA	Keypress: t
675.0631	DATA	Keypress:t held
675.0631	DATA	earn t
675.2975	DATA	Keypress: t
677.4200	DATA	Keypress: t
677.4364	DATA	Keypress:t held
677.8044	DATA	Keypress: t
678.1720	DATA	Keypress: t
678.4392	DATA	Keypress:t held
678.4392	DATA	earn t
678.5399	DATA	Keypress: t
680.2614	DATA	Keypress: t
680.6456	DATA	Keypress: t
680.7289	DATA	Keypress:t held
681.0135	DATA	Keypress: t
681.3643	DATA	Keypress: t
681.7317	DATA	Keypress:t held
681.7321	DATA	Keypress: t
682.0829	DATA	Keypress: t
682.4338	DATA	Keypress: t
682.7345	DATA	Keypress:t held
682.7345	DATA	earn t
682.8103	DATA	Keypress: t
683.1527	DATA	Keypress: t
684.7571	DATA	Keypress: v
685.0242	DATA	Keypress:v held
685.1081	DATA	Keypress: v
685.4422	DATA	Keypress: v
685.7765	DATA	Keypress: v
686.0270	DATA	Keypress:v held
686.0793	DATA	Keypress: v
686.4953	DATA	start rating L
686.5012	DATA	Keypress: v
686.7178	DATA	Keypress: v
689.1078	DATA	Keypress: v
692.3000	DATA	Keypress: t
692.7349	DATA	Keypress: t
694.0716	DATA	Keypress: v
694.2389	DATA	Keypress: v
695.6928	DATA	Keypress: t
696.8460	DATA	Keypress: return
696.8462	DATA	RatingScale rateL_scale: (key response) rating=6
696.8463	DATA	RatingScale rateL_scale: rating RT=10.351
696.8466	DATA	6.0
696.8466	DATA	end rating L
696.8515	DATA	start rating R
700.7402	DATA	Keypress: v
701.9273	DATA	Keypress: return
701.9275	DATA	RatingScale rateR_scale: (key response) rating=5
701.9275	DATA	RatingScale rateR_scale: rating RT=5.076
701.9278	DATA	5.0
701.9285	DATA	end rating R
