35.3666	DATA	version A
88.9243	DATA	Keypress: t
92.6678	DATA	Keypress: t
92.9853	DATA	Keypress: v
109.8146	DATA	Keypress: space
110.8505	DATA	Keypress:v held
114.5108	DATA	Keypress: t
114.5273	DATA	Keypress:t held
115.5470	DATA	Keypress: t
115.5634	DATA	Keypress:t held
116.1821	DATA	Keypress: t
116.5661	DATA	Keypress:t held
117.6861	DATA	Keypress: v
117.7026	DATA	Keypress:v held
119.3575	DATA	Keypress: t
119.3737	DATA	Keypress:t held
119.7251	DATA	Keypress: v
120.1763	DATA	Keypress: t
120.3765	DATA	Keypress:t held
120.6609	DATA	Keypress: v
121.0787	DATA	Keypress: t
121.3793	DATA	Keypress:t held
121.3793	DATA	earn t
121.4967	DATA	Keypress: v
122.4227	DATA	Keypress: t
123.2180	DATA	Keypress: v
123.4349	DATA	Keypress:v held
123.7026	DATA	Keypress: t
124.2374	DATA	Keypress: t
124.4376	DATA	Keypress:t held
124.6885	DATA	Keypress: t
125.0730	DATA	Keypress: v
125.4404	DATA	Keypress:v held
125.5080	DATA	Keypress: t
126.1260	DATA	Keypress: t
126.4431	DATA	Keypress:t held
126.5269	DATA	Keypress: v
126.9113	DATA	Keypress: v
127.3124	DATA	Keypress: v
127.4459	DATA	Keypress:v held
127.8975	DATA	Keypress: t
128.3654	DATA	Keypress: v
128.4485	DATA	Keypress:v held
128.7997	DATA	Keypress: v
129.3012	DATA	Keypress: v
129.4514	DATA	Keypress:v held
129.9028	DATA	Keypress: t
130.3876	DATA	Keypress: t
130.4541	DATA	Keypress:t held
130.4541	DATA	earn t
131.2734	DATA	Keypress: t
132.0087	DATA	Keypress: v
132.4599	DATA	Keypress: t
132.4929	DATA	Keypress:t held
132.9278	DATA	Keypress: t
133.2954	DATA	Keypress: t
133.4957	DATA	Keypress:t held
133.7466	DATA	Keypress: v
134.1645	DATA	Keypress: t
134.4985	DATA	Keypress:t held
134.6156	DATA	Keypress: t
135.1003	DATA	Keypress: t
135.5012	DATA	Keypress:t held
135.6184	DATA	Keypress: v
136.5040	DATA	Keypress:v held
137.1393	DATA	Keypress: t
137.5066	DATA	Keypress:t held
137.5572	DATA	Keypress: t
138.0084	DATA	Keypress: v
138.4261	DATA	Keypress: t
138.5094	DATA	Keypress:t held
139.4456	DATA	Keypress: v
139.5121	DATA	Keypress:v held
139.9135	DATA	Keypress: t
140.5149	DATA	Keypress:t held
140.5149	DATA	earn t
140.5152	DATA	Keypress: t
141.2507	DATA	Keypress: v
142.2700	DATA	Keypress: t
142.5537	DATA	Keypress:t held
142.7880	DATA	Keypress: t
143.2894	DATA	Keypress: t
143.5565	DATA	Keypress:t held
143.7238	DATA	Keypress: t
144.1418	DATA	Keypress: t
144.5593	DATA	Keypress:t held
144.6599	DATA	Keypress: t
145.1110	DATA	Keypress: v
145.5620	DATA	Keypress:v held
145.5790	DATA	Keypress: t
145.9968	DATA	Keypress: t
146.5149	DATA	Keypress: t
146.5647	DATA	Keypress:t held
147.0330	DATA	Keypress: v
147.5675	DATA	Keypress:v held
147.5678	DATA	Keypress: t
148.0192	DATA	Keypress: v
148.5702	DATA	Keypress:v held
149.5065	DATA	Keypress: t
149.5730	DATA	Keypress:t held
149.9074	DATA	Keypress: t
150.2918	DATA	Keypress: t
150.5757	DATA	Keypress:t held
150.5927	DATA	Keypress: t
150.9436	DATA	Keypress: t
151.2114	DATA	Keypress: t
151.4952	DATA	Keypress: t
151.5785	DATA	Keypress:t held
152.0133	DATA	Keypress: v
152.4311	DATA	Keypress: t
152.5812	DATA	Keypress:t held
152.7151	DATA	Keypress: t
152.9659	DATA	Keypress: t
153.2833	DATA	Keypress: t
153.5839	DATA	Keypress:t held
153.7846	DATA	Keypress: v
154.2193	DATA	Keypress: t
154.4867	DATA	Keypress: t
154.5866	DATA	Keypress:t held
154.7373	DATA	Keypress: t
154.9713	DATA	Keypress: t
155.2053	DATA	Keypress: t
155.5563	DATA	Keypress: t
155.5894	DATA	Keypress:t held
156.9767	DATA	Keypress: v
156.9932	DATA	Keypress:v held
156.9932	DATA	earn v
158.1300	DATA	Keypress: t
158.4307	DATA	Keypress: t
158.6982	DATA	Keypress: t
158.9656	DATA	Keypress: t
159.0321	DATA	Keypress:t held
159.5840	DATA	Keypress: t
160.0349	DATA	Keypress:t held
161.3723	DATA	Keypress: v
161.3885	DATA	Keypress:v held
161.9403	DATA	Keypress: t
162.2746	DATA	Keypress: t
162.3913	DATA	Keypress:t held
162.5086	DATA	Keypress: t
162.7592	DATA	Keypress: t
163.3940	DATA	Keypress:t held
164.0461	DATA	Keypress: v
164.3968	DATA	Keypress:v held
164.4973	DATA	Keypress: t
164.9820	DATA	Keypress: t
165.3995	DATA	Keypress:t held
165.3996	DATA	earn t
165.4664	DATA	Keypress: v
166.8538	DATA	Keypress: t
167.2214	DATA	Keypress: t
167.4551	DATA	Keypress:t held
167.4552	DATA	earn t
167.5727	DATA	Keypress: t
169.1768	DATA	Keypress: v
169.5107	DATA	Keypress:v held
169.7283	DATA	Keypress: t
170.0087	DATA	start rating L
170.0783	DATA	Keypress: t
181.9835	DATA	Keypress: v
182.2339	DATA	Keypress: v
182.4680	DATA	Keypress: v
187.0306	DATA	Keypress: return
187.0308	DATA	RatingScale rateL_scale: (key response) rating=6
187.0309	DATA	RatingScale rateL_scale: rating RT=17.022
187.0312	DATA	6.0
187.0312	DATA	end rating L
187.0365	DATA	start rating R
192.8466	DATA	Keypress: t
193.0636	DATA	Keypress: t
193.3478	DATA	Keypress: t
193.9663	DATA	Keypress: v
204.4448	DATA	Keypress: return
204.4451	DATA	RatingScale rateR_scale: (key response) rating=2
204.4451	DATA	RatingScale rateR_scale: rating RT=17.409
204.4455	DATA	2.0
204.4464	DATA	end rating R
206.4956	DATA	Keypress: t
206.5118	DATA	Keypress:t held
206.5118	DATA	earn t
208.0664	DATA	Keypress: t
208.5842	DATA	Keypress:t held
208.5845	DATA	Keypress: v
208.8852	DATA	Keypress: t
209.1527	DATA	Keypress: t
209.3867	DATA	Keypress: t
209.5869	DATA	Keypress:t held
209.8378	DATA	Keypress: t
210.2222	DATA	Keypress: t
210.5896	DATA	Keypress:t held
210.6401	DATA	Keypress: v
211.0244	DATA	Keypress: t
211.2750	DATA	Keypress: t
211.5924	DATA	Keypress:t held
212.2445	DATA	Keypress: t
212.5951	DATA	Keypress:t held
213.5981	DATA	Keypress: v
213.6146	DATA	Keypress:v held
214.0493	DATA	Keypress: t
214.3168	DATA	Keypress: t
214.5675	DATA	Keypress: t
214.6173	DATA	Keypress:t held
215.0019	DATA	Keypress: v
215.5701	DATA	Keypress: t
215.6200	DATA	Keypress:t held
215.9212	DATA	Keypress: t
216.6228	DATA	Keypress:t held
216.6231	DATA	Keypress: v
216.9741	DATA	Keypress: v
217.3418	DATA	Keypress: v
217.6255	DATA	Keypress:v held
217.7260	DATA	Keypress: v
218.1774	DATA	Keypress: v
218.6283	DATA	Keypress:v held
218.6453	DATA	Keypress: v
219.1634	DATA	Keypress: t
219.6309	DATA	Keypress:t held
219.7649	DATA	Keypress: v
220.0825	DATA	Keypress: v
220.6338	DATA	Keypress:v held
220.8346	DATA	Keypress: t
221.1186	DATA	Keypress: t
221.6365	DATA	Keypress:t held
222.2217	DATA	Keypress: t
222.6392	DATA	Keypress:t held
222.7565	DATA	Keypress: t
223.0740	DATA	Keypress: t
223.3080	DATA	Keypress: t
223.5587	DATA	Keypress: t
223.6420	DATA	Keypress:t held
224.3608	DATA	Keypress: t
224.6447	DATA	Keypress:t held
224.7452	DATA	Keypress: t
225.1463	DATA	Keypress: t
225.6475	DATA	Keypress:t held
226.2327	DATA	Keypress: t
226.6502	DATA	Keypress:t held
226.7842	DATA	Keypress: v
227.1853	DATA	Keypress: t
227.4693	DATA	Keypress: t
227.6529	DATA	Keypress:t held
228.7396	DATA	Keypress: t
228.7559	DATA	Keypress:t held
229.0402	DATA	Keypress: t
229.3579	DATA	Keypress: t
229.7586	DATA	Keypress:t held
230.0598	DATA	Keypress: v
230.4441	DATA	Keypress: t
230.7449	DATA	Keypress: t
230.7614	DATA	Keypress:t held
231.5471	DATA	Keypress: t
231.7641	DATA	Keypress:t held
231.8312	DATA	Keypress: t
232.0819	DATA	Keypress: t
232.3493	DATA	Keypress: t
232.7669	DATA	Keypress:t held
233.4190	DATA	Keypress: v
233.7696	DATA	Keypress:v held
233.9204	DATA	Keypress: t
234.5053	DATA	Keypress: t
234.7724	DATA	Keypress:t held
235.0568	DATA	Keypress: v
235.6585	DATA	Keypress: t
235.7751	DATA	Keypress:t held
236.3603	DATA	Keypress: t
236.6444	DATA	Keypress: t
236.7779	DATA	Keypress:t held
236.9286	DATA	Keypress: t
237.1959	DATA	Keypress: t
237.7806	DATA	Keypress:t held
237.8644	DATA	Keypress: v
238.7502	DATA	Keypress: t
238.7833	DATA	Keypress:t held
239.0510	DATA	Keypress: t
239.3518	DATA	Keypress: t
239.6861	DATA	Keypress: t
239.7861	DATA	Keypress:t held
239.9868	DATA	Keypress: t
240.4884	DATA	Keypress: v
240.7888	DATA	Keypress:v held
240.8392	DATA	Keypress: v
241.4409	DATA	Keypress: v
241.7915	DATA	Keypress:v held
242.7945	DATA	Keypress: v
242.8110	DATA	Keypress:v held
242.8110	DATA	earn v
243.7973	DATA	Keypress: t
244.3822	DATA	Keypress: t
244.7499	DATA	Keypress: t
244.8833	DATA	Keypress:t held
245.0508	DATA	Keypress: t
245.8861	DATA	Keypress:t held
246.3042	DATA	Keypress: t
246.6049	DATA	Keypress: t
246.8888	DATA	Keypress:t held
246.9225	DATA	Keypress: t
247.8751	DATA	Keypress: v
247.8915	DATA	Keypress:v held
248.6607	DATA	Keypress: t
248.8943	DATA	Keypress:t held
248.9948	DATA	Keypress: t
249.3290	DATA	Keypress: t
249.8970	DATA	Keypress:t held
250.0978	DATA	Keypress: v
250.5324	DATA	Keypress: v
250.8164	DATA	Keypress: v
250.8997	DATA	Keypress:v held
251.3178	DATA	Keypress: v
251.9025	DATA	Keypress:v held
252.6047	DATA	Keypress: v
252.9052	DATA	Keypress:v held
253.0224	DATA	Keypress: v
253.4403	DATA	Keypress: t
253.7245	DATA	Keypress: t
253.9080	DATA	Keypress:t held
253.9416	DATA	Keypress: t
254.6102	DATA	Keypress: t
254.9107	DATA	Keypress:t held
255.1114	DATA	Keypress: v
255.6463	DATA	Keypress: v
255.9135	DATA	Keypress:v held
256.0809	DATA	Keypress: t
256.5153	DATA	Keypress: v
256.9162	DATA	Keypress:v held
256.9332	DATA	Keypress: t
257.5683	DATA	Keypress: t
257.9190	DATA	Keypress:t held
257.9359	DATA	Keypress: t
258.4541	DATA	Keypress: v
258.9217	DATA	Keypress:v held
259.1058	DATA	Keypress: v
259.9244	DATA	Keypress:v held
259.9245	DATA	earn v
260.7771	DATA	Keypress: t
261.4121	DATA	Keypress: t
261.7464	DATA	Keypress: t
262.0134	DATA	Keypress:t held
262.4984	DATA	Keypress: v
263.0162	DATA	Keypress:v held
263.3674	DATA	Keypress: v
263.7351	DATA	Keypress: v
264.0189	DATA	Keypress:v held
264.0190	DATA	earn v
265.2984	DATA	start rating L
265.5293	DATA	Keypress: t
277.9958	DATA	Keypress: t
286.8200	DATA	Keypress: return
286.8203	DATA	RatingScale rateL_scale: (key response) rating=2
286.8203	DATA	RatingScale rateL_scale: rating RT=21.522
286.8206	DATA	2.0
286.8206	DATA	end rating L
286.8255	DATA	start rating R
288.4579	DATA	Keypress: v
289.0260	DATA	Keypress: v
290.3966	DATA	Keypress: return
290.3969	DATA	RatingScale rateR_scale: (key response) rating=6
290.3969	DATA	RatingScale rateR_scale: rating RT=3.571
290.3972	DATA	6.0
290.3979	DATA	end rating R
293.0318	DATA	Keypress: t
293.0483	DATA	Keypress:t held
293.0483	DATA	earn t
294.9203	DATA	Keypress: t
295.1540	DATA	Keypress:t held
295.2212	DATA	Keypress: t
296.1568	DATA	Keypress:t held
297.1767	DATA	Keypress: v
297.2096	DATA	Keypress:v held
297.7614	DATA	Keypress: t
298.1793	DATA	Keypress: t
298.2123	DATA	Keypress:t held
299.5663	DATA	Keypress: t
299.5828	DATA	Keypress:t held
299.9007	DATA	Keypress: t
300.2015	DATA	Keypress: t
300.5855	DATA	Keypress:t held
302.2236	DATA	Keypress: t
302.2400	DATA	Keypress:t held
302.2401	DATA	earn t
303.7110	DATA	Keypress: t
303.9784	DATA	Keypress: t
304.2458	DATA	Keypress: t
304.3458	DATA	Keypress:t held
305.7500	DATA	Keypress: t
305.7663	DATA	Keypress:t held
306.0842	DATA	Keypress: t
306.7691	DATA	Keypress:t held
307.5048	DATA	Keypress: t
307.7718	DATA	Keypress:t held
307.8056	DATA	Keypress: t
308.0729	DATA	Keypress: t
308.7745	DATA	Keypress:t held
309.2930	DATA	Keypress: v
309.7608	DATA	Keypress: t
309.7773	DATA	Keypress:t held
310.0784	DATA	Keypress: t
310.3125	DATA	Keypress: t
310.7800	DATA	Keypress:t held
311.7831	DATA	Keypress: v
311.7995	DATA	Keypress:v held
312.5017	DATA	Keypress: t
312.8022	DATA	Keypress:t held
312.8024	DATA	Keypress: t
313.0699	DATA	Keypress: t
313.8049	DATA	Keypress:t held
313.8050	DATA	earn t
314.7246	DATA	Keypress: t
315.3763	DATA	Keypress: t
315.6436	DATA	Keypress: t
315.9441	DATA	Keypress:t held
315.9442	DATA	earn t
316.8972	DATA	Keypress: t
317.3818	DATA	Keypress: t
317.6324	DATA	Keypress: t
318.0666	DATA	Keypress:t held
319.0529	DATA	Keypress: v
319.0693	DATA	Keypress:v held
319.7048	DATA	Keypress: v
320.0721	DATA	Keypress:v held
320.3064	DATA	Keypress: t
320.6072	DATA	Keypress: t
320.9248	DATA	Keypress: t
321.0748	DATA	Keypress:t held
322.2784	DATA	Keypress: t
322.2948	DATA	Keypress:t held
323.5987	DATA	Keypress: t
323.6151	DATA	Keypress:t held
323.8828	DATA	Keypress: t
324.6178	DATA	Keypress:t held
325.4037	DATA	Keypress: v
325.6206	DATA	Keypress:v held
326.0387	DATA	Keypress: t
326.3228	DATA	Keypress: t
326.6233	DATA	Keypress:t held
326.6234	DATA	earn t
327.4092	DATA	Keypress: t
327.8771	DATA	Keypress: t
328.3448	DATA	Keypress: t
328.5957	DATA	Keypress: t
328.7458	DATA	Keypress:t held
330.9354	DATA	Keypress: t
330.9518	DATA	Keypress:t held
330.9519	DATA	earn t
331.1528	DATA	Keypress: t
332.5566	DATA	Keypress: t
332.8406	DATA	Keypress: t
333.0743	DATA	Keypress:t held
333.3753	DATA	Keypress: v
334.0770	DATA	Keypress:v held
335.3976	DATA	Keypress: t
335.4140	DATA	Keypress:t held
335.6650	DATA	Keypress: t
336.4168	DATA	Keypress:t held
337.5703	DATA	Keypress: t
337.5866	DATA	Keypress:t held
337.8542	DATA	Keypress: t
338.5894	DATA	Keypress:t held
339.7429	DATA	Keypress: t
339.7592	DATA	Keypress:t held
340.0102	DATA	Keypress: t
340.7619	DATA	Keypress:t held
342.0324	DATA	Keypress: t
342.0488	DATA	Keypress:t held
342.3332	DATA	Keypress: t
342.9349	DATA	Keypress: v
343.0515	DATA	Keypress:v held
343.7203	DATA	Keypress: t
344.0044	DATA	Keypress: t
344.0543	DATA	Keypress:t held
345.5253	DATA	Keypress: v
345.5417	DATA	Keypress:v held
346.1269	DATA	Keypress: t
346.4611	DATA	Keypress: t
346.5445	DATA	Keypress:t held
347.9485	DATA	Keypress: t
347.9649	DATA	Keypress:t held
348.2160	DATA	Keypress: t
348.4331	DATA	Keypress: t
348.6503	DATA	Keypress: t
348.9677	DATA	Keypress:t held
349.5864	DATA	Keypress: v
349.9704	DATA	Keypress:v held
349.9705	DATA	earn v
350.0447	DATA	Keypress: t
351.3339	DATA	start rating L
351.6303	DATA	Keypress: t
362.9613	DATA	Keypress: v
363.2286	DATA	Keypress: v
363.5629	DATA	Keypress: v
365.5194	DATA	Keypress: return
365.5349	DATA	RatingScale rateL_scale: (key response) rating=6
365.5349	DATA	RatingScale rateL_scale: rating RT=14.201
365.5352	DATA	6.0
365.5352	DATA	end rating L
365.5401	DATA	start rating R
368.7944	DATA	Keypress: t
369.2954	DATA	Keypress: t
370.5489	DATA	Keypress: return
370.5491	DATA	RatingScale rateR_scale: (key response) rating=2
370.5491	DATA	RatingScale rateR_scale: rating RT=5.009
370.5494	DATA	2.0
370.5501	DATA	end rating R
372.2316	DATA	Keypress: t
372.2480	DATA	Keypress:t held
372.5993	DATA	Keypress: t
372.9001	DATA	Keypress: t
373.1676	DATA	Keypress: t
373.2507	DATA	Keypress:t held
373.4682	DATA	Keypress: t
374.2534	DATA	Keypress:t held
374.2535	DATA	earn t
374.9056	DATA	Keypress: t
375.2232	DATA	Keypress: t
375.7244	DATA	Keypress: t
376.0086	DATA	Keypress: t
376.4093	DATA	Keypress:t held
377.2118	DATA	Keypress: v
377.4121	DATA	Keypress:v held
377.6630	DATA	Keypress: t
377.9639	DATA	Keypress: t
378.4149	DATA	Keypress:t held
378.4318	DATA	Keypress: t
379.4176	DATA	Keypress:t held
379.4681	DATA	Keypress: v
380.4203	DATA	Keypress:v held
380.5377	DATA	Keypress: t
380.8217	DATA	Keypress: t
381.4231	DATA	Keypress:t held
382.2925	DATA	Keypress: v
382.4258	DATA	Keypress:v held
382.9274	DATA	Keypress: v
383.4286	DATA	Keypress:v held
383.9469	DATA	Keypress: t
384.2142	DATA	Keypress: t
384.4313	DATA	Keypress:t held
384.4313	DATA	earn t
384.4989	DATA	Keypress: t
384.6990	DATA	Keypress: t
386.0694	DATA	Keypress: t
386.3033	DATA	Keypress: t
386.5707	DATA	Keypress: t
386.6206	DATA	Keypress:t held
386.6206	DATA	earn t
387.7713	DATA	Keypress: t
388.0581	DATA	Keypress: t
388.3256	DATA	Keypress: t
388.7765	DATA	Keypress:t held
389.3617	DATA	Keypress: v
389.7792	DATA	Keypress:v held
389.7793	DATA	earn v
389.8538	DATA	Keypress: t
391.3507	DATA	Keypress: t
391.6345	DATA	Keypress: t
391.9351	DATA	Keypress:t held
393.4396	DATA	Keypress: t
393.4559	DATA	Keypress:t held
393.6734	DATA	Keypress: t
394.4587	DATA	Keypress:t held
394.5760	DATA	Keypress: v
395.3280	DATA	Keypress: t
395.4614	DATA	Keypress:t held
395.6287	DATA	Keypress: t
395.8628	DATA	Keypress: t
396.4642	DATA	Keypress:t held
396.7652	DATA	Keypress: t
397.2667	DATA	Keypress: v
397.4669	DATA	Keypress:v held
397.7348	DATA	Keypress: t
397.9852	DATA	Keypress: t
398.2025	DATA	Keypress: t
398.4696	DATA	Keypress:t held
398.7708	DATA	Keypress: v
399.4225	DATA	Keypress: t
399.4724	DATA	Keypress:t held
399.6732	DATA	Keypress: t
399.8737	DATA	Keypress: t
400.4751	DATA	Keypress:t held
400.4754	DATA	Keypress: t
401.2441	DATA	Keypress: v
401.4779	DATA	Keypress:v held
401.7289	DATA	Keypress: t
401.9962	DATA	Keypress: t
402.2469	DATA	Keypress: t
402.4806	DATA	Keypress:t held
403.9683	DATA	Keypress: v
403.9847	DATA	Keypress:v held
403.9847	DATA	earn v
404.9544	DATA	Keypress: t
405.4892	DATA	Keypress: t
405.7231	DATA	Keypress: t
405.9405	DATA	Keypress: t
406.1573	DATA	Keypress:t held
407.3108	DATA	Keypress: t
407.3272	DATA	Keypress:t held
407.6784	DATA	Keypress: t
408.0294	DATA	Keypress: t
408.2633	DATA	Keypress: t
408.3299	DATA	Keypress:t held
409.1491	DATA	Keypress: v
409.3327	DATA	Keypress:v held
409.6338	DATA	Keypress: t
409.8677	DATA	Keypress: t
410.1185	DATA	Keypress: t
410.3354	DATA	Keypress:t held
411.0209	DATA	Keypress: v
411.3381	DATA	Keypress:v held
411.4721	DATA	Keypress: t
411.7227	DATA	Keypress: t
412.0738	DATA	Keypress: v
412.3244	DATA	Keypress: v
412.3409	DATA	Keypress:v held
412.8258	DATA	Keypress: v
413.0765	DATA	Keypress: v
413.3436	DATA	Keypress:v held
413.4609	DATA	Keypress: t
413.8454	DATA	Keypress: t
414.2296	DATA	Keypress: t
414.3463	DATA	Keypress:t held
414.3464	DATA	earn t
415.2660	DATA	Keypress: t
415.8340	DATA	Keypress: t
416.1181	DATA	Keypress: t
416.5190	DATA	Keypress:t held
416.5694	DATA	Keypress: v
416.7867	DATA	Keypress: v
417.0206	DATA	Keypress: v
417.4217	DATA	Keypress: v
417.5217	DATA	Keypress:v held
417.5217	DATA	earn v
418.3410	DATA	Keypress: t
418.7086	DATA	Keypress: t
418.9591	DATA	Keypress: t
419.6612	DATA	Keypress: v
419.6943	DATA	Keypress:v held
420.1458	DATA	Keypress: t
420.4132	DATA	Keypress: t
420.6639	DATA	Keypress: t
420.6970	DATA	Keypress:t held
420.8979	DATA	Keypress: t
421.6998	DATA	Keypress:t held
422.7864	DATA	Keypress: t
422.8028	DATA	Keypress:t held
422.8028	DATA	earn t
423.4385	DATA	Keypress: t
424.4243	DATA	Keypress: t
424.9255	DATA	Keypress: t
424.9754	DATA	Keypress:t held
425.5104	DATA	Keypress: v
425.9781	DATA	Keypress:v held
426.0286	DATA	Keypress: t
426.3126	DATA	Keypress: t
426.5466	DATA	Keypress: t
426.7806	DATA	Keypress: t
426.9808	DATA	Keypress:t held
427.3823	DATA	Keypress: t
427.8334	DATA	Keypress: v
427.9836	DATA	Keypress:v held
428.3851	DATA	Keypress: t
428.6524	DATA	Keypress: t
428.8697	DATA	Keypress: t
428.9864	DATA	Keypress:t held
429.2373	DATA	Keypress: t
429.9560	DATA	Keypress: v
429.9890	DATA	Keypress:v held
430.4239	DATA	Keypress: t
430.8721	DATA	start rating L
430.8778	DATA	Keypress: t
430.8970	DATA	Keypress: t
436.1114	DATA	Keypress: v
436.2952	DATA	Keypress: v
436.5292	DATA	Keypress: v
436.7129	DATA	Keypress: v
440.1890	DATA	Keypress: return
440.1892	DATA	RatingScale rateL_scale: (key response) rating=6
440.1893	DATA	RatingScale rateL_scale: rating RT=9.317
440.1896	DATA	6.0
440.1896	DATA	end rating L
440.1945	DATA	start rating R
441.0918	DATA	Keypress: t
444.5845	DATA	Keypress: return
444.5848	DATA	RatingScale rateR_scale: (key response) rating=3
444.5848	DATA	RatingScale rateR_scale: rating RT=4.390
444.5851	DATA	3.0
444.5858	DATA	end rating R
445.7826	DATA	Keypress: t
445.7990	DATA	Keypress:t held
446.1167	DATA	Keypress: t
446.3507	DATA	Keypress: t
446.8017	DATA	Keypress:t held
448.1055	DATA	Keypress: t
448.1219	DATA	Keypress:t held
448.3729	DATA	Keypress: t
449.1247	DATA	Keypress:t held
449.9940	DATA	Keypress: t
450.1275	DATA	Keypress:t held
450.2448	DATA	Keypress: t
450.4621	DATA	Keypress: t
451.1301	DATA	Keypress:t held
451.9661	DATA	Keypress: t
452.1330	DATA	Keypress:t held
452.2502	DATA	Keypress: t
453.1357	DATA	Keypress:t held
453.6206	DATA	Keypress: t
454.0220	DATA	Keypress: v
454.1384	DATA	Keypress:v held
454.3058	DATA	Keypress: v
454.7403	DATA	Keypress: v
454.9743	DATA	Keypress: v
455.1412	DATA	Keypress:v held
455.5259	DATA	Keypress: v
455.7598	DATA	Keypress: v
455.9603	DATA	Keypress: v
456.1439	DATA	Keypress:v held
456.1776	DATA	Keypress: v
457.1466	DATA	Keypress:v held
457.2973	DATA	Keypress: v
457.8655	DATA	Keypress: t
458.1494	DATA	Keypress:t held
458.1497	DATA	Keypress: t
458.3837	DATA	Keypress: t
459.0857	DATA	Keypress: v
459.1521	DATA	Keypress:v held
459.3864	DATA	Keypress: v
459.5869	DATA	Keypress: v
459.8041	DATA	Keypress: v
460.1548	DATA	Keypress:v held
460.1549	DATA	earn v
460.4561	DATA	Keypress: t
461.8932	DATA	Keypress: v
462.1439	DATA	Keypress: v
462.3609	DATA	Keypress:v held
462.3613	DATA	Keypress: v
462.7623	DATA	Keypress: t
463.1634	DATA	Keypress: v
463.3636	DATA	Keypress:v held
463.4308	DATA	Keypress: v
463.6647	DATA	Keypress: v
464.2162	DATA	Keypress: v
464.3664	DATA	Keypress:v held
464.4501	DATA	Keypress: v
464.6341	DATA	Keypress: v
464.9850	DATA	Keypress: t
465.3691	DATA	Keypress:t held
465.3695	DATA	Keypress: t
465.8376	DATA	Keypress: v
466.0880	DATA	Keypress: v
466.2885	DATA	Keypress: v
466.3718	DATA	Keypress:v held
466.3719	DATA	earn v
467.5667	DATA	Keypress: t
468.1269	DATA	Keypress: v
468.3775	DATA	Keypress: v
468.5779	DATA	Keypress:v held
468.5948	DATA	Keypress: v
469.0963	DATA	Keypress: t
469.4972	DATA	Keypress: v
469.5806	DATA	Keypress:v held
469.7481	DATA	Keypress: v
469.9486	DATA	Keypress: v
470.5834	DATA	Keypress:v held
470.5834	DATA	earn v
472.1380	DATA	Keypress: v
472.4053	DATA	Keypress: v
472.6059	DATA	Keypress: v
472.7894	DATA	Keypress:v held
473.4247	DATA	Keypress: t
473.7921	DATA	Keypress:t held
473.9093	DATA	Keypress: v
474.1935	DATA	Keypress: v
474.4275	DATA	Keypress: v
474.6448	DATA	Keypress: v
474.7949	DATA	Keypress:v held
475.4803	DATA	Keypress: t
475.7976	DATA	Keypress:t held
475.9817	DATA	Keypress: v
476.4831	DATA	Keypress: v
476.7338	DATA	Keypress: v
476.8003	DATA	Keypress:v held
477.6196	DATA	Keypress: v
477.8031	DATA	Keypress:v held
477.8534	DATA	Keypress: v
478.4885	DATA	Keypress: t
478.8058	DATA	Keypress:t held
479.0401	DATA	Keypress: t
479.7753	DATA	Keypress: t
479.8086	DATA	Keypress:t held
480.0093	DATA	Keypress: t
480.5776	DATA	Keypress: v
480.8113	DATA	Keypress:v held
480.8113	DATA	earn v
480.8863	DATA	Keypress: v
482.2990	DATA	Keypress: v
482.6666	DATA	Keypress: t
482.9342	DATA	Keypress: t
483.0173	DATA	Keypress:t held
483.0173	DATA	earn t
483.6361	DATA	Keypress: v
483.9369	DATA	Keypress: v
484.2247	DATA	Keypress: v
484.7557	DATA	Keypress: t
485.2237	DATA	Keypress: v
485.2401	DATA	Keypress:v held
485.5411	DATA	Keypress: v
485.7584	DATA	Keypress: v
486.0258	DATA	Keypress: v
486.2428	DATA	Keypress:v held
487.4464	DATA	Keypress: v
487.4628	DATA	Keypress:v held
487.7305	DATA	Keypress: v
487.9645	DATA	Keypress: v
488.1985	DATA	Keypress: v
488.4656	DATA	Keypress:v held
488.7833	DATA	Keypress: t
489.2680	DATA	Keypress: v
489.4683	DATA	Keypress:v held
489.4683	DATA	earn v
489.5430	DATA	Keypress: v
489.7694	DATA	Keypress: v
490.3710	DATA	Keypress: v
491.3572	DATA	Keypress: v
491.6245	DATA	Keypress: v
491.7245	DATA	Keypress:v held
491.7245	DATA	earn v
491.8251	DATA	Keypress: v
493.4130	DATA	Keypress: t
493.7803	DATA	Keypress: t
493.9472	DATA	Keypress:t held
494.0309	DATA	Keypress: t
494.3820	DATA	Keypress: v
494.6494	DATA	Keypress: v
494.8500	DATA	Keypress: v
494.9499	DATA	Keypress:v held
495.4349	DATA	Keypress: v
495.9527	DATA	Keypress:v held
496.2204	DATA	Keypress: t
496.6382	DATA	Keypress: v
496.9055	DATA	Keypress: v
496.9554	DATA	Keypress:v held
497.1060	DATA	Keypress: v
497.6242	DATA	Keypress: t
497.9581	DATA	Keypress:t held
498.0421	DATA	Keypress: v
498.8442	DATA	Keypress: v
498.9609	DATA	Keypress:v held
499.6297	DATA	Keypress: v
499.9636	DATA	Keypress:v held
499.9636	DATA	earn v
500.8163	DATA	Keypress: t
501.5182	DATA	Keypress: t
501.7855	DATA	Keypress: t
502.0363	DATA	Keypress: t
502.1863	DATA	Keypress:t held
502.5376	DATA	Keypress: v
503.1891	DATA	Keypress:v held
503.3231	DATA	Keypress: v
503.7410	DATA	Keypress: v
503.9749	DATA	Keypress: v
504.1919	DATA	Keypress:v held
504.9507	DATA	start rating L
504.9563	DATA	Keypress: t
508.0582	DATA	Keypress: left
508.6777	DATA	Keypress: left
510.0633	DATA	Keypress: t
512.2209	DATA	Keypress: return
512.2359	DATA	RatingScale rateL_scale: (key response) rating=2
512.2359	DATA	RatingScale rateL_scale: rating RT=7.285
512.2362	DATA	2.0
512.2362	DATA	end rating L
512.2414	DATA	start rating R
513.5061	DATA	Keypress: v
513.9089	DATA	Keypress: v
518.2861	DATA	Keypress: return
518.2863	DATA	RatingScale rateR_scale: (key response) rating=6
518.2864	DATA	RatingScale rateR_scale: rating RT=6.045
518.2866	DATA	6.0
518.2873	DATA	end rating R
519.5842	DATA	Keypress: t
519.6006	DATA	Keypress:t held
519.8682	DATA	Keypress: t
520.0688	DATA	Keypress: t
520.6034	DATA	Keypress:t held
520.8709	DATA	Keypress: t
521.1886	DATA	Keypress: t
521.4391	DATA	Keypress: t
521.6061	DATA	Keypress:t held
521.9741	DATA	Keypress: t
522.2248	DATA	Keypress: t
522.4252	DATA	Keypress: t
522.6088	DATA	Keypress:t held
522.7596	DATA	Keypress: t
523.0102	DATA	Keypress: t
523.5784	DATA	Keypress: v
523.6116	DATA	Keypress:v held
524.0130	DATA	Keypress: t
524.4474	DATA	Keypress: t
524.6143	DATA	Keypress:t held
524.6480	DATA	Keypress: t
525.0658	DATA	Keypress: v
525.4503	DATA	Keypress: t
525.6171	DATA	Keypress:t held
525.6842	DATA	Keypress: t
525.8848	DATA	Keypress: t
526.0852	DATA	Keypress: t
526.5198	DATA	Keypress: v
526.6198	DATA	Keypress:v held
526.6199	DATA	earn v
526.9043	DATA	Keypress: t
528.0408	DATA	Keypress: t
528.4751	DATA	Keypress: t
528.8927	DATA	Keypress:t held
528.9599	DATA	Keypress: v
529.3943	DATA	Keypress: v
529.7286	DATA	Keypress: v
529.8954	DATA	Keypress:v held
529.9959	DATA	Keypress: v
530.3804	DATA	Keypress: t
530.7146	DATA	Keypress: t
530.8981	DATA	Keypress:t held
530.9319	DATA	Keypress: t
531.5003	DATA	Keypress: v
531.9009	DATA	Keypress:v held
531.9680	DATA	Keypress: v
532.2187	DATA	Keypress: v
532.7201	DATA	Keypress: v
532.9036	DATA	Keypress:v held
533.2382	DATA	Keypress: t
533.5390	DATA	Keypress: t
533.7562	DATA	Keypress: t
533.9063	DATA	Keypress:t held
533.9902	DATA	Keypress: t
534.2409	DATA	Keypress: t
534.6754	DATA	Keypress: t
534.9091	DATA	Keypress:t held
534.9262	DATA	Keypress: t
535.3105	DATA	Keypress: v
535.5612	DATA	Keypress: v
535.9119	DATA	Keypress:v held
535.9456	DATA	Keypress: v
536.1962	DATA	Keypress: v
536.6642	DATA	Keypress: v
536.9146	DATA	Keypress:v held
537.2827	DATA	Keypress: t
537.5500	DATA	Keypress: t
537.7840	DATA	Keypress: t
537.9174	DATA	Keypress:t held
537.9174	DATA	earn t
538.0013	DATA	Keypress: t
538.8535	DATA	Keypress: t
539.1616	DATA	Keypress: t
539.3882	DATA	Keypress: t
539.8228	DATA	Keypress: v
540.0568	DATA	Keypress: v
540.1735	DATA	Keypress:v held
540.2740	DATA	Keypress: v
541.0763	DATA	Keypress: t
541.1762	DATA	Keypress:t held
541.1762	DATA	earn t
541.8786	DATA	Keypress: v
542.4240	DATA	Keypress: v
542.7142	DATA	Keypress: t
542.9483	DATA	Keypress: t
543.1987	DATA	Keypress: t
543.4324	DATA	Keypress:t held
543.6332	DATA	Keypress: v
543.8672	DATA	Keypress: v
544.1011	DATA	Keypress: v
544.4352	DATA	Keypress:v held
544.4855	DATA	Keypress: t
544.7363	DATA	Keypress: t
544.9703	DATA	Keypress: t
545.3045	DATA	Keypress: v
545.4379	DATA	Keypress:v held
545.5385	DATA	Keypress: v
546.4406	DATA	Keypress:v held
546.7585	DATA	Keypress: t
547.0092	DATA	Keypress: t
547.2263	DATA	Keypress: t
547.4434	DATA	Keypress:t held
547.4434	DATA	earn t
548.0288	DATA	Keypress: v
548.2961	DATA	Keypress: v
548.8810	DATA	Keypress: t
549.0647	DATA	Keypress: t
549.2988	DATA	Keypress: t
549.6995	DATA	Keypress:t held
549.6997	DATA	Keypress: v
549.9170	DATA	Keypress: v
550.1343	DATA	Keypress: v
550.5020	DATA	Keypress: t
550.7023	DATA	Keypress:t held
550.7861	DATA	Keypress: t
551.3710	DATA	Keypress: t
551.6886	DATA	Keypress: t
551.7050	DATA	Keypress:t held
552.3070	DATA	Keypress: t
552.5744	DATA	Keypress: t
552.7077	DATA	Keypress:t held
552.7078	DATA	earn t
553.0257	DATA	Keypress: v
553.4601	DATA	Keypress: v
553.9626	DATA	Keypress: v
553.9781	DATA	Keypress: v
554.2288	DATA	Keypress: v
554.7469	DATA	Keypress: v
554.9639	DATA	Keypress:v held
554.9640	DATA	earn v
555.2986	DATA	Keypress: t
555.5660	DATA	Keypress: t
556.2228	DATA	Keypress: t
556.6856	DATA	Keypress: v
557.0866	DATA	Keypress: v
557.2368	DATA	Keypress:v held
557.7218	DATA	Keypress: v
558.1228	DATA	Keypress: v
558.2395	DATA	Keypress:v held
558.6243	DATA	Keypress: t
558.8749	DATA	Keypress: t
559.1089	DATA	Keypress: t
559.2423	DATA	Keypress:t held
559.6937	DATA	Keypress: v
560.2450	DATA	Keypress:v held
560.4626	DATA	Keypress: v
560.8302	DATA	Keypress: v
561.1978	DATA	Keypress: t
561.2477	DATA	Keypress:t held
561.5158	DATA	Keypress: t
561.8998	DATA	Keypress: v
562.1506	DATA	Keypress: v
562.2505	DATA	Keypress:v held
562.5516	DATA	Keypress: t
563.0864	DATA	Keypress: t
563.2532	DATA	Keypress:t held
563.3872	DATA	Keypress: t
563.7884	DATA	Keypress: v
564.0390	DATA	Keypress: v
564.2560	DATA	Keypress:v held
564.4736	DATA	Keypress: t
564.8412	DATA	Keypress: t
565.2587	DATA	Keypress:t held
565.2588	DATA	earn t
566.5520	DATA	Keypress: v
567.1308	DATA	Keypress: v
567.3982	DATA	Keypress: v
567.5651	DATA	Keypress:v held
567.9497	DATA	Keypress: v
568.3341	DATA	Keypress: t
568.5678	DATA	Keypress:t held
568.6850	DATA	Keypress: v
568.9524	DATA	Keypress: v
569.3868	DATA	Keypress: t
569.5705	DATA	Keypress:t held
569.8382	DATA	Keypress: v
570.0889	DATA	Keypress: v
570.5400	DATA	Keypress: t
570.5733	DATA	Keypress:t held
570.5733	DATA	earn t
570.8243	DATA	Keypress: t
572.4120	DATA	Keypress: t
572.6794	DATA	Keypress: t
572.8461	DATA	Keypress:t held
573.0803	DATA	Keypress: v
573.4481	DATA	Keypress: v
573.8489	DATA	Keypress:v held
573.8659	DATA	Keypress: t
574.2168	DATA	Keypress: v
574.5010	DATA	Keypress: v
574.8516	DATA	Keypress:v held
574.9355	DATA	Keypress: v
575.2864	DATA	Keypress: t
575.5876	DATA	Keypress: t
575.8212	DATA	Keypress: t
575.8543	DATA	Keypress:t held
576.0719	DATA	Keypress: t
576.7070	DATA	Keypress: t
576.8571	DATA	Keypress:t held
577.3755	DATA	Keypress: v
577.7598	DATA	Keypress: t
577.8598	DATA	Keypress:t held
578.0106	DATA	Keypress: t
578.6796	DATA	start rating L
578.6852	DATA	Keypress: t
578.8014	DATA	Keypress: t
582.4445	DATA	Keypress: right
582.6620	DATA	Keypress: right
582.8957	DATA	Keypress: right
583.5315	DATA	Keypress: right
583.7816	DATA	Keypress: right
584.6674	DATA	Keypress: v
584.8680	DATA	Keypress: v
585.4026	DATA	Keypress: v
585.6534	DATA	Keypress: v
588.7617	DATA	Keypress: return
588.7620	DATA	RatingScale rateL_scale: (key response) rating=6
588.7620	DATA	RatingScale rateL_scale: rating RT=10.082
588.7623	DATA	6.0
588.7623	DATA	end rating L
588.7675	DATA	start rating R
591.3523	DATA	Keypress: t
591.7704	DATA	Keypress: t
597.2684	DATA	Keypress: return
597.2686	DATA	RatingScale rateR_scale: (key response) rating=2
597.2686	DATA	RatingScale rateR_scale: rating RT=8.501
597.2689	DATA	2.0
597.2696	DATA	end rating R
